        6326ee1c MSVCR120!operator new+0x0000001d [f:ddvctoolscrtcrtw32heapnew.cpp @ 59]
        7748a048 Annots!PlugInMain+0x00006147
        7748a00b Annots!PlugInMain+0x0000610a
        7748daea Annots!PlugInMain+0x00009be9
        774890a1 Annots!PlugInMain+0x000051a0
        7748f546 Annots!PlugInMain+0x0000b645
        774a5069 Annots!PlugInMain+0x00021168
        7763d75e Annots!PlugInMain+0x001b985d
        515db634 EScript!mozilla::HashBytes+0x0004afd2
        515db51f EScript!mozilla::HashBytes+0x0004aebd
        7763d6ab Annots!PlugInMain+0x001b97aa
        774a5069 Annots!PlugInMain+0x00021168
        7763d75e Annots!PlugInMain+0x001b985d
        515db634 EScript!mozilla::HashBytes+0x0004afd2
        515db51f EScript!mozilla::HashBytes+0x0004aebd
        7763d6ab Annots!PlugInMain+0x001b97aa
        774a5069 Annots!PlugInMain+0x00021168
        774a4f71 Annots!PlugInMain+0x00021070
        7762aaa2 Annots!PlugInMain+0x001a6ba1
        7762aad8 Annots!PlugInMain+0x001a6bd7
        77626588 Annots!PlugInMain+0x001a2687
        7762af80 Annots!PlugInMain+0x001a707f
        51f8ab90 AcroRd32!AIDE::PixelPartInfo::operator=+0x000e3210
        515d267d EScript!mozilla::HashBytes+0x0004201b
        515b75b6 EScript!mozilla::HashBytes+0x00026f54
        515b17c2 EScript!mozilla::HashBytes+0x00021160
        515b05f0 EScript!mozilla::HashBytes+0x0001ff8e
在上面的调试日志中，我们在Annots!PluginMain+0x1bd3db处中断，发现eax作为参数传递给函数调用，其指向新分配的和未初始化的缓冲区。在启用页堆（Page
Heap）的情况下，分配内存中的内容会被填充为0xc0c0c0c0。  
在内存损坏后，代码和内存布局恰好符合漏洞利用者所需的要求，只需要调整环境变量的大小和内容，即可轻松控制eip：
    # set AAAAAAAAAAAAAAAAAAAAAAAAAAAAAAAA=AAAAAAAAAAAAAAAAAAAAAAAA....
    # cdb "c:Program FilesAdobeAcrobat Reader DCReaderAcroRd32.exe" "c:UsersuserDesktopjs_memcpy_min.pdf"
    Microsoft (R) Windows Debugger Version 10.0.15063.468 X86
    Copyright (c) Microsoft Corporation. All rights reserved.
    CommandLine: "c:Program FilesAdobeAcrobat Reader DCReaderAcroRd32.exe" "c:UsersuserDesktopjs_memcpy_min.pdf"
    Symbol search path is: srv*
    Executable search path is:
    ModLoad: 013b0000 015d5000   AcroRd32.exe
    ModLoad: 771b0000 772f2000   ntdll.dll
    ModLoad: 75d80000 75e55000   C:Windowssystem32kernel32.dll
    ModLoad: 75340000 7538b000   C:Windowssystem32KERNELBASE.dll
    ModLoad: 75690000 75759000   C:Windowssystem32USER32.dll
    ModLoad: 75400000 7544e000   C:Windowssystem32GDI32.dll
    ModLoad: 75f50000 75f5a000   C:Windowssystem32LPK.dll
    ModLoad: 75450000 754ed000   C:Windowssystem32USP10.dll
    ModLoad: 758d0000 7597c000   C:Windowssystem32msvcrt.dll
    ModLoad: 75f60000 76001000   C:Windowssystem32ADVAPI32.dll
    ModLoad: 761b0000 761c9000   C:WindowsSYSTEM32sechost.dll
    ModLoad: 75550000 755f2000   C:Windowssystem32RPCRT4.dll
    ModLoad: 75a40000 75a97000   C:Windowssystem32SHLWAPI.dll
    (8b0.3f8): Break instruction exception - code 80000003 (first chance)
    eax=00000000 ebx=00000000 ecx=001bf42c edx=771f6c74 esi=fffffffe edi=00000000
    eip=772505d9 esp=001bf448 ebp=001bf474 iopl=0         nv up ei pl zr na pe nc
    cs=001b  ss=0023  ds=0023  es=0023  fs=003b  gs=0000             efl=00000246
    ntdll!LdrpDoDebuggerBreak+0x2c:
    772505d9 cc              int     3
    0:000> g
    ModLoad: 75e60000 75e7f000   C:Windowssystem32IMM32.DLL
    ModLoad: 753f0000 753f6000   C:Windowssystem32NSI.dll
    (8b0.3f8): C++ EH exception - code e06d7363 (first chance)
    ModLoad: 74f60000 74fac000   C:Windowssystem32apphelp.dll
    ModLoad: 64a70000 64ac1000   c:Program FilesAdobeAcrobat Reader DCReadersqlite.dll
    (8b0.3f8): Access violation - code c0000005 (first chance)
    First chance exceptions are reported before any exception handling.
    This exception may be expected and handled.
    eax=046503d8 ebx=00000000 ecx=046503d8 edx=06672fc8 esi=03f75478 edi=0656ffe8
    eip=41414141 esp=001bc14c ebp=001bc174 iopl=0         nv up ei pl nz na pe nc
    cs=001b  ss=0023  ds=0023  es=0023  fs=003b  gs=0000             efl=00210206
    41414141 ??              ???
启用页堆后的崩溃输出如下：
    First chance exceptions are reported before any exception handling.
    This exception may be expected and handled.
    *** WARNING: Unable to verify checksum for c:Program FilesAdobeAcrobat Reader DCReaderplug_insAnnots.api
    *** ERROR: Symbol file could not be found.  Defaulted to export symbols for c:Program FilesAdobeAcrobat Reader DCReaderplug_insAnnots.api -    eax=011716ce ebx=00000002 ecx=011716cc edx=011716cc esi=00000002 edi=37561000
    eip=6326f26d esp=0016c6f0 ebp=0016c71c iopl=0         nv up ei pl nz ac po cy
    cs=001b  ss=0023  ds=0023  es=0023  fs=003b  gs=0000             efl=00210213
    MSVCR120!memcpy+0x2a:
    6326f26d f3a4            rep movs byte ptr es:[edi],byte ptr [esi]
    0:000> k
    ChildEBP RetAddr
    0016c6f4 7748e62e MSVCR120!memcpy+0x2a
    WARNING: Stack unwind information not available. Following frames may be wrong.
    0016c71c 7748e5a2 Annots!PlugInMain+0xa72d
    0016c744 7748e3c6 Annots!PlugInMain+0xa6a1
    0016c754 776412e1 Annots!PlugInMain+0xa4c5
    0016c764 774f7258 Annots!PlugInMain+0x1bd3e0
    *** WARNING: Unable to verify checksum for c:Program FilesAdobeAcrobat Reader DCReaderplug_insEScript.api
    *** ERROR: Symbol file could not be found.  Defaulted to export symbols for c:Program FilesAdobeAcrobat Reader DCReaderplug_insEScript.api -    0016c790 515bd6b2 Annots!PlugInMain+0x73357
    0016c800 515c1c35 EScript!mozilla::HashBytes+0x2d050
    0016c830 5159387b EScript!mozilla::HashBytes+0x315d3
    0016c8c0 515932df EScript!mozilla::HashBytes+0x3219
    0016c8dc 515bd21d EScript!mozilla::HashBytes+0x2c7d
    0016c928 515bd1b0 EScript!mozilla::HashBytes+0x2cbbb
    0016c944 515c1a3e EScript!mozilla::HashBytes+0x2cb4e
    0016c960 515c19d5 EScript!mozilla::HashBytes+0x313dc
    0016c990 515db61f EScript!mozilla::HashBytes+0x31373
    0016c9e4 515db51f EScript!mozilla::HashBytes+0x4afbd
    0016c9fc 7763d6c7 EScript!mozilla::HashBytes+0x4aebd
    0016ca3c 774a5069 Annots!PlugInMain+0x1b97c6
    0016ca5c 774a4f71 Annots!PlugInMain+0x21168
    0016ca9c 7763d663 Annots!PlugInMain+0x21070
    0016cadc 774a5069 Annots!PlugInMain+0x1b9762
    0016cafc 7763d75e Annots!PlugInMain+0x21168
    0016cb2c 515db634 Annots!PlugInMain+0x1b985d
###  3.5 时间线
2018年1月23日 向厂商提交漏洞；  
2018年5月15日 公开发布。
###  3.6 贡献者
该漏洞由思科Talos团队的Aleksandar Nikolic发现。
## 四、已知漏洞版本
Adobe Acrobat Reader DC 2018.009.20044