0345:000000C2 0A 0D 0A 0D 43 6F 6E 67 72 61 74 73 21 20 59 6F  ....Congrats! Yo
0345:000000D2 75 20 61 72 65 20 61 6C 6C 6F 77 65 64 20 74 6F  u are allowed to 
0345:000000E2 20 62 75 79 20 73 6F 6D 65 20 4B 49 50 4F 44 49   buy some KIPODI 
0345:000000F2 4D 21 0A 0D 59 6F 75 20 63 61 6E 20 64 6F 20 69  M!..You can do i 
0345:00000102 74 20 77 69 74 68 20 60 6E 63 20 63 74 66 2E 6B  t with `nc ctf.k 
0345:00000112 61 66 2E 73 68 20 36 30 30 30 60 0A 0D 24 0A 0D  af.sh 6000`..$..
```
To conclude, we need an 8-character string who's hash equals to 0xcfe1. We have the algorithm used to perform the hash, but if we use the debugger to extract runtime logs (by setting a breakpoint at the entry to the function (`bp cs:18`) and requesting the debugger to log the next `n` instructions (e.g. `log 110`)) we see something strange:
```assembly
0339:00000000  push bp                                                EAX:00000A68 EBX:000000C0 ECX:00000008 EDX:000000B4 ESI:00000050 EDI:00000100 EBP:0000091C ESP:000000F8 DS:0345 ES:0329 FS:0000 GS:0000 SS:0359 CF:0 ZF:0 SF:0 OF:0 AF:0 PF:0 IF:1
0339:00000001  mov  bp,sp                                             EAX:00000A68 EBX:000000C0 ECX:00000008 EDX:000000B4 ESI:00000050 EDI:00000100 EBP:0000091C ESP:000000F6 DS:0345 ES:0329 FS:0000 GS:0000 SS:0359 CF:0 ZF:0 SF:0 OF:0 AF:0 PF:0 IF:1
0339:00000003  mov  bx,[bp+06]                 ss:[00FC]=00B6         EAX:00000A68 EBX:000000C0 ECX:00000008 EDX:000000B4 ESI:00000050 EDI:00000100 EBP:000000F6 ESP:000000F6 DS:0345 ES:0329 FS:0000 GS:0000 SS:0359 CF:0 ZF:0 SF:0 OF:0 AF:0 PF:0 IF:1
0339:00000006  mov  cx,[bp+08]                 ss:[00FE]=0008         EAX:00000A68 EBX:000000B6 ECX:00000008 EDX:000000B4 ESI:00000050 EDI:00000100 EBP:000000F6 ESP:000000F6 DS:0345 ES:0329 FS:0000 GS:0000 SS:0359 CF:0 ZF:0 SF:0 OF:0 AF:0 PF:0 IF:1
0339:00000009  mov  al,[bx]                    ds:[00B6]=6261         EAX:00000A68 EBX:000000B6 ECX:00000008 EDX:000000B4 ESI:00000050 EDI:00000100 EBP:000000F6 ESP:000000F6 DS:0345 ES:0329 FS:0000 GS:0000 SS:0359 CF:0 ZF:0 SF:0 OF:0 AF:0 PF:0 IF:1
0339:0000000B  mov  ah,00                                             EAX:00000A61 EBX:000000B6 ECX:00000008 EDX:000000B4 ESI:00000050 EDI:00000100 EBP:000000F6 ESP:000000F6 DS:0345 ES:0329 FS:0000 GS:0000 SS:0359 CF:0 ZF:0 SF:0 OF:0 AF:0 PF:0 IF:1
0339:0000000D  push bx                                                EAX:00000061 EBX:000000B6 ECX:00000008 EDX:000000B4 ESI:00000050 EDI:00000100 EBP:000000F6 ESP:000000F6 DS:0345 ES:0329 FS:0000 GS:0000 SS:0359 CF:0 ZF:0 SF:0 OF:0 AF:0 PF:0 IF:1
0339:0000000E  mov  bx,[bp+04]                 ss:[00FA]=00C0         EAX:00000061 EBX:000000B6 ECX:00000008 EDX:000000B4 ESI:00000050 EDI:00000100 EBP:000000F6 ESP:000000F4 DS:0345 ES:0329 FS:0000 GS:0000 SS:0359 CF:0 ZF:0 SF:0 OF:0 AF:0 PF:0 IF:1
0339:00000011  shl  word [bx],1                ds:[00C0]=0000         EAX:00000061 EBX:000000C0 ECX:00000008 EDX:000000B4 ESI:00000050 EDI:00000100 EBP:000000F6 ESP:000000F4 DS:0345 ES:0329 FS:0000 GS:0000 SS:0359 CF:0 ZF:0 SF:0 OF:0 AF:0 PF:0 IF:1
0339:00000013  shl  word [bx],1                ds:[00C0]=0000         EAX:00000061 EBX:000000C0 ECX:00000008 EDX:000000B4 ESI:00000050 EDI:00000100 EBP:000000F6 ESP:000000F4 DS:0345 ES:0329 FS:0000 GS:0000 SS:0359 CF:0 ZF:1 SF:0 OF:0 AF:1 PF:1 IF:1
0339:00000015  add  [bx],ax                    ds:[00C0]=0000         EAX:00000061 EBX:000000C0 ECX:00000008 EDX:000000B4 ESI:00000050 EDI:00000100 EBP:000000F6 ESP:000000F4 DS:0345 ES:0329 FS:0000 GS:0000 SS:0359 CF:0 ZF:1 SF:0 OF:0 AF:1 PF:1 IF:1
0339:00000017  pop  bx                                                EAX:00000061 EBX:000000C0 ECX:00000008 EDX:000000B4 ESI:00000050 EDI:00000100 EBP:000000F6 ESP:000000F4 DS:0345 ES:0329 FS:0000 GS:0000 SS:0359 CF:0 ZF:0 SF:0 OF:0 AF:0 PF:0 IF:1
0339:00000018  inc  bx                                                EAX:00000061 EBX:000000B6 ECX:00000008 EDX:000000B4 ESI:00000050 EDI:00000100 EBP:000000F6 ESP:000000F6 DS:0345 ES:0329 FS:0000 GS:0000 SS:0359 CF:0 ZF:0 SF:0 OF:0 AF:0 PF:0 IF:1
0339:00000019  dec  cx                                                EAX:00000061 EBX:000000B7 ECX:00000008 EDX:000000B4 ESI:00000050 EDI:00000100 EBP:000000F6 ESP:000000F6 DS:0345 ES:0329 FS:0000 GS:0000 SS:0359 CF:0 ZF:0 SF:0 OF:0 AF:0 PF:1 IF:1
0339:0000001A  cmp  cx,0000                                           EAX:00000061 EBX:000000B7 ECX:00000007 EDX:000000B4 ESI:00000050 EDI:00000100 EBP:000000F6 ESP:000000F6 DS:0345 ES:0329 FS:0000 GS:0000 SS:0359 CF:0 ZF:0 SF:0 OF:0 AF:0 PF:0 IF:1
0339:0000001D  jne  00000009 ($-16)            (up)                   EAX:00000061 EBX:000000B7 ECX:00000007 EDX:000000B4 ESI:00000050 EDI:00000100 EBP:000000F6 ESP:000000F6 DS:0345 ES:0329 FS:0000 GS:0000 SS:0359 CF:0 ZF:0 SF:0 OF:0 AF:0 PF:0 IF:1
0339:00000009  mov  al,[bx]                    ds:[00B7]=6362         EAX:00000061 EBX:000000B7 ECX:00000007 EDX:000000B4 ESI:00000050 EDI:00000100 EBP:000000F6 ESP:000000F6 DS:0345 ES:0329 FS:0000 GS:0000 SS:0359 CF:0 ZF:0 SF:0 OF:0 AF:0 PF:0 IF:1
0339:0000000B  mov  ah,00                                             EAX:00000062 EBX:000000B7 ECX:00000007 EDX:000000B4 ESI:00000050 EDI:00000100 EBP:000000F6 ESP:000000F6 DS:0345 ES:0329 FS:0000 GS:0000 SS:0359 CF:0 ZF:0 SF:0 OF:0 AF:0 PF:0 IF:1
0339:0000000D  push bx                                                EAX:00000062 EBX:000000B7 ECX:00000007 EDX:000000B4 ESI:00000050 EDI:00000100 EBP:000000F6 ESP:000000F6 DS:0345 ES:0329 FS:0000 GS:0000 SS:0359 CF:0 ZF:0 SF:0 OF:0 AF:0 PF:0 IF:1
0339:0000000E  mov  bx,[bp+04]                 ss:[00FA]=00C0         EAX:00000062 EBX:000000B7 ECX:00000007 EDX:000000B4 ESI:00000050 EDI:00000100 EBP:000000F6 ESP:000000F4 DS:0345 ES:0329 FS:0000 GS:0000 SS:0359 CF:0 ZF:0 SF:0 OF:0 AF:0 PF:0 IF:1
0339:00000011  shl  word [bx],1                ds:[00C0]=0061         EAX:00000062 EBX:000000C0 ECX:00000007 EDX:000000B4 ESI:00000050 EDI:00000100 EBP:000000F6 ESP:000000F4 DS:0345 ES:0329 FS:0000 GS:0000 SS:0359 CF:0 ZF:0 SF:0 OF:0 AF:0 PF:0 IF:1
0339:00000013  shl  word [bx],1                ds:[00C0]=00C2         EAX:00000062 EBX:000000C0 ECX:00000007 EDX:000000B4 ESI:00000050 EDI:00000100 EBP:000000F6 ESP:000000F4 DS:0345 ES:0329 FS:0000 GS:0000 SS:0359 CF:0 ZF:0 SF:0 OF:0 AF:1 PF:0 IF:1
0339:00000015  add  [bx],ax                    ds:[00C0]=0184         EAX:00000062 EBX:000000C0 ECX:00000007 EDX:000000B4 ESI:00000050 EDI:00000100 EBP:000000F6 ESP:000000F4 DS:0345 ES:0329 FS:0000 GS:0000 SS:0359 CF:0 ZF:0 SF:0 OF:0 AF:1 PF:0 IF:1
0339:00000017  pop  bx                                                EAX:00000062 EBX:000000C0 ECX:00000007 EDX:000000B4 ESI:00000050 EDI:00000100 EBP:000000F6 ESP:000000F4 DS:0345 ES:0329 FS:0000 GS:0000 SS:0359 CF:0 ZF:0 SF:0 OF:0 AF:0 PF:0 IF:1
0339:00000018  inc  bx                                                EAX:00000062 EBX:000000B7 ECX:00000007 EDX:000000B4 ESI:00000050 EDI:00000100 EBP:000000F6 ESP:000000F6 DS:0345 ES:0329 FS:0000 GS:0000 SS:0359 CF:0 ZF:0 SF:0 OF:0 AF:0 PF:0 IF:1
0339:00000019  dec  cx                                                EAX:00000062 EBX:000000B8 ECX:00000007 EDX:000000B4 ESI:00000050 EDI:00000100 EBP:000000F6 ESP:000000F6 DS:0345 ES:0329 FS:0000 GS:0000 SS:0359 CF:0 ZF:0 SF:0 OF:0 AF:0 PF:1 IF:1
0339:0000001A  cmp  cx,0000                                           EAX:00000062 EBX:000000B8 ECX:00000006 EDX:000000B4 ESI:00000050 EDI:00000100 EBP:000000F6 ESP:000000F6 DS:0345 ES:0329 FS:0000 GS:0000 SS:0359 CF:0 ZF:0 SF:0 OF:0 AF:0 PF:1 IF:1
0339:0000001D  jne  00000009 ($-16)            (up)                   EAX:00000062 EBX:000000B8 ECX:00000006 EDX:000000B4 ESI:00000050 EDI:00000100 EBP:000000F6 ESP:000000F6 DS:0345 ES:0329 FS:0000 GS:0000 SS:0359 CF:0 ZF:0 SF:0 OF:0 AF:0 PF:1 IF:1
0339:00000009  mov  al,[bx]                    ds:[00B8]=6463         EAX:00000062 EBX:000000B8 ECX:00000006 EDX:000000B4 ESI:00000050 EDI:00000100 EBP:000000F6 ESP:000000F6 DS:0345 ES:0329 FS:0000 GS:0000 SS:0359 CF:0 ZF:0 SF:0 OF:0 AF:0 PF:1 IF:1
0339:0000000B  mov  ah,00                                             EAX:00000063 EBX:000000B8 ECX:00000006 EDX:000000B4 ESI:00000050 EDI:00000100 EBP:000000F6 ESP:000000F6 DS:0345 ES:0329 FS:0000 GS:0000 SS:0359 CF:0 ZF:0 SF:0 OF:0 AF:0 PF:1 IF:1
0339:0000000D  push bx                                                EAX:00000063 EBX:000000B8 ECX:00000006 EDX:000000B4 ESI:00000050 EDI:00000100 EBP:000000F6 ESP:000000F6 DS:0345 ES:0329 FS:0000 GS:0000 SS:0359 CF:0 ZF:0 SF:0 OF:0 AF:0 PF:1 IF:1
0339:0000000E  mov  bx,[bp+04]                 ss:[00FA]=00C0         EAX:00000063 EBX:000000B8 ECX:00000006 EDX:000000B4 ESI:00000050 EDI:00000100 EBP:000000F6 ESP:000000F4 DS:0345 ES:0329 FS:0000 GS:0000 SS:0359 CF:0 ZF:0 SF:0 OF:0 AF:0 PF:1 IF:1
0339:00000011  shl  word [bx],1                ds:[00C0]=01E6         EAX:00000063 EBX:000000C0 ECX:00000006 EDX:000000B4 ESI:00000050 EDI:00000100 EBP:000000F6 ESP:000000F4 DS:0345 ES:0329 FS:0000 GS:0000 SS:0359 CF:0 ZF:0 SF:0 OF:0 AF:0 PF:1 IF:1
0339:00000013  shl  word [bx],1                ds:[00C0]=03CC         EAX:00000063 EBX:000000C0 ECX:00000006 EDX:000000B4 ESI:00000050 EDI:00000100 EBP:000000F6 ESP:000000F4 DS:0345 ES:0329 FS:0000 GS:0000 SS:0359 CF:0 ZF:0 SF:0 OF:0 AF:1 PF:1 IF:1
0339:00000015  add  [bx],ax                    ds:[00C0]=0798         EAX:00000063 EBX:000000C0 ECX:00000006 EDX:000000B4 ESI:00000050 EDI:00000100 EBP:000000F6 ESP:000000F4 DS:0345 ES:0329 FS:0000 GS:0000 SS:0359 CF:0 ZF:0 SF:0 OF:0 AF:1 PF:1 IF:1
0339:00000017  pop  bx                                                EAX:00000063 EBX:000000C0 ECX:00000006 EDX:000000B4 ESI:00000050 EDI:00000100 EBP:000000F6 ESP:000000F4 DS:0345 ES:0329 FS:0000 GS:0000 SS:0359 CF:0 ZF:0 SF:0 OF:0 AF:0 PF:1 IF:1
0339:00000018  inc  bx                                                EAX:00000063 EBX:000000B8 ECX:00000006 EDX:000000B4 ESI:00000050 EDI:00000100 EBP:000000F6 ESP:000000F6 DS:0345 ES:0329 FS:0000 GS:0000 SS:0359 CF:0 ZF:0 SF:0 OF:0 AF:0 PF:1 IF:1
0339:00000019  dec  cx                                                EAX:00000063 EBX:000000B9 ECX:00000006 EDX:000000B4 ESI:00000050 EDI:00000100 EBP:000000F6 ESP:000000F6 DS:0345 ES:0329 FS:0000 GS:0000 SS:0359 CF:0 ZF:0 SF:0 OF:0 AF:0 PF:0 IF:1
0339:0000001A  cmp  cx,0000                                           EAX:00000063 EBX:000000B9 ECX:00000005 EDX:000000B4 ESI:00000050 EDI:00000100 EBP:000000F6 ESP:000000F6 DS:0345 ES:0329 FS:0000 GS:0000 SS:0359 CF:0 ZF:0 SF:0 OF:0 AF:0 PF:1 IF:1
0339:0000001D  jne  00000009 ($-16)            (up)                   EAX:00000063 EBX:000000B9 ECX:00000005 EDX:000000B4 ESI:00000050 EDI:00000100 EBP:000000F6 ESP:000000F6 DS:0345 ES:0329 FS:0000 GS:0000 SS:0359 CF:0 ZF:0 SF:0 OF:0 AF:0 PF:1 IF:1
0339:00000009  mov  al,[bx]                    ds:[00B9]=6564         EAX:00000063 EBX:000000B9 ECX:00000005 EDX:000000B4 ESI:00000050 EDI:00000100 EBP:000000F6 ESP:000000F6 DS:0345 ES:0329 FS:0000 GS:0000 SS:0359 CF:0 ZF:0 SF:0 OF:0 AF:0 PF:1 IF:1
0339:0000000B  mov  ah,00                                             EAX:00000064 EBX:000000B9 ECX:00000005 EDX:000000B4 ESI:00000050 EDI:00000100 EBP:000000F6 ESP:000000F6 DS:0345 ES:0329 FS:0000 GS:0000 SS:0359 CF:0 ZF:0 SF:0 OF:0 AF:0 PF:1 IF:1
0339:0000000D  push bx                                                EAX:00000064 EBX:000000B9 ECX:00000005 EDX:000000B4 ESI:00000050 EDI:00000100 EBP:000000F6 ESP:000000F6 DS:0345 ES:0329 FS:0000 GS:0000 SS:0359 CF:0 ZF:0 SF:0 OF:0 AF:0 PF:1 IF:1
0339:0000000E  mov  bx,[bp+04]                 ss:[00FA]=00C0         EAX:00000064 EBX:000000B9 ECX:00000005 EDX:000000B4 ESI:00000050 EDI:00000100 EBP:000000F6 ESP:000000F4 DS:0345 ES:0329 FS:0000 GS:0000 SS:0359 CF:0 ZF:0 SF:0 OF:0 AF:0 PF:1 IF:1
0339:00000011  shl  word [bx],1                ds:[00C0]=07FB         EAX:00000064 EBX:000000C0 ECX:00000005 EDX:000000B4 ESI:00000050 EDI:00000100 EBP:000000F6 ESP:000000F4 DS:0345 ES:0329 FS:0000 GS:0000 SS:0359 CF:0 ZF:0 SF:0 OF:0 AF:0 PF:1 IF:1
0339:00000013  shl  word [bx],1                ds:[00C0]=0FF6         EAX:00000064 EBX:000000C0 ECX:00000005 EDX:000000B4 ESI:00000050 EDI:00000100 EBP:000000F6 ESP:000000F4 DS:0345 ES:0329 FS:0000 GS:0000 SS:0359 CF:0 ZF:0 SF:0 OF:0 AF:1 PF:1 IF:1
0339:00000015  add  [bx],ax                    ds:[00C0]=1FEC         EAX:00000064 EBX:000000C0 ECX:00000005 EDX:000000B4 ESI:00000050 EDI:00000100 EBP:000000F6 ESP:000000F4 DS:0345 ES:0329 FS:0000 GS:0000 SS:0359 CF:0 ZF:0 SF:0 OF:0 AF:1 PF:1 IF:1
0339:00000017  pop  bx                                                EAX:00000064 EBX:000000C0 ECX:00000005 EDX:000000B4 ESI:00000050 EDI:00000100 EBP:000000F6 ESP:000000F4 DS:0345 ES:0329 FS:0000 GS:0000 SS:0359 CF:0 ZF:0 SF:0 OF:0 AF:1 PF:0 IF:1
0339:00000018  inc  bx                                                EAX:00000064 EBX:000000B9 ECX:00000005 EDX:000000B4 ESI:00000050 EDI:00000100 EBP:000000F6 ESP:000000F6 DS:0345 ES:0329 FS:0000 GS:0000 SS:0359 CF:0 ZF:0 SF:0 OF:0 AF:1 PF:0 IF:1
0339:00000019  dec  cx                                                EAX:00000064 EBX:000000BA ECX:00000005 EDX:000000B4 ESI:00000050 EDI:00000100 EBP:000000F6 ESP:000000F6 DS:0345 ES:0329 FS:0000 GS:0000 SS:0359 CF:0 ZF:0 SF:0 OF:0 AF:0 PF:0 IF:1
0339:0000001A  cmp  cx,0000                                           EAX:00000064 EBX:000000BA ECX:00000004 EDX:000000B4 ESI:00000050 EDI:00000100 EBP:000000F6 ESP:000000F6 DS:0345 ES:0329 FS:0000 GS:0000 SS:0359 CF:0 ZF:0 SF:0 OF:0 AF:0 PF:0 IF:1
0339:0000001D  jne  00000009 ($-16)            (up)                   EAX:00000064 EBX:000000BA ECX:00000004 EDX:000000B4 ESI:00000050 EDI:00000100 EBP:000000F6 ESP:000000F6 DS:0345 ES:0329 FS:0000 GS:0000 SS:0359 CF:0 ZF:0 SF:0 OF:0 AF:0 PF:0 IF:1
0339:00000009  mov  al,[bx]                    ds:[00BA]=6665         EAX:00000064 EBX:000000BA ECX:00000004 EDX:000000B4 ESI:00000050 EDI:00000100 EBP:000000F6 ESP:000000F6 DS:0345 ES:0329 FS:0000 GS:0000 SS:0359 CF:0 ZF:0 SF:0 OF:0 AF:0 PF:0 IF:1
0339:0000000B  mov  ah,00                                             EAX:00000065 EBX:000000BA ECX:00000004 EDX:000000B4 ESI:00000050 EDI:00000100 EBP:000000F6 ESP:000000F6 DS:0345 ES:0329 FS:0000 GS:0000 SS:0359 CF:0 ZF:0 SF:0 OF:0 AF:0 PF:0 IF:1
0339:0000000D  push bx                                                EAX:00000065 EBX:000000BA ECX:00000004 EDX:000000B4 ESI:00000050 EDI:00000100 EBP:000000F6 ESP:000000F6 DS:0345 ES:0329 FS:0000 GS:0000 SS:0359 CF:0 ZF:0 SF:0 OF:0 AF:0 PF:0 IF:1
0339:0000000E  mov  bx,[bp+04]                 ss:[00FA]=00C0         EAX:00000065 EBX:000000BA ECX:00000004 EDX:000000B4 ESI:00000050 EDI:00000100 EBP:000000F6 ESP:000000F4 DS:0345 ES:0329 FS:0000 GS:0000 SS:0359 CF:0 ZF:0 SF:0 OF:0 AF:0 PF:0 IF:1
0339:00000011  shl  word [bx],1                ds:[00C0]=2050         EAX:00000065 EBX:000000C0 ECX:00000004 EDX:000000B4 ESI:00000050 EDI:00000100 EBP:000000F6 ESP:000000F4 DS:0345 ES:0329 FS:0000 GS:0000 SS:0359 CF:0 ZF:0 SF:0 OF:0 AF:0 PF:0 IF:1
0339:00000013  shl  word [bx],1                ds:[00C0]=40A0         EAX:00000065 EBX:000000C0 ECX:00000004 EDX:000000B4 ESI:00000050 EDI:00000100 EBP:000000F6 ESP:000000F4 DS:0345 ES:0329 FS:0000 GS:0000 SS:0359 CF:0 ZF:0 SF:0 OF:0 AF:1 PF:0 IF:1
0339:00000015  add  [bx],ax                    ds:[00C0]=8140         EAX:00000065 EBX:000000C0 ECX:00000004 EDX:000000B4 ESI:00000050 EDI:00000100 EBP:000000F6 ESP:000000F4 DS:0345 ES:0329 FS:0000 GS:0000 SS:0359 CF:0 ZF:0 SF:1 OF:1 AF:1 PF:0 IF:1
0339:00000017  pop  bx                                                EAX:00000065 EBX:000000C0 ECX:00000004 EDX:000000B4 ESI:00000050 EDI:00000100 EBP:000000F6 ESP:000000F4 DS:0345 ES:0329 FS:0000 GS:0000 SS:0359 CF:0 ZF:0 SF:1 OF:0 AF:0 PF:1 IF:1
0339:00000018  inc  bx                                                EAX:00000065 EBX:000000BA ECX:00000004 EDX:000000B4 ESI:00000050 EDI:00000100 EBP:000000F6 ESP:000000F6 DS:0345 ES:0329 FS:0000 GS:0000 SS:0359 CF:0 ZF:0 SF:1 OF:0 AF:0 PF:1 IF:1
0339:00000019  dec  cx                                                EAX:00000065 EBX:000000BB ECX:00000004 EDX:000000B4 ESI:00000050 EDI:00000100 EBP:000000F6 ESP:000000F6 DS:0345 ES:0329 FS:0000 GS:0000 SS:0359 CF:0 ZF:0 SF:0 OF:0 AF:0 PF:1 IF:1
0339:0000001A  cmp  cx,0000                                           EAX:00000065 EBX:000000BB ECX:00000003 EDX:000000B4 ESI:00000050 EDI:00000100 EBP:000000F6 ESP:000000F6 DS:0345 ES:0329 FS:0000 GS:0000 SS:0359 CF:0 ZF:0 SF:0 OF:0 AF:0 PF:1 IF:1
0339:0000001D  jne  00000009 ($-16)            (up)                   EAX:00000065 EBX:000000BB ECX:00000003 EDX:000000B4 ESI:00000050 EDI:00000100 EBP:000000F6 ESP:000000F6 DS:0345 ES:0329 FS:0000 GS:0000 SS:0359 CF:0 ZF:0 SF:0 OF:0 AF:0 PF:1 IF:1
0339:00000009  mov  al,[bx]                    ds:[00BB]=6766         EAX:00000065 EBX:000000BB ECX:00000003 EDX:000000B4 ESI:00000050 EDI:00000100 EBP:000000F6 ESP:000000F6 DS:0345 ES:0329 FS:0000 GS:0000 SS:0359 CF:0 ZF:0 SF:0 OF:0 AF:0 PF:1 IF:1
0339:0000000B  mov  ah,00                                             EAX:00000066 EBX:000000BB ECX:00000003 EDX:000000B4 ESI:00000050 EDI:00000100 EBP:000000F6 ESP:000000F6 DS:0345 ES:0329 FS:0000 GS:0000 SS:0359 CF:0 ZF:0 SF:0 OF:0 AF:0 PF:1 IF:1
0339:0000000D  push bx                                                EAX:00000066 EBX:000000BB ECX:00000003 EDX:000000B4 ESI:00000050 EDI:00000100 EBP:000000F6 ESP:000000F6 DS:0345 ES:0329 FS:0000 GS:0000 SS:0359 CF:0 ZF:0 SF:0 OF:0 AF:0 PF:1 IF:1
0339:0000000E  mov  bx,[bp+04]                 ss:[00FA]=00C0         EAX:00000066 EBX:000000BB ECX:00000003 EDX:000000B4 ESI:00000050 EDI:00000100 EBP:000000F6 ESP:000000F4 DS:0345 ES:0329 FS:0000 GS:0000 SS:0359 CF:0 ZF:0 SF:0 OF:0 AF:0 PF:1 IF:1
0339:00000011  shl  word [bx],1                ds:[00C0]=81A5         EAX:00000066 EBX:000000C0 ECX:00000003 EDX:000000B4 ESI:00000050 EDI:00000100 EBP:000000F6 ESP:000000F4 DS:0345 ES:0329 FS:0000 GS:0000 SS:0359 CF:0 ZF:0 SF:0 OF:0 AF:0 PF:1 IF:1
0339:00000013  shl  word [bx],1                ds:[00C0]=034A         EAX:00000066 EBX:000000C0 ECX:00000003 EDX:000000B4 ESI:00000050 EDI:00000100 EBP:000000F6 ESP:000000F4 DS:0345 ES:0329 FS:0000 GS:0000 SS:0359 CF:1 ZF:0 SF:0 OF:1 AF:1 PF:0 IF:1
0339:00000015  add  [bx],ax                    ds:[00C0]=0694         EAX:00000066 EBX:000000C0 ECX:00000003 EDX:000000B4 ESI:00000050 EDI:00000100 EBP:000000F6 ESP:000000F4 DS:0345 ES:0329 FS:0000 GS:0000 SS:0359 CF:0 ZF:0 SF:0 OF:0 AF:1 PF:0 IF:1
0339:00000017  pop  bx                                                EAX:00000066 EBX:000000C0 ECX:00000003 EDX:000000B4 ESI:00000050 EDI:00000100 EBP:000000F6 ESP:000000F4 DS:0345 ES:0329 FS:0000 GS:0000 SS:0359 CF:0 ZF:0 SF:0 OF:0 AF:0 PF:1 IF:1
0339:00000018  inc  bx                                                EAX:00000066 EBX:000000BB ECX:00000003 EDX:000000B4 ESI:00000050 EDI:00000100 EBP:000000F6 ESP:000000F6 DS:0345 ES:0329 FS:0000 GS:0000 SS:0359 CF:0 ZF:0 SF:0 OF:0 AF:0 PF:1 IF:1
0339:00000019  dec  cx                                                EAX:00000066 EBX:000000BC ECX:00000003 EDX:000000B4 ESI:00000050 EDI:00000100 EBP:000000F6 ESP:000000F6 DS:0345 ES:0329 FS:0000 GS:0000 SS:0359 CF:0 ZF:0 SF:0 OF:0 AF:0 PF:0 IF:1
0339:0000001A  cmp  cx,0000                                           EAX:00000066 EBX:000000BC ECX:00000002 EDX:000000B4 ESI:00000050 EDI:00000100 EBP:000000F6 ESP:000000F6 DS:0345 ES:0329 FS:0000 GS:0000 SS:0359 CF:0 ZF:0 SF:0 OF:0 AF:0 PF:0 IF:1
0339:0000001D  jne  00000009 ($-16)            (up)                   EAX:00000066 EBX:000000BC ECX:00000002 EDX:000000B4 ESI:00000050 EDI:00000100 EBP:000000F6 ESP:000000F6 DS:0345 ES:0329 FS:0000 GS:0000 SS:0359 CF:0 ZF:0 SF:0 OF:0 AF:0 PF:0 IF:1
0339:00000009  mov  al,[bx]                    ds:[00BC]=6867         EAX:00000066 EBX:000000BC ECX:00000002 EDX:000000B4 ESI:00000050 EDI:00000100 EBP:000000F6 ESP:000000F6 DS:0345 ES:0329 FS:0000 GS:0000 SS:0359 CF:0 ZF:0 SF:0 OF:0 AF:0 PF:0 IF:1
0339:0000000B  mov  ah,00                                             EAX:00000067 EBX:000000BC ECX:00000002 EDX:000000B4 ESI:00000050 EDI:00000100 EBP:000000F6 ESP:000000F6 DS:0345 ES:0329 FS:0000 GS:0000 SS:0359 CF:0 ZF:0 SF:0 OF:0 AF:0 PF:0 IF:1
0339:0000000D  push bx                                                EAX:00000067 EBX:000000BC ECX:00000002 EDX:000000B4 ESI:00000050 EDI:00000100 EBP:000000F6 ESP:000000F6 DS:0345 ES:0329 FS:0000 GS:0000 SS:0359 CF:0 ZF:0 SF:0 OF:0 AF:0 PF:0 IF:1
0339:0000000E  mov  bx,[bp+04]                 ss:[00FA]=00C0         EAX:00000067 EBX:000000BC ECX:00000002 EDX:000000B4 ESI:00000050 EDI:00000100 EBP:000000F6 ESP:000000F4 DS:0345 ES:0329 FS:0000 GS:0000 SS:0359 CF:0 ZF:0 SF:0 OF:0 AF:0 PF:0 IF:1
0339:00000011  shl  word [bx],1                ds:[00C0]=06FA         EAX:00000067 EBX:000000C0 ECX:00000002 EDX:000000B4 ESI:00000050 EDI:00000100 EBP:000000F6 ESP:000000F4 DS:0345 ES:0329 FS:0000 GS:0000 SS:0359 CF:0 ZF:0 SF:0 OF:0 AF:0 PF:0 IF:1
0339:00000013  shl  word [bx],1                ds:[00C0]=0DF4         EAX:00000067 EBX:000000C0 ECX:00000002 EDX:000000B4 ESI:00000050 EDI:00000100 EBP:000000F6 ESP:000000F4 DS:0345 ES:0329 FS:0000 GS:0000 SS:0359 CF:0 ZF:0 SF:0 OF:0 AF:1 PF:1 IF:1
0339:00000015  add  [bx],ax                    ds:[00C0]=1BE8         EAX:00000067 EBX:000000C0 ECX:00000002 EDX:000000B4 ESI:00000050 EDI:00000100 EBP:000000F6 ESP:000000F4 DS:0345 ES:0329 FS:0000 GS:0000 SS:0359 CF:0 ZF:0 SF:0 OF:0 AF:1 PF:1 IF:1
0339:00000017  pop  bx                                                EAX:00000067 EBX:000000C0 ECX:00000002 EDX:000000B4 ESI:00000050 EDI:00000100 EBP:000000F6 ESP:000000F4 DS:0345 ES:0329 FS:0000 GS:0000 SS:0359 CF:0 ZF:0 SF:0 OF:0 AF:0 PF:1 IF:1
0339:00000018  inc  bx                                                EAX:00000067 EBX:000000BC ECX:00000002 EDX:000000B4 ESI:00000050 EDI:00000100 EBP:000000F6 ESP:000000F6 DS:0345 ES:0329 FS:0000 GS:0000 SS:0359 CF:0 ZF:0 SF:0 OF:0 AF:0 PF:1 IF:1
0339:00000019  dec  cx                                                EAX:00000067 EBX:000000BD ECX:00000002 EDX:000000B4 ESI:00000050 EDI:00000100 EBP:000000F6 ESP:000000F6 DS:0345 ES:0329 FS:0000 GS:0000 SS:0359 CF:0 ZF:0 SF:0 OF:0 AF:0 PF:1 IF:1
0339:0000001A  cmp  cx,0000                                           EAX:00000067 EBX:000000BD ECX:00000001 EDX:000000B4 ESI:00000050 EDI:00000100 EBP:000000F6 ESP:000000F6 DS:0345 ES:0329 FS:0000 GS:0000 SS:0359 CF:0 ZF:0 SF:0 OF:0 AF:0 PF:0 IF:1
0339:0000001D  jne  00000009 ($-16)            (up)                   EAX:00000067 EBX:000000BD ECX:00000001 EDX:000000B4 ESI:00000050 EDI:00000100 EBP:000000F6 ESP:000000F6 DS:0345 ES:0329 FS:0000 GS:0000 SS:0359 CF:0 ZF:0 SF:0 OF:0 AF:0 PF:0 IF:1
0339:00000009  mov  al,[bx]                    ds:[00BD]=0D68         EAX:00000067 EBX:000000BD ECX:00000001 EDX:000000B4 ESI:00000050 EDI:00000100 EBP:000000F6 ESP:000000F6 DS:0345 ES:0329 FS:0000 GS:0000 SS:0359 CF:0 ZF:0 SF:0 OF:0 AF:0 PF:0 IF:1
0339:0000000B  mov  ah,00                                             EAX:00000068 EBX:000000BD ECX:00000001 EDX:000000B4 ESI:00000050 EDI:00000100 EBP:000000F6 ESP:000000F6 DS:0345 ES:0329 FS:0000 GS:0000 SS:0359 CF:0 ZF:0 SF:0 OF:0 AF:0 PF:0 IF:1
0339:0000000D  push bx                                                EAX:00000068 EBX:000000BD ECX:00000001 EDX:000000B4 ESI:00000050 EDI:00000100 EBP:000000F6 ESP:000000F6 DS:0345 ES:0329 FS:0000 GS:0000 SS:0359 CF:0 ZF:0 SF:0 OF:0 AF:0 PF:0 IF:1
0339:0000000E  mov  bx,[bp+04]                 ss:[00FA]=00C0         EAX:00000068 EBX:000000BD ECX:00000001 EDX:000000B4 ESI:00000050 EDI:00000100 EBP:000000F6 ESP:000000F4 DS:0345 ES:0329 FS:0000 GS:0000 SS:0359 CF:0 ZF:0 SF:0 OF:0 AF:0 PF:0 IF:1
0339:00000011  shl  word [bx],1                ds:[00C0]=1C4F         EAX:00000068 EBX:000000C0 ECX:00000001 EDX:000000B4 ESI:00000050 EDI:00000100 EBP:000000F6 ESP:000000F4 DS:0345 ES:0329 FS:0000 GS:0000 SS:0359 CF:0 ZF:0 SF:0 OF:0 AF:0 PF:0 IF:1
0339:00000013  shl  word [bx],1                ds:[00C0]=389E         EAX:00000068 EBX:000000C0 ECX:00000001 EDX:000000B4 ESI:00000050 EDI:00000100 EBP:000000F6 ESP:000000F4 DS:0345 ES:0329 FS:0000 GS:0000 SS:0359 CF:0 ZF:0 SF:0 OF:0 AF:1 PF:1 IF:1
0339:00000015  add  [bx],ax                    ds:[00C0]=713C         EAX:00000068 EBX:000000C0 ECX:00000001 EDX:000000B4 ESI:00000050 EDI:00000100 EBP:000000F6 ESP:000000F4 DS:0345 ES:0329 FS:0000 GS:0000 SS:0359 CF:0 ZF:0 SF:0 OF:0 AF:1 PF:1 IF:1
0339:00000017  pop  bx                                                EAX:00000068 EBX:000000C0 ECX:00000001 EDX:000000B4 ESI:00000050 EDI:00000100 EBP:000000F6 ESP:000000F4 DS:0345 ES:0329 FS:0000 GS:0000 SS:0359 CF:0 ZF:0 SF:0 OF:0 AF:1 PF:0 IF:1
0339:00000018  inc  bx                                                EAX:00000068 EBX:000000BD ECX:00000001 EDX:000000B4 ESI:00000050 EDI:00000100 EBP:000000F6 ESP:000000F6 DS:0345 ES:0329 FS:0000 GS:0000 SS:0359 CF:0 ZF:0 SF:0 OF:0 AF:1 PF:0 IF:1
0339:00000019  dec  cx                                                EAX:00000068 EBX:000000BE ECX:00000001 EDX:000000B4 ESI:00000050 EDI:00000100 EBP:000000F6 ESP:000000F6 DS:0345 ES:0329 FS:0000 GS:0000 SS:0359 CF:0 ZF:0 SF:0 OF:0 AF:0 PF:1 IF:1
0339:0000001A  cmp  cx,0000                                           EAX:00000068 EBX:000000BE ECX:00000000 EDX:000000B4 ESI:00000050 EDI:00000100 EBP:000000F6 ESP:000000F6 DS:0345 ES:0329 FS:0000 GS:0000 SS:0359 CF:0 ZF:1 SF:0 OF:0 AF:0 PF:1 IF:1
0339:0000001D  jne  00000009 ($-16)            (no jmp)               EAX:00000068 EBX:000000BE ECX:00000000 EDX:000000B4 ESI:00000050 EDI:00000100 EBP:000000F6 ESP:000000F6 DS:0345 ES:0329 FS:0000 GS:0000 SS:0359 CF:0 ZF:1 SF:0 OF:0 AF:0 PF:1 IF:1
0339:0000001F  pop  bp                                                EAX:00000068 EBX:000000BE ECX:00000000 EDX:000000B4 ESI:00000050 EDI:00000100 EBP:000000F6 ESP:000000F6 DS:0345 ES:0329 FS:0000 GS:0000 SS:0359 CF:0 ZF:1 SF:0 OF:0 AF:0 PF:1 IF:1
0339:00000020  ret                                                    EAX:00000068 EBX:000000BE ECX:00000000 EDX:000000B4 ESI:00000050 EDI:00000100 EBP:0000091C ESP:000000F8 DS:0345 ES:0329 FS:0000 GS:0000 SS:0359 CF:0 ZF:1 SF:0 OF:0 AF:0 PF:1 IF:1
0339:00000092  add  sp,0006                                           EAX:00000068 EBX:000000BE ECX:00000000 EDX:000000B4 ESI:00000050 EDI:00000100 EBP:0000091C ESP:000000FA DS:0345 ES:0329 FS:0000 GS:0000 SS:0359 CF:0 ZF:1 SF:0 OF:0 AF:0 PF:1 IF:1
0339:00000095  cmp  word [00C0],CFE1           ds:[00C0]=71A4         EAX:00000068 EBX:000000BE ECX:00000000 EDX:000000B4 ESI:00000050 EDI:00000100 EBP:0000091C ESP:00000100 DS:0345 ES:0329 FS:0000 GS:0000 SS:0359 CF:0 ZF:0 SF:0 OF:0 AF:1 PF:0 IF:1