作者：[k0shl](https://whereisk0shl.top/post/hitb_gsec_ctf_babystack_writeup
"k0shl")
#### 前言
今天给大家带来的是 HITB GSEC Win PWN 的 babystack 的解题全过程，关于 babyshellcode
的解题过程已经过更新在[前文](https://paper.seebug.org/378/ "前文")里。
在 babystack 中用到的一些 babyshellcode 中提到的知识点，这里就不再进行赘述，请参考上一篇文章，在 babystack
里的漏洞品相比 babyshellcode 的要好，可利用点很清晰也很简单，但是攻击面却比 babyshellcode 要小很多，babystack
的考点是 seh 中基本域 prev 域和 handler 域之外的扩展域 scope table，以及 VCRUNTIME140.dll 中关于
`_except_handler4_comm` 函数处理的分析。同样非常经典，非常好玩，下面我们一起进入 babystack
的解题过程，同时这篇文章结束后关于两道 Win Pwn 的分析就结束了，我将两道题目打包上传到 github，感谢阅读。请师傅们多多指教。
#### BabyStack Writeup with Scope Table
babystack这道题看上去攻击面还是很明显的，首先是一处栈溢出。
        v4 = strcmp(&v6, "yes");
        if ( v4 )
          v4 = -(v4  p
    eax=001efa64 ebx=7ffdc000 ecx=001efa00 edx=00000000 esi=609d6314 edi=002a7b60
    eip=002610cc esp=001ef95c ebp=001efa2c iopl=0         nv up ei pl nz na pe cy
    cs=001b  ss=0023  ds=0023  es=0023  fs=003b  gs=0000             efl=00000207
    babystack+0x10cc://获取security cookie
    002610cc a104402600      mov     eax,dword ptr [babystack+0x4004 (00264004)] ds:0023:00264004=d3749a3a
    0:000> p//会和scopetable的值做亦或运算
    eax=d3749a3a ebx=7ffdc000 ecx=001efa00 edx=00000000 esi=609d6314 edi=002a7b60
    eip=002610d1 esp=001ef95c ebp=001efa2c iopl=0         nv up ei pl nz na pe cy
    cs=001b  ss=0023  ds=0023  es=0023  fs=003b  gs=0000             efl=00000207
    babystack+0x10d1:
    002610d1 3145f8          xor     dword ptr [ebp-8],eax ss:0023:001efa24=00263688
    0:000> r eax//security cookie
    eax=d3749a3a
    0:000> dd ebp-8 l1
    001efa24  00263688
    0:000> p
    eax=d3749a3a ebx=7ffdc000 ecx=001efa00 edx=00000000 esi=609d6314 edi=002a7b60
    eip=002610d4 esp=001ef95c ebp=001efa2c iopl=0         nv up ei ng nz na pe nc
    cs=001b  ss=0023  ds=0023  es=0023  fs=003b  gs=0000             efl=00000286
    babystack+0x10d4:
    002610d4 33c5            xor     eax,ebp