        .text:63A4678B mov     ecx, [esi+18h]                  ; this
        .text:63A4678E mov     edi, 1
        .text:63A46793 sub     edi, eax
        .text:63A46795 call    ?GetCp@CTreePos@@QAEJXZ         ; CTreePos::GetCp(void)
        .text:63A4679A mov     ecx, [esi+18h]                  ; this
        .text:63A4679D lea     edx, [edi+eax]
以下内容是WinDbg调试输出的结果：
    (1940.12fc): Break instruction exception - code 80000003 (first chance)
    ntdll!DbgBreakPoint:
    00007ffd`64a43150 cc              int     3                                             ;初始断点
    0:020> bp MSHTML!CSpliceTreeEngine::RemoveSplice
    0:020> bp 63A46783
    0:020> g
    ModLoad: 00000000`73e10000 00000000`73e9e000   C:\Windows\WinSxS\x86_microsoft.windows.common-controls_6595b64144ccf1df_5.82.17763.864_none_58922fed78a9e6a7\COMCTL32.dll
    ModLoad: 00000000`6f840000 00000000`6fa30000   C:\Windows\SysWOW64\uiautomationcore.dll
    ModLoad: 00000000`70020000 00000000`70066000   C:\Windows\SysWOW64\Bcp47Langs.dll
    ModLoad: 00000000`72e10000 00000000`72e2f000   C:\Windows\SysWOW64\WLDP.DLL
    ModLoad: 00000000`771f0000 00000000`77235000   C:\Windows\SysWOW64\WINTRUST.dll
    Breakpoint 0 hit
    MSHTML!CSpliceTreeEngine::RemoveSplice:
    63a46320 8bff            mov     edi,edi                                                ;第一次中断,b.innerHTML = Array(40370176).toString();
    0:007:x86> g
    Breakpoint 0 hit
    MSHTML!CSpliceTreeEngine::RemoveSplice:
    63a46320 8bff            mov     edi,edi                                                ;第二次中断,b.innerHTML = "";
    0:007:x86> g
    MSHTML!CSpliceTreeEngine::RemoveSplice+0x463:
    63a46783 8b4e14          mov     ecx,dword ptr [esi+14h] ds:002b:04f3ca1c=048a05ac
    0:007:x86> r
    eax=00000000 ebx=04f3cb38 ecx=04890a80 edx=00000000 esi=04f3ca08 edi=048a05ac
    eip=63a46783 esp=04f3c7a8 ebp=04f3c9f0 iopl=0         nv up ei pl nz na po nc
    cs=0023  ss=002b  ds=002b  es=002b  fs=0053  gs=002b             efl=00000202
    MSHTML!CSpliceTreeEngine::RemoveSplice+0x463:
    63a46783 8b4e14          mov     ecx,dword ptr [esi+14h] ds:002b:04f3ca1c=048a05ac      ;ecx = 0x048a05ac,CTreePos *_ptpSourceL,
    0:007:x86> pr
    eax=00000000 ebx=04f3cb38 ecx=048a05ac edx=00000000 esi=04f3ca08 edi=048a05ac
    eip=63a46786 esp=04f3c7a8 ebp=04f3c9f0 iopl=0         nv up ei pl nz na po nc
    cs=0023  ss=002b  ds=002b  es=002b  fs=0053  gs=002b             efl=00000202
    MSHTML!CSpliceTreeEngine::RemoveSplice+0x466:
    63a46786 e8dc118900      call    MSHTML!CTreePos::GetCp (642d7967)                      ;eax = 0x00000002,在DOM流中的位置
    0:007:x86> pr
    eax=00000002 ebx=04f3cb38 ecx=00000000 edx=0483d534 esi=04f3ca08 edi=048a05ac
    eip=63a4678b esp=04f3c7a8 ebp=04f3c9f0 iopl=0         nv up ei pl zr na pe nc
    cs=0023  ss=002b  ds=002b  es=002b  fs=0053  gs=002b             efl=00000246
    MSHTML!CSpliceTreeEngine::RemoveSplice+0x46b:
    63a4678b 8b4e18          mov     ecx,dword ptr [esi+18h] ds:002b:04f3ca20=048a0624      ;ecx = 0x048a0624,CTreePos *_ptpSourceR,
    0:007:x86> pr
    eax=00000002 ebx=04f3cb38 ecx=048a0624 edx=0483d534 esi=04f3ca08 edi=048a05ac
    eip=63a4678e esp=04f3c7a8 ebp=04f3c9f0 iopl=0         nv up ei pl zr na pe nc
    cs=0023  ss=002b  ds=002b  es=002b  fs=0053  gs=002b             efl=00000246
    MSHTML!CSpliceTreeEngine::RemoveSplice+0x46e:
    63a4678e bf01000000      mov     edi,1
    0:007:x86> pr
    eax=00000002 ebx=04f3cb38 ecx=048a0624 edx=0483d534 esi=04f3ca08 edi=00000001
    eip=63a46793 esp=04f3c7a8 ebp=04f3c9f0 iopl=0         nv up ei pl zr na pe nc
    cs=0023  ss=002b  ds=002b  es=002b  fs=0053  gs=002b             efl=00000246
    MSHTML!CSpliceTreeEngine::RemoveSplice+0x473:
    63a46793 2bf8            sub     edi,eax
    0:007:x86> pr
    eax=00000002 ebx=04f3cb38 ecx=048a0624 edx=0483d534 esi=04f3ca08 edi=ffffffff
    eip=63a46795 esp=04f3c7a8 ebp=04f3c9f0 iopl=0         nv up ei ng nz ac pe cy
    cs=0023  ss=002b  ds=002b  es=002b  fs=0053  gs=002b             efl=00000297
    MSHTML!CSpliceTreeEngine::RemoveSplice+0x475:
    63a46795 e8cd118900      call    MSHTML!CTreePos::GetCp (642d7967)                      ;eax = 0x00680004,在DOM流中的位置
    0:007:x86> pr
    eax=00680004 ebx=04f3cb38 ecx=00000000 edx=048a0624 esi=04f3ca08 edi=ffffffff
    eip=63a4679a esp=04f3c7a8 ebp=04f3c9f0 iopl=0         nv up ei pl zr na pe nc
    cs=0023  ss=002b  ds=002b  es=002b  fs=0053  gs=002b             efl=00000246
    MSHTML!CSpliceTreeEngine::RemoveSplice+0x47a:
    63a4679a 8b4e18          mov     ecx,dword ptr [esi+18h] ds:002b:04f3ca20=048a0624      ;
    0:007:x86> pr
    eax=00680004 ebx=04f3cb38 ecx=048a0624 edx=048a0624 esi=04f3ca08 edi=ffffffff
    eip=63a4679d esp=04f3c7a8 ebp=04f3c9f0 iopl=0         nv up ei pl zr na pe nc
    cs=0023  ss=002b  ds=002b  es=002b  fs=0053  gs=002b             efl=00000246
    MSHTML!CSpliceTreeEngine::RemoveSplice+0x47d:
    63a4679d 8d1407          lea     edx,[edi+eax]                                          ;edx = edi+eax = 0x1-0x2+0x00680004 = 0x00680003
    0:007:x86> pr
    eax=00680004 ebx=04f3cb38 ecx=048a0624 edx=00680003 esi=04f3ca08 edi=ffffffff
    eip=63a467a0 esp=04f3c7a8 ebp=04f3c9f0 iopl=0         nv up ei pl zr na pe nc
    cs=0023  ss=002b  ds=002b  es=002b  fs=0053  gs=002b             efl=00000246
    MSHTML!CSpliceTreeEngine::RemoveSplice+0x480:
    63a467a0 f60104          test    byte ptr [ecx],4           ds:002b:048a0624=72         
我们通过漏洞Crash附近两次调用CTreePos::GetCp()时，传入的参数_ptpSourceL和_ptpSourceR，再结合CTreePos中的_pLeft和_pRight，形成的DOM流双链表结构，以及CTreeNode中_tpBegin和_tpEnd相对于CTreeNode对象起始地址的偏移关系，可以获取到DOM流中所有的元素内容。
以下是ROOT标签的CTreeNode、起始标签和结束标签对应的CTreePos的对象内存数据：
    CTreeNode
    dd 048a0240
    048a0240  04890a80 00000000 7002005f 00000051
    048a0250  00000000 00000000 048a05ac 00000000
    048a0260  048a02ac 00000062 00000000 00000000
    048a0270  048a02c4 048a02c4 00000000 00010004
    0x5f = 95,ETAG_ROOT = 95
    CTreePos * = 048a024c
    dd 048a024c
    048a024c  00000051 00000000 00000000 048a05ac
    048a025c  00000000 048a02ac
    _cElemLeftAndFlags = 00000051
         ElemLeft = 0x0
         Flags = 0x51 = 0101 0001,NodeBeg=0x1,TPF_LEFT_CHILD=0x10,TPF_EDGE=0x40
    _cchLeft = 00000000
    _pFirstChild = 00000000
    _pNext = 048a05ac,
    _pLeft = 00000000
    _pRight = 048a02ac,
    CTreePos * = 048a0264
    dd 048a0264
    048a0264  00000062 00000000 00000000 048a02c4
    048a0274  048a02c4 00000000
    _cElemLeftAndFlags = 00000062
         ElemLeft = 0x0
         Flags = 0x62 = 0110 0010,NodeEnd=0x2,TPF_LAST_CHILD=0x20,TPF_EDGE=0x40
    _cchLeft = 00000000
    _pFirstChild = 00000000
    _pNext = 048a02c4,
    _pLeft = 048a02c4,
    _pRight = 00000000
以下是html标签的CTreeNode、起始标签和结束标签对应的CTreePos的对象内存数据：
    CTreeNode
    dd 048a02a0
    048a02a0  04890a40 048a0240 7022003a 00000271
    048a02b0  00000001 048a024c 0483d534 048a024c
    048a02c0  04896c00 00000262 00680002 04896c60
    048a02d0  048a05ac 04896c60 048a0264 00030005
    0x3a = 58,ETAG_HTML = 58
    CTreePos * = 048a02ac
    dd 048a02ac
    048a02ac  00000271 00000001 048a024c 0483d534
    048a02bc  048a024c 04896c00
    _cElemLeftAndFlags = 00000271
         ElemLeft = 0x2
         Flags = 0x71 = 0111 0001,NodeBeg=0x1,TPF_LEFT_CHILD=0x10,TPF_LAST_CHILD=0x20,TPF_EDGE=0x40
    _cchLeft = 00000001
    _pFirstChild = 048a024c,
    _pNext = 0483d534,
    _pLeft = 048a024c,
    _pRight = 04896c00,Pointer
    CTreePos * = 048a02c4
    dd 048a02c4
    048a02c4  00000262 00680002 04896c60 048a05ac
    048a02d4  04896c60 048a0264
    _cElemLeftAndFlags = 00000262
         ElemLeft = 0x2
         Flags = 0x62 = 0110 0010,NodeEnd=0x2,TPF_LAST_CHILD=0x20,TPF_EDGE=0x40
    _cchLeft = 00680002
    _pFirstChild = 04896c60,Pointer
    _pNext = 048a05ac,
    _pLeft = 04896c60,Pointer
    _pRight = 048a0264,
以下是head标签的CTreeNode、起始标签和结束标签对应的CTreePos的对象内存数据：
    CTreeNode
    dd 048a05a0
    048a05a0  04890b80 048a02a0 70020036 00000061
    048a05b0  00000000 04896c30 048a02ac 04896c30
    048a05c0  048a05c4 00000052 00000000 048a060c
    048a05d0  048a0624 048a05ac 048a060c ffffffff
    0x36 = 54,ETAG_HEAD = 54
    CTreePos *_ptpSourceL = 048a05ac
    dd 048a05ac
    048a05ac  00000061 00000000 04896c30 048a02ac
    048a05bc  04896c30 048a05c4