### 问题描述

您好，这是我第一次在ServerFault上提问，希望这不是一个愚蠢的问题。

我在Ubuntu 12.04.5服务器上设置了一个用于部署Meteor.js应用程序的环境。之前我的部署流程一直正常工作，但在最近的一次更新中遇到了问题。

简要说明一下我的部署步骤：
1. 克隆Meteor项目的Git仓库。
2. 使用`demeteorizer`将项目转换为标准的Node.js应用。
3. 安装npm模块。
4. 使用`pm2`运行应用。

当前部署的应用程序还不完善，可能存在一些bug。今天我尝试更新它时，发现了一些奇怪的问题。我不完全记得具体的问题，但某些Node.js程序似乎丢失了（例如`demeteorizer`不再存在）。我还记得最近将Ubuntu的Node.js包更新到了0.10.x版本。当我尝试全局更新npm时，npm失败了。最终，我卸载了Ubuntu自带的Node.js包，并安装了`nvm`和最新版本的Node.js（0.11.13）。

使用最新的Node.js和npm版本，并重新安装了`demeteorizer`和`pm2`后，我以为一切都会恢复正常。然而，在运行`npm install`时，多个模块的`node-gyp rebuild`步骤失败了。以下是一个模块的错误日志示例：

```
> usage@0.4.3 install /var/www/naafi_emails/.demeteorized/node_modules/usage
> node-gyp rebuild

make: Entering directory `/var/www/naafi_emails/.demeteorized/node_modules/usage/build'
  CXX(target) Release/obj.target/sysinfo/src/binding.o
../src/binding.cpp: In function ‘void RegisterModule(v8::Handle<v8::Object>)’:
../src/binding.cpp:7:15: error: ‘NewSymbol’ is not a member of ‘v8::String’
../src/binding.cpp:7:75: error: no matching function for call to ‘v8::Number::New(long int)’
../src/binding.cpp:7:75: note: candidate is:
/home/ubuntu/.node-gyp/0.11.13/deps/v8/include/v8.h:2061:24: note: static v8::Local<v8::Number> v8::Number::New(v8::Isolate*, double)
/home/ubuntu/.node-gyp/0.11.13/deps/v8/include/v8.h:2061:24: note:   candidate expects 2 arguments, 1 provided
../src/binding.cpp:8:15: error: ‘NewSymbol’ is not a member of ‘v8::String’
../src/binding.cpp:8:80: error: no matching function for call to ‘v8::Number::New(long int)’
../src/binding.cpp:8:80: note: candidate is:
/home/ubuntu/.node-gyp/0.11.13/deps/v8/include/v8.h:2061:24: note: static v8::Local<v8::Number> v8::Number::New(v8::Isolate*, double)
/home/ubuntu/.node-gyp/0.11.13/deps/v8/include/v8.h:2061:24: note:   candidate expects 2 arguments, 1 provided
../src/binding.cpp:15:15: error: ‘NewSymbol’ is not a member of ‘v8::String’
../src/binding.cpp:15:40: error: ‘New’ is not a member of ‘v8::String’
make: *** [Release/obj.target/sysinfo/src/binding.o] Error 1
make: Leaving directory `/var/www/naafi_emails/.demeteorized/node_modules/usage/build'
gyp ERR! build error 
gyp ERR! stack Error: `make` failed with exit code: 2
gyp ERR! stack     at ChildProcess.onExit (/home/ubuntu/.nvm/v0.11.13/lib/node_modules/npm/node_modules/node-gyp/lib/build.js:267:23)
gyp ERR! stack     at ChildProcess.EventEmitter.emit (events.js:110:17)
gyp ERR! stack     at Process.ChildProcess._handle.onexit (child_process.js:1046:12)
gyp ERR! System Linux 3.2.0-67-generic
gyp ERR! command "node" "/home/ubuntu/.nvm/v0.11.13/lib/node_modules/npm/node_modules/node-gyp/bin/node-gyp.js" "rebuild"
gyp ERR! cwd /var/www/naafi_emails/.demeteorized/node_modules/usage
gyp ERR! node -v v0.11.13
gyp ERR! node-gyp -v v0.13.0
gyp ERR! not ok 
npm ERR! 
npm ERR! Additional logging details can be found in:
npm ERR!     /var/www/naafi_emails/.demeteorized/npm-debug.log
npm ERR! not ok code 0
```

我认为问题可能出在`node-gyp`模块上，但我无法确定为什么会出现这个错误，以及如何解决它。

到目前为止，我已经确保没有安装任何`gyp`相关的Ubuntu包，并且删除了`~/.node-gyp`文件夹以重置其权限。

### 解决方案

请尝试运行以下命令来安装`make`工具：

```sh
sudo apt-get update
sudo apt-get install make
```

这可能会解决您遇到的问题。如果问题仍然存在，请提供更多详细信息以便进一步诊断。