以下是优化后的文本，使其更加清晰、连贯和专业：

---

### 错误报告

在执行测试时，遇到了多个 `ImportError`。以下是详细的错误信息和堆栈跟踪。

#### 错误 1
**文件路径:**
- `//anaconda/lib/python2.7/site-packages/nose/loader.py`
- `//anaconda/lib/python2.7/site-packages/nose/importer.py`
- `//anaconda/lib/python2.7/site-packages/sklearn/gaussian_process/__init__.py`
- `//anaconda/lib/python2.7/site-packages/sklearn/gaussian_process/gaussian_process.py`
- `//anaconda/lib/python2.7/site-packages/sklearn/metrics/__init__.py`
- `//anaconda/lib/python2.7/site-packages/sklearn/metrics/cluster/__init__.py`
- `//anaconda/lib/python2.7/site-packages/sklearn/metrics/cluster/bicluster/__init__.py`
- `//anaconda/lib/python2.7/site-packages/sklearn/metrics/cluster/bicluster/bicluster_metrics.py`

**错误信息:**
```python
ImportError: cannot import name check_arrays
```

**堆栈跟踪:**
```python
Traceback (most recent call last):
  File "//anaconda/lib/python2.7/site-packages/nose/loader.py", line 414, in loadTestsFromName
    addr.filename, addr.module)
  File "//anaconda/lib/python2.7/site-packages/nose/importer.py", line 47, in importFromPath
    return self.importFromDir(dir_path, fqname)
  File "//anaconda/lib/python2.7/site-packages/nose/importer.py", line 94, in importFromDir
    mod = load_module(part_fqname, fh, filename, desc)
  File "//anaconda/lib/python2.7/site-packages/sklearn/gaussian_process/__init__.py", line 12, in <module>
    from .gaussian_process import GaussianProcess
  File "//anaconda/lib/python2.7/site-packages/sklearn/gaussian_process/gaussian_process.py", line 13, in <module>
    from ..metrics.pairwise import manhattan_distances
  File "//anaconda/lib/python2.7/site-packages/sklearn/metrics/__init__.py", line 31, in <module>
    from . import cluster
  File "//anaconda/lib/python2.7/site-packages/sklearn/metrics/cluster/__init__.py", line 21, in <module>
    from .bicluster import consensus_score
  File "//anaconda/lib/python2.7/site-packages/sklearn/metrics/cluster/bicluster/__init__.py", line 1, in <module>
    from .bicluster_metrics import consensus_score
  File "//anaconda/lib/python2.7/site-packages/sklearn/metrics/cluster/bicluster/bicluster_metrics.py", line 6, in <module>
    from sklearn.utils.validation import check_arrays
ImportError: cannot import name check_arrays
```

#### 错误 2
**文件路径:**
- `//anaconda/lib/python2.7/site-packages/nose/loader.py`
- `//anaconda/lib/python2.7/site-packages/nose/importer.py`
- `//anaconda/lib/python2.7/site-packages/sklearn/linear_model/__init__.py`
- `//anaconda/lib/python2.7/site-packages/sklearn/linear_model/least_angle.py`
- `//anaconda/lib/python2.7/site-packages/sklearn/cross_validation.py`
- `//anaconda/lib/python2.7/site-packages/sklearn/metrics/__init__.py`
- `//anaconda/lib/python2.7/site-packages/sklearn/metrics/cluster/__init__.py`
- `//anaconda/lib/python2.7/site-packages/sklearn/metrics/cluster/bicluster/__init__.py`
- `//anaconda/lib/python2.7/site-packages/sklearn/metrics/cluster/bicluster/bicluster_metrics.py`

**错误信息:**
```python
ImportError: cannot import name check_arrays
```

**堆栈跟踪:**
```python
Traceback (most recent call last):
  File "//anaconda/lib/python2.7/site-packages/nose/loader.py", line 414, in loadTestsFromName
    addr.filename, addr.module)
  File "//anaconda/lib/python2.7/site-packages/nose/importer.py", line 47, in importFromPath
    return self.importFromDir(dir_path, fqname)
  File "//anaconda/lib/python2.7/site-packages/nose/importer.py", line 94, in importFromDir
    mod = load_module(part_fqname, fh, filename, desc)
  File "//anaconda/lib/python2.7/site-packages/sklearn/linear_model/__init__.py", line 15, in <module>
    from .least_angle import (Lars, LassoLars, lars_path, LarsCV, LassoLarsCV,
  File "//anaconda/lib/python2.7/site-packages/sklearn/linear_model/least_angle.py", line 25, in <module>
    from ..cross_validation import _check_cv as check_cv
  File "//anaconda/lib/python2.7/site-packages/sklearn/cross_validation.py", line 32, in <module>
    from .metrics.scorer import check_scoring
  File "//anaconda/lib/python2.7/site-packages/sklearn/metrics/__init__.py", line 31, in <module>
    from . import cluster
  File "//anaconda/lib/python2.7/site-packages/sklearn/metrics/cluster/__init__.py", line 21, in <module>
    from .bicluster import consensus_score
  File "//anaconda/lib/python2.7/site-packages/sklearn/metrics/cluster/bicluster/__init__.py", line 1, in <module>
    from .bicluster_metrics import consensus_score
  File "//anaconda/lib/python2.7/site-packages/sklearn/metrics/cluster/bicluster/bicluster_metrics.py", line 6, in <module>
    from sklearn.utils.validation import check_arrays
ImportError: cannot import name check_arrays
```

#### 错误 3
**文件路径:**
- `//anaconda/lib/python2.7/site-packages/nose/loader.py`
- `//anaconda/lib/python2.7/site-packages/nose/importer.py`
- `//anaconda/lib/python2.7/site-packages/sklearn/manifold/__init__.py`
- `//anaconda/lib/python2.7/site-packages/sklearn/manifold/locally_linear.py`
- `//anaconda/lib/python2.7/site-packages/sklearn/neighbors/__init__.py`
- `//anaconda/lib/python2.7/site-packages/sklearn/neighbors/graph.py`
- `//anaconda/lib/python2.7/site-packages/sklearn/neighbors/base.py`
- `//anaconda/lib/python2.7/site-packages/sklearn/metrics/__init__.py`
- `//anaconda/lib/python2.7/site-packages/sklearn/metrics/cluster/__init__.py`
- `//anaconda/lib/python2.7/site-packages/sklearn/metrics/cluster/bicluster/__init__.py`
- `//anaconda/lib/python2.7/site-packages/sklearn/metrics/cluster/bicluster/bicluster_metrics.py`

**错误信息:**
```python
ImportError: cannot import name check_arrays
```

**堆栈跟踪:**
```python
Traceback (most recent call last):
  File "//anaconda/lib/python2.7/site-packages/nose/loader.py", line 414, in loadTestsFromName
    addr.filename, addr.module)
  File "//anaconda/lib/python2.7/site-packages/nose/importer.py", line 47, in importFromPath
    return self.importFromDir(dir_path, fqname)
  File "//anaconda/lib/python2.7/site-packages/nose/importer.py", line 94, in importFromDir
    mod = load_module(part_fqname, fh, filename, desc)
  File "//anaconda/lib/python2.7/site-packages/sklearn/manifold/__init__.py", line 5, in <module>
    from .locally_linear import locally_linear_embedding, LocallyLinearEmbedding
  File "//anaconda/lib/python2.7/site-packages/sklearn/manifold/locally_linear.py", line 14, in <module>
    from ..neighbors import NearestNeighbors
  File "//anaconda/lib/python2.7/site-packages/sklearn/neighbors/__init__.py", line 9, in <module>
    from .graph import kneighbors_graph, radius_neighbors_graph
  File "//anaconda/lib/python2.7/site-packages/sklearn/neighbors/graph.py", line 9, in <module>
    from .base import KNeighborsMixin, RadiusNeighborsMixin
  File "//anaconda/lib/python2.7/site-packages/sklearn/neighbors/base.py", line 18, in <module>
    from ..metrics import pairwise_distances
  File "//anaconda/lib/python2.7/site-packages/sklearn/metrics/__init__.py", line 31, in <module>
    from . import cluster
  File "//anaconda/lib/python2.7/site-packages/sklearn/metrics/cluster/__init__.py", line 21, in <module>
    from .bicluster import consensus_score
  File "//anaconda/lib/python2.7/site-packages/sklearn/metrics/cluster/bicluster/__init__.py", line 1, in <module>
    from .bicluster_metrics import consensus_score
  File "//anaconda/lib/python2.7/site-packages/sklearn/metrics/cluster/bicluster/bicluster_metrics.py", line 6, in <module>
    from sklearn.utils.validation import check_arrays
ImportError: cannot import name check_arrays
```

#### 错误 4
**文件路径:**
- `//anaconda/lib/python2.7/site-packages/nose/loader.py`
- `//anaconda/lib/python2.7/site-packages/nose/importer.py`
- `//anaconda/lib/python2.7/site-packages/sklearn/metrics/__init__.py`
- `//anaconda/lib/python2.7/site-packages/sklearn/metrics/cluster/__init__.py`
- `//anaconda/lib/python2.7/site-packages/sklearn/metrics/cluster/bicluster/__init__.py`
- `//anaconda/lib/python2.7/site-packages/sklearn/metrics/cluster/bicluster/bicluster_metrics.py`

**错误信息:**
```python
ImportError: cannot import name check_arrays
```

**堆栈跟踪:**
```python
Traceback (most recent call last):
  File "//anaconda/lib/python2.7/site-packages/nose/loader.py", line 414, in loadTestsFromName
    addr.filename, addr.module)
  File "//anaconda/lib/python2.7/site-packages/nose/importer.py", line 47, in importFromPath
    return self.importFromDir(dir_path, fqname)
  File "//anaconda/lib/python2.7/site-packages/nose/importer.py", line 94, in importFromDir
    mod = load_module(part_fqname, fh, filename, desc)
  File "//anaconda/lib/python2.7/site-packages/sklearn/metrics/__init__.py", line 31, in <module>
    from . import cluster
  File "//anaconda/lib/python2.7/site-packages/sklearn/metrics/cluster/__init__.py", line 21, in <module>
    from .bicluster import consensus_score
  File "//anaconda/lib/python2.7/site-packages/sklearn/metrics/cluster/bicluster/__init__.py", line 1, in <module>
    from .bicluster_metrics import consensus_score
  File "//anaconda/lib/python2.7/site-packages/sklearn/metrics/cluster/bicluster/bicluster_metrics.py", line 6, in <module>
    from sklearn.utils.validation import check_arrays
ImportError: cannot import name check_arrays
```

#### 错误 5
**文件路径:**
- `//anaconda/lib/python2.7/site-packages/nose/loader.py`
- `//anaconda/lib/python2.7/site-packages/nose/importer.py`
- `//anaconda/lib/python2.7/site-packages/sklearn/mixture/__init__.py`
- `//anaconda/lib/python2.7/site-packages/sklearn/mixture/gmm.py`
- `//anaconda/lib/python2.7/site-packages/sklearn/cluster/__init__.py`
- `//anaconda/lib/python2.7/site-packages/sklearn/cluster/spectral.py`
- `//anaconda/lib/python2.7/site-packages/sklearn/metrics/__init__.py`
- `//anaconda/lib/python2.7/site-packages/sklearn/metrics/cluster/__init__.py`
- `//anaconda/lib/python2.7/site-packages/sklearn/metrics/cluster/bicluster/__init__.py`
- `//anaconda/lib/python2.7/site-packages/sklearn/metrics/cluster/bicluster/bicluster_metrics.py`

**错误信息:**
```python
ImportError: cannot import name check_arrays
```

**堆栈跟踪:**
```python
Traceback (most recent call last):
  File "//anaconda/lib/python2.7/site-packages/nose/loader.py", line 414, in loadTestsFromName
    addr.filename, addr.module)
  File "//anaconda/lib/python2.7/site-packages/nose/importer.py", line 47, in importFromPath
    return self.importFromDir(dir_path, fqname)
  File "//anaconda/lib/python2.7/site-packages/nose/importer.py", line 94, in importFromDir
    mod = load_module(part_fqname, fh, filename, desc)
  File "//anaconda/lib/python2.7/site-packages/sklearn/mixture/__init__.py", line 5, in <module>
    from .gmm import sample_gaussian, log_multivariate_normal_density
  File "//anaconda/lib/python2.7/site-packages/sklearn/mixture/gmm.py", line 20, in <module>
    from .. import cluster
  File "//anaconda/lib/python2.7/site-packages/sklearn/cluster/__init__.py", line 6, in <module>
    from .spectral import spectral_clustering, SpectralClustering
  File "//anaconda/lib/python2.7/site-packages/sklearn/cluster/spectral.py", line 16, in <module>
    from ..metrics.pairwise import pairwise_kernels
  File "//anaconda/lib/python2.7/site-packages/sklearn/metrics/__init__.py", line 31, in <module>
    from . import cluster
  File "//anaconda/lib/python2.7/site-packages/sklearn/metrics/cluster/__init__.py", line 21, in <module>
    from .bicluster import consensus_score
  File "//anaconda/lib/python2.7/site-packages/sklearn/metrics/cluster/bicluster/__init__.py", line 1, in <module>
    from .bicluster_metrics import consensus_score
  File "//anaconda/lib/python2.7/site-packages/sklearn/metrics/cluster/bicluster/bicluster_metrics.py", line 6, in <module>
    from sklearn.utils.validation import check_arrays
ImportError: cannot import name check_arrays
```

#### 错误 6
**文件路径:**
- `//anaconda/lib/python2.7/site-packages/nose/loader.py`
- `//anaconda/lib/python2.7/site-packages/nose/importer.py`
- `//anaconda/lib/python2.7/site-packages/sklearn/neighbors/__init__.py`
- `//anaconda/lib/python2.7/site-packages/sklearn/neighbors/graph.py`
- `//anaconda/lib/python2.7/site-packages/sklearn/neighbors/base.py`
- `//anaconda/lib/python2.7/site-packages/sklearn/metrics/__init__.py`
- `//anaconda/lib/python2.7/site-packages/sklearn/metrics/cluster/__init__.py`
- `//anaconda/lib/python2.7/site-packages/sklearn/metrics/cluster/bicluster/__init__.py`
- `//anaconda/lib/python2.7/site-packages/sklearn/metrics/cluster/bicluster/bicluster_metrics.py`

**错误信息:**
```python
ImportError: cannot import name check_arrays
```

**堆栈跟踪:**
```python
Traceback (most recent call last):
  File "//anaconda/lib/python2.7/site-packages/nose/loader.py", line 414, in loadTestsFromName
    addr.filename, addr.module)
  File "//anaconda/lib/python2.7/site-packages/nose/importer.py", line 47, in importFromPath
    return self.importFromDir(dir_path, fqname)
  File "//anaconda/lib/python2.7/site-packages/nose/importer.py", line 94, in importFromDir
    mod = load_module(part_fqname, fh, filename, desc)
  File "//anaconda/lib/python2.7/site-packages/sklearn/neighbors/__init__.py", line 9, in <module>
    from .graph import kneighbors_graph, radius_neighbors_graph
  File "//anaconda/lib/python2.7/site-packages/sklearn/neighbors/graph.py", line 9, in <module>
    from .base import KNeighborsMixin, RadiusNeighborsMixin
  File "//anaconda/lib/python2.7/site-packages/sklearn/neighbors/base.py", line 18, in <module>
    from ..metrics import pairwise_distances
  File "//anaconda/lib/python2.7/site-packages/sklearn/metrics/__init__.py", line 31, in <module>
    from . import cluster
  File "//anaconda/lib/python2.7/site-packages/sklearn/metrics/cluster/__init__.py", line 21, in <module>
    from .bicluster import consensus_score
  File "//anaconda/lib/python2.7/site-packages/sklearn/metrics/cluster/bicluster/__init__.py", line 1, in <module>
    from .bicluster_metrics import consensus_score
  File "//anaconda/lib/python2.7/site-packages/sklearn/metrics/cluster/bicluster/bicluster_metrics.py", line 6, in <module>
    from sklearn.utils.validation import check_arrays
ImportError: cannot import name check_arrays
```

#### 错误 7
**文件路径:**
- `//anaconda/lib/python2.7/site-packages/nose/loader.py`
- `//anaconda/lib/python2.7/site-packages/nose/importer.py`
- `//anaconda/lib/python2.7/site-packages/sklearn/semi_supervised/__init__.py`
- `//anaconda/lib/python2.7/site-packages/sklearn/semi_supervised/label_propagation.py`
- `//anaconda/lib/python2.7/site-packages/sklearn/metrics/__init__.py`
- `//anaconda/lib/python2.7/site-packages/sklearn/metrics/cluster/__init__.py`
- `//anaconda/lib/python2.7/site-packages/sklearn/metrics/cluster/bicluster/__init__.py`
- `//anaconda/lib/python2.7/site-packages/sklearn/metrics/cluster/bicluster/bicluster_metrics.py`

**错误信息:**
```python
ImportError: cannot import name check_arrays
```

**堆栈跟踪:**
```python
Traceback (most recent call last):
  File "//anaconda/lib/python2.7/site-packages/nose/loader.py", line 414, in loadTestsFromName
    addr.filename, addr.module)
  File "//anaconda/lib/python2.7/site-packages/nose/importer.py", line 47, in importFromPath
    return self.importFromDir(dir_path, fqname)
  File "//anaconda/lib/python2.7/site-packages/nose/importer.py", line 94, in importFromDir
    mod = load_module(part_fqname, fh, filename, desc)
  File "//anaconda/lib/python2.7/site-packages/sklearn/semi_supervised/__init__.py", line 8, in <module>
    from .label_propagation import LabelPropagation, LabelSpreading
  File "//anaconda/lib/python2.7/site-packages/sklearn/semi_supervised/label_propagation.py", line 61, in <module>
    from ..metrics.pairwise import rbf_kernel
  File "//anaconda/lib/python2.7/site-packages/sklearn/metrics/__init__.py", line 31, in <module>
    from . import cluster
  File "//anaconda/lib/python2.7/site-packages/sklearn/metrics/cluster/__init__.py", line 21, in <module>
    from .bicluster import consensus_score
  File "//anaconda/lib/python2.7/site-packages/sklearn/metrics/cluster/bicluster/__init__.py", line 1, in <module>
    from .bicluster_metrics import consensus_score
  File "//anaconda/lib/python2.7/site-packages/sklearn/metrics/cluster/bicluster/bicluster_metrics.py", line 6, in <module>
    from sklearn.utils.validation import check_arrays
ImportError: cannot import name check_arrays
```

#### 错误 8
**文件路径:**
- `//anaconda/lib/python2.7/site-packages/nose/loader.py`
- `//anaconda/lib/python2.7/site-packages/nose/importer.py`
- `//anaconda/lib/python2.7/site-packages/sklearn/svm/__init__.py`
- `//anaconda/lib/python2.7/site-packages/sklearn/svm/classes.py`
- `//anaconda/lib/python2.7/site-packages/sklearn/linear_model/__init__.py`
- `//anaconda/lib/python2.7/site-packages/sklearn/linear_model/least_angle.py`
- `//anaconda/lib/python2.7/site-packages/sklearn/cross_validation.py`
- `//anaconda/lib/python2.7/site-packages/sklearn/metrics/__init__.py`
- `//anaconda/lib/python2.7/site-packages/sklearn/metrics/cluster/__init__.py`
- `//anaconda/lib/python2.7/site-packages/sklearn/metrics/cluster/bicluster/__init__.py`
- `//anaconda/lib/python2.7/site-packages/sklearn/metrics/cluster/bicluster/bicluster_metrics.py`

**错误信息:**
```python
ImportError: cannot import name check_arrays
```

**堆栈跟踪:**
```python
Traceback (most recent call last):
  File "//anaconda/lib/python2.7/site-packages/nose/loader.py", line 414, in loadTestsFromName
    addr.filename, addr.module)
  File "//anaconda/lib/python2.7/site-packages/nose/importer.py", line 47, in importFromPath
    return self.importFromDir(dir_path, fqname)
  File "//anaconda/lib/python2.7/site-packages/nose/importer.py", line 94, in importFromDir
    mod = load_module(part_fqname, fh, filename, desc)
  File "//anaconda/lib/python2.7/site-packages/sklearn/svm/__init__.py", line 13, in <module>
    from .classes import SVC, NuSVC, SVR, NuSVR, OneClassSVM, LinearSVC, \
  File "//anaconda/lib/python2.7/site-packages/sklearn/svm/classes.py", line 6, in <module>
    from ..linear_model.base import LinearClassifierMixin, SparseCoefMixin, \
  File "//anaconda/lib/python2.7/site-packages/sklearn/linear_model/__init__.py", line 15, in <module>
    from .least_angle import (Lars, LassoLars, lars_path, LarsCV, LassoLarsCV,
  File "//anaconda/lib/python2.7/site-packages/sklearn/linear_model/least_angle.py", line 25, in <module>
    from ..cross_validation import _check_cv as check_cv
  File "//anaconda/lib/python2.7/site-packages/sklearn/cross_validation.py", line 32, in <module>
    from .metrics.scorer import check_scoring
  File "//anaconda/lib/python2.7/site-packages/sklearn/metrics/__init__.py", line 31, in <module>
    from . import cluster
  File "//anaconda/lib/python2.7/site-packages/sklearn/metrics/cluster/__init__.py", line 21, in <module>
    from .bicluster import consensus_score
  File "//anaconda/lib/python2.7/site-packages/sklearn/metrics/cluster/bicluster/__init__.py", line 1, in <module>
    from .bicluster_metrics import consensus_score
  File "//anaconda/lib/python2.7/site-packages/sklearn/metrics/cluster/bicluster/bicluster_metrics.py", line 6, in <module>
    from sklearn.utils.validation import check_arrays
ImportError: cannot import name check_arrays
```

#### 错误 9
**文件路径:**
- `//anaconda/lib/python2.7/site-packages/nose/loader.py`
- `//anaconda/lib/python2.7/site-packages/nose/importer.py`
- `//anaconda/lib/python2.7/site-packages/sklearn/tree/__init__.py`
- `//anaconda/lib/python2.7/site-packages/sklearn/tree/tree.py`
- `//anaconda/lib/python2.7/site-packages/sklearn/feature_selection/__init__.py`
- `//anaconda/lib/python2.7/site-packages/sklearn/feature_selection/rfe.py`
- `//anaconda/lib/python2.7/site-packages/sklearn/cross_validation.py`
- `//anaconda/lib/python2.7/site-packages/sklearn/metrics/__init__.py`
- `//anaconda/lib/python2.7/site-packages/sklearn/metrics/cluster/__init__.py`
- `//anaconda/lib/python2.7/site-packages/sklearn/metrics/cluster/bicluster/__init__.py`
- `//anaconda/lib/python2.7/site-packages/sklearn/metrics/cluster/bicluster/bicluster_metrics.py`

**错误信息:**
```python
ImportError: cannot import name check_arrays
```

**堆栈跟踪:**
```python
Traceback (most recent call last):
  File "//anaconda/lib/python2.7/site-packages/nose/loader.py", line 414, in loadTestsFromName
    addr.filename, addr.module)
  File "//anaconda/lib/python2.7/site-packages/nose/importer.py", line 47, in importFromPath
    return self.importFromDir(dir_path, fqname)
  File "//anaconda/lib/python2.7/site-packages/nose/importer.py", line 94, in importFromDir
    mod = load_module(part_fqname, fh, filename, desc)
  File "//anaconda/lib/python2.7/site-packages/sklearn/tree/__init__.py", line 6, in <module>
    from .tree import DecisionTreeClassifier
  File "//anaconda/lib/python2.7/site-packages/sklearn/tree/tree.py", line 27, in <module>
    from ..feature_selection.from_model import _LearntSelectorMixin
  File "//anaconda/lib/python2.7/site-packages/sklearn/feature_selection/__init__.py", line 20, in <module>
    from .rfe import RFE
  File "//anaconda/lib/python2.7/site-packages/sklearn/feature_selection/rfe.py", line 17, in <module>
    from ..cross_validation import _check_cv as check_cv
  File "//anaconda/lib/python2.7/site-packages/sklearn/cross_validation.py", line 32, in <module>
    from .metrics.scorer import check_scoring
  File "//anaconda/lib/python2.7/site-packages/sklearn/metrics/__init__.py", line 31, in <module>
    from . import cluster
  File "//anaconda/lib/python2.7/site-packages/sklearn/metrics/cluster/__init__.py", line 21, in <module>
    from .bicluster import consensus_score
  File "//anaconda/lib/python2.7/site-packages/sklearn/metrics/cluster/bicluster/__init__.py", line 1, in <module>
    from .bicluster_metrics import consensus_score
  File "//anaconda/lib/python2.7/site-packages/sklearn/metrics/cluster/bicluster/bicluster_metrics.py", line 6, in <module>
    from sklearn.utils.validation import check_arrays
ImportError: cannot import name check_arrays
```

#### 错误 10
**文件路径:**
- `//anaconda/lib/python2.7/site-packages/nose/loader.py`
- `//anaconda/lib/python2.7/site-packages/nose/importer.py`
- `//anaconda/lib/python2.7/site-packages/sklearn/utils/tests/test_random.py`

**错误信息:**
```python
ImportError: cannot import name random_choice_csc
```

**堆栈跟踪:**
```python
Traceback (most recent call last):
  File "//anaconda/lib/python2.7/site-packages/nose/loader.py", line 414, in loadTestsFromName
    addr.filename, addr.module)
  File "//anaconda/lib/python2.7/site-packages/nose/importer.py", line 47, in importFromPath
    return self.importFromDir(dir_path, fqname)
  File "//anaconda/lib/python2.7/site-packages/nose/importer.py", line 94, in importFromDir
    mod = load_module(part_fqname, fh, filename, desc)
  File "//anaconda/lib/python2.7/site-packages/sklearn/utils/tests/test_random.py", line 8, in <module>
    from sklearn.utils.random import random_choice_csc
ImportError: cannot import name random_choice_csc
```

---

### 分析与建议

从上述错误信息可以看出，所有错误都指向同一个问题：无法导入 `sklearn.utils.validation` 模块中的 `check_arrays` 函数。这可能是由于以下原因导致的：
1. **版本不兼容**：您使用的 `sklearn` 版本可能不支持 `check_arrays` 函数。
2. **安装问题**：`sklearn` 可能没有正确安装或某些文件丢失。
3. **代码变更**：`check_arrays` 函数可能已被移除或重命名。

建议采取以下步骤来解决该问题：
1. **更新 `sklearn`**：确保您使用的是最新版本的 `sklearn`。
   ```bash
   pip install --upgrade scikit-learn
   ```
2. **检查依赖项**：确保所有依赖项都已正确安装。
   ```bash
   pip check
   ```
3. **查看文档**：查阅 `sklearn` 的官方文档，确认 `check_arrays` 函数是否存在，并了解是否有替代函数。
4. **调试代码**：如果问题仍然存在，可以尝试手动导入 `check_arrays` 函数并打印相关信息，以进一步调试。
   ```python
   try:
       from sklearn.utils.validation import check_arrays
       print("check_arrays imported successfully")
   except ImportError as e:
       print(f"Import error: {e}")
   ```

希望这些信息对您有所帮助！