    ======================================================================
    FAIL: sklearn.tests.test_multiclass.test_ovr_fit_predict
    ----------------------------------------------------------------------
    Traceback (most recent call last):
      File "/usr/lib/python2.7/site-packages/nose-1.2.1-py2.7.egg/nose/case.py", line 197, in runTest
        self.test(*self.arg)
      File "/home/erg/python/scikit-learn/sklearn/tests/test_multiclass.py", line 67, in test_ovr_fit_predict
        assert_equal(np.mean(iris.target == pred), np.mean(iris.target == pred2))
    AssertionError: 0.96666666666666667 != 0.97333333333333338