Cannot build numpy v1.17.0 on CentOS 7.  
Previous version works fine.  
I'm seeing a lot of C99/C11 features in error message, and avx512f.  
Not sure if the required `--std` option is set but I don't think gcc 4.8.5
(the system default compiler on CentOS 7) can handle all of that.
### Reproducing code example:
Simply build the wheel on CentOS 7 with python3.
### Error message:
Some error log attached.  
The entire story is too long to be pasted here.
    #6 356.1   compile options: '-Inumpy/core/src/common -Inumpy/core/src -Inumpy/core -Inumpy/core/src/npymath -Inumpy/core/src/multiarray -Inumpy/core/src/umath -Inumpy/core/src/npysort -I/usr/include/python3.6m -c'
    #6 356.1   gcc: _configtest.c
    #6 356.1   _configtest.c: In function 'main':
    #6 356.1   _configtest.c:5:3: warning: implicit declaration of function '__builtin_mul_overflow' [-Wimplicit-function-declaration]
    #6 356.1      __builtin_mul_overflow(5, 5, (int*)5);
    #6 356.1      ^
    #6 356.1   gcc -pthread _configtest.o -o _configtest
    #6 356.1   _configtest.o: In function `main':
    #6 356.1   /tmp/pip-req-build-poiltggx/_configtest.c:5: undefined reference to `__builtin_mul_overflow'
    #6 356.1   collect2: error: ld returned 1 exit status
    #6 356.1   failure.
    #6 356.1   removing: _configtest.c _configtest.o _configtest.o.d
    #6 356.1   C compiler: gcc -pthread -Wno-unused-result -Wsign-compare -DDYNAMIC_ANNOTATIONS_ENABLED=1 -DNDEBUG -O2 -g -pipe -Wall -Wp,-D_FORTIFY_SOURCE=2 -fexceptions -fstack-protector-strong --param=ssp-buffer-size=4 -grecord-gcc-switches -m64 -mtune=generic -D_GNU_SOURCE -fPIC -fwrapv -fPIC
    #6 356.1   
    #6 356.1   compile options: '-Inumpy/core/src/common -Inumpy/core/src -Inumpy/core -Inumpy/core/src/npymath -Inumpy/core/src/multiarray -Inumpy/core/src/umath -Inumpy/core/src/npysort -I/usr/include/python3.6m -c'
    #6 356.1   gcc: _configtest.c
    #6 356.1   _configtest.c: In function 'main':
    #6 356.1   _configtest.c:7:16: warning: unused variable 'r' [-Wunused-variable]
    #6 356.1      volatile int r = __builtin_cpu_supports("sse");
    #6 356.1                   ^
    #6 356.1   gcc -pthread _configtest.o -o _configtest
    #6 356.1   success!
    #6 356.1   removing: _configtest.c _configtest.o _configtest.o.d _configtest
    #6 356.1   C compiler: gcc -pthread -Wno-unused-result -Wsign-compare -DDYNAMIC_ANNOTATIONS_ENABLED=1 -DNDEBUG -O2 -g -pipe -Wall -Wp,-D_FORTIFY_SOURCE=2 -fexceptions -fstack-protector-strong --param=ssp-buffer-size=4 -grecord-gcc-switches -m64 -mtune=generic -D_GNU_SOURCE -fPIC -fwrapv -fPIC
    #6 356.1   
    #6 356.1   compile options: '-Inumpy/core/src/common -Inumpy/core/src -Inumpy/core -Inumpy/core/src/npymath -Inumpy/core/src/multiarray -Inumpy/core/src/umath -Inumpy/core/src/npysort -I/usr/include/python3.6m -c'
    #6 356.1   gcc: _configtest.c
    #6 356.1   _configtest.c: In function 'main':
    #6 356.1   _configtest.c:7:3: error: Parameter to builtin not valid: avx512f
    #6 356.1      volatile int r = __builtin_cpu_supports("avx512f");
    #6 356.1      ^
    #6 356.1   _configtest.c:7:16: warning: unused variable 'r' [-Wunused-variable]
    #6 356.1      volatile int r = __builtin_cpu_supports("avx512f");
    #6 356.1                   ^
    #6 356.1   failure.
    #6 356.1   removing: _configtest.c _configtest.o
    #6 356.1   C compiler: gcc -pthread -Wno-unused-result -Wsign-compare -DDYNAMIC_ANNOTATIONS_ENABLED=1 -DNDEBUG -O2 -g -pipe -Wall -Wp,-D_FORTIFY_SOURCE=2 -fexceptions -fstack-protector-strong --param=ssp-buffer-size=4 -grecord-gcc-switches -m64 -mtune=generic -D_GNU_SOURCE -fPIC -fwrapv -fPIC
    #6 356.1   
    #6 356.1   compile options: '-Inumpy/core/src/common -Inumpy/core/src -Inumpy/core -Inumpy/core/src/npymath -Inumpy/core/src/multiarray -Inumpy/core/src/umath -Inumpy/core/src/npysort -I/usr/include/python3.6m -c'
    #6 356.1   gcc: _configtest.c
    #6 356.1   gcc -pthread _configtest.o -o _configtest
    #6 356.1   success!
    #6 356.1   removing: _configtest.c _configtest.o _configtest.o.d _configtest
    #6 356.1   C compiler: gcc -pthread -Wno-unused-result -Wsign-compare -DDYNAMIC_ANNOTATIONS_ENABLED=1 -DNDEBUG -O2 -g -pipe -Wall -Wp,-D_FORTIFY_SOURCE=2 -fexceptions -fstack-protector-strong --param=ssp-buffer-size=4 -grecord-gcc-switches -m64 -mtune=generic -D_GNU_SOURCE -fPIC -fwrapv -fPIC
    #6 356.1   
    #6 356.1   compile options: '-Inumpy/core/src/common -Inumpy/core/src -Inumpy/core -Inumpy/core/src/npymath -Inumpy/core/src/multiarray -Inumpy/core/src/umath -Inumpy/core/src/npysort -I/usr/include/python3.6m -c'
    #6 356.1   gcc: _configtest.c
    #6 356.1   gcc -pthread _configtest.o -o _configtest
    #6 356.1   success!
    #6 356.1   removing: _configtest.c _configtest.o _configtest.o.d _configtest
    #6 358.3     C compiler: gcc -pthread -Wno-unused-result -Wsign-compare -DDYNAMIC_ANNOTATIONS_ENABLED=1 -DNDEBUG -O2 -g -pipe -Wall -Wp,-D_FORTIFY_SOURCE=2 -fexceptions -fstack-protector-strong --param=ssp-buffer-size=4 -grecord-gcc-switches -m64 -mtune=generic -D_GNU_SOURCE -fPIC -fwrapv -fPIC
    #6 358.3     
    #6 358.3     compile options: '-Ibuild/src.linux-x86_64-3.6/numpy/core/src/common -Inumpy/core/include -Ibuild/src.linux-x86_64-3.6/numpy/core/include/numpy -Inumpy/core/src/common -Inumpy/core/src -Inumpy/core -Inumpy/core/src/npymath -Inumpy/core/src/multiarray -Inumpy/core/src/umath -Inumpy/core/src/npysort -I/usr/include/python3.6m -Ibuild/src.linux-x86_64-3.6/numpy/core/src/common -Ibuild/src.linux-x86_64-3.6/numpy/core/src/npymath -Ibuild/src.linux-x86_64-3.6/numpy/core/src/common -Ibuild/src.linux-x86_64-3.6/numpy/core/src/npymath -c'
    #6 358.3     gcc: build/src.linux-x86_64-3.6/numpy/core/src/npysort/radixsort.c
    #6 358.3     numpy/core/src/npysort/radixsort.c.src: In function 'radixsort_bool':
    #6 358.3     numpy/core/src/npysort/radixsort.c.src:112:5: error: 'for' loop initial declarations are only allowed in C99 mode
    #6 358.3          for (npy_intp i = 1; i < num; i++) {
    #6 358.3          ^
    #6 358.3     numpy/core/src/npysort/radixsort.c.src:112:5: note: use option -std=c99 or -std=gnu99 to compile your code
    #6 358.3     numpy/core/src/npysort/radixsort.c.src: In function 'aradixsort_bool':
    #6 358.3     numpy/core/src/npysort/radixsort.c.src:202:5: error: 'for' loop initial declarations are only allowed in C99 mode
    #6 358.3          for (npy_intp i = 1; i < num; i++) {
    #6 358.3          ^
    #6 358.3     numpy/core/src/npysort/radixsort.c.src: In function 'radixsort_byte':
    #6 358.3     numpy/core/src/npysort/radixsort.c.src:112:5: error: 'for' loop initial declarations are only allowed in C99 mode
    #6 358.3          for (npy_intp i = 1; i < num; i++) {
    #6 358.3          ^
    #6 358.3     numpy/core/src/npysort/radixsort.c.src: In function 'aradixsort_byte':