## System information
Have I written custom code (as opposed to using a stock example script
provided in TensorFlow): >>> import tensorflow as tf (from example script)  
OS Platform and Distribution (e.g., Linux Ubuntu 16.04):Windows 7 64bit  
TensorFlow installed from (source or binary): binary  
TensorFlow version (use command below): 1.8  
Python version: 3.6.6  
Bazel version (if compiling from source): N/A  
GCC/Compiler version (if compiling from source): N/A  
CUDA/cuDNN version: N/A  
GPU model and memory: N/A  
Exact command to reproduce: import tensorflow as tf
## After much fruitless effort to install the java version of Tensorflow on my
windows machine, i decide to give the python a trial.  
System Information  
OS: Windows 7 64bit,  
Graphics: Intel HD Graphics
First i download Python 3.6.6 and install. After setting the path, i tested
and everything works fine:  
C:\Users\Luke>python  
Python 3.6.6 (v3.6.6:4cf1f54eb7, Jun 27 2018, 03:37:03) [MSC v.1900 64 bit
(AMD64)] on win32  
Type "help", "copyright", "credits" or "license" for more information.
> > > ## Next, run the Tensorflow installation command from the Terminal
> window:  
C:\Windows\system32>cd  
C:>pip3 install --upgrade tensorflow  
Collecting tensorflow  
Downloading
https://files.pythonhosted.org/packages/f4/88/980d7032b7408fcca5b0b8d420fcd97919197a9e7acf280ab74fc7db6993/tensorflow-1.8.0-cp36-cp36m-win_amd64.whl
(34.4MB)  
100% |████████████████████████████████| 34.4MB 23kB/s  
Collecting termcolor>=1.1.0 (from tensorflow)  
Downloading
https://files.pythonhosted.org/packages/8a/48/a76be51647d0eb9f10e2a4511bf3ffb8cc1e6b14e9e4fab46173aa79f981/termcolor-1.1.0.tar.gz  
Collecting gast>=0.2.0 (from tensorflow)  
Downloading
https://files.pythonhosted.org/packages/5c/78/ff794fcae2ce8aa6323e789d1f8b3b7765f601e7702726f430e814822b96/gast-0.2.0.tar.gz  
Collecting numpy>=1.13.3 (from tensorflow)  
Downloading
https://files.pythonhosted.org/packages/0d/b7/0c804e0bcba6505f8392d042d5e333a5e06f308e019517111fbc7767a0bc/numpy-1.14.5-cp36-none-
win_amd64.whl (13.4MB)  
100% |████████████████████████████████| 13.4MB 82kB/s  
Collecting absl-py>=0.1.6 (from tensorflow)  
Downloading
https://files.pythonhosted.org/packages/57/8d/6664518f9b6ced0aa41cf50b989740909261d4c212557400c48e5cda0804/absl-
py-0.2.2.tar.gz (82kB)  
100% |████████████████████████████████| 92kB 55kB/s  
Collecting tensorboard=1.8.0 (from tensorflow)  
Downloading
https://files.pythonhosted.org/packages/59/a6/0ae6092b7542cfedba6b2a1c9b8dceaf278238c39484f3ba03b03f07803c/tensorboard-1.8.0-py3-none-
any.whl (3.1MB)  
100% |████████████████████████████████| 3.1MB 32kB/s  
Collecting grpcio>=1.8.6 (from tensorflow)  
Downloading
https://files.pythonhosted.org/packages/d5/c6/15728549704f9c03db7179b7f99303b91b7703e18a50f5e7b47e59b289ea/grpcio-1.13.0-cp36-cp36m-win_amd64.whl
(1.4MB)  
100% |████████████████████████████████| 1.4MB 42kB/s  
Collecting wheel>=0.26 (from tensorflow)  
Downloading
https://files.pythonhosted.org/packages/81/30/e935244ca6165187ae8be876b6316ae201b71485538ffac1d718843025a9/wheel-0.31.1-py2.py3-none-
any.whl (41kB)  
100% |████████████████████████████████| 51kB 60kB/s  
Collecting protobuf>=3.4.0 (from tensorflow)  
Downloading
https://files.pythonhosted.org/packages/75/7a/0dba607e50b97f6a89fa3f96e23bf56922fa59d748238b30507bfe361bbc/protobuf-3.6.0-cp36-cp36m-win_amd64.whl
(1.1MB)  
100% |████████████████████████████████| 1.1MB 45kB/s  
Collecting six>=1.10.0 (from tensorflow)  
Downloading
https://files.pythonhosted.org/packages/67/4b/141a581104b1f6397bfa78ac9d43d8ad29a7ca43ea90a2d863fe3056e86a/six-1.11.0-py2.py3-none-
any.whl  
Collecting astor>=0.6.0 (from tensorflow)  
Downloading
https://files.pythonhosted.org/packages/b2/91/cc9805f1ff7b49f620136b3a7ca26f6a1be2ed424606804b0fbcf499f712/astor-0.6.2-py2.py3-none-
any.whl  
Collecting markdown>=2.6.8 (from tensorboard=1.8.0->tensorflow)  
Downloading
https://files.pythonhosted.org/packages/6d/7d/488b90f470b96531a3f5788cf12a93332f543dbab13c423a5e7ce96a0493/Markdown-2.6.11-py2.py3-none-
any.whl (78kB)  
100% |████████████████████████████████| 81kB 37kB/s  
Collecting html5lib==0.9999999 (from tensorboard=1.8.0->tensorflow)  
Downloading
https://files.pythonhosted.org/packages/ae/ae/bcb60402c60932b32dfaf19bb53870b29eda2cd17551ba5639219fb5ebf9/html5lib-0.9999999.tar.gz
(889kB)  
100% |████████████████████████████████| 890kB 43kB/s  
Collecting werkzeug>=0.11.10 (from tensorboard=1.8.0->tensorflow)  
Downloading
https://files.pythonhosted.org/packages/20/c4/12e3e56473e52375aa29c4764e70d1b8f3efa6682bef8d0aae04fe335243/Werkzeug-0.14.1-py2.py3-none-
any.whl (322kB)  
100% |████████████████████████████████| 327kB 29kB/s  
Collecting bleach==1.5.0 (from tensorboard=1.8.0->tensorflow)  
Downloading
https://files.pythonhosted.org/packages/33/70/86c5fec937ea4964184d4d6c4f0b9551564f821e1c3575907639036d9b90/bleach-1.5.0-py2.py3-none-
any.whl  
Requirement not upgraded as not directly required: setuptools in
c:\users\luke\appdata\local\programs\python\python36\lib\site-packages (from
protobuf>=3.4.0->tensorflow) (39.0.1)  
Installing collected packages: termcolor, gast, numpy, six, absl-py, markdown,
html5lib, werkzeug, bleach, wheel, protobuf, tensorboard, grpcio, astor,
tensorflow  
Running setup.py install for termcolor ... done  
Running setup.py install for gast ... done  
Running setup.py install for absl-py ... done  
The script markdown_py.exe is installed in
'c:\users\luke\appdata\local\programs\python\python36\Scripts' which is not on
PATH.  
Consider adding this directory to PATH or, if you prefer to suppress this
warning, use --no-warn-script-location.  
Running setup.py install for html5lib ... done  
The script wheel.exe is installed in
'c:\users\luke\appdata\local\programs\python\python36\Scripts' which is not on
PATH.  
Consider adding this directory to PATH or, if you prefer to suppress this
warning, use --no-warn-script-location.  
The script tensorboard.exe is installed in
'c:\users\luke\appdata\local\programs\python\python36\Scripts' which is not on
PATH.  
Consider adding this directory to PATH or, if you prefer to suppress this
warning, use --no-warn-script-location.  
The scripts freeze_graph.exe, saved_model_cli.exe, tensorboard.exe, toco.exe
and toco_from_protos.exe are installed in
'c:\users\luke\appdata\local\programs\python\python36\Scrip  
ts' which is not on PATH.  
Consider adding this directory to PATH or, if you prefer to suppress this
warning, use --no-warn-script-location.  
Successfully installed absl-py-0.2.2 astor-0.6.2 bleach-1.5.0 gast-0.2.0
grpcio-1.13.0 html5lib-0.9999999 markdown-2.6.11 numpy-1.14.5 protobuf-3.6.0
six-1.11.0 tensorboard-1.8.0 t  
ensorflow-1.8.0 termcolor-1.1.0 werkzeug-0.14.1 wheel-0.31.1
From what i observed after the installation, i then added
C:\users\luke\appdata\local\programs\python\python36\Scripts in my path ENV
directly.  
After that i now open another Terminal and run the sample test.  
I first import the Tensorflow with this command:  
C:\Users\Luke>cd\
C:>python  
Python 3.6.6 (v3.6.6:4cf1f54eb7, Jun 27 2018, 03:37:03) [MSC v.1900 64 bit
(AMD64)] on win32  
Type "help", "copyright", "credits" or "license" for more information.
> > > import tensorflow as tf  
>  Traceback (most recent call last):  
>  File "C:\Users\Luke\AppData\Local\Programs\Python\Python36\lib\site-
> packages\tensorflow\python\pywrap_tensorflow_internal.py", line 14, in
> swig_import_helper  
>  return importlib.import_module(mname)  
>  File "C:\Users\Luke\AppData\Local\Programs\Python\Python36\Lib\importlib_
> _init_ _.py", line 126, in import_module  
>  return _bootstrap._gcd_import(name[level:], package, level)  
>  File "", line 994, in _gcd_import  
>  File "", line 971, in _find_and_load  
>  File "", line 955, in _find_and_load_unlocked  
>  File "", line 658, in _load_unlocked  
>  File "", line 571, in module_from_spec  
>  File "", line 922, in create_module  
>  File "", line 219, in _call_with_frames_removed  
>  ImportError: DLL load failed with error code -1073741795
During handling of the above exception, another exception occurred:
Traceback (most recent call last):  
File "C:\Users\Luke\AppData\Local\Programs\Python\Python36\lib\site-
packages\tensorflow\python\pywrap_tensorflow.py", line 58, in  
from tensorflow.python.pywrap_tensorflow_internal import *  
File "C:\Users\Luke\AppData\Local\Programs\Python\Python36\lib\site-
packages\tensorflow\python\pywrap_tensorflow_internal.py", line 17, in  
_pywrap_tensorflow_internal = swig_import_helper()  
File "C:\Users\Luke\AppData\Local\Programs\Python\Python36\lib\site-
packages\tensorflow\python\pywrap_tensorflow_internal.py", line 16, in
swig_import_helper  
return importlib.import_module(' _pywrap_tensorflow_internal')  
File "C:\Users\Luke\AppData\Local\Programs\Python\Python36\Lib\importlib_
_init__.py", line 126, in import_module  
return _bootstrap._gcd_import(name[level:], package, level)  
ModuleNotFoundError: No module named '_pywrap_tensorflow_internal'
During handling of the above exception, another exception occurred:
Traceback (most recent call last):  
File "", line 1, in  
File "C:\Users\Luke\AppData\Local\Programs\Python\Python36\lib\site-
packages\tensorflow_ _init_ _.py", line 24, in  
from tensorflow.python import pywrap_tensorflow # pylint: disable=unused-
import  
File "C:\Users\Luke\AppData\Local\Programs\Python\Python36\lib\site-
packages\tensorflow\python_ _init_ _.py", line 49, in  
from tensorflow.python import pywrap_tensorflow  
File "C:\Users\Luke\AppData\Local\Programs\Python\Python36\lib\site-
packages\tensorflow\python\pywrap_tensorflow.py", line 74, in  
raise ImportError(msg)  
ImportError: Traceback (most recent call last):  
File "C:\Users\Luke\AppData\Local\Programs\Python\Python36\lib\site-
packages\tensorflow\python\pywrap_tensorflow_internal.py", line 14, in
swig_import_helper  
return importlib.import_module(mname)  
File "C:\Users\Luke\AppData\Local\Programs\Python\Python36\Lib\importlib_
_init_ _.py", line 126, in import_module  
return _bootstrap._gcd_import(name[level:], package, level)  
File "", line 994, in _gcd_import  
File "", line 971, in _find_and_load  
File "", line 955, in _find_and_load_unlocked  
File "", line 658, in _load_unlocked  
File "", line 571, in module_from_spec  
File "", line 922, in create_module  
File "", line 219, in _call_with_frames_removed  
ImportError: DLL load failed with error code -1073741795
During handling of the above exception, another exception occurred:
Traceback (most recent call last):  
File "C:\Users\Luke\AppData\Local\Programs\Python\Python36\lib\site-
packages\tensorflow\python\pywrap_tensorflow.py", line 58, in  
from tensorflow.python.pywrap_tensorflow_internal import *  
File "C:\Users\Luke\AppData\Local\Programs\Python\Python36\lib\site-
packages\tensorflow\python\pywrap_tensorflow_internal.py", line 17, in  
_pywrap_tensorflow_internal = swig_import_helper()  
File "C:\Users\Luke\AppData\Local\Programs\Python\Python36\lib\site-
packages\tensorflow\python\pywrap_tensorflow_internal.py", line 16, in
swig_import_helper  
return importlib.import_module(' _pywrap_tensorflow_internal')  
File "C:\Users\Luke\AppData\Local\Programs\Python\Python36\Lib\importlib_
_init__.py", line 126, in import_module  
return _bootstrap._gcd_import(name[level:], package, level)  
ModuleNotFoundError: No module named '_pywrap_tensorflow_internal'
Failed to load the native TensorFlow runtime.
See
https://www.tensorflow.org/install/install_sources#common_installation_problems
for some common reasons and solutions. Include the entire stack trace  
above this error message when asking for help.
> > > * * *
The error code i have: -1073741795 does not match with any of those listed in
the documentation table.  
[I followed this official
documentation](https://www.tensorflow.org/install/install_windows#Common
installation problems)  
I need community assistance please.