### System information
  * **Have I written custom code (as opposed to using a stock example script provided in TensorFlow)** : just tried to import it.
  * **OS Platform and Distribution (e.g., Linux Ubuntu 16.04)** : Windows 10 x64
  * **TensorFlow installed from (source or binary)** : binary
  * **TensorFlow version (use command below)** : tried 1.10 down to 1.4, none worked, only cpu versions.
  * **Python version** : 3.7 (also tried with 3.6)
  * **CPU model and memory** : Intel core-i3 6100 - Skylake architecture [Tried on another system with the same OS and even more advanced cpu, still didn't work.]
  * **Exact command to reproduce** : import tensorflow
### Describe the problem
Can't import. I double checked everything. From github and stackoverflow
issues to whether or not my cpu supports avx instructions (it does) and even
enabled intel virutalization option from boot. **(Please consider these lines
before tagging this as a duplicate.)**
### Source code / logs
Traceback (most recent call last):  
File "FlowTest.py", line 15, in  
import tensorflow  
File "C:\Users\there\AppData\Local\Programs\Python\Python37\lib\site-
packages\tensorflow_ _init_ _.py", line 22, in  
from tensorflow.python import pywrap_tensorflow # pylint: disable=unused-
import  
File "C:\Users\there\AppData\Local\Programs\Python\Python37\lib\site-
packages\tensorflow\python_ _init_ _.py", line 49, in  
from tensorflow.python import pywrap_tensorflow  
File "C:\Users\there\AppData\Local\Programs\Python\Python37\lib\site-
packages\tensorflow\python\pywrap_tensorflow.py", line 74, in  
raise ImportError(msg)  
ImportError: Traceback (most recent call last):  
File "C:\Users\there\AppData\Local\Programs\Python\Python37\lib\site-
packages\tensorflow\python\pywrap_tensorflow_internal.py", line 18, in
swig_import_helper  
fp, pathname, description = imp.find_module('_pywrap_tensorflow_internal',
[dirname( **file** )])  
File "C:\Users\there\AppData\Local\Programs\Python\Python37\lib\imp.py", line
297, in find_module  
raise ImportError(_ERR_MSG.format(name), name=name)  
ImportError: No module named '_pywrap_tensorflow_internal'
During handling of the above exception, another exception occurred:
Traceback (most recent call last):  
File "C:\Users\there\AppData\Local\Programs\Python\Python37\lib\site-
packages\tensorflow\python\pywrap_tensorflow.py", line 58, in  
from tensorflow.python.pywrap_tensorflow_internal import *  
File "C:\Users\there\AppData\Local\Programs\Python\Python37\lib\site-
packages\tensorflow\python\pywrap_tensorflow_internal.py", line 28, in  
_pywrap_tensorflow_internal = swig_import_helper()  
File "C:\Users\there\AppData\Local\Programs\Python\Python37\lib\site-
packages\tensorflow\python\pywrap_tensorflow_internal.py", line 20, in
swig_import_helper  
import _pywrap_tensorflow_internal  
ModuleNotFoundError: No module named '_pywrap_tensorflow_internal'
Failed to load the native TensorFlow runtime.
See
https://www.tensorflow.org/install/install_sources#common_installation_problems
for some common reasons and solutions. Include the entire stack trace  
above this error message when asking for help.