### 优化后的文本

**原始问题链接**: [http://projects.scipy.org/numpy/ticket/1880](http://projects.scipy.org/numpy/ticket/1880)  
**提交时间**: 2011-06-26  
**提交人**: @nilswagner01  
**分配给**: 未知

---

**测试失败详情**:

- **测试名称**: `test_timedelta_scalar_construction` (位于 `test_datetime.TestDateTime` 类中)
- **错误信息**:
  ```
  Traceback (most recent call last):
    File "/home/nwagner/local/lib64/python2.6/site-packages/numpy/core/tests/test_datetime.py", line 189, in test_timedelta_scalar_construction
      assert_equal(str(np.timedelta64(3, 's')), '3 seconds')
    File "/home/nwagner/local/lib64/python2.6/site-packages/numpy/testing/utils.py", line 313, in assert_equal
      raise AssertionError(msg)
  AssertionError: 
  Items are not equal:
   ACTUAL: '%lld seconds'
   DESIRED: '3 seconds'
  ```

**详细描述**:
在执行 `test_timedelta_scalar_construction` 测试时，`np.timedelta64(3, 's')` 的字符串表示形式为 `'%lld seconds'`，而预期结果应为 `'3 seconds'`。这导致了 `AssertionError` 异常的抛出。

**建议**:
请检查 `numpy` 库中 `timedelta64` 对象的字符串表示方法，确保其正确返回预期的时间间隔字符串格式。