Hi all, am seeing this with `1.14.5`, will try to investigate but hoped for
some pointers. NOTE :: This could be down to some of the local patches we
apply. I will try to remove those next and close if that fixes this!
    ======================================================================
    FAIL: numpy.core.tests.test_arrayprint.TestComplexArray.test_str
    ----------------------------------------------------------------------
    Traceback (most recent call last):
      File "/opt/conda/conda-bld/numpy_and_dev_1530448912024/_test_env_placehold_placehold_placehold_placehold_placehold_placehold_placehold_placehold_placehold_placehold_placehold_placehold_placehold_placehold_placehold_placehold_placehold_placehold_placehold_placeh/lib/python2.7/site-packages/nose/case.py", line 197, in runTest
        self.test(*self.arg)
      File "/opt/conda/conda-bld/numpy_and_dev_1530448912024/_test_env_placehold_placehold_placehold_placehold_placehold_placehold_placehold_placehold_placehold_placehold_placehold_placehold_placehold_placehold_placehold_placehold_placehold_placehold_placehold_placeh/lib/python2.7/site-packages/numpy/core/tests/test_arrayprint.py", line 201, in test_str
        assert_equal(res, val)
      File "/opt/conda/conda-bld/numpy_and_dev_1530448912024/_test_env_placehold_placehold_placehold_placehold_placehold_placehold_placehold_placehold_placehold_placehold_placehold_placehold_placehold_placehold_placehold_placehold_placehold_placehold_placehold_placeh/lib/python2.7/site-packages/numpy/testing/nose_tools/utils.py", line 411, in assert_equal
        raise AssertionError(msg)
    AssertionError:
    Items are not equal:
     ACTUAL: '[0.0.j]'
     DESIRED: '[0.+0.j]'
    ======================================================================
    FAIL: Check formatting.
    ----------------------------------------------------------------------
    Traceback (most recent call last):
      File "/opt/conda/conda-bld/numpy_and_dev_1530448912024/_test_env_placehold_placehold_placehold_placehold_placehold_placehold_placehold_placehold_placehold_placehold_placehold_placehold_placehold_placehold_placehold_placehold_placehold_placehold_placehold_placeh/lib/python2.7/site-packages/nose/case.py", line 197, in runTest
        self.test(*self.arg)
      File "/opt/conda/conda-bld/numpy_and_dev_1530448912024/_test_env_placehold_placehold_placehold_placehold_placehold_placehold_placehold_placehold_placehold_placehold_placehold_placehold_placehold_placehold_placehold_placehold_placehold_placehold_placehold_placeh/lib/python2.7/site-packages/numpy/core/tests/test_print.py", line 24, in check_float_type
        err_msg='Failed str formatting for type %s' % tp)
      File "/opt/conda/conda-bld/numpy_and_dev_1530448912024/_test_env_placehold_placehold_placehold_placehold_placehold_placehold_placehold_placehold_placehold_placehold_placehold_placehold_placehold_placehold_placehold_placehold_placehold_placehold_placehold_placeh/lib/python2.7/site-packages/numpy/testing/nose_tools/utils.py", line 411, in assert_equal
        raise AssertionError(msg)
    AssertionError:
    Items are not equal: Failed str formatting for type 
     ACTUAL: '0.'
     DESIRED: '0.0'
    ======================================================================
    FAIL: Check formatting of complex types.
    ----------------------------------------------------------------------
    Traceback (most recent call last):
      File "/opt/conda/conda-bld/numpy_and_dev_1530448912024/_test_env_placehold_placehold_placehold_placehold_placehold_placehold_placehold_placehold_placehold_placehold_placehold_placehold_placehold_placehold_placehold_placehold_placehold_placehold_placehold_placeh/lib/python2.7/site-packages/nose/case.py", line 197, in runTest
        self.test(*self.arg)
      File "/opt/conda/conda-bld/numpy_and_dev_1530448912024/_test_env_placehold_placehold_placehold_placehold_placehold_placehold_placehold_placehold_placehold_placehold_placehold_placehold_placehold_placehold_placehold_placehold_placehold_placehold_placehold_placeh/lib/python2.7/site-packages/numpy/core/tests/test_print.py", line 64, in check_complex_type
        err_msg='Failed str formatting for type %s' % tp)
      File "/opt/conda/conda-bld/numpy_and_dev_1530448912024/_test_env_placehold_placehold_placehold_placehold_placehold_placehold_placehold_placehold_placehold_placehold_placehold_placehold_placehold_placehold_placehold_placehold_placehold_placehold_placehold_placeh/lib/python2.7/site-packages/numpy/testing/nose_tools/utils.py", line 411, in assert_equal
        raise AssertionError(msg)
    AssertionError:
    Items are not equal: Failed str formatting for type 
     ACTUAL: '0.j'
     DESIRED: '0j'
    ======================================================================
    FAIL: Check inf/nan formatting of complex types.
    ----------------------------------------------------------------------
    Traceback (most recent call last):
      File "/opt/conda/conda-bld/numpy_and_dev_1530448912024/_test_env_placehold_placehold_placehold_placehold_placehold_placehold_placehold_placehold_placehold_placehold_placehold_placehold_placehold_placehold_placehold_placehold_placehold_placehold_placehold_placeh/lib/python2.7/site-packages/nose/case.py", line 197, in runTest
        self.test(*self.arg)
      File "/opt/conda/conda-bld/numpy_and_dev_1530448912024/_test_env_placehold_placehold_placehold_placehold_placehold_placehold_placehold_placehold_placehold_placehold_placehold_placehold_placehold_placehold_placehold_placehold_placehold_placehold_placehold_placeh/lib/python2.7/site-packages/numpy/core/tests/test_print.py", line 114, in _check_complex_inf_nan
        assert_equal(str(dtype(c)), s)
      File "/opt/conda/conda-bld/numpy_and_dev_1530448912024/_test_env_placehold_placehold_placehold_placehold_placehold_placehold_placehold_placehold_placehold_placehold_placehold_placehold_placehold_placehold_placehold_placehold_placehold_placehold_placehold_placeh/lib/python2.7/site-packages/numpy/testing/nose_tools/utils.py", line 411, in assert_equal
        raise AssertionError(msg)
    AssertionError:
    Items are not equal:
     ACTUAL: '(nan0.j)'
     DESIRED: '(nan+0j)'
    ======================================================================
    FAIL: Check inf/nan formatting of complex types.
    ----------------------------------------------------------------------
    Traceback (most recent call last):
      File "/opt/conda/conda-bld/numpy_and_dev_1530448912024/_test_env_placehold_placehold_placehold_placehold_placehold_placehold_placehold_placehold_placehold_placehold_placehold_placehold_placehold_placehold_placehold_placehold_placehold_placehold_placehold_placeh/lib/python2.7/site-packages/nose/case.py", line 197, in runTest
        self.test(*self.arg)
      File "/opt/conda/conda-bld/numpy_and_dev_1530448912024/_test_env_placehold_placehold_placehold_placehold_placehold_placehold_placehold_placehold_placehold_placehold_placehold_placehold_placehold_placehold_placehold_placehold_placehold_placehold_placehold_placeh/lib/python2.7/site-packages/numpy/core/tests/test_print.py", line 114, in _check_complex_inf_nan
        assert_equal(str(dtype(c)), s)
      File "/opt/conda/conda-bld/numpy_and_dev_1530448912024/_test_env_placehold_placehold_placehold_placehold_placehold_placehold_placehold_placehold_placehold_placehold_placehold_placehold_placehold_placehold_placehold_placehold_placehold_placehold_placehold_placeh/lib/python2.7/site-packages/numpy/testing/nose_tools/utils.py", line 411, in assert_equal
        raise AssertionError(msg)
    AssertionError:
    Items are not equal:
     ACTUAL: '(nan1.j)'
     DESIRED: '(nan+1j)'
    ======================================================================
    FAIL: Check inf/nan formatting of complex types.
    ----------------------------------------------------------------------
    Traceback (most recent call last):
      File "/opt/conda/conda-bld/numpy_and_dev_1530448912024/_test_env_placehold_placehold_placehold_placehold_placehold_placehold_placehold_placehold_placehold_placehold_placehold_placehold_placehold_placehold_placehold_placehold_placehold_placehold_placehold_placeh/lib/python2.7/site-packages/nose/case.py", line 197, in runTest
        self.test(*self.arg)
      File "/opt/conda/conda-bld/numpy_and_dev_1530448912024/_test_env_placehold_placehold_placehold_placehold_placehold_placehold_placehold_placehold_placehold_placehold_placehold_placehold_placehold_placehold_placehold_placehold_placehold_placehold_placehold_placeh/lib/python2.7/site-packages/numpy/core/tests/test_print.py", line 114, in _check_complex_inf_nan
        assert_equal(str(dtype(c)), s)
      File "/opt/conda/conda-bld/numpy_and_dev_1530448912024/_test_env_placehold_placehold_placehold_placehold_placehold_placehold_placehold_placehold_placehold_placehold_placehold_placehold_placehold_placehold_placehold_placehold_placehold_placehold_placehold_placeh/lib/python2.7/site-packages/numpy/testing/nose_tools/utils.py", line 411, in assert_equal
        raise AssertionError(msg)
    AssertionError:
    Items are not equal:
     ACTUAL: '(1.-infj)'
     DESIRED: '(1-infj)'
    ======================================================================
    FAIL: Check inf/nan formatting of complex types.
    ----------------------------------------------------------------------
    Traceback (most recent call last):
      File "/opt/conda/conda-bld/numpy_and_dev_1530448912024/_test_env_placehold_placehold_placehold_placehold_placehold_placehold_placehold_placehold_placehold_placehold_placehold_placehold_placehold_placehold_placehold_placehold_placehold_placehold_placehold_placeh/lib/python2.7/site-packages/nose/case.py", line 197, in runTest
        self.test(*self.arg)
      File "/opt/conda/conda-bld/numpy_and_dev_1530448912024/_test_env_placehold_placehold_placehold_placehold_placehold_placehold_placehold_placehold_placehold_placehold_placehold_placehold_placehold_placehold_placehold_placehold_placehold_placehold_placehold_placeh/lib/python2.7/site-packages/numpy/core/tests/test_print.py", line 114, in _check_complex_inf_nan
        assert_equal(str(dtype(c)), s)
      File "/opt/conda/conda-bld/numpy_and_dev_1530448912024/_test_env_placehold_placehold_placehold_placehold_placehold_placehold_placehold_placehold_placehold_placehold_placehold_placehold_placehold_placehold_placehold_placehold_placehold_placehold_placehold_placeh/lib/python2.7/site-packages/numpy/testing/nose_tools/utils.py", line 411, in assert_equal
        raise AssertionError(msg)
    AssertionError:
    Items are not equal:
     ACTUAL: '(nan0.j)'
     DESIRED: '(nan+0j)'
    ======================================================================
    FAIL: Check inf/nan formatting of complex types.
    ----------------------------------------------------------------------
    Traceback (most recent call last):
      File "/opt/conda/conda-bld/numpy_and_dev_1530448912024/_test_env_placehold_placehold_placehold_placehold_placehold_placehold_placehold_placehold_placehold_placehold_placehold_placehold_placehold_placehold_placehold_placehold_placehold_placehold_placehold_placeh/lib/python2.7/site-packages/nose/case.py", line 197, in runTest
        self.test(*self.arg)
      File "/opt/conda/conda-bld/numpy_and_dev_1530448912024/_test_env_placehold_placehold_placehold_placehold_placehold_placehold_placehold_placehold_placehold_placehold_placehold_placehold_placehold_placehold_placehold_placehold_placehold_placehold_placehold_placeh/lib/python2.7/site-packages/numpy/core/tests/test_print.py", line 114, in _check_complex_inf_nan
        assert_equal(str(dtype(c)), s)
      File "/opt/conda/conda-bld/numpy_and_dev_1530448912024/_test_env_placehold_placehold_placehold_placehold_placehold_placehold_placehold_placehold_placehold_placehold_placehold_placehold_placehold_placehold_placehold_placehold_placehold_placehold_placehold_placeh/lib/python2.7/site-packages/numpy/testing/nose_tools/utils.py", line 411, in assert_equal
        raise AssertionError(msg)
    AssertionError:
    Items are not equal:
     ACTUAL: '(1.+nanj)'
     DESIRED: '(1+nanj)'
    ======================================================================
    FAIL: Check inf/nan formatting of complex types.
    ----------------------------------------------------------------------
    Traceback (most recent call last):
      File "/opt/conda/conda-bld/numpy_and_dev_1530448912024/_test_env_placehold_placehold_placehold_placehold_placehold_placehold_placehold_placehold_placehold_placehold_placehold_placehold_placehold_placehold_placehold_placehold_placehold_placehold_placehold_placeh/lib/python2.7/site-packages/nose/case.py", line 197, in runTest
        self.test(*self.arg)
      File "/opt/conda/conda-bld/numpy_and_dev_1530448912024/_test_env_placehold_placehold_placehold_placehold_placehold_placehold_placehold_placehold_placehold_placehold_placehold_placehold_placehold_placehold_placehold_placehold_placehold_placehold_placehold_placeh/lib/python2.7/site-packages/numpy/core/tests/test_print.py", line 114, in _check_complex_inf_nan
        assert_equal(str(dtype(c)), s)
      File "/opt/conda/conda-bld/numpy_and_dev_1530448912024/_test_env_placehold_placehold_placehold_placehold_placehold_placehold_placehold_placehold_placehold_placehold_placehold_placehold_placehold_placehold_placehold_placehold_placehold_placehold_placehold_placeh/lib/python2.7/site-packages/numpy/testing/nose_tools/utils.py", line 411, in assert_equal
        raise AssertionError(msg)
    AssertionError:
    Items are not equal:
     ACTUAL: '(-inf0.j)'
     DESIRED: '(-inf+0j)'
    ======================================================================
    FAIL: Check inf/nan formatting of complex types.
    ----------------------------------------------------------------------
    Traceback (most recent call last):
      File "/opt/conda/conda-bld/numpy_and_dev_1530448912024/_test_env_placehold_placehold_placehold_placehold_placehold_placehold_placehold_placehold_placehold_placehold_placehold_placehold_placehold_placehold_placehold_placehold_placehold_placehold_placehold_placeh/lib/python2.7/site-packages/nose/case.py", line 197, in runTest
        self.test(*self.arg)
      File "/opt/conda/conda-bld/numpy_and_dev_1530448912024/_test_env_placehold_placehold_placehold_placehold_placehold_placehold_placehold_placehold_placehold_placehold_placehold_placehold_placehold_placehold_placehold_placehold_placehold_placehold_placehold_placeh/lib/python2.7/site-packages/numpy/core/tests/test_print.py", line 114, in _check_complex_inf_nan
        assert_equal(str(dtype(c)), s)
      File "/opt/conda/conda-bld/numpy_and_dev_1530448912024/_test_env_placehold_placehold_placehold_placehold_placehold_placehold_placehold_placehold_placehold_placehold_placehold_placehold_placehold_placehold_placehold_placehold_placehold_placehold_placehold_placeh/lib/python2.7/site-packages/numpy/testing/nose_tools/utils.py", line 411, in assert_equal
        raise AssertionError(msg)
    AssertionError:
    Items are not equal:
     ACTUAL: '(1.+infj)'
     DESIRED: '(1+infj)'
    ======================================================================
    FAIL: Check inf/nan formatting of complex types.
    ----------------------------------------------------------------------
    Traceback (most recent call last):
      File "/opt/conda/conda-bld/numpy_and_dev_1530448912024/_test_env_placehold_placehold_placehold_placehold_placehold_placehold_placehold_placehold_placehold_placehold_placehold_placehold_placehold_placehold_placehold_placehold_placehold_placehold_placehold_placeh/lib/python2.7/site-packages/nose/case.py", line 197, in runTest
        self.test(*self.arg)
      File "/opt/conda/conda-bld/numpy_and_dev_1530448912024/_test_env_placehold_placehold_placehold_placehold_placehold_placehold_placehold_placehold_placehold_placehold_placehold_placehold_placehold_placehold_placehold_placehold_placehold_placehold_placehold_placeh/lib/python2.7/site-packages/numpy/core/tests/test_print.py", line 114, in _check_complex_inf_nan
        assert_equal(str(dtype(c)), s)
      File "/opt/conda/conda-bld/numpy_and_dev_1530448912024/_test_env_placehold_placehold_placehold_placehold_placehold_placehold_placehold_placehold_placehold_placehold_placehold_placehold_placehold_placehold_placehold_placehold_placehold_placehold_placehold_placeh/lib/python2.7/site-packages/numpy/testing/nose_tools/utils.py", line 411, in assert_equal
        raise AssertionError(msg)
    AssertionError:
    Items are not equal:
     ACTUAL: '(inf0.j)'
     DESIRED: '(inf+0j)'
    ======================================================================
    FAIL: Check inf/nan formatting of complex types.
    ----------------------------------------------------------------------
    Traceback (most recent call last):