{"user_comment":"Specfile syntax was violated.","context":"Warning: Permanently added '3.239.115.150' (ED25519) to the list of known hosts.\r\n\nYou can reproduce this build on your computer by running:\n\n  sudo dnf install copr-rpmbuild\n  \/usr\/bin\/copr-rpmbuild --verbose --drop-resultdir --task-url https:\/\/copr.fedorainfracloud.org\/backend\/get-build-task\/6973347-fedora-rawhide-x86_64 --chroot fedora-rawhide-x86_64\n\n\nVersion: 0.70\nPID: 6271\nLogging PID: 6272\nTask:\n{'appstream': False,\n 'background': True,\n 'bootstrap': 'off',\n 'build_id': 6973347,\n 'buildroot_pkgs': [],\n 'chroot': 'fedora-rawhide-x86_64',\n 'enable_net': False,\n 'fedora_review': False,\n 'git_hash': 'fb580c002919b1d7da30c4e561def1073853201a',\n 'git_repo': 'https:\/\/copr-dist-git.fedorainfracloud.org\/git\/@python\/python3.13\/python-setuptools',\n 'isolation': 'default',\n 'memory_reqs': 2048,\n 'package_name': 'python-setuptools',\n 'package_version': '68.2.2-7',\n 'project_dirname': 'python3.13',\n 'project_name': 'python3.13',\n 'project_owner': '@python',\n 'repo_priority': 9,\n 'repos': [{'baseurl': 'https:\/\/download.copr.fedorainfracloud.org\/results\/@python\/python3.13\/fedora-rawhide-x86_64\/',\n            'id': 'copr_base',\n            'name': 'Copr repository',\n            'priority': 9},\n           {'baseurl': 'http:\/\/kojipkgs.fedoraproject.org\/repos\/rawhide\/latest\/$basearch\/',\n            'id': 'http_kojipkgs_fedoraproject_org_repos_rawhide_latest_basearch',\n            'name': 'Additional repo http_kojipkgs_fedoraproject_org_repos_rawhide_latest_basearch'}],\n 'sandbox': '@python\/python3.13--https:\/\/src.fedoraproject.org\/user\/thrnciar',\n 'source_json': {},\n 'source_type': None,\n 'submitter': 'https:\/\/src.fedoraproject.org\/user\/thrnciar',\n 'tags': [],\n 'task_id': '6973347-fedora-rawhide-x86_64',\n 'timeout': 18000,\n 'uses_devel_repo': False,\n 'with_opts': [],\n 'without_opts': []}\n\nRunning: git clone https:\/\/copr-dist-git.fedorainfracloud.org\/git\/@python\/python3.13\/python-setuptools \/var\/lib\/copr-rpmbuild\/workspace\/workdir-p0azun64\/python-setuptools --depth 500 --no-single-branch --recursive\n\ncmd: ['git', 'clone', 'https:\/\/copr-dist-git.fedorainfracloud.org\/git\/@python\/python3.13\/python-setuptools', '\/var\/lib\/copr-rpmbuild\/workspace\/workdir-p0azun64\/python-setuptools', '--depth', '500', '--no-single-branch', '--recursive']\ncwd: .\nrc: 0\nstdout: \nstderr: Cloning into '\/var\/lib\/copr-rpmbuild\/workspace\/workdir-p0azun64\/python-setuptools'...\n\nRunning: git checkout fb580c002919b1d7da30c4e561def1073853201a --\n\ncmd: ['git', 'checkout', 'fb580c002919b1d7da30c4e561def1073853201a', '--']\ncwd: \/var\/lib\/copr-rpmbuild\/workspace\/workdir-p0azun64\/python-setuptools\nrc: 0\nstdout: \nstderr: Note: switching to 'fb580c002919b1d7da30c4e561def1073853201a'.\n\nYou are in 'detached HEAD' state. You can look around, make experimental\nchanges and commit them, and you can discard any commits you make in this\nstate without impacting any branches by switching back to a branch.\n\nIf you want to create a new branch to retain commits you create, you may\ndo so (now or later) by using -c with the switch command. Example:\n\n  git switch -c \n\nOr undo this operation with:\n\n  git switch -\n\nTurn off this advice by setting config variable advice.detachedHead to false\n\nHEAD is now at fb580c0 automatic import of python-setuptools\n\nRunning: copr-distgit-client sources\n\ncmd: ['copr-distgit-client', 'sources']\ncwd: \/var\/lib\/copr-rpmbuild\/workspace\/workdir-p0azun64\/python-setuptools\nrc: 0\nstdout: \nstderr: INFO: Reading stdout from command: git rev-parse --abbrev-ref HEAD\nINFO: Reading stdout from command: git rev-parse HEAD\nINFO: Reading sources specification file: sources\nINFO: Downloading setuptools-68.2.2.tar.gz\nINFO: Reading stdout from command: curl --help all\nINFO: Calling: curl -H Pragma: -o setuptools-68.2.2.tar.gz --location --connect-timeout 60 --retry 3 --retry-delay 10 --remote-time --show-error --fail --retry-all-errors https:\/\/copr-dist-git.fedorainfracloud.org\/repo\/pkgs\/@python\/python3.13\/python-setuptools\/setuptools-68.2.2.tar.gz\/md5\/d967ca2ba7f46db887daee2d5c9bd6a2\/setuptools-68.2.2.tar.gz\n  % Total    % Received % Xferd  Average Speed   Time    Time     Time  Current\n\/usr\/bin\/tail: \/var\/lib\/copr-rpmbuild\/main.log: file truncated\n                                 Dload  Upload   Total   Spent    Left  Speed\n100 2151k  100 2151k    0     0  39.1M      0 --:--:-- --:--:-- --:--:-- 39.6M\nINFO: Reading stdout from command: md5sum setuptools-68.2.2.tar.gz\n\nRunning (timeout=18000): unbuffer mock --spec \/var\/lib\/copr-rpmbuild\/workspace\/workdir-p0azun64\/python-setuptools\/python-setuptools.spec --sources \/var\/lib\/copr-rpmbuild\/workspace\/workdir-p0azun64\/python-setuptools --resultdir \/var\/lib\/copr-rpmbuild\/results --uniqueext 1706618514.825877 -r \/var\/lib\/copr-rpmbuild\/results\/configs\/child.cfg\nINFO: mock.py version 5.4 starting (python version = 3.11.3, NVR = mock-5.4-1.fc38), args: \/usr\/libexec\/mock\/mock --spec \/var\/lib\/copr-rpmbuild\/workspace\/workdir-p0azun64\/python-setuptools\/python-setuptools.spec --sources \/var\/lib\/copr-rpmbuild\/workspace\/workdir-p0azun64\/python-setuptools --resultdir \/var\/lib\/copr-rpmbuild\/results --uniqueext 1706618514.825877 -r \/var\/lib\/copr-rpmbuild\/results\/configs\/child.cfg\nStart: init plugins\nINFO: tmpfs initialized\nINFO: selinux enabled\nINFO: chroot_scan: initialized\nINFO: compress_logs: initialized\nFinish: init plugins\nINFO: Signal handler active\nStart: run\nINFO: Start(\/var\/lib\/copr-rpmbuild\/workspace\/workdir-p0azun64\/python-setuptools\/python-setuptools.spec)  Config(fedora-rawhide-x86_64)\nStart: clean chroot\nFinish: clean chroot\nMock Version: 5.4\nINFO: Mock Version: 5.4\nStart: chroot init\nINFO: mounting tmpfs at \/var\/lib\/mock\/fedora-rawhide-x86_64-1706618514.825877\/root.\nINFO: calling preinit hooks\nINFO: enabled root cache\nINFO: enabled package manager cache\nStart: cleaning package manager metadata\nFinish: cleaning package manager metadata\nINFO: enabled HW Info plugin\nINFO: Package manager dnf5 detected and used (fallback)\nINFO: Buildroot is handled by package management from host and used with --installroot:\n  rpm-4.18.2-1.fc38.x86_64\n  rpm-sequoia-1.4.0-3.fc38.x86_64\n  python3-dnf-4.18.2-1.fc38.noarch\n  python3-dnf-plugins-core-4.4.4-1.fc38.noarch\n  yum-4.18.2-1.fc38.noarch\n  dnf5-5.1.11-1.fc38.x86_64\n  dnf5-plugins-5.1.11-1.fc38.x86_64\nStart: installing minimal buildroot with dnf5\nUpdating and loading repositories:\n fedora                                 100% |  39.2 MiB\/s |  20.7 MiB |  00m01s\n Copr repository                        100% |  56.9 MiB\/s |   4.8 MiB |  00m00s\n Additional repo http_kojipkgs_fedorapr 100% |  76.3 MiB\/s |  16.9 MiB |  00m00s\nRepositories loaded.\nPackage                           Arch   Version                    Repository                                                         Size\nInstalling group\/module packages:                                                                                                          \n bash                             x86_64 5.2.26-2.fc40              http_kojipkgs_fedoraproject_org_repos_rawhide_latest_basearch   8.1 MiB\n bzip2                            x86_64 1.0.8-18.fc40              http_kojipkgs_fedoraproject_org_repos_rawhide_latest_basearch  91.7 KiB\n coreutils                        x86_64 9.4-5.fc40                 http_kojipkgs_fedoraproject_org_repos_rawhide_latest_basearch   5.8 MiB\n cpio                             x86_64 2.15-1.fc40                http_kojipkgs_fedoraproject_org_repos_rawhide_latest_basearch   1.1 MiB\n diffutils                        x86_64 3.10-5.fc40                http_kojipkgs_fedoraproject_org_repos_rawhide_latest_basearch   1.6 MiB\n fedora-release-common            noarch 40-0.29                    http_kojipkgs_fedoraproject_org_repos_rawhide_latest_basearch  19.1 KiB\n findutils                        x86_64 1:4.9.0-8.fc40             http_kojipkgs_fedoraproject_org_repos_rawhide_latest_basearch   1.5 MiB\n gawk                             x86_64 5.3.0-3.fc40               http_kojipkgs_fedoraproject_org_repos_rawhide_latest_basearch   1.7 MiB\n glibc-minimal-langpack           x86_64 2.38.9000-35.fc40          http_kojipkgs_fedoraproject_org_repos_rawhide_latest_basearch   0.0   B\n grep                             x86_64 3.11-7.fc40                http_kojipkgs_fedoraproject_org_repos_rawhide_latest_basearch   1.0 MiB\n gzip                             x86_64 1.12-8.fc40                http_kojipkgs_fedoraproject_org_repos_rawhide_latest_basearch 372.0 KiB\n info                             x86_64 7.1-2.fc40                 http_kojipkgs_fedoraproject_org_repos_rawhide_latest_basearch 357.8 KiB\n patch                            x86_64 2.7.6-24.fc40              http_kojipkgs_fedoraproject_org_repos_rawhide_latest_basearch 262.8 KiB\n redhat-rpm-config                noarch 280-1.fc40                 http_kojipkgs_fedoraproject_org_repos_rawhide_latest_basearch 183.2 KiB\n rpm-build                        x86_64 4.19.1-4.fc40              copr_base                                                     173.7 KiB\n sed                              x86_64 4.8-15.fc40                http_kojipkgs_fedoraproject_org_repos_rawhide_latest_basearch 797.9 KiB\n shadow-utils                     x86_64 2:4.14.0-4.fc40            http_kojipkgs_fedoraproject_org_repos_rawhide_latest_basearch   4.0 MiB\n tar                              x86_64 2:1.35-3.fc40              http_kojipkgs_fedoraproject_org_repos_rawhide_latest_basearch   2.9 MiB\n unzip                            x86_64 6.0-63.fc40                http_kojipkgs_fedoraproject_org_repos_rawhide_latest_basearch 382.8 KiB\n util-linux                       x86_64 2.39.3-4.fc40              copr_base                                                       3.5 MiB\n which                            x86_64 2.21-41.fc40               http_kojipkgs_fedoraproject_org_repos_rawhide_latest_basearch  80.2 KiB\n xz                               x86_64 5.4.6-1.fc40               http_kojipkgs_fedoraproject_org_repos_rawhide_latest_basearch   2.0 MiB\nInstalling dependencies:                                                                                                                   \n alternatives                     x86_64 1.26-3.fc40                http_kojipkgs_fedoraproject_org_repos_rawhide_latest_basearch  62.3 KiB\n ansible-srpm-macros              noarch 1-14.fc40                  http_kojipkgs_fedoraproject_org_repos_rawhide_latest_basearch  35.7 KiB\n audit-libs                       x86_64 4.0-7.fc40                 copr_base                                                     311.3 KiB\n authselect                       x86_64 1.5.0-3.fc40               http_kojipkgs_fedoraproject_org_repos_rawhide_latest_basearch 156.6 KiB\n authselect-libs                  x86_64 1.5.0-3.fc40               http_kojipkgs_fedoraproject_org_repos_rawhide_latest_basearch 987.8 KiB\n basesystem                       noarch 11-20.fc40                 http_kojipkgs_fedoraproject_org_repos_rawhide_latest_basearch   0.0   B\n binutils                         x86_64 2.41-31.fc40               http_kojipkgs_fedoraproject_org_repos_rawhide_latest_basearch  26.4 MiB\n binutils-gold                    x86_64 2.41-31.fc40               http_kojipkgs_fedoraproject_org_repos_rawhide_latest_basearch   2.0 MiB\n bzip2-libs                       x86_64 1.0.8-18.fc40              http_kojipkgs_fedoraproject_org_repos_rawhide_latest_basearch  80.7 KiB\n ca-certificates                  noarch 2023.2.62_v7.0.401-6.fc40  http_kojipkgs_fedoraproject_org_repos_rawhide_latest_basearch   2.3 MiB\n coreutils-common                 x86_64 9.4-5.fc40                 http_kojipkgs_fedoraproject_org_repos_rawhide_latest_basearch  11.4 MiB\n cracklib                         x86_64 2.9.11-5.fc40              http_kojipkgs_fedoraproject_org_repos_rawhide_latest_basearch 238.9 KiB\n crypto-policies                  noarch 20231204-3.git1e3a2e4.fc40 http_kojipkgs_fedoraproject_org_repos_rawhide_latest_basearch 149.3 KiB\n curl                             x86_64 8.5.0-2.fc40               http_kojipkgs_fedoraproject_org_repos_rawhide_latest_basearch 794.4 KiB\n cyrus-sasl-lib                   x86_64 2.1.28-19.fc40             http_kojipkgs_fedoraproject_org_repos_rawhide_latest_basearch   2.3 MiB\n debugedit                        x86_64 5.0-14.fc40                http_kojipkgs_fedoraproject_org_repos_rawhide_latest_basearch 199.0 KiB\n dwz                              x86_64 0.15-5.fc40                http_kojipkgs_fedoraproject_org_repos_rawhide_latest_basearch 290.9 KiB\n ed                               x86_64 1.20-2.fc40                http_kojipkgs_fedoraproject_org_repos_rawhide_latest_basearch 146.4 KiB\n efi-srpm-macros                  noarch 5-11.fc40                  http_kojipkgs_fedoraproject_org_repos_rawhide_latest_basearch  40.1 KiB\n elfutils                         x86_64 0.190-6.fc40               http_kojipkgs_fedoraproject_org_repos_rawhide_latest_basearch   2.5 MiB\n elfutils-debuginfod-client       x86_64 0.190-6.fc40               http_kojipkgs_fedoraproject_org_repos_rawhide_latest_basearch  64.9 KiB\n elfutils-default-yama-scope      noarch 0.190-6.fc40               http_kojipkgs_fedoraproject_org_repos_rawhide_latest_basearch   1.8 KiB\n elfutils-libelf                  x86_64 0.190-6.fc40               http_kojipkgs_fedoraproject_org_repos_rawhide_latest_basearch   1.0 MiB\n elfutils-libs                    x86_64 0.190-6.fc40               http_kojipkgs_fedoraproject_org_repos_rawhide_latest_basearch 642.1 KiB\n fedora-gpg-keys                  noarch 40-0.2                     http_kojipkgs_fedoraproject_org_repos_rawhide_latest_basearch 123.2 KiB\n fedora-release                   noarch 40-0.29                    http_kojipkgs_fedoraproject_org_repos_rawhide_latest_basearch   0.0   B\n fedora-release-identity-basic    noarch 40-0.29                    http_kojipkgs_fedoraproject_org_repos_rawhide_latest_basearch 694.0   B\n fedora-repos                     noarch 40-0.2                     http_kojipkgs_fedoraproject_org_repos_rawhide_latest_basearch   4.9 KiB\n fedora-repos-rawhide             noarch 40-0.2                     http_kojipkgs_fedoraproject_org_repos_rawhide_latest_basearch   2.2 KiB\n file                             x86_64 5.45-3.fc40                copr_base                                                     103.5 KiB\n file-libs                        x86_64 5.45-3.fc40                copr_base                                                       9.9 MiB\n filesystem                       x86_64 3.18-8.fc40                http_kojipkgs_fedoraproject_org_repos_rawhide_latest_basearch 106.0   B\n fonts-srpm-macros                noarch 1:2.0.5-14.fc40            http_kojipkgs_fedoraproject_org_repos_rawhide_latest_basearch  55.3 KiB\n forge-srpm-macros                noarch 0.2.0-3.fc40               http_kojipkgs_fedoraproject_org_repos_rawhide_latest_basearch  37.4 KiB\n fpc-srpm-macros                  noarch 1.3-12.fc40                http_kojipkgs_fedoraproject_org_repos_rawhide_latest_basearch 144.0   B\n gdb-minimal                      x86_64 14.1-8.fc40                copr_base                                                      12.3 MiB\n gdbm                             x86_64 1:1.23-6.fc40              http_kojipkgs_fedoraproject_org_repos_rawhide_latest_basearch 460.9 KiB\n gdbm-libs                        x86_64 1:1.23-6.fc40              http_kojipkgs_fedoraproject_org_repos_rawhide_latest_basearch 121.9 KiB\n ghc-srpm-macros                  noarch 1.6.1-5.fc40               http_kojipkgs_fedoraproject_org_repos_rawhide_latest_basearch 369.0   B\n glibc                            x86_64 2.38.9000-35.fc40          http_kojipkgs_fedoraproject_org_repos_rawhide_latest_basearch   6.7 MiB\n glibc-common                     x86_64 2.38.9000-35.fc40          http_kojipkgs_fedoraproject_org_repos_rawhide_latest_basearch   1.0 MiB\n glibc-gconv-extra                x86_64 2.38.9000-35.fc40          http_kojipkgs_fedoraproject_org_repos_rawhide_latest_basearch   7.8 MiB\n gmp                              x86_64 1:6.2.1-8.fc40             http_kojipkgs_fedoraproject_org_repos_rawhide_latest_basearch 794.6 KiB\n gnat-srpm-macros                 noarch 6-5.fc40                   http_kojipkgs_fedoraproject_org_repos_rawhide_latest_basearch   1.0 KiB\n go-srpm-macros                   noarch 3.3.1-3.fc40               http_kojipkgs_fedoraproject_org_repos_rawhide_latest_basearch  60.6 KiB\n jansson                          x86_64 2.13.1-9.fc40              http_kojipkgs_fedoraproject_org_repos_rawhide_latest_basearch  88.3 KiB\n kernel-srpm-macros               noarch 1.0-22.fc40                http_kojipkgs_fedoraproject_org_repos_rawhide_latest_basearch   1.9 KiB\n keyutils-libs                    x86_64 1.6.3-3.fc40               http_kojipkgs_fedoraproject_org_repos_rawhide_latest_basearch  54.4 KiB\n krb5-libs                        x86_64 1.21.2-5.fc40              http_kojipkgs_fedoraproject_org_repos_rawhide_latest_basearch   2.3 MiB\n libacl                           x86_64 2.3.2-1.fc40               http_kojipkgs_fedoraproject_org_repos_rawhide_latest_basearch  40.0 KiB\n libarchive                       x86_64 3.7.2-3.fc40               http_kojipkgs_fedoraproject_org_repos_rawhide_latest_basearch 914.6 KiB\n libattr                          x86_64 2.5.2-3.fc40               http_kojipkgs_fedoraproject_org_repos_rawhide_latest_basearch  28.5 KiB\n libblkid                         x86_64 2.39.3-4.fc40              copr_base                                                     229.0 KiB\n libbrotli                        x86_64 1.1.0-3.fc40               copr_base                                                     829.5 KiB\n libcap                           x86_64 2.69-3.fc40                http_kojipkgs_fedoraproject_org_repos_rawhide_latest_basearch 217.2 KiB\n libcap-ng                        x86_64 0.8.4-4.fc40               copr_base                                                      73.1 KiB\n libcom_err                       x86_64 1.47.0-4.fc40              http_kojipkgs_fedoraproject_org_repos_rawhide_latest_basearch  67.2 KiB\n libcurl                          x86_64 8.5.0-2.fc40               http_kojipkgs_fedoraproject_org_repos_rawhide_latest_basearch 768.6 KiB\n libeconf                         x86_64 0.5.2-3.fc40               http_kojipkgs_fedoraproject_org_repos_rawhide_latest_basearch  52.0 KiB\n libevent                         x86_64 2.1.12-11.fc40             http_kojipkgs_fedoraproject_org_repos_rawhide_latest_basearch 895.6 KiB\n libfdisk                         x86_64 2.39.3-4.fc40              copr_base                                                     362.9 KiB\n libffi                           x86_64 3.4.4-7.fc40               http_kojipkgs_fedoraproject_org_repos_rawhide_latest_basearch  81.6 KiB\n libgcc                           x86_64 14.0.1-0.4.fc40            http_kojipkgs_fedoraproject_org_repos_rawhide_latest_basearch 270.6 KiB\n libgomp                          x86_64 14.0.1-0.4.fc40            http_kojipkgs_fedoraproject_org_repos_rawhide_latest_basearch 517.8 KiB\n libidn2                          x86_64 2.3.7-1.fc40               http_kojipkgs_fedoraproject_org_repos_rawhide_latest_basearch 329.1 KiB\n libmount                         x86_64 2.39.3-4.fc40              copr_base                                                     352.1 KiB\n libnghttp2                       x86_64 1.59.0-2.fc40              http_kojipkgs_fedoraproject_org_repos_rawhide_latest_basearch 166.1 KiB\n libnsl2                          x86_64 2.0.1-1.fc40               http_kojipkgs_fedoraproject_org_repos_rawhide_latest_basearch  57.9 KiB\n libpkgconf                       x86_64 1.9.5-4.fc40               http_kojipkgs_fedoraproject_org_repos_rawhide_latest_basearch  74.1 KiB\n libpsl                           x86_64 0.21.5-3.fc40              http_kojipkgs_fedoraproject_org_repos_rawhide_latest_basearch  80.5 KiB\n libpwquality                     x86_64 1.4.5-9.fc40               copr_base                                                     417.8 KiB\n libselinux                       x86_64 3.6-4.fc40                 copr_base                                                     173.0 KiB\n libsemanage                      x86_64 3.6-3.fc40                 copr_base                                                     293.5 KiB\n libsepol                         x86_64 3.6-3.fc40                 http_kojipkgs_fedoraproject_org_repos_rawhide_latest_basearch 802.0 KiB\n libsmartcols                     x86_64 2.39.3-4.fc40              copr_base                                                     144.1 KiB\n libssh                           x86_64 0.10.6-4.fc40              http_kojipkgs_fedoraproject_org_repos_rawhide_latest_basearch 509.3 KiB\n libssh-config                    noarch 0.10.6-4.fc40              http_kojipkgs_fedoraproject_org_repos_rawhide_latest_basearch 277.0   B\n libstdc++                        x86_64 14.0.1-0.4.fc40            http_kojipkgs_fedoraproject_org_repos_rawhide_latest_basearch   2.8 MiB\n libtasn1                         x86_64 4.19.0-6.fc40              http_kojipkgs_fedoraproject_org_repos_rawhide_latest_basearch 175.7 KiB\n libtirpc                         x86_64 1.3.4-1.rc2.fc40.2         http_kojipkgs_fedoraproject_org_repos_rawhide_latest_basearch 202.8 KiB\n libunistring                     x86_64 1.1-7.fc40                 http_kojipkgs_fedoraproject_org_repos_rawhide_latest_basearch   1.7 MiB\n libutempter                      x86_64 1.2.1-13.fc40              http_kojipkgs_fedoraproject_org_repos_rawhide_latest_basearch  57.7 KiB\n libuuid                          x86_64 2.39.3-4.fc40              copr_base                                                      37.5 KiB\n libverto                         x86_64 0.3.2-8.fc40               http_kojipkgs_fedoraproject_org_repos_rawhide_latest_basearch  29.5 KiB\n libxcrypt                        x86_64 4.4.36-5.fc40              http_kojipkgs_fedoraproject_org_repos_rawhide_latest_basearch 262.8 KiB\n libxml2                          x86_64 2.12.4-3.fc40              copr_base                                                       1.7 MiB\n libzstd                          x86_64 1.5.5-5.fc40               http_kojipkgs_fedoraproject_org_repos_rawhide_latest_basearch 772.0 KiB\n lua-libs                         x86_64 5.4.6-5.fc40               http_kojipkgs_fedoraproject_org_repos_rawhide_latest_basearch 281.1 KiB\n lua-srpm-macros                  noarch 1-11.fc40                  http_kojipkgs_fedoraproject_org_repos_rawhide_latest_basearch   1.3 KiB\n lz4-libs                         x86_64 1.9.4-6.fc40               http_kojipkgs_fedoraproject_org_repos_rawhide_latest_basearch 129.4 KiB\n mpfr                             x86_64 4.2.1-3.fc40               http_kojipkgs_fedoraproject_org_repos_rawhide_latest_basearch 832.0 KiB\n ncurses-base                     noarch 6.4-11.20240113.fc40       http_kojipkgs_fedoraproject_org_repos_rawhide_latest_basearch 326.2 KiB\n ncurses-libs                     x86_64 6.4-11.20240113.fc40       http_kojipkgs_fedoraproject_org_repos_rawhide_latest_basearch 963.2 KiB\n ocaml-srpm-macros                noarch 9-3.fc40                   http_kojipkgs_fedoraproject_org_repos_rawhide_latest_basearch   1.9 KiB\n openblas-srpm-macros             noarch 2-16.fc40                  http_kojipkgs_fedoraproject_org_repos_rawhide_latest_basearch 104.0   B\n openldap                         x86_64 2.6.6-1.fc39               http_kojipkgs_fedoraproject_org_repos_rawhide_latest_basearch 641.5 KiB\n openssl-libs                     x86_64 1:3.1.4-4.fc40             http_kojipkgs_fedoraproject_org_repos_rawhide_latest_basearch   7.3 MiB\n p11-kit                          x86_64 0.25.3-1.fc40              http_kojipkgs_fedoraproject_org_repos_rawhide_latest_basearch   2.4 MiB\n p11-kit-trust                    x86_64 0.25.3-1.fc40              http_kojipkgs_fedoraproject_org_repos_rawhide_latest_basearch 459.4 KiB\n package-notes-srpm-macros        noarch 0.5-11.fc40                http_kojipkgs_fedoraproject_org_repos_rawhide_latest_basearch   1.6 KiB\n pam                              x86_64 1.6.0-1.fc40               http_kojipkgs_fedoraproject_org_repos_rawhide_latest_basearch   1.8 MiB\n pam-libs                         x86_64 1.6.0-1.fc40               http_kojipkgs_fedoraproject_org_repos_rawhide_latest_basearch 135.0 KiB\n pcre2                            x86_64 10.42-2.fc40.2             http_kojipkgs_fedoraproject_org_repos_rawhide_latest_basearch 637.6 KiB\n pcre2-syntax                     noarch 10.42-2.fc40.2             http_kojipkgs_fedoraproject_org_repos_rawhide_latest_basearch 235.1 KiB\n perl-srpm-macros                 noarch 1-53.fc40                  http_kojipkgs_fedoraproject_org_repos_rawhide_latest_basearch 861.0   B\n pkgconf                          x86_64 1.9.5-4.fc40               http_kojipkgs_fedoraproject_org_repos_rawhide_latest_basearch  79.8 KiB\n pkgconf-m4                       noarch 1.9.5-4.fc40               http_kojipkgs_fedoraproject_org_repos_rawhide_latest_basearch  13.9 KiB\n pkgconf-pkg-config               x86_64 1.9.5-4.fc40               http_kojipkgs_fedoraproject_org_repos_rawhide_latest_basearch 989.0   B\n popt                             x86_64 1.19-6.fc40                http_kojipkgs_fedoraproject_org_repos_rawhide_latest_basearch 136.9 KiB\n publicsuffix-list-dafsa          noarch 20240107-3.fc40            http_kojipkgs_fedoraproject_org_repos_rawhide_latest_basearch  67.5 KiB\n pyproject-srpm-macros            noarch 1.12.0-1.fc40              http_kojipkgs_fedoraproject_org_repos_rawhide_latest_basearch   1.5 KiB\n python-srpm-macros               noarch 3.13-5.fc40                copr_base                                                      50.1 KiB\n qt5-srpm-macros                  noarch 5.15.12-3.fc40             http_kojipkgs_fedoraproject_org_repos_rawhide_latest_basearch 492.0   B\n qt6-srpm-macros                  noarch 6.6.1-5.fc40               http_kojipkgs_fedoraproject_org_repos_rawhide_latest_basearch 456.0   B\n readline                         x86_64 8.2-8.fc40                 http_kojipkgs_fedoraproject_org_repos_rawhide_latest_basearch 489.2 KiB\n rpm                              x86_64 4.19.1-4.fc40              copr_base                                                       3.0 MiB\n rpm-build-libs                   x86_64 4.19.1-4.fc40              copr_base                                                     194.4 KiB\n rpm-libs                         x86_64 4.19.1-4.fc40              copr_base                                                     710.0 KiB\n rpm-sequoia                      x86_64 1.6.0-2.fc40               http_kojipkgs_fedoraproject_org_repos_rawhide_latest_basearch   2.2 MiB\n rust-srpm-macros                 noarch 25.2-3.fc40                http_kojipkgs_fedoraproject_org_repos_rawhide_latest_basearch   5.1 KiB\n setup                            noarch 2.14.5-2.fc40              http_kojipkgs_fedoraproject_org_repos_rawhide_latest_basearch 720.4 KiB\n sqlite-libs                      x86_64 3.45.0-2.fc40              http_kojipkgs_fedoraproject_org_repos_rawhide_latest_basearch   1.4 MiB\n systemd-libs                     x86_64 255.3-1.fc40               http_kojipkgs_fedoraproject_org_repos_rawhide_latest_basearch   1.9 MiB\n util-linux-core                  x86_64 2.39.3-4.fc40              copr_base                                                       1.4 MiB\n xxhash-libs                      x86_64 0.8.2-2.fc40               http_kojipkgs_fedoraproject_org_repos_rawhide_latest_basearch  88.5 KiB\n xz-libs                          x86_64 5.4.6-1.fc40               http_kojipkgs_fedoraproject_org_repos_rawhide_latest_basearch 209.8 KiB\n zig-srpm-macros                  noarch 1-2.fc40                   http_kojipkgs_fedoraproject_org_repos_rawhide_latest_basearch   1.1 KiB\n zip                              x86_64 3.0-40.fc40                http_kojipkgs_fedoraproject_org_repos_rawhide_latest_basearch 703.2 KiB\n zlib-ng-compat                   x86_64 2.1.6-2.fc40               http_kojipkgs_fedoraproject_org_repos_rawhide_latest_basearch 134.0 KiB\n zstd                             x86_64 1.5.5-5.fc40               http_kojipkgs_fedoraproject_org_repos_rawhide_latest_basearch   1.6 MiB\nInstalling groups:                                                                                                                         \n Buildsystem building group                                                                                                                \n\nTransaction Summary:\n Installing:      152 packages\n\nTotal size of inbound packages is 52 MiB. Need to download 52 MiB.\nAfter this operation 177 MiB will be used (install 177 MiB, remove 0 B).\n[  1\/152] coreutils-0:9.4-5.fc40.x86_64 100% |  30.5 MiB\/s |   1.1 MiB |  00m00s\n[  2\/152] bzip2-0:1.0.8-18.fc40.x86_64  100% |   1.3 MiB\/s |  52.4 KiB |  00m00s\n[  3\/152] cpio-0:2.15-1.fc40.x86_64     100% |  69.6 MiB\/s | 285.1 KiB |  00m00s\n[  4\/152] fedora-release-common-0:40-0. 100% |   6.7 MiB\/s |  20.5 KiB |  00m00s\n[  5\/152] findutils-1:4.9.0-8.fc40.x86_ 100% |  94.2 MiB\/s | 482.5 KiB |  00m00s\n[  6\/152] diffutils-0:3.10-5.fc40.x86_6 100% |  27.7 MiB\/s | 396.8 KiB |  00m00s\n[  7\/152] gawk-0:5.3.0-3.fc40.x86_64    100% | 132.4 MiB\/s |   1.1 MiB |  00m00s\n[  8\/152] glibc-minimal-langpack-0:2.38 100% |  18.8 MiB\/s |  96.5 KiB |  00m00s\n[  9\/152] grep-0:3.11-7.fc40.x86_64     100% |  70.7 MiB\/s | 289.7 KiB |  00m00s\n[ 10\/152] gzip-0:1.12-8.fc40.x86_64     100% |  31.1 MiB\/s | 159.4 KiB |  00m00s\n[ 11\/152] info-0:7.1-2.fc40.x86_64      100% |  44.5 MiB\/s | 182.3 KiB |  00m00s\n[ 12\/152] patch-0:2.7.6-24.fc40.x86_64  100% |  25.5 MiB\/s | 130.7 KiB |  00m00s\n[ 13\/152] redhat-rpm-config-0:280-1.fc4 100% |  24.5 MiB\/s |  75.2 KiB |  00m00s\n[ 14\/152] sed-0:4.8-15.fc40.x86_64      100% |  58.1 MiB\/s | 297.7 KiB |  00m00s\n[ 15\/152] rpm-build-0:4.19.1-4.fc40.x86 100% |   8.7 MiB\/s |  71.0 KiB |  00m00s\n[ 16\/152] bash-0:5.2.26-2.fc40.x86_64   100% |  19.9 MiB\/s |   1.8 MiB |  00m00s\n[ 17\/152] shadow-utils-2:4.14.0-4.fc40. 100% |  79.8 MiB\/s |   1.2 MiB |  00m00s\n[ 18\/152] tar-2:1.35-3.fc40.x86_64      100% |  59.1 MiB\/s | 847.4 KiB |  00m00s\n[ 19\/152] util-linux-0:2.39.3-4.fc40.x8 100% | 183.8 MiB\/s |   1.1 MiB |  00m00s\n[ 20\/152] unzip-0:6.0-63.fc40.x86_64    100% |  20.0 MiB\/s | 184.5 KiB |  00m00s\n[ 21\/152] which-0:2.21-41.fc40.x86_64   100% |   6.7 MiB\/s |  41.4 KiB |  00m00s\n[ 22\/152] xz-libs-0:5.4.6-1.fc40.x86_64 100% |  35.7 MiB\/s | 109.6 KiB |  00m00s\n[ 23\/152] xz-0:5.4.6-1.fc40.x86_64      100% |  39.9 MiB\/s | 531.4 KiB |  00m00s\n[ 24\/152] coreutils-common-0:9.4-5.fc40 100% | 125.0 MiB\/s |   2.1 MiB |  00m00s\n[ 25\/152] bzip2-libs-0:1.0.8-18.fc40.x8 100% |  10.0 MiB\/s |  40.9 KiB |  00m00s\n[ 26\/152] glibc-0:2.38.9000-35.fc40.x86 100% | 130.8 MiB\/s |   2.2 MiB |  00m00s\n[ 27\/152] libselinux-0:3.6-4.fc40.x86_6 100% |  43.0 MiB\/s |  88.0 KiB |  00m00s\n[ 28\/152] audit-libs-0:4.0-7.fc40.x86_6 100% |  58.8 MiB\/s | 120.5 KiB |  00m00s\n[ 29\/152] libacl-0:2.3.2-1.fc40.x86_64  100% |   4.8 MiB\/s |  24.4 KiB |  00m00s\n[ 30\/152] libattr-0:2.5.2-3.fc40.x86_64 100% |   5.9 MiB\/s |  18.0 KiB |  00m00s\n[ 31\/152] libsemanage-0:3.6-3.fc40.x86_ 100% | 114.2 MiB\/s | 116.9 KiB |  00m00s\n[ 32\/152] libeconf-0:0.5.2-3.fc40.x86_6 100% |   7.4 MiB\/s |  30.4 KiB |  00m00s\n[ 33\/152] libxcrypt-0:4.4.36-5.fc40.x86 100% |  28.8 MiB\/s | 118.1 KiB |  00m00s\n[ 34\/152] setup-0:2.14.5-2.fc40.noarch  100% |  24.1 MiB\/s | 148.1 KiB |  00m00s\n[ 35\/152] ansible-srpm-macros-0:1-14.fc 100% |   6.8 MiB\/s |  20.8 KiB |  00m00s\n[ 36\/152] dwz-0:0.15-5.fc40.x86_64      100% |  22.4 MiB\/s | 137.6 KiB |  00m00s\n[ 37\/152] glibc-gconv-extra-0:2.38.9000 100% | 125.3 MiB\/s |   1.6 MiB |  00m00s\n[ 38\/152] efi-srpm-macros-0:5-11.fc40.n 100% |   3.6 MiB\/s |  22.3 KiB |  00m00s\n[ 39\/152] file-0:5.45-3.fc40.x86_64     100% |  48.2 MiB\/s |  49.4 KiB |  00m00s\n[ 40\/152] fpc-srpm-macros-0:1.3-12.fc40 100% |   2.5 MiB\/s |   7.8 KiB |  00m00s\n[ 41\/152] fonts-srpm-macros-1:2.0.5-14. 100% |   6.5 MiB\/s |  26.5 KiB |  00m00s\n[ 42\/152] forge-srpm-macros-0:0.2.0-3.f 100% |   4.6 MiB\/s |  18.7 KiB |  00m00s\n[ 43\/152] gnat-srpm-macros-0:6-5.fc40.n 100% |   2.9 MiB\/s |   8.8 KiB |  00m00s\n[ 44\/152] ghc-srpm-macros-0:1.6.1-5.fc4 100% |   2.7 MiB\/s |   8.3 KiB |  00m00s\n[ 45\/152] go-srpm-macros-0:3.3.1-3.fc40 100% |   6.7 MiB\/s |  27.5 KiB |  00m00s\n[ 46\/152] lua-srpm-macros-0:1-11.fc40.n 100% |   2.8 MiB\/s |   8.6 KiB |  00m00s\n[ 47\/152] kernel-srpm-macros-0:1.0-22.f 100% |   3.1 MiB\/s |   9.6 KiB |  00m00s\n[ 48\/152] ocaml-srpm-macros-0:9-3.fc40. 100% |   3.0 MiB\/s |   9.1 KiB |  00m00s\n[ 49\/152] package-notes-srpm-macros-0:0 100% |   3.2 MiB\/s |   9.9 KiB |  00m00s\n[ 50\/152] openblas-srpm-macros-0:2-16.f 100% |   2.4 MiB\/s |   7.5 KiB |  00m00s\n[ 51\/152] python-srpm-macros-0:3.13-5.f 100% |  24.8 MiB\/s |  25.3 KiB |  00m00s\n[ 52\/152] perl-srpm-macros-0:1-53.fc40. 100% |   2.7 MiB\/s |   8.4 KiB |  00m00s\n[ 53\/152] pyproject-srpm-macros-0:1.12. 100% |   4.4 MiB\/s |  13.6 KiB |  00m00s\n[ 54\/152] qt5-srpm-macros-0:5.15.12-3.f 100% |   4.2 MiB\/s |   8.5 KiB |  00m00s\n[ 55\/152] rpm-0:4.19.1-4.fc40.x86_64    100% | 166.9 MiB\/s | 512.7 KiB |  00m00s\n[ 56\/152] qt6-srpm-macros-0:6.6.1-5.fc4 100% |   2.2 MiB\/s |   8.9 KiB |  00m00s\n[ 57\/152] rust-srpm-macros-0:25.2-3.fc4 100% |   4.1 MiB\/s |  12.7 KiB |  00m00s\n[ 58\/152] zig-srpm-macros-0:1-2.fc40.no 100% |   2.6 MiB\/s |   8.0 KiB |  00m00s\n[ 59\/152] ed-0:1.20-2.fc40.x86_64       100% |  20.0 MiB\/s |  81.8 KiB |  00m00s\n[ 60\/152] zip-0:3.0-40.fc40.x86_64      100% |  43.1 MiB\/s | 264.8 KiB |  00m00s\n[ 61\/152] ncurses-base-0:6.4-11.2024011 100% |  15.5 MiB\/s |  63.6 KiB |  00m00s\n[ 62\/152] ncurses-libs-0:6.4-11.2024011 100% |  46.4 MiB\/s | 332.9 KiB |  00m00s\n[ 63\/152] pcre2-0:10.42-2.fc40.2.x86_64 100% |  46.0 MiB\/s | 235.8 KiB |  00m00s\n[ 64\/152] pcre2-syntax-0:10.42-2.fc40.2 100% |  34.8 MiB\/s | 142.7 KiB |  00m00s\n[ 65\/152] glibc-common-0:2.38.9000-35.f 100% |  73.5 MiB\/s | 376.5 KiB |  00m00s\n[ 66\/152] basesystem-0:11-20.fc40.noarc 100% |   1.8 MiB\/s |   7.2 KiB |  00m00s\n[ 67\/152] libgcc-0:14.0.1-0.4.fc40.x86_ 100% |  27.4 MiB\/s | 112.2 KiB |  00m00s\n[ 68\/152] gmp-1:6.2.1-8.fc40.x86_64     100% |  50.9 MiB\/s | 312.5 KiB |  00m00s\n[ 69\/152] filesystem-0:3.18-8.fc40.x86_ 100% |  97.1 MiB\/s |   1.1 MiB |  00m00s\n[ 70\/152] mpfr-0:4.2.1-3.fc40.x86_64    100% |  42.6 MiB\/s | 349.0 KiB |  00m00s\n[ 71\/152] readline-0:8.2-8.fc40.x86_64  100% |  34.7 MiB\/s | 213.3 KiB |  00m00s\n[ 72\/152] fedora-repos-0:40-0.2.noarch  100% |   3.0 MiB\/s |   9.3 KiB |  00m00s\n[ 73\/152] elfutils-libelf-0:0.190-6.fc4 100% |  31.7 MiB\/s | 194.5 KiB |  00m00s\n[ 74\/152] elfutils-0:0.190-6.fc40.x86_6 100% |  72.2 MiB\/s | 517.2 KiB |  00m00s\n[ 75\/152] elfutils-libs-0:0.190-6.fc40. 100% |  41.6 MiB\/s | 255.5 KiB |  00m00s\n[ 76\/152] libcap-0:2.69-3.fc40.x86_64   100% |  26.7 MiB\/s |  82.0 KiB |  00m00s\n[ 77\/152] libblkid-0:2.39.3-4.fc40.x86_ 100% |  56.1 MiB\/s | 114.9 KiB |  00m00s\n[ 78\/152] libcap-ng-0:0.8.4-4.fc40.x86_ 100% |  16.2 MiB\/s |  33.1 KiB |  00m00s\n[ 79\/152] authselect-libs-0:1.5.0-3.fc4 100% |  22.8 MiB\/s | 233.7 KiB |  00m00s\n[ 80\/152] libfdisk-0:2.39.3-4.fc40.x86_ 100% |  78.0 MiB\/s | 159.8 KiB |  00m00s\n[ 81\/152] openssl-libs-1:3.1.4-4.fc40.x 100% | 151.4 MiB\/s |   2.1 MiB |  00m00s\n[ 82\/152] libsmartcols-0:2.39.3-4.fc40. 100% |  33.2 MiB\/s |  68.1 KiB |  00m00s\n[ 83\/152] libmount-0:2.39.3-4.fc40.x86_ 100% |  75.4 MiB\/s | 154.4 KiB |  00m00s\n[ 84\/152] libuuid-0:2.39.3-4.fc40.x86_6 100% |  28.2 MiB\/s |  28.9 KiB |  00m00s\n[ 85\/152] libutempter-0:1.2.1-13.fc40.x 100% |   6.4 MiB\/s |  26.4 KiB |  00m00s\n[ 86\/152] pam-0:1.6.0-1.fc40.x86_64     100% |  84.0 MiB\/s | 516.0 KiB |  00m00s\n[ 87\/152] pam-libs-0:1.6.0-1.fc40.x86_6 100% |  13.9 MiB\/s |  56.9 KiB |  00m00s\n[ 88\/152] authselect-0:1.5.0-3.fc40.x86 100% |  20.1 MiB\/s | 144.0 KiB |  00m00s\n[ 89\/152] util-linux-core-0:2.39.3-4.fc 100% | 119.6 MiB\/s | 490.0 KiB |  00m00s\n[ 90\/152] systemd-libs-0:255.3-1.fc40.x 100% |  98.6 MiB\/s | 707.0 KiB |  00m00s\n[ 91\/152] zlib-ng-compat-0:2.1.6-2.fc40 100% |  15.1 MiB\/s |  77.1 KiB |  00m00s\n[ 92\/152] elfutils-debuginfod-client-0: 100% |   6.2 MiB\/s |  37.8 KiB |  00m00s\n[ 93\/152] debugedit-0:5.0-14.fc40.x86_6 100% |  12.8 MiB\/s |  78.7 KiB |  00m00s\n[ 94\/152] pkgconf-pkg-config-0:1.9.5-4. 100% |   1.9 MiB\/s |   9.6 KiB |  00m00s\n[ 95\/152] pkgconf-0:1.9.5-4.fc40.x86_64 100% |   6.9 MiB\/s |  42.3 KiB |  00m00s\n[ 96\/152] pkgconf-m4-0:1.9.5-4.fc40.noa 100% |   3.4 MiB\/s |  13.8 KiB |  00m00s\n[ 97\/152] libpkgconf-0:1.9.5-4.fc40.x86 100% |   7.3 MiB\/s |  37.2 KiB |  00m00s\n[ 98\/152] popt-0:1.19-6.fc40.x86_64     100% |  19.4 MiB\/s |  59.6 KiB |  00m00s\n[ 99\/152] rpm-build-libs-0:4.19.1-4.fc4 100% |  93.4 MiB\/s |  95.6 KiB |  00m00s\n[100\/152] rpm-libs-0:4.19.1-4.fc40.x86_ 100% | 150.9 MiB\/s | 309.0 KiB |  00m00s\n[101\/152] zstd-0:1.5.5-5.fc40.x86_64    100% |  77.4 MiB\/s | 475.6 KiB |  00m00s\n[102\/152] libarchive-0:3.7.2-3.fc40.x86 100% |  56.8 MiB\/s | 407.1 KiB |  00m00s\n[103\/152] libsepol-0:3.6-3.fc40.x86_64  100% |  41.5 MiB\/s | 340.1 KiB |  00m00s\n[104\/152] file-libs-0:5.45-3.fc40.x86_6 100% | 149.1 MiB\/s | 763.2 KiB |  00m00s\n[105\/152] binutils-0:2.41-31.fc40.x86_6 100% | 144.5 MiB\/s |   6.2 MiB |  00m00s\n[106\/152] lz4-libs-0:1.9.4-6.fc40.x86_6 100% |   9.4 MiB\/s |  67.2 KiB |  00m00s\n[107\/152] libzstd-0:1.5.5-5.fc40.x86_64 100% |  49.8 MiB\/s | 306.0 KiB |  00m00s\n[108\/152] libstdc++-0:14.0.1-0.4.fc40.x 100% |  70.9 MiB\/s | 870.9 KiB |  00m00s\n[109\/152] gdbm-1:1.23-6.fc40.x86_64     100% |  28.8 MiB\/s | 147.4 KiB |  00m00s\n[110\/152] libpwquality-0:1.4.5-9.fc40.x 100% |  53.1 MiB\/s | 108.8 KiB |  00m00s\n[111\/152] gdbm-libs-1:1.23-6.fc40.x86_6 100% |  13.7 MiB\/s |  56.2 KiB |  00m00s\n[112\/152] libnsl2-0:2.0.1-1.fc40.x86_64 100% |   7.2 MiB\/s |  29.6 KiB |  00m00s\n[113\/152] libtirpc-0:1.3.4-1.rc2.fc40.2 100% |  18.3 MiB\/s |  93.9 KiB |  00m00s\n[114\/152] crypto-policies-0:20231204-3. 100% |  16.8 MiB\/s |  68.8 KiB |  00m00s\n[115\/152] ca-certificates-0:2023.2.62_v 100% | 105.2 MiB\/s | 862.1 KiB |  00m00s\n[116\/152] libxml2-0:2.12.4-3.fc40.x86_6 100% | 167.4 MiB\/s | 685.6 KiB |  00m00s\n[117\/152] krb5-libs-0:1.21.2-5.fc40.x86 100% |  81.5 MiB\/s | 751.4 KiB |  00m00s\n[118\/152] libcom_err-0:1.47.0-4.fc40.x8 100% |   3.6 MiB\/s |  25.9 KiB |  00m00s\n[119\/152] keyutils-libs-0:1.6.3-3.fc40. 100% |   7.7 MiB\/s |  31.5 KiB |  00m00s\n[120\/152] fedora-gpg-keys-0:40-0.2.noar 100% |  29.1 MiB\/s | 119.4 KiB |  00m00s\n[121\/152] libverto-0:0.3.2-8.fc40.x86_6 100% |   5.0 MiB\/s |  20.5 KiB |  00m00s\n[122\/152] fedora-repos-rawhide-0:40-0.2 100% |   2.9 MiB\/s |   8.9 KiB |  00m00s\n[123\/152] elfutils-default-yama-scope-0 100% |   4.2 MiB\/s |  12.9 KiB |  00m00s\n[124\/152] p11-kit-0:0.25.3-1.fc40.x86_6 100% |  82.6 MiB\/s | 507.6 KiB |  00m00s\n[125\/152] p11-kit-trust-0:0.25.3-1.fc40 100% |  27.6 MiB\/s | 141.5 KiB |  00m00s\n[126\/152] alternatives-0:1.26-3.fc40.x8 100% |   9.7 MiB\/s |  39.9 KiB |  00m00s\n[127\/152] binutils-gold-0:2.41-31.fc40. 100% | 127.2 MiB\/s | 781.6 KiB |  00m00s\n[128\/152] jansson-0:2.13.1-9.fc40.x86_6 100% |   7.2 MiB\/s |  44.2 KiB |  00m00s\n[129\/152] lua-libs-0:5.4.6-5.fc40.x86_6 100% |  21.5 MiB\/s | 131.9 KiB |  00m00s\n[130\/152] libgomp-0:14.0.1-0.4.fc40.x86 100% |  64.8 MiB\/s | 331.9 KiB |  00m00s\n[131\/152] rpm-sequoia-0:1.6.0-2.fc40.x8 100% | 103.4 MiB\/s | 847.5 KiB |  00m00s\n[132\/152] sqlite-libs-0:3.45.0-2.fc40.x 100% |  76.4 MiB\/s | 704.4 KiB |  00m00s\n[133\/152] libtasn1-0:4.19.0-6.fc40.x86_ 100% |  24.0 MiB\/s |  73.7 KiB |  00m00s\n[134\/152] libffi-0:3.4.4-7.fc40.x86_64  100% |   7.7 MiB\/s |  39.4 KiB |  00m00s\n[135\/152] cracklib-0:2.9.11-5.fc40.x86_ 100% |  13.3 MiB\/s |  81.6 KiB |  00m00s\n[136\/152] fedora-release-0:40-0.29.noar 100% |   3.3 MiB\/s |  10.0 KiB |  00m00s\n[137\/152] fedora-release-identity-basic 100% |   3.5 MiB\/s |  10.8 KiB |  00m00s\n[138\/152] libcurl-0:8.5.0-2.fc40.x86_64 100% |  67.0 MiB\/s | 343.2 KiB |  00m00s\n[139\/152] curl-0:8.5.0-2.fc40.x86_64    100% |  71.8 MiB\/s | 367.5 KiB |  00m00s\n[140\/152] xxhash-libs-0:0.8.2-2.fc40.x8 100% |   7.2 MiB\/s |  36.9 KiB |  00m00s\n[141\/152] libbrotli-0:1.1.0-3.fc40.x86_ 100% | 110.3 MiB\/s | 339.0 KiB |  00m00s\n[142\/152] libidn2-0:2.3.7-1.fc40.x86_64 100% |  27.4 MiB\/s | 112.4 KiB |  00m00s\n[143\/152] libnghttp2-0:1.59.0-2.fc40.x8 100% |  18.4 MiB\/s |  75.3 KiB |  00m00s\n[144\/152] libpsl-0:0.21.5-3.fc40.x86_64 100% |  15.6 MiB\/s |  63.9 KiB |  00m00s\n[145\/152] libssh-0:0.10.6-4.fc40.x86_64 100% |  51.4 MiB\/s | 210.6 KiB |  00m00s\n[146\/152] libssh-config-0:0.10.6-4.fc40 100% |   2.9 MiB\/s |   9.0 KiB |  00m00s\n[147\/152] openldap-0:2.6.6-1.fc39.x86_6 100% |  62.2 MiB\/s | 254.8 KiB |  00m00s\n[148\/152] libevent-0:2.1.12-11.fc40.x86 100% |  50.2 MiB\/s | 257.0 KiB |  00m00s\n[149\/152] cyrus-sasl-lib-0:2.1.28-19.fc 100% |  96.3 MiB\/s | 789.3 KiB |  00m00s\n[150\/152] gdb-minimal-0:14.1-8.fc40.x86 100% | 110.2 MiB\/s |   4.2 MiB |  00m00s\n[151\/152] libunistring-0:1.1-7.fc40.x86 100% |  66.6 MiB\/s | 545.5 KiB |  00m00s\n[152\/152] publicsuffix-list-dafsa-0:202 100% |   5.7 MiB\/s |  58.1 KiB |  00m00s\n--------------------------------------------------------------------------------\n[152\/152] Total                         100% | 135.2 MiB\/s |  51.7 MiB |  00m00s\nRunning transaction\n[  1\/154] Verify package files          100% | 944.0   B\/s | 152.0   B |  00m00s\n>>> Running pre-transaction scriptlet: filesystem-0:3.18-8.fc40.x86_64\n>>> Stop pre-transaction scriptlet: filesystem-0:3.18-8.fc40.x86_64\n[  2\/154] Prepare transaction           100% |   4.2 KiB\/s | 152.0   B |  00m00s\n[  3\/154] Installing libgcc-0:14.0.1-0. 100% | 265.9 MiB\/s | 272.3 KiB |  00m00s\n>>> Running post-install scriptlet: libgcc-0:14.0.1-0.4.fc40.x86_64\n>>> Stop post-install scriptlet: libgcc-0:14.0.1-0.4.fc40.x86_64\n[  4\/154] Installing crypto-policies-0: 100% |  44.4 MiB\/s | 181.7 KiB |  00m00s\n>>> Running post-install scriptlet: crypto-policies-0:20231204-3.git1e3a2e4.fc40\n>>> Stop post-install scriptlet: crypto-policies-0:20231204-3.git1e3a2e4.fc40.no\n[  5\/154] Installing fedora-release-ide 100% |   0.0   B\/s | 952.0   B |  00m00s\n[  6\/154] Installing fedora-gpg-keys-0: 100% |  54.6 MiB\/s | 167.6 KiB |  00m00s\n[  7\/154] Installing fedora-repos-rawhi 100% |   0.0   B\/s |   2.4 KiB |  00m00s\n[  8\/154] Installing fedora-repos-0:40- 100% |   0.0   B\/s |   5.7 KiB |  00m00s\n[  9\/154] Installing fedora-release-com 100% |  22.6 MiB\/s |  23.2 KiB |  00m00s\n[ 10\/154] Installing fedora-release-0:4 100% |   0.0   B\/s | 124.0   B |  00m00s\n[ 11\/154] Installing setup-0:2.14.5-2.f 100% |  70.9 MiB\/s | 725.8 KiB |  00m00s\n>>> Running post-install scriptlet: setup-0:2.14.5-2.fc40.noarch\n>>> Stop post-install scriptlet: setup-0:2.14.5-2.fc40.noarch\n[ 12\/154] Installing filesystem-0:3.18- 100% |   3.6 MiB\/s | 212.4 KiB |  00m00s\n[ 13\/154] Installing basesystem-0:11-20 100% |   0.0   B\/s | 124.0   B |  00m00s\n[ 14\/154] Installing publicsuffix-list- 100% |   0.0   B\/s |  68.3 KiB |  00m00s\n[ 15\/154] Installing libssh-config-0:0. 100% |   0.0   B\/s | 816.0   B |  00m00s\n[ 16\/154] Installing pkgconf-m4-0:1.9.5 100% |   0.0   B\/s |  14.3 KiB |  00m00s\n[ 17\/154] Installing pcre2-syntax-0:10. 100% | 232.0 MiB\/s | 237.6 KiB |  00m00s\n[ 18\/154] Installing ncurses-base-0:6.4 100% |  85.9 MiB\/s | 351.6 KiB |  00m00s\n[ 19\/154] Installing glibc-minimal-lang 100% |   0.0   B\/s | 124.0   B |  00m00s\n[ 20\/154] Installing ncurses-libs-0:6.4 100% | 315.7 MiB\/s | 969.8 KiB |  00m00s\n>>> Running pre-install scriptlet: glibc-0:2.38.9000-35.fc40.x86_64\n>>> Stop pre-install scriptlet: glibc-0:2.38.9000-35.fc40.x86_64\n[ 21\/154] Installing glibc-0:2.38.9000- 100% | 240.9 MiB\/s |   6.7 MiB |  00m00s\n>>> Running post-install scriptlet: glibc-0:2.38.9000-35.fc40.x86_64\n>>> Stop post-install scriptlet: glibc-0:2.38.9000-35.fc40.x86_64\n[ 22\/154] Installing bash-0:5.2.26-2.fc 100% | 429.5 MiB\/s |   8.2 MiB |  00m00s\n>>> Running post-install scriptlet: bash-0:5.2.26-2.fc40.x86_64\n>>> Stop post-install scriptlet: bash-0:5.2.26-2.fc40.x86_64\n[ 23\/154] Installing glibc-common-0:2.3 100% | 204.2 MiB\/s |   1.0 MiB |  00m00s\n[ 24\/154] Installing glibc-gconv-extra- 100% | 262.1 MiB\/s |   7.9 MiB |  00m00s\n>>> Running post-install scriptlet: glibc-gconv-extra-0:2.38.9000-35.fc40.x86_64\n>>> Stop post-install scriptlet: glibc-gconv-extra-0:2.38.9000-35.fc40.x86_64\n[ 25\/154] Installing zlib-ng-compat-0:2 100% | 131.7 MiB\/s | 134.8 KiB |  00m00s\n[ 26\/154] Installing xz-libs-0:5.4.6-1. 100% | 206.0 MiB\/s | 210.9 KiB |  00m00s\n[ 27\/154] Installing bzip2-libs-0:1.0.8 100% |   0.0   B\/s |  81.8 KiB |  00m00s\n[ 28\/154] Installing readline-0:8.2-8.f 100% | 479.9 MiB\/s | 491.4 KiB |  00m00s\n[ 29\/154] Installing libuuid-0:2.39.3-4 100% |  37.9 MiB\/s |  38.8 KiB |  00m00s\n[ 30\/154] Installing popt-0:1.19-6.fc40 100% |  70.1 MiB\/s | 143.5 KiB |  00m00s\n[ 31\/154] Installing libstdc++-0:14.0.1 100% | 394.6 MiB\/s |   2.8 MiB |  00m00s\n[ 32\/154] Installing libzstd-0:1.5.5-5. 100% | 377.5 MiB\/s | 773.2 KiB |  00m00s\n[ 33\/154] Installing elfutils-libelf-0: 100% | 492.8 MiB\/s |   1.0 MiB |  00m00s\n[ 34\/154] Installing libblkid-0:2.39.3- 100% | 224.7 MiB\/s | 230.1 KiB |  00m00s\n[ 35\/154] Installing libattr-0:2.5.2-3. 100% |   0.0   B\/s |  29.5 KiB |  00m00s\n[ 36\/154] Installing libacl-0:2.3.2-1.f 100% |   0.0   B\/s |  40.8 KiB |  00m00s\n[ 37\/154] Installing libxcrypt-0:4.4.36 100% | 259.3 MiB\/s | 265.5 KiB |  00m00s\n[ 38\/154] Installing gmp-1:6.2.1-8.fc40 100% | 389.1 MiB\/s | 796.8 KiB |  00m00s\n[ 39\/154] Installing libeconf-0:0.5.2-3 100% |   0.0   B\/s |  53.7 KiB |  00m00s\n[ 40\/154] Installing lz4-libs-0:1.9.4-6 100% |   0.0   B\/s | 130.5 KiB |  00m00s\n[ 41\/154] Installing gdbm-libs-1:1.23-6 100% | 120.7 MiB\/s | 123.6 KiB |  00m00s\n[ 42\/154] Installing mpfr-0:4.2.1-3.fc4 100% | 407.0 MiB\/s | 833.5 KiB |  00m00s\n[ 43\/154] Installing gawk-0:5.3.0-3.fc4 100% | 345.6 MiB\/s |   1.7 MiB |  00m00s\n[ 44\/154] Installing dwz-0:0.15-5.fc40. 100% | 285.5 MiB\/s | 292.3 KiB |  00m00s\n[ 45\/154] Installing unzip-0:6.0-63.fc4 100% | 377.3 MiB\/s | 386.3 KiB |  00m00s\n[ 46\/154] Installing file-libs-0:5.45-3 100% | 709.3 MiB\/s |   9.9 MiB |  00m00s\n[ 47\/154] Installing file-0:5.45-3.fc40 100% |   0.0   B\/s | 105.0 KiB |  00m00s\n[ 48\/154] Installing pcre2-0:10.42-2.fc 100% | 312.0 MiB\/s | 639.1 KiB |  00m00s\n[ 49\/154] Installing grep-0:3.11-7.fc40 100% | 250.8 MiB\/s |   1.0 MiB |  00m00s\n[ 50\/154] Installing xz-0:5.4.6-1.fc40. 100% | 286.1 MiB\/s |   2.0 MiB |  00m00s\n[ 51\/154] Installing libcap-ng-0:0.8.4- 100% |  73.2 MiB\/s |  75.0 KiB |  00m00s\n[ 52\/154] Installing audit-libs-0:4.0-7 100% | 306.0 MiB\/s | 313.4 KiB |  00m00s\n[ 53\/154] Installing pam-libs-0:1.6.0-1 100% | 134.1 MiB\/s | 137.3 KiB |  00m00s\n[ 54\/154] Installing libcap-0:2.69-3.fc 100% | 216.7 MiB\/s | 221.9 KiB |  00m00s\n[ 55\/154] Installing systemd-libs-0:255 100% | 386.1 MiB\/s |   1.9 MiB |  00m00s\n[ 56\/154] Installing libsmartcols-0:2.3 100% | 142.0 MiB\/s | 145.4 KiB |  00m00s\n[ 57\/154] Installing libsepol-0:3.6-3.f 100% | 392.1 MiB\/s | 803.0 KiB |  00m00s\n[ 58\/154] Installing libselinux-0:3.6-4 100% | 170.2 MiB\/s | 174.3 KiB |  00m00s\n[ 59\/154] Installing sed-0:4.8-15.fc40. 100% | 262.4 MiB\/s | 806.0 KiB |  00m00s\n[ 60\/154] Installing findutils-1:4.9.0- 100% | 293.2 MiB\/s |   1.5 MiB |  00m00s\n[ 61\/154] Installing libmount-0:2.39.3- 100% | 345.1 MiB\/s | 353.3 KiB |  00m00s\n[ 62\/154] Installing libcom_err-0:1.47. 100% |   0.0   B\/s |  68.3 KiB |  00m00s\n[ 63\/154] Installing alternatives-0:1.2 100% |   0.0   B\/s |  64.0 KiB |  00m00s\n[ 64\/154] Installing jansson-0:2.13.1-9 100% |   0.0   B\/s |  89.7 KiB |  00m00s\n[ 65\/154] Installing lua-libs-0:5.4.6-5 100% | 275.7 MiB\/s | 282.3 KiB |  00m00s\n[ 66\/154] Installing libtasn1-0:4.19.0- 100% | 173.3 MiB\/s | 177.5 KiB |  00m00s\n[ 67\/154] Installing libunistring-0:1.1 100% | 432.7 MiB\/s |   1.7 MiB |  00m00s\n[ 68\/154] Installing libidn2-0:2.3.7-1. 100% | 163.6 MiB\/s | 335.0 KiB |  00m00s\n[ 69\/154] Installing libpsl-0:0.21.5-3. 100% |  79.7 MiB\/s |  81.6 KiB |  00m00s\n[ 70\/154] Installing util-linux-core-0: 100% | 274.9 MiB\/s |   1.4 MiB |  00m00s\n[ 71\/154] Installing tar-2:1.35-3.fc40. 100% | 421.5 MiB\/s |   3.0 MiB |  00m00s\n[ 72\/154] Installing libsemanage-0:3.6- 100% | 288.4 MiB\/s | 295.3 KiB |  00m00s\n[ 73\/154] Installing shadow-utils-2:4.1 100% | 161.2 MiB\/s |   4.0 MiB |  00m00s\n>>> Running pre-install scriptlet: libutempter-0:1.2.1-13.fc40.x86_64\n>>> Stop pre-install scriptlet: libutempter-0:1.2.1-13.fc40.x86_64\n[ 74\/154] Installing libutempter-0:1.2. 100% |  58.3 MiB\/s |  59.7 KiB |  00m00s\n[ 75\/154] Installing zip-0:3.0-40.fc40. 100% | 345.3 MiB\/s | 707.1 KiB |  00m00s\n[ 76\/154] Installing gdbm-1:1.23-6.fc40 100% | 227.4 MiB\/s | 465.8 KiB |  00m00s\n[ 77\/154] Installing cyrus-sasl-lib-0:2 100% | 380.5 MiB\/s |   2.3 MiB |  00m00s\n[ 78\/154] Installing zstd-0:1.5.5-5.fc4 100% | 411.6 MiB\/s |   1.6 MiB |  00m00s\n[ 79\/154] Installing libfdisk-0:2.39.3- 100% | 355.5 MiB\/s | 364.0 KiB |  00m00s\n[ 80\/154] Installing bzip2-0:1.0.8-18.f 100% |  93.9 MiB\/s |  96.2 KiB |  00m00s\n[ 81\/154] Installing libxml2-0:2.12.4-3 100% | 424.9 MiB\/s |   1.7 MiB |  00m00s\n[ 82\/154] Installing sqlite-libs-0:3.45 100% | 467.1 MiB\/s |   1.4 MiB |  00m00s\n[ 83\/154] Installing ed-0:1.20-2.fc40.x 100% | 145.2 MiB\/s | 148.7 KiB |  00m00s\n[ 84\/154] Installing patch-0:2.7.6-24.f 100% | 258.1 MiB\/s | 264.3 KiB |  00m00s\n[ 85\/154] Installing elfutils-default-y 100% | 408.6 KiB\/s |   2.0 KiB |  00m00s\n>>> Running post-install scriptlet: elfutils-default-yama-scope-0:0.190-6.fc40.n\n>>> Stop post-install scriptlet: elfutils-default-yama-scope-0:0.190-6.fc40.noar\n[ 86\/154] Installing cpio-0:2.15-1.fc40 100% | 274.9 MiB\/s |   1.1 MiB |  00m00s\n[ 87\/154] Installing diffutils-0:3.10-5 100% | 317.2 MiB\/s |   1.6 MiB |  00m00s\n[ 88\/154] Installing libpkgconf-0:1.9.5 100% |   0.0   B\/s |  75.2 KiB |  00m00s\n[ 89\/154] Installing pkgconf-0:1.9.5-4. 100% |  80.4 MiB\/s |  82.3 KiB |  00m00s\n[ 90\/154] Installing pkgconf-pkg-config 100% |   0.0   B\/s |   1.8 KiB |  00m00s\n[ 91\/154] Installing keyutils-libs-0:1. 100% |   0.0   B\/s |  55.8 KiB |  00m00s\n[ 92\/154] Installing libverto-0:0.3.2-8 100% |   0.0   B\/s |  31.3 KiB |  00m00s\n[ 93\/154] Installing libgomp-0:14.0.1-0 100% | 506.9 MiB\/s | 519.1 KiB |  00m00s\n[ 94\/154] Installing libffi-0:3.4.4-7.f 100% |  81.0 MiB\/s |  83.0 KiB |  00m00s\n[ 95\/154] Installing p11-kit-0:0.25.3-1 100% | 301.2 MiB\/s |   2.4 MiB |  00m00s\n[ 96\/154] Installing p11-kit-trust-0:0. 100% |  64.3 MiB\/s | 461.1 KiB |  00m00s\n>>> Running post-install scriptlet: p11-kit-trust-0:0.25.3-1.fc40.x86_64\n>>> Stop post-install scriptlet: p11-kit-trust-0:0.25.3-1.fc40.x86_64\n[ 97\/154] Installing xxhash-libs-0:0.8. 100% |  87.8 MiB\/s |  89.9 KiB |  00m00s\n[ 98\/154] Installing libbrotli-0:1.1.0- 100% | 270.8 MiB\/s | 831.8 KiB |  00m00s\n[ 99\/154] Installing libnghttp2-0:1.59. 100% | 163.3 MiB\/s | 167.2 KiB |  00m00s\n[100\/154] Installing rust-srpm-macros-0 100% |   0.0   B\/s |   5.8 KiB |  00m00s\n[101\/154] Installing qt6-srpm-macros-0: 100% |   0.0   B\/s | 732.0   B |  00m00s\n[102\/154] Installing qt5-srpm-macros-0: 100% |   0.0   B\/s | 768.0   B |  00m00s\n[103\/154] Installing perl-srpm-macros-0 100% |   0.0   B\/s |   1.1 KiB |  00m00s\n[104\/154] Installing package-notes-srpm 100% |   0.0   B\/s |   2.0 KiB |  00m00s\n[105\/154] Installing openblas-srpm-macr 100% |   0.0   B\/s | 384.0   B |  00m00s\n[106\/154] Installing ocaml-srpm-macros- 100% |   0.0   B\/s |   2.2 KiB |  00m00s\n[107\/154] Installing kernel-srpm-macros 100% |   0.0   B\/s |   2.3 KiB |  00m00s\n[108\/154] Installing gnat-srpm-macros-0 100% |   0.0   B\/s |   1.3 KiB |  00m00s\n[109\/154] Installing ghc-srpm-macros-0: 100% |   0.0   B\/s | 648.0   B |  00m00s\n[110\/154] Installing fpc-srpm-macros-0: 100% |   0.0   B\/s | 420.0   B |  00m00s\n[111\/154] Installing ansible-srpm-macro 100% |   0.0   B\/s |  36.2 KiB |  00m00s\n[112\/154] Installing coreutils-common-0 100% | 424.6 MiB\/s |  11.5 MiB |  00m00s\n[113\/154] Installing openssl-libs-1:3.1 100% | 456.6 MiB\/s |   7.3 MiB |  00m00s\n[114\/154] Installing coreutils-0:9.4-5. 100% | 290.5 MiB\/s |   5.8 MiB |  00m00s\n>>> Running pre-install scriptlet: ca-certificates-0:2023.2.62_v7.0.401-6.fc40.n\n>>> Stop pre-install scriptlet: ca-certificates-0:2023.2.62_v7.0.401-6.fc40.noar\n[115\/154] Installing ca-certificates-0: 100% |   4.3 MiB\/s |   2.3 MiB |  00m01s\n>>> Running post-install scriptlet: ca-certificates-0:2023.2.62_v7.0.401-6.fc40.\n>>> Stop post-install scriptlet: ca-certificates-0:2023.2.62_v7.0.401-6.fc40.noa\n[116\/154] Installing krb5-libs-0:1.21.2 100% | 286.8 MiB\/s |   2.3 MiB |  00m00s\n[117\/154] Installing libtirpc-0:1.3.4-1 100% | 199.8 MiB\/s | 204.6 KiB |  00m00s\n[118\/154] Installing gzip-0:1.12-8.fc40 100% | 184.4 MiB\/s | 377.6 KiB |  00m00s\n>>> Running pre-install scriptlet: authselect-libs-0:1.5.0-3.fc40.x86_64\n>>> Stop pre-install scriptlet: authselect-libs-0:1.5.0-3.fc40.x86_64\n[119\/154] Installing authselect-libs-0: 100% | 195.9 MiB\/s |   1.0 MiB |  00m00s\n[120\/154] Installing authselect-0:1.5.0 100% |  78.6 MiB\/s | 160.9 KiB |  00m00s\n[121\/154] Installing cracklib-0:2.9.11- 100% |  81.5 MiB\/s | 250.3 KiB |  00m00s\n[122\/154] Installing libpwquality-0:1.4 100% | 105.0 MiB\/s | 430.1 KiB |  00m00s\n[123\/154] Installing libnsl2-0:2.0.1-1. 100% |  57.7 MiB\/s |  59.0 KiB |  00m00s\n[124\/154] Installing pam-0:1.6.0-1.fc40 100% | 164.6 MiB\/s |   1.8 MiB |  00m00s\n[125\/154] Installing libssh-0:0.10.6-4. 100% | 249.7 MiB\/s | 511.4 KiB |  00m00s\n[126\/154] Installing libarchive-0:3.7.2 100% | 298.4 MiB\/s | 916.6 KiB |  00m00s\n[127\/154] Installing rpm-sequoia-0:1.6. 100% | 445.9 MiB\/s |   2.2 MiB |  00m00s\n[128\/154] Installing rpm-libs-0:4.19.1- 100% | 347.4 MiB\/s | 711.6 KiB |  00m00s\n[129\/154] Installing libevent-0:2.1.12- 100% | 292.8 MiB\/s | 899.4 KiB |  00m00s\n[130\/154] Installing openldap-0:2.6.6-1 100% | 315.1 MiB\/s | 645.3 KiB |  00m00s\n[131\/154] Installing libcurl-0:8.5.0-2. 100% | 375.8 MiB\/s | 769.7 KiB |  00m00s\n[132\/154] Installing elfutils-libs-0:0. 100% | 314.4 MiB\/s | 644.0 KiB |  00m00s\n[133\/154] Installing elfutils-debuginfo 100% |  65.3 MiB\/s |  66.9 KiB |  00m00s\n[134\/154] Installing binutils-0:2.41-31 100% | 406.2 MiB\/s |  26.4 MiB |  00m00s\n>>> Running post-install scriptlet: binutils-0:2.41-31.fc40.x86_64\n>>> Stop post-install scriptlet: binutils-0:2.41-31.fc40.x86_64\n[135\/154] Installing binutils-gold-0:2. 100% | 184.6 MiB\/s |   2.0 MiB |  00m00s\n>>> Running post-install scriptlet: binutils-gold-0:2.41-31.fc40.x86_64\n>>> Stop post-install scriptlet: binutils-gold-0:2.41-31.fc40.x86_64\n[136\/154] Installing elfutils-0:0.190-6 100% | 361.3 MiB\/s |   2.5 MiB |  00m00s\n[137\/154] Installing gdb-minimal-0:14.1 100% | 438.2 MiB\/s |  12.3 MiB |  00m00s\n[138\/154] Installing debugedit-0:5.0-14 100% | 197.0 MiB\/s | 201.7 KiB |  00m00s\n[139\/154] Installing rpm-build-libs-0:4 100% | 190.6 MiB\/s | 195.2 KiB |  00m00s\n[140\/154] Installing curl-0:8.5.0-2.fc4 100% |  77.8 MiB\/s | 796.7 KiB |  00m00s\n>>> Running pre-install scriptlet: rpm-0:4.19.1-4.fc40.x86_64\n>>> Stop pre-install scriptlet: rpm-0:4.19.1-4.fc40.x86_64\n[141\/154] Installing rpm-0:4.19.1-4.fc4 100% | 171.2 MiB\/s |   2.4 MiB |  00m00s\n[142\/154] Installing efi-srpm-macros-0: 100% |   0.0   B\/s |  41.2 KiB |  00m00s\n[143\/154] Installing lua-srpm-macros-0: 100% |   0.0   B\/s |   1.9 KiB |  00m00s\n[144\/154] Installing zig-srpm-macros-0: 100% |   0.0   B\/s |   1.7 KiB |  00m00s\n[145\/154] Installing fonts-srpm-macros- 100% |   0.0   B\/s |  56.5 KiB |  00m00s\n[146\/154] Installing forge-srpm-macros- 100% |   0.0   B\/s |  38.6 KiB |  00m00s\n[147\/154] Installing go-srpm-macros-0:3 100% |   0.0   B\/s |  61.6 KiB |  00m00s\n[148\/154] Installing python-srpm-macros 100% |   0.0   B\/s |  51.3 KiB |  00m00s\n[149\/154] Installing redhat-rpm-config- 100% |  92.6 MiB\/s | 189.6 KiB |  00m00s\n[150\/154] Installing rpm-build-0:4.19.1 100% |  88.8 MiB\/s | 182.0 KiB |  00m00s\n[151\/154] Installing pyproject-srpm-mac 100% |   2.0 MiB\/s |   2.1 KiB |  00m00s\n[152\/154] Installing util-linux-0:2.39. 100% | 236.9 MiB\/s |   3.6 MiB |  00m00s\n[153\/154] Installing which-0:2.21-41.fc 100% |  80.5 MiB\/s |  82.4 KiB |  00m00s\n[154\/154] Installing info-0:7.1-2.fc40. 100% | 468.2 KiB\/s | 358.2 KiB |  00m01s\n>>> Running post-transaction scriptlet: filesystem-0:3.18-8.fc40.x86_64\n>>> Stop post-transaction scriptlet: filesystem-0:3.18-8.fc40.x86_64\n>>> Running post-transaction scriptlet: ca-certificates-0:2023.2.62_v7.0.401-6.f\n>>> Stop post-transaction scriptlet: ca-certificates-0:2023.2.62_v7.0.401-6.fc40\n>>> Running post-transaction scriptlet: authselect-libs-0:1.5.0-3.fc40.x86_64\n>>> Stop post-transaction scriptlet: authselect-libs-0:1.5.0-3.fc40.x86_64\n>>> Running post-transaction scriptlet: rpm-0:4.19.1-4.fc40.x86_64\n>>> Stop post-transaction scriptlet: rpm-0:4.19.1-4.fc40.x86_64\n>>> Running trigger-install scriptlet: glibc-common-0:2.38.9000-35.fc40.x86_64\n>>> Stop trigger-install scriptlet: glibc-common-0:2.38.9000-35.fc40.x86_64\n>>> Running trigger-install scriptlet: info-0:7.1-2.fc40.x86_64\n>>> Stop trigger-install scriptlet: info-0:7.1-2.fc40.x86_64\nWarning: skipped PGP checks for 152 package(s).\nFinish: installing minimal buildroot with dnf5\nStart: creating root cache\nFinish: creating root cache\nFinish: chroot init\nINFO: Installed packages:\nINFO: alternatives-1.26-3.fc40.x86_64\nansible-srpm-macros-1-14.fc40.noarch\naudit-libs-4.0-7.fc40.x86_64\nauthselect-1.5.0-3.fc40.x86_64\nauthselect-libs-1.5.0-3.fc40.x86_64\nbasesystem-11-20.fc40.noarch\nbash-5.2.26-2.fc40.x86_64\nbinutils-2.41-31.fc40.x86_64\nbinutils-gold-2.41-31.fc40.x86_64\nbzip2-1.0.8-18.fc40.x86_64\nbzip2-libs-1.0.8-18.fc40.x86_64\nca-certificates-2023.2.62_v7.0.401-6.fc40.noarch\ncoreutils-9.4-5.fc40.x86_64\ncoreutils-common-9.4-5.fc40.x86_64\ncpio-2.15-1.fc40.x86_64\ncracklib-2.9.11-5.fc40.x86_64\ncrypto-policies-20231204-3.git1e3a2e4.fc40.noarch\ncurl-8.5.0-2.fc40.x86_64\ncyrus-sasl-lib-2.1.28-19.fc40.x86_64\ndebugedit-5.0-14.fc40.x86_64\ndiffutils-3.10-5.fc40.x86_64\ndwz-0.15-5.fc40.x86_64\ned-1.20-2.fc40.x86_64\nefi-srpm-macros-5-11.fc40.noarch\nelfutils-0.190-6.fc40.x86_64\nelfutils-debuginfod-client-0.190-6.fc40.x86_64\nelfutils-default-yama-scope-0.190-6.fc40.noarch\nelfutils-libelf-0.190-6.fc40.x86_64\nelfutils-libs-0.190-6.fc40.x86_64\nfedora-gpg-keys-40-0.2.noarch\nfedora-release-40-0.29.noarch\nfedora-release-common-40-0.29.noarch\nfedora-release-identity-basic-40-0.29.noarch\nfedora-repos-40-0.2.noarch\nfedora-repos-rawhide-40-0.2.noarch\nfile-5.45-3.fc40.x86_64\nfile-libs-5.45-3.fc40.x86_64\nfilesystem-3.18-8.fc40.x86_64\nfindutils-4.9.0-8.fc40.x86_64\nfonts-srpm-macros-2.0.5-14.fc40.noarch\nforge-srpm-macros-0.2.0-3.fc40.noarch\nfpc-srpm-macros-1.3-12.fc40.noarch\ngawk-5.3.0-3.fc40.x86_64\ngdb-minimal-14.1-8.fc40.x86_64\ngdbm-1.23-6.fc40.x86_64\ngdbm-libs-1.23-6.fc40.x86_64\nghc-srpm-macros-1.6.1-5.fc40.noarch\nglibc-2.38.9000-35.fc40.x86_64\nglibc-common-2.38.9000-35.fc40.x86_64\nglibc-gconv-extra-2.38.9000-35.fc40.x86_64\nglibc-minimal-langpack-2.38.9000-35.fc40.x86_64\ngmp-6.2.1-8.fc40.x86_64\ngnat-srpm-macros-6-5.fc40.noarch\ngo-srpm-macros-3.3.1-3.fc40.noarch\ngrep-3.11-7.fc40.x86_64\ngzip-1.12-8.fc40.x86_64\ninfo-7.1-2.fc40.x86_64\njansson-2.13.1-9.fc40.x86_64\nkernel-srpm-macros-1.0-22.fc40.noarch\nkeyutils-libs-1.6.3-3.fc40.x86_64\nkrb5-libs-1.21.2-5.fc40.x86_64\nlibacl-2.3.2-1.fc40.x86_64\nlibarchive-3.7.2-3.fc40.x86_64\nlibattr-2.5.2-3.fc40.x86_64\nlibblkid-2.39.3-4.fc40.x86_64\nlibbrotli-1.1.0-3.fc40.x86_64\nlibcap-2.69-3.fc40.x86_64\nlibcap-ng-0.8.4-4.fc40.x86_64\nlibcom_err-1.47.0-4.fc40.x86_64\nlibcurl-8.5.0-2.fc40.x86_64\nlibeconf-0.5.2-3.fc40.x86_64\nlibevent-2.1.12-11.fc40.x86_64\nlibfdisk-2.39.3-4.fc40.x86_64\nlibffi-3.4.4-7.fc40.x86_64\nlibgcc-14.0.1-0.4.fc40.x86_64\nlibgomp-14.0.1-0.4.fc40.x86_64\nlibidn2-2.3.7-1.fc40.x86_64\nlibmount-2.39.3-4.fc40.x86_64\nlibnghttp2-1.59.0-2.fc40.x86_64\nlibnsl2-2.0.1-1.fc40.x86_64\nlibpkgconf-1.9.5-4.fc40.x86_64\nlibpsl-0.21.5-3.fc40.x86_64\nlibpwquality-1.4.5-9.fc40.x86_64\nlibselinux-3.6-4.fc40.x86_64\nlibsemanage-3.6-3.fc40.x86_64\nlibsepol-3.6-3.fc40.x86_64\nlibsmartcols-2.39.3-4.fc40.x86_64\nlibssh-0.10.6-4.fc40.x86_64\nlibssh-config-0.10.6-4.fc40.noarch\nlibstdc++-14.0.1-0.4.fc40.x86_64\nlibtasn1-4.19.0-6.fc40.x86_64\nlibtirpc-1.3.4-1.rc2.fc40.2.x86_64\nlibunistring-1.1-7.fc40.x86_64\nlibutempter-1.2.1-13.fc40.x86_64\nlibuuid-2.39.3-4.fc40.x86_64\nlibverto-0.3.2-8.fc40.x86_64\nlibxcrypt-4.4.36-5.fc40.x86_64\nlibxml2-2.12.4-3.fc40.x86_64\nlibzstd-1.5.5-5.fc40.x86_64\nlua-libs-5.4.6-5.fc40.x86_64\nlua-srpm-macros-1-11.fc40.noarch\nlz4-libs-1.9.4-6.fc40.x86_64\nmpfr-4.2.1-3.fc40.x86_64\nncurses-base-6.4-11.20240113.fc40.noarch\nncurses-libs-6.4-11.20240113.fc40.x86_64\nocaml-srpm-macros-9-3.fc40.noarch\nopenblas-srpm-macros-2-16.fc40.noarch\nopenldap-2.6.6-1.fc39.x86_64\nopenssl-libs-3.1.4-4.fc40.x86_64\np11-kit-0.25.3-1.fc40.x86_64\np11-kit-trust-0.25.3-1.fc40.x86_64\npackage-notes-srpm-macros-0.5-11.fc40.noarch\npam-1.6.0-1.fc40.x86_64\npam-libs-1.6.0-1.fc40.x86_64\npatch-2.7.6-24.fc40.x86_64\npcre2-10.42-2.fc40.2.x86_64\npcre2-syntax-10.42-2.fc40.2.noarch\nperl-srpm-macros-1-53.fc40.noarch\npkgconf-1.9.5-4.fc40.x86_64\npkgconf-m4-1.9.5-4.fc40.noarch\npkgconf-pkg-config-1.9.5-4.fc40.x86_64\npopt-1.19-6.fc40.x86_64\npublicsuffix-list-dafsa-20240107-3.fc40.noarch\npyproject-srpm-macros-1.12.0-1.fc40.noarch\npython-srpm-macros-3.13-5.fc40.noarch\nqt5-srpm-macros-5.15.12-3.fc40.noarch\nqt6-srpm-macros-6.6.1-5.fc40.noarch\nreadline-8.2-8.fc40.x86_64\nredhat-rpm-config-280-1.fc40.noarch\nrpm-4.19.1-4.fc40.x86_64\nrpm-build-4.19.1-4.fc40.x86_64\nrpm-build-libs-4.19.1-4.fc40.x86_64\nrpm-libs-4.19.1-4.fc40.x86_64\nrpm-sequoia-1.6.0-2.fc40.x86_64\nrust-srpm-macros-25.2-3.fc40.noarch\nsed-4.8-15.fc40.x86_64\nsetup-2.14.5-2.fc40.noarch\nshadow-utils-4.14.0-4.fc40.x86_64\nsqlite-libs-3.45.0-2.fc40.x86_64\nsystemd-libs-255.3-1.fc40.x86_64\ntar-1.35-3.fc40.x86_64\nunzip-6.0-63.fc40.x86_64\nutil-linux-2.39.3-4.fc40.x86_64\nutil-linux-core-2.39.3-4.fc40.x86_64\nwhich-2.21-41.fc40.x86_64\nxxhash-libs-0.8.2-2.fc40.x86_64\nxz-5.4.6-1.fc40.x86_64\nxz-libs-5.4.6-1.fc40.x86_64\nzig-srpm-macros-1-2.fc40.noarch\nzip-3.0-40.fc40.x86_64\nzlib-ng-compat-2.1.6-2.fc40.x86_64\nzstd-1.5.5-5.fc40.x86_64\nStart: buildsrpm\nStart: rpmbuild -bs\nwarning: extra tokens at the end of %endif directive in line 230:  %endif # with tests\n\nBuilding target platforms: x86_64\nBuilding for target x86_64\nsetting SOURCE_DATE_EPOCH=1706227200\nWrote: \/builddir\/build\/SRPMS\/python-setuptools-68.2.2-7.fc40.src.rpm\n\nRPM build warnings:\n    extra tokens at the end of %endif directive in line 230:  %endif # with tests\n\nFinish: rpmbuild -bs\nINFO: chroot_scan: 1 files copied to \/var\/lib\/copr-rpmbuild\/results\/chroot_scan\nINFO: \/var\/lib\/mock\/fedora-rawhide-x86_64-1706618514.825877\/root\/var\/log\/dnf5.log\nFinish: buildsrpm\nINFO: Done(\/var\/lib\/copr-rpmbuild\/workspace\/workdir-p0azun64\/python-setuptools\/python-setuptools.spec) Config(child) 0 minutes 13 seconds\nINFO: Results and\/or logs in: \/var\/lib\/copr-rpmbuild\/results\nINFO: Cleaning up build root ('cleanup_on_success=True')\nStart: clean chroot\nINFO: unmounting tmpfs.\nFinish: clean chroot\nINFO: Start(\/var\/lib\/copr-rpmbuild\/results\/python-setuptools-68.2.2-7.fc40.src.rpm)  Config(fedora-rawhide-x86_64)\nStart: chroot init\nINFO: mounting tmpfs at \/var\/lib\/mock\/fedora-rawhide-x86_64-1706618514.825877\/root.\nINFO: calling preinit hooks\nINFO: enabled root cache\nStart: unpacking root cache\nFinish: unpacking root cache\nINFO: enabled package manager cache\nStart: cleaning package manager metadata\nFinish: cleaning package manager metadata\nINFO: enabled HW Info plugin\nINFO: Buildroot is handled by package management from host and used with --installroot:\n  rpm-4.18.2-1.fc38.x86_64\n  rpm-sequoia-1.4.0-3.fc38.x86_64\n  python3-dnf-4.18.2-1.fc38.noarch\n  python3-dnf-plugins-core-4.4.4-1.fc38.noarch\n  yum-4.18.2-1.fc38.noarch\n  dnf5-5.1.11-1.fc38.x86_64\n  dnf5-plugins-5.1.11-1.fc38.x86_64\nFinish: chroot init\nStart: build phase for python-setuptools-68.2.2-7.fc40.src.rpm\nStart: build setup for python-setuptools-68.2.2-7.fc40.src.rpm\nwarning: extra tokens at the end of %endif directive in line 230:  %endif # with tests\n\nBuilding target platforms: x86_64\nBuilding for target x86_64\nsetting SOURCE_DATE_EPOCH=1706227200\nWrote: \/builddir\/build\/SRPMS\/python-setuptools-68.2.2-7.fc40.src.rpm\n\nRPM build warnings:\n    extra tokens at the end of %endif directive in line 230:  %endif # with tests\n\nUpdating and loading repositories:\n fedora                                 100% | 355.0 KiB\/s |  22.0 KiB |  00m00s\n Copr repository                        100% |  51.2 KiB\/s |   1.5 KiB |  00m00s\n Additional repo http_kojipkgs_fedorapr 100% |  91.6 KiB\/s |   4.1 KiB |  00m00s\n Additional repo http_kojipkgs_fedorapr 100% |  55.0 MiB\/s |  16.9 MiB |  00m00s\nRepositories loaded.\nPackage                  Arch   Version                 Repository                                                         Size\nInstalling:                                                                                                                    \n gcc                     x86_64 14.0.1-0.4.fc40         http_kojipkgs_fedoraproject_org_repos_rawhide_latest_basearch 103.2 MiB\n pyproject-rpm-macros    noarch 1.12.0-1.fc40           http_kojipkgs_fedoraproject_org_repos_rawhide_latest_basearch  98.8 KiB\n python3-devel           x86_64 3.13.0~a3-3.fc40        copr_base                                                       1.5 MiB\n python3-rpm-generators  noarch 14-10.fc40              http_kojipkgs_fedoraproject_org_repos_rawhide_latest_basearch  81.7 KiB\n python3-setuptools      noarch 68.2.2-1.fc40           copr_base                                                       7.1 MiB\nInstalling dependencies:                                                                                                       \n annobin-docs            noarch 12.38-1.fc40            http_kojipkgs_fedoraproject_org_repos_rawhide_latest_basearch  95.6 KiB\n annobin-plugin-gcc      x86_64 12.38-1.fc40            http_kojipkgs_fedoraproject_org_repos_rawhide_latest_basearch 966.8 KiB\n cpp                     x86_64 14.0.1-0.4.fc40         http_kojipkgs_fedoraproject_org_repos_rawhide_latest_basearch  34.7 MiB\n expat                   x86_64 2.5.0-5.fc40            http_kojipkgs_fedoraproject_org_repos_rawhide_latest_basearch 266.7 KiB\n gc                      x86_64 8.2.2-6.fc40            http_kojipkgs_fedoraproject_org_repos_rawhide_latest_basearch 258.7 KiB\n gcc-plugin-annobin      x86_64 14.0.1-0.4.fc40         http_kojipkgs_fedoraproject_org_repos_rawhide_latest_basearch  57.1 KiB\n glibc-devel             x86_64 2.38.9000-35.fc40       http_kojipkgs_fedoraproject_org_repos_rawhide_latest_basearch  37.1 KiB\n glibc-headers-x86       noarch 2.38.9000-35.fc40       http_kojipkgs_fedoraproject_org_repos_rawhide_latest_basearch   2.2 MiB\n guile30                 x86_64 3.0.7-12.fc40           http_kojipkgs_fedoraproject_org_repos_rawhide_latest_basearch  51.5 MiB\n kernel-headers          x86_64 6.8.0-0.rc1.12.fc40.1   http_kojipkgs_fedoraproject_org_repos_rawhide_latest_basearch   6.2 MiB\n libb2                   x86_64 0.98.1-11.fc40          http_kojipkgs_fedoraproject_org_repos_rawhide_latest_basearch  42.2 KiB\n libmpc                  x86_64 1.3.1-5.fc40            http_kojipkgs_fedoraproject_org_repos_rawhide_latest_basearch 164.7 KiB\n libxcrypt-devel         x86_64 4.4.36-5.fc40           http_kojipkgs_fedoraproject_org_repos_rawhide_latest_basearch  30.3 KiB\n make                    x86_64 1:4.4.1-6.fc40          http_kojipkgs_fedoraproject_org_repos_rawhide_latest_basearch   1.8 MiB\n mpdecimal               x86_64 2.5.1-9.fc40            http_kojipkgs_fedoraproject_org_repos_rawhide_latest_basearch 200.9 KiB\n python-pip-wheel        noarch 23.3.2-2.fc40           copr_base                                                       1.5 MiB\n python-rpm-macros       noarch 3.13-5.fc40             copr_base                                                      22.1 KiB\n python3                 x86_64 3.13.0~a3-3.fc40        copr_base                                                      32.1 KiB\n python3-libs            x86_64 3.13.0~a3-3.fc40        copr_base                                                      38.5 MiB\n python3-packaging       noarch 23.2-4.fc40~bootstrap.1 copr_base                                                     419.9 KiB\n python3-rpm-macros      noarch 3.13-5.fc40             copr_base                                                       6.4 KiB\n tzdata                  noarch 2023d-3.fc40            http_kojipkgs_fedoraproject_org_repos_rawhide_latest_basearch   1.6 MiB\n\nTransaction Summary:\n Installing:       27 packages\n\nTotal size of inbound packages is 73 MiB. Need to download 73 MiB.\nAfter this operation 253 MiB will be used (install 253 MiB, remove 0 B).\n[ 1\/27] python3-devel-0:3.13.0~a3-3.fc4 100% |  11.9 MiB\/s | 303.4 KiB |  00m00s\n[ 2\/27] pyproject-rpm-macros-0:1.12.0-1 100% |   1.0 MiB\/s |  41.4 KiB |  00m00s\n[ 3\/27] python3-rpm-generators-0:14-10. 100% |   1.7 MiB\/s |  29.6 KiB |  00m00s\n[ 4\/27] python3-setuptools-0:68.2.2-1.f 100% |  89.5 MiB\/s |   1.4 MiB |  00m00s\n[ 5\/27] python3-0:3.13.0~a3-3.fc40.x86_ 100% |  24.7 MiB\/s |  25.3 KiB |  00m00s\n[ 6\/27] python3-libs-0:3.13.0~a3-3.fc40 100% | 277.2 MiB\/s |   8.3 MiB |  00m00s\n[ 7\/27] python3-rpm-macros-0:3.13-5.fc4 100% |  14.0 MiB\/s |  14.3 KiB |  00m00s\n[ 8\/27] python-rpm-macros-0:3.13-5.fc40 100% |  19.1 MiB\/s |  19.6 KiB |  00m00s\n[ 9\/27] python3-packaging-0:23.2-4.fc40 100% |  57.4 MiB\/s | 117.5 KiB |  00m00s\n[10\/27] glibc-devel-0:2.38.9000-35.fc40 100% |   9.5 MiB\/s | 107.1 KiB |  00m00s\n[11\/27] libmpc-0:1.3.1-5.fc40.x86_64    100% |   8.7 MiB\/s |  71.1 KiB |  00m00s\n[12\/27] make-1:4.4.1-6.fc40.x86_64      100% |  47.2 MiB\/s | 580.0 KiB |  00m00s\n[13\/27] expat-0:2.5.0-5.fc40.x86_64     100% |  15.3 MiB\/s | 109.8 KiB |  00m00s\n[14\/27] libb2-0:0.98.1-11.fc40.x86_64   100% |   4.1 MiB\/s |  25.5 KiB |  00m00s\n[15\/27] mpdecimal-0:2.5.1-9.fc40.x86_64 100% |   9.6 MiB\/s |  88.6 KiB |  00m00s\n[16\/27] python-pip-wheel-0:23.3.2-2.fc4 100% | 245.2 MiB\/s |   1.5 MiB |  00m00s\n[17\/27] gcc-0:14.0.1-0.4.fc40.x86_64    100% | 181.6 MiB\/s |  36.7 MiB |  00m00s\n[18\/27] tzdata-0:2023d-3.fc40.noarch    100% |   9.6 MiB\/s | 433.6 KiB |  00m00s\n[19\/27] cpp-0:14.0.1-0.4.fc40.x86_64    100% |  66.8 MiB\/s |  11.9 MiB |  00m00s\n[20\/27] libxcrypt-devel-0:4.4.36-5.fc40 100% |   2.3 MiB\/s |  28.6 KiB |  00m00s\n[21\/27] gc-0:8.2.2-6.fc40.x86_64        100% |  13.5 MiB\/s | 110.2 KiB |  00m00s\n[22\/27] glibc-headers-x86-0:2.38.9000-3 100% |  51.2 MiB\/s | 524.2 KiB |  00m00s\n[23\/27] guile30-0:3.0.7-12.fc40.x86_64  100% | 174.8 MiB\/s |   8.0 MiB |  00m00s\n[24\/27] gcc-plugin-annobin-0:14.0.1-0.4 100% |   2.3 MiB\/s |  34.9 KiB |  00m00s\n[25\/27] kernel-headers-0:6.8.0-0.rc1.12 100% |  71.9 MiB\/s |   1.4 MiB |  00m00s\n[26\/27] annobin-docs-0:12.38-1.fc40.noa 100% |  14.6 MiB\/s |  89.6 KiB |  00m00s\n[27\/27] annobin-plugin-gcc-0:12.38-1.fc 100% |  77.9 MiB\/s | 957.3 KiB |  00m00s\n--------------------------------------------------------------------------------\n[27\/27] Total                           100% | 276.1 MiB\/s |  72.9 MiB |  00m00s\nRunning transaction\n[ 1\/29] Verify package files            100% | 131.0   B\/s |  27.0   B |  00m00s\n[ 2\/29] Prepare transaction             100% | 818.0   B\/s |  27.0   B |  00m00s\n[ 3\/29] Installing python-rpm-macros-0: 100% |   0.0   B\/s |  22.8 KiB |  00m00s\n[ 4\/29] Installing python3-rpm-macros-0 100% |   0.0   B\/s |   6.7 KiB |  00m00s\n[ 5\/29] Installing libmpc-0:1.3.1-5.fc4 100% | 162.3 MiB\/s | 166.2 KiB |  00m00s\n[ 6\/29] Installing cpp-0:14.0.1-0.4.fc4 100% | 434.4 MiB\/s |  34.7 MiB |  00m00s\n[ 7\/29] Installing pyproject-rpm-macros 100% |  98.4 MiB\/s | 100.8 KiB |  00m00s\n[ 8\/29] Installing annobin-docs-0:12.38 100% |  94.3 MiB\/s |  96.6 KiB |  00m00s\n[ 9\/29] Installing kernel-headers-0:6.8 100% | 236.4 MiB\/s |   6.4 MiB |  00m00s\n[10\/29] Installing glibc-headers-x86-0: 100% | 204.8 MiB\/s |   2.3 MiB |  00m00s\n[11\/29] Installing libxcrypt-devel-0:4. 100% |  31.8 MiB\/s |  32.6 KiB |  00m00s\n[12\/29] Installing glibc-devel-0:2.38.9 100% |  39.9 MiB\/s |  40.8 KiB |  00m00s\n[13\/29] Installing gc-0:8.2.2-6.fc40.x8 100% | 127.6 MiB\/s | 261.2 KiB |  00m00s\n[14\/29] Installing guile30-0:3.0.7-12.f 100% | 510.7 MiB\/s |  51.6 MiB |  00m00s\n[15\/29] Installing make-1:4.4.1-6.fc40. 100% | 300.0 MiB\/s |   1.8 MiB |  00m00s\n[16\/29] Installing gcc-0:14.0.1-0.4.fc4 100% | 471.4 MiB\/s | 103.2 MiB |  00m00s\n>>> Running trigger-install scriptlet: redhat-rpm-config-0:280-1.fc40.noarch\n>>> Stop trigger-install scriptlet: redhat-rpm-config-0:280-1.fc40.noarch\n[17\/29] Installing tzdata-0:2023d-3.fc4 100% |  65.8 MiB\/s |   1.9 MiB |  00m00s\n[18\/29] Installing python-pip-wheel-0:2 100% | 759.9 MiB\/s |   1.5 MiB |  00m00s\n[19\/29] Installing mpdecimal-0:2.5.1-9. 100% | 197.3 MiB\/s | 202.0 KiB |  00m00s\n[20\/29] Installing libb2-0:0.98.1-11.fc 100% |   0.0   B\/s |  43.3 KiB |  00m00s\n[21\/29] Installing expat-0:2.5.0-5.fc40 100% |  65.6 MiB\/s | 268.8 KiB |  00m00s\n[22\/29] Installing python3-libs-0:3.13. 100% | 381.0 MiB\/s |  38.9 MiB |  00m00s\n[23\/29] Installing python3-0:3.13.0~a3- 100% |  33.1 MiB\/s |  33.9 KiB |  00m00s\n[24\/29] Installing python3-packaging-0: 100% | 210.2 MiB\/s | 430.5 KiB |  00m00s\n[25\/29] Installing python3-rpm-generato 100% |  81.0 MiB\/s |  82.9 KiB |  00m00s\n[26\/29] Installing python3-devel-0:3.13 100% | 187.7 MiB\/s |   1.5 MiB |  00m00s\n[27\/29] Installing python3-setuptools-0 100% | 301.6 MiB\/s |   7.2 MiB |  00m00s\n[28\/29] Installing gcc-plugin-annobin-0 100% |   4.8 MiB\/s |  58.6 KiB |  00m00s\n>>> Running trigger-install scriptlet: redhat-rpm-config-0:280-1.fc40.noarch\n>>> Stop trigger-install scriptlet: redhat-rpm-config-0:280-1.fc40.noarch\n[29\/29] Installing annobin-plugin-gcc-0 100% |   7.0 MiB\/s | 968.3 KiB |  00m00s\n>>> Running trigger-install scriptlet: redhat-rpm-config-0:280-1.fc40.noarch\n>>> Stop trigger-install scriptlet: redhat-rpm-config-0:280-1.fc40.noarch\n>>> Running trigger-install scriptlet: glibc-common-0:2.38.9000-35.fc40.x86_64\n>>> Stop trigger-install scriptlet: glibc-common-0:2.38.9000-35.fc40.x86_64\n>>> Running trigger-install scriptlet: info-0:7.1-2.fc40.x86_64\n>>> Stop trigger-install scriptlet: info-0:7.1-2.fc40.x86_64\nWarning: skipped PGP checks for 27 package(s).\nFinish: build setup for python-setuptools-68.2.2-7.fc40.src.rpm\nStart: rpmbuild python-setuptools-68.2.2-7.fc40.src.rpm\nwarning: extra tokens at the end of %endif directive in line 230:  %endif # with tests\n\nBuilding target platforms: x86_64\nBuilding for target x86_64\nsetting SOURCE_DATE_EPOCH=1706227200\nExecuting(%prep): \/bin\/sh -e \/var\/tmp\/rpm-tmp.8uGnSy\n+ umask 022\n+ cd \/builddir\/build\/BUILD\n+ cd \/builddir\/build\/BUILD\n+ rm -rf setuptools-68.2.2\n+ \/usr\/lib\/rpm\/rpmuncompress -x \/builddir\/build\/SOURCES\/setuptools-68.2.2.tar.gz\n+ STATUS=0\n+ '[' 0 -ne 0 ']'\n+ cd setuptools-68.2.2\n+ rm -rf \/builddir\/build\/BUILD\/setuptools-68.2.2-SPECPARTS\n+ \/usr\/bin\/mkdir -p \/builddir\/build\/BUILD\/setuptools-68.2.2-SPECPARTS\n+ \/usr\/bin\/chmod -Rf a+rX,u+w,g-w,o-w .\n+ \/usr\/lib\/rpm\/rpmuncompress \/builddir\/build\/SOURCES\/Remove-optional-or-unpackaged-test-deps.patch\n+ \/usr\/bin\/patch -p1 -s --fuzz=0 --no-backup-if-mismatch -f\n+ \/usr\/lib\/rpm\/rpmuncompress \/builddir\/build\/SOURCES\/Adjust-the-setup.py-install-deprecation-message.patch\n+ \/usr\/bin\/patch -p1 -s --fuzz=0 --no-backup-if-mismatch -f\n+ \/usr\/lib\/rpm\/rpmuncompress \/builddir\/build\/SOURCES\/Remove-warning-from-pkg_resources.patch\n+ \/usr\/bin\/patch -p1 -s --fuzz=0 --no-backup-if-mismatch -f\n+ \/usr\/lib\/rpm\/rpmuncompress \/builddir\/build\/SOURCES\/4094.patch\n+ \/usr\/bin\/patch -p1 -s --fuzz=0 --no-backup-if-mismatch -f\n+ find setuptools pkg_resources -name '*.py'\n+ xargs sed -i -e '1 {\/^#!\\\/\/d}'\n+ rm -f setuptools\/cli-32.exe setuptools\/cli-64.exe setuptools\/cli-arm64.exe setuptools\/cli.exe setuptools\/gui-32.exe setuptools\/gui-64.exe setuptools\/gui-arm64.exe setuptools\/gui.exe\n+ rm -r docs\/conf.py\n+ RPM_EC=0\n++ jobs -p\n+ exit 0\nExecuting(%generate_buildrequires): \/bin\/sh -e \/var\/tmp\/rpm-tmp.sC3nLT\n+ umask 022\n+ cd \/builddir\/build\/BUILD\n+ cd setuptools-68.2.2\n+ CFLAGS='-O2 -flto=auto -ffat-lto-objects -fexceptions -g -grecord-gcc-switches -pipe -Wall -Werror=format-security -Wp,-U_FORTIFY_SOURCE,-D_FORTIFY_SOURCE=3 -Wp,-D_GLIBCXX_ASSERTIONS -specs=\/usr\/lib\/rpm\/redhat\/redhat-hardened-cc1 -fstack-protector-strong -specs=\/usr\/lib\/rpm\/redhat\/redhat-annobin-cc1  -m64   -mtune=generic -fasynchronous-unwind-tables -fstack-clash-protection -fcf-protection -fno-omit-frame-pointer -mno-omit-leaf-frame-pointer '\n+ export CFLAGS\n+ CXXFLAGS='-O2 -flto=auto -ffat-lto-objects -fexceptions -g -grecord-gcc-switches -pipe -Wall -Werror=format-security -Wp,-U_FORTIFY_SOURCE,-D_FORTIFY_SOURCE=3 -Wp,-D_GLIBCXX_ASSERTIONS -specs=\/usr\/lib\/rpm\/redhat\/redhat-hardened-cc1 -fstack-protector-strong -specs=\/usr\/lib\/rpm\/redhat\/redhat-annobin-cc1  -m64   -mtune=generic -fasynchronous-unwind-tables -fstack-clash-protection -fcf-protection -fno-omit-frame-pointer -mno-omit-leaf-frame-pointer '\n+ export CXXFLAGS\n+ FFLAGS='-O2 -flto=auto -ffat-lto-objects -fexceptions -g -grecord-gcc-switches -pipe -Wall -Wp,-U_FORTIFY_SOURCE,-D_FORTIFY_SOURCE=3 -Wp,-D_GLIBCXX_ASSERTIONS -specs=\/usr\/lib\/rpm\/redhat\/redhat-hardened-cc1 -fstack-protector-strong -specs=\/usr\/lib\/rpm\/redhat\/redhat-annobin-cc1  -m64   -mtune=generic -fasynchronous-unwind-tables -fstack-clash-protection -fcf-protection -fno-omit-frame-pointer -mno-omit-leaf-frame-pointer -I\/usr\/lib64\/gfortran\/modules '\n+ export FFLAGS\n+ FCFLAGS='-O2 -flto=auto -ffat-lto-objects -fexceptions -g -grecord-gcc-switches -pipe -Wall -Wp,-U_FORTIFY_SOURCE,-D_FORTIFY_SOURCE=3 -Wp,-D_GLIBCXX_ASSERTIONS -specs=\/usr\/lib\/rpm\/redhat\/redhat-hardened-cc1 -fstack-protector-strong -specs=\/usr\/lib\/rpm\/redhat\/redhat-annobin-cc1  -m64   -mtune=generic -fasynchronous-unwind-tables -fstack-clash-protection -fcf-protection -fno-omit-frame-pointer -mno-omit-leaf-frame-pointer -I\/usr\/lib64\/gfortran\/modules '\n+ export FCFLAGS\n+ VALAFLAGS=-g\n+ export VALAFLAGS\n+ RUSTFLAGS='-Copt-level=3 -Cdebuginfo=2 -Ccodegen-units=1 -Cstrip=none -Cforce-frame-pointers=yes -Clink-arg=-Wl,-z,relro -Clink-arg=-Wl,-z,now --cap-lints=warn'\n+ export RUSTFLAGS\n+ LDFLAGS='-Wl,-z,relro -Wl,--as-needed  -Wl,-z,pack-relative-relocs -Wl,-z,now -specs=\/usr\/lib\/rpm\/redhat\/redhat-hardened-ld-errors -specs=\/usr\/lib\/rpm\/redhat\/redhat-hardened-ld -specs=\/usr\/lib\/rpm\/redhat\/redhat-annobin-cc1  -Wl,--build-id=sha1  '\n+ export LDFLAGS\n+ LT_SYS_LIBRARY_PATH=\/usr\/lib64:\n+ export LT_SYS_LIBRARY_PATH\n+ CC=gcc\n+ export CC\n+ CXX=g++\n+ export CXX\n+ echo pyproject-rpm-macros\n+ echo python3-devel\n+ echo 'python3dist(pip) >= 19'\n+ echo 'python3dist(packaging)'\n+ '[' -f pyproject.toml ']'\n+ echo '(python3dist(tomli) if python3-devel >> Running trigger-install scriptlet: glibc-common-0:2.38.9000-35.fc40.x86_64\n>>> Stop trigger-install scriptlet: glibc-common-0:2.38.9000-35.fc40.x86_64\nWarning: skipped PGP checks for 2 package(s).\nwarning: extra tokens at the end of %endif directive in line 230:  %endif # with tests\n\nBuilding target platforms: x86_64\nBuilding for target x86_64\nsetting SOURCE_DATE_EPOCH=1706227200\nExecuting(%generate_buildrequires): \/bin\/sh -e \/var\/tmp\/rpm-tmp.bTeI3K\n+ umask 022\n+ cd \/builddir\/build\/BUILD\n+ cd setuptools-68.2.2\n+ CFLAGS='-O2 -flto=auto -ffat-lto-objects -fexceptions -g -grecord-gcc-switches -pipe -Wall -Werror=format-security -Wp,-U_FORTIFY_SOURCE,-D_FORTIFY_SOURCE=3 -Wp,-D_GLIBCXX_ASSERTIONS -specs=\/usr\/lib\/rpm\/redhat\/redhat-hardened-cc1 -fstack-protector-strong -specs=\/usr\/lib\/rpm\/redhat\/redhat-annobin-cc1  -m64   -mtune=generic -fasynchronous-unwind-tables -fstack-clash-protection -fcf-protection -fno-omit-frame-pointer -mno-omit-leaf-frame-pointer '\n+ export CFLAGS\n+ CXXFLAGS='-O2 -flto=auto -ffat-lto-objects -fexceptions -g -grecord-gcc-switches -pipe -Wall -Werror=format-security -Wp,-U_FORTIFY_SOURCE,-D_FORTIFY_SOURCE=3 -Wp,-D_GLIBCXX_ASSERTIONS -specs=\/usr\/lib\/rpm\/redhat\/redhat-hardened-cc1 -fstack-protector-strong -specs=\/usr\/lib\/rpm\/redhat\/redhat-annobin-cc1  -m64   -mtune=generic -fasynchronous-unwind-tables -fstack-clash-protection -fcf-protection -fno-omit-frame-pointer -mno-omit-leaf-frame-pointer '\n+ export CXXFLAGS\n+ FFLAGS='-O2 -flto=auto -ffat-lto-objects -fexceptions -g -grecord-gcc-switches -pipe -Wall -Wp,-U_FORTIFY_SOURCE,-D_FORTIFY_SOURCE=3 -Wp,-D_GLIBCXX_ASSERTIONS -specs=\/usr\/lib\/rpm\/redhat\/redhat-hardened-cc1 -fstack-protector-strong -specs=\/usr\/lib\/rpm\/redhat\/redhat-annobin-cc1  -m64   -mtune=generic -fasynchronous-unwind-tables -fstack-clash-protection -fcf-protection -fno-omit-frame-pointer -mno-omit-leaf-frame-pointer -I\/usr\/lib64\/gfortran\/modules '\n+ export FFLAGS\n+ FCFLAGS='-O2 -flto=auto -ffat-lto-objects -fexceptions -g -grecord-gcc-switches -pipe -Wall -Wp,-U_FORTIFY_SOURCE,-D_FORTIFY_SOURCE=3 -Wp,-D_GLIBCXX_ASSERTIONS -specs=\/usr\/lib\/rpm\/redhat\/redhat-hardened-cc1 -fstack-protector-strong -specs=\/usr\/lib\/rpm\/redhat\/redhat-annobin-cc1  -m64   -mtune=generic -fasynchronous-unwind-tables -fstack-clash-protection -fcf-protection -fno-omit-frame-pointer -mno-omit-leaf-frame-pointer -I\/usr\/lib64\/gfortran\/modules '\n+ export FCFLAGS\n+ VALAFLAGS=-g\n+ export VALAFLAGS\n+ RUSTFLAGS='-Copt-level=3 -Cdebuginfo=2 -Ccodegen-units=1 -Cstrip=none -Cforce-frame-pointers=yes -Clink-arg=-Wl,-z,relro -Clink-arg=-Wl,-z,now --cap-lints=warn'\n+ export RUSTFLAGS\n+ LDFLAGS='-Wl,-z,relro -Wl,--as-needed  -Wl,-z,pack-relative-relocs -Wl,-z,now -specs=\/usr\/lib\/rpm\/redhat\/redhat-hardened-ld-errors -specs=\/usr\/lib\/rpm\/redhat\/redhat-hardened-ld -specs=\/usr\/lib\/rpm\/redhat\/redhat-annobin-cc1  -Wl,--build-id=sha1  '\n+ export LDFLAGS\n+ LT_SYS_LIBRARY_PATH=\/usr\/lib64:\n+ export LT_SYS_LIBRARY_PATH\n+ CC=gcc\n+ export CC\n+ CXX=g++\n+ export CXX\n+ echo pyproject-rpm-macros\n+ echo python3-devel\n+ echo 'python3dist(pip) >= 19'\n+ echo 'python3dist(packaging)'\n+ '[' -f pyproject.toml ']'\n+ echo '(python3dist(tomli) if python3-devel =3.5 ; extra == 'docs' from hook generated metadata: Requires-Dist (setuptools)\nIgnoring alien requirement: sphinx >=3.5 ; extra == 'docs'\nHandling jaraco.packaging >=9.3 ; extra == 'docs' from hook generated metadata: Requires-Dist (setuptools)\nIgnoring alien requirement: jaraco.packaging >=9.3 ; extra == 'docs'\nHandling rst.linker >=1.9 ; extra == 'docs' from hook generated metadata: Requires-Dist (setuptools)\nIgnoring alien requirement: rst.linker >=1.9 ; extra == 'docs'\nHandling furo ; extra == 'docs' from hook generated metadata: Requires-Dist (setuptools)\nIgnoring alien requirement: furo ; extra == 'docs'\nHandling sphinx-lint ; extra == 'docs' from hook generated metadata: Requires-Dist (setuptools)\nIgnoring alien requirement: sphinx-lint ; extra == 'docs'\nHandling jaraco.tidelift >=1.4 ; extra == 'docs' from hook generated metadata: Requires-Dist (setuptools)\nIgnoring alien requirement: jaraco.tidelift >=1.4 ; extra == 'docs'\nHandling pygments-github-lexers ==0.0.5 ; extra == 'docs' from hook generated metadata: Requires-Dist (setuptools)\nIgnoring alien requirement: pygments-github-lexers ==0.0.5 ; extra == 'docs'\nHandling sphinx-favicon ; extra == 'docs' from hook generated metadata: Requires-Dist (setuptools)\nIgnoring alien requirement: sphinx-favicon ; extra == 'docs'\nHandling sphinx-inline-tabs ; extra == 'docs' from hook generated metadata: Requires-Dist (setuptools)\nIgnoring alien requirement: sphinx-inline-tabs ; extra == 'docs'\nHandling sphinx-reredirects ; extra == 'docs' from hook generated metadata: Requires-Dist (setuptools)\nIgnoring alien requirement: sphinx-reredirects ; extra == 'docs'\nHandling sphinxcontrib-towncrier ; extra == 'docs' from hook generated metadata: Requires-Dist (setuptools)\nIgnoring alien requirement: sphinxcontrib-towncrier ; extra == 'docs'\nHandling sphinx-notfound-page =1 ; extra == 'docs' from hook generated metadata: Requires-Dist (setuptools)\nIgnoring alien requirement: sphinx-notfound-page =1 ; extra == 'docs'\nHandling sphinx-hoverxref =6 ; extra == 'testing' from hook generated metadata: Requires-Dist (setuptools)\nRequirement not satisfied: pytest >=6 ; extra == 'testing'\nHandling virtualenv >=13.0.0 ; extra == 'testing' from hook generated metadata: Requires-Dist (setuptools)\nRequirement not satisfied: virtualenv >=13.0.0 ; extra == 'testing'\nHandling wheel ; extra == 'testing' from hook generated metadata: Requires-Dist (setuptools)\nRequirement satisfied: wheel ; extra == 'testing'\n   (installed: wheel 0.41.2)\nHandling pip >=19.1 ; extra == 'testing' from hook generated metadata: Requires-Dist (setuptools)\nRequirement satisfied: pip >=19.1 ; extra == 'testing'\n   (installed: pip 23.3.2)\nHandling jaraco.envs >=2.2 ; extra == 'testing' from hook generated metadata: Requires-Dist (setuptools)\nRequirement not satisfied: jaraco.envs >=2.2 ; extra == 'testing'\nHandling pytest-xdist ; extra == 'testing' from hook generated metadata: Requires-Dist (setuptools)\nRequirement not satisfied: pytest-xdist ; extra == 'testing'\nHandling jaraco.path >=3.2.0 ; extra == 'testing' from hook generated metadata: Requires-Dist (setuptools)\nRequirement not satisfied: jaraco.path >=3.2.0 ; extra == 'testing'\nHandling build[virtualenv] ; extra == 'testing' from hook generated metadata: Requires-Dist (setuptools)\nRequirement not satisfied: build[virtualenv] ; extra == 'testing'\nHandling ini2toml[lite] >=0.9 ; extra == 'testing' from hook generated metadata: Requires-Dist (setuptools)\nRequirement not satisfied: ini2toml[lite] >=0.9 ; extra == 'testing'\nHandling tomli-w >=1.0.0 ; extra == 'testing' from hook generated metadata: Requires-Dist (setuptools)\nRequirement not satisfied: tomli-w >=1.0.0 ; extra == 'testing'\nHandling pytest-timeout ; extra == 'testing' from hook generated metadata: Requires-Dist (setuptools)\nRequirement not satisfied: pytest-timeout ; extra == 'testing'\nHandling pytest ; extra == 'testing-integration' from hook generated metadata: Requires-Dist (setuptools)\nIgnoring alien requirement: pytest ; extra == 'testing-integration'\nHandling pytest-xdist ; extra == 'testing-integration' from hook generated metadata: Requires-Dist (setuptools)\nIgnoring alien requirement: pytest-xdist ; extra == 'testing-integration'\nHandling pytest-enabler ; extra == 'testing-integration' from hook generated metadata: Requires-Dist (setuptools)\nIgnoring alien requirement: pytest-enabler ; extra == 'testing-integration'\nHandling virtualenv >=13.0.0 ; extra == 'testing-integration' from hook generated metadata: Requires-Dist (setuptools)\nIgnoring alien requirement: virtualenv >=13.0.0 ; extra == 'testing-integration'\nHandling tomli ; extra == 'testing-integration' from hook generated metadata: Requires-Dist (setuptools)\nIgnoring alien requirement: tomli ; extra == 'testing-integration'\nHandling wheel ; extra == 'testing-integration' from hook generated metadata: Requires-Dist (setuptools)\nIgnoring alien requirement: wheel ; extra == 'testing-integration'\nHandling jaraco.path >=3.2.0 ; extra == 'testing-integration' from hook generated metadata: Requires-Dist (setuptools)\nIgnoring alien requirement: jaraco.path >=3.2.0 ; extra == 'testing-integration'\nHandling jaraco.envs >=2.2 ; extra == 'testing-integration' from hook generated metadata: Requires-Dist (setuptools)\nIgnoring alien requirement: jaraco.envs >=2.2 ; extra == 'testing-integration'\nHandling build[virtualenv] >=1.0.3 ; extra == 'testing-integration' from hook generated metadata: Requires-Dist (setuptools)\nIgnoring alien requirement: build[virtualenv] >=1.0.3 ; extra == 'testing-integration'\nHandling filelock >=3.4.0 ; extra == 'testing-integration' from hook generated metadata: Requires-Dist (setuptools)\nIgnoring alien requirement: filelock >=3.4.0 ; extra == 'testing-integration'\nHandling packaging >=23.1 ; extra == 'testing-integration' from hook generated metadata: Requires-Dist (setuptools)\nIgnoring alien requirement: packaging >=23.1 ; extra == 'testing-integration'\n+ cat \/builddir\/build\/BUILD\/python-setuptools-68.2.2-7.fc40.x86_64-pyproject-buildrequires\n+ rm -rfv setuptools-68.2.2.dist-info\/\nremoved 'setuptools-68.2.2.dist-info\/LICENSE'\nremoved 'setuptools-68.2.2.dist-info\/METADATA'\nremoved 'setuptools-68.2.2.dist-info\/entry_points.txt'\nremoved 'setuptools-68.2.2.dist-info\/top_level.txt'\nremoved directory 'setuptools-68.2.2.dist-info\/'\n+ RPM_EC=0\n++ jobs -p\n+ exit 0\nWrote: \/builddir\/build\/SRPMS\/python-setuptools-68.2.2-7.fc40.buildreqs.nosrc.rpm\n\nRPM build warnings:\n    extra tokens at the end of %endif directive in line 230:  %endif # with tests\n\nINFO: Going to install missing dynamic buildrequires\nUpdating and loading repositories:\n fedora                                 100% | 333.5 KiB\/s |  22.0 KiB |  00m00s\n Copr repository                        100% |  49.6 KiB\/s |   1.5 KiB |  00m00s\n Additional repo http_kojipkgs_fedorapr 100% | 133.0 KiB\/s |   4.1 KiB |  00m00s\nRepositories loaded.\nPackage \"gcc-14.0.1-0.4.fc40.x86_64\" is already installed.\nPackage \"pyproject-rpm-macros-1.12.0-1.fc40.noarch\" is already installed.\nPackage \"pyproject-rpm-macros-1.12.0-1.fc40.noarch\" is already installed.\nPackage \"python3-devel-3.13.0~a3-3.fc40.x86_64\" is already installed.\nPackage \"python3-rpm-generators-14-10.fc40.noarch\" is already installed.\nPackage \"python3-setuptools-68.2.2-1.fc40.noarch\" is already installed.\nPackage \"python3-packaging-23.2-4.fc40~bootstrap.1.noarch\" is already installed.\nPackage \"python3-pip-23.3.2-2.fc40.noarch\" is already installed.\nPackage \"python3-pip-23.3.2-2.fc40.noarch\" is already installed.\nPackage \"python3-wheel-1:0.41.2-3.fc40.noarch\" is already installed.\n\nPackage                   Arch   Version         Repository      Size\nInstalling:                                                          \n ini2toml                 noarch 0.12-3.fc40     copr_base  345.7 KiB\n ini2toml+lite            noarch 0.12-3.fc40     copr_base   22.4 KiB\n python3-build            noarch 1.0.3-3.fc40    copr_base  112.5 KiB\n python3-build+virtualenv noarch 1.0.3-3.fc40    copr_base    5.3 KiB\n python3-jaraco-envs      noarch 2.4.0-6.fc40    copr_base   11.7 KiB\n python3-jaraco-path      noarch 3.3.1-11.fc40   copr_base   41.6 KiB\n python3-pytest           noarch 7.4.3-1.fc40    copr_base    3.6 MiB\n python3-pytest-timeout   noarch 2.2.0-3.fc40    copr_base   74.1 KiB\n python3-pytest-xdist     noarch 3.5.0-3.fc40    copr_base  383.0 KiB\n python3-tomli-w          noarch 1.0.0-11.fc40   copr_base   28.3 KiB\n python3-virtualenv       noarch 20.21.1-12.fc40 copr_base  687.5 KiB\nInstalling dependencies:                                             \n python-setuptools-wheel  noarch 68.2.2-1.fc40   copr_base  737.0 KiB\n python-wheel-wheel       noarch 1:0.41.2-3.fc40 copr_base   64.2 KiB\n python3-cachetools       noarch 5.3.2-3.fc40    copr_base  142.6 KiB\n python3-chardet          noarch 5.2.0-2.fc40    copr_base    2.1 MiB\n python3-colorama         noarch 0.4.6-5.fc40    copr_base  191.0 KiB\n python3-distlib          noarch 0.3.7-1.fc40    copr_base    1.2 MiB\n python3-execnet          noarch 1.9.0-12.fc40   copr_base  916.9 KiB\n python3-filelock         noarch 3.13.1-1.fc40   copr_base   57.0 KiB\n python3-iniconfig        noarch 1.1.1-16.fc40   copr_base   20.5 KiB\n python3-jaraco           noarch 9.3.0-4.fc40    copr_base    2.9 KiB\n python3-path             noarch 16.9.0-3.fc40   copr_base  226.3 KiB\n python3-platformdirs     noarch 3.11.0-3.fc40   copr_base  161.8 KiB\n python3-pluggy           noarch 1.3.0-3.fc40    copr_base  182.0 KiB\n python3-pyproject-api    noarch 1.6.1-1.fc40    copr_base   80.2 KiB\n python3-pyproject-hooks  noarch 1.0.0-10.fc40   copr_base   57.5 KiB\n tox                      noarch 4.12.1-1.fc40   copr_base    1.1 MiB\n\nTransaction Summary:\n Installing:       27 packages\n\nTotal size of inbound packages is 3 MiB. Need to download 3 MiB.\nAfter this operation 12 MiB will be used (install 12 MiB, remove 0 B).\n[ 1\/27] ini2toml-0:0.12-3.fc40.noarch   100% |   5.4 MiB\/s | 115.4 KiB |  00m00s\n[ 2\/27] python3-build+virtualenv-0:1.0. 100% | 460.6 KiB\/s |  10.1 KiB |  00m00s\n[ 3\/27] python3-build-0:1.0.3-3.fc40.no 100% |   2.2 MiB\/s |  49.4 KiB |  00m00s\n[ 4\/27] ini2toml+lite-0:0.12-3.fc40.noa 100% |   4.5 MiB\/s |   9.3 KiB |  00m00s\n[ 5\/27] python3-jaraco-envs-0:2.4.0-6.f 100% |  14.4 MiB\/s |  14.8 KiB |  00m00s\n[ 6\/27] python3-jaraco-path-0:3.3.1-11. 100% |  20.1 MiB\/s |  20.6 KiB |  00m00s\n[ 7\/27] python3-pytest-timeout-0:2.2.0- 100% |  14.2 MiB\/s |  29.1 KiB |  00m00s\n[ 8\/27] python3-pytest-xdist-0:3.5.0-3. 100% |  15.4 MiB\/s |  94.7 KiB |  00m00s\n[ 9\/27] python3-pytest-0:7.4.3-1.fc40.n 100% |  87.6 MiB\/s | 717.8 KiB |  00m00s\n[10\/27] python3-tomli-w-0:1.0.0-11.fc40 100% |   4.2 MiB\/s |  21.5 KiB |  00m00s\n[11\/27] python3-pyproject-hooks-0:1.0.0 100% |  27.6 MiB\/s |  28.3 KiB |  00m00s\n[12\/27] python3-execnet-0:1.9.0-12.fc40 100% | 120.6 MiB\/s | 247.0 KiB |  00m00s\n[13\/27] python3-distlib-0:0.3.7-1.fc40. 100% | 126.2 MiB\/s | 258.5 KiB |  00m00s\n[14\/27] python-setuptools-wheel-0:68.2. 100% | 217.6 MiB\/s | 668.4 KiB |  00m00s\n[15\/27] python-wheel-wheel-1:0.41.2-3.f 100% |  34.4 MiB\/s |  70.4 KiB |  00m00s\n[16\/27] python3-filelock-0:3.13.1-1.fc4 100% |  30.2 MiB\/s |  30.9 KiB |  00m00s\n[17\/27] python3-platformdirs-0:3.11.0-3 100% |  39.4 MiB\/s |  40.3 KiB |  00m00s\n[18\/27] python3-virtualenv-0:20.21.1-12 100% |  25.0 MiB\/s | 255.7 KiB |  00m00s\n[19\/27] python3-iniconfig-0:1.1.1-16.fc 100% |  18.0 MiB\/s |  18.5 KiB |  00m00s\n[20\/27] python3-pluggy-0:1.3.0-3.fc40.n 100% |  24.8 MiB\/s |  50.7 KiB |  00m00s\n[21\/27] python3-jaraco-0:9.3.0-4.fc40.n 100% |  10.6 MiB\/s |  10.8 KiB |  00m00s\n[22\/27] python3-path-0:16.9.0-3.fc40.no 100% |  53.0 MiB\/s |  54.3 KiB |  00m00s\n[23\/27] tox-0:4.12.1-1.fc40.noarch      100% | 112.3 MiB\/s | 345.0 KiB |  00m00s\n[24\/27] python3-colorama-0:0.4.6-5.fc40 100% |  31.0 MiB\/s |  63.5 KiB |  00m00s\n[25\/27] python3-chardet-0:5.2.0-2.fc40. 100% |  89.2 MiB\/s | 274.1 KiB |  00m00s\n[26\/27] python3-pyproject-api-0:1.6.1-1 100% |  36.2 MiB\/s |  37.1 KiB |  00m00s\n[27\/27] python3-cachetools-0:5.3.2-3.fc 100% |  36.7 MiB\/s |  37.6 KiB |  00m00s\n--------------------------------------------------------------------------------\n[27\/27] Total                           100% |  69.8 MiB\/s |   3.5 MiB |  00m00s\nRunning transaction\n[ 1\/29] Verify package files            100% |   1.9 KiB\/s |  27.0   B |  00m00s\n[ 2\/29] Prepare transaction             100% |   2.2 KiB\/s |  27.0   B |  00m00s\n[ 3\/29] Installing python3-jaraco-0:9.3 100% |   0.0   B\/s |   3.8 KiB |  00m00s\n[ 4\/29] Installing python3-pluggy-0:1.3 100% | 183.3 MiB\/s | 187.7 KiB |  00m00s\n[ 5\/29] Installing python3-platformdirs 100% | 164.6 MiB\/s | 168.6 KiB |  00m00s\n[ 6\/29] Installing python3-filelock-0:3 100% |  62.1 MiB\/s |  63.6 KiB |  00m00s\n[ 7\/29] Installing python3-cachetools-0 100% | 143.1 MiB\/s | 146.6 KiB |  00m00s\n[ 8\/29] Installing python3-pyproject-ap 100% |  84.3 MiB\/s |  86.3 KiB |  00m00s\n[ 9\/29] Installing python3-colorama-0:0 100% |  98.1 MiB\/s | 200.9 KiB |  00m00s\n[10\/29] Installing python3-chardet-0:5. 100% | 298.6 MiB\/s |   2.1 MiB |  00m00s\n[11\/29] Installing python3-path-0:16.9. 100% | 225.3 MiB\/s | 230.7 KiB |  00m00s\n[12\/29] Installing python3-iniconfig-0: 100% |  22.9 MiB\/s |  23.4 KiB |  00m00s\n[13\/29] Installing python3-pytest-0:7.4 100% | 328.1 MiB\/s |   3.6 MiB |  00m00s\n[14\/29] Installing python-wheel-wheel-1 100% |   0.0   B\/s |  65.0 KiB |  00m00s\n[15\/29] Installing python-setuptools-wh 100% | 720.4 MiB\/s | 737.7 KiB |  00m00s\n[16\/29] Installing python3-distlib-0:0. 100% | 392.5 MiB\/s |   1.2 MiB |  00m00s\n[17\/29] Installing python3-virtualenv-0 100% |  74.2 MiB\/s | 759.9 KiB |  00m00s\n[18\/29] Installing tox-0:4.12.1-1.fc40. 100% | 118.9 MiB\/s |   1.2 MiB |  00m00s\n[19\/29] Installing python3-execnet-0:1. 100% | 229.4 MiB\/s | 939.6 KiB |  00m00s\n[20\/29] Installing python3-pyproject-ho 100% |  61.3 MiB\/s |  62.7 KiB |  00m00s\n[21\/29] Installing python3-build-0:1.0. 100% | 115.8 MiB\/s | 118.6 KiB |  00m00s\n[22\/29] Installing python3-tomli-w-0:1. 100% |  30.8 MiB\/s |  31.6 KiB |  00m00s\n[23\/29] Installing ini2toml-0:0.12-3.fc 100% | 118.3 MiB\/s | 363.4 KiB |  00m00s\n[24\/29] Installing ini2toml+lite-0:0.12 100% |   0.0   B\/s | 124.0   B |  00m00s\n[25\/29] Installing python3-build+virtua 100% |   0.0   B\/s | 124.0   B |  00m00s\n[26\/29] Installing python3-pytest-xdist 100% | 192.8 MiB\/s | 394.9 KiB |  00m00s\n[27\/29] Installing python3-jaraco-envs- 100% |  13.7 MiB\/s |  14.0 KiB |  00m00s\n[28\/29] Installing python3-pytest-timeo 100% |  74.8 MiB\/s |  76.6 KiB |  00m00s\n[29\/29] Installing python3-jaraco-path- 100% |   1.6 MiB\/s |  43.9 KiB |  00m00s\n>>> Running trigger-install scriptlet: glibc-common-0:2.38.9000-35.fc40.x86_64\n>>> Stop trigger-install scriptlet: glibc-common-0:2.38.9000-35.fc40.x86_64\nWarning: skipped PGP checks for 27 package(s).\nwarning: extra tokens at the end of %endif directive in line 230:  %endif # with tests\n\nBuilding target platforms: x86_64\nBuilding for target x86_64\nsetting SOURCE_DATE_EPOCH=1706227200\nExecuting(%generate_buildrequires): \/bin\/sh -e \/var\/tmp\/rpm-tmp.ixXWok\n+ umask 022\n+ cd \/builddir\/build\/BUILD\n+ cd setuptools-68.2.2\n+ CFLAGS='-O2 -flto=auto -ffat-lto-objects -fexceptions -g -grecord-gcc-switches -pipe -Wall -Werror=format-security -Wp,-U_FORTIFY_SOURCE,-D_FORTIFY_SOURCE=3 -Wp,-D_GLIBCXX_ASSERTIONS -specs=\/usr\/lib\/rpm\/redhat\/redhat-hardened-cc1 -fstack-protector-strong -specs=\/usr\/lib\/rpm\/redhat\/redhat-annobin-cc1  -m64   -mtune=generic -fasynchronous-unwind-tables -fstack-clash-protection -fcf-protection -fno-omit-frame-pointer -mno-omit-leaf-frame-pointer '\n+ export CFLAGS\n+ CXXFLAGS='-O2 -flto=auto -ffat-lto-objects -fexceptions -g -grecord-gcc-switches -pipe -Wall -Werror=format-security -Wp,-U_FORTIFY_SOURCE,-D_FORTIFY_SOURCE=3 -Wp,-D_GLIBCXX_ASSERTIONS -specs=\/usr\/lib\/rpm\/redhat\/redhat-hardened-cc1 -fstack-protector-strong -specs=\/usr\/lib\/rpm\/redhat\/redhat-annobin-cc1  -m64   -mtune=generic -fasynchronous-unwind-tables -fstack-clash-protection -fcf-protection -fno-omit-frame-pointer -mno-omit-leaf-frame-pointer '\n+ export CXXFLAGS\n+ FFLAGS='-O2 -flto=auto -ffat-lto-objects -fexceptions -g -grecord-gcc-switches -pipe -Wall -Wp,-U_FORTIFY_SOURCE,-D_FORTIFY_SOURCE=3 -Wp,-D_GLIBCXX_ASSERTIONS -specs=\/usr\/lib\/rpm\/redhat\/redhat-hardened-cc1 -fstack-protector-strong -specs=\/usr\/lib\/rpm\/redhat\/redhat-annobin-cc1  -m64   -mtune=generic -fasynchronous-unwind-tables -fstack-clash-protection -fcf-protection -fno-omit-frame-pointer -mno-omit-leaf-frame-pointer -I\/usr\/lib64\/gfortran\/modules '\n+ export FFLAGS\n+ FCFLAGS='-O2 -flto=auto -ffat-lto-objects -fexceptions -g -grecord-gcc-switches -pipe -Wall -Wp,-U_FORTIFY_SOURCE,-D_FORTIFY_SOURCE=3 -Wp,-D_GLIBCXX_ASSERTIONS -specs=\/usr\/lib\/rpm\/redhat\/redhat-hardened-cc1 -fstack-protector-strong -specs=\/usr\/lib\/rpm\/redhat\/redhat-annobin-cc1  -m64   -mtune=generic -fasynchronous-unwind-tables -fstack-clash-protection -fcf-protection -fno-omit-frame-pointer -mno-omit-leaf-frame-pointer -I\/usr\/lib64\/gfortran\/modules '\n+ export FCFLAGS\n+ VALAFLAGS=-g\n+ export VALAFLAGS\n+ RUSTFLAGS='-Copt-level=3 -Cdebuginfo=2 -Ccodegen-units=1 -Cstrip=none -Cforce-frame-pointers=yes -Clink-arg=-Wl,-z,relro -Clink-arg=-Wl,-z,now --cap-lints=warn'\n+ export RUSTFLAGS\n+ LDFLAGS='-Wl,-z,relro -Wl,--as-needed  -Wl,-z,pack-relative-relocs -Wl,-z,now -specs=\/usr\/lib\/rpm\/redhat\/redhat-hardened-ld-errors -specs=\/usr\/lib\/rpm\/redhat\/redhat-hardened-ld -specs=\/usr\/lib\/rpm\/redhat\/redhat-annobin-cc1  -Wl,--build-id=sha1  '\n+ export LDFLAGS\n+ LT_SYS_LIBRARY_PATH=\/usr\/lib64:\n+ export LT_SYS_LIBRARY_PATH\n+ CC=gcc\n+ export CC\n+ CXX=g++\n+ export CXX\n+ echo pyproject-rpm-macros\n+ echo python3-devel\n+ echo 'python3dist(pip) >= 19'\n+ echo 'python3dist(packaging)'\n+ '[' -f pyproject.toml ']'\n+ echo '(python3dist(tomli) if python3-devel =3.5 ; extra == 'docs' from hook generated metadata: Requires-Dist (setuptools)\nIgnoring alien requirement: sphinx >=3.5 ; extra == 'docs'\nHandling jaraco.packaging >=9.3 ; extra == 'docs' from hook generated metadata: Requires-Dist (setuptools)\nIgnoring alien requirement: jaraco.packaging >=9.3 ; extra == 'docs'\nHandling rst.linker >=1.9 ; extra == 'docs' from hook generated metadata: Requires-Dist (setuptools)\nIgnoring alien requirement: rst.linker >=1.9 ; extra == 'docs'\nHandling furo ; extra == 'docs' from hook generated metadata: Requires-Dist (setuptools)\nIgnoring alien requirement: furo ; extra == 'docs'\nHandling sphinx-lint ; extra == 'docs' from hook generated metadata: Requires-Dist (setuptools)\nIgnoring alien requirement: sphinx-lint ; extra == 'docs'\nHandling jaraco.tidelift >=1.4 ; extra == 'docs' from hook generated metadata: Requires-Dist (setuptools)\nIgnoring alien requirement: jaraco.tidelift >=1.4 ; extra == 'docs'\nHandling pygments-github-lexers ==0.0.5 ; extra == 'docs' from hook generated metadata: Requires-Dist (setuptools)\nIgnoring alien requirement: pygments-github-lexers ==0.0.5 ; extra == 'docs'\nHandling sphinx-favicon ; extra == 'docs' from hook generated metadata: Requires-Dist (setuptools)\nIgnoring alien requirement: sphinx-favicon ; extra == 'docs'\nHandling sphinx-inline-tabs ; extra == 'docs' from hook generated metadata: Requires-Dist (setuptools)\nIgnoring alien requirement: sphinx-inline-tabs ; extra == 'docs'\nHandling sphinx-reredirects ; extra == 'docs' from hook generated metadata: Requires-Dist (setuptools)\nIgnoring alien requirement: sphinx-reredirects ; extra == 'docs'\nHandling sphinxcontrib-towncrier ; extra == 'docs' from hook generated metadata: Requires-Dist (setuptools)\nIgnoring alien requirement: sphinxcontrib-towncrier ; extra == 'docs'\nHandling sphinx-notfound-page =1 ; extra == 'docs' from hook generated metadata: Requires-Dist (setuptools)\nIgnoring alien requirement: sphinx-notfound-page =1 ; extra == 'docs'\nHandling sphinx-hoverxref =6 ; extra == 'testing' from hook generated metadata: Requires-Dist (setuptools)\nRequirement satisfied: pytest >=6 ; extra == 'testing'\n   (installed: pytest 7.4.3)\nHandling virtualenv >=13.0.0 ; extra == 'testing' from hook generated metadata: Requires-Dist (setuptools)\nRequirement satisfied: virtualenv >=13.0.0 ; extra == 'testing'\n   (installed: virtualenv 20.21.1)\nHandling wheel ; extra == 'testing' from hook generated metadata: Requires-Dist (setuptools)\nRequirement satisfied: wheel ; extra == 'testing'\n   (installed: wheel 0.41.2)\nHandling pip >=19.1 ; extra == 'testing' from hook generated metadata: Requires-Dist (setuptools)\nRequirement satisfied: pip >=19.1 ; extra == 'testing'\n   (installed: pip 23.3.2)\nHandling jaraco.envs >=2.2 ; extra == 'testing' from hook generated metadata: Requires-Dist (setuptools)\nRequirement satisfied: jaraco.envs >=2.2 ; extra == 'testing'\n   (installed: jaraco.envs 2.4.0)\nHandling pytest-xdist ; extra == 'testing' from hook generated metadata: Requires-Dist (setuptools)\nRequirement satisfied: pytest-xdist ; extra == 'testing'\n   (installed: pytest-xdist 3.5.0)\nHandling jaraco.path >=3.2.0 ; extra == 'testing' from hook generated metadata: Requires-Dist (setuptools)\nRequirement satisfied: jaraco.path >=3.2.0 ; extra == 'testing'\n   (installed: jaraco.path 3.3.1)\nHandling build[virtualenv] ; extra == 'testing' from hook generated metadata: Requires-Dist (setuptools)\nRequirement satisfied: build[virtualenv] ; extra == 'testing'\n   (installed: build 1.0.3)\n   (extras are currently not checked)\nHandling ini2toml[lite] >=0.9 ; extra == 'testing' from hook generated metadata: Requires-Dist (setuptools)\nRequirement satisfied: ini2toml[lite] >=0.9 ; extra == 'testing'\n   (installed: ini2toml 0.12)\n   (extras are currently not checked)\nHandling tomli-w >=1.0.0 ; extra == 'testing' from hook generated metadata: Requires-Dist (setuptools)\nRequirement satisfied: tomli-w >=1.0.0 ; extra == 'testing'\n   (installed: tomli-w 1.0.0)\nHandling pytest-timeout ; extra == 'testing' from hook generated metadata: Requires-Dist (setuptools)\nRequirement satisfied: pytest-timeout ; extra == 'testing'\n   (installed: pytest-timeout 2.2.0)\nHandling pytest ; extra == 'testing-integration' from hook generated metadata: Requires-Dist (setuptools)\nIgnoring alien requirement: pytest ; extra == 'testing-integration'\nHandling pytest-xdist ; extra == 'testing-integration' from hook generated metadata: Requires-Dist (setuptools)\nIgnoring alien requirement: pytest-xdist ; extra == 'testing-integration'\nHandling pytest-enabler ; extra == 'testing-integration' from hook generated metadata: Requires-Dist (setuptools)\nIgnoring alien requirement: pytest-enabler ; extra == 'testing-integration'\nHandling virtualenv >=13.0.0 ; extra == 'testing-integration' from hook generated metadata: Requires-Dist (setuptools)\nIgnoring alien requirement: virtualenv >=13.0.0 ; extra == 'testing-integration'\nHandling tomli ; extra == 'testing-integration' from hook generated metadata: Requires-Dist (setuptools)\nIgnoring alien requirement: tomli ; extra == 'testing-integration'\nHandling wheel ; extra == 'testing-integration' from hook generated metadata: Requires-Dist (setuptools)\nIgnoring alien requirement: wheel ; extra == 'testing-integration'\nHandling jaraco.path >=3.2.0 ; extra == 'testing-integration' from hook generated metadata: Requires-Dist (setuptools)\nIgnoring alien requirement: jaraco.path >=3.2.0 ; extra == 'testing-integration'\nHandling jaraco.envs >=2.2 ; extra == 'testing-integration' from hook generated metadata: Requires-Dist (setuptools)\nIgnoring alien requirement: jaraco.envs >=2.2 ; extra == 'testing-integration'\nHandling build[virtualenv] >=1.0.3 ; extra == 'testing-integration' from hook generated metadata: Requires-Dist (setuptools)\nIgnoring alien requirement: build[virtualenv] >=1.0.3 ; extra == 'testing-integration'\nHandling filelock >=3.4.0 ; extra == 'testing-integration' from hook generated metadata: Requires-Dist (setuptools)\nIgnoring alien requirement: filelock >=3.4.0 ; extra == 'testing-integration'\nHandling packaging >=23.1 ; extra == 'testing-integration' from hook generated metadata: Requires-Dist (setuptools)\nIgnoring alien requirement: packaging >=23.1 ; extra == 'testing-integration'\n+ cat \/builddir\/build\/BUILD\/python-setuptools-68.2.2-7.fc40.x86_64-pyproject-buildrequires\n+ rm -rfv setuptools-68.2.2.dist-info\/\nremoved 'setuptools-68.2.2.dist-info\/LICENSE'\nremoved 'setuptools-68.2.2.dist-info\/METADATA'\nremoved 'setuptools-68.2.2.dist-info\/top_level.txt'\nremoved 'setuptools-68.2.2.dist-info\/entry_points.txt'\nremoved directory 'setuptools-68.2.2.dist-info\/'\n+ RPM_EC=0\n++ jobs -p\n+ exit 0\nWrote: \/builddir\/build\/SRPMS\/python-setuptools-68.2.2-7.fc40.buildreqs.nosrc.rpm\n\nRPM build warnings:\n    extra tokens at the end of %endif directive in line 230:  %endif # with tests\n\nINFO: Going to install missing dynamic buildrequires\nUpdating and loading repositories:\n fedora                                 100% |  81.5 KiB\/s |  22.0 KiB |  00m00s\n Copr repository                        100% |  51.2 KiB\/s |   1.5 KiB |  00m00s\n Additional repo http_kojipkgs_fedorapr 100% | 103.1 KiB\/s |   4.1 KiB |  00m00s\nRepositories loaded.\nNothing to do.\nPackage \"gcc-14.0.1-0.4.fc40.x86_64\" is already installed.\nPackage \"pyproject-rpm-macros-1.12.0-1.fc40.noarch\" is already installed.\nPackage \"pyproject-rpm-macros-1.12.0-1.fc40.noarch\" is already installed.\nPackage \"python3-devel-3.13.0~a3-3.fc40.x86_64\" is already installed.\nPackage \"python3-rpm-generators-14-10.fc40.noarch\" is already installed.\nPackage \"python3-setuptools-68.2.2-1.fc40.noarch\" is already installed.\nPackage \"python3-build-1.0.3-3.fc40.noarch\" is already installed.\nPackage \"python3-build+virtualenv-1.0.3-3.fc40.noarch\" is already installed.\nPackage \"ini2toml-0.12-3.fc40.noarch\" is already installed.\nPackage \"ini2toml+lite-0.12-3.fc40.noarch\" is already installed.\nPackage \"python3-jaraco-envs-2.4.0-6.fc40.noarch\" is already installed.\nPackage \"python3-jaraco-path-3.3.1-11.fc40.noarch\" is already installed.\nPackage \"python3-packaging-23.2-4.fc40~bootstrap.1.noarch\" is already installed.\nPackage \"python3-pip-23.3.2-2.fc40.noarch\" is already installed.\nPackage \"python3-pip-23.3.2-2.fc40.noarch\" is already installed.\nPackage \"python3-pytest-7.4.3-1.fc40.noarch\" is already installed.\nPackage \"python3-pytest-timeout-2.2.0-3.fc40.noarch\" is already installed.\nPackage \"python3-pytest-xdist-3.5.0-3.fc40.noarch\" is already installed.\nPackage \"python3-tomli-w-1.0.0-11.fc40.noarch\" is already installed.\nPackage \"python3-virtualenv-20.21.1-12.fc40.noarch\" is already installed.\nPackage \"python3-wheel-1:0.41.2-3.fc40.noarch\" is already installed.\n\nwarning: extra tokens at the end of %endif directive in line 230:  %endif # with tests\n\nBuilding target platforms: x86_64\nBuilding for target x86_64\nsetting SOURCE_DATE_EPOCH=1706227200\nExecuting(%generate_buildrequires): \/bin\/sh -e \/var\/tmp\/rpm-tmp.1SMge8\n+ umask 022\n+ cd \/builddir\/build\/BUILD\n+ cd setuptools-68.2.2\n+ CFLAGS='-O2 -flto=auto -ffat-lto-objects -fexceptions -g -grecord-gcc-switches -pipe -Wall -Werror=format-security -Wp,-U_FORTIFY_SOURCE,-D_FORTIFY_SOURCE=3 -Wp,-D_GLIBCXX_ASSERTIONS -specs=\/usr\/lib\/rpm\/redhat\/redhat-hardened-cc1 -fstack-protector-strong -specs=\/usr\/lib\/rpm\/redhat\/redhat-annobin-cc1  -m64   -mtune=generic -fasynchronous-unwind-tables -fstack-clash-protection -fcf-protection -fno-omit-frame-pointer -mno-omit-leaf-frame-pointer '\n+ export CFLAGS\n+ CXXFLAGS='-O2 -flto=auto -ffat-lto-objects -fexceptions -g -grecord-gcc-switches -pipe -Wall -Werror=format-security -Wp,-U_FORTIFY_SOURCE,-D_FORTIFY_SOURCE=3 -Wp,-D_GLIBCXX_ASSERTIONS -specs=\/usr\/lib\/rpm\/redhat\/redhat-hardened-cc1 -fstack-protector-strong -specs=\/usr\/lib\/rpm\/redhat\/redhat-annobin-cc1  -m64   -mtune=generic -fasynchronous-unwind-tables -fstack-clash-protection -fcf-protection -fno-omit-frame-pointer -mno-omit-leaf-frame-pointer '\n+ export CXXFLAGS\n+ FFLAGS='-O2 -flto=auto -ffat-lto-objects -fexceptions -g -grecord-gcc-switches -pipe -Wall -Wp,-U_FORTIFY_SOURCE,-D_FORTIFY_SOURCE=3 -Wp,-D_GLIBCXX_ASSERTIONS -specs=\/usr\/lib\/rpm\/redhat\/redhat-hardened-cc1 -fstack-protector-strong -specs=\/usr\/lib\/rpm\/redhat\/redhat-annobin-cc1  -m64   -mtune=generic -fasynchronous-unwind-tables -fstack-clash-protection -fcf-protection -fno-omit-frame-pointer -mno-omit-leaf-frame-pointer -I\/usr\/lib64\/gfortran\/modules '\n+ export FFLAGS\n+ FCFLAGS='-O2 -flto=auto -ffat-lto-objects -fexceptions -g -grecord-gcc-switches -pipe -Wall -Wp,-U_FORTIFY_SOURCE,-D_FORTIFY_SOURCE=3 -Wp,-D_GLIBCXX_ASSERTIONS -specs=\/usr\/lib\/rpm\/redhat\/redhat-hardened-cc1 -fstack-protector-strong -specs=\/usr\/lib\/rpm\/redhat\/redhat-annobin-cc1  -m64   -mtune=generic -fasynchronous-unwind-tables -fstack-clash-protection -fcf-protection -fno-omit-frame-pointer -mno-omit-leaf-frame-pointer -I\/usr\/lib64\/gfortran\/modules '\n+ export FCFLAGS\n+ VALAFLAGS=-g\n+ export VALAFLAGS\n+ RUSTFLAGS='-Copt-level=3 -Cdebuginfo=2 -Ccodegen-units=1 -Cstrip=none -Cforce-frame-pointers=yes -Clink-arg=-Wl,-z,relro -Clink-arg=-Wl,-z,now --cap-lints=warn'\n+ export RUSTFLAGS\n+ LDFLAGS='-Wl,-z,relro -Wl,--as-needed  -Wl,-z,pack-relative-relocs -Wl,-z,now -specs=\/usr\/lib\/rpm\/redhat\/redhat-hardened-ld-errors -specs=\/usr\/lib\/rpm\/redhat\/redhat-hardened-ld -specs=\/usr\/lib\/rpm\/redhat\/redhat-annobin-cc1  -Wl,--build-id=sha1  '\n+ export LDFLAGS\n+ LT_SYS_LIBRARY_PATH=\/usr\/lib64:\n+ export LT_SYS_LIBRARY_PATH\n+ CC=gcc\n+ export CC\n+ CXX=g++\n+ export CXX\n+ echo pyproject-rpm-macros\n+ echo python3-devel\n+ echo 'python3dist(pip) >= 19'\n+ echo 'python3dist(packaging)'\n+ '[' -f pyproject.toml ']'\n+ echo '(python3dist(tomli) if python3-devel =3.5 ; extra == 'docs' from hook generated metadata: Requires-Dist (setuptools)\nIgnoring alien requirement: sphinx >=3.5 ; extra == 'docs'\nHandling jaraco.packaging >=9.3 ; extra == 'docs' from hook generated metadata: Requires-Dist (setuptools)\nIgnoring alien requirement: jaraco.packaging >=9.3 ; extra == 'docs'\nHandling rst.linker >=1.9 ; extra == 'docs' from hook generated metadata: Requires-Dist (setuptools)\nIgnoring alien requirement: rst.linker >=1.9 ; extra == 'docs'\nHandling furo ; extra == 'docs' from hook generated metadata: Requires-Dist (setuptools)\nIgnoring alien requirement: furo ; extra == 'docs'\nHandling sphinx-lint ; extra == 'docs' from hook generated metadata: Requires-Dist (setuptools)\nIgnoring alien requirement: sphinx-lint ; extra == 'docs'\nHandling jaraco.tidelift >=1.4 ; extra == 'docs' from hook generated metadata: Requires-Dist (setuptools)\nIgnoring alien requirement: jaraco.tidelift >=1.4 ; extra == 'docs'\nHandling pygments-github-lexers ==0.0.5 ; extra == 'docs' from hook generated metadata: Requires-Dist (setuptools)\nIgnoring alien requirement: pygments-github-lexers ==0.0.5 ; extra == 'docs'\nHandling sphinx-favicon ; extra == 'docs' from hook generated metadata: Requires-Dist (setuptools)\nIgnoring alien requirement: sphinx-favicon ; extra == 'docs'\nHandling sphinx-inline-tabs ; extra == 'docs' from hook generated metadata: Requires-Dist (setuptools)\nIgnoring alien requirement: sphinx-inline-tabs ; extra == 'docs'\nHandling sphinx-reredirects ; extra == 'docs' from hook generated metadata: Requires-Dist (setuptools)\nIgnoring alien requirement: sphinx-reredirects ; extra == 'docs'\nHandling sphinxcontrib-towncrier ; extra == 'docs' from hook generated metadata: Requires-Dist (setuptools)\nIgnoring alien requirement: sphinxcontrib-towncrier ; extra == 'docs'\nHandling sphinx-notfound-page =1 ; extra == 'docs' from hook generated metadata: Requires-Dist (setuptools)\nIgnoring alien requirement: sphinx-notfound-page =1 ; extra == 'docs'\nHandling sphinx-hoverxref =6 ; extra == 'testing' from hook generated metadata: Requires-Dist (setuptools)\nRequirement satisfied: pytest >=6 ; extra == 'testing'\n   (installed: pytest 7.4.3)\nHandling virtualenv >=13.0.0 ; extra == 'testing' from hook generated metadata: Requires-Dist (setuptools)\nRequirement satisfied: virtualenv >=13.0.0 ; extra == 'testing'\n   (installed: virtualenv 20.21.1)\nHandling wheel ; extra == 'testing' from hook generated metadata: Requires-Dist (setuptools)\nRequirement satisfied: wheel ; extra == 'testing'\n   (installed: wheel 0.41.2)\nHandling pip >=19.1 ; extra == 'testing' from hook generated metadata: Requires-Dist (setuptools)\nRequirement satisfied: pip >=19.1 ; extra == 'testing'\n   (installed: pip 23.3.2)\nHandling jaraco.envs >=2.2 ; extra == 'testing' from hook generated metadata: Requires-Dist (setuptools)\nRequirement satisfied: jaraco.envs >=2.2 ; extra == 'testing'\n   (installed: jaraco.envs 2.4.0)\nHandling pytest-xdist ; extra == 'testing' from hook generated metadata: Requires-Dist (setuptools)\nRequirement satisfied: pytest-xdist ; extra == 'testing'\n   (installed: pytest-xdist 3.5.0)\nHandling jaraco.path >=3.2.0 ; extra == 'testing' from hook generated metadata: Requires-Dist (setuptools)\nRequirement satisfied: jaraco.path >=3.2.0 ; extra == 'testing'\n   (installed: jaraco.path 3.3.1)\nHandling build[virtualenv] ; extra == 'testing' from hook generated metadata: Requires-Dist (setuptools)\nRequirement satisfied: build[virtualenv] ; extra == 'testing'\n   (installed: build 1.0.3)\n   (extras are currently not checked)\nHandling ini2toml[lite] >=0.9 ; extra == 'testing' from hook generated metadata: Requires-Dist (setuptools)\nRequirement satisfied: ini2toml[lite] >=0.9 ; extra == 'testing'\n   (installed: ini2toml 0.12)\n   (extras are currently not checked)\nHandling tomli-w >=1.0.0 ; extra == 'testing' from hook generated metadata: Requires-Dist (setuptools)\nRequirement satisfied: tomli-w >=1.0.0 ; extra == 'testing'\n   (installed: tomli-w 1.0.0)\nHandling pytest-timeout ; extra == 'testing' from hook generated metadata: Requires-Dist (setuptools)\nRequirement satisfied: pytest-timeout ; extra == 'testing'\n   (installed: pytest-timeout 2.2.0)\nHandling pytest ; extra == 'testing-integration' from hook generated metadata: Requires-Dist (setuptools)\nIgnoring alien requirement: pytest ; extra == 'testing-integration'\nHandling pytest-xdist ; extra == 'testing-integration' from hook generated metadata: Requires-Dist (setuptools)\nIgnoring alien requirement: pytest-xdist ; extra == 'testing-integration'\nHandling pytest-enabler ; extra == 'testing-integration' from hook generated metadata: Requires-Dist (setuptools)\nIgnoring alien requirement: pytest-enabler ; extra == 'testing-integration'\nHandling virtualenv >=13.0.0 ; extra == 'testing-integration' from hook generated metadata: Requires-Dist (setuptools)\nIgnoring alien requirement: virtualenv >=13.0.0 ; extra == 'testing-integration'\nHandling tomli ; extra == 'testing-integration' from hook generated metadata: Requires-Dist (setuptools)\nIgnoring alien requirement: tomli ; extra == 'testing-integration'\nHandling wheel ; extra == 'testing-integration' from hook generated metadata: Requires-Dist (setuptools)\nIgnoring alien requirement: wheel ; extra == 'testing-integration'\nHandling jaraco.path >=3.2.0 ; extra == 'testing-integration' from hook generated metadata: Requires-Dist (setuptools)\nIgnoring alien requirement: jaraco.path >=3.2.0 ; extra == 'testing-integration'\nHandling jaraco.envs >=2.2 ; extra == 'testing-integration' from hook generated metadata: Requires-Dist (setuptools)\nIgnoring alien requirement: jaraco.envs >=2.2 ; extra == 'testing-integration'\nHandling build[virtualenv] >=1.0.3 ; extra == 'testing-integration' from hook generated metadata: Requires-Dist (setuptools)\nIgnoring alien requirement: build[virtualenv] >=1.0.3 ; extra == 'testing-integration'\nHandling filelock >=3.4.0 ; extra == 'testing-integration' from hook generated metadata: Requires-Dist (setuptools)\nIgnoring alien requirement: filelock >=3.4.0 ; extra == 'testing-integration'\nHandling packaging >=23.1 ; extra == 'testing-integration' from hook generated metadata: Requires-Dist (setuptools)\nIgnoring alien requirement: packaging >=23.1 ; extra == 'testing-integration'\n+ cat \/builddir\/build\/BUILD\/python-setuptools-68.2.2-7.fc40.x86_64-pyproject-buildrequires\n+ rm -rfv setuptools-68.2.2.dist-info\/\nremoved 'setuptools-68.2.2.dist-info\/LICENSE'\nremoved 'setuptools-68.2.2.dist-info\/METADATA'\nremoved 'setuptools-68.2.2.dist-info\/entry_points.txt'\nremoved 'setuptools-68.2.2.dist-info\/top_level.txt'\nremoved directory 'setuptools-68.2.2.dist-info\/'\n+ RPM_EC=0\n++ jobs -p\n+ exit 0\nExecuting(%build): \/bin\/sh -e \/var\/tmp\/rpm-tmp.xktGf9\n+ umask 022\n+ cd \/builddir\/build\/BUILD\n+ CFLAGS='-O2 -flto=auto -ffat-lto-objects -fexceptions -g -grecord-gcc-switches -pipe -Wall -Werror=format-security -Wp,-U_FORTIFY_SOURCE,-D_FORTIFY_SOURCE=3 -Wp,-D_GLIBCXX_ASSERTIONS -specs=\/usr\/lib\/rpm\/redhat\/redhat-hardened-cc1 -fstack-protector-strong -specs=\/usr\/lib\/rpm\/redhat\/redhat-annobin-cc1  -m64   -mtune=generic -fasynchronous-unwind-tables -fstack-clash-protection -fcf-protection -fno-omit-frame-pointer -mno-omit-leaf-frame-pointer '\n+ export CFLAGS\n+ CXXFLAGS='-O2 -flto=auto -ffat-lto-objects -fexceptions -g -grecord-gcc-switches -pipe -Wall -Werror=format-security -Wp,-U_FORTIFY_SOURCE,-D_FORTIFY_SOURCE=3 -Wp,-D_GLIBCXX_ASSERTIONS -specs=\/usr\/lib\/rpm\/redhat\/redhat-hardened-cc1 -fstack-protector-strong -specs=\/usr\/lib\/rpm\/redhat\/redhat-annobin-cc1  -m64   -mtune=generic -fasynchronous-unwind-tables -fstack-clash-protection -fcf-protection -fno-omit-frame-pointer -mno-omit-leaf-frame-pointer '\n+ export CXXFLAGS\n+ FFLAGS='-O2 -flto=auto -ffat-lto-objects -fexceptions -g -grecord-gcc-switches -pipe -Wall -Wp,-U_FORTIFY_SOURCE,-D_FORTIFY_SOURCE=3 -Wp,-D_GLIBCXX_ASSERTIONS -specs=\/usr\/lib\/rpm\/redhat\/redhat-hardened-cc1 -fstack-protector-strong -specs=\/usr\/lib\/rpm\/redhat\/redhat-annobin-cc1  -m64   -mtune=generic -fasynchronous-unwind-tables -fstack-clash-protection -fcf-protection -fno-omit-frame-pointer -mno-omit-leaf-frame-pointer -I\/usr\/lib64\/gfortran\/modules '\n+ export FFLAGS\n+ FCFLAGS='-O2 -flto=auto -ffat-lto-objects -fexceptions -g -grecord-gcc-switches -pipe -Wall -Wp,-U_FORTIFY_SOURCE,-D_FORTIFY_SOURCE=3 -Wp,-D_GLIBCXX_ASSERTIONS -specs=\/usr\/lib\/rpm\/redhat\/redhat-hardened-cc1 -fstack-protector-strong -specs=\/usr\/lib\/rpm\/redhat\/redhat-annobin-cc1  -m64   -mtune=generic -fasynchronous-unwind-tables -fstack-clash-protection -fcf-protection -fno-omit-frame-pointer -mno-omit-leaf-frame-pointer -I\/usr\/lib64\/gfortran\/modules '\n+ export FCFLAGS\n+ VALAFLAGS=-g\n+ export VALAFLAGS\n+ RUSTFLAGS='-Copt-level=3 -Cdebuginfo=2 -Ccodegen-units=1 -Cstrip=none -Cforce-frame-pointers=yes -Clink-arg=-Wl,-z,relro -Clink-arg=-Wl,-z,now -Clink-arg=-specs=\/usr\/lib\/rpm\/redhat\/redhat-package-notes --cap-lints=warn'\n+ export RUSTFLAGS\n+ LDFLAGS='-Wl,-z,relro -Wl,--as-needed  -Wl,-z,pack-relative-relocs -Wl,-z,now -specs=\/usr\/lib\/rpm\/redhat\/redhat-hardened-ld-errors -specs=\/usr\/lib\/rpm\/redhat\/redhat-hardened-ld -specs=\/usr\/lib\/rpm\/redhat\/redhat-annobin-cc1  -Wl,--build-id=sha1 -specs=\/usr\/lib\/rpm\/redhat\/redhat-package-notes '\n+ export LDFLAGS\n+ LT_SYS_LIBRARY_PATH=\/usr\/lib64:\n+ export LT_SYS_LIBRARY_PATH\n+ CC=gcc\n+ export CC\n+ CXX=g++\n+ export CXX\n+ cd setuptools-68.2.2\n+ mkdir -p \/builddir\/build\/BUILD\/setuptools-68.2.2\/.pyproject-builddir\n+ CFLAGS='-O2 -flto=auto -ffat-lto-objects -fexceptions -g -grecord-gcc-switches -pipe -Wall -Werror=format-security -Wp,-U_FORTIFY_SOURCE,-D_FORTIFY_SOURCE=3 -Wp,-D_GLIBCXX_ASSERTIONS -specs=\/usr\/lib\/rpm\/redhat\/redhat-hardened-cc1 -fstack-protector-strong -specs=\/usr\/lib\/rpm\/redhat\/redhat-annobin-cc1  -m64   -mtune=generic -fasynchronous-unwind-tables -fstack-clash-protection -fcf-protection -fno-omit-frame-pointer -mno-omit-leaf-frame-pointer '\n+ LDFLAGS='-Wl,-z,relro -Wl,--as-needed  -Wl,-z,pack-relative-relocs -Wl,-z,now -specs=\/usr\/lib\/rpm\/redhat\/redhat-hardened-ld-errors -specs=\/usr\/lib\/rpm\/redhat\/redhat-hardened-ld -specs=\/usr\/lib\/rpm\/redhat\/redhat-annobin-cc1  -Wl,--build-id=sha1 -specs=\/usr\/lib\/rpm\/redhat\/redhat-package-notes '\n+ TMPDIR=\/builddir\/build\/BUILD\/setuptools-68.2.2\/.pyproject-builddir\n+ \/usr\/bin\/python3 -Bs \/usr\/lib\/rpm\/redhat\/pyproject_wheel.py \/builddir\/build\/BUILD\/setuptools-68.2.2\/pyproject-wheeldir\nProcessing \/builddir\/build\/BUILD\/setuptools-68.2.2\n  Preparing metadata (pyproject.toml): started\n  Running command Preparing metadata (pyproject.toml)\n  running dist_info\n  creating \/builddir\/build\/BUILD\/setuptools-68.2.2\/.pyproject-builddir\/pip-modern-metadata-dqpiy633\/setuptools.egg-info\n  writing \/builddir\/build\/BUILD\/setuptools-68.2.2\/.pyproject-builddir\/pip-modern-metadata-dqpiy633\/setuptools.egg-info\/PKG-INFO\n  writing dependency_links to \/builddir\/build\/BUILD\/setuptools-68.2.2\/.pyproject-builddir\/pip-modern-metadata-dqpiy633\/setuptools.egg-info\/dependency_links.txt\n  writing entry points to \/builddir\/build\/BUILD\/setuptools-68.2.2\/.pyproject-builddir\/pip-modern-metadata-dqpiy633\/setuptools.egg-info\/entry_points.txt\n  writing requirements to \/builddir\/build\/BUILD\/setuptools-68.2.2\/.pyproject-builddir\/pip-modern-metadata-dqpiy633\/setuptools.egg-info\/requires.txt\n  writing top-level names to \/builddir\/build\/BUILD\/setuptools-68.2.2\/.pyproject-builddir\/pip-modern-metadata-dqpiy633\/setuptools.egg-info\/top_level.txt\n  writing manifest file '\/builddir\/build\/BUILD\/setuptools-68.2.2\/.pyproject-builddir\/pip-modern-metadata-dqpiy633\/setuptools.egg-info\/SOURCES.txt'\n  reading manifest file '\/builddir\/build\/BUILD\/setuptools-68.2.2\/.pyproject-builddir\/pip-modern-metadata-dqpiy633\/setuptools.egg-info\/SOURCES.txt'\n  reading manifest template 'MANIFEST.in'\n  warning: no files found matching '*.py' under directory 'tests'\n  warning: no files found matching '*.py' under directory 'docs'\n  warning: no files found matching '*.txt' under directory 'docs'\n  warning: no files found matching '*.conf' under directory 'docs'\n  warning: no files found matching '*.css' under directory 'docs'\n  warning: no files found matching '*.css_t' under directory 'docs'\n  warning: no files found matching 'Makefile' under directory 'docs'\n  warning: no files found matching 'indexsidebar.html' under directory 'docs'\n  warning: no files found matching 'msvc-build-launcher.cmd'\n  warning: no previously-included files matching '*.py[cod]' found anywhere in distribution\n  warning: no previously-included files matching '__pycache__' found anywhere in distribution\n  adding license file 'LICENSE'\n  writing manifest file '\/builddir\/build\/BUILD\/setuptools-68.2.2\/.pyproject-builddir\/pip-modern-metadata-dqpiy633\/setuptools.egg-info\/SOURCES.txt'\n  creating '\/builddir\/build\/BUILD\/setuptools-68.2.2\/.pyproject-builddir\/pip-modern-metadata-dqpiy633\/setuptools-68.2.2.dist-info'\n  Preparing metadata (pyproject.toml): finished with status 'done'\nBuilding wheels for collected packages: setuptools\n  Building wheel for setuptools (pyproject.toml): started\n  Running command Building wheel for setuptools (pyproject.toml)\n  running bdist_wheel\n  running build\n  running build_py\n  creating build\n  creating build\/lib\n  creating build\/lib\/setuptools\n  copying setuptools\/__init__.py -> build\/lib\/setuptools\n  copying setuptools\/_core_metadata.py -> build\/lib\/setuptools\n  copying setuptools\/_entry_points.py -> build\/lib\/setuptools\n  copying setuptools\/_imp.py -> build\/lib\/setuptools\n  copying setuptools\/_importlib.py -> build\/lib\/setuptools\n  copying setuptools\/_itertools.py -> build\/lib\/setuptools\n  copying setuptools\/_normalization.py -> build\/lib\/setuptools\n  copying setuptools\/_path.py -> build\/lib\/setuptools\n  copying setuptools\/_reqs.py -> build\/lib\/setuptools\n  copying setuptools\/archive_util.py -> build\/lib\/setuptools\n  copying setuptools\/build_meta.py -> build\/lib\/setuptools\n  copying setuptools\/dep_util.py -> build\/lib\/setuptools\n  copying setuptools\/discovery.py -> build\/lib\/setuptools\n  copying setuptools\/dist.py -> build\/lib\/setuptools\n  copying setuptools\/errors.py -> build\/lib\/setuptools\n  copying setuptools\/extension.py -> build\/lib\/setuptools\n  copying setuptools\/glob.py -> build\/lib\/setuptools\n  copying setuptools\/installer.py -> build\/lib\/setuptools\n  copying setuptools\/launch.py -> build\/lib\/setuptools\n  copying setuptools\/logging.py -> build\/lib\/setuptools\n  copying setuptools\/monkey.py -> build\/lib\/setuptools\n  copying setuptools\/msvc.py -> build\/lib\/setuptools\n  copying setuptools\/namespaces.py -> build\/lib\/setuptools\n  copying setuptools\/package_index.py -> build\/lib\/setuptools\n  copying setuptools\/py312compat.py -> build\/lib\/setuptools\n  copying setuptools\/sandbox.py -> build\/lib\/setuptools\n  copying setuptools\/unicode_utils.py -> build\/lib\/setuptools\n  copying setuptools\/version.py -> build\/lib\/setuptools\n  copying setuptools\/warnings.py -> build\/lib\/setuptools\n  copying setuptools\/wheel.py -> build\/lib\/setuptools\n  copying setuptools\/windows_support.py -> build\/lib\/setuptools\n  copying setuptools\/depends.py -> build\/lib\/setuptools\n  creating build\/lib\/pkg_resources\n  copying pkg_resources\/__init__.py -> build\/lib\/pkg_resources\n  creating build\/lib\/_distutils_hack\n  copying _distutils_hack\/override.py -> build\/lib\/_distutils_hack\n  copying _distutils_hack\/__init__.py -> build\/lib\/_distutils_hack\n  creating build\/lib\/setuptools\/extern\n  copying setuptools\/extern\/__init__.py -> build\/lib\/setuptools\/extern\n  creating build\/lib\/setuptools\/config\n  copying setuptools\/config\/__init__.py -> build\/lib\/setuptools\/config\n  copying setuptools\/config\/_apply_pyprojecttoml.py -> build\/lib\/setuptools\/config\n  copying setuptools\/config\/expand.py -> build\/lib\/setuptools\/config\n  copying setuptools\/config\/pyprojecttoml.py -> build\/lib\/setuptools\/config\n  copying setuptools\/config\/setupcfg.py -> build\/lib\/setuptools\/config\n  creating build\/lib\/setuptools\/command\n  copying setuptools\/command\/__init__.py -> build\/lib\/setuptools\/command\n  copying setuptools\/command\/_requirestxt.py -> build\/lib\/setuptools\/command\n  copying setuptools\/command\/alias.py -> build\/lib\/setuptools\/command\n  copying setuptools\/command\/bdist_egg.py -> build\/lib\/setuptools\/command\n  copying setuptools\/command\/bdist_rpm.py -> build\/lib\/setuptools\/command\n  copying setuptools\/command\/build.py -> build\/lib\/setuptools\/command\n  copying setuptools\/command\/build_clib.py -> build\/lib\/setuptools\/command\n  copying setuptools\/command\/build_ext.py -> build\/lib\/setuptools\/command\n  copying setuptools\/command\/build_py.py -> build\/lib\/setuptools\/command\n  copying setuptools\/command\/develop.py -> build\/lib\/setuptools\/command\n  copying setuptools\/command\/dist_info.py -> build\/lib\/setuptools\/command\n  copying setuptools\/command\/easy_install.py -> build\/lib\/setuptools\/command\n  copying setuptools\/command\/editable_wheel.py -> build\/lib\/setuptools\/command\n  copying setuptools\/command\/egg_info.py -> build\/lib\/setuptools\/command\n  copying setuptools\/command\/install_egg_info.py -> build\/lib\/setuptools\/command\n  copying setuptools\/command\/install_lib.py -> build\/lib\/setuptools\/command\n  copying setuptools\/command\/install_scripts.py -> build\/lib\/setuptools\/command\n  copying setuptools\/command\/register.py -> build\/lib\/setuptools\/command\n  copying setuptools\/command\/rotate.py -> build\/lib\/setuptools\/command\n  copying setuptools\/command\/saveopts.py -> build\/lib\/setuptools\/command\n  copying setuptools\/command\/sdist.py -> build\/lib\/setuptools\/command\n  copying setuptools\/command\/setopt.py -> build\/lib\/setuptools\/command\n  copying setuptools\/command\/test.py -> build\/lib\/setuptools\/command\n  copying setuptools\/command\/upload.py -> build\/lib\/setuptools\/command\n  copying setuptools\/command\/upload_docs.py -> build\/lib\/setuptools\/command\n  copying setuptools\/command\/install.py -> build\/lib\/setuptools\/command\n  creating build\/lib\/setuptools\/_vendor\n  copying setuptools\/_vendor\/__init__.py -> build\/lib\/setuptools\/_vendor\n  copying setuptools\/_vendor\/ordered_set.py -> build\/lib\/setuptools\/_vendor\n  copying setuptools\/_vendor\/typing_extensions.py -> build\/lib\/setuptools\/_vendor\n  copying setuptools\/_vendor\/zipp.py -> build\/lib\/setuptools\/_vendor\n  creating build\/lib\/setuptools\/_distutils\n  copying setuptools\/_distutils\/__init__.py -> build\/lib\/setuptools\/_distutils\n  copying setuptools\/_distutils\/_collections.py -> build\/lib\/setuptools\/_distutils\n  copying setuptools\/_distutils\/_functools.py -> build\/lib\/setuptools\/_distutils\n  copying setuptools\/_distutils\/_log.py -> build\/lib\/setuptools\/_distutils\n  copying setuptools\/_distutils\/_macos_compat.py -> build\/lib\/setuptools\/_distutils\n  copying setuptools\/_distutils\/_msvccompiler.py -> build\/lib\/setuptools\/_distutils\n  copying setuptools\/_distutils\/archive_util.py -> build\/lib\/setuptools\/_distutils\n  copying setuptools\/_distutils\/bcppcompiler.py -> build\/lib\/setuptools\/_distutils\n  copying setuptools\/_distutils\/ccompiler.py -> build\/lib\/setuptools\/_distutils\n  copying setuptools\/_distutils\/cmd.py -> build\/lib\/setuptools\/_distutils\n  copying setuptools\/_distutils\/config.py -> build\/lib\/setuptools\/_distutils\n  copying setuptools\/_distutils\/core.py -> build\/lib\/setuptools\/_distutils\n  copying setuptools\/_distutils\/cygwinccompiler.py -> build\/lib\/setuptools\/_distutils\n  copying setuptools\/_distutils\/debug.py -> build\/lib\/setuptools\/_distutils\n  copying setuptools\/_distutils\/dep_util.py -> build\/lib\/setuptools\/_distutils\n  copying setuptools\/_distutils\/dir_util.py -> build\/lib\/setuptools\/_distutils\n  copying setuptools\/_distutils\/dist.py -> build\/lib\/setuptools\/_distutils\n  copying setuptools\/_distutils\/errors.py -> build\/lib\/setuptools\/_distutils\n  copying setuptools\/_distutils\/extension.py -> build\/lib\/setuptools\/_distutils\n  copying setuptools\/_distutils\/fancy_getopt.py -> build\/lib\/setuptools\/_distutils\n  copying setuptools\/_distutils\/file_util.py -> build\/lib\/setuptools\/_distutils\n  copying setuptools\/_distutils\/filelist.py -> build\/lib\/setuptools\/_distutils\n  copying setuptools\/_distutils\/log.py -> build\/lib\/setuptools\/_distutils\n  copying setuptools\/_distutils\/msvc9compiler.py -> build\/lib\/setuptools\/_distutils\n  copying setuptools\/_distutils\/msvccompiler.py -> build\/lib\/setuptools\/_distutils\n  copying setuptools\/_distutils\/py38compat.py -> build\/lib\/setuptools\/_distutils\n  copying setuptools\/_distutils\/py39compat.py -> build\/lib\/setuptools\/_distutils\n  copying setuptools\/_distutils\/spawn.py -> build\/lib\/setuptools\/_distutils\n  copying setuptools\/_distutils\/sysconfig.py -> build\/lib\/setuptools\/_distutils\n  copying setuptools\/_distutils\/text_file.py -> build\/lib\/setuptools\/_distutils\n  copying setuptools\/_distutils\/unixccompiler.py -> build\/lib\/setuptools\/_distutils\n  copying setuptools\/_distutils\/util.py -> build\/lib\/setuptools\/_distutils\n  copying setuptools\/_distutils\/version.py -> build\/lib\/setuptools\/_distutils\n  copying setuptools\/_distutils\/versionpredicate.py -> build\/lib\/setuptools\/_distutils\n  creating build\/lib\/setuptools\/config\/_validate_pyproject\n  copying setuptools\/config\/_validate_pyproject\/__init__.py -> build\/lib\/setuptools\/config\/_validate_pyproject\n  copying setuptools\/config\/_validate_pyproject\/error_reporting.py -> build\/lib\/setuptools\/config\/_validate_pyproject\n  copying setuptools\/config\/_validate_pyproject\/extra_validations.py -> build\/lib\/setuptools\/config\/_validate_pyproject\n  copying setuptools\/config\/_validate_pyproject\/fastjsonschema_exceptions.py -> build\/lib\/setuptools\/config\/_validate_pyproject\n  copying setuptools\/config\/_validate_pyproject\/fastjsonschema_validations.py -> build\/lib\/setuptools\/config\/_validate_pyproject\n  copying setuptools\/config\/_validate_pyproject\/formats.py -> build\/lib\/setuptools\/config\/_validate_pyproject\n  creating build\/lib\/setuptools\/_vendor\/tomli\n  copying setuptools\/_vendor\/tomli\/__init__.py -> build\/lib\/setuptools\/_vendor\/tomli\n  copying setuptools\/_vendor\/tomli\/_parser.py -> build\/lib\/setuptools\/_vendor\/tomli\n  copying setuptools\/_vendor\/tomli\/_re.py -> build\/lib\/setuptools\/_vendor\/tomli\n  copying setuptools\/_vendor\/tomli\/_types.py -> build\/lib\/setuptools\/_vendor\/tomli\n  creating build\/lib\/setuptools\/_vendor\/packaging\n  copying setuptools\/_vendor\/packaging\/__init__.py -> build\/lib\/setuptools\/_vendor\/packaging\n  copying setuptools\/_vendor\/packaging\/_elffile.py -> build\/lib\/setuptools\/_vendor\/packaging\n  copying setuptools\/_vendor\/packaging\/_manylinux.py -> build\/lib\/setuptools\/_vendor\/packaging\n  copying setuptools\/_vendor\/packaging\/_musllinux.py -> build\/lib\/setuptools\/_vendor\/packaging\n  copying setuptools\/_vendor\/packaging\/_parser.py -> build\/lib\/setuptools\/_vendor\/packaging\n  copying setuptools\/_vendor\/packaging\/_structures.py -> build\/lib\/setuptools\/_vendor\/packaging\n  copying setuptools\/_vendor\/packaging\/_tokenizer.py -> build\/lib\/setuptools\/_vendor\/packaging\n  copying setuptools\/_vendor\/packaging\/markers.py -> build\/lib\/setuptools\/_vendor\/packaging\n  copying setuptools\/_vendor\/packaging\/metadata.py -> build\/lib\/setuptools\/_vendor\/packaging\n  copying setuptools\/_vendor\/packaging\/requirements.py -> build\/lib\/setuptools\/_vendor\/packaging\n  copying setuptools\/_vendor\/packaging\/specifiers.py -> build\/lib\/setuptools\/_vendor\/packaging\n  copying setuptools\/_vendor\/packaging\/tags.py -> build\/lib\/setuptools\/_vendor\/packaging\n  copying setuptools\/_vendor\/packaging\/utils.py -> build\/lib\/setuptools\/_vendor\/packaging\n  copying setuptools\/_vendor\/packaging\/version.py -> build\/lib\/setuptools\/_vendor\/packaging\n  creating build\/lib\/setuptools\/_vendor\/more_itertools\n  copying setuptools\/_vendor\/more_itertools\/__init__.py -> build\/lib\/setuptools\/_vendor\/more_itertools\n  copying setuptools\/_vendor\/more_itertools\/more.py -> build\/lib\/setuptools\/_vendor\/more_itertools\n  copying setuptools\/_vendor\/more_itertools\/recipes.py -> build\/lib\/setuptools\/_vendor\/more_itertools\n  creating build\/lib\/setuptools\/_vendor\/jaraco\n  copying setuptools\/_vendor\/jaraco\/__init__.py -> build\/lib\/setuptools\/_vendor\/jaraco\n  copying setuptools\/_vendor\/jaraco\/context.py -> build\/lib\/setuptools\/_vendor\/jaraco\n  copying setuptools\/_vendor\/jaraco\/functools.py -> build\/lib\/setuptools\/_vendor\/jaraco\n  creating build\/lib\/setuptools\/_vendor\/importlib_resources\n  copying setuptools\/_vendor\/importlib_resources\/__init__.py -> build\/lib\/setuptools\/_vendor\/importlib_resources\n  copying setuptools\/_vendor\/importlib_resources\/_adapters.py -> build\/lib\/setuptools\/_vendor\/importlib_resources\n  copying setuptools\/_vendor\/importlib_resources\/_common.py -> build\/lib\/setuptools\/_vendor\/importlib_resources\n  copying setuptools\/_vendor\/importlib_resources\/_compat.py -> build\/lib\/setuptools\/_vendor\/importlib_resources\n  copying setuptools\/_vendor\/importlib_resources\/_itertools.py -> build\/lib\/setuptools\/_vendor\/importlib_resources\n  copying setuptools\/_vendor\/importlib_resources\/_legacy.py -> build\/lib\/setuptools\/_vendor\/importlib_resources\n  copying setuptools\/_vendor\/importlib_resources\/abc.py -> build\/lib\/setuptools\/_vendor\/importlib_resources\n  copying setuptools\/_vendor\/importlib_resources\/readers.py -> build\/lib\/setuptools\/_vendor\/importlib_resources\n  copying setuptools\/_vendor\/importlib_resources\/simple.py -> build\/lib\/setuptools\/_vendor\/importlib_resources\n  creating build\/lib\/setuptools\/_vendor\/importlib_metadata\n  copying setuptools\/_vendor\/importlib_metadata\/__init__.py -> build\/lib\/setuptools\/_vendor\/importlib_metadata\n  copying setuptools\/_vendor\/importlib_metadata\/_adapters.py -> build\/lib\/setuptools\/_vendor\/importlib_metadata\n  copying setuptools\/_vendor\/importlib_metadata\/_collections.py -> build\/lib\/setuptools\/_vendor\/importlib_metadata\n  copying setuptools\/_vendor\/importlib_metadata\/_compat.py -> build\/lib\/setuptools\/_vendor\/importlib_metadata\n  copying setuptools\/_vendor\/importlib_metadata\/_functools.py -> build\/lib\/setuptools\/_vendor\/importlib_metadata\n  copying setuptools\/_vendor\/importlib_metadata\/_itertools.py -> build\/lib\/setuptools\/_vendor\/importlib_metadata\n  copying setuptools\/_vendor\/importlib_metadata\/_meta.py -> build\/lib\/setuptools\/_vendor\/importlib_metadata\n  copying setuptools\/_vendor\/importlib_metadata\/_py39compat.py -> build\/lib\/setuptools\/_vendor\/importlib_metadata\n  copying setuptools\/_vendor\/importlib_metadata\/_text.py -> build\/lib\/setuptools\/_vendor\/importlib_metadata\n  creating build\/lib\/setuptools\/_vendor\/jaraco\/text\n  copying setuptools\/_vendor\/jaraco\/text\/__init__.py -> build\/lib\/setuptools\/_vendor\/jaraco\/text\n  creating build\/lib\/setuptools\/_distutils\/command\n  copying setuptools\/_distutils\/command\/__init__.py -> build\/lib\/setuptools\/_distutils\/command\n  copying setuptools\/_distutils\/command\/_framework_compat.py -> build\/lib\/setuptools\/_distutils\/command\n  copying setuptools\/_distutils\/command\/bdist.py -> build\/lib\/setuptools\/_distutils\/command\n  copying setuptools\/_distutils\/command\/bdist_dumb.py -> build\/lib\/setuptools\/_distutils\/command\n  copying setuptools\/_distutils\/command\/bdist_rpm.py -> build\/lib\/setuptools\/_distutils\/command\n  copying setuptools\/_distutils\/command\/build.py -> build\/lib\/setuptools\/_distutils\/command\n  copying setuptools\/_distutils\/command\/build_clib.py -> build\/lib\/setuptools\/_distutils\/command\n  copying setuptools\/_distutils\/command\/build_ext.py -> build\/lib\/setuptools\/_distutils\/command\n  copying setuptools\/_distutils\/command\/build_py.py -> build\/lib\/setuptools\/_distutils\/command\n  copying setuptools\/_distutils\/command\/build_scripts.py -> build\/lib\/setuptools\/_distutils\/command\n  copying setuptools\/_distutils\/command\/check.py -> build\/lib\/setuptools\/_distutils\/command\n  copying setuptools\/_distutils\/command\/clean.py -> build\/lib\/setuptools\/_distutils\/command\n  copying setuptools\/_distutils\/command\/config.py -> build\/lib\/setuptools\/_distutils\/command\n  copying setuptools\/_distutils\/command\/install.py -> build\/lib\/setuptools\/_distutils\/command\n  copying setuptools\/_distutils\/command\/install_data.py -> build\/lib\/setuptools\/_distutils\/command\n  copying setuptools\/_distutils\/command\/install_egg_info.py -> build\/lib\/setuptools\/_distutils\/command\n  copying setuptools\/_distutils\/command\/install_headers.py -> build\/lib\/setuptools\/_distutils\/command\n  copying setuptools\/_distutils\/command\/install_lib.py -> build\/lib\/setuptools\/_distutils\/command\n  copying setuptools\/_distutils\/command\/install_scripts.py -> build\/lib\/setuptools\/_distutils\/command\n  copying setuptools\/_distutils\/command\/py37compat.py -> build\/lib\/setuptools\/_distutils\/command\n  copying setuptools\/_distutils\/command\/register.py -> build\/lib\/setuptools\/_distutils\/command\n  copying setuptools\/_distutils\/command\/sdist.py -> build\/lib\/setuptools\/_distutils\/command\n  copying setuptools\/_distutils\/command\/upload.py -> build\/lib\/setuptools\/_distutils\/command\n  creating build\/lib\/pkg_resources\/extern\n  copying pkg_resources\/extern\/__init__.py -> build\/lib\/pkg_resources\/extern\n  creating build\/lib\/pkg_resources\/_vendor\n  copying pkg_resources\/_vendor\/__init__.py -> build\/lib\/pkg_resources\/_vendor\n  copying pkg_resources\/_vendor\/typing_extensions.py -> build\/lib\/pkg_resources\/_vendor\n  copying pkg_resources\/_vendor\/zipp.py -> build\/lib\/pkg_resources\/_vendor\n  creating build\/lib\/pkg_resources\/_vendor\/platformdirs\n  copying pkg_resources\/_vendor\/platformdirs\/__init__.py -> build\/lib\/pkg_resources\/_vendor\/platformdirs\n  copying pkg_resources\/_vendor\/platformdirs\/__main__.py -> build\/lib\/pkg_resources\/_vendor\/platformdirs\n  copying pkg_resources\/_vendor\/platformdirs\/android.py -> build\/lib\/pkg_resources\/_vendor\/platformdirs\n  copying pkg_resources\/_vendor\/platformdirs\/api.py -> build\/lib\/pkg_resources\/_vendor\/platformdirs\n  copying pkg_resources\/_vendor\/platformdirs\/macos.py -> build\/lib\/pkg_resources\/_vendor\/platformdirs\n  copying pkg_resources\/_vendor\/platformdirs\/unix.py -> build\/lib\/pkg_resources\/_vendor\/platformdirs\n  copying pkg_resources\/_vendor\/platformdirs\/version.py -> build\/lib\/pkg_resources\/_vendor\/platformdirs\n  copying pkg_resources\/_vendor\/platformdirs\/windows.py -> build\/lib\/pkg_resources\/_vendor\/platformdirs\n  creating build\/lib\/pkg_resources\/_vendor\/packaging\n  copying pkg_resources\/_vendor\/packaging\/__init__.py -> build\/lib\/pkg_resources\/_vendor\/packaging\n  copying pkg_resources\/_vendor\/packaging\/_elffile.py -> build\/lib\/pkg_resources\/_vendor\/packaging\n  copying pkg_resources\/_vendor\/packaging\/_manylinux.py -> build\/lib\/pkg_resources\/_vendor\/packaging\n  copying pkg_resources\/_vendor\/packaging\/_musllinux.py -> build\/lib\/pkg_resources\/_vendor\/packaging\n  copying pkg_resources\/_vendor\/packaging\/_parser.py -> build\/lib\/pkg_resources\/_vendor\/packaging\n  copying pkg_resources\/_vendor\/packaging\/_structures.py -> build\/lib\/pkg_resources\/_vendor\/packaging\n  copying pkg_resources\/_vendor\/packaging\/_tokenizer.py -> build\/lib\/pkg_resources\/_vendor\/packaging\n  copying pkg_resources\/_vendor\/packaging\/markers.py -> build\/lib\/pkg_resources\/_vendor\/packaging\n  copying pkg_resources\/_vendor\/packaging\/metadata.py -> build\/lib\/pkg_resources\/_vendor\/packaging\n  copying pkg_resources\/_vendor\/packaging\/requirements.py -> build\/lib\/pkg_resources\/_vendor\/packaging\n  copying pkg_resources\/_vendor\/packaging\/specifiers.py -> build\/lib\/pkg_resources\/_vendor\/packaging\n  copying pkg_resources\/_vendor\/packaging\/tags.py -> build\/lib\/pkg_resources\/_vendor\/packaging\n  copying pkg_resources\/_vendor\/packaging\/utils.py -> build\/lib\/pkg_resources\/_vendor\/packaging\n  copying pkg_resources\/_vendor\/packaging\/version.py -> build\/lib\/pkg_resources\/_vendor\/packaging\n  creating build\/lib\/pkg_resources\/_vendor\/more_itertools\n  copying pkg_resources\/_vendor\/more_itertools\/__init__.py -> build\/lib\/pkg_resources\/_vendor\/more_itertools\n  copying pkg_resources\/_vendor\/more_itertools\/more.py -> build\/lib\/pkg_resources\/_vendor\/more_itertools\n  copying pkg_resources\/_vendor\/more_itertools\/recipes.py -> build\/lib\/pkg_resources\/_vendor\/more_itertools\n  creating build\/lib\/pkg_resources\/_vendor\/jaraco\n  copying pkg_resources\/_vendor\/jaraco\/__init__.py -> build\/lib\/pkg_resources\/_vendor\/jaraco\n  copying pkg_resources\/_vendor\/jaraco\/context.py -> build\/lib\/pkg_resources\/_vendor\/jaraco\n  copying pkg_resources\/_vendor\/jaraco\/functools.py -> build\/lib\/pkg_resources\/_vendor\/jaraco\n  creating build\/lib\/pkg_resources\/_vendor\/importlib_resources\n  copying pkg_resources\/_vendor\/importlib_resources\/__init__.py -> build\/lib\/pkg_resources\/_vendor\/importlib_resources\n  copying pkg_resources\/_vendor\/importlib_resources\/_adapters.py -> build\/lib\/pkg_resources\/_vendor\/importlib_resources\n  copying pkg_resources\/_vendor\/importlib_resources\/_common.py -> build\/lib\/pkg_resources\/_vendor\/importlib_resources\n  copying pkg_resources\/_vendor\/importlib_resources\/_compat.py -> build\/lib\/pkg_resources\/_vendor\/importlib_resources\n  copying pkg_resources\/_vendor\/importlib_resources\/_itertools.py -> build\/lib\/pkg_resources\/_vendor\/importlib_resources\n  copying pkg_resources\/_vendor\/importlib_resources\/_legacy.py -> build\/lib\/pkg_resources\/_vendor\/importlib_resources\n  copying pkg_resources\/_vendor\/importlib_resources\/abc.py -> build\/lib\/pkg_resources\/_vendor\/importlib_resources\n  copying pkg_resources\/_vendor\/importlib_resources\/readers.py -> build\/lib\/pkg_resources\/_vendor\/importlib_resources\n  copying pkg_resources\/_vendor\/importlib_resources\/simple.py -> build\/lib\/pkg_resources\/_vendor\/importlib_resources\n  creating build\/lib\/pkg_resources\/_vendor\/jaraco\/text\n  copying pkg_resources\/_vendor\/jaraco\/text\/__init__.py -> build\/lib\/pkg_resources\/_vendor\/jaraco\/text\n  copying setuptools\/script (dev).tmpl -> build\/lib\/setuptools\n  copying setuptools\/script.tmpl -> build\/lib\/setuptools\n  copying setuptools\/command\/launcher manifest.xml -> build\/lib\/setuptools\/command\n  installing to build\/bdist.linux-x86_64\/wheel\n  running install\n  Distribution option extra_path is deprecated. See issue27919 for details.\n  running install_lib\n  creating build\/bdist.linux-x86_64\n  creating build\/bdist.linux-x86_64\/wheel\n  creating build\/bdist.linux-x86_64\/wheel\/_distutils_hack\n  copying build\/lib\/_distutils_hack\/__init__.py -> build\/bdist.linux-x86_64\/wheel\/_distutils_hack\n  copying build\/lib\/_distutils_hack\/override.py -> build\/bdist.linux-x86_64\/wheel\/_distutils_hack\n  creating build\/bdist.linux-x86_64\/wheel\/pkg_resources\n  creating build\/bdist.linux-x86_64\/wheel\/pkg_resources\/_vendor\n  creating build\/bdist.linux-x86_64\/wheel\/pkg_resources\/_vendor\/importlib_resources\n  copying build\/lib\/pkg_resources\/_vendor\/importlib_resources\/simple.py -> build\/bdist.linux-x86_64\/wheel\/pkg_resources\/_vendor\/importlib_resources\n  copying build\/lib\/pkg_resources\/_vendor\/importlib_resources\/readers.py -> build\/bdist.linux-x86_64\/wheel\/pkg_resources\/_vendor\/importlib_resources\n  copying build\/lib\/pkg_resources\/_vendor\/importlib_resources\/abc.py -> build\/bdist.linux-x86_64\/wheel\/pkg_resources\/_vendor\/importlib_resources\n  copying build\/lib\/pkg_resources\/_vendor\/importlib_resources\/_legacy.py -> build\/bdist.linux-x86_64\/wheel\/pkg_resources\/_vendor\/importlib_resources\n  copying build\/lib\/pkg_resources\/_vendor\/importlib_resources\/_itertools.py -> build\/bdist.linux-x86_64\/wheel\/pkg_resources\/_vendor\/importlib_resources\n  copying build\/lib\/pkg_resources\/_vendor\/importlib_resources\/_compat.py -> build\/bdist.linux-x86_64\/wheel\/pkg_resources\/_vendor\/importlib_resources\n  copying build\/lib\/pkg_resources\/_vendor\/importlib_resources\/_common.py -> build\/bdist.linux-x86_64\/wheel\/pkg_resources\/_vendor\/importlib_resources\n  copying build\/lib\/pkg_resources\/_vendor\/importlib_resources\/_adapters.py -> build\/bdist.linux-x86_64\/wheel\/pkg_resources\/_vendor\/importlib_resources\n  copying build\/lib\/pkg_resources\/_vendor\/importlib_resources\/__init__.py -> build\/bdist.linux-x86_64\/wheel\/pkg_resources\/_vendor\/importlib_resources\n  creating build\/bdist.linux-x86_64\/wheel\/pkg_resources\/_vendor\/jaraco\n  creating build\/bdist.linux-x86_64\/wheel\/pkg_resources\/_vendor\/jaraco\/text\n  copying build\/lib\/pkg_resources\/_vendor\/jaraco\/text\/__init__.py -> build\/bdist.linux-x86_64\/wheel\/pkg_resources\/_vendor\/jaraco\/text\n  copying build\/lib\/pkg_resources\/_vendor\/jaraco\/functools.py -> build\/bdist.linux-x86_64\/wheel\/pkg_resources\/_vendor\/jaraco\n  copying build\/lib\/pkg_resources\/_vendor\/jaraco\/context.py -> build\/bdist.linux-x86_64\/wheel\/pkg_resources\/_vendor\/jaraco\n  copying build\/lib\/pkg_resources\/_vendor\/jaraco\/__init__.py -> build\/bdist.linux-x86_64\/wheel\/pkg_resources\/_vendor\/jaraco\n  creating build\/bdist.linux-x86_64\/wheel\/pkg_resources\/_vendor\/more_itertools\n  copying build\/lib\/pkg_resources\/_vendor\/more_itertools\/recipes.py -> build\/bdist.linux-x86_64\/wheel\/pkg_resources\/_vendor\/more_itertools\n  copying build\/lib\/pkg_resources\/_vendor\/more_itertools\/more.py -> build\/bdist.linux-x86_64\/wheel\/pkg_resources\/_vendor\/more_itertools\n  copying build\/lib\/pkg_resources\/_vendor\/more_itertools\/__init__.py -> build\/bdist.linux-x86_64\/wheel\/pkg_resources\/_vendor\/more_itertools\n  creating build\/bdist.linux-x86_64\/wheel\/pkg_resources\/_vendor\/packaging\n  copying build\/lib\/pkg_resources\/_vendor\/packaging\/version.py -> build\/bdist.linux-x86_64\/wheel\/pkg_resources\/_vendor\/packaging\n  copying build\/lib\/pkg_resources\/_vendor\/packaging\/utils.py -> build\/bdist.linux-x86_64\/wheel\/pkg_resources\/_vendor\/packaging\n  copying build\/lib\/pkg_resources\/_vendor\/packaging\/tags.py -> build\/bdist.linux-x86_64\/wheel\/pkg_resources\/_vendor\/packaging\n  copying build\/lib\/pkg_resources\/_vendor\/packaging\/specifiers.py -> build\/bdist.linux-x86_64\/wheel\/pkg_resources\/_vendor\/packaging\n  copying build\/lib\/pkg_resources\/_vendor\/packaging\/requirements.py -> build\/bdist.linux-x86_64\/wheel\/pkg_resources\/_vendor\/packaging\n  copying build\/lib\/pkg_resources\/_vendor\/packaging\/metadata.py -> build\/bdist.linux-x86_64\/wheel\/pkg_resources\/_vendor\/packaging\n  copying build\/lib\/pkg_resources\/_vendor\/packaging\/markers.py -> build\/bdist.linux-x86_64\/wheel\/pkg_resources\/_vendor\/packaging\n  copying build\/lib\/pkg_resources\/_vendor\/packaging\/_tokenizer.py -> build\/bdist.linux-x86_64\/wheel\/pkg_resources\/_vendor\/packaging\n  copying build\/lib\/pkg_resources\/_vendor\/packaging\/_structures.py -> build\/bdist.linux-x86_64\/wheel\/pkg_resources\/_vendor\/packaging\n  copying build\/lib\/pkg_resources\/_vendor\/packaging\/_parser.py -> build\/bdist.linux-x86_64\/wheel\/pkg_resources\/_vendor\/packaging\n  copying build\/lib\/pkg_resources\/_vendor\/packaging\/_musllinux.py -> build\/bdist.linux-x86_64\/wheel\/pkg_resources\/_vendor\/packaging\n  copying build\/lib\/pkg_resources\/_vendor\/packaging\/_manylinux.py -> build\/bdist.linux-x86_64\/wheel\/pkg_resources\/_vendor\/packaging\n  copying build\/lib\/pkg_resources\/_vendor\/packaging\/_elffile.py -> build\/bdist.linux-x86_64\/wheel\/pkg_resources\/_vendor\/packaging\n  copying build\/lib\/pkg_resources\/_vendor\/packaging\/__init__.py -> build\/bdist.linux-x86_64\/wheel\/pkg_resources\/_vendor\/packaging\n  creating build\/bdist.linux-x86_64\/wheel\/pkg_resources\/_vendor\/platformdirs\n  copying build\/lib\/pkg_resources\/_vendor\/platformdirs\/windows.py -> build\/bdist.linux-x86_64\/wheel\/pkg_resources\/_vendor\/platformdirs\n  copying build\/lib\/pkg_resources\/_vendor\/platformdirs\/version.py -> build\/bdist.linux-x86_64\/wheel\/pkg_resources\/_vendor\/platformdirs\n  copying build\/lib\/pkg_resources\/_vendor\/platformdirs\/unix.py -> build\/bdist.linux-x86_64\/wheel\/pkg_resources\/_vendor\/platformdirs\n  copying build\/lib\/pkg_resources\/_vendor\/platformdirs\/macos.py -> build\/bdist.linux-x86_64\/wheel\/pkg_resources\/_vendor\/platformdirs\n  copying build\/lib\/pkg_resources\/_vendor\/platformdirs\/api.py -> build\/bdist.linux-x86_64\/wheel\/pkg_resources\/_vendor\/platformdirs\n  copying build\/lib\/pkg_resources\/_vendor\/platformdirs\/android.py -> build\/bdist.linux-x86_64\/wheel\/pkg_resources\/_vendor\/platformdirs\n  copying build\/lib\/pkg_resources\/_vendor\/platformdirs\/__main__.py -> build\/bdist.linux-x86_64\/wheel\/pkg_resources\/_vendor\/platformdirs\n  copying build\/lib\/pkg_resources\/_vendor\/platformdirs\/__init__.py -> build\/bdist.linux-x86_64\/wheel\/pkg_resources\/_vendor\/platformdirs\n  copying build\/lib\/pkg_resources\/_vendor\/zipp.py -> build\/bdist.linux-x86_64\/wheel\/pkg_resources\/_vendor\n  copying build\/lib\/pkg_resources\/_vendor\/typing_extensions.py -> build\/bdist.linux-x86_64\/wheel\/pkg_resources\/_vendor\n  copying build\/lib\/pkg_resources\/_vendor\/__init__.py -> build\/bdist.linux-x86_64\/wheel\/pkg_resources\/_vendor\n  creating build\/bdist.linux-x86_64\/wheel\/pkg_resources\/extern\n  copying build\/lib\/pkg_resources\/extern\/__init__.py -> build\/bdist.linux-x86_64\/wheel\/pkg_resources\/extern\n  copying build\/lib\/pkg_resources\/__init__.py -> build\/bdist.linux-x86_64\/wheel\/pkg_resources\n  creating build\/bdist.linux-x86_64\/wheel\/setuptools\n  copying build\/lib\/setuptools\/script.tmpl -> build\/bdist.linux-x86_64\/wheel\/setuptools\n  copying build\/lib\/setuptools\/script (dev).tmpl -> build\/bdist.linux-x86_64\/wheel\/setuptools\n  creating build\/bdist.linux-x86_64\/wheel\/setuptools\/_distutils\n  creating build\/bdist.linux-x86_64\/wheel\/setuptools\/_distutils\/command\n  copying build\/lib\/setuptools\/_distutils\/command\/upload.py -> build\/bdist.linux-x86_64\/wheel\/setuptools\/_distutils\/command\n  copying build\/lib\/setuptools\/_distutils\/command\/sdist.py -> build\/bdist.linux-x86_64\/wheel\/setuptools\/_distutils\/command\n  copying build\/lib\/setuptools\/_distutils\/command\/register.py -> build\/bdist.linux-x86_64\/wheel\/setuptools\/_distutils\/command\n  copying build\/lib\/setuptools\/_distutils\/command\/py37compat.py -> build\/bdist.linux-x86_64\/wheel\/setuptools\/_distutils\/command\n  copying build\/lib\/setuptools\/_distutils\/command\/install_scripts.py -> build\/bdist.linux-x86_64\/wheel\/setuptools\/_distutils\/command\n  copying build\/lib\/setuptools\/_distutils\/command\/install_lib.py -> build\/bdist.linux-x86_64\/wheel\/setuptools\/_distutils\/command\n  copying build\/lib\/setuptools\/_distutils\/command\/install_headers.py -> build\/bdist.linux-x86_64\/wheel\/setuptools\/_distutils\/command\n  copying build\/lib\/setuptools\/_distutils\/command\/install_egg_info.py -> build\/bdist.linux-x86_64\/wheel\/setuptools\/_distutils\/command\n  copying build\/lib\/setuptools\/_distutils\/command\/install_data.py -> build\/bdist.linux-x86_64\/wheel\/setuptools\/_distutils\/command\n  copying build\/lib\/setuptools\/_distutils\/command\/install.py -> build\/bdist.linux-x86_64\/wheel\/setuptools\/_distutils\/command\n  copying build\/lib\/setuptools\/_distutils\/command\/config.py -> build\/bdist.linux-x86_64\/wheel\/setuptools\/_distutils\/command\n  copying build\/lib\/setuptools\/_distutils\/command\/clean.py -> build\/bdist.linux-x86_64\/wheel\/setuptools\/_distutils\/command\n  copying build\/lib\/setuptools\/_distutils\/command\/check.py -> build\/bdist.linux-x86_64\/wheel\/setuptools\/_distutils\/command\n  copying build\/lib\/setuptools\/_distutils\/command\/build_scripts.py -> build\/bdist.linux-x86_64\/wheel\/setuptools\/_distutils\/command\n  copying build\/lib\/setuptools\/_distutils\/command\/build_py.py -> build\/bdist.linux-x86_64\/wheel\/setuptools\/_distutils\/command\n  copying build\/lib\/setuptools\/_distutils\/command\/build_ext.py -> build\/bdist.linux-x86_64\/wheel\/setuptools\/_distutils\/command\n  copying build\/lib\/setuptools\/_distutils\/command\/build_clib.py -> build\/bdist.linux-x86_64\/wheel\/setuptools\/_distutils\/command\n  copying build\/lib\/setuptools\/_distutils\/command\/build.py -> build\/bdist.linux-x86_64\/wheel\/setuptools\/_distutils\/command\n  copying build\/lib\/setuptools\/_distutils\/command\/bdist_rpm.py -> build\/bdist.linux-x86_64\/wheel\/setuptools\/_distutils\/command\n  copying build\/lib\/setuptools\/_distutils\/command\/bdist_dumb.py -> build\/bdist.linux-x86_64\/wheel\/setuptools\/_distutils\/command\n  copying build\/lib\/setuptools\/_distutils\/command\/bdist.py -> build\/bdist.linux-x86_64\/wheel\/setuptools\/_distutils\/command\n  copying build\/lib\/setuptools\/_distutils\/command\/_framework_compat.py -> build\/bdist.linux-x86_64\/wheel\/setuptools\/_distutils\/command\n  copying build\/lib\/setuptools\/_distutils\/command\/__init__.py -> build\/bdist.linux-x86_64\/wheel\/setuptools\/_distutils\/command\n  copying build\/lib\/setuptools\/_distutils\/versionpredicate.py -> build\/bdist.linux-x86_64\/wheel\/setuptools\/_distutils\n  copying build\/lib\/setuptools\/_distutils\/version.py -> build\/bdist.linux-x86_64\/wheel\/setuptools\/_distutils\n  copying build\/lib\/setuptools\/_distutils\/util.py -> build\/bdist.linux-x86_64\/wheel\/setuptools\/_distutils\n  copying build\/lib\/setuptools\/_distutils\/unixccompiler.py -> build\/bdist.linux-x86_64\/wheel\/setuptools\/_distutils\n  copying build\/lib\/setuptools\/_distutils\/text_file.py -> build\/bdist.linux-x86_64\/wheel\/setuptools\/_distutils\n  copying build\/lib\/setuptools\/_distutils\/sysconfig.py -> build\/bdist.linux-x86_64\/wheel\/setuptools\/_distutils\n  copying build\/lib\/setuptools\/_distutils\/spawn.py -> build\/bdist.linux-x86_64\/wheel\/setuptools\/_distutils\n  copying build\/lib\/setuptools\/_distutils\/py39compat.py -> build\/bdist.linux-x86_64\/wheel\/setuptools\/_distutils\n  copying build\/lib\/setuptools\/_distutils\/py38compat.py -> build\/bdist.linux-x86_64\/wheel\/setuptools\/_distutils\n  copying build\/lib\/setuptools\/_distutils\/msvccompiler.py -> build\/bdist.linux-x86_64\/wheel\/setuptools\/_distutils\n  copying build\/lib\/setuptools\/_distutils\/msvc9compiler.py -> build\/bdist.linux-x86_64\/wheel\/setuptools\/_distutils\n  copying build\/lib\/setuptools\/_distutils\/log.py -> build\/bdist.linux-x86_64\/wheel\/setuptools\/_distutils\n  copying build\/lib\/setuptools\/_distutils\/filelist.py -> build\/bdist.linux-x86_64\/wheel\/setuptools\/_distutils\n  copying build\/lib\/setuptools\/_distutils\/file_util.py -> build\/bdist.linux-x86_64\/wheel\/setuptools\/_distutils\n  copying build\/lib\/setuptools\/_distutils\/fancy_getopt.py -> build\/bdist.linux-x86_64\/wheel\/setuptools\/_distutils\n  copying build\/lib\/setuptools\/_distutils\/extension.py -> build\/bdist.linux-x86_64\/wheel\/setuptools\/_distutils\n  copying build\/lib\/setuptools\/_distutils\/errors.py -> build\/bdist.linux-x86_64\/wheel\/setuptools\/_distutils\n  copying build\/lib\/setuptools\/_distutils\/dist.py -> build\/bdist.linux-x86_64\/wheel\/setuptools\/_distutils\n  copying build\/lib\/setuptools\/_distutils\/dir_util.py -> build\/bdist.linux-x86_64\/wheel\/setuptools\/_distutils\n  copying build\/lib\/setuptools\/_distutils\/dep_util.py -> build\/bdist.linux-x86_64\/wheel\/setuptools\/_distutils\n  copying build\/lib\/setuptools\/_distutils\/debug.py -> build\/bdist.linux-x86_64\/wheel\/setuptools\/_distutils\n  copying build\/lib\/setuptools\/_distutils\/cygwinccompiler.py -> build\/bdist.linux-x86_64\/wheel\/setuptools\/_distutils\n  copying build\/lib\/setuptools\/_distutils\/core.py -> build\/bdist.linux-x86_64\/wheel\/setuptools\/_distutils\n  copying build\/lib\/setuptools\/_distutils\/config.py -> build\/bdist.linux-x86_64\/wheel\/setuptools\/_distutils\n  copying build\/lib\/setuptools\/_distutils\/cmd.py -> build\/bdist.linux-x86_64\/wheel\/setuptools\/_distutils\n  copying build\/lib\/setuptools\/_distutils\/ccompiler.py -> build\/bdist.linux-x86_64\/wheel\/setuptools\/_distutils\n  copying build\/lib\/setuptools\/_distutils\/bcppcompiler.py -> build\/bdist.linux-x86_64\/wheel\/setuptools\/_distutils\n  copying build\/lib\/setuptools\/_distutils\/archive_util.py -> build\/bdist.linux-x86_64\/wheel\/setuptools\/_distutils\n  copying build\/lib\/setuptools\/_distutils\/_msvccompiler.py -> build\/bdist.linux-x86_64\/wheel\/setuptools\/_distutils\n  copying build\/lib\/setuptools\/_distutils\/_macos_compat.py -> build\/bdist.linux-x86_64\/wheel\/setuptools\/_distutils\n  copying build\/lib\/setuptools\/_distutils\/_log.py -> build\/bdist.linux-x86_64\/wheel\/setuptools\/_distutils\n  copying build\/lib\/setuptools\/_distutils\/_functools.py -> build\/bdist.linux-x86_64\/wheel\/setuptools\/_distutils\n  copying build\/lib\/setuptools\/_distutils\/_collections.py -> build\/bdist.linux-x86_64\/wheel\/setuptools\/_distutils\n  copying build\/lib\/setuptools\/_distutils\/__init__.py -> build\/bdist.linux-x86_64\/wheel\/setuptools\/_distutils\n  creating build\/bdist.linux-x86_64\/wheel\/setuptools\/_vendor\n  creating build\/bdist.linux-x86_64\/wheel\/setuptools\/_vendor\/importlib_metadata\n  copying build\/lib\/setuptools\/_vendor\/importlib_metadata\/_text.py -> build\/bdist.linux-x86_64\/wheel\/setuptools\/_vendor\/importlib_metadata\n  copying build\/lib\/setuptools\/_vendor\/importlib_metadata\/_py39compat.py -> build\/bdist.linux-x86_64\/wheel\/setuptools\/_vendor\/importlib_metadata\n  copying build\/lib\/setuptools\/_vendor\/importlib_metadata\/_meta.py -> build\/bdist.linux-x86_64\/wheel\/setuptools\/_vendor\/importlib_metadata\n  copying build\/lib\/setuptools\/_vendor\/importlib_metadata\/_itertools.py -> build\/bdist.linux-x86_64\/wheel\/setuptools\/_vendor\/importlib_metadata\n  copying build\/lib\/setuptools\/_vendor\/importlib_metadata\/_functools.py -> build\/bdist.linux-x86_64\/wheel\/setuptools\/_vendor\/importlib_metadata\n  copying build\/lib\/setuptools\/_vendor\/importlib_metadata\/_compat.py -> build\/bdist.linux-x86_64\/wheel\/setuptools\/_vendor\/importlib_metadata\n  copying build\/lib\/setuptools\/_vendor\/importlib_metadata\/_collections.py -> build\/bdist.linux-x86_64\/wheel\/setuptools\/_vendor\/importlib_metadata\n  copying build\/lib\/setuptools\/_vendor\/importlib_metadata\/_adapters.py -> build\/bdist.linux-x86_64\/wheel\/setuptools\/_vendor\/importlib_metadata\n  copying build\/lib\/setuptools\/_vendor\/importlib_metadata\/__init__.py -> build\/bdist.linux-x86_64\/wheel\/setuptools\/_vendor\/importlib_metadata\n  creating build\/bdist.linux-x86_64\/wheel\/setuptools\/_vendor\/importlib_resources\n  copying build\/lib\/setuptools\/_vendor\/importlib_resources\/simple.py -> build\/bdist.linux-x86_64\/wheel\/setuptools\/_vendor\/importlib_resources\n  copying build\/lib\/setuptools\/_vendor\/importlib_resources\/readers.py -> build\/bdist.linux-x86_64\/wheel\/setuptools\/_vendor\/importlib_resources\n  copying build\/lib\/setuptools\/_vendor\/importlib_resources\/abc.py -> build\/bdist.linux-x86_64\/wheel\/setuptools\/_vendor\/importlib_resources\n  copying build\/lib\/setuptools\/_vendor\/importlib_resources\/_legacy.py -> build\/bdist.linux-x86_64\/wheel\/setuptools\/_vendor\/importlib_resources\n  copying build\/lib\/setuptools\/_vendor\/importlib_resources\/_itertools.py -> build\/bdist.linux-x86_64\/wheel\/setuptools\/_vendor\/importlib_resources\n  copying build\/lib\/setuptools\/_vendor\/importlib_resources\/_compat.py -> build\/bdist.linux-x86_64\/wheel\/setuptools\/_vendor\/importlib_resources\n  copying build\/lib\/setuptools\/_vendor\/importlib_resources\/_common.py -> build\/bdist.linux-x86_64\/wheel\/setuptools\/_vendor\/importlib_resources\n  copying build\/lib\/setuptools\/_vendor\/importlib_resources\/_adapters.py -> build\/bdist.linux-x86_64\/wheel\/setuptools\/_vendor\/importlib_resources\n  copying build\/lib\/setuptools\/_vendor\/importlib_resources\/__init__.py -> build\/bdist.linux-x86_64\/wheel\/setuptools\/_vendor\/importlib_resources\n  creating build\/bdist.linux-x86_64\/wheel\/setuptools\/_vendor\/jaraco\n  creating build\/bdist.linux-x86_64\/wheel\/setuptools\/_vendor\/jaraco\/text\n  copying build\/lib\/setuptools\/_vendor\/jaraco\/text\/__init__.py -> build\/bdist.linux-x86_64\/wheel\/setuptools\/_vendor\/jaraco\/text\n  copying build\/lib\/setuptools\/_vendor\/jaraco\/functools.py -> build\/bdist.linux-x86_64\/wheel\/setuptools\/_vendor\/jaraco\n  copying build\/lib\/setuptools\/_vendor\/jaraco\/context.py -> build\/bdist.linux-x86_64\/wheel\/setuptools\/_vendor\/jaraco\n  copying build\/lib\/setuptools\/_vendor\/jaraco\/__init__.py -> build\/bdist.linux-x86_64\/wheel\/setuptools\/_vendor\/jaraco\n  creating build\/bdist.linux-x86_64\/wheel\/setuptools\/_vendor\/more_itertools\n  copying build\/lib\/setuptools\/_vendor\/more_itertools\/recipes.py -> build\/bdist.linux-x86_64\/wheel\/setuptools\/_vendor\/more_itertools\n  copying build\/lib\/setuptools\/_vendor\/more_itertools\/more.py -> build\/bdist.linux-x86_64\/wheel\/setuptools\/_vendor\/more_itertools\n  copying build\/lib\/setuptools\/_vendor\/more_itertools\/__init__.py -> build\/bdist.linux-x86_64\/wheel\/setuptools\/_vendor\/more_itertools\n  creating build\/bdist.linux-x86_64\/wheel\/setuptools\/_vendor\/packaging\n  copying build\/lib\/setuptools\/_vendor\/packaging\/version.py -> build\/bdist.linux-x86_64\/wheel\/setuptools\/_vendor\/packaging\n  copying build\/lib\/setuptools\/_vendor\/packaging\/utils.py -> build\/bdist.linux-x86_64\/wheel\/setuptools\/_vendor\/packaging\n  copying build\/lib\/setuptools\/_vendor\/packaging\/tags.py -> build\/bdist.linux-x86_64\/wheel\/setuptools\/_vendor\/packaging\n  copying build\/lib\/setuptools\/_vendor\/packaging\/specifiers.py -> build\/bdist.linux-x86_64\/wheel\/setuptools\/_vendor\/packaging\n  copying build\/lib\/setuptools\/_vendor\/packaging\/requirements.py -> build\/bdist.linux-x86_64\/wheel\/setuptools\/_vendor\/packaging\n  copying build\/lib\/setuptools\/_vendor\/packaging\/metadata.py -> build\/bdist.linux-x86_64\/wheel\/setuptools\/_vendor\/packaging\n  copying build\/lib\/setuptools\/_vendor\/packaging\/markers.py -> build\/bdist.linux-x86_64\/wheel\/setuptools\/_vendor\/packaging\n  copying build\/lib\/setuptools\/_vendor\/packaging\/_tokenizer.py -> build\/bdist.linux-x86_64\/wheel\/setuptools\/_vendor\/packaging\n  copying build\/lib\/setuptools\/_vendor\/packaging\/_structures.py -> build\/bdist.linux-x86_64\/wheel\/setuptools\/_vendor\/packaging\n  copying build\/lib\/setuptools\/_vendor\/packaging\/_parser.py -> build\/bdist.linux-x86_64\/wheel\/setuptools\/_vendor\/packaging\n  copying build\/lib\/setuptools\/_vendor\/packaging\/_musllinux.py -> build\/bdist.linux-x86_64\/wheel\/setuptools\/_vendor\/packaging\n  copying build\/lib\/setuptools\/_vendor\/packaging\/_manylinux.py -> build\/bdist.linux-x86_64\/wheel\/setuptools\/_vendor\/packaging\n  copying build\/lib\/setuptools\/_vendor\/packaging\/_elffile.py -> build\/bdist.linux-x86_64\/wheel\/setuptools\/_vendor\/packaging\n  copying build\/lib\/setuptools\/_vendor\/packaging\/__init__.py -> build\/bdist.linux-x86_64\/wheel\/setuptools\/_vendor\/packaging\n  creating build\/bdist.linux-x86_64\/wheel\/setuptools\/_vendor\/tomli\n  copying build\/lib\/setuptools\/_vendor\/tomli\/_types.py -> build\/bdist.linux-x86_64\/wheel\/setuptools\/_vendor\/tomli\n  copying build\/lib\/setuptools\/_vendor\/tomli\/_re.py -> build\/bdist.linux-x86_64\/wheel\/setuptools\/_vendor\/tomli\n  copying build\/lib\/setuptools\/_vendor\/tomli\/_parser.py -> build\/bdist.linux-x86_64\/wheel\/setuptools\/_vendor\/tomli\n  copying build\/lib\/setuptools\/_vendor\/tomli\/__init__.py -> build\/bdist.linux-x86_64\/wheel\/setuptools\/_vendor\/tomli\n  copying build\/lib\/setuptools\/_vendor\/zipp.py -> build\/bdist.linux-x86_64\/wheel\/setuptools\/_vendor\n  copying build\/lib\/setuptools\/_vendor\/typing_extensions.py -> build\/bdist.linux-x86_64\/wheel\/setuptools\/_vendor\n  copying build\/lib\/setuptools\/_vendor\/ordered_set.py -> build\/bdist.linux-x86_64\/wheel\/setuptools\/_vendor\n  copying build\/lib\/setuptools\/_vendor\/__init__.py -> build\/bdist.linux-x86_64\/wheel\/setuptools\/_vendor\n  creating build\/bdist.linux-x86_64\/wheel\/setuptools\/command\n  copying build\/lib\/setuptools\/command\/launcher manifest.xml -> build\/bdist.linux-x86_64\/wheel\/setuptools\/command\n  copying build\/lib\/setuptools\/command\/install.py -> build\/bdist.linux-x86_64\/wheel\/setuptools\/command\n  copying build\/lib\/setuptools\/command\/upload_docs.py -> build\/bdist.linux-x86_64\/wheel\/setuptools\/command\n  copying build\/lib\/setuptools\/command\/upload.py -> build\/bdist.linux-x86_64\/wheel\/setuptools\/command\n  copying build\/lib\/setuptools\/command\/test.py -> build\/bdist.linux-x86_64\/wheel\/setuptools\/command\n  copying build\/lib\/setuptools\/command\/setopt.py -> build\/bdist.linux-x86_64\/wheel\/setuptools\/command\n  copying build\/lib\/setuptools\/command\/sdist.py -> build\/bdist.linux-x86_64\/wheel\/setuptools\/command\n  copying build\/lib\/setuptools\/command\/saveopts.py -> build\/bdist.linux-x86_64\/wheel\/setuptools\/command\n  copying build\/lib\/setuptools\/command\/rotate.py -> build\/bdist.linux-x86_64\/wheel\/setuptools\/command\n  copying build\/lib\/setuptools\/command\/register.py -> build\/bdist.linux-x86_64\/wheel\/setuptools\/command\n  copying build\/lib\/setuptools\/command\/install_scripts.py -> build\/bdist.linux-x86_64\/wheel\/setuptools\/command\n  copying build\/lib\/setuptools\/command\/install_lib.py -> build\/bdist.linux-x86_64\/wheel\/setuptools\/command\n  copying build\/lib\/setuptools\/command\/install_egg_info.py -> build\/bdist.linux-x86_64\/wheel\/setuptools\/command\n  copying build\/lib\/setuptools\/command\/egg_info.py -> build\/bdist.linux-x86_64\/wheel\/setuptools\/command\n  copying build\/lib\/setuptools\/command\/editable_wheel.py -> build\/bdist.linux-x86_64\/wheel\/setuptools\/command\n  copying build\/lib\/setuptools\/command\/easy_install.py -> build\/bdist.linux-x86_64\/wheel\/setuptools\/command\n  copying build\/lib\/setuptools\/command\/dist_info.py -> build\/bdist.linux-x86_64\/wheel\/setuptools\/command\n  copying build\/lib\/setuptools\/command\/develop.py -> build\/bdist.linux-x86_64\/wheel\/setuptools\/command\n  copying build\/lib\/setuptools\/command\/build_py.py -> build\/bdist.linux-x86_64\/wheel\/setuptools\/command\n  copying build\/lib\/setuptools\/command\/build_ext.py -> build\/bdist.linux-x86_64\/wheel\/setuptools\/command\n  copying build\/lib\/setuptools\/command\/build_clib.py -> build\/bdist.linux-x86_64\/wheel\/setuptools\/command\n  copying build\/lib\/setuptools\/command\/build.py -> build\/bdist.linux-x86_64\/wheel\/setuptools\/command\n  copying build\/lib\/setuptools\/command\/bdist_rpm.py -> build\/bdist.linux-x86_64\/wheel\/setuptools\/command\n  copying build\/lib\/setuptools\/command\/bdist_egg.py -> build\/bdist.linux-x86_64\/wheel\/setuptools\/command\n  copying build\/lib\/setuptools\/command\/alias.py -> build\/bdist.linux-x86_64\/wheel\/setuptools\/command\n  copying build\/lib\/setuptools\/command\/_requirestxt.py -> build\/bdist.linux-x86_64\/wheel\/setuptools\/command\n  copying build\/lib\/setuptools\/command\/__init__.py -> build\/bdist.linux-x86_64\/wheel\/setuptools\/command\n  creating build\/bdist.linux-x86_64\/wheel\/setuptools\/config\n  creating build\/bdist.linux-x86_64\/wheel\/setuptools\/config\/_validate_pyproject\n  copying build\/lib\/setuptools\/config\/_validate_pyproject\/formats.py -> build\/bdist.linux-x86_64\/wheel\/setuptools\/config\/_validate_pyproject\n  copying build\/lib\/setuptools\/config\/_validate_pyproject\/fastjsonschema_validations.py -> build\/bdist.linux-x86_64\/wheel\/setuptools\/config\/_validate_pyproject\n  copying build\/lib\/setuptools\/config\/_validate_pyproject\/fastjsonschema_exceptions.py -> build\/bdist.linux-x86_64\/wheel\/setuptools\/config\/_validate_pyproject\n  copying build\/lib\/setuptools\/config\/_validate_pyproject\/extra_validations.py -> build\/bdist.linux-x86_64\/wheel\/setuptools\/config\/_validate_pyproject\n  copying build\/lib\/setuptools\/config\/_validate_pyproject\/error_reporting.py -> build\/bdist.linux-x86_64\/wheel\/setuptools\/config\/_validate_pyproject\n  copying build\/lib\/setuptools\/config\/_validate_pyproject\/__init__.py -> build\/bdist.linux-x86_64\/wheel\/setuptools\/config\/_validate_pyproject\n  copying build\/lib\/setuptools\/config\/setupcfg.py -> build\/bdist.linux-x86_64\/wheel\/setuptools\/config\n  copying build\/lib\/setuptools\/config\/pyprojecttoml.py -> build\/bdist.linux-x86_64\/wheel\/setuptools\/config\n  copying build\/lib\/setuptools\/config\/expand.py -> build\/bdist.linux-x86_64\/wheel\/setuptools\/config\n  copying build\/lib\/setuptools\/config\/_apply_pyprojecttoml.py -> build\/bdist.linux-x86_64\/wheel\/setuptools\/config\n  copying build\/lib\/setuptools\/config\/__init__.py -> build\/bdist.linux-x86_64\/wheel\/setuptools\/config\n  creating build\/bdist.linux-x86_64\/wheel\/setuptools\/extern\n  copying build\/lib\/setuptools\/extern\/__init__.py -> build\/bdist.linux-x86_64\/wheel\/setuptools\/extern\n  copying build\/lib\/setuptools\/depends.py -> build\/bdist.linux-x86_64\/wheel\/setuptools\n  copying build\/lib\/setuptools\/windows_support.py -> build\/bdist.linux-x86_64\/wheel\/setuptools\n  copying build\/lib\/setuptools\/wheel.py -> build\/bdist.linux-x86_64\/wheel\/setuptools\n  copying build\/lib\/setuptools\/warnings.py -> build\/bdist.linux-x86_64\/wheel\/setuptools\n  copying build\/lib\/setuptools\/version.py -> build\/bdist.linux-x86_64\/wheel\/setuptools\n  copying build\/lib\/setuptools\/unicode_utils.py -> build\/bdist.linux-x86_64\/wheel\/setuptools\n  copying build\/lib\/setuptools\/sandbox.py -> build\/bdist.linux-x86_64\/wheel\/setuptools\n  copying build\/lib\/setuptools\/py312compat.py -> build\/bdist.linux-x86_64\/wheel\/setuptools\n  copying build\/lib\/setuptools\/package_index.py -> build\/bdist.linux-x86_64\/wheel\/setuptools\n  copying build\/lib\/setuptools\/namespaces.py -> build\/bdist.linux-x86_64\/wheel\/setuptools\n  copying build\/lib\/setuptools\/msvc.py -> build\/bdist.linux-x86_64\/wheel\/setuptools\n  copying build\/lib\/setuptools\/monkey.py -> build\/bdist.linux-x86_64\/wheel\/setuptools\n  copying build\/lib\/setuptools\/logging.py -> build\/bdist.linux-x86_64\/wheel\/setuptools\n  copying build\/lib\/setuptools\/launch.py -> build\/bdist.linux-x86_64\/wheel\/setuptools\n  copying build\/lib\/setuptools\/installer.py -> build\/bdist.linux-x86_64\/wheel\/setuptools\n  copying build\/lib\/setuptools\/glob.py -> build\/bdist.linux-x86_64\/wheel\/setuptools\n  copying build\/lib\/setuptools\/extension.py -> build\/bdist.linux-x86_64\/wheel\/setuptools\n  copying build\/lib\/setuptools\/errors.py -> build\/bdist.linux-x86_64\/wheel\/setuptools\n  copying build\/lib\/setuptools\/dist.py -> build\/bdist.linux-x86_64\/wheel\/setuptools\n  copying build\/lib\/setuptools\/discovery.py -> build\/bdist.linux-x86_64\/wheel\/setuptools\n  copying build\/lib\/setuptools\/dep_util.py -> build\/bdist.linux-x86_64\/wheel\/setuptools\n  copying build\/lib\/setuptools\/build_meta.py -> build\/bdist.linux-x86_64\/wheel\/setuptools\n  copying build\/lib\/setuptools\/archive_util.py -> build\/bdist.linux-x86_64\/wheel\/setuptools\n  copying build\/lib\/setuptools\/_reqs.py -> build\/bdist.linux-x86_64\/wheel\/setuptools\n  copying build\/lib\/setuptools\/_path.py -> build\/bdist.linux-x86_64\/wheel\/setuptools\n  copying build\/lib\/setuptools\/_normalization.py -> build\/bdist.linux-x86_64\/wheel\/setuptools\n  copying build\/lib\/setuptools\/_itertools.py -> build\/bdist.linux-x86_64\/wheel\/setuptools\n  copying build\/lib\/setuptools\/_importlib.py -> build\/bdist.linux-x86_64\/wheel\/setuptools\n  copying build\/lib\/setuptools\/_imp.py -> build\/bdist.linux-x86_64\/wheel\/setuptools\n  copying build\/lib\/setuptools\/_entry_points.py -> build\/bdist.linux-x86_64\/wheel\/setuptools\n  copying build\/lib\/setuptools\/_core_metadata.py -> build\/bdist.linux-x86_64\/wheel\/setuptools\n  copying build\/lib\/setuptools\/__init__.py -> build\/bdist.linux-x86_64\/wheel\/setuptools\n  running install_egg_info\n  running egg_info\n  writing setuptools.egg-info\/PKG-INFO\n  writing dependency_links to setuptools.egg-info\/dependency_links.txt\n  writing entry points to setuptools.egg-info\/entry_points.txt\n  writing requirements to setuptools.egg-info\/requires.txt\n  writing top-level names to setuptools.egg-info\/top_level.txt\n  reading manifest file 'setuptools.egg-info\/SOURCES.txt'\n  reading manifest template 'MANIFEST.in'\n  warning: no files found matching '*.py' under directory 'tests'\n  warning: no files found matching '*.py' under directory 'docs'\n  warning: no files found matching '*.txt' under directory 'docs'\n  warning: no files found matching '*.conf' under directory 'docs'\n  warning: no files found matching '*.css' under directory 'docs'\n  warning: no files found matching '*.css_t' under directory 'docs'\n  warning: no files found matching 'Makefile' under directory 'docs'\n  warning: no files found matching 'indexsidebar.html' under directory 'docs'\n  warning: no files found matching 'msvc-build-launcher.cmd'\n  warning: no previously-included files matching '*.py[cod]' found anywhere in distribution\n  warning: no previously-included files matching '__pycache__' found anywhere in distribution\n  adding license file 'LICENSE'\n  writing manifest file 'setuptools.egg-info\/SOURCES.txt'\n  Copying setuptools.egg-info to build\/bdist.linux-x86_64\/wheel\/setuptools-68.2.2-py3.13.egg-info\n  running install_scripts\n  creating build\/bdist.linux-x86_64\/wheel\/distutils-precedence.pth\n  creating build\/bdist.linux-x86_64\/wheel\/setuptools-68.2.2.dist-info\/WHEEL\n  creating '\/builddir\/build\/BUILD\/setuptools-68.2.2\/.pyproject-builddir\/pip-wheel-ns_9mvpt\/.tmp-mkmv5dxh\/setuptools-68.2.2-py3-none-any.whl' and adding 'build\/bdist.linux-x86_64\/wheel' to it\n  adding 'distutils-precedence.pth'\n  adding '_distutils_hack\/__init__.py'\n  adding '_distutils_hack\/override.py'\n  adding 'pkg_resources\/__init__.py'\n  adding 'pkg_resources\/_vendor\/__init__.py'\n  adding 'pkg_resources\/_vendor\/typing_extensions.py'\n  adding 'pkg_resources\/_vendor\/zipp.py'\n  adding 'pkg_resources\/_vendor\/importlib_resources\/__init__.py'\n  adding 'pkg_resources\/_vendor\/importlib_resources\/_adapters.py'\n  adding 'pkg_resources\/_vendor\/importlib_resources\/_common.py'\n  adding 'pkg_resources\/_vendor\/importlib_resources\/_compat.py'\n  adding 'pkg_resources\/_vendor\/importlib_resources\/_itertools.py'\n  adding 'pkg_resources\/_vendor\/importlib_resources\/_legacy.py'\n  adding 'pkg_resources\/_vendor\/importlib_resources\/abc.py'\n  adding 'pkg_resources\/_vendor\/importlib_resources\/readers.py'\n  adding 'pkg_resources\/_vendor\/importlib_resources\/simple.py'\n  adding 'pkg_resources\/_vendor\/jaraco\/__init__.py'\n  adding 'pkg_resources\/_vendor\/jaraco\/context.py'\n  adding 'pkg_resources\/_vendor\/jaraco\/functools.py'\n  adding 'pkg_resources\/_vendor\/jaraco\/text\/__init__.py'\n  adding 'pkg_resources\/_vendor\/more_itertools\/__init__.py'\n  adding 'pkg_resources\/_vendor\/more_itertools\/more.py'\n  adding 'pkg_resources\/_vendor\/more_itertools\/recipes.py'\n  adding 'pkg_resources\/_vendor\/packaging\/__init__.py'\n  adding 'pkg_resources\/_vendor\/packaging\/_elffile.py'\n  adding 'pkg_resources\/_vendor\/packaging\/_manylinux.py'\n  adding 'pkg_resources\/_vendor\/packaging\/_musllinux.py'\n  adding 'pkg_resources\/_vendor\/packaging\/_parser.py'\n  adding 'pkg_resources\/_vendor\/packaging\/_structures.py'\n  adding 'pkg_resources\/_vendor\/packaging\/_tokenizer.py'\n  adding 'pkg_resources\/_vendor\/packaging\/markers.py'\n  adding 'pkg_resources\/_vendor\/packaging\/metadata.py'\n  adding 'pkg_resources\/_vendor\/packaging\/requirements.py'\n  adding 'pkg_resources\/_vendor\/packaging\/specifiers.py'\n  adding 'pkg_resources\/_vendor\/packaging\/tags.py'\n  adding 'pkg_resources\/_vendor\/packaging\/utils.py'\n  adding 'pkg_resources\/_vendor\/packaging\/version.py'\n  adding 'pkg_resources\/_vendor\/platformdirs\/__init__.py'\n  adding 'pkg_resources\/_vendor\/platformdirs\/__main__.py'\n  adding 'pkg_resources\/_vendor\/platformdirs\/android.py'\n  adding 'pkg_resources\/_vendor\/platformdirs\/api.py'\n  adding 'pkg_resources\/_vendor\/platformdirs\/macos.py'\n  adding 'pkg_resources\/_vendor\/platformdirs\/unix.py'\n  adding 'pkg_resources\/_vendor\/platformdirs\/version.py'\n  adding 'pkg_resources\/_vendor\/platformdirs\/windows.py'\n  adding 'pkg_resources\/extern\/__init__.py'\n  adding 'setuptools\/__init__.py'\n  adding 'setuptools\/_core_metadata.py'\n  adding 'setuptools\/_entry_points.py'\n  adding 'setuptools\/_imp.py'\n  adding 'setuptools\/_importlib.py'\n  adding 'setuptools\/_itertools.py'\n  adding 'setuptools\/_normalization.py'\n  adding 'setuptools\/_path.py'\n  adding 'setuptools\/_reqs.py'\n  adding 'setuptools\/archive_util.py'\n  adding 'setuptools\/build_meta.py'\n  adding 'setuptools\/dep_util.py'\n  adding 'setuptools\/depends.py'\n  adding 'setuptools\/discovery.py'\n  adding 'setuptools\/dist.py'\n  adding 'setuptools\/errors.py'\n  adding 'setuptools\/extension.py'\n  adding 'setuptools\/glob.py'\n  adding 'setuptools\/installer.py'\n  adding 'setuptools\/launch.py'\n  adding 'setuptools\/logging.py'\n  adding 'setuptools\/monkey.py'\n  adding 'setuptools\/msvc.py'\n  adding 'setuptools\/namespaces.py'\n  adding 'setuptools\/package_index.py'\n  adding 'setuptools\/py312compat.py'\n  adding 'setuptools\/sandbox.py'\n  adding 'setuptools\/script (dev).tmpl'\n  adding 'setuptools\/script.tmpl'\n  adding 'setuptools\/unicode_utils.py'\n  adding 'setuptools\/version.py'\n  adding 'setuptools\/warnings.py'\n  adding 'setuptools\/wheel.py'\n  adding 'setuptools\/windows_support.py'\n  adding 'setuptools\/_distutils\/__init__.py'\n  adding 'setuptools\/_distutils\/_collections.py'\n  adding 'setuptools\/_distutils\/_functools.py'\n  adding 'setuptools\/_distutils\/_log.py'\n  adding 'setuptools\/_distutils\/_macos_compat.py'\n  adding 'setuptools\/_distutils\/_msvccompiler.py'\n  adding 'setuptools\/_distutils\/archive_util.py'\n  adding 'setuptools\/_distutils\/bcppcompiler.py'\n  adding 'setuptools\/_distutils\/ccompiler.py'\n  adding 'setuptools\/_distutils\/cmd.py'\n  adding 'setuptools\/_distutils\/config.py'\n  adding 'setuptools\/_distutils\/core.py'\n  adding 'setuptools\/_distutils\/cygwinccompiler.py'\n  adding 'setuptools\/_distutils\/debug.py'\n  adding 'setuptools\/_distutils\/dep_util.py'\n  adding 'setuptools\/_distutils\/dir_util.py'\n  adding 'setuptools\/_distutils\/dist.py'\n  adding 'setuptools\/_distutils\/errors.py'\n  adding 'setuptools\/_distutils\/extension.py'\n  adding 'setuptools\/_distutils\/fancy_getopt.py'\n  adding 'setuptools\/_distutils\/file_util.py'\n  adding 'setuptools\/_distutils\/filelist.py'\n  adding 'setuptools\/_distutils\/log.py'\n  adding 'setuptools\/_distutils\/msvc9compiler.py'\n  adding 'setuptools\/_distutils\/msvccompiler.py'\n  adding 'setuptools\/_distutils\/py38compat.py'\n  adding 'setuptools\/_distutils\/py39compat.py'\n  adding 'setuptools\/_distutils\/spawn.py'\n  adding 'setuptools\/_distutils\/sysconfig.py'\n  adding 'setuptools\/_distutils\/text_file.py'\n  adding 'setuptools\/_distutils\/unixccompiler.py'\n  adding 'setuptools\/_distutils\/util.py'\n  adding 'setuptools\/_distutils\/version.py'\n  adding 'setuptools\/_distutils\/versionpredicate.py'\n  adding 'setuptools\/_distutils\/command\/__init__.py'\n  adding 'setuptools\/_distutils\/command\/_framework_compat.py'\n  adding 'setuptools\/_distutils\/command\/bdist.py'\n  adding 'setuptools\/_distutils\/command\/bdist_dumb.py'\n  adding 'setuptools\/_distutils\/command\/bdist_rpm.py'\n  adding 'setuptools\/_distutils\/command\/build.py'\n  adding 'setuptools\/_distutils\/command\/build_clib.py'\n  adding 'setuptools\/_distutils\/command\/build_ext.py'\n  adding 'setuptools\/_distutils\/command\/build_py.py'\n  adding 'setuptools\/_distutils\/command\/build_scripts.py'\n  adding 'setuptools\/_distutils\/command\/check.py'\n  adding 'setuptools\/_distutils\/command\/clean.py'\n  adding 'setuptools\/_distutils\/command\/config.py'\n  adding 'setuptools\/_distutils\/command\/install.py'\n  adding 'setuptools\/_distutils\/command\/install_data.py'\n  adding 'setuptools\/_distutils\/command\/install_egg_info.py'\n  adding 'setuptools\/_distutils\/command\/install_headers.py'\n  adding 'setuptools\/_distutils\/command\/install_lib.py'\n  adding 'setuptools\/_distutils\/command\/install_scripts.py'\n  adding 'setuptools\/_distutils\/command\/py37compat.py'\n  adding 'setuptools\/_distutils\/command\/register.py'\n  adding 'setuptools\/_distutils\/command\/sdist.py'\n  adding 'setuptools\/_distutils\/command\/upload.py'\n  adding 'setuptools\/_vendor\/__init__.py'\n  adding 'setuptools\/_vendor\/ordered_set.py'\n  adding 'setuptools\/_vendor\/typing_extensions.py'\n  adding 'setuptools\/_vendor\/zipp.py'\n  adding 'setuptools\/_vendor\/importlib_metadata\/__init__.py'\n  adding 'setuptools\/_vendor\/importlib_metadata\/_adapters.py'\n  adding 'setuptools\/_vendor\/importlib_metadata\/_collections.py'\n  adding 'setuptools\/_vendor\/importlib_metadata\/_compat.py'\n  adding 'setuptools\/_vendor\/importlib_metadata\/_functools.py'\n  adding 'setuptools\/_vendor\/importlib_metadata\/_itertools.py'\n  adding 'setuptools\/_vendor\/importlib_metadata\/_meta.py'\n  adding 'setuptools\/_vendor\/importlib_metadata\/_py39compat.py'\n  adding 'setuptools\/_vendor\/importlib_metadata\/_text.py'\n  adding 'setuptools\/_vendor\/importlib_resources\/__init__.py'\n  adding 'setuptools\/_vendor\/importlib_resources\/_adapters.py'\n  adding 'setuptools\/_vendor\/importlib_resources\/_common.py'\n  adding 'setuptools\/_vendor\/importlib_resources\/_compat.py'\n  adding 'setuptools\/_vendor\/importlib_resources\/_itertools.py'\n  adding 'setuptools\/_vendor\/importlib_resources\/_legacy.py'\n  adding 'setuptools\/_vendor\/importlib_resources\/abc.py'\n  adding 'setuptools\/_vendor\/importlib_resources\/readers.py'\n  adding 'setuptools\/_vendor\/importlib_resources\/simple.py'\n  adding 'setuptools\/_vendor\/jaraco\/__init__.py'\n  adding 'setuptools\/_vendor\/jaraco\/context.py'\n  adding 'setuptools\/_vendor\/jaraco\/functools.py'\n  adding 'setuptools\/_vendor\/jaraco\/text\/__init__.py'\n  adding 'setuptools\/_vendor\/more_itertools\/__init__.py'\n  adding 'setuptools\/_vendor\/more_itertools\/more.py'\n  adding 'setuptools\/_vendor\/more_itertools\/recipes.py'\n  adding 'setuptools\/_vendor\/packaging\/__init__.py'\n  adding 'setuptools\/_vendor\/packaging\/_elffile.py'\n  adding 'setuptools\/_vendor\/packaging\/_manylinux.py'\n  adding 'setuptools\/_vendor\/packaging\/_musllinux.py'\n  adding 'setuptools\/_vendor\/packaging\/_parser.py'\n  adding 'setuptools\/_vendor\/packaging\/_structures.py'\n  adding 'setuptools\/_vendor\/packaging\/_tokenizer.py'\n  adding 'setuptools\/_vendor\/packaging\/markers.py'\n  adding 'setuptools\/_vendor\/packaging\/metadata.py'\n  adding 'setuptools\/_vendor\/packaging\/requirements.py'\n  adding 'setuptools\/_vendor\/packaging\/specifiers.py'\n  adding 'setuptools\/_vendor\/packaging\/tags.py'\n  adding 'setuptools\/_vendor\/packaging\/utils.py'\n  adding 'setuptools\/_vendor\/packaging\/version.py'\n  adding 'setuptools\/_vendor\/tomli\/__init__.py'\n  adding 'setuptools\/_vendor\/tomli\/_parser.py'\n  adding 'setuptools\/_vendor\/tomli\/_re.py'\n  adding 'setuptools\/_vendor\/tomli\/_types.py'\n  adding 'setuptools\/command\/__init__.py'\n  adding 'setuptools\/command\/_requirestxt.py'\n  adding 'setuptools\/command\/alias.py'\n  adding 'setuptools\/command\/bdist_egg.py'\n  adding 'setuptools\/command\/bdist_rpm.py'\n  adding 'setuptools\/command\/build.py'\n  adding 'setuptools\/command\/build_clib.py'\n  adding 'setuptools\/command\/build_ext.py'\n  adding 'setuptools\/command\/build_py.py'\n  adding 'setuptools\/command\/develop.py'\n  adding 'setuptools\/command\/dist_info.py'\n  adding 'setuptools\/command\/easy_install.py'\n  adding 'setuptools\/command\/editable_wheel.py'\n  adding 'setuptools\/command\/egg_info.py'\n  adding 'setuptools\/command\/install.py'\n  adding 'setuptools\/command\/install_egg_info.py'\n  adding 'setuptools\/command\/install_lib.py'\n  adding 'setuptools\/command\/install_scripts.py'\n  adding 'setuptools\/command\/launcher manifest.xml'\n  adding 'setuptools\/command\/register.py'\n  adding 'setuptools\/command\/rotate.py'\n  adding 'setuptools\/command\/saveopts.py'\n  adding 'setuptools\/command\/sdist.py'\n  adding 'setuptools\/command\/setopt.py'\n  adding 'setuptools\/command\/test.py'\n  adding 'setuptools\/command\/upload.py'\n  adding 'setuptools\/command\/upload_docs.py'\n  adding 'setuptools\/config\/__init__.py'\n  adding 'setuptools\/config\/_apply_pyprojecttoml.py'\n  adding 'setuptools\/config\/expand.py'\n  adding 'setuptools\/config\/pyprojecttoml.py'\n  adding 'setuptools\/config\/setupcfg.py'\n  adding 'setuptools\/config\/_validate_pyproject\/__init__.py'\n  adding 'setuptools\/config\/_validate_pyproject\/error_reporting.py'\n  adding 'setuptools\/config\/_validate_pyproject\/extra_validations.py'\n  adding 'setuptools\/config\/_validate_pyproject\/fastjsonschema_exceptions.py'\n  adding 'setuptools\/config\/_validate_pyproject\/fastjsonschema_validations.py'\n  adding 'setuptools\/config\/_validate_pyproject\/formats.py'\n  adding 'setuptools\/extern\/__init__.py'\n  adding 'setuptools-68.2.2.dist-info\/LICENSE'\n  adding 'setuptools-68.2.2.dist-info\/METADATA'\n  adding 'setuptools-68.2.2.dist-info\/WHEEL'\n  adding 'setuptools-68.2.2.dist-info\/entry_points.txt'\n  adding 'setuptools-68.2.2.dist-info\/top_level.txt'\n  adding 'setuptools-68.2.2.dist-info\/RECORD'\n  removing build\/bdist.linux-x86_64\/wheel\n  Building wheel for setuptools (pyproject.toml): finished with status 'done'\n  Created wheel for setuptools: filename=setuptools-68.2.2-py3-none-any.whl size=753654 sha256=9ec3c960339e91c210dc9844568a0253e365ba91f43f57b64cc4d683c8b82348\n  Stored in directory: \/builddir\/.cache\/pip\/wheels\/62\/58\/a6\/e1e127d1cb774f4c8ff461bbe92edddbeac9d4d2fa6ed07ab0\nSuccessfully built setuptools\n+ RPM_EC=0\n++ jobs -p\n+ exit 0\nExecuting(%install): \/bin\/sh -e \/var\/tmp\/rpm-tmp.EO0fhC\n+ umask 022\n+ cd \/builddir\/build\/BUILD\n+ '[' \/builddir\/build\/BUILDROOT\/python-setuptools-68.2.2-7.fc40.x86_64 '!=' \/ ']'\n+ rm -rf \/builddir\/build\/BUILDROOT\/python-setuptools-68.2.2-7.fc40.x86_64\n++ dirname \/builddir\/build\/BUILDROOT\/python-setuptools-68.2.2-7.fc40.x86_64\n+ mkdir -p \/builddir\/build\/BUILDROOT\n+ mkdir \/builddir\/build\/BUILDROOT\/python-setuptools-68.2.2-7.fc40.x86_64\n+ CFLAGS='-O2 -flto=auto -ffat-lto-objects -fexceptions -g -grecord-gcc-switches -pipe -Wall -Werror=format-security -Wp,-U_FORTIFY_SOURCE,-D_FORTIFY_SOURCE=3 -Wp,-D_GLIBCXX_ASSERTIONS -specs=\/usr\/lib\/rpm\/redhat\/redhat-hardened-cc1 -fstack-protector-strong -specs=\/usr\/lib\/rpm\/redhat\/redhat-annobin-cc1  -m64   -mtune=generic -fasynchronous-unwind-tables -fstack-clash-protection -fcf-protection -fno-omit-frame-pointer -mno-omit-leaf-frame-pointer '\n+ export CFLAGS\n+ CXXFLAGS='-O2 -flto=auto -ffat-lto-objects -fexceptions -g -grecord-gcc-switches -pipe -Wall -Werror=format-security -Wp,-U_FORTIFY_SOURCE,-D_FORTIFY_SOURCE=3 -Wp,-D_GLIBCXX_ASSERTIONS -specs=\/usr\/lib\/rpm\/redhat\/redhat-hardened-cc1 -fstack-protector-strong -specs=\/usr\/lib\/rpm\/redhat\/redhat-annobin-cc1  -m64   -mtune=generic -fasynchronous-unwind-tables -fstack-clash-protection -fcf-protection -fno-omit-frame-pointer -mno-omit-leaf-frame-pointer '\n+ export CXXFLAGS\n+ FFLAGS='-O2 -flto=auto -ffat-lto-objects -fexceptions -g -grecord-gcc-switches -pipe -Wall -Wp,-U_FORTIFY_SOURCE,-D_FORTIFY_SOURCE=3 -Wp,-D_GLIBCXX_ASSERTIONS -specs=\/usr\/lib\/rpm\/redhat\/redhat-hardened-cc1 -fstack-protector-strong -specs=\/usr\/lib\/rpm\/redhat\/redhat-annobin-cc1  -m64   -mtune=generic -fasynchronous-unwind-tables -fstack-clash-protection -fcf-protection -fno-omit-frame-pointer -mno-omit-leaf-frame-pointer -I\/usr\/lib64\/gfortran\/modules '\n+ export FFLAGS\n+ FCFLAGS='-O2 -flto=auto -ffat-lto-objects -fexceptions -g -grecord-gcc-switches -pipe -Wall -Wp,-U_FORTIFY_SOURCE,-D_FORTIFY_SOURCE=3 -Wp,-D_GLIBCXX_ASSERTIONS -specs=\/usr\/lib\/rpm\/redhat\/redhat-hardened-cc1 -fstack-protector-strong -specs=\/usr\/lib\/rpm\/redhat\/redhat-annobin-cc1  -m64   -mtune=generic -fasynchronous-unwind-tables -fstack-clash-protection -fcf-protection -fno-omit-frame-pointer -mno-omit-leaf-frame-pointer -I\/usr\/lib64\/gfortran\/modules '\n+ export FCFLAGS\n+ VALAFLAGS=-g\n+ export VALAFLAGS\n+ RUSTFLAGS='-Copt-level=3 -Cdebuginfo=2 -Ccodegen-units=1 -Cstrip=none -Cforce-frame-pointers=yes -Clink-arg=-Wl,-z,relro -Clink-arg=-Wl,-z,now -Clink-arg=-specs=\/usr\/lib\/rpm\/redhat\/redhat-package-notes --cap-lints=warn'\n+ export RUSTFLAGS\n+ LDFLAGS='-Wl,-z,relro -Wl,--as-needed  -Wl,-z,pack-relative-relocs -Wl,-z,now -specs=\/usr\/lib\/rpm\/redhat\/redhat-hardened-ld-errors -specs=\/usr\/lib\/rpm\/redhat\/redhat-hardened-ld -specs=\/usr\/lib\/rpm\/redhat\/redhat-annobin-cc1  -Wl,--build-id=sha1 -specs=\/usr\/lib\/rpm\/redhat\/redhat-package-notes '\n+ export LDFLAGS\n+ LT_SYS_LIBRARY_PATH=\/usr\/lib64:\n+ export LT_SYS_LIBRARY_PATH\n+ CC=gcc\n+ export CC\n+ CXX=g++\n+ export CXX\n+ cd setuptools-68.2.2\n++ ls \/builddir\/build\/BUILD\/setuptools-68.2.2\/pyproject-wheeldir\/setuptools-68.2.2-py3-none-any.whl\n++ xargs basename --multiple\n++ sed -E 's\/([^-]+)-([^-]+)-.+\\.whl\/\\1==\\2\/'\n+ specifier=setuptools==68.2.2\n+ '[' -z setuptools==68.2.2 ']'\n+ TMPDIR=\/builddir\/build\/BUILD\/setuptools-68.2.2\/.pyproject-builddir\n+ \/usr\/bin\/python3 -m pip install --root \/builddir\/build\/BUILDROOT\/python-setuptools-68.2.2-7.fc40.x86_64 --prefix \/usr --no-deps --disable-pip-version-check --progress-bar off --verbose --ignore-installed --no-warn-script-location --no-index --no-cache-dir --find-links \/builddir\/build\/BUILD\/setuptools-68.2.2\/pyproject-wheeldir setuptools==68.2.2\nUsing pip 23.3.2 from \/usr\/lib\/python3.13\/site-packages\/pip (python 3.13)\nLooking in links: \/builddir\/build\/BUILD\/setuptools-68.2.2\/pyproject-wheeldir\nProcessing .\/pyproject-wheeldir\/setuptools-68.2.2-py3-none-any.whl\nInstalling collected packages: setuptools\nSuccessfully installed setuptools-68.2.2\n+ '[' -d \/builddir\/build\/BUILDROOT\/python-setuptools-68.2.2-7.fc40.x86_64\/usr\/bin ']'\n+ rm -f \/builddir\/build\/BUILD\/python-setuptools-68.2.2-7.fc40.x86_64-pyproject-ghost-distinfo\n+ site_dirs=()\n+ '[' -d \/builddir\/build\/BUILDROOT\/python-setuptools-68.2.2-7.fc40.x86_64\/usr\/lib\/python3.13\/site-packages ']'\n+ site_dirs+=(\"\/usr\/lib\/python3.13\/site-packages\")\n+ '[' \/builddir\/build\/BUILDROOT\/python-setuptools-68.2.2-7.fc40.x86_64\/usr\/lib64\/python3.13\/site-packages '!=' \/builddir\/build\/BUILDROOT\/python-setuptools-68.2.2-7.fc40.x86_64\/usr\/lib\/python3.13\/site-packages ']'\n+ '[' -d \/builddir\/build\/BUILDROOT\/python-setuptools-68.2.2-7.fc40.x86_64\/usr\/lib64\/python3.13\/site-packages ']'\n+ for site_dir in ${site_dirs[@]}\n+ for distinfo in \/builddir\/build\/BUILDROOT\/python-setuptools-68.2.2-7.fc40.x86_64$site_dir\/*.dist-info\n+ echo '%ghost \/usr\/lib\/python3.13\/site-packages\/setuptools-68.2.2.dist-info'\n+ sed -i s\/pip\/rpm\/ \/builddir\/build\/BUILDROOT\/python-setuptools-68.2.2-7.fc40.x86_64\/usr\/lib\/python3.13\/site-packages\/setuptools-68.2.2.dist-info\/INSTALLER\n+ PYTHONPATH=\/usr\/lib\/rpm\/redhat\n+ \/usr\/bin\/python3 -B \/usr\/lib\/rpm\/redhat\/pyproject_preprocess_record.py --buildroot \/builddir\/build\/BUILDROOT\/python-setuptools-68.2.2-7.fc40.x86_64 --record \/builddir\/build\/BUILDROOT\/python-setuptools-68.2.2-7.fc40.x86_64\/usr\/lib\/python3.13\/site-packages\/setuptools-68.2.2.dist-info\/RECORD --output \/builddir\/build\/BUILD\/python-setuptools-68.2.2-7.fc40.x86_64-pyproject-record\n+ rm -fv \/builddir\/build\/BUILDROOT\/python-setuptools-68.2.2-7.fc40.x86_64\/usr\/lib\/python3.13\/site-packages\/setuptools-68.2.2.dist-info\/RECORD\nremoved '\/builddir\/build\/BUILDROOT\/python-setuptools-68.2.2-7.fc40.x86_64\/usr\/lib\/python3.13\/site-packages\/setuptools-68.2.2.dist-info\/RECORD'\n+ rm -fv \/builddir\/build\/BUILDROOT\/python-setuptools-68.2.2-7.fc40.x86_64\/usr\/lib\/python3.13\/site-packages\/setuptools-68.2.2.dist-info\/REQUESTED\nremoved '\/builddir\/build\/BUILDROOT\/python-setuptools-68.2.2-7.fc40.x86_64\/usr\/lib\/python3.13\/site-packages\/setuptools-68.2.2.dist-info\/REQUESTED'\n++ wc -l \/builddir\/build\/BUILD\/python-setuptools-68.2.2-7.fc40.x86_64-pyproject-ghost-distinfo\n++ cut -f1 '-d '\n+ lines=1\n+ '[' 1 -ne 1 ']'\n+ RPM_PERCENTAGES_COUNT=2\n+ \/usr\/bin\/python3 \/usr\/lib\/rpm\/redhat\/pyproject_save_files.py --output-files \/builddir\/build\/BUILD\/python-setuptools-68.2.2-7.fc40.x86_64-pyproject-files --output-modules \/builddir\/build\/BUILD\/python-setuptools-68.2.2-7.fc40.x86_64-pyproject-modules --buildroot \/builddir\/build\/BUILDROOT\/python-setuptools-68.2.2-7.fc40.x86_64 --sitelib \/usr\/lib\/python3.13\/site-packages --sitearch \/usr\/lib64\/python3.13\/site-packages --python-version 3.13 --pyproject-record \/builddir\/build\/BUILD\/python-setuptools-68.2.2-7.fc40.x86_64-pyproject-record --prefix \/usr setuptools pkg_resources _distutils_hack\n+ rm -rf \/builddir\/build\/BUILDROOT\/python-setuptools-68.2.2-7.fc40.x86_64\/usr\/lib\/python3.13\/site-packages\/pkg_resources\/tests\/\n+ sed -i '\/\\\/pkg_resources\\\/tests\\b\/d' \/builddir\/build\/BUILD\/python-setuptools-68.2.2-7.fc40.x86_64-pyproject-files\n+ mkdir -p \/builddir\/build\/BUILDROOT\/python-setuptools-68.2.2-7.fc40.x86_64\/usr\/share\/python-wheels\n+ install -p \/builddir\/build\/BUILD\/setuptools-68.2.2\/pyproject-wheeldir\/setuptools-68.2.2-py3-none-any.whl -t \/builddir\/build\/BUILDROOT\/python-setuptools-68.2.2-7.fc40.x86_64\/usr\/share\/python-wheels\n+ \/usr\/bin\/find-debuginfo -j4 --strict-build-id -m -i --build-id-seed 68.2.2-7.fc40 --unique-debug-suffix -68.2.2-7.fc40.x86_64 --unique-debug-src-base python-setuptools-68.2.2-7.fc40.x86_64 --run-dwz --dwz-low-mem-die-limit 10000000 --dwz-max-die-limit 110000000 -S debugsourcefiles.list \/builddir\/build\/BUILD\/setuptools-68.2.2\nfind-debuginfo: starting\nExtracting debug info from 0 files\nCreating .debug symlinks for symlinks to ELF files\nfind: \u00e2\u0080\u0098debug\u00e2\u0080\u0099: No such file or directory\nfind-debuginfo: done\n+ \/usr\/lib\/rpm\/check-buildroot\n+ \/usr\/lib\/rpm\/redhat\/brp-ldconfig\n+ \/usr\/lib\/rpm\/brp-compress\n+ \/usr\/lib\/rpm\/redhat\/brp-strip-lto \/usr\/bin\/strip\n+ \/usr\/lib\/rpm\/brp-strip-static-archive \/usr\/bin\/strip\n+ \/usr\/lib\/rpm\/check-rpaths\n+ \/usr\/lib\/rpm\/redhat\/brp-mangle-shebangs\n+ \/usr\/lib\/rpm\/brp-remove-la-files\n+ env \/usr\/lib\/rpm\/redhat\/brp-python-bytecompile '' 1 0 -j4\nBytecompiling .py files below \/builddir\/build\/BUILDROOT\/python-setuptools-68.2.2-7.fc40.x86_64\/usr\/lib\/python3.13 using python3.13\n+ \/usr\/lib\/rpm\/redhat\/brp-python-hardlink\nExecuting(%check): \/bin\/sh -e \/var\/tmp\/rpm-tmp.VAZhuw\n+ umask 022\n+ cd \/builddir\/build\/BUILD\n+ CFLAGS='-O2 -flto=auto -ffat-lto-objects -fexceptions -g -grecord-gcc-switches -pipe -Wall -Werror=format-security -Wp,-U_FORTIFY_SOURCE,-D_FORTIFY_SOURCE=3 -Wp,-D_GLIBCXX_ASSERTIONS -specs=\/usr\/lib\/rpm\/redhat\/redhat-hardened-cc1 -fstack-protector-strong -specs=\/usr\/lib\/rpm\/redhat\/redhat-annobin-cc1  -m64   -mtune=generic -fasynchronous-unwind-tables -fstack-clash-protection -fcf-protection -fno-omit-frame-pointer -mno-omit-leaf-frame-pointer '\n+ export CFLAGS\n+ CXXFLAGS='-O2 -flto=auto -ffat-lto-objects -fexceptions -g -grecord-gcc-switches -pipe -Wall -Werror=format-security -Wp,-U_FORTIFY_SOURCE,-D_FORTIFY_SOURCE=3 -Wp,-D_GLIBCXX_ASSERTIONS -specs=\/usr\/lib\/rpm\/redhat\/redhat-hardened-cc1 -fstack-protector-strong -specs=\/usr\/lib\/rpm\/redhat\/redhat-annobin-cc1  -m64   -mtune=generic -fasynchronous-unwind-tables -fstack-clash-protection -fcf-protection -fno-omit-frame-pointer -mno-omit-leaf-frame-pointer '\n+ export CXXFLAGS\n+ FFLAGS='-O2 -flto=auto -ffat-lto-objects -fexceptions -g -grecord-gcc-switches -pipe -Wall -Wp,-U_FORTIFY_SOURCE,-D_FORTIFY_SOURCE=3 -Wp,-D_GLIBCXX_ASSERTIONS -specs=\/usr\/lib\/rpm\/redhat\/redhat-hardened-cc1 -fstack-protector-strong -specs=\/usr\/lib\/rpm\/redhat\/redhat-annobin-cc1  -m64   -mtune=generic -fasynchronous-unwind-tables -fstack-clash-protection -fcf-protection -fno-omit-frame-pointer -mno-omit-leaf-frame-pointer -I\/usr\/lib64\/gfortran\/modules '\n+ export FFLAGS\n+ FCFLAGS='-O2 -flto=auto -ffat-lto-objects -fexceptions -g -grecord-gcc-switches -pipe -Wall -Wp,-U_FORTIFY_SOURCE,-D_FORTIFY_SOURCE=3 -Wp,-D_GLIBCXX_ASSERTIONS -specs=\/usr\/lib\/rpm\/redhat\/redhat-hardened-cc1 -fstack-protector-strong -specs=\/usr\/lib\/rpm\/redhat\/redhat-annobin-cc1  -m64   -mtune=generic -fasynchronous-unwind-tables -fstack-clash-protection -fcf-protection -fno-omit-frame-pointer -mno-omit-leaf-frame-pointer -I\/usr\/lib64\/gfortran\/modules '\n+ export FCFLAGS\n+ VALAFLAGS=-g\n+ export VALAFLAGS\n+ RUSTFLAGS='-Copt-level=3 -Cdebuginfo=2 -Ccodegen-units=1 -Cstrip=none -Cforce-frame-pointers=yes -Clink-arg=-Wl,-z,relro -Clink-arg=-Wl,-z,now -Clink-arg=-specs=\/usr\/lib\/rpm\/redhat\/redhat-package-notes --cap-lints=warn'\n+ export RUSTFLAGS\n+ LDFLAGS='-Wl,-z,relro -Wl,--as-needed  -Wl,-z,pack-relative-relocs -Wl,-z,now -specs=\/usr\/lib\/rpm\/redhat\/redhat-hardened-ld-errors -specs=\/usr\/lib\/rpm\/redhat\/redhat-hardened-ld -specs=\/usr\/lib\/rpm\/redhat\/redhat-annobin-cc1  -Wl,--build-id=sha1 -specs=\/usr\/lib\/rpm\/redhat\/redhat-package-notes '\n+ export LDFLAGS\n+ LT_SYS_LIBRARY_PATH=\/usr\/lib64:\n+ export LT_SYS_LIBRARY_PATH\n+ CC=gcc\n+ export CC\n+ CXX=g++\n+ export CXX\n+ cd setuptools-68.2.2\n+ \/usr\/lib\/rpm\/pythonbundles.py pkg_resources\/_vendor\/vendored.txt setuptools\/_vendor\/vendored.txt --namespace python3dist --compare-with '\nProvides: bundled(python3dist(platformdirs)) = 2.6.2\nProvides: bundled(python3dist(importlib-metadata)) = 6\nProvides: bundled(python3dist(importlib-resources)) = 5.10.2\nProvides: bundled(python3dist(jaraco-text)) = 3.7\nProvides: bundled(python3dist(more-itertools)) = 8.8\nProvides: bundled(python3dist(ordered-set)) = 3.1.1\nProvides: bundled(python3dist(packaging)) = 23.1\nProvides: bundled(python3dist(typing-extensions)) = 4.4\nProvides: bundled(python3dist(typing-extensions)) = 4.0.1\nProvides: bundled(python3dist(zipp)) = 3.7\nProvides: bundled(python3dist(tomli)) = 2.0.1\n'\n+ test '!' -d \/builddir\/build\/BUILDROOT\/python-setuptools-68.2.2-7.fc40.x86_64\/usr\/lib\/python3.13\/site-packages\/pkg_resources\/tests\n+ test '!' -d \/builddir\/build\/BUILDROOT\/python-setuptools-68.2.2-7.fc40.x86_64\/usr\/lib\/python3.13\/site-packages\/setuptools\/tests\n++ stat --format %s \/builddir\/build\/BUILD\/setuptools-68.2.2\/pyproject-wheeldir\/setuptools-68.2.2-py3-none-any.whl\n+ test 753654 -lt 900000\n+ '[' '!' -f \/builddir\/build\/BUILD\/python-setuptools-68.2.2-7.fc40.x86_64-pyproject-modules ']'\n+ PATH=\/builddir\/build\/BUILDROOT\/python-setuptools-68.2.2-7.fc40.x86_64\/usr\/bin:\/usr\/bin:\/bin:\/usr\/sbin:\/sbin:\/usr\/local\/sbin\n+ PYTHONPATH=\/builddir\/build\/BUILDROOT\/python-setuptools-68.2.2-7.fc40.x86_64\/usr\/lib64\/python3.13\/site-packages:\/builddir\/build\/BUILDROOT\/python-setuptools-68.2.2-7.fc40.x86_64\/usr\/lib\/python3.13\/site-packages\n+ _PYTHONSITE=\/builddir\/build\/BUILDROOT\/python-setuptools-68.2.2-7.fc40.x86_64\/usr\/lib64\/python3.13\/site-packages:\/builddir\/build\/BUILDROOT\/python-setuptools-68.2.2-7.fc40.x86_64\/usr\/lib\/python3.13\/site-packages\n+ PYTHONDONTWRITEBYTECODE=1\n+ \/usr\/bin\/python3 -sP \/usr\/lib\/rpm\/redhat\/import_all_modules.py -f \/builddir\/build\/BUILD\/python-setuptools-68.2.2-7.fc40.x86_64-pyproject-modules\nCheck import: pkg_resources\nCheck import: pkg_resources.extern\nCheck import: setuptools\nCheck import: setuptools.archive_util\nCheck import: setuptools.build_meta\nCheck import: setuptools.command\nCheck import: setuptools.command.alias\nCheck import: setuptools.command.bdist_egg\nCheck import: setuptools.command.bdist_rpm\nCheck import: setuptools.command.build\nCheck import: setuptools.command.build_clib\nCheck import: setuptools.command.build_ext\nCheck import: setuptools.command.build_py\nCheck import: setuptools.command.develop\nCheck import: setuptools.command.dist_info\nCheck import: setuptools.command.easy_install\nCheck import: setuptools.command.editable_wheel\nCheck import: setuptools.command.egg_info\nCheck import: setuptools.command.install\nCheck import: setuptools.command.install_egg_info\nCheck import: setuptools.command.install_lib\nCheck import: setuptools.command.install_scripts\nCheck import: setuptools.command.register\nCheck import: setuptools.command.rotate\nCheck import: setuptools.command.saveopts\nCheck import: setuptools.command.sdist\nCheck import: setuptools.command.setopt\nCheck import: setuptools.command.test\nCheck import: setuptools.command.upload\nCheck import: setuptools.command.upload_docs\nCheck import: setuptools.config\nCheck import: setuptools.config.expand\nCheck import: setuptools.config.pyprojecttoml\nCheck import: setuptools.config.setupcfg\nCheck import: setuptools.dep_util\nCheck import: setuptools.depends\nCheck import: setuptools.discovery\nCheck import: setuptools.dist\nCheck import: setuptools.errors\nCheck import: setuptools.extension\nCheck import: setuptools.extern\nCheck import: setuptools.glob\nCheck import: setuptools.installer\nCheck import: setuptools.launch\nCheck import: setuptools.logging\nCheck import: setuptools.monkey\nCheck import: setuptools.msvc\nCheck import: setuptools.namespaces\nCheck import: setuptools.package_index\nCheck import: setuptools.py312compat\nCheck import: setuptools.sandbox\nCheck import: setuptools.unicode_utils\nCheck import: setuptools.version\nCheck import: setuptools.warnings\nCheck import: setuptools.wheel\nCheck import: setuptools.windows_support\n+ rm pyproject.toml\n+ PRE_BUILT_SETUPTOOLS_WHEEL=\/builddir\/build\/BUILD\/setuptools-68.2.2\/pyproject-wheeldir\/setuptools-68.2.2-py3-none-any.whl\n++ pwd\n+ PYTHONPATH=\/builddir\/build\/BUILD\/setuptools-68.2.2\n+ CFLAGS='-O2 -flto=auto -ffat-lto-objects -fexceptions -g -grecord-gcc-switches -pipe -Wall -Werror=format-security -Wp,-U_FORTIFY_SOURCE,-D_FORTIFY_SOURCE=3 -Wp,-D_GLIBCXX_ASSERTIONS -specs=\/usr\/lib\/rpm\/redhat\/redhat-hardened-cc1 -fstack-protector-strong -specs=\/usr\/lib\/rpm\/redhat\/redhat-annobin-cc1  -m64   -mtune=generic -fasynchronous-unwind-tables -fstack-clash-protection -fcf-protection -fno-omit-frame-pointer -mno-omit-leaf-frame-pointer '\n+ LDFLAGS='-Wl,-z,relro -Wl,--as-needed  -Wl,-z,pack-relative-relocs -Wl,-z,now -specs=\/usr\/lib\/rpm\/redhat\/redhat-hardened-ld-errors -specs=\/usr\/lib\/rpm\/redhat\/redhat-hardened-ld -specs=\/usr\/lib\/rpm\/redhat\/redhat-annobin-cc1  -Wl,--build-id=sha1 -specs=\/usr\/lib\/rpm\/redhat\/redhat-package-notes '\n+ PATH=\/builddir\/build\/BUILDROOT\/python-setuptools-68.2.2-7.fc40.x86_64\/usr\/bin:\/usr\/bin:\/bin:\/usr\/sbin:\/sbin:\/usr\/local\/sbin\n+ PYTHONPATH=\/builddir\/build\/BUILD\/setuptools-68.2.2\n+ PYTHONDONTWRITEBYTECODE=1\n+ PYTEST_ADDOPTS=' --ignore=\/builddir\/build\/BUILD\/setuptools-68.2.2\/.pyproject-builddir'\n+ PYTEST_XDIST_AUTO_NUM_WORKERS=4\n+ \/usr\/bin\/pytest --ignore=setuptools\/tests\/test_integration.py --ignore=setuptools\/tests\/integration\/ --ignore=setuptools\/tests\/test_editable_install.py --ignore=setuptools\/tests\/config\/test_apply_pyprojecttoml.py --ignore=tools\/finalize.py -k 'not test_pip_upgrade_from_source and not test_setup_requires_honors_fetch_params'\n============================= test session starts ==============================\nplatform linux -- Python 3.13.0a3, pytest-7.4.3, pluggy-1.3.0\nrootdir: \/builddir\/build\/BUILD\/setuptools-68.2.2\nconfigfile: pytest.ini\nplugins: timeout-2.2.0, xdist-3.5.0\ncollected 1086 items \/ 7 deselected \/ 1079 selected\n\npkg_resources\/__init__.py .F.                                            [  0%]\npkg_resources\/api_tests.txt .                                            [  0%]\npkg_resources\/tests\/test_find_distributions.py ....                      [  0%]\npkg_resources\/tests\/test_markers.py .                                    [  0%]\npkg_resources\/tests\/test_pkg_resources.py ................ssss           [  2%]\npkg_resources\/tests\/test_resources.py .................................. [  5%]\n................................................                         [ 10%]\npkg_resources\/tests\/test_working_set.py ................................ [ 13%]\n....                                                                     [ 13%]\nsetuptools\/_entry_points.py .                                            [ 13%]\nsetuptools\/_itertools.py .                                               [ 13%]\nsetuptools\/_normalization.py ......                                      [ 14%]\nsetuptools\/_path.py .                                                    [ 14%]\nsetuptools\/build_meta.py .....                                           [ 14%]\nsetuptools\/discovery.py ...                                              [ 15%]\nsetuptools\/dist.py .                                                     [ 15%]\nsetuptools\/namespaces.py .                                               [ 15%]\nsetuptools\/package_index.py ..                                           [ 15%]\nsetuptools\/sandbox.py .                                                  [ 15%]\nsetuptools\/command\/develop.py .                                          [ 15%]\nsetuptools\/command\/editable_wheel.py ...                                 [ 16%]\nsetuptools\/command\/install_lib.py .                                      [ 16%]\nsetuptools\/config\/_apply_pyprojecttoml.py ..                             [ 16%]\nsetuptools\/config\/expand.py .                                            [ 16%]\nsetuptools\/tests\/test_archive_util.py X                                  [ 16%]\nsetuptools\/tests\/test_bdist_deprecations.py .                            [ 16%]\nsetuptools\/tests\/test_bdist_egg.py .x                                    [ 16%]\nsetuptools\/tests\/test_build.py ..                                        [ 16%]\nsetuptools\/tests\/test_build_clib.py ..                                   [ 17%]\nsetuptools\/tests\/test_build_ext.py ........                              [ 17%]\nsetuptools\/tests\/test_build_meta.py .................................... [ 21%]\n........................................................................ [ 27%]\n........................................................................ [ 34%]\n.......................                                                  [ 36%]\nsetuptools\/tests\/test_build_py.py ....x..                                [ 37%]\nsetuptools\/tests\/test_config_discovery.py .............................. [ 40%]\n.....................................................                    [ 45%]\nsetuptools\/tests\/test_core_metadata.py ..........x...x...............    [ 47%]\nsetuptools\/tests\/test_dep_util.py .                                      [ 47%]\nsetuptools\/tests\/test_depends.py .                                       [ 48%]\nsetuptools\/tests\/test_develop.py s....                                   [ 48%]\nsetuptools\/tests\/test_dist.py ...........................                [ 50%]\nsetuptools\/tests\/test_dist_info.py ..................................... [ 54%]\n.                                                                        [ 54%]\nsetuptools\/tests\/test_distutils_adoption.py s....sss....s                [ 55%]\nsetuptools\/tests\/test_easy_install.py .................................. [ 58%]\n..............                                                           [ 60%]\nsetuptools\/tests\/test_egg_info.py ..........................x........... [ 63%]\n...................................F.                                    [ 67%]\nsetuptools\/tests\/test_extern.py ...                                      [ 67%]\nsetuptools\/tests\/test_find_packages.py ...................               [ 69%]\nsetuptools\/tests\/test_find_py_modules.py .........                       [ 69%]\nsetuptools\/tests\/test_glob.py ....                                       [ 70%]\nsetuptools\/tests\/test_install_scripts.py .s.s                            [ 70%]\nsetuptools\/tests\/test_logging.py ...                                     [ 70%]\nsetuptools\/tests\/test_manifest.py ...................................... [ 74%]\n.............................                                            [ 77%]\nsetuptools\/tests\/test_msvc14.py ssss                                     [ 77%]\nsetuptools\/tests\/test_namespaces.py ....                                 [ 77%]\nsetuptools\/tests\/test_packageindex.py .....................              [ 79%]\nsetuptools\/tests\/test_register.py .                                      [ 79%]\nsetuptools\/tests\/test_sandbox.py ..........                              [ 80%]\nsetuptools\/tests\/test_sdist.py ................................          [ 83%]\nsetuptools\/tests\/test_setopt.py ..                                       [ 84%]\nsetuptools\/tests\/test_setuptools.py .......................              [ 86%]\nsetuptools\/tests\/test_test.py .                                          [ 86%]\nsetuptools\/tests\/test_unicode_utils.py .                                 [ 86%]\nsetuptools\/tests\/test_upload.py .                                        [ 86%]\nsetuptools\/tests\/test_virtualenv.py ...                                  [ 86%]\nsetuptools\/tests\/test_warnings.py ....                                   [ 87%]\nsetuptools\/tests\/test_wheel.py ........................                  [ 89%]\nsetuptools\/tests\/test_windows_wrappers.py ssss                           [ 89%]\nsetuptools\/tests\/config\/test_expand.py .......................           [ 91%]\nsetuptools\/tests\/config\/test_pyprojecttoml.py .................          [ 93%]\nsetuptools\/tests\/config\/test_pyprojecttoml_dynamic_deps.py ...           [ 93%]\nsetuptools\/tests\/config\/test_setupcfg.py ............................... [ 96%]\n.....................................                                    [100%]\n\n=================================== FAILURES ===================================\n_________ [doctest] pkg_resources.NullProvider._validate_resource_path _________\n1609 >>> vrp('foo\/..\/..\/bar.txt')\n1610 >>> bool(warned)\n1611 True\n1612 >>> warned.clear()\n1613 >>> vrp('foo\/f..\/bar.txt')\n1614 >>> bool(warned)\n1615 False\n1616 \n1617 Windows path separators are straight-up disallowed.\n1618 >>> vrp(r'\\foo\/bar.txt')\nExpected:\n    Traceback (most recent call last):\n    ...\n    ValueError: Use of .. or absolute path in a resource path is not allowed.\nGot nothing\n\n\/builddir\/build\/BUILD\/setuptools-68.2.2\/pkg_resources\/__init__.py:1618: DocTestFailure\n__________________ TestWriteEntries.test_invalid_entry_point ___________________\n\nself = \ntmpdir_cwd = local('\/builddir\/build\/BUILD\/setuptools-68.2.2')\nenv = '\/tmp\/setuptools-test.xb5yjfhk'\n\n    def test_invalid_entry_point(self, tmpdir_cwd, env):\n        dist = Distribution({\"name\": \"foo\", \"version\": \"0.0.1\"})\n        dist.entry_points = {\"foo\": \"foo = invalid-identifier:foo\"}\n        cmd = dist.get_command_obj(\"egg_info\")\n        expected_msg = r\"Problems to parse .*invalid-identifier.*\"\n        with pytest.raises(errors.OptionError, match=expected_msg) as ex:\n>           write_entries(cmd, \"entry_points\", \"entry_points.txt\")\n\n\/builddir\/build\/BUILD\/setuptools-68.2.2\/setuptools\/tests\/test_egg_info.py:1310: \n_ _ _ _ _ _ _ _ _ _ _ _ _ _ _ _ _ _ _ _ _ _ _ _ _ _ _ _ _ _ _ _ _ _ _ _ _ _ _ _ \n\/builddir\/build\/BUILD\/setuptools-68.2.2\/setuptools\/command\/egg_info.py:719: in write_entries\n    eps = _entry_points.load(cmd.distribution.entry_points)\n\/usr\/lib64\/python3.13\/functools.py:911: in wrapper\n    return dispatch(args[0].__class__)(*args, **kw)\n\/builddir\/build\/BUILD\/setuptools-68.2.2\/setuptools\/_entry_points.py:59: in load\n    return validate(metadata.EntryPoints(groups))\n\/builddir\/build\/BUILD\/setuptools-68.2.2\/setuptools\/_entry_points.py:47: in validate\n    consume(map(ensure_valid, ensure_unique(eps, key=by_group_and_name)))\n\/builddir\/build\/BUILD\/setuptools-68.2.2\/setuptools\/_vendor\/more_itertools\/recipes.py:139: in consume\n    deque(iterator, maxlen=0)\n\/builddir\/build\/BUILD\/setuptools-68.2.2\/setuptools\/_entry_points.py:19: in ensure_valid\n    ep.extras\n_ _ _ _ _ _ _ _ _ _ _ _ _ _ _ _ _ _ _ _ _ _ _ _ _ _ _ _ _ _ _ _ _ _ _ _ _ _ _ _ \n\nself = EntryPoint(name='foo', value='invalid-identifier:foo', group='foo')\n\n    @property\n    def extras(self) -> List[str]:\n        match = self.pattern.match(self.value)\n>       assert match is not None\nE       AssertionError\n\n\/usr\/lib64\/python3.13\/importlib\/metadata\/__init__.py:197: AssertionError\n=========================== short test summary info ============================\nSKIPPED [1] pkg_resources\/tests\/test_pkg_resources.py:386: Testing case-insensitive filesystems.\nSKIPPED [3] pkg_resources\/tests\/test_pkg_resources.py:402: Testing systems using backslashes as path separators.\nSKIPPED [1] setuptools\/tests\/test_develop.py:64: TODO: needs a fixture to cause 'develop' to be invoked without mutating environment.\nSKIPPED [1] setuptools\/tests\/test_distutils_adoption.py:62: stdlib distutils is removed from Python 3.12+\nSKIPPED [3] setuptools\/tests\/test_distutils_adoption.py:130: stdlib distutils is removed from Python 3.12+\nSKIPPED [1] setuptools\/tests\/test_distutils_adoption.py:161: stdlib distutils is removed from Python 3.12+\nSKIPPED [1] setuptools\/tests\/test_install_scripts.py:50: Windows only\nSKIPPED [1] setuptools\/tests\/test_install_scripts.py:78: Windows only\nSKIPPED [1] setuptools\/tests\/test_msvc14.py:15: These tests are only for win32\nSKIPPED [1] setuptools\/tests\/test_msvc14.py:36: These tests are only for win32\nSKIPPED [1] setuptools\/tests\/test_msvc14.py:54: These tests are only for win32\nSKIPPED [1] setuptools\/tests\/test_msvc14.py:68: These tests are only for win32\nSKIPPED [1] setuptools\/tests\/test_windows_wrappers.py:82: Windows only\nSKIPPED [1] setuptools\/tests\/test_windows_wrappers.py:126: Windows only\nSKIPPED [1] setuptools\/tests\/test_windows_wrappers.py:159: Windows only\nSKIPPED [1] setuptools\/tests\/test_windows_wrappers.py:227: Windows only\nXFAIL setuptools\/tests\/test_bdist_egg.py::Test::test_exclude_source_files - Byte code disabled\nXFAIL setuptools\/tests\/test_build_py.py::test_excluded_subpackages - reason: #3260\nXFAIL setuptools\/tests\/test_core_metadata.py::test_read_metadata[Metadata Version 1.2: Project-Url-attrs5] - Issue #1578: project_urls not read\nXFAIL setuptools\/tests\/test_core_metadata.py::test_read_metadata[Metadata Version 2.1: Provides Extra-attrs9] - provides_extras not read\nXFAIL setuptools\/tests\/test_egg_info.py::TestEggInfo::test_requires[extras_require_with_marker_in_setup_cfg]\nXPASS setuptools\/tests\/test_archive_util.py::test_unicode_files #710 and #712\n= 2 failed, 1051 passed, 20 skipped, 7 deselected, 5 xfailed, 1 xpassed in 83.86s (0:01:23) =\n\nRPM build warnings:\n\nRPM build errors:\nerror: Bad exit status from \/var\/tmp\/rpm-tmp.VAZhuw (%check)\n    extra tokens at the end of %endif directive in line 230:  %endif # with tests\n\n    Bad exit status from \/var\/tmp\/rpm-tmp.VAZhuw (%check)\nFinish: rpmbuild python-setuptools-68.2.2-7.fc40.src.rpm\nFinish: build phase for python-setuptools-68.2.2-7.fc40.src.rpm\nINFO: chroot_scan: 1 files copied to \/var\/lib\/copr-rpmbuild\/results\/chroot_scan\nINFO: \/var\/lib\/mock\/fedora-rawhide-x86_64-1706618514.825877\/root\/var\/log\/dnf5.log\nERROR: Exception(\/var\/lib\/copr-rpmbuild\/results\/python-setuptools-68.2.2-7.fc40.src.rpm) Config(fedora-rawhide-x86_64) 1 minutes 44 seconds\nINFO: Results and\/or logs in: \/var\/lib\/copr-rpmbuild\/results\nINFO: Cleaning up build root ('cleanup_on_failure=True')\nStart: clean chroot\nINFO: unmounting tmpfs.\nFinish: clean chroot\nERROR: Command failed: \n # \/usr\/bin\/systemd-nspawn -q -M 010eb82f5dc342ffb6ebeeb9b9858305 -D \/var\/lib\/mock\/fedora-rawhide-x86_64-1706618514.825877\/root -a -u mockbuild --capability=cap_ipc_lock --rlimit=RLIMIT_NOFILE=10240 --capability=cap_ipc_lock --bind=\/tmp\/mock-resolv.d1brx_5h:\/etc\/resolv.conf --bind=\/dev\/btrfs-control --bind=\/dev\/mapper\/control --bind=\/dev\/fuse --bind=\/dev\/loop-control --bind=\/dev\/loop0 --bind=\/dev\/loop1 --bind=\/dev\/loop2 --bind=\/dev\/loop3 --bind=\/dev\/loop4 --bind=\/dev\/loop5 --bind=\/dev\/loop6 --bind=\/dev\/loop7 --bind=\/dev\/loop8 --bind=\/dev\/loop9 --bind=\/dev\/loop10 --bind=\/dev\/loop11 --console=pipe --setenv=TERM=vt100 --setenv=SHELL=\/bin\/bash --setenv=HOME=\/builddir --setenv=HOSTNAME=mock --setenv=PATH=\/usr\/bin:\/bin:\/usr\/sbin:\/sbin '--setenv=PROMPT_COMMAND=printf \"\\033]0;\\007\"' '--setenv=PS1= \\s-\\v\\$ ' --setenv=LANG=C.UTF-8 --resolv-conf=off bash --login -c '\/usr\/bin\/rpmbuild -ba --noprep  --target x86_64 --nodeps \/builddir\/build\/originals\/python-setuptools.spec'\n\nCopr build error: Build failed\n","answers":{"answer_start":104,"text":"s build on your computer by running:\n\n  sudo dnf install copr-rpmbuild\n  \/usr\/b"},"question":"Which part of the log is interesting?"}