## üêõ Bug
I installed pybind11 v2.3.0 systemwide (for fastText). PyTorch build system
detects it, use it but then build fails.
## To Reproduce
Install pybind11 v2.3.0 system wide (distro used, Arch linux with the
following build script  
The build will fail with sleef visibility issue:
    [ 83%] Building CXX object caffe2/CMakeFiles/thread_init_test.dir/__/aten/src/ATen/test/thread_init_test.cpp.o
    [ 83%] Building CXX object caffe2/CMakeFiles/cuda_tensor_interop_test.dir/__/aten/src/ATen/test/cuda_tensor_interop_test.cpp.o
    [ 83%] Building CXX object caffe2/CMakeFiles/tensor_iterator_test.dir/__/aten/src/ATen/test/tensor_iterator_test.cpp.o
    [ 83%] Building CXX object caffe2/CMakeFiles/native_test.dir/__/aten/src/ATen/test/native_test.cpp.o
    [ 83%] Building CXX object caffe2/CMakeFiles/caffe2_pybind11_state.dir/python/pybind_state.cc.o
    [ 83%] Building CXX object caffe2/CMakeFiles/caffe2_pybind11_state_gpu.dir/python/pybind_state.cc.o
    In file included from /pkg/makepkg/buildpkg/python-pytorch-magma-mkldnn-cudnn-git/src/pytorch/aten/src/ATen/cpu/vec256/vec256.h:6,
                     from /pkg/makepkg/buildpkg/python-pytorch-magma-mkldnn-cudnn-git/src/pytorch/aten/src/ATen/native/cpu/Loops.h:34,
                     from /pkg/makepkg/buildpkg/python-pytorch-magma-mkldnn-cudnn-git/src/pytorch/aten/src/ATen/test/tensor_iterator_test.cpp:6:
    /pkg/makepkg/buildpkg/python-pytorch-magma-mkldnn-cudnn-git/src/pytorch/aten/src/ATen/cpu/vec256/vec256_float.h:6:10: fatal error: sleef.h: No such file or directory
     #include 
              ^~~~~~~~~
    compilation terminated.
    make[2]: *** [caffe2/CMakeFiles/tensor_iterator_test.dir/build.make:63: caffe2/CMakeFiles/tensor_iterator_test.dir/__/aten/src/ATen/test/tensor_iterator_test.cpp.o] Error 1
    make[1]: *** [CMakeFiles/Makefile2:3877: caffe2/CMakeFiles/tensor_iterator_test.dir/all] Error 2
    make[1]: *** Waiting for unfinished jobs....
    [ 83%] Building CXX object caffe2/CMakeFiles/caffe2_pybind11_state.dir/python/pybind_state_dlpack.cc.o
    [ 83%] Linking CXX executable ../bin/fatal_signal_asan_no_sig_test
    [ 83%] Built target fatal_signal_asan_no_sig_test
Rebuilding the same commit (`4444b91`) without systemwide Pybind11 works
## Expected behavior
Successful build
## Environment
  * PyTorch Version (e.g., 1.0): source
  * OS (e.g., Linux): Arch
  * How you installed PyTorch (`conda`, `pip`, source): source
  * Build command you used (if compiling from source): https://github.com/mratsim/Arch-Data-Science/blob/2739b1aa5bd1c955d15e9f8fd67087931bf623af/frameworks/python-pytorch-magma-mkldnn-cudnn-git/PKGBUILD#L38-L112
  * Python version:
  * CUDA/cuDNN version:
  * GPU models and configuration:
  * Any other relevant information:
## Additional context