{"user_comment":"Sqlite tests func4-2.46 and func4-5.23 failed","context":"Mock Version: 5.4\nMock Version: 5.4\nMock Version: 5.4\nENTER ['do_with_status'](['bash', '--login', '-c', '\/usr\/bin\/rpmbuild -bs --noclean --target i686 --nodeps \/builddir\/build\/SPECS\/sqlite.spec'], chrootPath='\/var\/lib\/mock\/f40-build-48194598-5743814\/root'env={'TERM': 'vt100', 'SHELL': '\/bin\/bash', 'HOME': '\/builddir', 'HOSTNAME': 'mock', 'PATH': '\/usr\/bin:\/bin:\/usr\/sbin:\/sbin', 'PROMPT_COMMAND': 'printf \"\\\\033]0;\\\\007\"', 'PS1': ' \\\\s-\\\\v\\\\$ ', 'LANG': 'C.UTF-8'}shell=Falselogger=timeout=201600uid=1000gid=425user='mockbuild'nspawn_args=['--capability=cap_ipc_lock', '--bind=\/tmp\/mock-resolv.9x7bo5z6:\/etc\/resolv.conf', '--bind=\/dev\/btrfs-control', '--bind=\/dev\/mapper\/control', '--bind=\/dev\/fuse', '--bind=\/dev\/loop-control', '--bind=\/dev\/loop0', '--bind=\/dev\/loop1', '--bind=\/dev\/loop2', '--bind=\/dev\/loop3', '--bind=\/dev\/loop4', '--bind=\/dev\/loop5', '--bind=\/dev\/loop6', '--bind=\/dev\/loop7', '--bind=\/dev\/loop8', '--bind=\/dev\/loop9', '--bind=\/dev\/loop10', '--bind=\/dev\/loop11']unshare_net=TrueprintOutput=False)\nUsing nspawn with args ['--capability=cap_ipc_lock', '--bind=\/tmp\/mock-resolv.9x7bo5z6:\/etc\/resolv.conf', '--bind=\/dev\/btrfs-control', '--bind=\/dev\/mapper\/control', '--bind=\/dev\/fuse', '--bind=\/dev\/loop-control', '--bind=\/dev\/loop0', '--bind=\/dev\/loop1', '--bind=\/dev\/loop2', '--bind=\/dev\/loop3', '--bind=\/dev\/loop4', '--bind=\/dev\/loop5', '--bind=\/dev\/loop6', '--bind=\/dev\/loop7', '--bind=\/dev\/loop8', '--bind=\/dev\/loop9', '--bind=\/dev\/loop10', '--bind=\/dev\/loop11']\nExecuting command: ['\/usr\/bin\/systemd-nspawn', '-q', '-M', '1b306455562f447a90e031b766e46291', '-D', '\/var\/lib\/mock\/f40-build-48194598-5743814\/root', '-a', '-u', 'mockbuild', '--capability=cap_ipc_lock', '--bind=\/tmp\/mock-resolv.9x7bo5z6:\/etc\/resolv.conf', '--bind=\/dev\/btrfs-control', '--bind=\/dev\/mapper\/control', '--bind=\/dev\/fuse', '--bind=\/dev\/loop-control', '--bind=\/dev\/loop0', '--bind=\/dev\/loop1', '--bind=\/dev\/loop2', '--bind=\/dev\/loop3', '--bind=\/dev\/loop4', '--bind=\/dev\/loop5', '--bind=\/dev\/loop6', '--bind=\/dev\/loop7', '--bind=\/dev\/loop8', '--bind=\/dev\/loop9', '--bind=\/dev\/loop10', '--bind=\/dev\/loop11', '--console=pipe', '--setenv=TERM=vt100', '--setenv=SHELL=\/bin\/bash', '--setenv=HOME=\/builddir', '--setenv=HOSTNAME=mock', '--setenv=PATH=\/usr\/bin:\/bin:\/usr\/sbin:\/sbin', '--setenv=PROMPT_COMMAND=printf \"\\\\033]0;\\\\007\"', '--setenv=PS1= \\\\s-\\\\v\\\\$ ', '--setenv=LANG=C.UTF-8', '--resolv-conf=off', 'bash', '--login', '-c', '\/usr\/bin\/rpmbuild -bs --noclean --target i686 --nodeps \/builddir\/build\/SPECS\/sqlite.spec'] with env {'TERM': 'vt100', 'SHELL': '\/bin\/bash', 'HOME': '\/builddir', 'HOSTNAME': 'mock', 'PATH': '\/usr\/bin:\/bin:\/usr\/sbin:\/sbin', 'PROMPT_COMMAND': 'printf \"\\\\033]0;\\\\007\"', 'PS1': ' \\\\s-\\\\v\\\\$ ', 'LANG': 'C.UTF-8', 'SYSTEMD_NSPAWN_TMPFS_TMP': '0', 'SYSTEMD_SECCOMP': '0'} and shell False\nwarning: extra tokens at the end of %endif directive in line 222:  %endif #with check\nBuilding target platforms: i686\nBuilding for target i686\nsetting SOURCE_DATE_EPOCH=1705363200\nWrote: \/builddir\/build\/SRPMS\/sqlite-3.45.0-1.fc40.src.rpm\nRPM build warnings:\n    extra tokens at the end of %endif directive in line 222:  %endif #with check\nChild return code was: 0\nENTER ['do_with_status'](['bash', '--login', '-c', '\/usr\/bin\/rpmbuild -bb --noclean --target i686 --nodeps \/builddir\/build\/SPECS\/sqlite.spec'], chrootPath='\/var\/lib\/mock\/f40-build-48194598-5743814\/root'env={'TERM': 'vt100', 'SHELL': '\/bin\/bash', 'HOME': '\/builddir', 'HOSTNAME': 'mock', 'PATH': '\/usr\/bin:\/bin:\/usr\/sbin:\/sbin', 'PROMPT_COMMAND': 'printf \"\\\\033]0;\\\\007\"', 'PS1': ' \\\\s-\\\\v\\\\$ ', 'LANG': 'C.UTF-8'}shell=Falselogger=timeout=201600uid=1000gid=425user='mockbuild'nspawn_args=['--capability=cap_ipc_lock', '--bind=\/tmp\/mock-resolv.9x7bo5z6:\/etc\/resolv.conf', '--bind=\/dev\/btrfs-control', '--bind=\/dev\/mapper\/control', '--bind=\/dev\/fuse', '--bind=\/dev\/loop-control', '--bind=\/dev\/loop0', '--bind=\/dev\/loop1', '--bind=\/dev\/loop2', '--bind=\/dev\/loop3', '--bind=\/dev\/loop4', '--bind=\/dev\/loop5', '--bind=\/dev\/loop6', '--bind=\/dev\/loop7', '--bind=\/dev\/loop8', '--bind=\/dev\/loop9', '--bind=\/dev\/loop10', '--bind=\/dev\/loop11']unshare_net=TrueprintOutput=False)\nUsing nspawn with args ['--capability=cap_ipc_lock', '--bind=\/tmp\/mock-resolv.9x7bo5z6:\/etc\/resolv.conf', '--bind=\/dev\/btrfs-control', '--bind=\/dev\/mapper\/control', '--bind=\/dev\/fuse', '--bind=\/dev\/loop-control', '--bind=\/dev\/loop0', '--bind=\/dev\/loop1', '--bind=\/dev\/loop2', '--bind=\/dev\/loop3', '--bind=\/dev\/loop4', '--bind=\/dev\/loop5', '--bind=\/dev\/loop6', '--bind=\/dev\/loop7', '--bind=\/dev\/loop8', '--bind=\/dev\/loop9', '--bind=\/dev\/loop10', '--bind=\/dev\/loop11']\nExecuting command: ['\/usr\/bin\/systemd-nspawn', '-q', '-M', '09657ab0fc4f4b29a307b67fd727fe2b', '-D', '\/var\/lib\/mock\/f40-build-48194598-5743814\/root', '-a', '-u', 'mockbuild', '--capability=cap_ipc_lock', '--bind=\/tmp\/mock-resolv.9x7bo5z6:\/etc\/resolv.conf', '--bind=\/dev\/btrfs-control', '--bind=\/dev\/mapper\/control', '--bind=\/dev\/fuse', '--bind=\/dev\/loop-control', '--bind=\/dev\/loop0', '--bind=\/dev\/loop1', '--bind=\/dev\/loop2', '--bind=\/dev\/loop3', '--bind=\/dev\/loop4', '--bind=\/dev\/loop5', '--bind=\/dev\/loop6', '--bind=\/dev\/loop7', '--bind=\/dev\/loop8', '--bind=\/dev\/loop9', '--bind=\/dev\/loop10', '--bind=\/dev\/loop11', '--console=pipe', '--setenv=TERM=vt100', '--setenv=SHELL=\/bin\/bash', '--setenv=HOME=\/builddir', '--setenv=HOSTNAME=mock', '--setenv=PATH=\/usr\/bin:\/bin:\/usr\/sbin:\/sbin', '--setenv=PROMPT_COMMAND=printf \"\\\\033]0;\\\\007\"', '--setenv=PS1= \\\\s-\\\\v\\\\$ ', '--setenv=LANG=C.UTF-8', '--resolv-conf=off', 'bash', '--login', '-c', '\/usr\/bin\/rpmbuild -bb --noclean --target i686 --nodeps \/builddir\/build\/SPECS\/sqlite.spec'] with env {'TERM': 'vt100', 'SHELL': '\/bin\/bash', 'HOME': '\/builddir', 'HOSTNAME': 'mock', 'PATH': '\/usr\/bin:\/bin:\/usr\/sbin:\/sbin', 'PROMPT_COMMAND': 'printf \"\\\\033]0;\\\\007\"', 'PS1': ' \\\\s-\\\\v\\\\$ ', 'LANG': 'C.UTF-8', 'SYSTEMD_NSPAWN_TMPFS_TMP': '0', 'SYSTEMD_SECCOMP': '0'} and shell False\nwarning: extra tokens at the end of %endif directive in line 222:  %endif #with check\nBuilding target platforms: i686\nBuilding for target i686\nsetting SOURCE_DATE_EPOCH=1705363200\nExecuting(%prep): \/bin\/sh -e \/var\/tmp\/rpm-tmp.deBonO\n+ umask 022\n+ cd \/builddir\/build\/BUILD\n+ cd \/builddir\/build\/BUILD\n+ rm -rf sqlite-src-3450000\n+ \/usr\/lib\/rpm\/rpmuncompress -x \/builddir\/build\/SOURCES\/sqlite-src-3450000.zip\n+ STATUS=0\n+ '[' 0 -ne 0 ']'\n+ cd sqlite-src-3450000\n+ rm -rf \/builddir\/build\/BUILD\/sqlite-src-3450000-SPECPARTS\n+ \/usr\/bin\/mkdir -p \/builddir\/build\/BUILD\/sqlite-src-3450000-SPECPARTS\n+ \/usr\/lib\/rpm\/rpmuncompress -x \/builddir\/build\/SOURCES\/sqlite-doc-3450000.zip\n+ STATUS=0\n+ '[' 0 -ne 0 ']'\n+ \/usr\/bin\/chmod -Rf a+rX,u+w,g-w,o-w .\nPatch #1 (sqlite-3.6.23-lemon-system-template.patch):\n+ echo 'Patch #1 (sqlite-3.6.23-lemon-system-template.patch):'\n+ \/usr\/bin\/patch --no-backup-if-mismatch -f -p1 --fuzz=0\npatching file tool\/lemon.c\n+ rm test\/atof1.test\n+ rm -f sqlite-doc-3450000\/sqlite.css~\n+ autoupdate\nconfigure.ac:308: warning: AC_CYGWIN is obsolete: use AC_CANONICAL_HOST and check if $host_os\nmatches *cygwin*\n+ autoconf\nconfigure.ac:77: warning: AC_INIT: not a literal: \"m4_esyscmd(cat VERSION | tr -d '\\n')\"\nconfigure.ac:91: warning: AC_LANG_CONFTEST: no AC_LANG_SOURCE call detected in body\n.\/lib\/autoconf\/lang.m4:199: AC_LANG_CONFTEST is expanded from...\n.\/lib\/autoconf\/general.m4:2894: _AC_LINK_IFELSE is expanded from...\n.\/lib\/autoconf\/general.m4:2911: AC_LINK_IFELSE is expanded from...\naclocal.m4:1029: _LT_SYS_MODULE_PATH_AIX is expanded from...\naclocal.m4:4178: _LT_LINKER_SHLIBS is expanded from...\naclocal.m4:5253: _LT_LANG_C_CONFIG is expanded from...\naclocal.m4:151: _LT_SETUP is expanded from...\naclocal.m4:80: LT_INIT is expanded from...\nconfigure.ac:91: the top level\nconfigure.ac:91: warning: AC_LANG_CONFTEST: no AC_LANG_SOURCE call detected in body\n.\/lib\/autoconf\/lang.m4:199: AC_LANG_CONFTEST is expanded from...\n.\/lib\/autoconf\/general.m4:2894: _AC_LINK_IFELSE is expanded from...\n.\/lib\/autoconf\/general.m4:2911: AC_LINK_IFELSE is expanded from...\naclocal.m4:4178: _LT_LINKER_SHLIBS is expanded from...\naclocal.m4:5253: _LT_LANG_C_CONFIG is expanded from...\naclocal.m4:151: _LT_SETUP is expanded from...\naclocal.m4:80: LT_INIT is expanded from...\nconfigure.ac:91: the top level\nconfigure.ac:307: warning: m4_warn([obsolete],\nconfigure.ac:307: [AC_CYGWIN is obsolete: use AC_CANONICAL_HOST and check if $host_os\nconfigure.ac:307: matches *cygwin*])dnl\nconfigure.ac:307: AC_CANONICAL_HOST\nconfigure.ac:307: case $host_os in\nconfigure.ac:307:   *cygwin* ) CYGWIN=yes;;\nconfigure.ac:307: \t * ) CYGWIN=no;;\nconfigure.ac:307: esac\nconfigure.ac:307:  is obsolete: use AC_CANONICAL_HOST and check if $host_os\nconfigure.ac:307: matches *cygwin*\n+ RPM_EC=0\n++ jobs -p\n+ exit 0\nExecuting(%build): \/bin\/sh -e \/var\/tmp\/rpm-tmp.hdEEp0\n+ umask 022\n+ cd \/builddir\/build\/BUILD\n+ CFLAGS='-O2 -flto=auto -ffat-lto-objects -fexceptions -g -grecord-gcc-switches -pipe -Wall -Werror=format-security -Werror=implicit-function-declaration -Werror=implicit-int -Wp,-U_FORTIFY_SOURCE,-D_FORTIFY_SOURCE=3 -Wp,-D_GLIBCXX_ASSERTIONS -specs=\/usr\/lib\/rpm\/redhat\/redhat-hardened-cc1 -fstack-protector-strong -specs=\/usr\/lib\/rpm\/redhat\/redhat-annobin-cc1  -m32 -march=i686 -mtune=generic -msse2 -mfpmath=sse -mstackrealign -fasynchronous-unwind-tables -fstack-clash-protection -fcf-protection '\n+ export CFLAGS\n+ CXXFLAGS='-O2 -flto=auto -ffat-lto-objects -fexceptions -g -grecord-gcc-switches -pipe -Wall -Werror=format-security -Wp,-U_FORTIFY_SOURCE,-D_FORTIFY_SOURCE=3 -Wp,-D_GLIBCXX_ASSERTIONS -specs=\/usr\/lib\/rpm\/redhat\/redhat-hardened-cc1 -fstack-protector-strong -specs=\/usr\/lib\/rpm\/redhat\/redhat-annobin-cc1  -m32 -march=i686 -mtune=generic -msse2 -mfpmath=sse -mstackrealign -fasynchronous-unwind-tables -fstack-clash-protection -fcf-protection '\n+ export CXXFLAGS\n+ FFLAGS='-O2 -flto=auto -ffat-lto-objects -fexceptions -g -grecord-gcc-switches -pipe -Wall -Wp,-U_FORTIFY_SOURCE,-D_FORTIFY_SOURCE=3 -Wp,-D_GLIBCXX_ASSERTIONS -specs=\/usr\/lib\/rpm\/redhat\/redhat-hardened-cc1 -fstack-protector-strong -specs=\/usr\/lib\/rpm\/redhat\/redhat-annobin-cc1  -m32 -march=i686 -mtune=generic -msse2 -mfpmath=sse -mstackrealign -fasynchronous-unwind-tables -fstack-clash-protection -fcf-protection -I\/usr\/lib\/gfortran\/modules '\n+ export FFLAGS\n+ FCFLAGS='-O2 -flto=auto -ffat-lto-objects -fexceptions -g -grecord-gcc-switches -pipe -Wall -Wp,-U_FORTIFY_SOURCE,-D_FORTIFY_SOURCE=3 -Wp,-D_GLIBCXX_ASSERTIONS -specs=\/usr\/lib\/rpm\/redhat\/redhat-hardened-cc1 -fstack-protector-strong -specs=\/usr\/lib\/rpm\/redhat\/redhat-annobin-cc1  -m32 -march=i686 -mtune=generic -msse2 -mfpmath=sse -mstackrealign -fasynchronous-unwind-tables -fstack-clash-protection -fcf-protection -I\/usr\/lib\/gfortran\/modules '\n+ export FCFLAGS\n+ VALAFLAGS=-g\n+ export VALAFLAGS\n+ RUSTFLAGS='-Copt-level=3 -Cdebuginfo=2 -Ccodegen-units=1 -Cstrip=none -Clink-arg=-Wl,-z,relro -Clink-arg=-Wl,-z,now -Clink-arg=-specs=\/usr\/lib\/rpm\/redhat\/redhat-package-notes --cap-lints=warn'\n+ export RUSTFLAGS\n+ LDFLAGS='-Wl,-z,relro -Wl,--as-needed  -Wl,-z,pack-relative-relocs -Wl,-z,now -specs=\/usr\/lib\/rpm\/redhat\/redhat-hardened-ld -specs=\/usr\/lib\/rpm\/redhat\/redhat-annobin-cc1  -Wl,--build-id=sha1 -specs=\/usr\/lib\/rpm\/redhat\/redhat-package-notes '\n+ export LDFLAGS\n+ LT_SYS_LIBRARY_PATH=\/usr\/lib:\n+ export LT_SYS_LIBRARY_PATH\n+ CC=gcc\n+ export CC\n+ CXX=g++\n+ export CXX\n+ cd sqlite-src-3450000\n+ export 'CFLAGS=-O2 -flto=auto -ffat-lto-objects -fexceptions -g -grecord-gcc-switches -pipe -Wall -Wno-complain-wrong-lang -Werror=format-security -Werror=implicit-function-declaration -Werror=implicit-int -Wp,-U_FORTIFY_SOURCE,-D_FORTIFY_SOURCE=3 -Wp,-D_GLIBCXX_ASSERTIONS -specs=\/usr\/lib\/rpm\/redhat\/redhat-hardened-cc1 -fstack-protector-strong -specs=\/usr\/lib\/rpm\/redhat\/redhat-annobin-cc1  -m32 -march=i686 -mtune=generic -msse2 -mfpmath=sse -mstackrealign -fasynchronous-unwind-tables -fstack-clash-protection -fcf-protection -Wl,-z,relro -Wl,--as-needed  -Wl,-z,pack-relative-relocs -Wl,-z,now -specs=\/usr\/lib\/rpm\/redhat\/redhat-hardened-ld -specs=\/usr\/lib\/rpm\/redhat\/redhat-annobin-cc1  -Wl,--build-id=sha1 -specs=\/usr\/lib\/rpm\/redhat\/redhat-package-notes                 -DSQLITE_ENABLE_COLUMN_METADATA=1                -DSQLITE_DISABLE_DIRSYNC=1                -DSQLITE_SECURE_DELETE=1                -DSQLITE_ENABLE_UNLOCK_NOTIFY=1 -DSQLITE_ENABLE_DBSTAT_VTAB=1                -DSQLITE_ENABLE_FTS3_PARENTHESIS=1                -DSQLITE_ENABLE_DBPAGE_VTAB                -Wall -fno-strict-aliasing'\n+ CFLAGS='-O2 -flto=auto -ffat-lto-objects -fexceptions -g -grecord-gcc-switches -pipe -Wall -Wno-complain-wrong-lang -Werror=format-security -Werror=implicit-function-declaration -Werror=implicit-int -Wp,-U_FORTIFY_SOURCE,-D_FORTIFY_SOURCE=3 -Wp,-D_GLIBCXX_ASSERTIONS -specs=\/usr\/lib\/rpm\/redhat\/redhat-hardened-cc1 -fstack-protector-strong -specs=\/usr\/lib\/rpm\/redhat\/redhat-annobin-cc1  -m32 -march=i686 -mtune=generic -msse2 -mfpmath=sse -mstackrealign -fasynchronous-unwind-tables -fstack-clash-protection -fcf-protection -Wl,-z,relro -Wl,--as-needed  -Wl,-z,pack-relative-relocs -Wl,-z,now -specs=\/usr\/lib\/rpm\/redhat\/redhat-hardened-ld -specs=\/usr\/lib\/rpm\/redhat\/redhat-annobin-cc1  -Wl,--build-id=sha1 -specs=\/usr\/lib\/rpm\/redhat\/redhat-package-notes                 -DSQLITE_ENABLE_COLUMN_METADATA=1                -DSQLITE_DISABLE_DIRSYNC=1                -DSQLITE_SECURE_DELETE=1                -DSQLITE_ENABLE_UNLOCK_NOTIFY=1 -DSQLITE_ENABLE_DBSTAT_VTAB=1                -DSQLITE_ENABLE_FTS3_PARENTHESIS=1                -DSQLITE_ENABLE_DBPAGE_VTAB                -Wall -fno-strict-aliasing'\n+ CFLAGS='-O2 -flto=auto -ffat-lto-objects -fexceptions -g -grecord-gcc-switches -pipe -Wall -Wno-complain-wrong-lang -Werror=format-security -Werror=implicit-function-declaration -Werror=implicit-int -Wp,-U_FORTIFY_SOURCE,-D_FORTIFY_SOURCE=3 -Wp,-D_GLIBCXX_ASSERTIONS -specs=\/usr\/lib\/rpm\/redhat\/redhat-hardened-cc1 -fstack-protector-strong -specs=\/usr\/lib\/rpm\/redhat\/redhat-annobin-cc1  -m32 -march=i686 -mtune=generic -msse2 -mfpmath=sse -mstackrealign -fasynchronous-unwind-tables -fstack-clash-protection -fcf-protection -Wl,-z,relro -Wl,--as-needed  -Wl,-z,pack-relative-relocs -Wl,-z,now -specs=\/usr\/lib\/rpm\/redhat\/redhat-hardened-ld -specs=\/usr\/lib\/rpm\/redhat\/redhat-annobin-cc1  -Wl,--build-id=sha1 -specs=\/usr\/lib\/rpm\/redhat\/redhat-package-notes                 -DSQLITE_ENABLE_COLUMN_METADATA=1                -DSQLITE_DISABLE_DIRSYNC=1                -DSQLITE_SECURE_DELETE=1                -DSQLITE_ENABLE_UNLOCK_NOTIFY=1 -DSQLITE_ENABLE_DBSTAT_VTAB=1                -DSQLITE_ENABLE_FTS3_PARENTHESIS=1                -DSQLITE_ENABLE_DBPAGE_VTAB                -Wall -fno-strict-aliasing'\n+ export CFLAGS\n+ CXXFLAGS='-O2 -flto=auto -ffat-lto-objects -fexceptions -g -grecord-gcc-switches -pipe -Wall -Werror=format-security -Wp,-U_FORTIFY_SOURCE,-D_FORTIFY_SOURCE=3 -Wp,-D_GLIBCXX_ASSERTIONS -specs=\/usr\/lib\/rpm\/redhat\/redhat-hardened-cc1 -fstack-protector-strong -specs=\/usr\/lib\/rpm\/redhat\/redhat-annobin-cc1  -m32 -march=i686 -mtune=generic -msse2 -mfpmath=sse -mstackrealign -fasynchronous-unwind-tables -fstack-clash-protection -fcf-protection '\n+ export CXXFLAGS\n+ FFLAGS='-O2 -flto=auto -ffat-lto-objects -fexceptions -g -grecord-gcc-switches -pipe -Wall -Wp,-U_FORTIFY_SOURCE,-D_FORTIFY_SOURCE=3 -Wp,-D_GLIBCXX_ASSERTIONS -specs=\/usr\/lib\/rpm\/redhat\/redhat-hardened-cc1 -fstack-protector-strong -specs=\/usr\/lib\/rpm\/redhat\/redhat-annobin-cc1  -m32 -march=i686 -mtune=generic -msse2 -mfpmath=sse -mstackrealign -fasynchronous-unwind-tables -fstack-clash-protection -fcf-protection -I\/usr\/lib\/gfortran\/modules '\n+ export FFLAGS\n+ FCFLAGS='-O2 -flto=auto -ffat-lto-objects -fexceptions -g -grecord-gcc-switches -pipe -Wall -Wp,-U_FORTIFY_SOURCE,-D_FORTIFY_SOURCE=3 -Wp,-D_GLIBCXX_ASSERTIONS -specs=\/usr\/lib\/rpm\/redhat\/redhat-hardened-cc1 -fstack-protector-strong -specs=\/usr\/lib\/rpm\/redhat\/redhat-annobin-cc1  -m32 -march=i686 -mtune=generic -msse2 -mfpmath=sse -mstackrealign -fasynchronous-unwind-tables -fstack-clash-protection -fcf-protection -I\/usr\/lib\/gfortran\/modules '\n+ export FCFLAGS\n+ VALAFLAGS=-g\n+ export VALAFLAGS\n+ RUSTFLAGS='-Copt-level=3 -Cdebuginfo=2 -Ccodegen-units=1 -Cstrip=none -Clink-arg=-Wl,-z,relro -Clink-arg=-Wl,-z,now -Clink-arg=-specs=\/usr\/lib\/rpm\/redhat\/redhat-package-notes --cap-lints=warn'\n+ export RUSTFLAGS\n+ LDFLAGS='-Wl,-z,relro -Wl,--as-needed  -Wl,-z,pack-relative-relocs -Wl,-z,now -specs=\/usr\/lib\/rpm\/redhat\/redhat-hardened-ld -specs=\/usr\/lib\/rpm\/redhat\/redhat-annobin-cc1  -Wl,--build-id=sha1 -specs=\/usr\/lib\/rpm\/redhat\/redhat-package-notes '\n+ export LDFLAGS\n+ LT_SYS_LIBRARY_PATH=\/usr\/lib:\n+ export LT_SYS_LIBRARY_PATH\n+ CC=gcc\n+ export CC\n+ CXX=g++\n+ export CXX\n+ '[' '-flto=auto -ffat-lto-objectsx' '!=' x ']'\n++ find . -type f -name configure -print\n+ for file in $(find . -type f -name configure -print)\n+ \/usr\/bin\/sed -r --in-place=.backup 's\/^char \\(\\*f\\) \\(\\) = \/__attribute__ ((used)) char (*f) () = \/g' .\/configure\n+ diff -u .\/configure.backup .\/configure\n+ mv .\/configure.backup .\/configure\n+ \/usr\/bin\/sed -r --in-place=.backup 's\/^char \\(\\*f\\) \\(\\);\/__attribute__ ((used)) char (*f) ();\/g' .\/configure\n+ diff -u .\/configure.backup .\/configure\n+ mv .\/configure.backup .\/configure\n+ \/usr\/bin\/sed -r --in-place=.backup 's\/^char \\$2 \\(\\);\/__attribute__ ((used)) char \\$2 ();\/g' .\/configure\n+ diff -u .\/configure.backup .\/configure\n--- .\/configure.backup\t2024-01-16 09:03:07.989865807 +0000\n+++ .\/configure\t2024-01-16 09:03:08.038870254 +0000\n@@ -1866,7 +1866,7 @@\n #ifdef __cplusplus\n extern \"C\"\n #endif\n-char $2 ();\n+__attribute__ ((used)) char $2 ();\n \/* The GNU C library defines this for functions which it implements\n     to always fail with ENOSYS.  Some functions are actually named\n     something starting with __ and the normal name is an alias.  *\/\n+ \/usr\/bin\/sed --in-place=.backup '1{$!N;$!N};$!N;s\/int x = 1;\\nint y = 0;\\nint z;\\nint nan;\/volatile int x = 1; volatile int y = 0; volatile int z, nan;\/;P;D' .\/configure\n+ diff -u .\/configure.backup .\/configure\n+ mv .\/configure.backup .\/configure\n+ \/usr\/bin\/sed --in-place=.backup 's#^lt_cv_sys_global_symbol_to_cdecl=.*#lt_cv_sys_global_symbol_to_cdecl=\"sed -n -e '\\''s\/^T .* \\\\(.*\\\\)$\/extern int \\\\1();\/p'\\'' -e '\\''s\/^$symcode* .* \\\\(.*\\\\)$\/extern char \\\\1;\/p'\\''\"#' .\/configure\n+ diff -u .\/configure.backup .\/configure\n--- .\/configure.backup\t2024-01-16 09:03:08.038870254 +0000\n+++ .\/configure\t2024-01-16 09:03:08.066872795 +0000\n@@ -13258,7 +13258,7 @@\n compiler='`$ECHO \"X$compiler\" | $Xsed -e \"$delay_single_quote_subst\"`'\n GCC='`$ECHO \"X$GCC\" | $Xsed -e \"$delay_single_quote_subst\"`'\n lt_cv_sys_global_symbol_pipe='`$ECHO \"X$lt_cv_sys_global_symbol_pipe\" | $Xsed -e \"$delay_single_quote_subst\"`'\n-lt_cv_sys_global_symbol_to_cdecl='`$ECHO \"X$lt_cv_sys_global_symbol_to_cdecl\" | $Xsed -e \"$delay_single_quote_subst\"`'\n+lt_cv_sys_global_symbol_to_cdecl=\"sed -n -e 's\/^T .* \\(.*\\)$\/extern int \\1();\/p' -e 's\/^$symcode* .* \\(.*\\)$\/extern char \\1;\/p'\"\n lt_cv_sys_global_symbol_to_c_name_address='`$ECHO \"X$lt_cv_sys_global_symbol_to_c_name_address\" | $Xsed -e \"$delay_single_quote_subst\"`'\n lt_cv_sys_global_symbol_to_c_name_address_lib_prefix='`$ECHO \"X$lt_cv_sys_global_symbol_to_c_name_address_lib_prefix\" | $Xsed -e \"$delay_single_quote_subst\"`'\n objdir='`$ECHO \"X$objdir\" | $Xsed -e \"$delay_single_quote_subst\"`'\n+ '[' 1 = 1 ']'\n+++ dirname .\/configure\n++ find . -name config.guess -o -name config.sub\n+ for i in $(find $(dirname .\/configure) -name config.guess -o -name config.sub)\n++ basename .\/config.sub\n+ '[' -f \/usr\/lib\/rpm\/redhat\/config.sub ']'\n+ \/usr\/bin\/rm -f .\/config.sub\n++ basename .\/config.sub\n+ \/usr\/bin\/cp -fv \/usr\/lib\/rpm\/redhat\/config.sub .\/config.sub\n'\/usr\/lib\/rpm\/redhat\/config.sub' -> '.\/config.sub'\n+ for i in $(find $(dirname .\/configure) -name config.guess -o -name config.sub)\n++ basename .\/config.guess\n+ '[' -f \/usr\/lib\/rpm\/redhat\/config.guess ']'\n+ \/usr\/bin\/rm -f .\/config.guess\n++ basename .\/config.guess\n+ \/usr\/bin\/cp -fv \/usr\/lib\/rpm\/redhat\/config.guess .\/config.guess\n'\/usr\/lib\/rpm\/redhat\/config.guess' -> '.\/config.guess'\n+ '[' 1 = 1 ']'\n+ '[' x '!=' 'x-Wl,-z,now -specs=\/usr\/lib\/rpm\/redhat\/redhat-hardened-ld' ']'\n++ find . -name ltmain.sh\n+ for i in $(find . -name ltmain.sh)\n+ \/usr\/bin\/sed -i.backup -e 's~compiler_flags=$~compiler_flags=\"-Wl,-z,now -specs=\/usr\/lib\/rpm\/redhat\/redhat-hardened-ld\"~' .\/ltmain.sh\n++ grep -q runstatedir=DIR .\/configure\n++ echo --runstatedir=\/run\n+ .\/configure --build=i686-redhat-linux-gnu --host=i686-redhat-linux-gnu --program-prefix= --disable-dependency-tracking --prefix=\/usr --exec-prefix=\/usr --bindir=\/usr\/bin --sbindir=\/usr\/sbin --sysconfdir=\/etc --datadir=\/usr\/share --includedir=\/usr\/include --libdir=\/usr\/lib --libexecdir=\/usr\/libexec --localstatedir=\/var --runstatedir=\/run --sharedstatedir=\/var\/lib --mandir=\/usr\/share\/man --infodir=\/usr\/share\/info --enable-rtree --enable-fts3 --enable-fts4 --enable-fts5 --enable-threadsafe --enable-threads-override-locks --enable-load-extension TCLLIBDIR=\/usr\/lib\/tcl8.6\/sqlite3\nconfigure: WARNING: unrecognized options: --disable-dependency-tracking, --enable-threads-override-locks\nchecking build system type... i686-redhat-linux-gnu\nchecking host system type... i686-redhat-linux-gnu\nchecking for i686-redhat-linux-gnu-gcc... gcc\nchecking whether the C compiler works... yes\nchecking for C compiler default output file name... a.out\nchecking for suffix of executables... \nchecking whether we are cross compiling... no\nchecking for suffix of object files... o\nchecking whether the compiler supports GNU C... yes\nchecking whether gcc accepts -g... yes\nchecking for gcc option to enable C11 features... none needed\nchecking for a sed that does not truncate output... \/usr\/bin\/sed\nchecking for grep that handles long lines and -e... \/usr\/bin\/grep\nchecking for egrep... \/usr\/bin\/grep -E\nchecking for fgrep... \/usr\/bin\/grep -F\nchecking for ld used by gcc... \/usr\/bin\/ld\nchecking if the linker (\/usr\/bin\/ld) is GNU ld... yes\nchecking for BSD- or MS-compatible name lister (nm)... \/usr\/bin\/nm -B\nchecking the name lister (\/usr\/bin\/nm -B) interface... BSD nm\nchecking whether ln -s works... yes\nchecking the maximum length of command line arguments... 1572864\nchecking whether the shell understands some XSI constructs... yes\nchecking whether the shell understands \"+=\"... yes\nchecking for \/usr\/bin\/ld option to reload object files... -r\nchecking for i686-redhat-linux-gnu-objdump... no\nchecking for objdump... objdump\nchecking how to recognize dependent libraries... pass_all\nchecking for i686-redhat-linux-gnu-ar... no\nchecking for ar... ar\nchecking for i686-redhat-linux-gnu-strip... no\nchecking for strip... strip\nchecking for i686-redhat-linux-gnu-ranlib... no\nchecking for ranlib... ranlib\nchecking command to parse \/usr\/bin\/nm -B output from gcc object... ok\nchecking for stdio.h... yes\nchecking for stdlib.h... yes\nchecking for string.h... yes\nchecking for inttypes.h... yes\nchecking for stdint.h... yes\nchecking for strings.h... yes\nchecking for sys\/stat.h... yes\nchecking for sys\/types.h... yes\nchecking for unistd.h... yes\nchecking for dlfcn.h... yes\nchecking for objdir... .libs\nchecking if gcc supports -fno-rtti -fno-exceptions... yes\nchecking for gcc option to produce PIC... -fPIC -DPIC\nchecking if gcc PIC flag -fPIC -DPIC works... yes\nchecking if gcc static flag -static works... no\nchecking if gcc supports -c -o file.o... yes\nchecking if gcc supports -c -o file.o... (cached) yes\nchecking whether the gcc linker (\/usr\/bin\/ld) supports shared libraries... yes\nchecking whether -lc should be explicitly linked in... no\nchecking dynamic linker characteristics... GNU\/Linux ld.so\nchecking how to hardcode library paths into programs... immediate\nchecking whether stripping libraries is possible... yes\nchecking if libtool supports shared libraries... yes\nchecking whether to build shared libraries... yes\nchecking whether to build static libraries... yes\nchecking for a BSD-compatible install... \/usr\/bin\/install -c\nchecking for special C compiler options needed for large files... no\nchecking for _FILE_OFFSET_BITS value needed for large files... 64\nchecking for int8_t... yes\nchecking for int16_t... yes\nchecking for int32_t... yes\nchecking for int64_t... yes\nchecking for intptr_t... yes\nchecking for uint8_t... yes\nchecking for uint16_t... yes\nchecking for uint32_t... yes\nchecking for uint64_t... yes\nchecking for uintptr_t... yes\nchecking for sys\/types.h... (cached) yes\nchecking for stdlib.h... (cached) yes\nchecking for stdint.h... (cached) yes\nchecking for inttypes.h... (cached) yes\nchecking for malloc.h... yes\nchecking for fdatasync... yes\nchecking for gmtime_r... yes\nchecking for isnan... yes\nchecking for localtime_r... yes\nchecking for localtime_s... no\nchecking for malloc_usable_size... yes\nchecking for strchrnul... yes\nchecking for usleep... yes\nchecking for utime... yes\nchecking for pread... yes\nchecking for pread64... yes\nchecking for pwrite... yes\nchecking for pwrite64... yes\nchecking for tclsh8.7... no\nchecking for tclsh8.6... tclsh8.6\nconfigure: Version set to 3.45\nconfigure: Release set to 3.45.0\nchecking for WASI SDK directory... no\nchecking whether to support threadsafe operation... yes\nchecking for library containing pthread_create... none required\nchecking for library containing pthread_mutexattr_init... none required\nchecking whether to support shared library linked as release mode or not... no\nchecking whether to use an in-ram database for temporary tables... no\nchecking if executables have the .exe suffix... unknown\nchecking for Tcl configuration... found \/usr\/lib\/tcl8.6\/tclConfig.sh\nchecking for existence of \/usr\/lib\/tcl8.6\/tclConfig.sh... loading\nchecking for library containing readline... no\nchecking for library containing tgetent... -lncurses\nchecking for readline in -lreadline... yes\nchecking for readline.h... no\nchecking for \/usr\/include\/readline.h... no\nchecking for \/usr\/include\/readline\/readline.h... yes\nnot using linenoise\nchecking for library containing fdatasync... none required\nchecking build type... release\nchecking for zlib.h... yes\nchecking for library containing deflate... -lz\nchecking for library containing dlopen... none required\nchecking whether to support math functions... yes\nchecking for library containing ceil... -lm\nchecking whether to support JSON functions... yes\nchecking whether to support MEMSYS5... no\nchecking whether to support MEMSYS3... no\nchecking whether to support FTS3... yes\nchecking whether to support FTS4... yes\nchecking for library containing log... none required\nchecking whether to support FTS5... yes\nchecking for library containing log... (cached) none required\nchecking whether to support LIMIT on UPDATE and DELETE statements... no\nchecking whether to support GEOPOLY... no\nchecking whether to support RTREE... yes\nchecking whether to support SESSION... no\nconfigure: creating .\/config.status\nconfig.status: creating Makefile\nconfig.status: creating sqlite3.pc\nconfig.status: creating sqlite_cfg.h\nconfig.status: executing libtool commands\nconfigure: WARNING: unrecognized options: --disable-dependency-tracking, --enable-threads-override-locks\n+ sed -i 's|^hardcode_libdir_flag_spec=.*|hardcode_libdir_flag_spec=\"\"|g' libtool\n+ sed -i 's|^runpath_var=LD_RUN_PATH|runpath_var=DIE_RPATH_DIE|g' libtool\n+ \/usr\/bin\/make -O -j6 V=1 VERBOSE=1\nsh \/builddir\/build\/BUILD\/sqlite-src-3450000\/tool\/cktclsh.sh 8.4 tclsh8.6\ntouch has_tclsh84\ntclsh8.6 \/builddir\/build\/BUILD\/sqlite-src-3450000\/tool\/mkshellc.tcl >shell.c\ngcc  -O2 -flto=auto -ffat-lto-objects -fexceptions -g -grecord-gcc-switches -pipe -Wall -Wno-complain-wrong-lang -Werror=format-security -Werror=implicit-function-declaration -Werror=implicit-int -Wp,-U_FORTIFY_SOURCE,-D_FORTIFY_SOURCE=3 -Wp,-D_GLIBCXX_ASSERTIONS -specs=\/usr\/lib\/rpm\/redhat\/redhat-hardened-cc1 -fstack-protector-strong -specs=\/usr\/lib\/rpm\/redhat\/redhat-annobin-cc1 -m32 -march=i686 -mtune=generic -msse2 -mfpmath=sse -mstackrealign -fasynchronous-unwind-tables -fstack-clash-protection -fcf-protection -Wl,-z,relro -Wl,--as-needed -Wl,-z,pack-relative-relocs -Wl,-z,now -specs=\/usr\/lib\/rpm\/redhat\/redhat-hardened-ld -specs=\/usr\/lib\/rpm\/redhat\/redhat-annobin-cc1 -Wl,--build-id=sha1 -specs=\/usr\/lib\/rpm\/redhat\/redhat-package-notes -DSQLITE_DISABLE_DIRSYNC=1 -DSQLITE_SECURE_DELETE=1 -Wall -fno-strict-aliasing -o mkkeywordhash -DSQLITE_ENABLE_MATH_FUNCTIONS -DSQLITE_ENABLE_FTS3 -DSQLITE_ENABLE_FTS4 -DSQLITE_ENABLE_FTS5 -DSQLITE_ENABLE_RTREE -DSQLITE_ENABLE_COLUMN_METADATA=1 -DSQLITE_ENABLE_UNLOCK_NOTIFY=1 -DSQLITE_ENABLE_DBSTAT_VTAB=1 -DSQLITE_ENABLE_FTS3_PARENTHESIS=1 -DSQLITE_ENABLE_DBPAGE_VTAB  \/builddir\/build\/BUILD\/sqlite-src-3450000\/tool\/mkkeywordhash.c\n.\/mkkeywordhash >keywordhash.h\ngcc  -O2 -flto=auto -ffat-lto-objects -fexceptions -g -grecord-gcc-switches -pipe -Wall -Wno-complain-wrong-lang -Werror=format-security -Werror=implicit-function-declaration -Werror=implicit-int -Wp,-U_FORTIFY_SOURCE,-D_FORTIFY_SOURCE=3 -Wp,-D_GLIBCXX_ASSERTIONS -specs=\/usr\/lib\/rpm\/redhat\/redhat-hardened-cc1 -fstack-protector-strong -specs=\/usr\/lib\/rpm\/redhat\/redhat-annobin-cc1 -m32 -march=i686 -mtune=generic -msse2 -mfpmath=sse -mstackrealign -fasynchronous-unwind-tables -fstack-clash-protection -fcf-protection -Wl,-z,relro -Wl,--as-needed -Wl,-z,pack-relative-relocs -Wl,-z,now -specs=\/usr\/lib\/rpm\/redhat\/redhat-hardened-ld -specs=\/usr\/lib\/rpm\/redhat\/redhat-annobin-cc1 -Wl,--build-id=sha1 -specs=\/usr\/lib\/rpm\/redhat\/redhat-package-notes -DSQLITE_DISABLE_DIRSYNC=1 -DSQLITE_SECURE_DELETE=1 -Wall -fno-strict-aliasing -o mksourceid \/builddir\/build\/BUILD\/sqlite-src-3450000\/tool\/mksourceid.c\ngcc  -O2 -flto=auto -ffat-lto-objects -fexceptions -g -grecord-gcc-switches -pipe -Wall -Wno-complain-wrong-lang -Werror=format-security -Werror=implicit-function-declaration -Werror=implicit-int -Wp,-U_FORTIFY_SOURCE,-D_FORTIFY_SOURCE=3 -Wp,-D_GLIBCXX_ASSERTIONS -specs=\/usr\/lib\/rpm\/redhat\/redhat-hardened-cc1 -fstack-protector-strong -specs=\/usr\/lib\/rpm\/redhat\/redhat-annobin-cc1 -m32 -march=i686 -mtune=generic -msse2 -mfpmath=sse -mstackrealign -fasynchronous-unwind-tables -fstack-clash-protection -fcf-protection -Wl,-z,relro -Wl,--as-needed -Wl,-z,pack-relative-relocs -Wl,-z,now -specs=\/usr\/lib\/rpm\/redhat\/redhat-hardened-ld -specs=\/usr\/lib\/rpm\/redhat\/redhat-annobin-cc1 -Wl,--build-id=sha1 -specs=\/usr\/lib\/rpm\/redhat\/redhat-package-notes -DSQLITE_DISABLE_DIRSYNC=1 -DSQLITE_SECURE_DELETE=1 -Wall -fno-strict-aliasing -o src-verify \/builddir\/build\/BUILD\/sqlite-src-3450000\/tool\/src-verify.c\ntclsh8.6 \/builddir\/build\/BUILD\/sqlite-src-3450000\/tool\/mksqlite3h.tcl \/builddir\/build\/BUILD\/sqlite-src-3450000 >sqlite3.h\ngcc  -O2 -flto=auto -ffat-lto-objects -fexceptions -g -grecord-gcc-switches -pipe -Wall -Wno-complain-wrong-lang -Werror=format-security -Werror=implicit-function-declaration -Werror=implicit-int -Wp,-U_FORTIFY_SOURCE,-D_FORTIFY_SOURCE=3 -Wp,-D_GLIBCXX_ASSERTIONS -specs=\/usr\/lib\/rpm\/redhat\/redhat-hardened-cc1 -fstack-protector-strong -specs=\/usr\/lib\/rpm\/redhat\/redhat-annobin-cc1 -m32 -march=i686 -mtune=generic -msse2 -mfpmath=sse -mstackrealign -fasynchronous-unwind-tables -fstack-clash-protection -fcf-protection -Wl,-z,relro -Wl,--as-needed -Wl,-z,pack-relative-relocs -Wl,-z,now -specs=\/usr\/lib\/rpm\/redhat\/redhat-hardened-ld -specs=\/usr\/lib\/rpm\/redhat\/redhat-annobin-cc1 -Wl,--build-id=sha1 -specs=\/usr\/lib\/rpm\/redhat\/redhat-package-notes -DSQLITE_DISABLE_DIRSYNC=1 -DSQLITE_SECURE_DELETE=1 -Wall -fno-strict-aliasing -o lemon \/builddir\/build\/BUILD\/sqlite-src-3450000\/tool\/lemon.c\ncp \/builddir\/build\/BUILD\/sqlite-src-3450000\/tool\/lempar.c .\ncp \/builddir\/build\/BUILD\/sqlite-src-3450000\/ext\/fts5\/fts5parse.y .\nrm -f fts5parse.h\n.\/lemon  -S fts5parse.y\ncp \/builddir\/build\/BUILD\/sqlite-src-3450000\/src\/parse.y .\n.\/lemon -DSQLITE_ENABLE_MATH_FUNCTIONS -DSQLITE_ENABLE_FTS3 -DSQLITE_ENABLE_FTS4 -DSQLITE_ENABLE_FTS5 -DSQLITE_ENABLE_RTREE -DSQLITE_ENABLE_COLUMN_METADATA=1 -DSQLITE_ENABLE_UNLOCK_NOTIFY=1 -DSQLITE_ENABLE_DBSTAT_VTAB=1 -DSQLITE_ENABLE_FTS3_PARENTHESIS=1 -DSQLITE_ENABLE_DBPAGE_VTAB  -S parse.y\ncat parse.h \/builddir\/build\/BUILD\/sqlite-src-3450000\/src\/vdbe.c | tclsh8.6 \/builddir\/build\/BUILD\/sqlite-src-3450000\/tool\/mkopcodeh.tcl >opcodes.h\ntclsh8.6 \/builddir\/build\/BUILD\/sqlite-src-3450000\/tool\/mkopcodec.tcl opcodes.h >opcodes.c\ntclsh8.6 \/builddir\/build\/BUILD\/sqlite-src-3450000\/ext\/fts5\/tool\/mkfts5c.tcl\ncp \/builddir\/build\/BUILD\/sqlite-src-3450000\/ext\/fts5\/fts5.h .\nrm -rf tsrc\nmkdir tsrc\ncp -f \/builddir\/build\/BUILD\/sqlite-src-3450000\/src\/alter.c \/builddir\/build\/BUILD\/sqlite-src-3450000\/src\/analyze.c \/builddir\/build\/BUILD\/sqlite-src-3450000\/src\/attach.c \/builddir\/build\/BUILD\/sqlite-src-3450000\/src\/auth.c \/builddir\/build\/BUILD\/sqlite-src-3450000\/src\/backup.c \/builddir\/build\/BUILD\/sqlite-src-3450000\/src\/bitvec.c \/builddir\/build\/BUILD\/sqlite-src-3450000\/src\/btmutex.c \/builddir\/build\/BUILD\/sqlite-src-3450000\/src\/btree.c \/builddir\/build\/BUILD\/sqlite-src-3450000\/src\/btree.h \/builddir\/build\/BUILD\/sqlite-src-3450000\/src\/btreeInt.h \/builddir\/build\/BUILD\/sqlite-src-3450000\/src\/build.c \/builddir\/build\/BUILD\/sqlite-src-3450000\/src\/callback.c \/builddir\/build\/BUILD\/sqlite-src-3450000\/src\/complete.c \/builddir\/build\/BUILD\/sqlite-src-3450000\/src\/ctime.c \/builddir\/build\/BUILD\/sqlite-src-3450000\/src\/date.c \/builddir\/build\/BUILD\/sqlite-src-3450000\/src\/dbpage.c \/builddir\/build\/BUILD\/sqlite-src-3450000\/src\/dbstat.c \/builddir\/build\/BUILD\/sqlite-src-3450000\/src\/delete.c \/builddir\/build\/BUILD\/sqlite-src-3450000\/src\/expr.c \/builddir\/build\/BUILD\/sqlite-src-3450000\/src\/fault.c \/builddir\/build\/BUILD\/sqlite-src-3450000\/src\/fkey.c \/builddir\/build\/BUILD\/sqlite-src-3450000\/src\/func.c \/builddir\/build\/BUILD\/sqlite-src-3450000\/src\/global.c \/builddir\/build\/BUILD\/sqlite-src-3450000\/src\/hash.c \/builddir\/build\/BUILD\/sqlite-src-3450000\/src\/hash.h \/builddir\/build\/BUILD\/sqlite-src-3450000\/src\/hwtime.h \/builddir\/build\/BUILD\/sqlite-src-3450000\/src\/insert.c \/builddir\/build\/BUILD\/sqlite-src-3450000\/src\/json.c \/builddir\/build\/BUILD\/sqlite-src-3450000\/src\/legacy.c \/builddir\/build\/BUILD\/sqlite-src-3450000\/src\/loadext.c \/builddir\/build\/BUILD\/sqlite-src-3450000\/src\/main.c \/builddir\/build\/BUILD\/sqlite-src-3450000\/src\/malloc.c \/builddir\/build\/BUILD\/sqlite-src-3450000\/src\/mem0.c \/builddir\/build\/BUILD\/sqlite-src-3450000\/src\/mem1.c \/builddir\/build\/BUILD\/sqlite-src-3450000\/src\/mem2.c \/builddir\/build\/BUILD\/sqlite-src-3450000\/src\/mem3.c \/builddir\/build\/BUILD\/sqlite-src-3450000\/src\/mem5.c \/builddir\/build\/BUILD\/sqlite-src-3450000\/src\/memdb.c \/builddir\/build\/BUILD\/sqlite-src-3450000\/src\/memjournal.c \/builddir\/build\/BUILD\/sqlite-src-3450000\/src\/msvc.h \/builddir\/build\/BUILD\/sqlite-src-3450000\/src\/mutex.c \/builddir\/build\/BUILD\/sqlite-src-3450000\/src\/mutex.h \/builddir\/build\/BUILD\/sqlite-src-3450000\/src\/mutex_noop.c \/builddir\/build\/BUILD\/sqlite-src-3450000\/src\/mutex_unix.c \/builddir\/build\/BUILD\/sqlite-src-3450000\/src\/mutex_w32.c \/builddir\/build\/BUILD\/sqlite-src-3450000\/src\/notify.c \/builddir\/build\/BUILD\/sqlite-src-3450000\/src\/os.c \/builddir\/build\/BUILD\/sqlite-src-3450000\/src\/os.h \/builddir\/build\/BUILD\/sqlite-src-3450000\/src\/os_common.h \/builddir\/build\/BUILD\/sqlite-src-3450000\/src\/os_setup.h \/builddir\/build\/BUILD\/sqlite-src-3450000\/src\/os_kv.c \/builddir\/build\/BUILD\/sqlite-src-3450000\/src\/os_unix.c \/builddir\/build\/BUILD\/sqlite-src-3450000\/src\/os_win.c \/builddir\/build\/BUILD\/sqlite-src-3450000\/src\/os_win.h \/builddir\/build\/BUILD\/sqlite-src-3450000\/src\/pager.c \/builddir\/build\/BUILD\/sqlite-src-3450000\/src\/pager.h \/builddir\/build\/BUILD\/sqlite-src-3450000\/src\/parse.y \/builddir\/build\/BUILD\/sqlite-src-3450000\/src\/pcache.c \/builddir\/build\/BUILD\/sqlite-src-3450000\/src\/pcache.h \/builddir\/build\/BUILD\/sqlite-src-3450000\/src\/pcache1.c \/builddir\/build\/BUILD\/sqlite-src-3450000\/src\/pragma.c \/builddir\/build\/BUILD\/sqlite-src-3450000\/src\/pragma.h \/builddir\/build\/BUILD\/sqlite-src-3450000\/src\/prepare.c \/builddir\/build\/BUILD\/sqlite-src-3450000\/src\/printf.c \/builddir\/build\/BUILD\/sqlite-src-3450000\/src\/random.c \/builddir\/build\/BUILD\/sqlite-src-3450000\/src\/resolve.c \/builddir\/build\/BUILD\/sqlite-src-3450000\/src\/rowset.c \/builddir\/build\/BUILD\/sqlite-src-3450000\/src\/select.c \/builddir\/build\/BUILD\/sqlite-src-3450000\/src\/status.c \/builddir\/build\/BUILD\/sqlite-src-3450000\/src\/shell.c.in \/builddir\/build\/BUILD\/sqlite-src-3450000\/src\/sqlite.h.in \/builddir\/build\/BUILD\/sqlite-src-3450000\/src\/sqlite3ext.h \/builddir\/build\/BUILD\/sqlite-src-3450000\/src\/sqliteInt.h \/builddir\/build\/BUILD\/sqlite-src-3450000\/src\/sqliteLimit.h \/builddir\/build\/BUILD\/sqlite-src-3450000\/src\/table.c \/builddir\/build\/BUILD\/sqlite-src-3450000\/src\/tclsqlite.c \/builddir\/build\/BUILD\/sqlite-src-3450000\/src\/threads.c \/builddir\/build\/BUILD\/sqlite-src-3450000\/src\/tokenize.c \/builddir\/build\/BUILD\/sqlite-src-3450000\/src\/treeview.c \/builddir\/build\/BUILD\/sqlite-src-3450000\/src\/trigger.c \/builddir\/build\/BUILD\/sqlite-src-3450000\/src\/utf.c \/builddir\/build\/BUILD\/sqlite-src-3450000\/src\/update.c \/builddir\/build\/BUILD\/sqlite-src-3450000\/src\/upsert.c \/builddir\/build\/BUILD\/sqlite-src-3450000\/src\/util.c \/builddir\/build\/BUILD\/sqlite-src-3450000\/src\/vacuum.c \/builddir\/build\/BUILD\/sqlite-src-3450000\/src\/vdbe.c \/builddir\/build\/BUILD\/sqlite-src-3450000\/src\/vdbe.h \/builddir\/build\/BUILD\/sqlite-src-3450000\/src\/vdbeapi.c \/builddir\/build\/BUILD\/sqlite-src-3450000\/src\/vdbeaux.c \/builddir\/build\/BUILD\/sqlite-src-3450000\/src\/vdbeblob.c \/builddir\/build\/BUILD\/sqlite-src-3450000\/src\/vdbemem.c \/builddir\/build\/BUILD\/sqlite-src-3450000\/src\/vdbesort.c \/builddir\/build\/BUILD\/sqlite-src-3450000\/src\/vdbetrace.c \/builddir\/build\/BUILD\/sqlite-src-3450000\/src\/vdbevtab.c \/builddir\/build\/BUILD\/sqlite-src-3450000\/src\/vdbeInt.h \/builddir\/build\/BUILD\/sqlite-src-3450000\/src\/vtab.c \/builddir\/build\/BUILD\/sqlite-src-3450000\/src\/vxworks.h \/builddir\/build\/BUILD\/sqlite-src-3450000\/src\/wal.c \/builddir\/build\/BUILD\/sqlite-src-3450000\/src\/wal.h \/builddir\/build\/BUILD\/sqlite-src-3450000\/src\/walker.c \/builddir\/build\/BUILD\/sqlite-src-3450000\/src\/where.c \/builddir\/build\/BUILD\/sqlite-src-3450000\/src\/wherecode.c \/builddir\/build\/BUILD\/sqlite-src-3450000\/src\/whereexpr.c \/builddir\/build\/BUILD\/sqlite-src-3450000\/src\/whereInt.h \/builddir\/build\/BUILD\/sqlite-src-3450000\/src\/window.c \/builddir\/build\/BUILD\/sqlite-src-3450000\/ext\/fts3\/fts3.c \/builddir\/build\/BUILD\/sqlite-src-3450000\/ext\/fts3\/fts3.h \/builddir\/build\/BUILD\/sqlite-src-3450000\/ext\/fts3\/fts3Int.h \/builddir\/build\/BUILD\/sqlite-src-3450000\/ext\/fts3\/fts3_aux.c \/builddir\/build\/BUILD\/sqlite-src-3450000\/ext\/fts3\/fts3_expr.c \/builddir\/build\/BUILD\/sqlite-src-3450000\/ext\/fts3\/fts3_hash.c \/builddir\/build\/BUILD\/sqlite-src-3450000\/ext\/fts3\/fts3_hash.h \/builddir\/build\/BUILD\/sqlite-src-3450000\/ext\/fts3\/fts3_icu.c \/builddir\/build\/BUILD\/sqlite-src-3450000\/ext\/fts3\/fts3_porter.c \/builddir\/build\/BUILD\/sqlite-src-3450000\/ext\/fts3\/fts3_snippet.c \/builddir\/build\/BUILD\/sqlite-src-3450000\/ext\/fts3\/fts3_tokenizer.h \/builddir\/build\/BUILD\/sqlite-src-3450000\/ext\/fts3\/fts3_tokenizer.c \/builddir\/build\/BUILD\/sqlite-src-3450000\/ext\/fts3\/fts3_tokenizer1.c \/builddir\/build\/BUILD\/sqlite-src-3450000\/ext\/fts3\/fts3_tokenize_vtab.c \/builddir\/build\/BUILD\/sqlite-src-3450000\/ext\/fts3\/fts3_unicode.c \/builddir\/build\/BUILD\/sqlite-src-3450000\/ext\/fts3\/fts3_unicode2.c \/builddir\/build\/BUILD\/sqlite-src-3450000\/ext\/fts3\/fts3_write.c \/builddir\/build\/BUILD\/sqlite-src-3450000\/ext\/icu\/sqliteicu.h \/builddir\/build\/BUILD\/sqlite-src-3450000\/ext\/icu\/icu.c \/builddir\/build\/BUILD\/sqlite-src-3450000\/ext\/rtree\/rtree.h \/builddir\/build\/BUILD\/sqlite-src-3450000\/ext\/rtree\/rtree.c \/builddir\/build\/BUILD\/sqlite-src-3450000\/ext\/rtree\/geopoly.c \/builddir\/build\/BUILD\/sqlite-src-3450000\/ext\/session\/sqlite3session.c \/builddir\/build\/BUILD\/sqlite-src-3450000\/ext\/session\/sqlite3session.h \/builddir\/build\/BUILD\/sqlite-src-3450000\/ext\/userauth\/userauth.c \/builddir\/build\/BUILD\/sqlite-src-3450000\/ext\/userauth\/sqlite3userauth.h \/builddir\/build\/BUILD\/sqlite-src-3450000\/ext\/rbu\/sqlite3rbu.h \/builddir\/build\/BUILD\/sqlite-src-3450000\/ext\/rbu\/sqlite3rbu.c \/builddir\/build\/BUILD\/sqlite-src-3450000\/ext\/misc\/stmt.c keywordhash.h opcodes.c opcodes.h parse.c parse.h sqlite_cfg.h shell.c sqlite3.h tsrc\nrm tsrc\/sqlite.h.in tsrc\/parse.y\ntclsh8.6 \/builddir\/build\/BUILD\/sqlite-src-3450000\/tool\/vdbe-compress.tcl  vdbe.new\nmv vdbe.new tsrc\/vdbe.c\ncp fts5.c fts5.h tsrc\ntouch .target_source\n.\/libtool --mode=compile --tag=CC gcc -O2 -flto=auto -ffat-lto-objects -fexceptions -g -grecord-gcc-switches -pipe -Wall -Wno-complain-wrong-lang -Werror=format-security -Werror=implicit-function-declaration -Werror=implicit-int -Wp,-U_FORTIFY_SOURCE,-D_FORTIFY_SOURCE=3 -Wp,-D_GLIBCXX_ASSERTIONS -specs=\/usr\/lib\/rpm\/redhat\/redhat-hardened-cc1 -fstack-protector-strong -specs=\/usr\/lib\/rpm\/redhat\/redhat-annobin-cc1 -m32 -march=i686 -mtune=generic -msse2 -mfpmath=sse -mstackrealign -fasynchronous-unwind-tables -fstack-clash-protection -fcf-protection -Wl,-z,relro -Wl,--as-needed -Wl,-z,pack-relative-relocs -Wl,-z,now -specs=\/usr\/lib\/rpm\/redhat\/redhat-hardened-ld -specs=\/usr\/lib\/rpm\/redhat\/redhat-annobin-cc1 -Wl,--build-id=sha1 -specs=\/usr\/lib\/rpm\/redhat\/redhat-package-notes -DSQLITE_DISABLE_DIRSYNC=1 -DSQLITE_SECURE_DELETE=1 -Wall -fno-strict-aliasing -DSQLITE_OS_UNIX=1 -I. -I\/builddir\/build\/BUILD\/sqlite-src-3450000\/src -I\/builddir\/build\/BUILD\/sqlite-src-3450000\/ext\/rtree -I\/builddir\/build\/BUILD\/sqlite-src-3450000\/ext\/icu -I\/builddir\/build\/BUILD\/sqlite-src-3450000\/ext\/fts3 -I\/builddir\/build\/BUILD\/sqlite-src-3450000\/ext\/async -I\/builddir\/build\/BUILD\/sqlite-src-3450000\/ext\/session -I\/builddir\/build\/BUILD\/sqlite-src-3450000\/ext\/userauth -D_HAVE_SQLITE_CONFIG_H -DBUILD_sqlite -DNDEBUG -I\/usr\/include -DSQLITE_THREADSAFE=1 -DSQLITE_ENABLE_MATH_FUNCTIONS -DSQLITE_ENABLE_FTS3 -DSQLITE_ENABLE_FTS4 -DSQLITE_ENABLE_FTS5 -DSQLITE_ENABLE_RTREE -DSQLITE_ENABLE_COLUMN_METADATA=1 -DSQLITE_ENABLE_UNLOCK_NOTIFY=1 -DSQLITE_ENABLE_DBSTAT_VTAB=1 -DSQLITE_ENABLE_FTS3_PARENTHESIS=1 -DSQLITE_ENABLE_DBPAGE_VTAB  -DSQLITE_HAVE_ZLIB=1  -DUSE_TCL_STUBS=1 -c \/builddir\/build\/BUILD\/sqlite-src-3450000\/src\/tclsqlite.c\nlibtool: compile:  gcc -O2 -flto=auto -ffat-lto-objects -fexceptions -g -grecord-gcc-switches -pipe -Wall -Wno-complain-wrong-lang -Werror=format-security -Werror=implicit-function-declaration -Werror=implicit-int -Wp,-U_FORTIFY_SOURCE,-D_FORTIFY_SOURCE=3 -Wp,-D_GLIBCXX_ASSERTIONS -specs=\/usr\/lib\/rpm\/redhat\/redhat-hardened-cc1 -fstack-protector-strong -specs=\/usr\/lib\/rpm\/redhat\/redhat-annobin-cc1 -m32 -march=i686 -mtune=generic -msse2 -mfpmath=sse -mstackrealign -fasynchronous-unwind-tables -fstack-clash-protection -fcf-protection -Wl,-z,relro -Wl,--as-needed -Wl,-z,pack-relative-relocs -Wl,-z,now -specs=\/usr\/lib\/rpm\/redhat\/redhat-hardened-ld -specs=\/usr\/lib\/rpm\/redhat\/redhat-annobin-cc1 -Wl,--build-id=sha1 -specs=\/usr\/lib\/rpm\/redhat\/redhat-package-notes -DSQLITE_DISABLE_DIRSYNC=1 -DSQLITE_SECURE_DELETE=1 -Wall -fno-strict-aliasing -DSQLITE_OS_UNIX=1 -I. -I\/builddir\/build\/BUILD\/sqlite-src-3450000\/src -I\/builddir\/build\/BUILD\/sqlite-src-3450000\/ext\/rtree -I\/builddir\/build\/BUILD\/sqlite-src-3450000\/ext\/icu -I\/builddir\/build\/BUILD\/sqlite-src-3450000\/ext\/fts3 -I\/builddir\/build\/BUILD\/sqlite-src-3450000\/ext\/async -I\/builddir\/build\/BUILD\/sqlite-src-3450000\/ext\/session -I\/builddir\/build\/BUILD\/sqlite-src-3450000\/ext\/userauth -D_HAVE_SQLITE_CONFIG_H -DBUILD_sqlite -DNDEBUG -I\/usr\/include -DSQLITE_THREADSAFE=1 -DSQLITE_ENABLE_MATH_FUNCTIONS -DSQLITE_ENABLE_FTS3 -DSQLITE_ENABLE_FTS4 -DSQLITE_ENABLE_FTS5 -DSQLITE_ENABLE_RTREE -DSQLITE_ENABLE_COLUMN_METADATA=1 -DSQLITE_ENABLE_UNLOCK_NOTIFY=1 -DSQLITE_ENABLE_DBSTAT_VTAB=1 -DSQLITE_ENABLE_FTS3_PARENTHESIS=1 -DSQLITE_ENABLE_DBPAGE_VTAB -DSQLITE_HAVE_ZLIB=1 -DUSE_TCL_STUBS=1 -c \/builddir\/build\/BUILD\/sqlite-src-3450000\/src\/tclsqlite.c  -fPIC -DPIC -o .libs\/tclsqlite.o\nlibtool: compile:  gcc -O2 -flto=auto -ffat-lto-objects -fexceptions -g -grecord-gcc-switches -pipe -Wall -Wno-complain-wrong-lang -Werror=format-security -Werror=implicit-function-declaration -Werror=implicit-int -Wp,-U_FORTIFY_SOURCE,-D_FORTIFY_SOURCE=3 -Wp,-D_GLIBCXX_ASSERTIONS -specs=\/usr\/lib\/rpm\/redhat\/redhat-hardened-cc1 -fstack-protector-strong -specs=\/usr\/lib\/rpm\/redhat\/redhat-annobin-cc1 -m32 -march=i686 -mtune=generic -msse2 -mfpmath=sse -mstackrealign -fasynchronous-unwind-tables -fstack-clash-protection -fcf-protection -Wl,-z,relro -Wl,--as-needed -Wl,-z,pack-relative-relocs -Wl,-z,now -specs=\/usr\/lib\/rpm\/redhat\/redhat-hardened-ld -specs=\/usr\/lib\/rpm\/redhat\/redhat-annobin-cc1 -Wl,--build-id=sha1 -specs=\/usr\/lib\/rpm\/redhat\/redhat-package-notes -DSQLITE_DISABLE_DIRSYNC=1 -DSQLITE_SECURE_DELETE=1 -Wall -fno-strict-aliasing -DSQLITE_OS_UNIX=1 -I. -I\/builddir\/build\/BUILD\/sqlite-src-3450000\/src -I\/builddir\/build\/BUILD\/sqlite-src-3450000\/ext\/rtree -I\/builddir\/build\/BUILD\/sqlite-src-3450000\/ext\/icu -I\/builddir\/build\/BUILD\/sqlite-src-3450000\/ext\/fts3 -I\/builddir\/build\/BUILD\/sqlite-src-3450000\/ext\/async -I\/builddir\/build\/BUILD\/sqlite-src-3450000\/ext\/session -I\/builddir\/build\/BUILD\/sqlite-src-3450000\/ext\/userauth -D_HAVE_SQLITE_CONFIG_H -DBUILD_sqlite -DNDEBUG -I\/usr\/include -DSQLITE_THREADSAFE=1 -DSQLITE_ENABLE_MATH_FUNCTIONS -DSQLITE_ENABLE_FTS3 -DSQLITE_ENABLE_FTS4 -DSQLITE_ENABLE_FTS5 -DSQLITE_ENABLE_RTREE -DSQLITE_ENABLE_COLUMN_METADATA=1 -DSQLITE_ENABLE_UNLOCK_NOTIFY=1 -DSQLITE_ENABLE_DBSTAT_VTAB=1 -DSQLITE_ENABLE_FTS3_PARENTHESIS=1 -DSQLITE_ENABLE_DBPAGE_VTAB -DSQLITE_HAVE_ZLIB=1 -DUSE_TCL_STUBS=1 -c \/builddir\/build\/BUILD\/sqlite-src-3450000\/src\/tclsqlite.c -o tclsqlite.o >\/dev\/null 2>&1\ntclsh8.6 \/builddir\/build\/BUILD\/sqlite-src-3450000\/tool\/mksqlite3c.tcl --linemacros=0\ncp tsrc\/sqlite3ext.h .\ncp \/builddir\/build\/BUILD\/sqlite-src-3450000\/ext\/session\/sqlite3session.h .\n.\/libtool --mode=link gcc -O2 -flto=auto -ffat-lto-objects -fexceptions -g -grecord-gcc-switches -pipe -Wall -Wno-complain-wrong-lang -Werror=format-security -Werror=implicit-function-declaration -Werror=implicit-int -Wp,-U_FORTIFY_SOURCE,-D_FORTIFY_SOURCE=3 -Wp,-D_GLIBCXX_ASSERTIONS -specs=\/usr\/lib\/rpm\/redhat\/redhat-hardened-cc1 -fstack-protector-strong -specs=\/usr\/lib\/rpm\/redhat\/redhat-annobin-cc1 -m32 -march=i686 -mtune=generic -msse2 -mfpmath=sse -mstackrealign -fasynchronous-unwind-tables -fstack-clash-protection -fcf-protection -Wl,-z,relro -Wl,--as-needed -Wl,-z,pack-relative-relocs -Wl,-z,now -specs=\/usr\/lib\/rpm\/redhat\/redhat-hardened-ld -specs=\/usr\/lib\/rpm\/redhat\/redhat-annobin-cc1 -Wl,--build-id=sha1 -specs=\/usr\/lib\/rpm\/redhat\/redhat-package-notes -DSQLITE_DISABLE_DIRSYNC=1 -DSQLITE_SECURE_DELETE=1 -Wall -fno-strict-aliasing -DSQLITE_OS_UNIX=1 -I. -I\/builddir\/build\/BUILD\/sqlite-src-3450000\/src -I\/builddir\/build\/BUILD\/sqlite-src-3450000\/ext\/rtree -I\/builddir\/build\/BUILD\/sqlite-src-3450000\/ext\/icu -I\/builddir\/build\/BUILD\/sqlite-src-3450000\/ext\/fts3 -I\/builddir\/build\/BUILD\/sqlite-src-3450000\/ext\/async -I\/builddir\/build\/BUILD\/sqlite-src-3450000\/ext\/session -I\/builddir\/build\/BUILD\/sqlite-src-3450000\/ext\/userauth -D_HAVE_SQLITE_CONFIG_H -DBUILD_sqlite -DNDEBUG -I\/usr\/include -DSQLITE_THREADSAFE=1 -DSQLITE_ENABLE_MATH_FUNCTIONS -DSQLITE_ENABLE_FTS3 -DSQLITE_ENABLE_FTS4 -DSQLITE_ENABLE_FTS5 -DSQLITE_ENABLE_RTREE -DSQLITE_ENABLE_COLUMN_METADATA=1 -DSQLITE_ENABLE_UNLOCK_NOTIFY=1 -DSQLITE_ENABLE_DBSTAT_VTAB=1 -DSQLITE_ENABLE_FTS3_PARENTHESIS=1 -DSQLITE_ENABLE_DBPAGE_VTAB  -DSQLITE_HAVE_ZLIB=1  -Wl,-z,relro -Wl,--as-needed  -Wl,-z,pack-relative-relocs -Wl,-z,now -specs=\/usr\/lib\/rpm\/redhat\/redhat-hardened-ld -specs=\/usr\/lib\/rpm\/redhat\/redhat-annobin-cc1  -Wl,--build-id=sha1 -specs=\/usr\/lib\/rpm\/redhat\/redhat-package-notes   -DHAVE_READLINE=1 -I\/usr\/include\/readline -DHAVE_EDITLINE=0 -DHAVE_LINENOISE=0 -DSQLITE_DQS=0 -DSQLITE_ENABLE_FTS4 -DSQLITE_ENABLE_RTREE -DSQLITE_ENABLE_EXPLAIN_COMMENTS -DSQLITE_ENABLE_UNKNOWN_SQL_FUNCTION -DSQLITE_ENABLE_STMTVTAB -DSQLITE_ENABLE_DBPAGE_VTAB -DSQLITE_ENABLE_DBSTAT_VTAB -DSQLITE_ENABLE_BYTECODE_VTAB -DSQLITE_ENABLE_OFFSET_SQL_FUNC -DSQLITE_STRICT_SUBTYPE=1 -o sqlite3 \\\n\tshell.c sqlite3.c \\\n\t-lreadline -lncurses  -lm -lz   -rpath \"\/usr\/lib\"\nlibtool: link: gcc -O2 -flto=auto -ffat-lto-objects -fexceptions -g -grecord-gcc-switches -pipe -Wall -Wno-complain-wrong-lang -Werror=format-security -Werror=implicit-function-declaration -Werror=implicit-int -Wp,-U_FORTIFY_SOURCE,-D_FORTIFY_SOURCE=3 -Wp,-D_GLIBCXX_ASSERTIONS -specs=\/usr\/lib\/rpm\/redhat\/redhat-hardened-cc1 -fstack-protector-strong -specs=\/usr\/lib\/rpm\/redhat\/redhat-annobin-cc1 -m32 -march=i686 -mtune=generic -msse2 -mfpmath=sse -mstackrealign -fasynchronous-unwind-tables -fstack-clash-protection -fcf-protection -Wl,-z -Wl,relro -Wl,--as-needed -Wl,-z -Wl,pack-relative-relocs -Wl,-z -Wl,now -specs=\/usr\/lib\/rpm\/redhat\/redhat-hardened-ld -specs=\/usr\/lib\/rpm\/redhat\/redhat-annobin-cc1 -Wl,--build-id=sha1 -specs=\/usr\/lib\/rpm\/redhat\/redhat-package-notes -DSQLITE_DISABLE_DIRSYNC=1 -DSQLITE_SECURE_DELETE=1 -Wall -fno-strict-aliasing -DSQLITE_OS_UNIX=1 -I. -I\/builddir\/build\/BUILD\/sqlite-src-3450000\/src -I\/builddir\/build\/BUILD\/sqlite-src-3450000\/ext\/rtree -I\/builddir\/build\/BUILD\/sqlite-src-3450000\/ext\/icu -I\/builddir\/build\/BUILD\/sqlite-src-3450000\/ext\/fts3 -I\/builddir\/build\/BUILD\/sqlite-src-3450000\/ext\/async -I\/builddir\/build\/BUILD\/sqlite-src-3450000\/ext\/session -I\/builddir\/build\/BUILD\/sqlite-src-3450000\/ext\/userauth -D_HAVE_SQLITE_CONFIG_H -DBUILD_sqlite -DNDEBUG -I\/usr\/include -DSQLITE_THREADSAFE=1 -DSQLITE_ENABLE_MATH_FUNCTIONS -DSQLITE_ENABLE_FTS3 -DSQLITE_ENABLE_FTS4 -DSQLITE_ENABLE_FTS5 -DSQLITE_ENABLE_RTREE -DSQLITE_ENABLE_COLUMN_METADATA=1 -DSQLITE_ENABLE_UNLOCK_NOTIFY=1 -DSQLITE_ENABLE_DBSTAT_VTAB=1 -DSQLITE_ENABLE_FTS3_PARENTHESIS=1 -DSQLITE_ENABLE_DBPAGE_VTAB -DSQLITE_HAVE_ZLIB=1 -Wl,-z -Wl,relro -Wl,--as-needed -Wl,-z -Wl,pack-relative-relocs -Wl,-z -Wl,now -specs=\/usr\/lib\/rpm\/redhat\/redhat-hardened-ld -specs=\/usr\/lib\/rpm\/redhat\/redhat-annobin-cc1 -Wl,--build-id=sha1 -specs=\/usr\/lib\/rpm\/redhat\/redhat-package-notes -DHAVE_READLINE=1 -I\/usr\/include\/readline -DHAVE_EDITLINE=0 -DHAVE_LINENOISE=0 -DSQLITE_DQS=0 -DSQLITE_ENABLE_FTS4 -DSQLITE_ENABLE_RTREE -DSQLITE_ENABLE_EXPLAIN_COMMENTS -DSQLITE_ENABLE_UNKNOWN_SQL_FUNCTION -DSQLITE_ENABLE_STMTVTAB -DSQLITE_ENABLE_DBPAGE_VTAB -DSQLITE_ENABLE_DBSTAT_VTAB -DSQLITE_ENABLE_BYTECODE_VTAB -DSQLITE_ENABLE_OFFSET_SQL_FUNC -DSQLITE_STRICT_SUBTYPE=1 -o sqlite3 shell.c sqlite3.c  -lreadline -lncurses -lm -lz\n.\/libtool --mode=compile --tag=CC gcc -O2 -flto=auto -ffat-lto-objects -fexceptions -g -grecord-gcc-switches -pipe -Wall -Wno-complain-wrong-lang -Werror=format-security -Werror=implicit-function-declaration -Werror=implicit-int -Wp,-U_FORTIFY_SOURCE,-D_FORTIFY_SOURCE=3 -Wp,-D_GLIBCXX_ASSERTIONS -specs=\/usr\/lib\/rpm\/redhat\/redhat-hardened-cc1 -fstack-protector-strong -specs=\/usr\/lib\/rpm\/redhat\/redhat-annobin-cc1 -m32 -march=i686 -mtune=generic -msse2 -mfpmath=sse -mstackrealign -fasynchronous-unwind-tables -fstack-clash-protection -fcf-protection -Wl,-z,relro -Wl,--as-needed -Wl,-z,pack-relative-relocs -Wl,-z,now -specs=\/usr\/lib\/rpm\/redhat\/redhat-hardened-ld -specs=\/usr\/lib\/rpm\/redhat\/redhat-annobin-cc1 -Wl,--build-id=sha1 -specs=\/usr\/lib\/rpm\/redhat\/redhat-package-notes -DSQLITE_DISABLE_DIRSYNC=1 -DSQLITE_SECURE_DELETE=1 -Wall -fno-strict-aliasing -DSQLITE_OS_UNIX=1 -I. -I\/builddir\/build\/BUILD\/sqlite-src-3450000\/src -I\/builddir\/build\/BUILD\/sqlite-src-3450000\/ext\/rtree -I\/builddir\/build\/BUILD\/sqlite-src-3450000\/ext\/icu -I\/builddir\/build\/BUILD\/sqlite-src-3450000\/ext\/fts3 -I\/builddir\/build\/BUILD\/sqlite-src-3450000\/ext\/async -I\/builddir\/build\/BUILD\/sqlite-src-3450000\/ext\/session -I\/builddir\/build\/BUILD\/sqlite-src-3450000\/ext\/userauth -D_HAVE_SQLITE_CONFIG_H -DBUILD_sqlite -DNDEBUG -I\/usr\/include -DSQLITE_THREADSAFE=1 -DSQLITE_ENABLE_MATH_FUNCTIONS -DSQLITE_ENABLE_FTS3 -DSQLITE_ENABLE_FTS4 -DSQLITE_ENABLE_FTS5 -DSQLITE_ENABLE_RTREE -DSQLITE_ENABLE_COLUMN_METADATA=1 -DSQLITE_ENABLE_UNLOCK_NOTIFY=1 -DSQLITE_ENABLE_DBSTAT_VTAB=1 -DSQLITE_ENABLE_FTS3_PARENTHESIS=1 -DSQLITE_ENABLE_DBPAGE_VTAB  -DSQLITE_HAVE_ZLIB=1  -DSQLITE_TEMP_STORE=1 -c sqlite3.c\nlibtool: compile:  gcc -O2 -flto=auto -ffat-lto-objects -fexceptions -g -grecord-gcc-switches -pipe -Wall -Wno-complain-wrong-lang -Werror=format-security -Werror=implicit-function-declaration -Werror=implicit-int -Wp,-U_FORTIFY_SOURCE,-D_FORTIFY_SOURCE=3 -Wp,-D_GLIBCXX_ASSERTIONS -specs=\/usr\/lib\/rpm\/redhat\/redhat-hardened-cc1 -fstack-protector-strong -specs=\/usr\/lib\/rpm\/redhat\/redhat-annobin-cc1 -m32 -march=i686 -mtune=generic -msse2 -mfpmath=sse -mstackrealign -fasynchronous-unwind-tables -fstack-clash-protection -fcf-protection -Wl,-z,relro -Wl,--as-needed -Wl,-z,pack-relative-relocs -Wl,-z,now -specs=\/usr\/lib\/rpm\/redhat\/redhat-hardened-ld -specs=\/usr\/lib\/rpm\/redhat\/redhat-annobin-cc1 -Wl,--build-id=sha1 -specs=\/usr\/lib\/rpm\/redhat\/redhat-package-notes -DSQLITE_DISABLE_DIRSYNC=1 -DSQLITE_SECURE_DELETE=1 -Wall -fno-strict-aliasing -DSQLITE_OS_UNIX=1 -I. -I\/builddir\/build\/BUILD\/sqlite-src-3450000\/src -I\/builddir\/build\/BUILD\/sqlite-src-3450000\/ext\/rtree -I\/builddir\/build\/BUILD\/sqlite-src-3450000\/ext\/icu -I\/builddir\/build\/BUILD\/sqlite-src-3450000\/ext\/fts3 -I\/builddir\/build\/BUILD\/sqlite-src-3450000\/ext\/async -I\/builddir\/build\/BUILD\/sqlite-src-3450000\/ext\/session -I\/builddir\/build\/BUILD\/sqlite-src-3450000\/ext\/userauth -D_HAVE_SQLITE_CONFIG_H -DBUILD_sqlite -DNDEBUG -I\/usr\/include -DSQLITE_THREADSAFE=1 -DSQLITE_ENABLE_MATH_FUNCTIONS -DSQLITE_ENABLE_FTS3 -DSQLITE_ENABLE_FTS4 -DSQLITE_ENABLE_FTS5 -DSQLITE_ENABLE_RTREE -DSQLITE_ENABLE_COLUMN_METADATA=1 -DSQLITE_ENABLE_UNLOCK_NOTIFY=1 -DSQLITE_ENABLE_DBSTAT_VTAB=1 -DSQLITE_ENABLE_FTS3_PARENTHESIS=1 -DSQLITE_ENABLE_DBPAGE_VTAB -DSQLITE_HAVE_ZLIB=1 -DSQLITE_TEMP_STORE=1 -c sqlite3.c  -fPIC -DPIC -o .libs\/sqlite3.o\nlibtool: compile:  gcc -O2 -flto=auto -ffat-lto-objects -fexceptions -g -grecord-gcc-switches -pipe -Wall -Wno-complain-wrong-lang -Werror=format-security -Werror=implicit-function-declaration -Werror=implicit-int -Wp,-U_FORTIFY_SOURCE,-D_FORTIFY_SOURCE=3 -Wp,-D_GLIBCXX_ASSERTIONS -specs=\/usr\/lib\/rpm\/redhat\/redhat-hardened-cc1 -fstack-protector-strong -specs=\/usr\/lib\/rpm\/redhat\/redhat-annobin-cc1 -m32 -march=i686 -mtune=generic -msse2 -mfpmath=sse -mstackrealign -fasynchronous-unwind-tables -fstack-clash-protection -fcf-protection -Wl,-z,relro -Wl,--as-needed -Wl,-z,pack-relative-relocs -Wl,-z,now -specs=\/usr\/lib\/rpm\/redhat\/redhat-hardened-ld -specs=\/usr\/lib\/rpm\/redhat\/redhat-annobin-cc1 -Wl,--build-id=sha1 -specs=\/usr\/lib\/rpm\/redhat\/redhat-package-notes -DSQLITE_DISABLE_DIRSYNC=1 -DSQLITE_SECURE_DELETE=1 -Wall -fno-strict-aliasing -DSQLITE_OS_UNIX=1 -I. -I\/builddir\/build\/BUILD\/sqlite-src-3450000\/src -I\/builddir\/build\/BUILD\/sqlite-src-3450000\/ext\/rtree -I\/builddir\/build\/BUILD\/sqlite-src-3450000\/ext\/icu -I\/builddir\/build\/BUILD\/sqlite-src-3450000\/ext\/fts3 -I\/builddir\/build\/BUILD\/sqlite-src-3450000\/ext\/async -I\/builddir\/build\/BUILD\/sqlite-src-3450000\/ext\/session -I\/builddir\/build\/BUILD\/sqlite-src-3450000\/ext\/userauth -D_HAVE_SQLITE_CONFIG_H -DBUILD_sqlite -DNDEBUG -I\/usr\/include -DSQLITE_THREADSAFE=1 -DSQLITE_ENABLE_MATH_FUNCTIONS -DSQLITE_ENABLE_FTS3 -DSQLITE_ENABLE_FTS4 -DSQLITE_ENABLE_FTS5 -DSQLITE_ENABLE_RTREE -DSQLITE_ENABLE_COLUMN_METADATA=1 -DSQLITE_ENABLE_UNLOCK_NOTIFY=1 -DSQLITE_ENABLE_DBSTAT_VTAB=1 -DSQLITE_ENABLE_FTS3_PARENTHESIS=1 -DSQLITE_ENABLE_DBPAGE_VTAB -DSQLITE_HAVE_ZLIB=1 -DSQLITE_TEMP_STORE=1 -c sqlite3.c -o sqlite3.o >\/dev\/null 2>&1\n.\/libtool --mode=link gcc -O2 -flto=auto -ffat-lto-objects -fexceptions -g -grecord-gcc-switches -pipe -Wall -Wno-complain-wrong-lang -Werror=format-security -Werror=implicit-function-declaration -Werror=implicit-int -Wp,-U_FORTIFY_SOURCE,-D_FORTIFY_SOURCE=3 -Wp,-D_GLIBCXX_ASSERTIONS -specs=\/usr\/lib\/rpm\/redhat\/redhat-hardened-cc1 -fstack-protector-strong -specs=\/usr\/lib\/rpm\/redhat\/redhat-annobin-cc1 -m32 -march=i686 -mtune=generic -msse2 -mfpmath=sse -mstackrealign -fasynchronous-unwind-tables -fstack-clash-protection -fcf-protection -Wl,-z,relro -Wl,--as-needed -Wl,-z,pack-relative-relocs -Wl,-z,now -specs=\/usr\/lib\/rpm\/redhat\/redhat-hardened-ld -specs=\/usr\/lib\/rpm\/redhat\/redhat-annobin-cc1 -Wl,--build-id=sha1 -specs=\/usr\/lib\/rpm\/redhat\/redhat-package-notes -DSQLITE_DISABLE_DIRSYNC=1 -DSQLITE_SECURE_DELETE=1 -Wall -fno-strict-aliasing -DSQLITE_OS_UNIX=1 -I. -I\/builddir\/build\/BUILD\/sqlite-src-3450000\/src -I\/builddir\/build\/BUILD\/sqlite-src-3450000\/ext\/rtree -I\/builddir\/build\/BUILD\/sqlite-src-3450000\/ext\/icu -I\/builddir\/build\/BUILD\/sqlite-src-3450000\/ext\/fts3 -I\/builddir\/build\/BUILD\/sqlite-src-3450000\/ext\/async -I\/builddir\/build\/BUILD\/sqlite-src-3450000\/ext\/session -I\/builddir\/build\/BUILD\/sqlite-src-3450000\/ext\/userauth -D_HAVE_SQLITE_CONFIG_H -DBUILD_sqlite -DNDEBUG -I\/usr\/include -DSQLITE_THREADSAFE=1 -DSQLITE_ENABLE_MATH_FUNCTIONS -DSQLITE_ENABLE_FTS3 -DSQLITE_ENABLE_FTS4 -DSQLITE_ENABLE_FTS5 -DSQLITE_ENABLE_RTREE -DSQLITE_ENABLE_COLUMN_METADATA=1 -DSQLITE_ENABLE_UNLOCK_NOTIFY=1 -DSQLITE_ENABLE_DBSTAT_VTAB=1 -DSQLITE_ENABLE_FTS3_PARENTHESIS=1 -DSQLITE_ENABLE_DBPAGE_VTAB  -DSQLITE_HAVE_ZLIB=1  -Wl,-z,relro -Wl,--as-needed  -Wl,-z,pack-relative-relocs -Wl,-z,now -specs=\/usr\/lib\/rpm\/redhat\/redhat-hardened-ld -specs=\/usr\/lib\/rpm\/redhat\/redhat-annobin-cc1  -Wl,--build-id=sha1 -specs=\/usr\/lib\/rpm\/redhat\/redhat-package-notes   -no-undefined -o libsqlite3.la sqlite3.lo -lm -lz   \\\n\t -rpath \"\/usr\/lib\" -version-info \"8:6:8\"\nlibtool: link: gcc -shared  .libs\/sqlite3.o   -lm -lz -Wl,-z,now -specs=\/usr\/lib\/rpm\/redhat\/redhat-hardened-ld -m32 -march=i686 -mtune=generic -msse2 -mfpmath=sse -mstackrealign -Wl,-z -Wl,relro -Wl,--as-needed -Wl,-z -Wl,pack-relative-relocs -Wl,-z -Wl,now -Wl,--build-id=sha1 -Wl,-z -Wl,relro -Wl,--as-needed -Wl,-z -Wl,pack-relative-relocs -Wl,-z -Wl,now -Wl,--build-id=sha1   -Wl,-soname -Wl,libsqlite3.so.0 -o .libs\/libsqlite3.so.0.8.6\nlibtool: link: (cd \".libs\" && rm -f \"libsqlite3.so.0\" && ln -s \"libsqlite3.so.0.8.6\" \"libsqlite3.so.0\")\nlibtool: link: (cd \".libs\" && rm -f \"libsqlite3.so\" && ln -s \"libsqlite3.so.0.8.6\" \"libsqlite3.so\")\nlibtool: link: ar cru .libs\/libsqlite3.a  sqlite3.o\nlibtool: link: ranlib .libs\/libsqlite3.a\nlibtool: link: ( cd \".libs\" && rm -f \"libsqlite3.la\" && ln -s \"..\/libsqlite3.la\" \"libsqlite3.la\" )\n.\/libtool --mode=link gcc -O2 -flto=auto -ffat-lto-objects -fexceptions -g -grecord-gcc-switches -pipe -Wall -Wno-complain-wrong-lang -Werror=format-security -Werror=implicit-function-declaration -Werror=implicit-int -Wp,-U_FORTIFY_SOURCE,-D_FORTIFY_SOURCE=3 -Wp,-D_GLIBCXX_ASSERTIONS -specs=\/usr\/lib\/rpm\/redhat\/redhat-hardened-cc1 -fstack-protector-strong -specs=\/usr\/lib\/rpm\/redhat\/redhat-annobin-cc1 -m32 -march=i686 -mtune=generic -msse2 -mfpmath=sse -mstackrealign -fasynchronous-unwind-tables -fstack-clash-protection -fcf-protection -Wl,-z,relro -Wl,--as-needed -Wl,-z,pack-relative-relocs -Wl,-z,now -specs=\/usr\/lib\/rpm\/redhat\/redhat-hardened-ld -specs=\/usr\/lib\/rpm\/redhat\/redhat-annobin-cc1 -Wl,--build-id=sha1 -specs=\/usr\/lib\/rpm\/redhat\/redhat-package-notes -DSQLITE_DISABLE_DIRSYNC=1 -DSQLITE_SECURE_DELETE=1 -Wall -fno-strict-aliasing -DSQLITE_OS_UNIX=1 -I. -I\/builddir\/build\/BUILD\/sqlite-src-3450000\/src -I\/builddir\/build\/BUILD\/sqlite-src-3450000\/ext\/rtree -I\/builddir\/build\/BUILD\/sqlite-src-3450000\/ext\/icu -I\/builddir\/build\/BUILD\/sqlite-src-3450000\/ext\/fts3 -I\/builddir\/build\/BUILD\/sqlite-src-3450000\/ext\/async -I\/builddir\/build\/BUILD\/sqlite-src-3450000\/ext\/session -I\/builddir\/build\/BUILD\/sqlite-src-3450000\/ext\/userauth -D_HAVE_SQLITE_CONFIG_H -DBUILD_sqlite -DNDEBUG -I\/usr\/include -DSQLITE_THREADSAFE=1 -DSQLITE_ENABLE_MATH_FUNCTIONS -DSQLITE_ENABLE_FTS3 -DSQLITE_ENABLE_FTS4 -DSQLITE_ENABLE_FTS5 -DSQLITE_ENABLE_RTREE -DSQLITE_ENABLE_COLUMN_METADATA=1 -DSQLITE_ENABLE_UNLOCK_NOTIFY=1 -DSQLITE_ENABLE_DBSTAT_VTAB=1 -DSQLITE_ENABLE_FTS3_PARENTHESIS=1 -DSQLITE_ENABLE_DBPAGE_VTAB  -DSQLITE_HAVE_ZLIB=1  -Wl,-z,relro -Wl,--as-needed  -Wl,-z,pack-relative-relocs -Wl,-z,now -specs=\/usr\/lib\/rpm\/redhat\/redhat-hardened-ld -specs=\/usr\/lib\/rpm\/redhat\/redhat-annobin-cc1  -Wl,--build-id=sha1 -specs=\/usr\/lib\/rpm\/redhat\/redhat-package-notes   -no-undefined -o libtclsqlite3.la tclsqlite.lo \\\n\tlibsqlite3.la -L\/usr\/lib -ltclstub8.6 -lm -lz   \\\n\t-rpath \"\/usr\/lib\/tcl8.6\/sqlite3\" \\\n\t-version-info \"8:6:8\" \\\n\t-avoid-version\nlibtool: link: gcc -shared  .libs\/tclsqlite.o   .\/.libs\/libsqlite3.so -L\/usr\/lib -ltclstub8.6 -lm -lz -Wl,-z,now -specs=\/usr\/lib\/rpm\/redhat\/redhat-hardened-ld -m32 -march=i686 -mtune=generic -msse2 -mfpmath=sse -mstackrealign -Wl,-z -Wl,relro -Wl,--as-needed -Wl,-z -Wl,pack-relative-relocs -Wl,-z -Wl,now -Wl,--build-id=sha1 -Wl,-z -Wl,relro -Wl,--as-needed -Wl,-z -Wl,pack-relative-relocs -Wl,-z -Wl,now -Wl,--build-id=sha1   -Wl,-soname -Wl,libtclsqlite3.so -o .libs\/libtclsqlite3.so\nlibtool: link: ar cru .libs\/libtclsqlite3.a  tclsqlite.o\nlibtool: link: ranlib .libs\/libtclsqlite3.a\nlibtool: link: ( cd \".libs\" && rm -f \"libtclsqlite3.la\" && ln -s \"..\/libtclsqlite3.la\" \"libtclsqlite3.la\" )\n+ \/usr\/bin\/make -O -j6 V=1 VERBOSE=1 sqlite3_analyzer\nsh \/builddir\/build\/BUILD\/sqlite-src-3450000\/tool\/cktclsh.sh 8.5 tclsh8.6\ntouch has_tclsh85\ntclsh8.6 \/builddir\/build\/BUILD\/sqlite-src-3450000\/tool\/mkccode.tcl \/builddir\/build\/BUILD\/sqlite-src-3450000\/tool\/sqlite3_analyzer.c.in >sqlite3_analyzer.c\n.\/libtool --mode=link gcc -O2 -flto=auto -ffat-lto-objects -fexceptions -g -grecord-gcc-switches -pipe -Wall -Wno-complain-wrong-lang -Werror=format-security -Werror=implicit-function-declaration -Werror=implicit-int -Wp,-U_FORTIFY_SOURCE,-D_FORTIFY_SOURCE=3 -Wp,-D_GLIBCXX_ASSERTIONS -specs=\/usr\/lib\/rpm\/redhat\/redhat-hardened-cc1 -fstack-protector-strong -specs=\/usr\/lib\/rpm\/redhat\/redhat-annobin-cc1 -m32 -march=i686 -mtune=generic -msse2 -mfpmath=sse -mstackrealign -fasynchronous-unwind-tables -fstack-clash-protection -fcf-protection -Wl,-z,relro -Wl,--as-needed -Wl,-z,pack-relative-relocs -Wl,-z,now -specs=\/usr\/lib\/rpm\/redhat\/redhat-hardened-ld -specs=\/usr\/lib\/rpm\/redhat\/redhat-annobin-cc1 -Wl,--build-id=sha1 -specs=\/usr\/lib\/rpm\/redhat\/redhat-package-notes -DSQLITE_DISABLE_DIRSYNC=1 -DSQLITE_SECURE_DELETE=1 -Wall -fno-strict-aliasing -DSQLITE_OS_UNIX=1 -I. -I\/builddir\/build\/BUILD\/sqlite-src-3450000\/src -I\/builddir\/build\/BUILD\/sqlite-src-3450000\/ext\/rtree -I\/builddir\/build\/BUILD\/sqlite-src-3450000\/ext\/icu -I\/builddir\/build\/BUILD\/sqlite-src-3450000\/ext\/fts3 -I\/builddir\/build\/BUILD\/sqlite-src-3450000\/ext\/async -I\/builddir\/build\/BUILD\/sqlite-src-3450000\/ext\/session -I\/builddir\/build\/BUILD\/sqlite-src-3450000\/ext\/userauth -D_HAVE_SQLITE_CONFIG_H -DBUILD_sqlite -DNDEBUG -I\/usr\/include -DSQLITE_THREADSAFE=1 -DSQLITE_ENABLE_MATH_FUNCTIONS -DSQLITE_ENABLE_FTS3 -DSQLITE_ENABLE_FTS4 -DSQLITE_ENABLE_FTS5 -DSQLITE_ENABLE_RTREE -DSQLITE_ENABLE_COLUMN_METADATA=1 -DSQLITE_ENABLE_UNLOCK_NOTIFY=1 -DSQLITE_ENABLE_DBSTAT_VTAB=1 -DSQLITE_ENABLE_FTS3_PARENTHESIS=1 -DSQLITE_ENABLE_DBPAGE_VTAB  -DSQLITE_HAVE_ZLIB=1  -Wl,-z,relro -Wl,--as-needed  -Wl,-z,pack-relative-relocs -Wl,-z,now -specs=\/usr\/lib\/rpm\/redhat\/redhat-hardened-ld -specs=\/usr\/lib\/rpm\/redhat\/redhat-annobin-cc1  -Wl,--build-id=sha1 -specs=\/usr\/lib\/rpm\/redhat\/redhat-package-notes   sqlite3_analyzer.c -o sqlite3_analyzer -L\/usr\/lib -ltcl8.6 -lm -lz  \nlibtool: link: gcc -O2 -flto=auto -ffat-lto-objects -fexceptions -g -grecord-gcc-switches -pipe -Wall -Wno-complain-wrong-lang -Werror=format-security -Werror=implicit-function-declaration -Werror=implicit-int -Wp,-U_FORTIFY_SOURCE,-D_FORTIFY_SOURCE=3 -Wp,-D_GLIBCXX_ASSERTIONS -specs=\/usr\/lib\/rpm\/redhat\/redhat-hardened-cc1 -fstack-protector-strong -specs=\/usr\/lib\/rpm\/redhat\/redhat-annobin-cc1 -m32 -march=i686 -mtune=generic -msse2 -mfpmath=sse -mstackrealign -fasynchronous-unwind-tables -fstack-clash-protection -fcf-protection -Wl,-z -Wl,relro -Wl,--as-needed -Wl,-z -Wl,pack-relative-relocs -Wl,-z -Wl,now -specs=\/usr\/lib\/rpm\/redhat\/redhat-hardened-ld -specs=\/usr\/lib\/rpm\/redhat\/redhat-annobin-cc1 -Wl,--build-id=sha1 -specs=\/usr\/lib\/rpm\/redhat\/redhat-package-notes -DSQLITE_DISABLE_DIRSYNC=1 -DSQLITE_SECURE_DELETE=1 -Wall -fno-strict-aliasing -DSQLITE_OS_UNIX=1 -I. -I\/builddir\/build\/BUILD\/sqlite-src-3450000\/src -I\/builddir\/build\/BUILD\/sqlite-src-3450000\/ext\/rtree -I\/builddir\/build\/BUILD\/sqlite-src-3450000\/ext\/icu -I\/builddir\/build\/BUILD\/sqlite-src-3450000\/ext\/fts3 -I\/builddir\/build\/BUILD\/sqlite-src-3450000\/ext\/async -I\/builddir\/build\/BUILD\/sqlite-src-3450000\/ext\/session -I\/builddir\/build\/BUILD\/sqlite-src-3450000\/ext\/userauth -D_HAVE_SQLITE_CONFIG_H -DBUILD_sqlite -DNDEBUG -I\/usr\/include -DSQLITE_THREADSAFE=1 -DSQLITE_ENABLE_MATH_FUNCTIONS -DSQLITE_ENABLE_FTS3 -DSQLITE_ENABLE_FTS4 -DSQLITE_ENABLE_FTS5 -DSQLITE_ENABLE_RTREE -DSQLITE_ENABLE_COLUMN_METADATA=1 -DSQLITE_ENABLE_UNLOCK_NOTIFY=1 -DSQLITE_ENABLE_DBSTAT_VTAB=1 -DSQLITE_ENABLE_FTS3_PARENTHESIS=1 -DSQLITE_ENABLE_DBPAGE_VTAB -DSQLITE_HAVE_ZLIB=1 -Wl,-z -Wl,relro -Wl,--as-needed -Wl,-z -Wl,pack-relative-relocs -Wl,-z -Wl,now -specs=\/usr\/lib\/rpm\/redhat\/redhat-hardened-ld -specs=\/usr\/lib\/rpm\/redhat\/redhat-annobin-cc1 -Wl,--build-id=sha1 -specs=\/usr\/lib\/rpm\/redhat\/redhat-package-notes sqlite3_analyzer.c -o sqlite3_analyzer  -L\/usr\/lib -ltcl8.6 -lm -lz\nsqlite3_analyzer.c:183418:21: warning: 'sqlite3ConnectionBlocked' defined but not used [-Wunused-function]\n183418 | SQLITE_PRIVATE void sqlite3ConnectionBlocked(sqlite3 *db, sqlite3 *pBlocker){\n       |                     ^~~~~~~~~~~~~~~~~~~~~~~~\n+ \/usr\/bin\/make -O -j6 V=1 VERBOSE=1 sqldiff\n.\/libtool --mode=link gcc -O2 -flto=auto -ffat-lto-objects -fexceptions -g -grecord-gcc-switches -pipe -Wall -Wno-complain-wrong-lang -Werror=format-security -Werror=implicit-function-declaration -Werror=implicit-int -Wp,-U_FORTIFY_SOURCE,-D_FORTIFY_SOURCE=3 -Wp,-D_GLIBCXX_ASSERTIONS -specs=\/usr\/lib\/rpm\/redhat\/redhat-hardened-cc1 -fstack-protector-strong -specs=\/usr\/lib\/rpm\/redhat\/redhat-annobin-cc1 -m32 -march=i686 -mtune=generic -msse2 -mfpmath=sse -mstackrealign -fasynchronous-unwind-tables -fstack-clash-protection -fcf-protection -Wl,-z,relro -Wl,--as-needed -Wl,-z,pack-relative-relocs -Wl,-z,now -specs=\/usr\/lib\/rpm\/redhat\/redhat-hardened-ld -specs=\/usr\/lib\/rpm\/redhat\/redhat-annobin-cc1 -Wl,--build-id=sha1 -specs=\/usr\/lib\/rpm\/redhat\/redhat-package-notes -DSQLITE_DISABLE_DIRSYNC=1 -DSQLITE_SECURE_DELETE=1 -Wall -fno-strict-aliasing -DSQLITE_OS_UNIX=1 -I. -I\/builddir\/build\/BUILD\/sqlite-src-3450000\/src -I\/builddir\/build\/BUILD\/sqlite-src-3450000\/ext\/rtree -I\/builddir\/build\/BUILD\/sqlite-src-3450000\/ext\/icu -I\/builddir\/build\/BUILD\/sqlite-src-3450000\/ext\/fts3 -I\/builddir\/build\/BUILD\/sqlite-src-3450000\/ext\/async -I\/builddir\/build\/BUILD\/sqlite-src-3450000\/ext\/session -I\/builddir\/build\/BUILD\/sqlite-src-3450000\/ext\/userauth -D_HAVE_SQLITE_CONFIG_H -DBUILD_sqlite -DNDEBUG -I\/usr\/include -DSQLITE_THREADSAFE=1 -DSQLITE_ENABLE_MATH_FUNCTIONS -DSQLITE_ENABLE_FTS3 -DSQLITE_ENABLE_FTS4 -DSQLITE_ENABLE_FTS5 -DSQLITE_ENABLE_RTREE -DSQLITE_ENABLE_COLUMN_METADATA=1 -DSQLITE_ENABLE_UNLOCK_NOTIFY=1 -DSQLITE_ENABLE_DBSTAT_VTAB=1 -DSQLITE_ENABLE_FTS3_PARENTHESIS=1 -DSQLITE_ENABLE_DBPAGE_VTAB  -DSQLITE_HAVE_ZLIB=1  -Wl,-z,relro -Wl,--as-needed  -Wl,-z,pack-relative-relocs -Wl,-z,now -specs=\/usr\/lib\/rpm\/redhat\/redhat-hardened-ld -specs=\/usr\/lib\/rpm\/redhat\/redhat-annobin-cc1  -Wl,--build-id=sha1 -specs=\/usr\/lib\/rpm\/redhat\/redhat-package-notes   -o sqldiff \/builddir\/build\/BUILD\/sqlite-src-3450000\/tool\/sqldiff.c sqlite3.lo -lm -lz  \nlibtool: link: gcc -O2 -flto=auto -ffat-lto-objects -fexceptions -g -grecord-gcc-switches -pipe -Wall -Wno-complain-wrong-lang -Werror=format-security -Werror=implicit-function-declaration -Werror=implicit-int -Wp,-U_FORTIFY_SOURCE,-D_FORTIFY_SOURCE=3 -Wp,-D_GLIBCXX_ASSERTIONS -specs=\/usr\/lib\/rpm\/redhat\/redhat-hardened-cc1 -fstack-protector-strong -specs=\/usr\/lib\/rpm\/redhat\/redhat-annobin-cc1 -m32 -march=i686 -mtune=generic -msse2 -mfpmath=sse -mstackrealign -fasynchronous-unwind-tables -fstack-clash-protection -fcf-protection -Wl,-z -Wl,relro -Wl,--as-needed -Wl,-z -Wl,pack-relative-relocs -Wl,-z -Wl,now -specs=\/usr\/lib\/rpm\/redhat\/redhat-hardened-ld -specs=\/usr\/lib\/rpm\/redhat\/redhat-annobin-cc1 -Wl,--build-id=sha1 -specs=\/usr\/lib\/rpm\/redhat\/redhat-package-notes -DSQLITE_DISABLE_DIRSYNC=1 -DSQLITE_SECURE_DELETE=1 -Wall -fno-strict-aliasing -DSQLITE_OS_UNIX=1 -I. -I\/builddir\/build\/BUILD\/sqlite-src-3450000\/src -I\/builddir\/build\/BUILD\/sqlite-src-3450000\/ext\/rtree -I\/builddir\/build\/BUILD\/sqlite-src-3450000\/ext\/icu -I\/builddir\/build\/BUILD\/sqlite-src-3450000\/ext\/fts3 -I\/builddir\/build\/BUILD\/sqlite-src-3450000\/ext\/async -I\/builddir\/build\/BUILD\/sqlite-src-3450000\/ext\/session -I\/builddir\/build\/BUILD\/sqlite-src-3450000\/ext\/userauth -D_HAVE_SQLITE_CONFIG_H -DBUILD_sqlite -DNDEBUG -I\/usr\/include -DSQLITE_THREADSAFE=1 -DSQLITE_ENABLE_MATH_FUNCTIONS -DSQLITE_ENABLE_FTS3 -DSQLITE_ENABLE_FTS4 -DSQLITE_ENABLE_FTS5 -DSQLITE_ENABLE_RTREE -DSQLITE_ENABLE_COLUMN_METADATA=1 -DSQLITE_ENABLE_UNLOCK_NOTIFY=1 -DSQLITE_ENABLE_DBSTAT_VTAB=1 -DSQLITE_ENABLE_FTS3_PARENTHESIS=1 -DSQLITE_ENABLE_DBPAGE_VTAB -DSQLITE_HAVE_ZLIB=1 -Wl,-z -Wl,relro -Wl,--as-needed -Wl,-z -Wl,pack-relative-relocs -Wl,-z -Wl,now -specs=\/usr\/lib\/rpm\/redhat\/redhat-hardened-ld -specs=\/usr\/lib\/rpm\/redhat\/redhat-annobin-cc1 -Wl,--build-id=sha1 -specs=\/usr\/lib\/rpm\/redhat\/redhat-package-notes -o sqldiff \/builddir\/build\/BUILD\/sqlite-src-3450000\/tool\/sqldiff.c .libs\/sqlite3.o  -lm -lz \n\/builddir\/build\/BUILD\/sqlite-src-3450000\/tool\/sqldiff.c: In function 'all_tables_sql':\n\/builddir\/build\/BUILD\/sqlite-src-3450000\/tool\/sqldiff.c:1835:9: warning: variable 'rc' set but not used [-Wunused-but-set-variable]\n 1835 |     int rc;\n      |         ^~\n+ RPM_EC=0\n++ jobs -p\n+ exit 0\nExecuting(%install): \/bin\/sh -e \/var\/tmp\/rpm-tmp.HR6ulr\n+ umask 022\n+ cd \/builddir\/build\/BUILD\n+ '[' \/builddir\/build\/BUILDROOT\/sqlite-3.45.0-1.fc40.i386 '!=' \/ ']'\n+ rm -rf \/builddir\/build\/BUILDROOT\/sqlite-3.45.0-1.fc40.i386\n++ dirname \/builddir\/build\/BUILDROOT\/sqlite-3.45.0-1.fc40.i386\n+ mkdir -p \/builddir\/build\/BUILDROOT\n+ mkdir \/builddir\/build\/BUILDROOT\/sqlite-3.45.0-1.fc40.i386\n+ CFLAGS='-O2 -flto=auto -ffat-lto-objects -fexceptions -g -grecord-gcc-switches -pipe -Wall -Werror=format-security -Werror=implicit-function-declaration -Werror=implicit-int -Wp,-U_FORTIFY_SOURCE,-D_FORTIFY_SOURCE=3 -Wp,-D_GLIBCXX_ASSERTIONS -specs=\/usr\/lib\/rpm\/redhat\/redhat-hardened-cc1 -fstack-protector-strong -specs=\/usr\/lib\/rpm\/redhat\/redhat-annobin-cc1  -m32 -march=i686 -mtune=generic -msse2 -mfpmath=sse -mstackrealign -fasynchronous-unwind-tables -fstack-clash-protection -fcf-protection '\n+ export CFLAGS\n+ CXXFLAGS='-O2 -flto=auto -ffat-lto-objects -fexceptions -g -grecord-gcc-switches -pipe -Wall -Werror=format-security -Wp,-U_FORTIFY_SOURCE,-D_FORTIFY_SOURCE=3 -Wp,-D_GLIBCXX_ASSERTIONS -specs=\/usr\/lib\/rpm\/redhat\/redhat-hardened-cc1 -fstack-protector-strong -specs=\/usr\/lib\/rpm\/redhat\/redhat-annobin-cc1  -m32 -march=i686 -mtune=generic -msse2 -mfpmath=sse -mstackrealign -fasynchronous-unwind-tables -fstack-clash-protection -fcf-protection '\n+ export CXXFLAGS\n+ FFLAGS='-O2 -flto=auto -ffat-lto-objects -fexceptions -g -grecord-gcc-switches -pipe -Wall -Wp,-U_FORTIFY_SOURCE,-D_FORTIFY_SOURCE=3 -Wp,-D_GLIBCXX_ASSERTIONS -specs=\/usr\/lib\/rpm\/redhat\/redhat-hardened-cc1 -fstack-protector-strong -specs=\/usr\/lib\/rpm\/redhat\/redhat-annobin-cc1  -m32 -march=i686 -mtune=generic -msse2 -mfpmath=sse -mstackrealign -fasynchronous-unwind-tables -fstack-clash-protection -fcf-protection -I\/usr\/lib\/gfortran\/modules '\n+ export FFLAGS\n+ FCFLAGS='-O2 -flto=auto -ffat-lto-objects -fexceptions -g -grecord-gcc-switches -pipe -Wall -Wp,-U_FORTIFY_SOURCE,-D_FORTIFY_SOURCE=3 -Wp,-D_GLIBCXX_ASSERTIONS -specs=\/usr\/lib\/rpm\/redhat\/redhat-hardened-cc1 -fstack-protector-strong -specs=\/usr\/lib\/rpm\/redhat\/redhat-annobin-cc1  -m32 -march=i686 -mtune=generic -msse2 -mfpmath=sse -mstackrealign -fasynchronous-unwind-tables -fstack-clash-protection -fcf-protection -I\/usr\/lib\/gfortran\/modules '\n+ export FCFLAGS\n+ VALAFLAGS=-g\n+ export VALAFLAGS\n+ RUSTFLAGS='-Copt-level=3 -Cdebuginfo=2 -Ccodegen-units=1 -Cstrip=none -Clink-arg=-Wl,-z,relro -Clink-arg=-Wl,-z,now -Clink-arg=-specs=\/usr\/lib\/rpm\/redhat\/redhat-package-notes --cap-lints=warn'\n+ export RUSTFLAGS\n+ LDFLAGS='-Wl,-z,relro -Wl,--as-needed  -Wl,-z,pack-relative-relocs -Wl,-z,now -specs=\/usr\/lib\/rpm\/redhat\/redhat-hardened-ld -specs=\/usr\/lib\/rpm\/redhat\/redhat-annobin-cc1  -Wl,--build-id=sha1 -specs=\/usr\/lib\/rpm\/redhat\/redhat-package-notes '\n+ export LDFLAGS\n+ LT_SYS_LIBRARY_PATH=\/usr\/lib:\n+ export LT_SYS_LIBRARY_PATH\n+ CC=gcc\n+ export CC\n+ CXX=g++\n+ export CXX\n+ cd sqlite-src-3450000\n+ \/usr\/bin\/make install DESTDIR=\/builddir\/build\/BUILDROOT\/sqlite-3.45.0-1.fc40.i386 'INSTALL=\/usr\/bin\/install -p'\n\/usr\/bin\/install -p -d \/builddir\/build\/BUILDROOT\/sqlite-3.45.0-1.fc40.i386\/usr\/lib\n.\/libtool --mode=install \/usr\/bin\/install -p libsqlite3.la \/builddir\/build\/BUILDROOT\/sqlite-3.45.0-1.fc40.i386\/usr\/lib\nlibtool: install: \/usr\/bin\/install -p .libs\/libsqlite3.so.0.8.6 \/builddir\/build\/BUILDROOT\/sqlite-3.45.0-1.fc40.i386\/usr\/lib\/libsqlite3.so.0.8.6\nlibtool: install: (cd \/builddir\/build\/BUILDROOT\/sqlite-3.45.0-1.fc40.i386\/usr\/lib && { ln -s -f libsqlite3.so.0.8.6 libsqlite3.so.0 || { rm -f libsqlite3.so.0 && ln -s libsqlite3.so.0.8.6 libsqlite3.so.0; }; })\nlibtool: install: (cd \/builddir\/build\/BUILDROOT\/sqlite-3.45.0-1.fc40.i386\/usr\/lib && { ln -s -f libsqlite3.so.0.8.6 libsqlite3.so || { rm -f libsqlite3.so && ln -s libsqlite3.so.0.8.6 libsqlite3.so; }; })\nlibtool: install: \/usr\/bin\/install -p .libs\/libsqlite3.lai \/builddir\/build\/BUILDROOT\/sqlite-3.45.0-1.fc40.i386\/usr\/lib\/libsqlite3.la\nlibtool: install: \/usr\/bin\/install -p .libs\/libsqlite3.a \/builddir\/build\/BUILDROOT\/sqlite-3.45.0-1.fc40.i386\/usr\/lib\/libsqlite3.a\nlibtool: install: chmod 644 \/builddir\/build\/BUILDROOT\/sqlite-3.45.0-1.fc40.i386\/usr\/lib\/libsqlite3.a\nlibtool: install: ranlib \/builddir\/build\/BUILDROOT\/sqlite-3.45.0-1.fc40.i386\/usr\/lib\/libsqlite3.a\nlibtool: install: warning: remember to run `libtool --finish \/usr\/lib'\necho 'package ifneeded sqlite3 3.45.0 [list load [file join $dir libtclsqlite3[info sharedlibextension]] sqlite3]' > pkgIndex.tcl\n\/usr\/bin\/install -p -d \/builddir\/build\/BUILDROOT\/sqlite-3.45.0-1.fc40.i386\/usr\/lib\/tcl8.6\/sqlite3\n.\/libtool --mode=install \/usr\/bin\/install -p libtclsqlite3.la \/builddir\/build\/BUILDROOT\/sqlite-3.45.0-1.fc40.i386\/usr\/lib\/tcl8.6\/sqlite3\nlibtool: install: warning: relinking `libtclsqlite3.la'\nlibtool: install: (cd \/builddir\/build\/BUILD\/sqlite-src-3450000; \/bin\/sh \/builddir\/build\/BUILD\/sqlite-src-3450000\/libtool  --mode=relink gcc -O2 -flto=auto -ffat-lto-objects -fexceptions -g -grecord-gcc-switches -pipe -Wall -Wno-complain-wrong-lang -Werror=format-security -Werror=implicit-function-declaration -Werror=implicit-int -Wp,-U_FORTIFY_SOURCE,-D_FORTIFY_SOURCE=3 -Wp,-D_GLIBCXX_ASSERTIONS -specs=\/usr\/lib\/rpm\/redhat\/redhat-hardened-cc1 -fstack-protector-strong -specs=\/usr\/lib\/rpm\/redhat\/redhat-annobin-cc1 -m32 -march=i686 -mtune=generic -msse2 -mfpmath=sse -mstackrealign -fasynchronous-unwind-tables -fstack-clash-protection -fcf-protection -Wl,-z,relro -Wl,--as-needed -Wl,-z,pack-relative-relocs -Wl,-z,now -specs=\/usr\/lib\/rpm\/redhat\/redhat-hardened-ld -specs=\/usr\/lib\/rpm\/redhat\/redhat-annobin-cc1 -Wl,--build-id=sha1 -specs=\/usr\/lib\/rpm\/redhat\/redhat-package-notes -DSQLITE_DISABLE_DIRSYNC=1 -DSQLITE_SECURE_DELETE=1 -Wall -fno-strict-aliasing -DSQLITE_OS_UNIX=1 -I. -I\/builddir\/build\/BUILD\/sqlite-src-3450000\/src -I\/builddir\/build\/BUILD\/sqlite-src-3450000\/ext\/rtree -I\/builddir\/build\/BUILD\/sqlite-src-3450000\/ext\/icu -I\/builddir\/build\/BUILD\/sqlite-src-3450000\/ext\/fts3 -I\/builddir\/build\/BUILD\/sqlite-src-3450000\/ext\/async -I\/builddir\/build\/BUILD\/sqlite-src-3450000\/ext\/session -I\/builddir\/build\/BUILD\/sqlite-src-3450000\/ext\/userauth -D_HAVE_SQLITE_CONFIG_H -DBUILD_sqlite -DNDEBUG -I\/usr\/include -DSQLITE_THREADSAFE=1 -DSQLITE_ENABLE_MATH_FUNCTIONS -DSQLITE_ENABLE_FTS3 -DSQLITE_ENABLE_FTS4 -DSQLITE_ENABLE_FTS5 -DSQLITE_ENABLE_RTREE -DSQLITE_ENABLE_COLUMN_METADATA=1 -DSQLITE_ENABLE_UNLOCK_NOTIFY=1 -DSQLITE_ENABLE_DBSTAT_VTAB=1 -DSQLITE_ENABLE_FTS3_PARENTHESIS=1 -DSQLITE_ENABLE_DBPAGE_VTAB -DSQLITE_HAVE_ZLIB=1 -Wl,-z,relro -Wl,--as-needed -Wl,-z,pack-relative-relocs -Wl,-z,now -specs=\/usr\/lib\/rpm\/redhat\/redhat-hardened-ld -specs=\/usr\/lib\/rpm\/redhat\/redhat-annobin-cc1 -Wl,--build-id=sha1 -specs=\/usr\/lib\/rpm\/redhat\/redhat-package-notes -no-undefined -o libtclsqlite3.la tclsqlite.lo libsqlite3.la -L\/usr\/lib -ltclstub8.6 -lm -lz -rpath \/usr\/lib\/tcl8.6\/sqlite3 -version-info 8:6:8 -avoid-version -inst-prefix-dir \/builddir\/build\/BUILDROOT\/sqlite-3.45.0-1.fc40.i386)\nlibtool: relink: gcc -shared  .libs\/tclsqlite.o   -L\/builddir\/build\/BUILDROOT\/sqlite-3.45.0-1.fc40.i386\/usr\/lib -L\/usr\/lib -lsqlite3 -ltclstub8.6 -lm -lz -Wl,-z,now -specs=\/usr\/lib\/rpm\/redhat\/redhat-hardened-ld -m32 -march=i686 -mtune=generic -msse2 -mfpmath=sse -mstackrealign -Wl,-z -Wl,relro -Wl,--as-needed -Wl,-z -Wl,pack-relative-relocs -Wl,-z -Wl,now -Wl,--build-id=sha1 -Wl,-z -Wl,relro -Wl,--as-needed -Wl,-z -Wl,pack-relative-relocs -Wl,-z -Wl,now -Wl,--build-id=sha1   -Wl,-soname -Wl,libtclsqlite3.so -o .libs\/libtclsqlite3.so\nlibtool: install: \/usr\/bin\/install -p .libs\/libtclsqlite3.soT \/builddir\/build\/BUILDROOT\/sqlite-3.45.0-1.fc40.i386\/usr\/lib\/tcl8.6\/sqlite3\/libtclsqlite3.so\nlibtool: install: \/usr\/bin\/install -p .libs\/libtclsqlite3.lai \/builddir\/build\/BUILDROOT\/sqlite-3.45.0-1.fc40.i386\/usr\/lib\/tcl8.6\/sqlite3\/libtclsqlite3.la\nlibtool: install: \/usr\/bin\/install -p .libs\/libtclsqlite3.a \/builddir\/build\/BUILDROOT\/sqlite-3.45.0-1.fc40.i386\/usr\/lib\/tcl8.6\/sqlite3\/libtclsqlite3.a\nlibtool: install: chmod 644 \/builddir\/build\/BUILDROOT\/sqlite-3.45.0-1.fc40.i386\/usr\/lib\/tcl8.6\/sqlite3\/libtclsqlite3.a\nlibtool: install: ranlib \/builddir\/build\/BUILDROOT\/sqlite-3.45.0-1.fc40.i386\/usr\/lib\/tcl8.6\/sqlite3\/libtclsqlite3.a\nlibtool: install: warning: remember to run `libtool --finish \/usr\/lib\/tcl8.6\/sqlite3'\nrm -f \/builddir\/build\/BUILDROOT\/sqlite-3.45.0-1.fc40.i386\/usr\/lib\/tcl8.6\/sqlite3\/libtclsqlite3.la \/builddir\/build\/BUILDROOT\/sqlite-3.45.0-1.fc40.i386\/usr\/lib\/tcl8.6\/sqlite3\/libtclsqlite3.a\n\/usr\/bin\/install -p -m 0644 pkgIndex.tcl \/builddir\/build\/BUILDROOT\/sqlite-3.45.0-1.fc40.i386\/usr\/lib\/tcl8.6\/sqlite3\n\/usr\/bin\/install -p -d \/builddir\/build\/BUILDROOT\/sqlite-3.45.0-1.fc40.i386\/usr\/bin\n.\/libtool --mode=install \/usr\/bin\/install -p sqlite3 \/builddir\/build\/BUILDROOT\/sqlite-3.45.0-1.fc40.i386\/usr\/bin\nlibtool: install: \/usr\/bin\/install -p sqlite3 \/builddir\/build\/BUILDROOT\/sqlite-3.45.0-1.fc40.i386\/usr\/bin\/sqlite3\n\/usr\/bin\/install -p -d \/builddir\/build\/BUILDROOT\/sqlite-3.45.0-1.fc40.i386\/usr\/include\n\/usr\/bin\/install -p -m 0644 sqlite3.h \/builddir\/build\/BUILDROOT\/sqlite-3.45.0-1.fc40.i386\/usr\/include\n\/usr\/bin\/install -p -m 0644 \/builddir\/build\/BUILD\/sqlite-src-3450000\/src\/sqlite3ext.h \/builddir\/build\/BUILDROOT\/sqlite-3.45.0-1.fc40.i386\/usr\/include\n\/usr\/bin\/install -p -d \/builddir\/build\/BUILDROOT\/sqlite-3.45.0-1.fc40.i386\/usr\/lib\/pkgconfig\n\/usr\/bin\/install -p -m 0644 sqlite3.pc \/builddir\/build\/BUILDROOT\/sqlite-3.45.0-1.fc40.i386\/usr\/lib\/pkgconfig\n+ install -D -m0644 sqlite3.1 \/builddir\/build\/BUILDROOT\/sqlite-3.45.0-1.fc40.i386\/\/usr\/share\/man\/man1\/sqlite3.1\n+ install -D -m0755 lemon \/builddir\/build\/BUILDROOT\/sqlite-3.45.0-1.fc40.i386\/\/usr\/bin\/lemon\n+ install -D -m0644 tool\/lempar.c \/builddir\/build\/BUILDROOT\/sqlite-3.45.0-1.fc40.i386\/\/usr\/share\/lemon\/lempar.c\n+ chmod 0755 \/builddir\/build\/BUILDROOT\/sqlite-3.45.0-1.fc40.i386\/\/usr\/lib\/tcl8.6\/sqlite3\/libtclsqlite3.so\n+ install -D -m0755 sqlite3_analyzer \/builddir\/build\/BUILDROOT\/sqlite-3.45.0-1.fc40.i386\/\/usr\/bin\/sqlite3_analyzer\n+ install -D -m0755 sqldiff \/builddir\/build\/BUILDROOT\/sqlite-3.45.0-1.fc40.i386\/\/usr\/bin\/sqldiff\n+ rm -f \/builddir\/build\/BUILDROOT\/sqlite-3.45.0-1.fc40.i386\/\/usr\/lib\/libsqlite3.la \/builddir\/build\/BUILDROOT\/sqlite-3.45.0-1.fc40.i386\/\/usr\/lib\/libsqlite3.a\n+ \/usr\/bin\/find-debuginfo -j6 --strict-build-id -m -i --build-id-seed 3.45.0-1.fc40 --unique-debug-suffix -3.45.0-1.fc40.i386 --unique-debug-src-base sqlite-3.45.0-1.fc40.i386 --run-dwz --dwz-low-mem-die-limit 10000000 --dwz-max-die-limit 50000000 -S debugsourcefiles.list \/builddir\/build\/BUILD\/sqlite-src-3450000\nfind-debuginfo: starting\nExtracting debug info from 6 files\nDWARF-compressing 6 files\nsepdebugcrcfix: Updated 6 CRC32s, 0 CRC32s did match.\nCreating .debug symlinks for symlinks to ELF files\nCopying sources found by 'debugedit -l' to \/usr\/src\/debug\/sqlite-3.45.0-1.fc40.i386\n39367 blocks\nfind-debuginfo: done\n+ \/usr\/lib\/rpm\/check-buildroot\n+ \/usr\/lib\/rpm\/redhat\/brp-ldconfig\n+ \/usr\/lib\/rpm\/brp-compress\n+ \/usr\/lib\/rpm\/redhat\/brp-strip-lto \/usr\/bin\/strip\n+ \/usr\/lib\/rpm\/brp-strip-static-archive \/usr\/bin\/strip\n+ \/usr\/lib\/rpm\/check-rpaths\n+ \/usr\/lib\/rpm\/redhat\/brp-mangle-shebangs\n+ \/usr\/lib\/rpm\/brp-remove-la-files\n+ env \/usr\/lib\/rpm\/redhat\/brp-python-bytecompile '' 1 0 -j6\n+ \/usr\/lib\/rpm\/redhat\/brp-python-hardlink\nExecuting(%check): \/bin\/sh -e \/var\/tmp\/rpm-tmp.fLD848\n+ umask 022\n+ cd \/builddir\/build\/BUILD\n+ CFLAGS='-O2 -flto=auto -ffat-lto-objects -fexceptions -g -grecord-gcc-switches -pipe -Wall -Werror=format-security -Werror=implicit-function-declaration -Werror=implicit-int -Wp,-U_FORTIFY_SOURCE,-D_FORTIFY_SOURCE=3 -Wp,-D_GLIBCXX_ASSERTIONS -specs=\/usr\/lib\/rpm\/redhat\/redhat-hardened-cc1 -fstack-protector-strong -specs=\/usr\/lib\/rpm\/redhat\/redhat-annobin-cc1  -m32 -march=i686 -mtune=generic -msse2 -mfpmath=sse -mstackrealign -fasynchronous-unwind-tables -fstack-clash-protection -fcf-protection '\n+ export CFLAGS\n+ CXXFLAGS='-O2 -flto=auto -ffat-lto-objects -fexceptions -g -grecord-gcc-switches -pipe -Wall -Werror=format-security -Wp,-U_FORTIFY_SOURCE,-D_FORTIFY_SOURCE=3 -Wp,-D_GLIBCXX_ASSERTIONS -specs=\/usr\/lib\/rpm\/redhat\/redhat-hardened-cc1 -fstack-protector-strong -specs=\/usr\/lib\/rpm\/redhat\/redhat-annobin-cc1  -m32 -march=i686 -mtune=generic -msse2 -mfpmath=sse -mstackrealign -fasynchronous-unwind-tables -fstack-clash-protection -fcf-protection '\n+ export CXXFLAGS\n+ FFLAGS='-O2 -flto=auto -ffat-lto-objects -fexceptions -g -grecord-gcc-switches -pipe -Wall -Wp,-U_FORTIFY_SOURCE,-D_FORTIFY_SOURCE=3 -Wp,-D_GLIBCXX_ASSERTIONS -specs=\/usr\/lib\/rpm\/redhat\/redhat-hardened-cc1 -fstack-protector-strong -specs=\/usr\/lib\/rpm\/redhat\/redhat-annobin-cc1  -m32 -march=i686 -mtune=generic -msse2 -mfpmath=sse -mstackrealign -fasynchronous-unwind-tables -fstack-clash-protection -fcf-protection -I\/usr\/lib\/gfortran\/modules '\n+ export FFLAGS\n+ FCFLAGS='-O2 -flto=auto -ffat-lto-objects -fexceptions -g -grecord-gcc-switches -pipe -Wall -Wp,-U_FORTIFY_SOURCE,-D_FORTIFY_SOURCE=3 -Wp,-D_GLIBCXX_ASSERTIONS -specs=\/usr\/lib\/rpm\/redhat\/redhat-hardened-cc1 -fstack-protector-strong -specs=\/usr\/lib\/rpm\/redhat\/redhat-annobin-cc1  -m32 -march=i686 -mtune=generic -msse2 -mfpmath=sse -mstackrealign -fasynchronous-unwind-tables -fstack-clash-protection -fcf-protection -I\/usr\/lib\/gfortran\/modules '\n+ export FCFLAGS\n+ VALAFLAGS=-g\n+ export VALAFLAGS\n+ RUSTFLAGS='-Copt-level=3 -Cdebuginfo=2 -Ccodegen-units=1 -Cstrip=none -Clink-arg=-Wl,-z,relro -Clink-arg=-Wl,-z,now -Clink-arg=-specs=\/usr\/lib\/rpm\/redhat\/redhat-package-notes --cap-lints=warn'\n+ export RUSTFLAGS\n+ LDFLAGS='-Wl,-z,relro -Wl,--as-needed  -Wl,-z,pack-relative-relocs -Wl,-z,now -specs=\/usr\/lib\/rpm\/redhat\/redhat-hardened-ld -specs=\/usr\/lib\/rpm\/redhat\/redhat-annobin-cc1  -Wl,--build-id=sha1 -specs=\/usr\/lib\/rpm\/redhat\/redhat-package-notes '\n+ export LDFLAGS\n+ LT_SYS_LIBRARY_PATH=\/usr\/lib:\n+ export LT_SYS_LIBRARY_PATH\n+ CC=gcc\n+ export CC\n+ CXX=g++\n+ export CXX\n+ cd sqlite-src-3450000\n++ pwd\n+ export LD_LIBRARY_PATH=\/builddir\/build\/BUILD\/sqlite-src-3450000\/.libs\n+ LD_LIBRARY_PATH=\/builddir\/build\/BUILD\/sqlite-src-3450000\/.libs\n+ export MALLOC_CHECK_=3\n+ MALLOC_CHECK_=3\n+ make test\ntclsh8.6 \/builddir\/build\/BUILD\/sqlite-src-3450000\/tool\/srctree-check.tcl\n.\/libtool --mode=link gcc -O2 -flto=auto -ffat-lto-objects -fexceptions -g -grecord-gcc-switches -pipe -Wall -Wno-complain-wrong-lang -Werror=format-security -Werror=implicit-function-declaration -Werror=implicit-int -Wp,-U_FORTIFY_SOURCE,-D_FORTIFY_SOURCE=3 -Wp,-D_GLIBCXX_ASSERTIONS -specs=\/usr\/lib\/rpm\/redhat\/redhat-hardened-cc1 -fstack-protector-strong -specs=\/usr\/lib\/rpm\/redhat\/redhat-annobin-cc1 -m32 -march=i686 -mtune=generic -msse2 -mfpmath=sse -mstackrealign -fasynchronous-unwind-tables -fstack-clash-protection -fcf-protection -Wl,-z,relro -Wl,--as-needed -Wl,-z,pack-relative-relocs -Wl,-z,now -specs=\/usr\/lib\/rpm\/redhat\/redhat-hardened-ld -specs=\/usr\/lib\/rpm\/redhat\/redhat-annobin-cc1 -Wl,--build-id=sha1 -specs=\/usr\/lib\/rpm\/redhat\/redhat-package-notes -DSQLITE_DISABLE_DIRSYNC=1 -DSQLITE_SECURE_DELETE=1 -Wall -fno-strict-aliasing -DSQLITE_OS_UNIX=1 -I. -I\/builddir\/build\/BUILD\/sqlite-src-3450000\/src -I\/builddir\/build\/BUILD\/sqlite-src-3450000\/ext\/rtree -I\/builddir\/build\/BUILD\/sqlite-src-3450000\/ext\/icu -I\/builddir\/build\/BUILD\/sqlite-src-3450000\/ext\/fts3 -I\/builddir\/build\/BUILD\/sqlite-src-3450000\/ext\/async -I\/builddir\/build\/BUILD\/sqlite-src-3450000\/ext\/session -I\/builddir\/build\/BUILD\/sqlite-src-3450000\/ext\/userauth -D_HAVE_SQLITE_CONFIG_H -DBUILD_sqlite -DNDEBUG -I\/usr\/include -DSQLITE_THREADSAFE=1 -DSQLITE_ENABLE_MATH_FUNCTIONS -DSQLITE_ENABLE_FTS3 -DSQLITE_ENABLE_FTS4 -DSQLITE_ENABLE_FTS5 -DSQLITE_ENABLE_RTREE -DSQLITE_ENABLE_COLUMN_METADATA=1 -DSQLITE_ENABLE_UNLOCK_NOTIFY=1 -DSQLITE_ENABLE_DBSTAT_VTAB=1 -DSQLITE_ENABLE_FTS3_PARENTHESIS=1 -DSQLITE_ENABLE_DBPAGE_VTAB  -DSQLITE_HAVE_ZLIB=1  -Wl,-z,relro -Wl,--as-needed  -Wl,-z,pack-relative-relocs -Wl,-z,now -specs=\/usr\/lib\/rpm\/redhat\/redhat-hardened-ld -specs=\/usr\/lib\/rpm\/redhat\/redhat-annobin-cc1  -Wl,--build-id=sha1 -specs=\/usr\/lib\/rpm\/redhat\/redhat-package-notes   -o fuzzcheck -I\/builddir\/build\/BUILD\/sqlite-src-3450000\/test -I\/builddir\/build\/BUILD\/sqlite-src-3450000\/ext\/recover -DSQLITE_OSS_FUZZ -DSQLITE_ENABLE_BYTECODE_VTAB -DSQLITE_ENABLE_DBPAGE_VTAB -DSQLITE_ENABLE_DBSTAT_VTAB -DSQLITE_ENABLE_BYTECODE_VTAB -DSQLITE_ENABLE_DESERIALIZE -DSQLITE_ENABLE_EXPLAIN_COMMENTS -DSQLITE_ENABLE_FTS3_PARENTHESIS -DSQLITE_ENABLE_FTS4 -DSQLITE_ENABLE_FTS5 -DSQLITE_ENABLE_GEOPOLY -DSQLITE_ENABLE_MATH_FUNCTIONS -DSQLITE_ENABLE_MEMSYS5 -DSQLITE_ENABLE_NORMALIZE -DSQLITE_ENABLE_OFFSET_SQL_FUNC -DSQLITE_ENABLE_PREUPDATE_HOOK -DSQLITE_ENABLE_RTREE -DSQLITE_ENABLE_SESSION -DSQLITE_ENABLE_STMTVTAB -DSQLITE_ENABLE_UNKNOWN_SQL_FUNCTION -DSQLITE_ENABLE_STAT4 -DSQLITE_ENABLE_STMT_SCANSTATUS -DSQLITE_MAX_MEMORY=50000000 -DSQLITE_MAX_MMAP_SIZE=0 -DSQLITE_OMIT_LOAD_EXTENSION -DSQLITE_PRINTF_PRECISION_LIMIT=1000 -DSQLITE_PRIVATE=\"\" -DSQLITE_STRICT_SUBTYPE=1 -DSQLITE_STATIC_RANDOMJSON \/builddir\/build\/BUILD\/sqlite-src-3450000\/test\/fuzzcheck.c \/builddir\/build\/BUILD\/sqlite-src-3450000\/test\/ossfuzz.c \/builddir\/build\/BUILD\/sqlite-src-3450000\/test\/fuzzinvariants.c \/builddir\/build\/BUILD\/sqlite-src-3450000\/ext\/recover\/dbdata.c \/builddir\/build\/BUILD\/sqlite-src-3450000\/ext\/recover\/sqlite3recover.c \/builddir\/build\/BUILD\/sqlite-src-3450000\/test\/vt02.c \/builddir\/build\/BUILD\/sqlite-src-3450000\/ext\/misc\/randomjson.c sqlite3.c -lm -lz  \nlibtool: link: gcc -O2 -flto=auto -ffat-lto-objects -fexceptions -g -grecord-gcc-switches -pipe -Wall -Wno-complain-wrong-lang -Werror=format-security -Werror=implicit-function-declaration -Werror=implicit-int -Wp,-U_FORTIFY_SOURCE,-D_FORTIFY_SOURCE=3 -Wp,-D_GLIBCXX_ASSERTIONS -specs=\/usr\/lib\/rpm\/redhat\/redhat-hardened-cc1 -fstack-protector-strong -specs=\/usr\/lib\/rpm\/redhat\/redhat-annobin-cc1 -m32 -march=i686 -mtune=generic -msse2 -mfpmath=sse -mstackrealign -fasynchronous-unwind-tables -fstack-clash-protection -fcf-protection -Wl,-z -Wl,relro -Wl,--as-needed -Wl,-z -Wl,pack-relative-relocs -Wl,-z -Wl,now -specs=\/usr\/lib\/rpm\/redhat\/redhat-hardened-ld -specs=\/usr\/lib\/rpm\/redhat\/redhat-annobin-cc1 -Wl,--build-id=sha1 -specs=\/usr\/lib\/rpm\/redhat\/redhat-package-notes -DSQLITE_DISABLE_DIRSYNC=1 -DSQLITE_SECURE_DELETE=1 -Wall -fno-strict-aliasing -DSQLITE_OS_UNIX=1 -I. -I\/builddir\/build\/BUILD\/sqlite-src-3450000\/src -I\/builddir\/build\/BUILD\/sqlite-src-3450000\/ext\/rtree -I\/builddir\/build\/BUILD\/sqlite-src-3450000\/ext\/icu -I\/builddir\/build\/BUILD\/sqlite-src-3450000\/ext\/fts3 -I\/builddir\/build\/BUILD\/sqlite-src-3450000\/ext\/async -I\/builddir\/build\/BUILD\/sqlite-src-3450000\/ext\/session -I\/builddir\/build\/BUILD\/sqlite-src-3450000\/ext\/userauth -D_HAVE_SQLITE_CONFIG_H -DBUILD_sqlite -DNDEBUG -I\/usr\/include -DSQLITE_THREADSAFE=1 -DSQLITE_ENABLE_MATH_FUNCTIONS -DSQLITE_ENABLE_FTS3 -DSQLITE_ENABLE_FTS4 -DSQLITE_ENABLE_FTS5 -DSQLITE_ENABLE_RTREE -DSQLITE_ENABLE_COLUMN_METADATA=1 -DSQLITE_ENABLE_UNLOCK_NOTIFY=1 -DSQLITE_ENABLE_DBSTAT_VTAB=1 -DSQLITE_ENABLE_FTS3_PARENTHESIS=1 -DSQLITE_ENABLE_DBPAGE_VTAB -DSQLITE_HAVE_ZLIB=1 -Wl,-z -Wl,relro -Wl,--as-needed -Wl,-z -Wl,pack-relative-relocs -Wl,-z -Wl,now -specs=\/usr\/lib\/rpm\/redhat\/redhat-hardened-ld -specs=\/usr\/lib\/rpm\/redhat\/redhat-annobin-cc1 -Wl,--build-id=sha1 -specs=\/usr\/lib\/rpm\/redhat\/redhat-package-notes -o fuzzcheck -I\/builddir\/build\/BUILD\/sqlite-src-3450000\/test -I\/builddir\/build\/BUILD\/sqlite-src-3450000\/ext\/recover -DSQLITE_OSS_FUZZ -DSQLITE_ENABLE_BYTECODE_VTAB -DSQLITE_ENABLE_DBPAGE_VTAB -DSQLITE_ENABLE_DBSTAT_VTAB -DSQLITE_ENABLE_BYTECODE_VTAB -DSQLITE_ENABLE_DESERIALIZE -DSQLITE_ENABLE_EXPLAIN_COMMENTS -DSQLITE_ENABLE_FTS3_PARENTHESIS -DSQLITE_ENABLE_FTS4 -DSQLITE_ENABLE_FTS5 -DSQLITE_ENABLE_GEOPOLY -DSQLITE_ENABLE_MATH_FUNCTIONS -DSQLITE_ENABLE_MEMSYS5 -DSQLITE_ENABLE_NORMALIZE -DSQLITE_ENABLE_OFFSET_SQL_FUNC -DSQLITE_ENABLE_PREUPDATE_HOOK -DSQLITE_ENABLE_RTREE -DSQLITE_ENABLE_SESSION -DSQLITE_ENABLE_STMTVTAB -DSQLITE_ENABLE_UNKNOWN_SQL_FUNCTION -DSQLITE_ENABLE_STAT4 -DSQLITE_ENABLE_STMT_SCANSTATUS -DSQLITE_MAX_MEMORY=50000000 -DSQLITE_MAX_MMAP_SIZE=0 -DSQLITE_OMIT_LOAD_EXTENSION -DSQLITE_PRINTF_PRECISION_LIMIT=1000 -DSQLITE_PRIVATE= -DSQLITE_STRICT_SUBTYPE=1 -DSQLITE_STATIC_RANDOMJSON \/builddir\/build\/BUILD\/sqlite-src-3450000\/test\/fuzzcheck.c \/builddir\/build\/BUILD\/sqlite-src-3450000\/test\/ossfuzz.c \/builddir\/build\/BUILD\/sqlite-src-3450000\/test\/fuzzinvariants.c \/builddir\/build\/BUILD\/sqlite-src-3450000\/ext\/recover\/dbdata.c \/builddir\/build\/BUILD\/sqlite-src-3450000\/ext\/recover\/sqlite3recover.c \/builddir\/build\/BUILD\/sqlite-src-3450000\/test\/vt02.c \/builddir\/build\/BUILD\/sqlite-src-3450000\/ext\/misc\/randomjson.c sqlite3.c  -lm -lz\n\/builddir\/build\/BUILD\/sqlite-src-3450000\/test\/fuzzcheck.c:164:12: warning: type of 'sqlite3_vt02_init' does not match original declaration [-Wlto-type-mismatch]\n  164 | extern int sqlite3_vt02_init(sqlite3*,char***,void*);\n      |            ^\n\/builddir\/build\/BUILD\/sqlite-src-3450000\/test\/vt02.c:1015:5: note: 'sqlite3_vt02_init' was previously declared here\n 1015 | int sqlite3_vt02_init(\n      |     ^\n\/builddir\/build\/BUILD\/sqlite-src-3450000\/test\/vt02.c:1015:5: note: code may be misoptimized unless '-fno-strict-aliasing' is used\n\/builddir\/build\/BUILD\/sqlite-src-3450000\/test\/fuzzcheck.c:165:12: warning: type of 'sqlite3_randomjson_init' does not match original declaration [-Wlto-type-mismatch]\n  165 | extern int sqlite3_randomjson_init(sqlite3*,char***,void*);\n      |            ^\n\/builddir\/build\/BUILD\/sqlite-src-3450000\/ext\/misc\/randomjson.c:217:5: note: 'sqlite3_randomjson_init' was previously declared here\n  217 | int sqlite3_randomjson_init(\n      |     ^\n\/builddir\/build\/BUILD\/sqlite-src-3450000\/ext\/misc\/randomjson.c:217:5: note: code may be misoptimized unless '-fno-strict-aliasing' is used\n.\/libtool --mode=link gcc -O2 -flto=auto -ffat-lto-objects -fexceptions -g -grecord-gcc-switches -pipe -Wall -Wno-complain-wrong-lang -Werror=format-security -Werror=implicit-function-declaration -Werror=implicit-int -Wp,-U_FORTIFY_SOURCE,-D_FORTIFY_SOURCE=3 -Wp,-D_GLIBCXX_ASSERTIONS -specs=\/usr\/lib\/rpm\/redhat\/redhat-hardened-cc1 -fstack-protector-strong -specs=\/usr\/lib\/rpm\/redhat\/redhat-annobin-cc1 -m32 -march=i686 -mtune=generic -msse2 -mfpmath=sse -mstackrealign -fasynchronous-unwind-tables -fstack-clash-protection -fcf-protection -Wl,-z,relro -Wl,--as-needed -Wl,-z,pack-relative-relocs -Wl,-z,now -specs=\/usr\/lib\/rpm\/redhat\/redhat-hardened-ld -specs=\/usr\/lib\/rpm\/redhat\/redhat-annobin-cc1 -Wl,--build-id=sha1 -specs=\/usr\/lib\/rpm\/redhat\/redhat-package-notes -DSQLITE_DISABLE_DIRSYNC=1 -DSQLITE_SECURE_DELETE=1 -Wall -fno-strict-aliasing -DSQLITE_OS_UNIX=1 -I. -I\/builddir\/build\/BUILD\/sqlite-src-3450000\/src -I\/builddir\/build\/BUILD\/sqlite-src-3450000\/ext\/rtree -I\/builddir\/build\/BUILD\/sqlite-src-3450000\/ext\/icu -I\/builddir\/build\/BUILD\/sqlite-src-3450000\/ext\/fts3 -I\/builddir\/build\/BUILD\/sqlite-src-3450000\/ext\/async -I\/builddir\/build\/BUILD\/sqlite-src-3450000\/ext\/session -I\/builddir\/build\/BUILD\/sqlite-src-3450000\/ext\/userauth -D_HAVE_SQLITE_CONFIG_H -DBUILD_sqlite -DNDEBUG -I\/usr\/include -DSQLITE_THREADSAFE=1 -DSQLITE_ENABLE_MATH_FUNCTIONS -DSQLITE_ENABLE_FTS3 -DSQLITE_ENABLE_FTS4 -DSQLITE_ENABLE_FTS5 -DSQLITE_ENABLE_RTREE -DSQLITE_ENABLE_COLUMN_METADATA=1 -DSQLITE_ENABLE_UNLOCK_NOTIFY=1 -DSQLITE_ENABLE_DBSTAT_VTAB=1 -DSQLITE_ENABLE_FTS3_PARENTHESIS=1 -DSQLITE_ENABLE_DBPAGE_VTAB  -DSQLITE_HAVE_ZLIB=1  -Wl,-z,relro -Wl,--as-needed  -Wl,-z,pack-relative-relocs -Wl,-z,now -specs=\/usr\/lib\/rpm\/redhat\/redhat-hardened-ld -specs=\/usr\/lib\/rpm\/redhat\/redhat-annobin-cc1  -Wl,--build-id=sha1 -specs=\/usr\/lib\/rpm\/redhat\/redhat-package-notes   -o sessionfuzz \/builddir\/build\/BUILD\/sqlite-src-3450000\/test\/sessionfuzz.c -lm -lz  \nlibtool: link: gcc -O2 -flto=auto -ffat-lto-objects -fexceptions -g -grecord-gcc-switches -pipe -Wall -Wno-complain-wrong-lang -Werror=format-security -Werror=implicit-function-declaration -Werror=implicit-int -Wp,-U_FORTIFY_SOURCE,-D_FORTIFY_SOURCE=3 -Wp,-D_GLIBCXX_ASSERTIONS -specs=\/usr\/lib\/rpm\/redhat\/redhat-hardened-cc1 -fstack-protector-strong -specs=\/usr\/lib\/rpm\/redhat\/redhat-annobin-cc1 -m32 -march=i686 -mtune=generic -msse2 -mfpmath=sse -mstackrealign -fasynchronous-unwind-tables -fstack-clash-protection -fcf-protection -Wl,-z -Wl,relro -Wl,--as-needed -Wl,-z -Wl,pack-relative-relocs -Wl,-z -Wl,now -specs=\/usr\/lib\/rpm\/redhat\/redhat-hardened-ld -specs=\/usr\/lib\/rpm\/redhat\/redhat-annobin-cc1 -Wl,--build-id=sha1 -specs=\/usr\/lib\/rpm\/redhat\/redhat-package-notes -DSQLITE_DISABLE_DIRSYNC=1 -DSQLITE_SECURE_DELETE=1 -Wall -fno-strict-aliasing -DSQLITE_OS_UNIX=1 -I. -I\/builddir\/build\/BUILD\/sqlite-src-3450000\/src -I\/builddir\/build\/BUILD\/sqlite-src-3450000\/ext\/rtree -I\/builddir\/build\/BUILD\/sqlite-src-3450000\/ext\/icu -I\/builddir\/build\/BUILD\/sqlite-src-3450000\/ext\/fts3 -I\/builddir\/build\/BUILD\/sqlite-src-3450000\/ext\/async -I\/builddir\/build\/BUILD\/sqlite-src-3450000\/ext\/session -I\/builddir\/build\/BUILD\/sqlite-src-3450000\/ext\/userauth -D_HAVE_SQLITE_CONFIG_H -DBUILD_sqlite -DNDEBUG -I\/usr\/include -DSQLITE_THREADSAFE=1 -DSQLITE_ENABLE_MATH_FUNCTIONS -DSQLITE_ENABLE_FTS3 -DSQLITE_ENABLE_FTS4 -DSQLITE_ENABLE_FTS5 -DSQLITE_ENABLE_RTREE -DSQLITE_ENABLE_COLUMN_METADATA=1 -DSQLITE_ENABLE_UNLOCK_NOTIFY=1 -DSQLITE_ENABLE_DBSTAT_VTAB=1 -DSQLITE_ENABLE_FTS3_PARENTHESIS=1 -DSQLITE_ENABLE_DBPAGE_VTAB -DSQLITE_HAVE_ZLIB=1 -Wl,-z -Wl,relro -Wl,--as-needed -Wl,-z -Wl,pack-relative-relocs -Wl,-z -Wl,now -specs=\/usr\/lib\/rpm\/redhat\/redhat-hardened-ld -specs=\/usr\/lib\/rpm\/redhat\/redhat-annobin-cc1 -Wl,--build-id=sha1 -specs=\/usr\/lib\/rpm\/redhat\/redhat-package-notes -o sessionfuzz \/builddir\/build\/BUILD\/sqlite-src-3450000\/test\/sessionfuzz.c  -lm -lz\n.\/fuzzcheck \/builddir\/build\/BUILD\/sqlite-src-3450000\/test\/fuzzdata1.db \/builddir\/build\/BUILD\/sqlite-src-3450000\/test\/fuzzdata2.db \/builddir\/build\/BUILD\/sqlite-src-3450000\/test\/fuzzdata3.db \/builddir\/build\/BUILD\/sqlite-src-3450000\/test\/fuzzdata4.db \/builddir\/build\/BUILD\/sqlite-src-3450000\/test\/fuzzdata5.db \/builddir\/build\/BUILD\/sqlite-src-3450000\/test\/fuzzdata6.db \/builddir\/build\/BUILD\/sqlite-src-3450000\/test\/fuzzdata7.db \/builddir\/build\/BUILD\/sqlite-src-3450000\/test\/fuzzdata8.db\nfuzzdata1.db: 0% 10% 20% 30% 40% 50% 60% 70% 80% 90% 100% - 9917 tests\nfuzzdata2.db: 0% 10% 20% 30% 40% 50% 60% 70% 80% 90% 100% - 9959 tests\nfuzzdata3.db: 0% 10% 20% 30% 40% 50% 60% 70% 80% 90% 100% - 2316 tests\nfuzzdata4.db: 0% 10% 20% 30% 40% 50% 60% 70% 80% 90% 100% - 2575 tests\nfuzzdata5.db: 0% 10% 20% 30% 40% 50% 60% 70% 80% 90% 100% - 8834 tests\nfuzzdata6.db: 0% 10% 20% 30% 40% 50% 60% 70% 80% 90% 100% - 3896 tests\nfuzzdata7.db: 0% 10% 20% 30% 40% 50% 60% 70% 80% 90% 100% - 8145 tests\nfuzzdata8.db: 0% 10% 20% 30% 40% 50% 60% 70% 80% 90% 100% - 746 tests\nfuzzcheck: 11446 query invariants checked\nfuzzcheck: 0 errors out of 46388 tests in 23.522 seconds\nSQLite 3.45.0 2024-01-15 17:01:13 1066602b2b1976fe58b5150777cced894af17c803e068f5918390d6915b4alt1 (32-bit)\n.\/sessionfuzz run \/builddir\/build\/BUILD\/sqlite-src-3450000\/test\/sessionfuzz-data1.db\nsessionfuzz-data1.db:  339 cases, 0 crashes\ngcc  -O2 -flto=auto -ffat-lto-objects -fexceptions -g -grecord-gcc-switches -pipe -Wall -Wno-complain-wrong-lang -Werror=format-security -Werror=implicit-function-declaration -Werror=implicit-int -Wp,-U_FORTIFY_SOURCE,-D_FORTIFY_SOURCE=3 -Wp,-D_GLIBCXX_ASSERTIONS -specs=\/usr\/lib\/rpm\/redhat\/redhat-hardened-cc1 -fstack-protector-strong -specs=\/usr\/lib\/rpm\/redhat\/redhat-annobin-cc1 -m32 -march=i686 -mtune=generic -msse2 -mfpmath=sse -mstackrealign -fasynchronous-unwind-tables -fstack-clash-protection -fcf-protection -Wl,-z,relro -Wl,--as-needed -Wl,-z,pack-relative-relocs -Wl,-z,now -specs=\/usr\/lib\/rpm\/redhat\/redhat-hardened-ld -specs=\/usr\/lib\/rpm\/redhat\/redhat-annobin-cc1 -Wl,--build-id=sha1 -specs=\/usr\/lib\/rpm\/redhat\/redhat-package-notes -DSQLITE_DISABLE_DIRSYNC=1 -DSQLITE_SECURE_DELETE=1 -Wall -fno-strict-aliasing -o srcck1 \/builddir\/build\/BUILD\/sqlite-src-3450000\/tool\/srcck1.c\n.\/srcck1 sqlite3.c\n.\/libtool --mode=link gcc -O2 -flto=auto -ffat-lto-objects -fexceptions -g -grecord-gcc-switches -pipe -Wall -Wno-complain-wrong-lang -Werror=format-security -Werror=implicit-function-declaration -Werror=implicit-int -Wp,-U_FORTIFY_SOURCE,-D_FORTIFY_SOURCE=3 -Wp,-D_GLIBCXX_ASSERTIONS -specs=\/usr\/lib\/rpm\/redhat\/redhat-hardened-cc1 -fstack-protector-strong -specs=\/usr\/lib\/rpm\/redhat\/redhat-annobin-cc1 -m32 -march=i686 -mtune=generic -msse2 -mfpmath=sse -mstackrealign -fasynchronous-unwind-tables -fstack-clash-protection -fcf-protection -Wl,-z,relro -Wl,--as-needed -Wl,-z,pack-relative-relocs -Wl,-z,now -specs=\/usr\/lib\/rpm\/redhat\/redhat-hardened-ld -specs=\/usr\/lib\/rpm\/redhat\/redhat-annobin-cc1 -Wl,--build-id=sha1 -specs=\/usr\/lib\/rpm\/redhat\/redhat-package-notes -DSQLITE_DISABLE_DIRSYNC=1 -DSQLITE_SECURE_DELETE=1 -Wall -fno-strict-aliasing -DSQLITE_OS_UNIX=1 -I. -I\/builddir\/build\/BUILD\/sqlite-src-3450000\/src -I\/builddir\/build\/BUILD\/sqlite-src-3450000\/ext\/rtree -I\/builddir\/build\/BUILD\/sqlite-src-3450000\/ext\/icu -I\/builddir\/build\/BUILD\/sqlite-src-3450000\/ext\/fts3 -I\/builddir\/build\/BUILD\/sqlite-src-3450000\/ext\/async -I\/builddir\/build\/BUILD\/sqlite-src-3450000\/ext\/session -I\/builddir\/build\/BUILD\/sqlite-src-3450000\/ext\/userauth -D_HAVE_SQLITE_CONFIG_H -DBUILD_sqlite -DNDEBUG -I\/usr\/include -DSQLITE_THREADSAFE=1 -DSQLITE_ENABLE_MATH_FUNCTIONS -DSQLITE_ENABLE_FTS3 -DSQLITE_ENABLE_FTS4 -DSQLITE_ENABLE_FTS5 -DSQLITE_ENABLE_RTREE -DSQLITE_ENABLE_COLUMN_METADATA=1 -DSQLITE_ENABLE_UNLOCK_NOTIFY=1 -DSQLITE_ENABLE_DBSTAT_VTAB=1 -DSQLITE_ENABLE_FTS3_PARENTHESIS=1 -DSQLITE_ENABLE_DBPAGE_VTAB  -DSQLITE_HAVE_ZLIB=1  -Wl,-z,relro -Wl,--as-needed  -Wl,-z,pack-relative-relocs -Wl,-z,now -specs=\/usr\/lib\/rpm\/redhat\/redhat-hardened-ld -specs=\/usr\/lib\/rpm\/redhat\/redhat-annobin-cc1  -Wl,--build-id=sha1 -specs=\/usr\/lib\/rpm\/redhat\/redhat-package-notes   -DSQLITE_NO_SYNC=1 -DSQLITE_TEMP_STORE=1 -DSQLITE_TEST=1 -DSQLITE_CRASH_TEST=1 -DTCLSH_INIT_PROC=sqlite3TestInit -DSQLITE_SERVER=1 -DSQLITE_PRIVATE=\"\" -DSQLITE_CORE -DBUILD_sqlite -DSQLITE_SERIES_CONSTRAINT_VERIFY=1 -DSQLITE_DEFAULT_PAGE_SIZE=1024 -DSQLITE_ENABLE_STMTVTAB -DSQLITE_ENABLE_DBPAGE_VTAB -DSQLITE_ENABLE_BYTECODE_VTAB -DSQLITE_CKSUMVFS_STATIC -DSQLITE_STATIC_RANDOMJSON -DSQLITE_STRICT_SUBTYPE=1 \\\n\t-o testfixture \/builddir\/build\/BUILD\/sqlite-src-3450000\/src\/test1.c \/builddir\/build\/BUILD\/sqlite-src-3450000\/src\/test2.c \/builddir\/build\/BUILD\/sqlite-src-3450000\/src\/test3.c \/builddir\/build\/BUILD\/sqlite-src-3450000\/src\/test4.c \/builddir\/build\/BUILD\/sqlite-src-3450000\/src\/test5.c \/builddir\/build\/BUILD\/sqlite-src-3450000\/src\/test6.c \/builddir\/build\/BUILD\/sqlite-src-3450000\/src\/test8.c \/builddir\/build\/BUILD\/sqlite-src-3450000\/src\/test9.c \/builddir\/build\/BUILD\/sqlite-src-3450000\/src\/test_autoext.c \/builddir\/build\/BUILD\/sqlite-src-3450000\/src\/test_async.c \/builddir\/build\/BUILD\/sqlite-src-3450000\/src\/test_backup.c \/builddir\/build\/BUILD\/sqlite-src-3450000\/src\/test_bestindex.c \/builddir\/build\/BUILD\/sqlite-src-3450000\/src\/test_blob.c \/builddir\/build\/BUILD\/sqlite-src-3450000\/src\/test_btree.c \/builddir\/build\/BUILD\/sqlite-src-3450000\/src\/test_config.c \/builddir\/build\/BUILD\/sqlite-src-3450000\/src\/test_delete.c \/builddir\/build\/BUILD\/sqlite-src-3450000\/src\/test_demovfs.c \/builddir\/build\/BUILD\/sqlite-src-3450000\/src\/test_devsym.c \/builddir\/build\/BUILD\/sqlite-src-3450000\/src\/test_fs.c \/builddir\/build\/BUILD\/sqlite-src-3450000\/src\/test_func.c \/builddir\/build\/BUILD\/sqlite-src-3450000\/src\/test_hexio.c \/builddir\/build\/BUILD\/sqlite-src-3450000\/src\/test_init.c \/builddir\/build\/BUILD\/sqlite-src-3450000\/src\/test_intarray.c \/builddir\/build\/BUILD\/sqlite-src-3450000\/src\/test_journal.c \/builddir\/build\/BUILD\/sqlite-src-3450000\/src\/test_malloc.c \/builddir\/build\/BUILD\/sqlite-src-3450000\/src\/test_md5.c \/builddir\/build\/BUILD\/sqlite-src-3450000\/src\/test_multiplex.c \/builddir\/build\/BUILD\/sqlite-src-3450000\/src\/test_mutex.c \/builddir\/build\/BUILD\/sqlite-src-3450000\/src\/test_onefile.c \/builddir\/build\/BUILD\/sqlite-src-3450000\/src\/test_osinst.c \/builddir\/build\/BUILD\/sqlite-src-3450000\/src\/test_pcache.c \/builddir\/build\/BUILD\/sqlite-src-3450000\/src\/test_quota.c \/builddir\/build\/BUILD\/sqlite-src-3450000\/src\/test_rtree.c \/builddir\/build\/BUILD\/sqlite-src-3450000\/src\/test_schema.c \/builddir\/build\/BUILD\/sqlite-src-3450000\/src\/test_superlock.c \/builddir\/build\/BUILD\/sqlite-src-3450000\/src\/test_syscall.c \/builddir\/build\/BUILD\/sqlite-src-3450000\/src\/test_tclsh.c \/builddir\/build\/BUILD\/sqlite-src-3450000\/src\/test_tclvar.c \/builddir\/build\/BUILD\/sqlite-src-3450000\/src\/test_thread.c \/builddir\/build\/BUILD\/sqlite-src-3450000\/src\/test_vdbecov.c \/builddir\/build\/BUILD\/sqlite-src-3450000\/src\/test_vfs.c \/builddir\/build\/BUILD\/sqlite-src-3450000\/src\/test_windirent.c \/builddir\/build\/BUILD\/sqlite-src-3450000\/src\/test_window.c \/builddir\/build\/BUILD\/sqlite-src-3450000\/src\/test_wsd.c \/builddir\/build\/BUILD\/sqlite-src-3450000\/ext\/fts3\/fts3_term.c \/builddir\/build\/BUILD\/sqlite-src-3450000\/ext\/fts3\/fts3_test.c \/builddir\/build\/BUILD\/sqlite-src-3450000\/ext\/session\/test_session.c \/builddir\/build\/BUILD\/sqlite-src-3450000\/ext\/recover\/sqlite3recover.c \/builddir\/build\/BUILD\/sqlite-src-3450000\/ext\/recover\/dbdata.c \/builddir\/build\/BUILD\/sqlite-src-3450000\/ext\/recover\/test_recover.c \/builddir\/build\/BUILD\/sqlite-src-3450000\/ext\/rbu\/test_rbu.c \/builddir\/build\/BUILD\/sqlite-src-3450000\/ext\/expert\/sqlite3expert.c \/builddir\/build\/BUILD\/sqlite-src-3450000\/ext\/expert\/test_expert.c \/builddir\/build\/BUILD\/sqlite-src-3450000\/ext\/misc\/amatch.c \/builddir\/build\/BUILD\/sqlite-src-3450000\/ext\/misc\/appendvfs.c \/builddir\/build\/BUILD\/sqlite-src-3450000\/ext\/misc\/basexx.c \/builddir\/build\/BUILD\/sqlite-src-3450000\/ext\/misc\/carray.c \/builddir\/build\/BUILD\/sqlite-src-3450000\/ext\/misc\/cksumvfs.c \/builddir\/build\/BUILD\/sqlite-src-3450000\/ext\/misc\/closure.c \/builddir\/build\/BUILD\/sqlite-src-3450000\/ext\/misc\/csv.c \/builddir\/build\/BUILD\/sqlite-src-3450000\/ext\/misc\/decimal.c \/builddir\/build\/BUILD\/sqlite-src-3450000\/ext\/misc\/eval.c \/builddir\/build\/BUILD\/sqlite-src-3450000\/ext\/misc\/explain.c \/builddir\/build\/BUILD\/sqlite-src-3450000\/ext\/misc\/fileio.c \/builddir\/build\/BUILD\/sqlite-src-3450000\/ext\/misc\/fuzzer.c \/builddir\/build\/BUILD\/sqlite-src-3450000\/ext\/fts5\/fts5_tcl.c \/builddir\/build\/BUILD\/sqlite-src-3450000\/ext\/fts5\/fts5_test_mi.c \/builddir\/build\/BUILD\/sqlite-src-3450000\/ext\/fts5\/fts5_test_tok.c \/builddir\/build\/BUILD\/sqlite-src-3450000\/ext\/misc\/ieee754.c \/builddir\/build\/BUILD\/sqlite-src-3450000\/ext\/misc\/mmapwarm.c \/builddir\/build\/BUILD\/sqlite-src-3450000\/ext\/misc\/nextchar.c \/builddir\/build\/BUILD\/sqlite-src-3450000\/ext\/misc\/normalize.c \/builddir\/build\/BUILD\/sqlite-src-3450000\/ext\/misc\/percentile.c \/builddir\/build\/BUILD\/sqlite-src-3450000\/ext\/misc\/prefixes.c \/builddir\/build\/BUILD\/sqlite-src-3450000\/ext\/misc\/qpvtab.c \/builddir\/build\/BUILD\/sqlite-src-3450000\/ext\/misc\/randomjson.c \/builddir\/build\/BUILD\/sqlite-src-3450000\/ext\/misc\/regexp.c \/builddir\/build\/BUILD\/sqlite-src-3450000\/ext\/misc\/remember.c \/builddir\/build\/BUILD\/sqlite-src-3450000\/ext\/misc\/series.c \/builddir\/build\/BUILD\/sqlite-src-3450000\/ext\/misc\/spellfix.c \/builddir\/build\/BUILD\/sqlite-src-3450000\/ext\/misc\/totype.c \/builddir\/build\/BUILD\/sqlite-src-3450000\/ext\/misc\/unionvtab.c \/builddir\/build\/BUILD\/sqlite-src-3450000\/ext\/misc\/wholenumber.c \/builddir\/build\/BUILD\/sqlite-src-3450000\/ext\/misc\/zipfile.c \/builddir\/build\/BUILD\/sqlite-src-3450000\/ext\/userauth\/userauth.c \/builddir\/build\/BUILD\/sqlite-src-3450000\/ext\/rtree\/test_rtreedoc.c \/builddir\/build\/BUILD\/sqlite-src-3450000\/src\/tclsqlite.c sqlite3.c -L\/usr\/lib -ltcl8.6 -lm -lz  \nlibtool: link: gcc -O2 -flto=auto -ffat-lto-objects -fexceptions -g -grecord-gcc-switches -pipe -Wall -Wno-complain-wrong-lang -Werror=format-security -Werror=implicit-function-declaration -Werror=implicit-int -Wp,-U_FORTIFY_SOURCE,-D_FORTIFY_SOURCE=3 -Wp,-D_GLIBCXX_ASSERTIONS -specs=\/usr\/lib\/rpm\/redhat\/redhat-hardened-cc1 -fstack-protector-strong -specs=\/usr\/lib\/rpm\/redhat\/redhat-annobin-cc1 -m32 -march=i686 -mtune=generic -msse2 -mfpmath=sse -mstackrealign -fasynchronous-unwind-tables -fstack-clash-protection -fcf-protection -Wl,-z -Wl,relro -Wl,--as-needed -Wl,-z -Wl,pack-relative-relocs -Wl,-z -Wl,now -specs=\/usr\/lib\/rpm\/redhat\/redhat-hardened-ld -specs=\/usr\/lib\/rpm\/redhat\/redhat-annobin-cc1 -Wl,--build-id=sha1 -specs=\/usr\/lib\/rpm\/redhat\/redhat-package-notes -DSQLITE_DISABLE_DIRSYNC=1 -DSQLITE_SECURE_DELETE=1 -Wall -fno-strict-aliasing -DSQLITE_OS_UNIX=1 -I. -I\/builddir\/build\/BUILD\/sqlite-src-3450000\/src -I\/builddir\/build\/BUILD\/sqlite-src-3450000\/ext\/rtree -I\/builddir\/build\/BUILD\/sqlite-src-3450000\/ext\/icu -I\/builddir\/build\/BUILD\/sqlite-src-3450000\/ext\/fts3 -I\/builddir\/build\/BUILD\/sqlite-src-3450000\/ext\/async -I\/builddir\/build\/BUILD\/sqlite-src-3450000\/ext\/session -I\/builddir\/build\/BUILD\/sqlite-src-3450000\/ext\/userauth -D_HAVE_SQLITE_CONFIG_H -DBUILD_sqlite -DNDEBUG -I\/usr\/include -DSQLITE_THREADSAFE=1 -DSQLITE_ENABLE_MATH_FUNCTIONS -DSQLITE_ENABLE_FTS3 -DSQLITE_ENABLE_FTS4 -DSQLITE_ENABLE_FTS5 -DSQLITE_ENABLE_RTREE -DSQLITE_ENABLE_COLUMN_METADATA=1 -DSQLITE_ENABLE_UNLOCK_NOTIFY=1 -DSQLITE_ENABLE_DBSTAT_VTAB=1 -DSQLITE_ENABLE_FTS3_PARENTHESIS=1 -DSQLITE_ENABLE_DBPAGE_VTAB -DSQLITE_HAVE_ZLIB=1 -Wl,-z -Wl,relro -Wl,--as-needed -Wl,-z -Wl,pack-relative-relocs -Wl,-z -Wl,now -specs=\/usr\/lib\/rpm\/redhat\/redhat-hardened-ld -specs=\/usr\/lib\/rpm\/redhat\/redhat-annobin-cc1 -Wl,--build-id=sha1 -specs=\/usr\/lib\/rpm\/redhat\/redhat-package-notes -DSQLITE_NO_SYNC=1 -DSQLITE_TEMP_STORE=1 -DSQLITE_TEST=1 -DSQLITE_CRASH_TEST=1 -DTCLSH_INIT_PROC=sqlite3TestInit -DSQLITE_SERVER=1 -DSQLITE_PRIVATE= -DSQLITE_CORE -DBUILD_sqlite -DSQLITE_SERIES_CONSTRAINT_VERIFY=1 -DSQLITE_DEFAULT_PAGE_SIZE=1024 -DSQLITE_ENABLE_STMTVTAB -DSQLITE_ENABLE_DBPAGE_VTAB -DSQLITE_ENABLE_BYTECODE_VTAB -DSQLITE_CKSUMVFS_STATIC -DSQLITE_STATIC_RANDOMJSON -DSQLITE_STRICT_SUBTYPE=1 -o testfixture \/builddir\/build\/BUILD\/sqlite-src-3450000\/src\/test1.c \/builddir\/build\/BUILD\/sqlite-src-3450000\/src\/test2.c \/builddir\/build\/BUILD\/sqlite-src-3450000\/src\/test3.c \/builddir\/build\/BUILD\/sqlite-src-3450000\/src\/test4.c \/builddir\/build\/BUILD\/sqlite-src-3450000\/src\/test5.c \/builddir\/build\/BUILD\/sqlite-src-3450000\/src\/test6.c \/builddir\/build\/BUILD\/sqlite-src-3450000\/src\/test8.c \/builddir\/build\/BUILD\/sqlite-src-3450000\/src\/test9.c \/builddir\/build\/BUILD\/sqlite-src-3450000\/src\/test_autoext.c \/builddir\/build\/BUILD\/sqlite-src-3450000\/src\/test_async.c \/builddir\/build\/BUILD\/sqlite-src-3450000\/src\/test_backup.c \/builddir\/build\/BUILD\/sqlite-src-3450000\/src\/test_bestindex.c \/builddir\/build\/BUILD\/sqlite-src-3450000\/src\/test_blob.c \/builddir\/build\/BUILD\/sqlite-src-3450000\/src\/test_btree.c \/builddir\/build\/BUILD\/sqlite-src-3450000\/src\/test_config.c \/builddir\/build\/BUILD\/sqlite-src-3450000\/src\/test_delete.c \/builddir\/build\/BUILD\/sqlite-src-3450000\/src\/test_demovfs.c \/builddir\/build\/BUILD\/sqlite-src-3450000\/src\/test_devsym.c \/builddir\/build\/BUILD\/sqlite-src-3450000\/src\/test_fs.c \/builddir\/build\/BUILD\/sqlite-src-3450000\/src\/test_func.c \/builddir\/build\/BUILD\/sqlite-src-3450000\/src\/test_hexio.c \/builddir\/build\/BUILD\/sqlite-src-3450000\/src\/test_init.c \/builddir\/build\/BUILD\/sqlite-src-3450000\/src\/test_intarray.c \/builddir\/build\/BUILD\/sqlite-src-3450000\/src\/test_journal.c \/builddir\/build\/BUILD\/sqlite-src-3450000\/src\/test_malloc.c \/builddir\/build\/BUILD\/sqlite-src-3450000\/src\/test_md5.c \/builddir\/build\/BUILD\/sqlite-src-3450000\/src\/test_multiplex.c \/builddir\/build\/BUILD\/sqlite-src-3450000\/src\/test_mutex.c \/builddir\/build\/BUILD\/sqlite-src-3450000\/src\/test_onefile.c \/builddir\/build\/BUILD\/sqlite-src-3450000\/src\/test_osinst.c \/builddir\/build\/BUILD\/sqlite-src-3450000\/src\/test_pcache.c \/builddir\/build\/BUILD\/sqlite-src-3450000\/src\/test_quota.c \/builddir\/build\/BUILD\/sqlite-src-3450000\/src\/test_rtree.c \/builddir\/build\/BUILD\/sqlite-src-3450000\/src\/test_schema.c \/builddir\/build\/BUILD\/sqlite-src-3450000\/src\/test_superlock.c \/builddir\/build\/BUILD\/sqlite-src-3450000\/src\/test_syscall.c \/builddir\/build\/BUILD\/sqlite-src-3450000\/src\/test_tclsh.c \/builddir\/build\/BUILD\/sqlite-src-3450000\/src\/test_tclvar.c \/builddir\/build\/BUILD\/sqlite-src-3450000\/src\/test_thread.c \/builddir\/build\/BUILD\/sqlite-src-3450000\/src\/test_vdbecov.c \/builddir\/build\/BUILD\/sqlite-src-3450000\/src\/test_vfs.c \/builddir\/build\/BUILD\/sqlite-src-3450000\/src\/test_windirent.c \/builddir\/build\/BUILD\/sqlite-src-3450000\/src\/test_window.c \/builddir\/build\/BUILD\/sqlite-src-3450000\/src\/test_wsd.c \/builddir\/build\/BUILD\/sqlite-src-3450000\/ext\/fts3\/fts3_term.c \/builddir\/build\/BUILD\/sqlite-src-3450000\/ext\/fts3\/fts3_test.c \/builddir\/build\/BUILD\/sqlite-src-3450000\/ext\/session\/test_session.c \/builddir\/build\/BUILD\/sqlite-src-3450000\/ext\/recover\/sqlite3recover.c \/builddir\/build\/BUILD\/sqlite-src-3450000\/ext\/recover\/dbdata.c \/builddir\/build\/BUILD\/sqlite-src-3450000\/ext\/recover\/test_recover.c \/builddir\/build\/BUILD\/sqlite-src-3450000\/ext\/rbu\/test_rbu.c \/builddir\/build\/BUILD\/sqlite-src-3450000\/ext\/expert\/sqlite3expert.c \/builddir\/build\/BUILD\/sqlite-src-3450000\/ext\/expert\/test_expert.c \/builddir\/build\/BUILD\/sqlite-src-3450000\/ext\/misc\/amatch.c \/builddir\/build\/BUILD\/sqlite-src-3450000\/ext\/misc\/appendvfs.c \/builddir\/build\/BUILD\/sqlite-src-3450000\/ext\/misc\/basexx.c \/builddir\/build\/BUILD\/sqlite-src-3450000\/ext\/misc\/carray.c \/builddir\/build\/BUILD\/sqlite-src-3450000\/ext\/misc\/cksumvfs.c \/builddir\/build\/BUILD\/sqlite-src-3450000\/ext\/misc\/closure.c \/builddir\/build\/BUILD\/sqlite-src-3450000\/ext\/misc\/csv.c \/builddir\/build\/BUILD\/sqlite-src-3450000\/ext\/misc\/decimal.c \/builddir\/build\/BUILD\/sqlite-src-3450000\/ext\/misc\/eval.c \/builddir\/build\/BUILD\/sqlite-src-3450000\/ext\/misc\/explain.c \/builddir\/build\/BUILD\/sqlite-src-3450000\/ext\/misc\/fileio.c \/builddir\/build\/BUILD\/sqlite-src-3450000\/ext\/misc\/fuzzer.c \/builddir\/build\/BUILD\/sqlite-src-3450000\/ext\/fts5\/fts5_tcl.c \/builddir\/build\/BUILD\/sqlite-src-3450000\/ext\/fts5\/fts5_test_mi.c \/builddir\/build\/BUILD\/sqlite-src-3450000\/ext\/fts5\/fts5_test_tok.c \/builddir\/build\/BUILD\/sqlite-src-3450000\/ext\/misc\/ieee754.c \/builddir\/build\/BUILD\/sqlite-src-3450000\/ext\/misc\/mmapwarm.c \/builddir\/build\/BUILD\/sqlite-src-3450000\/ext\/misc\/nextchar.c \/builddir\/build\/BUILD\/sqlite-src-3450000\/ext\/misc\/normalize.c \/builddir\/build\/BUILD\/sqlite-src-3450000\/ext\/misc\/percentile.c \/builddir\/build\/BUILD\/sqlite-src-3450000\/ext\/misc\/prefixes.c \/builddir\/build\/BUILD\/sqlite-src-3450000\/ext\/misc\/qpvtab.c \/builddir\/build\/BUILD\/sqlite-src-3450000\/ext\/misc\/randomjson.c \/builddir\/build\/BUILD\/sqlite-src-3450000\/ext\/misc\/regexp.c \/builddir\/build\/BUILD\/sqlite-src-3450000\/ext\/misc\/remember.c \/builddir\/build\/BUILD\/sqlite-src-3450000\/ext\/misc\/series.c \/builddir\/build\/BUILD\/sqlite-src-3450000\/ext\/misc\/spellfix.c \/builddir\/build\/BUILD\/sqlite-src-3450000\/ext\/misc\/totype.c \/builddir\/build\/BUILD\/sqlite-src-3450000\/ext\/misc\/unionvtab.c \/builddir\/build\/BUILD\/sqlite-src-3450000\/ext\/misc\/wholenumber.c \/builddir\/build\/BUILD\/sqlite-src-3450000\/ext\/misc\/zipfile.c \/builddir\/build\/BUILD\/sqlite-src-3450000\/ext\/userauth\/userauth.c \/builddir\/build\/BUILD\/sqlite-src-3450000\/ext\/rtree\/test_rtreedoc.c \/builddir\/build\/BUILD\/sqlite-src-3450000\/src\/tclsqlite.c sqlite3.c  -L\/usr\/lib -ltcl8.6 -lm -lz\n\/builddir\/build\/BUILD\/sqlite-src-3450000\/src\/test1.c: In function 'file_control_test':\n\/builddir\/build\/BUILD\/sqlite-src-3450000\/src\/test1.c:6403:7: warning: variable 'rc' set but not used [-Wunused-but-set-variable]\n 6403 |   int rc;\n      |       ^~\n\/builddir\/build\/BUILD\/sqlite-src-3450000\/src\/test1.c: In function 'save_prng_state':\n\/builddir\/build\/BUILD\/sqlite-src-3450000\/src\/test1.c:7041:7: warning: variable 'rc' set but not used [-Wunused-but-set-variable]\n 7041 |   int rc = sqlite3_test_control(9999);\n      |       ^~\n\/builddir\/build\/BUILD\/sqlite-src-3450000\/src\/test1.c: In function 'test_bad_behavior':\n\/builddir\/build\/BUILD\/sqlite-src-3450000\/src\/test1.c:8482:47: warning: pointer 'a_36' used after 'free' [-Wuse-after-free]\n 8482 |       Tcl_SetObjResult(interp, Tcl_NewIntObj(a[i]));\n      |                                               ^\n\/builddir\/build\/BUILD\/sqlite-src-3450000\/src\/test1.c:8481:7: note: call to 'free' here\n 8481 |       free(a);\n      |       ^~~~~~~\n\/builddir\/build\/BUILD\/sqlite-src-3450000\/src\/test1.c: In function 'test_prepare_v3':\n\/builddir\/build\/BUILD\/sqlite-src-3450000\/src\/test1.c:4981:24: warning: pointer 'zCopy_52' used after 'free' [-Wuse-after-free]\n 4981 |   zTail = &zSql[(zTail - zCopy)];\n      |                 ~~~~~~~^~~~~~~~\n\/builddir\/build\/BUILD\/sqlite-src-3450000\/src\/test1.c:4980:3: note: call to 'free' here\n 4980 |   free(zCopy);\n      |   ^~~~~~~~~~~\n\/builddir\/build\/BUILD\/sqlite-src-3450000\/src\/test_journal.c: In function 'readJournalFile':\n\/builddir\/build\/BUILD\/sqlite-src-3450000\/src\/test_journal.c:487:19: warning: unused variable 'cksum' [-Wunused-variable]\n  487 |               u32 cksum = genCksum(aPage, pMain->nPagesize);\n      |                   ^~~~~\n\/builddir\/build\/BUILD\/sqlite-src-3450000\/src\/test_journal.c: In function 'jtWrite':\n\/builddir\/build\/BUILD\/sqlite-src-3450000\/src\/test_journal.c:557:11: warning: unused variable 'pgno' [-Wunused-variable]\n  557 |       u32 pgno = (u32)(iOfst\/p->nPagesize + 1);\n      |           ^~~~\n\/builddir\/build\/BUILD\/sqlite-src-3450000\/src\/test_journal.c: In function 'jtTruncate':\n\/builddir\/build\/BUILD\/sqlite-src-3450000\/src\/test_journal.c:589:9: warning: unused variable 'locking_page' [-Wunused-variable]\n  589 |     u32 locking_page = (u32)(PENDING_BYTE\/p->nPagesize+1);\n      |         ^~~~~~~~~~~~\n\/builddir\/build\/BUILD\/sqlite-src-3450000\/src\/test_pcache.c: In function 'testpcacheCachesize':\n\/builddir\/build\/BUILD\/sqlite-src-3450000\/src\/test_pcache.c:169:15: warning: unused variable 'p' [-Wunused-variable]\n  169 |   testpcache *p = (testpcache*)pCache;\n      |               ^\n\/builddir\/build\/BUILD\/sqlite-src-3450000\/ext\/recover\/test_recover.c: In function 'testRecoverCmd':\n\/builddir\/build\/BUILD\/sqlite-src-3450000\/ext\/recover\/test_recover.c:192:11: warning: variable 'res2' set but not used [-Wunused-but-set-variable]\n  192 |       int res2;\n      |           ^~~~\n\/builddir\/build\/BUILD\/sqlite-src-3450000\/ext\/misc\/qpvtab.c: In function 'qpvtabBestIndex':\n\/builddir\/build\/BUILD\/sqlite-src-3450000\/ext\/misc\/qpvtab.c:344:7: warning: variable 'rc' set but not used [-Wunused-but-set-variable]\n  344 |   int rc;\n      |       ^~\nsqlite3.c: In function 'sqlite3UtfSelfTest':\nsqlite3.c:34559:16: warning: variable 'c' set but not used [-Wunused-but-set-variable]\n34559 |   unsigned int c;\n      |                ^\nsqlite3.c:34558:7: warning: variable 'n' set but not used [-Wunused-but-set-variable]\n34558 |   int n;\n      |       ^\nsqlite3.c:34555:19: warning: variable 't' set but not used [-Wunused-but-set-variable]\n34555 |   unsigned int i, t;\n      |                   ^\nsqlite3.c: In function 'intTestFunc':\nsqlite3.c:194007:7: warning: variable 'rc' set but not used [-Wunused-but-set-variable]\n194007 |   int rc;\n       |       ^~\nIn function 'memset',\n    inlined from 'test_create_function_v2' at \/builddir\/build\/BUILD\/sqlite-src-3450000\/src\/test1.c:1944:3:\n\/usr\/include\/bits\/string_fortified.h:59:10: warning: '__builtin_memset' writing 16 bytes into a region of size 0 overflows the destination [-Wstringop-overflow=]\n   59 |   return __builtin___memset_chk (__dest, __ch, __len,\n      |          ^\nIn function 'test_create_function_v2':\nlto1: note: destination object is likely at address zero\n.\/libtool --mode=link gcc -O2 -flto=auto -ffat-lto-objects -fexceptions -g -grecord-gcc-switches -pipe -Wall -Wno-complain-wrong-lang -Werror=format-security -Werror=implicit-function-declaration -Werror=implicit-int -Wp,-U_FORTIFY_SOURCE,-D_FORTIFY_SOURCE=3 -Wp,-D_GLIBCXX_ASSERTIONS -specs=\/usr\/lib\/rpm\/redhat\/redhat-hardened-cc1 -fstack-protector-strong -specs=\/usr\/lib\/rpm\/redhat\/redhat-annobin-cc1 -m32 -march=i686 -mtune=generic -msse2 -mfpmath=sse -mstackrealign -fasynchronous-unwind-tables -fstack-clash-protection -fcf-protection -Wl,-z,relro -Wl,--as-needed -Wl,-z,pack-relative-relocs -Wl,-z,now -specs=\/usr\/lib\/rpm\/redhat\/redhat-hardened-ld -specs=\/usr\/lib\/rpm\/redhat\/redhat-annobin-cc1 -Wl,--build-id=sha1 -specs=\/usr\/lib\/rpm\/redhat\/redhat-package-notes -DSQLITE_DISABLE_DIRSYNC=1 -DSQLITE_SECURE_DELETE=1 -Wall -fno-strict-aliasing -DSQLITE_OS_UNIX=1 -I. -I\/builddir\/build\/BUILD\/sqlite-src-3450000\/src -I\/builddir\/build\/BUILD\/sqlite-src-3450000\/ext\/rtree -I\/builddir\/build\/BUILD\/sqlite-src-3450000\/ext\/icu -I\/builddir\/build\/BUILD\/sqlite-src-3450000\/ext\/fts3 -I\/builddir\/build\/BUILD\/sqlite-src-3450000\/ext\/async -I\/builddir\/build\/BUILD\/sqlite-src-3450000\/ext\/session -I\/builddir\/build\/BUILD\/sqlite-src-3450000\/ext\/userauth -D_HAVE_SQLITE_CONFIG_H -DBUILD_sqlite -DNDEBUG -I\/usr\/include -DSQLITE_THREADSAFE=1 -DSQLITE_ENABLE_MATH_FUNCTIONS -DSQLITE_ENABLE_FTS3 -DSQLITE_ENABLE_FTS4 -DSQLITE_ENABLE_FTS5 -DSQLITE_ENABLE_RTREE -DSQLITE_ENABLE_COLUMN_METADATA=1 -DSQLITE_ENABLE_UNLOCK_NOTIFY=1 -DSQLITE_ENABLE_DBSTAT_VTAB=1 -DSQLITE_ENABLE_FTS3_PARENTHESIS=1 -DSQLITE_ENABLE_DBPAGE_VTAB  -DSQLITE_HAVE_ZLIB=1  -Wl,-z,relro -Wl,--as-needed  -Wl,-z,pack-relative-relocs -Wl,-z,now -specs=\/usr\/lib\/rpm\/redhat\/redhat-hardened-ld -specs=\/usr\/lib\/rpm\/redhat\/redhat-annobin-cc1  -Wl,--build-id=sha1 -specs=\/usr\/lib\/rpm\/redhat\/redhat-package-notes   -o dbhash \/builddir\/build\/BUILD\/sqlite-src-3450000\/tool\/dbhash.c sqlite3.lo -lm -lz  \nlibtool: link: gcc -O2 -flto=auto -ffat-lto-objects -fexceptions -g -grecord-gcc-switches -pipe -Wall -Wno-complain-wrong-lang -Werror=format-security -Werror=implicit-function-declaration -Werror=implicit-int -Wp,-U_FORTIFY_SOURCE,-D_FORTIFY_SOURCE=3 -Wp,-D_GLIBCXX_ASSERTIONS -specs=\/usr\/lib\/rpm\/redhat\/redhat-hardened-cc1 -fstack-protector-strong -specs=\/usr\/lib\/rpm\/redhat\/redhat-annobin-cc1 -m32 -march=i686 -mtune=generic -msse2 -mfpmath=sse -mstackrealign -fasynchronous-unwind-tables -fstack-clash-protection -fcf-protection -Wl,-z -Wl,relro -Wl,--as-needed -Wl,-z -Wl,pack-relative-relocs -Wl,-z -Wl,now -specs=\/usr\/lib\/rpm\/redhat\/redhat-hardened-ld -specs=\/usr\/lib\/rpm\/redhat\/redhat-annobin-cc1 -Wl,--build-id=sha1 -specs=\/usr\/lib\/rpm\/redhat\/redhat-package-notes -DSQLITE_DISABLE_DIRSYNC=1 -DSQLITE_SECURE_DELETE=1 -Wall -fno-strict-aliasing -DSQLITE_OS_UNIX=1 -I. -I\/builddir\/build\/BUILD\/sqlite-src-3450000\/src -I\/builddir\/build\/BUILD\/sqlite-src-3450000\/ext\/rtree -I\/builddir\/build\/BUILD\/sqlite-src-3450000\/ext\/icu -I\/builddir\/build\/BUILD\/sqlite-src-3450000\/ext\/fts3 -I\/builddir\/build\/BUILD\/sqlite-src-3450000\/ext\/async -I\/builddir\/build\/BUILD\/sqlite-src-3450000\/ext\/session -I\/builddir\/build\/BUILD\/sqlite-src-3450000\/ext\/userauth -D_HAVE_SQLITE_CONFIG_H -DBUILD_sqlite -DNDEBUG -I\/usr\/include -DSQLITE_THREADSAFE=1 -DSQLITE_ENABLE_MATH_FUNCTIONS -DSQLITE_ENABLE_FTS3 -DSQLITE_ENABLE_FTS4 -DSQLITE_ENABLE_FTS5 -DSQLITE_ENABLE_RTREE -DSQLITE_ENABLE_COLUMN_METADATA=1 -DSQLITE_ENABLE_UNLOCK_NOTIFY=1 -DSQLITE_ENABLE_DBSTAT_VTAB=1 -DSQLITE_ENABLE_FTS3_PARENTHESIS=1 -DSQLITE_ENABLE_DBPAGE_VTAB -DSQLITE_HAVE_ZLIB=1 -Wl,-z -Wl,relro -Wl,--as-needed -Wl,-z -Wl,pack-relative-relocs -Wl,-z -Wl,now -specs=\/usr\/lib\/rpm\/redhat\/redhat-hardened-ld -specs=\/usr\/lib\/rpm\/redhat\/redhat-annobin-cc1 -Wl,--build-id=sha1 -specs=\/usr\/lib\/rpm\/redhat\/redhat-package-notes -o dbhash \/builddir\/build\/BUILD\/sqlite-src-3450000\/tool\/dbhash.c .libs\/sqlite3.o  -lm -lz \ntclsh8.6 \/builddir\/build\/BUILD\/sqlite-src-3450000\/tool\/mkccode.tcl \/builddir\/build\/BUILD\/sqlite-src-3450000\/tool\/sqltclsh.c.in >sqltclsh.c\n.\/libtool --mode=link gcc -O2 -flto=auto -ffat-lto-objects -fexceptions -g -grecord-gcc-switches -pipe -Wall -Wno-complain-wrong-lang -Werror=format-security -Werror=implicit-function-declaration -Werror=implicit-int -Wp,-U_FORTIFY_SOURCE,-D_FORTIFY_SOURCE=3 -Wp,-D_GLIBCXX_ASSERTIONS -specs=\/usr\/lib\/rpm\/redhat\/redhat-hardened-cc1 -fstack-protector-strong -specs=\/usr\/lib\/rpm\/redhat\/redhat-annobin-cc1 -m32 -march=i686 -mtune=generic -msse2 -mfpmath=sse -mstackrealign -fasynchronous-unwind-tables -fstack-clash-protection -fcf-protection -Wl,-z,relro -Wl,--as-needed -Wl,-z,pack-relative-relocs -Wl,-z,now -specs=\/usr\/lib\/rpm\/redhat\/redhat-hardened-ld -specs=\/usr\/lib\/rpm\/redhat\/redhat-annobin-cc1 -Wl,--build-id=sha1 -specs=\/usr\/lib\/rpm\/redhat\/redhat-package-notes -DSQLITE_DISABLE_DIRSYNC=1 -DSQLITE_SECURE_DELETE=1 -Wall -fno-strict-aliasing -DSQLITE_OS_UNIX=1 -I. -I\/builddir\/build\/BUILD\/sqlite-src-3450000\/src -I\/builddir\/build\/BUILD\/sqlite-src-3450000\/ext\/rtree -I\/builddir\/build\/BUILD\/sqlite-src-3450000\/ext\/icu -I\/builddir\/build\/BUILD\/sqlite-src-3450000\/ext\/fts3 -I\/builddir\/build\/BUILD\/sqlite-src-3450000\/ext\/async -I\/builddir\/build\/BUILD\/sqlite-src-3450000\/ext\/session -I\/builddir\/build\/BUILD\/sqlite-src-3450000\/ext\/userauth -D_HAVE_SQLITE_CONFIG_H -DBUILD_sqlite -DNDEBUG -I\/usr\/include -DSQLITE_THREADSAFE=1 -DSQLITE_ENABLE_MATH_FUNCTIONS -DSQLITE_ENABLE_FTS3 -DSQLITE_ENABLE_FTS4 -DSQLITE_ENABLE_FTS5 -DSQLITE_ENABLE_RTREE -DSQLITE_ENABLE_COLUMN_METADATA=1 -DSQLITE_ENABLE_UNLOCK_NOTIFY=1 -DSQLITE_ENABLE_DBSTAT_VTAB=1 -DSQLITE_ENABLE_FTS3_PARENTHESIS=1 -DSQLITE_ENABLE_DBPAGE_VTAB  -DSQLITE_HAVE_ZLIB=1  -Wl,-z,relro -Wl,--as-needed  -Wl,-z,pack-relative-relocs -Wl,-z,now -specs=\/usr\/lib\/rpm\/redhat\/redhat-hardened-ld -specs=\/usr\/lib\/rpm\/redhat\/redhat-annobin-cc1  -Wl,--build-id=sha1 -specs=\/usr\/lib\/rpm\/redhat\/redhat-package-notes   sqltclsh.c -o sqltclsh -L\/usr\/lib -ltcl8.6 -lm -lz  \nlibtool: link: gcc -O2 -flto=auto -ffat-lto-objects -fexceptions -g -grecord-gcc-switches -pipe -Wall -Wno-complain-wrong-lang -Werror=format-security -Werror=implicit-function-declaration -Werror=implicit-int -Wp,-U_FORTIFY_SOURCE,-D_FORTIFY_SOURCE=3 -Wp,-D_GLIBCXX_ASSERTIONS -specs=\/usr\/lib\/rpm\/redhat\/redhat-hardened-cc1 -fstack-protector-strong -specs=\/usr\/lib\/rpm\/redhat\/redhat-annobin-cc1 -m32 -march=i686 -mtune=generic -msse2 -mfpmath=sse -mstackrealign -fasynchronous-unwind-tables -fstack-clash-protection -fcf-protection -Wl,-z -Wl,relro -Wl,--as-needed -Wl,-z -Wl,pack-relative-relocs -Wl,-z -Wl,now -specs=\/usr\/lib\/rpm\/redhat\/redhat-hardened-ld -specs=\/usr\/lib\/rpm\/redhat\/redhat-annobin-cc1 -Wl,--build-id=sha1 -specs=\/usr\/lib\/rpm\/redhat\/redhat-package-notes -DSQLITE_DISABLE_DIRSYNC=1 -DSQLITE_SECURE_DELETE=1 -Wall -fno-strict-aliasing -DSQLITE_OS_UNIX=1 -I. -I\/builddir\/build\/BUILD\/sqlite-src-3450000\/src -I\/builddir\/build\/BUILD\/sqlite-src-3450000\/ext\/rtree -I\/builddir\/build\/BUILD\/sqlite-src-3450000\/ext\/icu -I\/builddir\/build\/BUILD\/sqlite-src-3450000\/ext\/fts3 -I\/builddir\/build\/BUILD\/sqlite-src-3450000\/ext\/async -I\/builddir\/build\/BUILD\/sqlite-src-3450000\/ext\/session -I\/builddir\/build\/BUILD\/sqlite-src-3450000\/ext\/userauth -D_HAVE_SQLITE_CONFIG_H -DBUILD_sqlite -DNDEBUG -I\/usr\/include -DSQLITE_THREADSAFE=1 -DSQLITE_ENABLE_MATH_FUNCTIONS -DSQLITE_ENABLE_FTS3 -DSQLITE_ENABLE_FTS4 -DSQLITE_ENABLE_FTS5 -DSQLITE_ENABLE_RTREE -DSQLITE_ENABLE_COLUMN_METADATA=1 -DSQLITE_ENABLE_UNLOCK_NOTIFY=1 -DSQLITE_ENABLE_DBSTAT_VTAB=1 -DSQLITE_ENABLE_FTS3_PARENTHESIS=1 -DSQLITE_ENABLE_DBPAGE_VTAB -DSQLITE_HAVE_ZLIB=1 -Wl,-z -Wl,relro -Wl,--as-needed -Wl,-z -Wl,pack-relative-relocs -Wl,-z -Wl,now -specs=\/usr\/lib\/rpm\/redhat\/redhat-hardened-ld -specs=\/usr\/lib\/rpm\/redhat\/redhat-annobin-cc1 -Wl,--build-id=sha1 -specs=\/usr\/lib\/rpm\/redhat\/redhat-package-notes sqltclsh.c -o sqltclsh  -L\/usr\/lib -ltcl8.6 -lm -lz\nsqltclsh.c:183430:21: warning: 'sqlite3ConnectionBlocked' defined but not used [-Wunused-function]\n183430 | SQLITE_PRIVATE void sqlite3ConnectionBlocked(sqlite3 *db, sqlite3 *pBlocker){\n       |                     ^~~~~~~~~~~~~~~~~~~~~~~~\n.\/testfixture \/builddir\/build\/BUILD\/sqlite-src-3450000\/test\/veryquick.test --verbose=file --output=test-out.txt\nCopying output to file \/builddir\/build\/BUILD\/sqlite-src-3450000\/test-out.txt\nTime: expert1.test 232 ms\n-------------------------------------------------\n| id           | hex(block)                     |\n-------------------------------------------------\n| 1            | 0101                           |\n| 10           | 000000000102020002010101020101 |\n| 137438953473 | 0000000D05306161616101020204   |\n| 274877906945 | 0000000D05306161616101030204   |\n-------------------------------------------------\n-------------------------------------------------------\n| id           | hex(block)                           |\n-------------------------------------------------------\n| 1            | 0101                                 |\n| 10           | 000000000103030003010101020101030101 |\n| 137438953473 | 0000000D05306161616101020204         |\n| 274877906945 | 0000000C053061616161010104           |\n| 412316860417 | 0000000D05306161616101020204         |\n-------------------------------------------------------\n-------------------------------------------------\n| id           | hex(block)                     |\n-------------------------------------------------\n| 1            | 0101                           |\n| 10           | 000000000102020002010101020101 |\n| 137438953473 | 0000000D05306161616101020204   |\n| 274877906945 | 0000000D05306161616101030204   |\n-------------------------------------------------\n-------------------------------------------------------\n| id           | hex(block)                           |\n-------------------------------------------------------\n| 1            | 0101                                 |\n| 10           | 000000000103030003010101020101030101 |\n| 137438953473 | 0000000D05306161616101020204         |\n| 274877906945 | 0000000C053061616161010104           |\n| 412316860417 | 0000000D05306161616101020204         |\n-------------------------------------------------------\n-------------------------------------------------\n| id           | hex(block)                     |\n-------------------------------------------------\n| 1            | 0101                           |\n| 10           | 000000000102020002010101020101 |\n| 137438953473 | 0000000B0530616161610104       |\n| 274877906945 | 0000000D05306161616101000004   |\n-------------------------------------------------\n-------------------------------------------------------\n| id           | hex(block)                           |\n-------------------------------------------------------\n| 1            | 0101                                 |\n| 10           | 000000000103030003010101020101030101 |\n| 137438953473 | 0000000B0530616161610104             |\n| 274877906945 | 0000000C053061616161010004           |\n| 412316860417 | 0000000B0530616161610104             |\n-------------------------------------------------------\nTime: fts5aa.test 6369 ms\nTime: fts5ab.test 1381 ms\nTime: fts5ad.test 784 ms\nTime: fts5ae.test 74 ms\nTime: fts5af.test 292 ms\nTime: fts5ag.test 337 ms\nTime: fts5ah.test 5318 ms\nTime: fts5ai.test 15 ms\nTime: fts5ak.test 25 ms\nTime: fts5al.test 54 ms\nTime: fts5alter.test 29 ms\nTime: fts5auto.test 3586 ms\nTime: fts5aux.test 35 ms\nTime: fts5auxdata.test 12 ms\nTime: fts5cat.test 13 ms\nTime: fts5circref.test 15 ms\nTime: fts5colset.test 21 ms\nTime: fts5columnsize.test 26 ms\nTime: fts5config.test 31 ms\nTime: fts5conflict.test 22 ms\nTime: fts5connect.test 91 ms\nTime: fts5content.test 31 ms\nTime: fts5contentless.test 462 ms\nTime: fts5contentless2.test 5668 ms\nTime: fts5contentless3.test 32 ms\nTime: fts5contentless4.test 4930 ms\naddr  opcode        p1      p2      p3      p4                p5  #\n----  ------------  ------  ------  ------  ----------------  --  -\n0     Init          0       37      0                         0  \n1     OpenEphemera  1       7       0                         0  \n2     OpenRead      3       6       0       0                 0  \n3     VOpen         2       0       0       vtab:56DBF390     0  \n4     Rewind        3       25      0                         0  \n5       Integer       1       11      0                         0  \n6       Integer       0       9       0                         0  \n7       Integer       1       10      0                         0  \n8       VFilter       2       24      9       =                 0  \n9         Rowid         2       12      0                         0  \n10        Ne            13      23      12                        84  \n11        VColumn       2       1       12                        0  \n12        NotNull       12      23      0                         0  \n13        Rowid         2       14      0                         0  \n14        Rowid         2       15      0                         0  \n15        String8       0       16      0       a                 0  \n16        VColumn       2       1       17                        1  \n17        VColumn       2       2       18                        1  \n18        VColumn       2       3       19                        1  \n19        VColumn       2       4       20                        1  \n20        MakeRecord    14      7       12                        0  \n21        NewRowid      1       21      0                         0  \n22        Insert        1       12      21                        8  \n23      VNext         2       9       0                         0  \n24    Next          3       5       0                         1  \n25    Rewind        1       35      0                         0  \n26      Column        1       0       2                         0  \n27      Column        1       1       3                         0  \n28      Column        1       2       4                         0  \n29      Column        1       3       5                         0  \n30      Column        1       4       6                         0  \n31      Column        1       5       7                         0  \n32      Column        1       6       8                         0  \n33      VUpdate       0       7       2       vtab:56DBF390     2  \n34    Next          1       26      0                         0  \n35    Close         1       0       0                         0  \n36    Halt          0       0       0                         0  \n37    Transaction   0       1       6       0                 1  \n38    VBegin        0       0       0       vtab:56DBF390     0  \n39    Integer       1       13      0                         0  \n40    Goto          0       1       0                         0  \n----  ------------  ------  ------  ------  ----------------  --  -\nTime: fts5contentless5.test 15 ms\nTime: fts5delete.test 183 ms\nTime: fts5detail.test 33 ms\nTime: fts5determin.test 23 ms\nTime: fts5doclist.test 256 ms\nTime: fts5ea.test 12 ms\nTime: fts5eb.test 36 ms\nTime: fts5first.test 15 ms\nTime: fts5full.test 674 ms\nTime: fts5fuzz1.test 14 ms\nTime: fts5hash.test 823 ms\nTime: fts5integrity.test 990 ms\nTime: fts5interrupt.test 283 ms\nTime: fts5lastrowid.test 12 ms\nTime: fts5leftjoin.test 10 ms\nTime: fts5limits.test 13 ms\nTime: fts5matchinfo.test 236 ms\nTime: fts5merge.test 227 ms\nTime: fts5merge2.test 135 ms\nTime: fts5misc.test 100 ms\nTime: fts5multi.test 19 ms\nTime: fts5multiclient.test 64 ms\nTime: fts5near.test 24 ms\nTime: fts5onepass.test 24 ms\nTime: fts5optimize.test 254 ms\nTime: fts5optimize2.test 10334 ms\nTime: fts5optimize3.test 3982 ms\nTime: fts5origintext.test 433 ms\nTime: fts5origintext2.test 16 ms\nTime: fts5origintext3.test 28 ms\nTime: fts5origintext4.test 309 ms\nTime: fts5origintext5.test 10539 ms\nTime: fts5phrase.test 23 ms\nTime: fts5plan.test 12 ms\nTime: fts5porter.test 1628 ms\nTime: fts5porter2.test 12 ms\nTime: fts5prefix2.test 21 ms\nTime: fts5query.test 179 ms\nTime: fts5rank.test 34 ms\nTime: fts5rebuild.test 13 ms\nTime: fts5restart.test 194 ms\nTime: fts5rowid.test 904 ms\nTime: fts5savepoint.test 16 ms\n----------------------------------------------\n| id           | quote(block)                |\n----------------------------------------------\n| 1            | X'0000'                     |\n| 10           | X'000000010101010001010101' |\n| 137438953473 | X'00000004'                 |\n----------------------------------------------\nTime: fts5secure.test 1130 ms\nTime: fts5secure2.test 14 ms\nTime: fts5secure3.test 7849 ms\nTime: fts5secure4.test 1480 ms\nTime: fts5secure5.test 335 ms\nTime: fts5secure6.test 840 ms\nTime: fts5secure7.test 4578 ms\nTime: fts5secure8.test 12 ms\nTime: fts5simple.test 136 ms\nTime: fts5simple2.test 46 ms\nTime: fts5simple3.test 40 ms\nTime: fts5synonym.test 189 ms\nTime: fts5synonym2.test 5830 ms\nTime: fts5tok1.test 17 ms\nTime: fts5tok2.test 1863 ms\nTime: fts5tokenizer.test 38 ms\nTime: fts5tokenizer2.test 11 ms\nTime: fts5trigram.test 42 ms\nTime: fts5trigram2.test 16 ms\nTime: fts5ubsan.test 12 ms\nTime: fts5umlaut.test 25 ms\nTime: fts5unicode2.test 335 ms\nTime: fts5unicode3.test 2034 ms\nTime: fts5unicode4.test 10 ms\nTime: fts5unindexed.test 16 ms\nTime: fts5update.test 2733 ms\nTime: fts5version.test 16 ms\nTime: fts5vocab.test 224 ms\nTime: fts5vocab2.test 208 ms\nTime: lsm1_simple.test 8 ms\nTime: rbu1.test 8 ms\nTime: rbu10.test 7 ms\nTime: rbu11.test 7 ms\nTime: rbu12.test 7 ms\nTime: rbu13.test 7 ms\nTime: rbu14.test 7 ms\nTime: rbu3.test 7 ms\nTime: rbu5.test 8 ms\nTime: rbu6.test 7 ms\nTime: rbu7.test 7 ms\nTime: rbu8.test 7 ms\nTime: rbu9.test 7 ms\nTime: rbuA.test 7 ms\nTime: rbuB.test 7 ms\nTime: rbuC.test 7 ms\nTime: rbubusy.test 7 ms\nTime: rbucollate.test 7 ms\nTime: rbudiff.test 7 ms\nTime: rbudor.test 7 ms\nTime: rbuexlock.test 8 ms\nTime: rbuexpr.test 8 ms\nTime: rbufts.test 7 ms\nTime: rbumisc.test 8 ms\nTime: rbumulti.test 8 ms\nTime: rbupartial.test 7 ms\nTime: rbupass.test 7 ms\nTime: rbuprogress.test 8 ms\nTime: rburename.test 7 ms\nTime: rburesume.test 8 ms\nTime: rbusave.test 7 ms\nTime: rbusplit.test 8 ms\nTime: rbutemplimit.test 8 ms\nTime: rbuvacuum.test 8 ms\nTime: rbuvacuum2.test 8 ms\nTime: rbuvacuum3.test 7 ms\nTime: rbuvacuum4.test 7 ms\nTime: recover1.test 140 ms\nTime: recoverbuild.test 11 ms\nTime: recoverclobber.test 11 ms\nTime: recovercorrupt2.test 28 ms\nTime: recoverold.test 54 ms\nTime: recoverpgsz.test 132 ms\nTime: recoverrowid.test 13 ms\nTime: recoverslowidx.test 11 ms\nTime: recoversql.test 19 ms\nTime: rtree1.test 103 ms\nTime: rtree2.test 685 ms\nTime: rtree5.test 11 ms\nTime: rtree6.test 14 ms\nTime: rtree7.test 19 ms\nTime: rtree8.test 287 ms\nTime: rtree9.test 309 ms\nTime: rtreeA.test 112 ms\nTime: rtreeB.test 11 ms\nTime: rtreeC.test 31 ms\nTime: rtreeD.test 28 ms\nTime: rtreeE.test 493 ms\nTime: rtreeF.test 14 ms\nTime: rtreeG.test 13 ms\nTime: rtreeH.test 117 ms\nTime: rtreeI.test 13 ms\nTime: rtreecheck.test 37 ms\nTime: rtreecirc.test 14 ms\nTime: rtreeconnect.test 13 ms\nTime: rtreedoc.test 184 ms\nTime: rtreedoc2.test 27 ms\nTime: rtreedoc3.test 3732 ms\nTime: rtreefuzz001.test 22 ms\nTime: tkt3363.test 16 ms\nTime: changesetfuzz1.test 8 ms\nTime: session1.test 8 ms\nTime: session2.test 8 ms\nTime: session3.test 8 ms\nTime: session4.test 8 ms\nTime: session5.test 8 ms\nTime: session6.test 8 ms\nTime: session8.test 8 ms\nTime: session9.test 8 ms\nTime: sessionA.test 8 ms\nTime: sessionC.test 8 ms\nTime: sessionD.test 8 ms\nTime: sessionE.test 8 ms\nTime: sessionF.test 8 ms\nTime: sessionG.test 8 ms\nTime: sessionH.test 8 ms\nTime: sessionalter.test 8 ms\nTime: sessionat.test 8 ms\nTime: sessiondiff.test 8 ms\nTime: sessioninvert.test 8 ms\nTime: sessionmem.test 8 ms\nTime: sessionnoact.test 8 ms\nTime: sessionnoop.test 8 ms\nTime: sessionnoop2.test 8 ms\nTime: sessionrebase.test 8 ms\nTime: sessionrowid.test 8 ms\nTime: sessionsize.test 8 ms\nTime: sessionstat1.test 8 ms\nTime: sessionwor.test 8 ms\nTime: 8_3_names.test 8 ms\nTime: affinity2.test 14 ms\nTime: affinity3.test 14 ms\nTime: aggerror.test 11 ms\nTime: aggnested.test 26 ms\nTime: aggorderby.test 14 ms\nTime: alias.test 8 ms\nTime: alter.test 56 ms\nTime: alter2.test 25 ms\nTime: alter3.test 54 ms\nTime: alter4.test 32 ms\nTime: alterauth.test 11 ms\nTime: alterauth2.test 13 ms\nTime: altercol.test 123 ms\nTime: altercorrupt.test 11 ms\nTime: alterdropcol.test 223 ms\nTime: alterdropcol2.test 26 ms\nTime: alterlegacy.test 43 ms\nTime: alterqf.test 12 ms\nTime: altertab.test 83 ms\nTime: altertab2.test 43 ms\nTime: altertab3.test 58 ms\nTime: altertrig.test 28 ms\nQuery against fts4aux: 125025 microseconds per iteration\nQuery against ordinary table: 11832 microseconds per iteration\nTemp table initialized from fts4aux: 6445 microseconds per iteration\nQuery against temp table: 11648 microseconds per iteration\nTime: amatch1.test 558 ms\nTime: analyze.test 26 ms\nTime: analyze3.test 9 ms\nTime: analyze4.test 16 ms\nTime: analyze5.test 8 ms\nTime: analyze6.test 8 ms\nTime: analyze7.test 12 ms\nTime: analyze8.test 8 ms\nTime: analyze9.test 9 ms\nTime: analyzeC.test 16 ms\nTime: analyzeD.test 8 ms\nTime: analyzeE.test 8 ms\nTime: analyzeF.test 8 ms\nTime: analyzeG.test 8 ms\nTime: analyzer1.test 31 ms\nTime: async4.test 9 ms\nTime: async5.test 8 ms\nNo f2fs atomic-batch-write support. Skipping tests...\nTime: atomic.test 8 ms\nNo f2fs atomic-batch-write support. Skipping tests...\nTime: atomic2.test 9 ms\nTime: attach.test 36 ms\nTime: attach2.test 23 ms\nTime: attach3.test 18 ms\nTesting with SQLITE_MAX_ATTACHED=10\nTime: attach4.test 20 ms\nTime: auth.test 68 ms\nTime: auth2.test 12 ms\nTime: auth3.test 12 ms\nTime: autoanalyze1.test 8 ms\nTime: autoinc.test 42 ms\nTime: autoindex1.test 68 ms\nTime: autoindex2.test 18 ms\nTime: autoindex3.test 13 ms\nTime: autoindex4.test 26 ms\nTime: autoindex5.test 16 ms\nTime: autovacuum.test 351 ms\nTime: autovacuum2.test 12 ms\nTime: avfs.test 541 ms\nTime: avtrans.test 1094 ms\nWARNING: No historical binaries to test against.\nWARNING: Omitting backwards-compatibility tests\nTime: backcompat.test 10 ms\nTime: backup2.test 320 ms\nTime: backup4.test 15 ms\nTime: backup5.test 12 ms\nTime: badutf.test 12 ms\nTime: badutf2.test 13 ms\nTime: basexx1.test 23 ms\nTime: bestindex1.test 19 ms\nTime: bestindex2.test 12 ms\nTime: bestindex3.test 15 ms\nTime: bestindex4.test 313 ms\nTime: bestindex5.test 17 ms\nTime: bestindex6.test 11 ms\nTime: bestindex7.test 11 ms\nTime: bestindex8.test 24 ms\nTime: bestindex9.test 13 ms\nTime: bestindexA.test 11 ms\naddr  opcode        p1      p2      p3      p4                p5  #\n----  ------------  ------  ------  ------  ----------------  --  -\n0     Init          0       17      0                         0  \n1     OpenWrite     0       3       0       2                 0  \n2     Null          0       2       0                         0  \n3     Null          0       3       0                         0  \n4     NewRowid      0       1       0                         0  \n5     MakeRecord    2       2       4                         0  \n6     Insert        0       4       1       y2                57  \n7     Copy          1       5       0                         0  \n8     MakeRecord    5       1       6                         0  \n9     NewRowid      2       7       0                         0  \n10    Insert        2       6       7                         0  \n11    FkCheck       0       0       0                         0  \n12    Rewind        2       16      0                         0  \n13      Column        2       0       5                         0  \n14      ResultRow     5       1       0                         0  \n15    Next          2       13      0                         0  \n16    Halt          0       0       0                         0  \n17    Transaction   0       1       4       0                 1  \n18    OpenEphemera  2       1       0                         0  \n19    Goto          0       1       0                         0  \n----  ------------  ------  ------  ------  ----------------  --  -\nTime: bestindexB.test 13 ms\nTime: between.test 18 ms\nSkipping bigmmap.test - requires SQLITE_MAX_MMAP_SIZE >= 8G\nTime: bigmmap.test 9 ms\nTime: bigrow.test 227 ms\nTime: bind.test 28 ms\nTime: bind2.test 10 ms\nTime: bindxfer.test 9 ms\nTime: bitvec.test 1236 ms\nTime: blob.test 13 ms\nTime: bloom1.test 27 ms\nTime: boundary1.test 193 ms\nTime: boundary2.test 342 ms\nTime: boundary3.test 254 ms\nTime: boundary4.test 27 ms\nTime: btree01.test 359 ms\nTime: btree02.test 14 ms\nTime: busy.test 17 ms\nTime: busy2.test 6075 ms\nTime: cache.test 27 ms\nTime: cacheflush.test 28 ms\nTime: cachespill.test 15 ms\nTime: capi2.test 28 ms\nTime: capi3.test 123 ms\nTime: capi3b.test 13 ms\nTime: capi3c.test 127 ms\nTime: capi3d.test 184 ms\nTime: capi3e.test 21 ms\nTime: carray01.test 11 ms\nTime: cast.test 22 ms\nTime: changes.test 112 ms\nTime: changes2.test 14 ms\nTime: check.test 32 ms\nTime: chunksize.test 11 ms\nTime: close.test 11 ms\nTime: closure01.test 683 ms\nTime: coalesce.test 12 ms\nTime: collate1.test 27 ms\nTime: collate2.test 30 ms\nTime: collate3.test 26 ms\nTime: collate4.test 41 ms\nTime: collate5.test 142 ms\nTime: collate6.test 14 ms\nTime: collate7.test 10 ms\nTime: collate8.test 12 ms\nTime: collate9.test 13 ms\nTime: collateA.test 16 ms\nTime: collateB.test 13 ms\nTime: colmeta.test 21 ms\nTime: colname.test 23 ms\nTime: columncount.test 12 ms\nTime: conflict.test 93 ms\nTime: conflict2.test 87 ms\nTime: conflict3.test 28 ms\nTime: contrib01.test 13 ms\nTime: corrupt2.test 56 ms\nTime: corrupt3.test 8 ms\nTime: corrupt4.test 139 ms\nTime: corrupt5.test 10 ms\nTime: corrupt6.test 15 ms\nTime: corrupt7.test 10 ms\nTime: corrupt8.test 52 ms\nTime: corrupt9.test 17 ms\nTime: corruptA.test 11 ms\nTime: corruptB.test 88 ms\nTime: corruptD.test 16 ms\nTime: corruptE.test 22 ms\nTime: corruptF.test 195 ms\nTime: corruptG.test 10 ms\nTime: corruptH.test 15 ms\nTime: corruptI.test 22 ms\nTime: corruptJ.test 11 ms\nTime: corruptK.test 16 ms\nTime: corruptL.test 37 ms\nTime: corruptM.test 18 ms\nTime: corruptN.test 16 ms\nTime: cost.test 33 ms\nTime: count.test 182 ms\nTime: countofview.test 14 ms\nTime: coveridxscan.test 13 ms\nTime: crash8.test 387 ms\nTime: crashM.test 9 ms\nTime: createtab.test 62 ms\nTime: cse.test 65 ms\nTime: csv01.test 220 ms\nTime: ctime.test 17 ms\nTime: cursorhint.test 8 ms\nTime: cursorhint2.test 8 ms\nTime: dataversion1.test 11 ms\nTime: date.test 181 ms\nTime: date2.test 22 ms\nTime: date3.test 19 ms\nTime: date4.test 1894 ms\nTime: dbdata.test 9 ms\nTime: dbfuzz001.test 13 ms\nTime: dbpage.test 13 ms\nTime: dbstatus.test 14 ms\nTime: dbstatus2.test 13 ms\nTime: decimal.test 45 ms\nTime: delete.test 77 ms\nTime: delete2.test 12 ms\nTime: delete4.test 29 ms\nTime: delete_db.test 27 ms\nTime: descidx1.test 22 ms\nTime: descidx2.test 13 ms\nTime: descidx3.test 13 ms\nTime: diskfull.test 729 ms\nTime: distinct.test 37 ms\nTime: distinct2.test 27 ms\nTime: distinctagg.test 27 ms\nTime: e_blobbytes.test 314 ms\nTime: e_blobclose.test 21 ms\nTime: e_blobopen.test 34 ms\nTime: e_blobwrite.test 19 ms\nTime: e_changes.test 45 ms\nTime: e_createtable.test 289 ms\nTime: e_delete.test 25 ms\nTime: e_droptrigger.test 143 ms\nTime: e_dropview.test 54 ms\nTime: e_expr.test 1572 ms\nTime: e_insert.test 44 ms\nTime: e_reindex.test 33 ms\nTime: e_resolve.test 23 ms\nTime: e_select.test 123 ms\nTime: e_select2.test 132 ms\nTime: e_totalchanges.test 26 ms\nTime: e_update.test 34 ms\nTime: e_uri.test 38 ms\nTime: e_vacuum.test 149 ms\nTime: e_wal.test 17 ms\nTime: e_walauto.test 1140 ms\nTime: e_walckpt.test 190 ms\nTime: e_walhook.test 15 ms\nTime: emptytable.test 13 ms\nTime: enc.test 46 ms\nTime: enc2.test 37 ms\nTime: enc3.test 13 ms\nTime: enc4.test 115 ms\nTime: eqp.test 28 ms\nTime: errmsg.test 12 ms\nTime: eval.test 13 ms\nTime: exclusive.test 21 ms\nTime: exclusive2.test 17 ms\nTime: exec.test 10 ms\nTime: exists.test 163 ms\nTime: expr.test 177 ms\nTime: expr2.test 15 ms\nTime: extension01.test 17 ms\nTime: external_reader.test 32 ms\nTime: fallocate.test 67 ms\nTime: filectrl.test 12 ms\nTime: filefmt.test 33 ms\nTime: filter1.test 35 ms\nTime: filter2.test 19 ms\nTime: fkey1.test 38 ms\nTime: fkey2.test 268 ms\nTime: fkey3.test 21 ms\nTime: fkey4.test 11 ms\nTime: fkey5.test 32 ms\nTime: fkey6.test 19 ms\nTime: fkey7.test 14 ms\nTime: fkey8.test 34 ms\nTime: fordelete.test 18 ms\nTime: format4.test 11 ms\nTime: fpconv1.test 721 ms\nTime: fts-9fd058691.test 13 ms\nTime: fts3aa.test 30 ms\nTime: fts3ab.test 23 ms\nTime: fts3ac.test 21 ms\nTime: fts3ad.test 17 ms\nTime: fts3ae.test 15 ms\nTime: fts3af.test 16 ms\nTime: fts3ag.test 12 ms\nTime: fts3ah.test 15 ms\nTime: fts3ai.test 12 ms\nTime: fts3aj.test 14 ms\nTime: fts3ak.test 13 ms\nTime: fts3al.test 12 ms\nTime: fts3am.test 12 ms\nTime: fts3ao.test 35 ms\nTime: fts3atoken.test 15 ms\nTime: fts3auto.test 875 ms\nTime: fts3aux1.test 40 ms\nTime: fts3aux2.test 15 ms\nTime: fts3b.test 1055 ms\nTime: fts3c.test 53 ms\nTime: fts3comp1.test 24 ms\nTime: fts3conf.test 95 ms\nTime: fts3corrupt.test 28 ms\nTime: fts3corrupt3.test 16 ms\nTime: fts3corrupt4.test 196 ms\nTime: fts3corrupt5.test 14 ms\nTime: fts3corrupt6.test 329 ms\nTime: fts3d.test 58 ms\nTime: fts3defer2.test 76 ms\nTime: fts3defer3.test 21 ms\nTime: fts3drop.test 13 ms\nTime: fts3dropmod.test 13 ms\nTime: fts3e.test 16 ms\nTime: fts3expr.test 172 ms\nTime: fts3expr2.test 320 ms\nTime: fts3expr3.test 2727 ms\nTime: fts3expr4.test 9 ms\nTime: fts3expr5.test 11 ms\nTime: fts3f.test 11 ms\nTime: fts3first.test 27 ms\nTime: fts3fuzz001.test 13 ms\nTime: fts3integrity.test 13 ms\nTime: fts3join.test 21 ms\nTime: fts3matchinfo.test 117 ms\nTime: fts3matchinfo2.test 14 ms\nTime: fts3misc.test 644 ms\nTime: fts3near.test 28 ms\nTime: fts3offsets.test 22 ms\nTime: fts3prefix.test 102 ms\nTime: fts3prefix2.test 41 ms\nTime: fts3query.test 554 ms\nTime: fts3rank.test 17 ms\nTime: fts3shared.test 22 ms\nTime: fts3snippet2.test 19 ms\nTime: fts3tok1.test 17 ms\nTime: fts3varint.test 16 ms\nTime: fts4aa.test 653 ms\nTime: fts4content.test 67 ms\nTime: fts4docid.test 34 ms\nTime: fts4incr.test 389 ms\nTime: fts4intck1.test 14 ms\nTime: fts4lastrowid.test 14 ms\nTime: fts4min.test 12 ms\nTime: fts4noti.test 82 ms\nTime: fts4onepass.test 26 ms\nTime: fts4opt.test 2626 ms\nTime: fts4record.test 13 ms\nTime: fts4rename.test 11 ms\nTime: fts4umlaut.test 25 ms\nTime: fts4unicode.test 535 ms\nTime: fts4upfrom.test 25 ms\nTime: func.test 1062 ms\nTime: func2.test 26 ms\nTime: func3.test 20 ms\n! func4-2.46 expected: [{}]\n! func4-2.46 got:      [9007199254740992.0]\n! func4-5.23 expected: [{}]\n! func4-5.23 got:      [9007199254740992]\nTime: func4.test 48 ms\nTime: func5.test 17 ms\nTime: func6.test 14 ms\nTime: func7.test 23 ms\nTime: func8.test 19 ms\nTime: func9.test 15 ms\nTime: fuzz-oss1.test 221 ms\nTime: fuzz2.test 13 ms\nTime: fuzz4.test 13 ms\nTime: fuzzer1.test 111 ms\nTime: gencol1.test 75 ms\nTime: having.test 20 ms\nTime: hexlit.test 21 ms\nTime: hidden.test 9 ms\nTime: hook.test 23 ms\nTime: hook2.test 9 ms\nTime: icu.test 10 ms\nTime: ieee754.test 18 ms\nTime: imposter1.test 17 ms\nTime: in.test 38 ms\nTime: in3.test 32 ms\nTime: in4.test 40 ms\nTime: in5.test 24 ms\nTime: in6.test 18 ms\nTime: incrblob.test 48 ms\nTime: incrblob2.test 82 ms\nTime: incrblob3.test 39 ms\nTime: incrblob4.test 25 ms\nTime: incrcorrupt.test 18 ms\nTime: incrvacuum.test 258 ms\nTime: incrvacuum2.test 620 ms\nTime: incrvacuum3.test 540 ms\nTime: index.test 83 ms\nTime: index2.test 191 ms\nTime: index3.test 15 ms\nTime: index4.test 770 ms\nTime: index5.test 5922 ms\nTime: index6.test 49 ms\nTime: index7.test 34 ms\nTime: index8.test 12 ms\nTime: index9.test 15 ms\nTime: indexA.test 46 ms\nTime: indexedby.test 26 ms\nTime: indexexpr1.test 50 ms\nTime: indexexpr2.test 35 ms\nTime: init.test 17 ms\nTime: insert.test 36 ms\nTime: insert2.test 25 ms\nTime: insert3.test 123 ms\nTime: insert4.test 54 ms\nTime: insert5.test 12 ms\nTime: instr.test 20 ms\nTime: intarray.test 121 ms\nTime: interrupt.test 504 ms\nTime: interrupt2.test 22 ms\nTime: intpkey.test 27 ms\nTime: intreal.test 14 ms\nTime: io.test 63 ms\nTime: istrue.test 22 ms\nTime: join.test 65 ms\nTime: join2.test 32 ms\nTime: join3.test 136 ms\nTime: join4.test 11 ms\nTime: join5.test 212 ms\nTime: join6.test 17 ms\nTime: join7.test 66 ms\nTime: join8.test 66 ms\nTime: join9.test 58 ms\nTime: joinA.test 26 ms\nTime: joinB.test 137 ms\nTime: joinC.test 110 ms\nTime: joinD.test 1624 ms\nTime: joinE.test 16 ms\nTime: joinF.test 19 ms\nTime: joinH.test 30 ms\nTime: journal1.test 12 ms\nTime: journal2.test 27 ms\nTime: journal3.test 15 ms\nTime: jrnlmode.test 33 ms\nTime: jrnlmode2.test 12 ms\nTime: jrnlmode3.test 37 ms\nTime: json101.test 43 ms\nTime: json102.test 40 ms\nTime: json103.test 14 ms\nTime: json104.test 14 ms\nTime: json105.test 16 ms\nTime: json106.test 6066 ms\nTime: json501.test 16 ms\nTime: json502.test 12 ms\nTime: jsonb01.test 14 ms\nTime: keyword1.test 74 ms\nTime: lastinsert.test 20 ms\nTime: laststmtchanges.test 19 ms\n (14 ms - want less than 1000.0)  (13 ms - want less than 1000.0) Time: like.test 52 ms\nTime: like2.test 51 ms\nTime: like3.test 22 ms\nTime: limit.test 52 ms\nTime: limit2.test 27 ms\nTime: loadext2.test 12 ms\nTime: lock.test 823 ms\nTime: lock2.test 20 ms\nTime: lock3.test 12 ms\nTime: lock4.test 71 ms\nTime: lock5.test 12 ms\nTime: lock6.test 9 ms\nTime: lock7.test 11 ms\nTime: lookaside.test 14 ms\nVERSION: 3.45.0 2024-01-15 17:01:13 1066602b2b1976fe58b5150777cced894af17c803e068f5918390d6915b4alt1\nTime: main.test 19 ms\nTime: manydb.test 305 ms\nTime: mem5.test 11 ms\nTime: memdb.test 216 ms\nTime: memdb1.test 36 ms\nTime: memdb2.test 12 ms\nTime: memjournal.test 27 ms\nTime: memjournal2.test 2815 ms\nTime: memsubsys1.test 148 ms\nTime: memsubsys2.test 14 ms\nTime: merge1.test 14 ms\nTime: minmax.test 32 ms\nTime: minmax2.test 24 ms\nTime: minmax3.test 24 ms\nTime: minmax4.test 23 ms\nTime: misc1.test 140 ms\nTime: misc2.test 30 ms\nTime: misc3.test 26 ms\nTime: misc4.test 18 ms\nTime: misc5.test 104 ms\nTime: misc6.test 10 ms\nTime: misc8.test 17 ms\nTime: misuse.test 14 ms\nTime: mjournal.test 14 ms\nTime: mmap1.test 246 ms\nTime: mmap2.test 192 ms\nTime: mmap3.test 22 ms\nTime: mmapwarm.test 73 ms\nTime: multiplex.test 879 ms\nTime: multiplex2.test 187 ms\nSQLite compiled without SQLITE_ENABLE_8_3_NAMES. Skipping tests multiplex3-*.\nTime: multiplex3.test 10 ms\nTime: multiplex4.test 24 ms\nTime: mutex1.test 14 ms\nTime: nan.test 32 ms\nTime: nockpt.test 17 ms\nTime: nolock.test 17 ms\nTime: normalize.test 10 ms\nTime: notify1.test 403 ms\nRunning sqlite3_blocking_step test for 5 seconds\nRunning sqlite3_step test for 5 seconds\nThe following test seeks to demonstrate that the sqlite3_unlock_notify()\ninterface helps multi-core systems to run more efficiently.  This test\nsometimes fails on single-core machines.\nsqlite3_step 2664 sqlite3_blocking_step 3895\n blocking: 64.0% non-blocking 24.9% ...Time: notify2.test 9138 ms\nTime: notify3.test 18 ms\nTime: notnull.test 42 ms\nTime: notnull2.test 41 ms\nTime: null.test 18 ms\nTime: nulls1.test 31 ms\nTime: numcast.test 15 ms\nTime: numindex1.test 15 ms\nTime: offset1.test 14 ms\nTime: openv2.test 11 ms\nTime: orderby1.test 397 ms\nTime: orderby2.test 16 ms\nTime: orderby3.test 13 ms\nTime: orderby4.test 12 ms\nTime: orderby5.test 18 ms\nTime: orderby6.test 98 ms\nTime: orderby7.test 13 ms\nTime: orderby8.test 171 ms\nTime: orderby9.test 16 ms\nTime: orderbyA.test 28 ms\nTime: oserror.test 184 ms\nTime: ovfl.test 122 ms\nTime: pager1.test 2021 ms\nTime: pager2.test 2902 ms\nTime: pager3.test 12 ms\nTime: pager4.test 12 ms\nTime: pageropt.test 9 ms\nTime: pagesize.test 123 ms\nTime: parser1.test 13 ms\nTime: pcache.test 9 ms\nTime: pcache2.test 12 ms\nTime: pendingrace.test 14 ms\nTime: percentile.test 1105 ms\nTime: pragma.test 86 ms\nTime: pragma2.test 32 ms\nTime: pragma3.test 28 ms\nTime: pragma4.test 205 ms\nTime: pragma5.test 11 ms\nTime: prefixes.test 12 ms\nTime: printf.test 289 ms\nTime: printf2.test 15 ms\nTime: progress.test 14 ms\nTime: ptrchng.test 13 ms\nTime: pushdown.test 21 ms\nTime: queryonly.test 12 ms\nTime: quickcheck.test 10 ms\nTime: quota-glob.test 16 ms\nTime: quota.test 427 ms\nTime: quota2.test 19 ms\nTime: quote.test 22 ms\nTime: randexpr1.test 628 ms\nTime: rdonly.test 12 ms\nTime: recover.test 109 ms\nTime: regexp1.test 22 ms\nTime: regexp2.test 18 ms\nTime: reindex.test 19 ms\nTime: resetdb.test 23 ms\nTime: resolver01.test 16 ms\nTime: returning1.test 37 ms\nTime: rollback.test 13 ms\nTime: rollback2.test 51 ms\nTime: round1.test 7810 ms\nTime: rowallock.test 33 ms\nTime: rowhash.test 1124 ms\nTime: rowid.test 87 ms\nTime: rowvalue.test 61 ms\nTime: rowvalue2.test 740 ms\nTime: rowvalue3.test 33 ms\nTime: rowvalue4.test 57 ms\nTime: rowvalue5.test 12 ms\nTime: rowvalue6.test 10 ms\nTime: rowvalue7.test 12 ms\nTime: rowvalue8.test 10 ms\nTime: rowvalue9.test 33 ms\nTime: rowvalueA.test 34 ms\nTime: rowvaluevtab.test 27 ms\nTime: savepoint.test 264 ms\nTime: savepoint2.test 1398 ms\nTime: savepoint5.test 10 ms\nTime: savepoint7.test 40 ms\nTime: scanstatus.test 9 ms\nTime: scanstatus2.test 9 ms\nTime: schema.test 18 ms\nTime: schema2.test 17 ms\nTime: schema3.test 62 ms\nTime: schema4.test 22 ms\nTime: schema5.test 12 ms\nTime: schema6.test 27 ms\nTime: securedel.test 11 ms\nTime: seekscan1.test 16 ms\nTime: select1.test 46 ms\ntime with cache: 82736 microseconds per iteration\ntime without cache: 188156 microseconds per iteration\nTime: select2.test 315 ms\nTime: select3.test 49 ms\nTime: select4.test 34 ms\nTime: select5.test 18 ms\nTime: select6.test 26 ms\nTime: select7.test 21 ms\nTime: select8.test 11 ms\nTime: selectA.test 55 ms\nTime: selectB.test 37 ms\nTime: selectC.test 19 ms\nTime: selectD.test 19 ms\nTime: selectE.test 12 ms\nTime: selectF.test 10 ms\nTime: selectG.test 580 ms\nTime: selectH.test 15 ms\nTime: shared.test 223 ms\nTime: shared2.test 32 ms\nTime: shared3.test 18 ms\nTime: shared4.test 16 ms\nTime: shared6.test 17 ms\nTime: shared7.test 11 ms\nTime: shared8.test 12 ms\nTime: shared9.test 27 ms\nTime: sharedA.test 1017 ms\nTime: sharedB.test 29 ms\nTime: sharedlock.test 13 ms\nTime: shell1.test 1981 ms\nTime: shell2.test 327 ms\nTime: shell3.test 121 ms\nTime: shell4.test 119 ms\nTime: shell5.test 527 ms\nTime: shell6.test 135 ms\nTime: shell7.test 37 ms\nTime: shell8.test 2225 ms\nTime: shell9.test 91 ms\nTime: shmlock.test 1000 ms\nTime: shortread1.test 11 ms\nTime: shrink.test 40 ms\nTime: sidedelete.test 212 ms\nTime: skipscan1.test 34 ms\nTime: skipscan2.test 132 ms\nTime: skipscan3.test 16 ms\nTime: skipscan5.test 10 ms\nTime: skipscan6.test 9 ms\nTime: snapshot.test 9 ms\nTime: snapshot2.test 9 ms\nTime: snapshot3.test 9 ms\nTime: snapshot4.test 9 ms\nTime: snapshot_up.test 9 ms\nTime: softheap1.test 10 ms\nTime: sort.test 796 ms\nTime: sort2.test 1205 ms\nTime: sort5.test 356 ms\nTime: sorterref.test 12 ms\nTime: spellfix.test 120 ms\nTime: spellfix2.test 17 ms\nTime: spellfix3.test 10 ms\nTime: spellfix4.test 174 ms\nTime: sqldiff1.test 28 ms\nTime: sqllog.test 10 ms\nTime: stat.test 32 ms\nTime: stmt.test 13 ms\nTime: stmtvtab1.test 12 ms\nTime: strict1.test 18 ms\nTime: strict2.test 19 ms\nTime: subjournal.test 29 ms\nTime: subquery.test 31 ms\nTime: subquery2.test 18 ms\nTime: subselect.test 15 ms\nTime: substr.test 29 ms\nTime: subtype1.test 13 ms\nTime: superlock.test 55 ms\nTime: swarmvtab.test 1630 ms\nTime: swarmvtab2.test 23 ms\nTime: swarmvtab3.test 292 ms\nTime: symlink.test 29 ms\nTime: symlink2.test 10 ms\nTime: sync.test 12 ms\nTime: sync2.test 9 ms\nTime: syscall.test 116 ms\nTime: tabfunc01.test 19 ms\nTime: table.test 875 ms\nTime: tableapi.test 227 ms\nTime: tableopts.test 12 ms\nTime: tclsqlite.test 30 ms\nTime: tempdb.test 12 ms\nTime: tempdb2.test 19 ms\nTime: temptable.test 22 ms\nTime: temptable2.test 6608 ms\nTime: temptable3.test 12 ms\nTime: temptrigger.test 20 ms\nTime: thread1.test 16 ms\nTime: thread2.test 13 ms\nTime: thread3.test 564 ms\nTime: timediff1.test 149 ms\nTime: tkt-02a8e81d44.test 10 ms\nTime: tkt-18458b1a.test 12 ms\nTime: tkt-26ff0c2d1e.test 10 ms\nTime: tkt-2a5629202f.test 16 ms\nTime: tkt-2d1a5c67d.test 83 ms\nTime: tkt-2ea2425d34.test 10 ms\nTime: tkt-31338dca7e.test 17 ms\nTime: tkt-313723c356.test 63 ms\nTime: tkt-385a5b56b9.test 15 ms\nTime: tkt-38cb5df375.test 45 ms\nTime: tkt-3998683a16.test 14 ms\nTime: tkt-3a77c9714e.test 14 ms\nTime: tkt-3fe897352e.test 15 ms\nTime: tkt-4a03edc4c8.test 16 ms\nTime: tkt-4c86b126f2.test 18 ms\nTime: tkt-4dd95f6943.test 82 ms\nTime: tkt-4ef7e3cfca.test 19 ms\nTime: tkt-54844eea3f.test 17 ms\nTime: tkt-5d863f876e.test 38 ms\nTime: tkt-5e10420e8d.test 24 ms\nTime: tkt-5ee23731f.test 11 ms\nTime: tkt-6bfb98dfc0.test 12 ms\nTime: tkt-752e1646fc.test 10 ms\nTime: tkt-78e04e52ea.test 16 ms\nTime: tkt-7a31705a7e6.test 11 ms\nTime: tkt-7bbfb7d442.test 16 ms\nTime: tkt-80ba201079.test 17 ms\nTime: tkt-80e031a00f.test 26 ms\nTime: tkt-8454a207b9.test 12 ms\nTime: tkt-868145d012.test 11 ms\nTime: tkt-8c63ff0ec.test 11 ms\nTime: tkt-91e2e8ba6f.test 11 ms\nTime: tkt-94c04eaadb.test 8 ms\nTime: tkt-99378177930f87bd.test 16 ms\nTime: tkt-9a8b09f8e6.test 17 ms\nTime: tkt-9d68c883.test 83 ms\nTime: tkt-9f2eb3abac.test 157 ms\nTime: tkt-a7b7803e.test 14 ms\nTime: tkt-a7debbe0.test 21 ms\nTime: tkt-a8a0d2996a.test 15 ms\nTime: tkt-b1d3a2e531.test 19 ms\nTime: tkt-b351d95f9.test 14 ms\nTime: tkt-b72787b1.test 12 ms\nTime: tkt-b75a9ca6b0.test 15 ms\nTime: tkt-ba7cbfaedc.test 18 ms\nTime: tkt-bd484a090c.test 11 ms\nTime: tkt-bdc6bbbb38.test 22 ms\nTime: tkt-c48d99d690.test 12 ms\nTime: tkt-c694113d5.test 11 ms\nTime: tkt-cbd054fa6b.test 10 ms\nTime: tkt-d11f09d36e.test 135 ms\nTime: tkt-d635236375.test 12 ms\nTime: tkt-d82e3f3721.test 14 ms\nTime: tkt-f3e5abed55.test 17 ms\nTime: tkt-f67b41381a.test 18 ms\nTime: tkt-f777251dc7a.test 15 ms\nTime: tkt-f7b4edec.test 13 ms\nTime: tkt-f973c7ac31.test 13 ms\nTime: tkt-fa7bf5ec.test 12 ms\nTime: tkt-fc62af4523.test 236 ms\nTime: tkt-fc7bd6358f.test 17 ms\nTime: tkt1435.test 12 ms\nTime: tkt1443.test 13 ms\nTime: tkt1444.test 13 ms\nTime: tkt1449.test 22 ms\nTime: tkt1473.test 23 ms\nTime: tkt1501.test 11 ms\nTime: tkt1512.test 12 ms\nTime: tkt1514.test 11 ms\nTime: tkt1536.test 12 ms\nTime: tkt1537.test 16 ms\nTime: tkt1567.test 44 ms\nTime: tkt1644.test 14 ms\nTime: tkt1667.test 322 ms\nTime: tkt1873.test 12 ms\nTime: tkt2141.test 12 ms\nTime: tkt2192.test 17 ms\nTime: tkt2213.test 11 ms\nTime: tkt2251.test 13 ms\nTime: tkt2285.test 11 ms\nTime: tkt2332.test 57 ms\nTime: tkt2339.test 14 ms\nTime: tkt2391.test 12 ms\nTime: tkt2409.test 402 ms\nTime: tkt2450.test 16 ms\nTime: tkt2565.test 31 ms\nTime: tkt2640.test 21 ms\nTime: tkt2643.test 17 ms\nTime: tkt2767.test 18 ms\nTime: tkt2817.test 19 ms\nTime: tkt2820.test 24 ms\nTime: tkt2822.test 26 ms\nTime: tkt2832.test 19 ms\nTime: tkt2854.test 15 ms\nTime: tkt2920.test 12 ms\nTime: tkt2927.test 20 ms\nTime: tkt2942.test 14 ms\nTime: tkt3080.test 12 ms\nTime: tkt3093.test 10 ms\nTime: tkt3121.test 10 ms\nTime: tkt3201.test 13 ms\nTime: tkt3292.test 12 ms\nTime: tkt3298.test 12 ms\nTime: tkt3334.test 11 ms\nTime: tkt3346.test 10 ms\nTime: tkt3357.test 10 ms\nTime: tkt3419.test 12 ms\nTime: tkt3424.test 11 ms\nTime: tkt3442.test 10 ms\nTime: tkt3457.test 11 ms\nTime: tkt3461.test 10 ms\nTime: tkt3493.test 13 ms\nTime: tkt3508.test 10 ms\nTime: tkt3522.test 10 ms\nTime: tkt3527.test 12 ms\nTime: tkt3541.test 10 ms\nTime: tkt3554.test 10 ms\nTime: tkt3581.test 10 ms\nTime: tkt35xx.test 13 ms\nTime: tkt3630.test 10 ms\nTime: tkt3718.test 27 ms\nTime: tkt3731.test 12 ms\nTime: tkt3757.test 11 ms\nTime: tkt3761.test 10 ms\nTime: tkt3762.test 20 ms\nTime: tkt3773.test 16 ms\nTime: tkt3791.test 15 ms\nTime: tkt3793.test 38 ms\nTime: tkt3810.test 19 ms\nTime: tkt3824.test 16 ms\nTime: tkt3832.test 11 ms\nTime: tkt3838.test 12 ms\nTime: tkt3841.test 10 ms\nTime: tkt3871.test 13 ms\nTime: tkt3879.test 10 ms\nTime: tkt3911.test 11 ms\nTime: tkt3918.test 15 ms\nTime: tkt3922.test 14 ms\nTime: tkt3929.test 22 ms\nTime: tkt3935.test 15 ms\nTime: tkt3992.test 19 ms\nTime: tkt3997.test 13 ms\nTime: tkt4018.test 878 ms\nTime: tokenize.test 11 ms\nTime: tpch01.test 19 ms\nTime: trace.test 17 ms\nTime: trace2.test 13 ms\nTime: trace3.test 18 ms\nTime: trans.test 1101 ms\nTime: trans3.test 12 ms\nTime: transitive1.test 38 ms\nTime: trigger1.test 41 ms\nTime: trigger2.test 135 ms\nTime: trigger3.test 17 ms\nTime: trigger4.test 20 ms\nTime: trigger5.test 11 ms\nTime: trigger6.test 12 ms\nTime: trigger7.test 15 ms\nTime: trigger8.test 11 ms\nTime: trigger9.test 20 ms\nTime: triggerA.test 491 ms\nTime: triggerB.test 78 ms\nTime: triggerC.test 1464 ms\nTime: triggerD.test 21 ms\nTime: triggerE.test 17 ms\nTime: triggerF.test 19 ms\nTime: triggerG.test 16 ms\nTime: triggerupfrom.test 21 ms\nTime: trustschema1.test 25 ms\nTime: types.test 57 ms\nTime: types2.test 68 ms\nTime: types3.test 11 ms\nTime: unhex.test 14 ms\nTime: unionall.test 37 ms\nTime: unionall2.test 4600 ms\nTime: unionvtab.test 65 ms\nTime: unique.test 29 ms\nTime: unique2.test 27 ms\nTime: unixexcl.test 99 ms\nTime: unordered.test 22 ms\nTime: update.test 164 ms\nTime: update2.test 44 ms\nTime: upfrom1.test 32 ms\nTime: upfrom2.test 53 ms\nTime: upfrom3.test 46 ms\nTime: upfrom4.test 25 ms\nTime: upsert1.test 43 ms\nTime: upsert2.test 28 ms\nTime: upsert3.test 18 ms\nTime: upsert4.test 48 ms\nTime: upsert5.test 165 ms\nTime: uri.test 44 ms\nTime: uri2.test 9 ms\nTime: userauth01.test 9 ms\nTime: utf16align.test 13 ms\nTime: vacuum-into.test 32 ms\nTime: vacuum.test 73 ms\nTime: vacuum2.test 29 ms\nTime: vacuum4.test 12 ms\nTime: vacuum5.test 108 ms\nTime: vacuum6.test 5007 ms\nTime: vacuummem.test 3231 ms\nTime: varint.test 166 ms\nTime: view.test 55 ms\nTime: view2.test 16 ms\nTime: vtab1.test 388 ms\nTime: vtab2.test 15 ms\nTime: vtab3.test 13 ms\nTime: vtab4.test 17 ms\nTime: vtab5.test 15 ms\nTime: vtab6.test 698 ms\nTime: vtab7.test 16 ms\nTime: vtab8.test 13 ms\nTime: vtab9.test 12 ms\nTime: vtabA.test 19 ms\nTime: vtabB.test 12 ms\nTime: vtabC.test 2442 ms\nTime: vtabD.test 1267 ms\nTime: vtabE.test 17 ms\nTime: vtabF.test 16 ms\nTime: vtabH.test 25 ms\nTime: vtabI.test 17 ms\nTime: vtabJ.test 17 ms\nTime: vtabK.test 18 ms\nTime: vtab_alter.test 17 ms\nTime: vtab_shared.test 28 ms\nTime: vtabdistinct.test 10 ms\nTime: vtabdrop.test 16 ms\nTime: vtabrhs1.test 11 ms\nTime: wal.test 1077 ms\nTime: wal2.test 336 ms\nTime: wal3.test 4790 ms\nTime: wal4.test 210 ms\nTime: wal5.test 1195 ms\nTime: wal6.test 42 ms\nTime: wal64k.test 692 ms\nTime: wal7.test 53 ms\nTime: wal8.test 22 ms\nTime: wal9.test 713 ms\nTime: walbak.test 85 ms\nTime: walbig.test 21 ms\nTime: walblock.test 14 ms\nTime: walcksum.test 101 ms\nTime: walcrash4.test 2531 ms\nTime: walhook.test 20 ms\nTime: walmode.test 53 ms\nTime: walnoshm.test 26 ms\nTime: waloverwrite.test 96 ms\nTime: walpersist.test 57 ms\nTime: walprotocol2.test 20 ms\nTime: walro.test 91 ms\nTime: walro2.test 746 ms\nTime: walseh1.test 35 ms\nTime: walsetlk.test 15342 ms\nTime: walshared.test 23 ms\n# WARNING: This next test takes around 12 seconds\nTime: walvfs.test 10032 ms\nTime: where.test 130 ms\nTime: where2.test 69 ms\nTime: where3.test 61 ms\nTime: where4.test 33 ms\nTime: where5.test 24 ms\nTime: where6.test 23 ms\nTime: where7.test 460 ms\nTime: where8.test 3093 ms\nTime: where9.test 52 ms\nTime: whereA.test 17 ms\nTime: whereB.test 28 ms\nTime: whereC.test 18 ms\nTime: whereD.test 36 ms\nTime: whereE.test 27 ms\nTime: whereF.test 28 ms\nTime: whereG.test 48 ms\nTime: whereH.test 27 ms\nTime: whereI.test 21 ms\nTime: whereJ.test 13 ms\nTime: whereK.test 16 ms\nTime: whereL.test 28 ms\nTime: whereM.test 15 ms\nTime: wherelimit.test 13 ms\nTime: wherelimit2.test 13 ms\nTime: widetab1.test 23 ms\nTime: win32heap.test 4 ms\nTime: win32lock.test 4 ms\nTime: win32longpath.test 4 ms\nTime: win32nolock.test 3 ms\nTime: window1.test 191 ms\nTime: window2.test 55 ms\nTime: window3.test 1627 ms\nTime: window4.test 63 ms\nTime: window5.test 12 ms\nTime: window6.test 36 ms\nTime: window7.test 15 ms\nTime: window8.test 438 ms\nTime: window9.test 28 ms\nTime: windowA.test 15 ms\nTime: windowB.test 32 ms\nTime: windowC.test 29 ms\nTime: windowD.test 14 ms\nTime: windowE.test 12 ms\nTime: windowerr.test 13 ms\nTime: windowpushd.test 23 ms\nTime: with1.test 1339 ms\nTime: with2.test 102 ms\nTime: with3.test 17 ms\nTime: with4.test 10 ms\nTime: with5.test 16 ms\nTime: with6.test 19 ms\nTime: withM.test 122 ms\nTime: without_rowid1.test 43 ms\nTime: without_rowid2.test 16 ms\nTime: without_rowid3.test 322 ms\nTime: without_rowid4.test 197 ms\nTime: without_rowid5.test 20 ms\nTime: without_rowid6.test 18 ms\nTime: without_rowid7.test 11 ms\nTime: zeroblob.test 35 ms\nTime: zerodamage.test 14 ms\nTime: zipfile.test 303 ms\nTime: zipfile2.test 16 ms\nSQLite 2024-01-15 17:01:13 1066602b2b1976fe58b5150777cced894af17c803e068f5918390d6915b4alt1\n2 errors out of 336434 tests on  Linux 32-bit little-endian\n!Failures on these tests: func4-2.46 func4-5.23\nAll memory allocations freed - no leaks\nMaximum memory usage: 9202176 bytes\nCurrent memory usage: 0 bytes\nNumber of malloc()  : -1 calls\nmake: *** [Makefile:1348: tcltest] Error 1\nerror: Bad exit status from \/var\/tmp\/rpm-tmp.fLD848 (%check)\nRPM build warnings:\nRPM build errors:\n    extra tokens at the end of %endif directive in line 222:  %endif #with check\n    Bad exit status from \/var\/tmp\/rpm-tmp.fLD848 (%check)\nChild return code was: 1\nEXCEPTION: [Error('Command failed: \\n # \/usr\/bin\/systemd-nspawn -q -M 09657ab0fc4f4b29a307b67fd727fe2b -D \/var\/lib\/mock\/f40-build-48194598-5743814\/root -a -u mockbuild --capability=cap_ipc_lock --bind=\/tmp\/mock-resolv.9x7bo5z6:\/etc\/resolv.conf --bind=\/dev\/btrfs-control --bind=\/dev\/mapper\/control --bind=\/dev\/fuse --bind=\/dev\/loop-control --bind=\/dev\/loop0 --bind=\/dev\/loop1 --bind=\/dev\/loop2 --bind=\/dev\/loop3 --bind=\/dev\/loop4 --bind=\/dev\/loop5 --bind=\/dev\/loop6 --bind=\/dev\/loop7 --bind=\/dev\/loop8 --bind=\/dev\/loop9 --bind=\/dev\/loop10 --bind=\/dev\/loop11 --console=pipe --setenv=TERM=vt100 --setenv=SHELL=\/bin\/bash --setenv=HOME=\/builddir --setenv=HOSTNAME=mock --setenv=PATH=\/usr\/bin:\/bin:\/usr\/sbin:\/sbin \\'--setenv=PROMPT_COMMAND=printf \"\\\\033]0;\\\\007\"\\' \\'--setenv=PS1= \\\\s-\\\\v\\\\$ \\' --setenv=LANG=C.UTF-8 --resolv-conf=off bash --login -c \\'\/usr\/bin\/rpmbuild -bb --noclean --target i686 --nodeps \/builddir\/build\/SPECS\/sqlite.spec\\'\\n', 1)]\nTraceback (most recent call last):\n  File \"\/usr\/lib\/python3.11\/site-packages\/mockbuild\/trace_decorator.py\", line 93, in trace\n    result = func(*args, **kw)\n             ^^^^^^^^^^^^^^^^^\n  File \"\/usr\/lib\/python3.11\/site-packages\/mockbuild\/util.py\", line 612, in do_with_status\n    raise exception.Error(\"Command failed: \\n # %s\\n%s\" % (cmd_pretty(command, env), output), child.returncode)\nmockbuild.exception.Error: Command failed: \n # \/usr\/bin\/systemd-nspawn -q -M 09657ab0fc4f4b29a307b67fd727fe2b -D \/var\/lib\/mock\/f40-build-48194598-5743814\/root -a -u mockbuild --capability=cap_ipc_lock --bind=\/tmp\/mock-resolv.9x7bo5z6:\/etc\/resolv.conf --bind=\/dev\/btrfs-control --bind=\/dev\/mapper\/control --bind=\/dev\/fuse --bind=\/dev\/loop-control --bind=\/dev\/loop0 --bind=\/dev\/loop1 --bind=\/dev\/loop2 --bind=\/dev\/loop3 --bind=\/dev\/loop4 --bind=\/dev\/loop5 --bind=\/dev\/loop6 --bind=\/dev\/loop7 --bind=\/dev\/loop8 --bind=\/dev\/loop9 --bind=\/dev\/loop10 --bind=\/dev\/loop11 --console=pipe --setenv=TERM=vt100 --setenv=SHELL=\/bin\/bash --setenv=HOME=\/builddir --setenv=HOSTNAME=mock --setenv=PATH=\/usr\/bin:\/bin:\/usr\/sbin:\/sbin '--setenv=PROMPT_COMMAND=printf \"\\033]0;\\007\"' '--setenv=PS1= \\s-\\v\\$ ' --setenv=LANG=C.UTF-8 --resolv-conf=off bash --login -c '\/usr\/bin\/rpmbuild -bb --noclean --target i686 --nodeps \/builddir\/build\/SPECS\/sqlite.spec'\n\n","answers":{"answer_start":15705,"text":"2 -march=i686 -mtune=generic -msse2 -mfpmath=sse -mstackrealign -fasynchronous-unwind-tables -fstack-clash-protection -fcf-protection -I\/usr\/l"},"question":"Which part of the log is interesting?"}