        from .bicluster import consensus_score
      File "//anaconda/lib/python2.7/site-packages/sklearn/metrics/cluster/bicluster/__init__.py", line 1, in 
        from .bicluster_metrics import consensus_score
      File "//anaconda/lib/python2.7/site-packages/sklearn/metrics/cluster/bicluster/bicluster_metrics.py", line 6, in 
        from sklearn.utils.validation import check_arrays
    ImportError: cannot import name check_arrays
    ======================================================================
    ERROR: Failure: ImportError (cannot import name check_arrays)
    ----------------------------------------------------------------------
    Traceback (most recent call last):
      File "//anaconda/lib/python2.7/site-packages/nose/loader.py", line 414, in loadTestsFromName
        addr.filename, addr.module)
      File "//anaconda/lib/python2.7/site-packages/nose/importer.py", line 47, in importFromPath
        return self.importFromDir(dir_path, fqname)
      File "//anaconda/lib/python2.7/site-packages/nose/importer.py", line 94, in importFromDir
        mod = load_module(part_fqname, fh, filename, desc)
      File "//anaconda/lib/python2.7/site-packages/sklearn/tests/test_kernel_ridge.py", line 5, in 
        from sklearn.linear_model import Ridge
      File "//anaconda/lib/python2.7/site-packages/sklearn/linear_model/__init__.py", line 15, in 
        from .least_angle import (Lars, LassoLars, lars_path, LarsCV, LassoLarsCV,
      File "//anaconda/lib/python2.7/site-packages/sklearn/linear_model/least_angle.py", line 25, in 
        from ..cross_validation import _check_cv as check_cv
      File "//anaconda/lib/python2.7/site-packages/sklearn/cross_validation.py", line 32, in 
        from .metrics.scorer import check_scoring
      File "//anaconda/lib/python2.7/site-packages/sklearn/metrics/__init__.py", line 31, in 
        from . import cluster
      File "//anaconda/lib/python2.7/site-packages/sklearn/metrics/cluster/__init__.py", line 21, in 
        from .bicluster import consensus_score
      File "//anaconda/lib/python2.7/site-packages/sklearn/metrics/cluster/bicluster/__init__.py", line 1, in 
        from .bicluster_metrics import consensus_score
      File "//anaconda/lib/python2.7/site-packages/sklearn/metrics/cluster/bicluster/bicluster_metrics.py", line 6, in 
        from sklearn.utils.validation import check_arrays
    ImportError: cannot import name check_arrays
    ======================================================================
    ERROR: Failure: ImportError (cannot import name check_arrays)
    ----------------------------------------------------------------------
    Traceback (most recent call last):
      File "//anaconda/lib/python2.7/site-packages/nose/loader.py", line 414, in loadTestsFromName
        addr.filename, addr.module)
      File "//anaconda/lib/python2.7/site-packages/nose/importer.py", line 47, in importFromPath
        return self.importFromDir(dir_path, fqname)
      File "//anaconda/lib/python2.7/site-packages/nose/importer.py", line 94, in importFromDir
        mod = load_module(part_fqname, fh, filename, desc)
      File "//anaconda/lib/python2.7/site-packages/sklearn/tests/test_lda.py", line 12, in 
        from sklearn import lda
      File "//anaconda/lib/python2.7/site-packages/sklearn/lda.py", line 20, in 
        from .linear_model.base import LinearClassifierMixin
      File "//anaconda/lib/python2.7/site-packages/sklearn/linear_model/__init__.py", line 15, in 
        from .least_angle import (Lars, LassoLars, lars_path, LarsCV, LassoLarsCV,
      File "//anaconda/lib/python2.7/site-packages/sklearn/linear_model/least_angle.py", line 25, in 
        from ..cross_validation import _check_cv as check_cv
      File "//anaconda/lib/python2.7/site-packages/sklearn/cross_validation.py", line 32, in 
        from .metrics.scorer import check_scoring
      File "//anaconda/lib/python2.7/site-packages/sklearn/metrics/__init__.py", line 31, in 
        from . import cluster
      File "//anaconda/lib/python2.7/site-packages/sklearn/metrics/cluster/__init__.py", line 21, in 
        from .bicluster import consensus_score
      File "//anaconda/lib/python2.7/site-packages/sklearn/metrics/cluster/bicluster/__init__.py", line 1, in 
        from .bicluster_metrics import consensus_score
      File "//anaconda/lib/python2.7/site-packages/sklearn/metrics/cluster/bicluster/bicluster_metrics.py", line 6, in 
        from sklearn.utils.validation import check_arrays
    ImportError: cannot import name check_arrays
    ======================================================================
    ERROR: Failure: ImportError (cannot import name check_arrays)
    ----------------------------------------------------------------------
    Traceback (most recent call last):
      File "//anaconda/lib/python2.7/site-packages/nose/loader.py", line 414, in loadTestsFromName
        addr.filename, addr.module)
      File "//anaconda/lib/python2.7/site-packages/nose/importer.py", line 47, in importFromPath
        return self.importFromDir(dir_path, fqname)
      File "//anaconda/lib/python2.7/site-packages/nose/importer.py", line 94, in importFromDir
        mod = load_module(part_fqname, fh, filename, desc)
      File "//anaconda/lib/python2.7/site-packages/sklearn/tests/test_learning_curve.py", line 10, in 
        from sklearn.learning_curve import learning_curve, validation_curve
      File "//anaconda/lib/python2.7/site-packages/sklearn/learning_curve.py", line 12, in 
        from .cross_validation import _check_cv
      File "//anaconda/lib/python2.7/site-packages/sklearn/cross_validation.py", line 32, in 
        from .metrics.scorer import check_scoring
      File "//anaconda/lib/python2.7/site-packages/sklearn/metrics/__init__.py", line 31, in 
        from . import cluster
      File "//anaconda/lib/python2.7/site-packages/sklearn/metrics/cluster/__init__.py", line 21, in 
        from .bicluster import consensus_score
      File "//anaconda/lib/python2.7/site-packages/sklearn/metrics/cluster/bicluster/__init__.py", line 1, in 
        from .bicluster_metrics import consensus_score
      File "//anaconda/lib/python2.7/site-packages/sklearn/metrics/cluster/bicluster/bicluster_metrics.py", line 6, in 
        from sklearn.utils.validation import check_arrays
    ImportError: cannot import name check_arrays
    ======================================================================
    ERROR: Failure: ImportError (cannot import name check_arrays)
    ----------------------------------------------------------------------
    Traceback (most recent call last):
      File "//anaconda/lib/python2.7/site-packages/nose/loader.py", line 414, in loadTestsFromName
        addr.filename, addr.module)
      File "//anaconda/lib/python2.7/site-packages/nose/importer.py", line 47, in importFromPath
        return self.importFromDir(dir_path, fqname)
      File "//anaconda/lib/python2.7/site-packages/nose/importer.py", line 94, in importFromDir
        mod = load_module(part_fqname, fh, filename, desc)
      File "//anaconda/lib/python2.7/site-packages/sklearn/tests/test_metaestimators.py", line 12, in 
        from sklearn.grid_search import GridSearchCV, RandomizedSearchCV
      File "//anaconda/lib/python2.7/site-packages/sklearn/grid_search.py", line 24, in 
        from .cross_validation import _check_cv as check_cv
      File "//anaconda/lib/python2.7/site-packages/sklearn/cross_validation.py", line 32, in 
        from .metrics.scorer import check_scoring
      File "//anaconda/lib/python2.7/site-packages/sklearn/metrics/__init__.py", line 31, in 
        from . import cluster
      File "//anaconda/lib/python2.7/site-packages/sklearn/metrics/cluster/__init__.py", line 21, in 
        from .bicluster import consensus_score
      File "//anaconda/lib/python2.7/site-packages/sklearn/metrics/cluster/bicluster/__init__.py", line 1, in 
        from .bicluster_metrics import consensus_score
      File "//anaconda/lib/python2.7/site-packages/sklearn/metrics/cluster/bicluster/bicluster_metrics.py", line 6, in 
        from sklearn.utils.validation import check_arrays
    ImportError: cannot import name check_arrays
    ======================================================================
    ERROR: Failure: ImportError (cannot import name check_arrays)
    ----------------------------------------------------------------------
    Traceback (most recent call last):
      File "//anaconda/lib/python2.7/site-packages/nose/loader.py", line 414, in loadTestsFromName
        addr.filename, addr.module)
      File "//anaconda/lib/python2.7/site-packages/nose/importer.py", line 47, in importFromPath
        return self.importFromDir(dir_path, fqname)
      File "//anaconda/lib/python2.7/site-packages/nose/importer.py", line 94, in importFromDir
        mod = load_module(part_fqname, fh, filename, desc)
      File "//anaconda/lib/python2.7/site-packages/sklearn/tests/test_multiclass.py", line 13, in 
        from sklearn.multiclass import OneVsRestClassifier
      File "//anaconda/lib/python2.7/site-packages/sklearn/multiclass.py", line 44, in 
        from .metrics.pairwise import euclidean_distances
      File "//anaconda/lib/python2.7/site-packages/sklearn/metrics/__init__.py", line 31, in 
        from . import cluster
      File "//anaconda/lib/python2.7/site-packages/sklearn/metrics/cluster/__init__.py", line 21, in 
        from .bicluster import consensus_score
      File "//anaconda/lib/python2.7/site-packages/sklearn/metrics/cluster/bicluster/__init__.py", line 1, in 
        from .bicluster_metrics import consensus_score
      File "//anaconda/lib/python2.7/site-packages/sklearn/metrics/cluster/bicluster/bicluster_metrics.py", line 6, in 
        from sklearn.utils.validation import check_arrays
    ImportError: cannot import name check_arrays
    ======================================================================
    ERROR: Failure: ImportError (cannot import name check_arrays)
    ----------------------------------------------------------------------
    Traceback (most recent call last):
      File "//anaconda/lib/python2.7/site-packages/nose/loader.py", line 414, in loadTestsFromName
        addr.filename, addr.module)
      File "//anaconda/lib/python2.7/site-packages/nose/importer.py", line 47, in importFromPath
        return self.importFromDir(dir_path, fqname)
      File "//anaconda/lib/python2.7/site-packages/nose/importer.py", line 94, in importFromDir
        mod = load_module(part_fqname, fh, filename, desc)
      File "//anaconda/lib/python2.7/site-packages/sklearn/tests/test_naive_bayes.py", line 7, in 
        from sklearn.cross_validation import cross_val_score, train_test_split
      File "//anaconda/lib/python2.7/site-packages/sklearn/cross_validation.py", line 32, in 
        from .metrics.scorer import check_scoring
      File "//anaconda/lib/python2.7/site-packages/sklearn/metrics/__init__.py", line 31, in 
        from . import cluster
      File "//anaconda/lib/python2.7/site-packages/sklearn/metrics/cluster/__init__.py", line 21, in 
        from .bicluster import consensus_score
      File "//anaconda/lib/python2.7/site-packages/sklearn/metrics/cluster/bicluster/__init__.py", line 1, in 
        from .bicluster_metrics import consensus_score
      File "//anaconda/lib/python2.7/site-packages/sklearn/metrics/cluster/bicluster/bicluster_metrics.py", line 6, in 
        from sklearn.utils.validation import check_arrays
    ImportError: cannot import name check_arrays
    ======================================================================
    ERROR: Failure: ImportError (cannot import name check_arrays)
    ----------------------------------------------------------------------
    Traceback (most recent call last):
      File "//anaconda/lib/python2.7/site-packages/nose/loader.py", line 414, in loadTestsFromName
        addr.filename, addr.module)
      File "//anaconda/lib/python2.7/site-packages/nose/importer.py", line 47, in importFromPath
        return self.importFromDir(dir_path, fqname)
      File "//anaconda/lib/python2.7/site-packages/nose/importer.py", line 94, in importFromDir
        mod = load_module(part_fqname, fh, filename, desc)
      File "//anaconda/lib/python2.7/site-packages/sklearn/tests/test_pipeline.py", line 17, in 
        from sklearn.svm import SVC
      File "//anaconda/lib/python2.7/site-packages/sklearn/svm/__init__.py", line 13, in 
        from .classes import SVC, NuSVC, SVR, NuSVR, OneClassSVM, LinearSVC, \
      File "//anaconda/lib/python2.7/site-packages/sklearn/svm/classes.py", line 6, in 
        from ..linear_model.base import LinearClassifierMixin, SparseCoefMixin, \
      File "//anaconda/lib/python2.7/site-packages/sklearn/linear_model/__init__.py", line 15, in 
        from .least_angle import (Lars, LassoLars, lars_path, LarsCV, LassoLarsCV,
      File "//anaconda/lib/python2.7/site-packages/sklearn/linear_model/least_angle.py", line 25, in 
        from ..cross_validation import _check_cv as check_cv
      File "//anaconda/lib/python2.7/site-packages/sklearn/cross_validation.py", line 32, in 
        from .metrics.scorer import check_scoring
      File "//anaconda/lib/python2.7/site-packages/sklearn/metrics/__init__.py", line 31, in 
        from . import cluster
      File "//anaconda/lib/python2.7/site-packages/sklearn/metrics/cluster/__init__.py", line 21, in 
        from .bicluster import consensus_score
      File "//anaconda/lib/python2.7/site-packages/sklearn/metrics/cluster/bicluster/__init__.py", line 1, in 
        from .bicluster_metrics import consensus_score
      File "//anaconda/lib/python2.7/site-packages/sklearn/metrics/cluster/bicluster/bicluster_metrics.py", line 6, in 
        from sklearn.utils.validation import check_arrays
    ImportError: cannot import name check_arrays
    ======================================================================
    ERROR: Failure: ImportError (cannot import name check_arrays)
    ----------------------------------------------------------------------
    Traceback (most recent call last):
      File "//anaconda/lib/python2.7/site-packages/nose/loader.py", line 414, in loadTestsFromName
        addr.filename, addr.module)
      File "//anaconda/lib/python2.7/site-packages/nose/importer.py", line 47, in importFromPath
        return self.importFromDir(dir_path, fqname)
      File "//anaconda/lib/python2.7/site-packages/nose/importer.py", line 94, in importFromDir
        mod = load_module(part_fqname, fh, filename, desc)
      File "//anaconda/lib/python2.7/site-packages/sklearn/tests/test_random_projection.py", line 6, in 
        from sklearn.metrics import euclidean_distances
      File "//anaconda/lib/python2.7/site-packages/sklearn/metrics/__init__.py", line 31, in 
        from . import cluster
      File "//anaconda/lib/python2.7/site-packages/sklearn/metrics/cluster/__init__.py", line 21, in 
        from .bicluster import consensus_score
      File "//anaconda/lib/python2.7/site-packages/sklearn/metrics/cluster/bicluster/__init__.py", line 1, in 
        from .bicluster_metrics import consensus_score
      File "//anaconda/lib/python2.7/site-packages/sklearn/metrics/cluster/bicluster/bicluster_metrics.py", line 6, in 
        from sklearn.utils.validation import check_arrays
    ImportError: cannot import name check_arrays
    ======================================================================
    FAIL: sklearn.externals.joblib.test.test_memory.test_format_signature('f(, [0, 1, 2, 3, 4, 5, 6, 7, 8, 9])', 'f([0, 1, 2, 3, 4, 5, 6, 7, 8, 9])')
    ----------------------------------------------------------------------
    Traceback (most recent call last):
      File "//anaconda/lib/python2.7/site-packages/nose/case.py", line 197, in runTest
        self.test(*self.arg)
    AssertionError: 'f(, [0, 1, 2, 3, 4, 5, 6, 7, 8, 9])' != 'f([0, 1, 2, 3, 4, 5, 6, 7, 8, 9])'
    ======================================================================
    FAIL: sklearn.externals.joblib.test.test_memory.test_format_signature('f(, [0, 1, 2, 3, 4, 5, 6, 7, 8, 9], y=[0, 1, 2, 3, 4, 5, 6, 7, 8, 9])', 'f([0, 1, 2, 3, 4, 5, 6, 7, 8, 9], y=[0, 1, 2, 3, 4, 5, 6, 7, 8, 9])')
    ----------------------------------------------------------------------
    Traceback (most recent call last):
      File "//anaconda/lib/python2.7/site-packages/nose/case.py", line 197, in runTest
        self.test(*self.arg)
    AssertionError: 'f(, [0, 1, 2, 3, 4, 5, 6, 7, 8, 9], y=[0, 1, 2, 3, 4, 5, 6, 7, 8, 9])' != 'f([0, 1, 2, 3, 4, 5, 6, 7, 8, 9], y=[0, 1, 2, 3, 4, 5, 6, 7, 8, 9])'
    ======================================================================
    FAIL: sklearn.tests.test_init.test_import_skl
    ----------------------------------------------------------------------
    Traceback (most recent call last):
      File "//anaconda/lib/python2.7/site-packages/nose/case.py", line 197, in runTest
        self.test(*self.arg)
      File "//anaconda/lib/python2.7/site-packages/sklearn/tests/test_init.py", line 20, in test_import_skl
        assert_equal(_top_import_error, None)
    AssertionError: ImportError('cannot import name check_arrays',) != None
    ----------------------------------------------------------------------
    Ran 778 tests in 10.109s
    FAILED (SKIP=3, errors=36, failures=3)