        bazel-out/darwin-opt/bin/external/org_tensorflow/tensorflow/core/tpu/libtpu_api_dlsym_initializer.pic.lo(tpu_api_dlsym_initializer.pic.o)
        bazel-out/darwin-opt/bin/external/org_tensorflow/tensorflow/core/tpu/libtpu_executor_dlsym_initializer.pic.lo(tpu_executor_dlsym_initializer.pic.o)
    duplicate symbol 'tensorflow::tpu::FindAndLoadTpuLibrary()' in:
        bazel-out/darwin-opt/bin/external/org_tensorflow/tensorflow/core/tpu/libtpu_api_dlsym_initializer.pic.lo(tpu_api_dlsym_initializer.pic.o)
        bazel-out/darwin-opt/bin/external/org_tensorflow/tensorflow/core/tpu/libtpu_executor_dlsym_initializer.pic.lo(tpu_executor_dlsym_initializer.pic.o)
    ld: 2 duplicate symbols for architecture x86_64
    clang: error: linker command failed with exit code 1 (use -v to see invocation)
    Target //build:build_wheel failed to build
    INFO: Elapsed time: 3.424s, Critical Path: 2.82s
    INFO: 2 processes: 2 internal.
    FAILED: Build did NOT complete successfully
    ERROR: Build failed. Not running target
    FAILED: Build did NOT complete successfully
    Traceback (most recent call last):
      File "build/build.py", line 516, in 