I've recently updated scipy in Fedora to newest 0.13.0 release and I can see
one test failure on every architecture, both in python 2 and 3:
##### Python 3.3.2
    ERROR: test_fitpack.TestSplder.test_kink
    ----------------------------------------------------------------------
    Traceback (most recent call last):
      File "/builddir/build/BUILDROOT/scipy-0.13.0-1.fc21.arm/usr/lib/python3.3/site-packages/scipy/interpolate/fitpack.py", line 1178, in splder
        c = (c[1:-1-k] - c[:-2-k]) * k / dt
    FloatingPointError: invalid value encountered in true_divide
    During handling of the above exception, another exception occurred:
    Traceback (most recent call last):
      File "/usr/lib/python3.3/site-packages/nose/case.py", line 198, in runTest
        self.test(*self.arg)
      File "/builddir/build/BUILDROOT/scipy-0.13.0-1.fc21.arm/usr/lib/python3.3/site-packages/scipy/interpolate/tests/test_fitpack.py", line 329, in test_kink
        splder(spl2, 2)  # Should work
      File "/builddir/build/BUILDROOT/scipy-0.13.0-1.fc21.arm/usr/lib/python3.3/site-packages/scipy/interpolate/fitpack.py", line 1186, in splder
        "and is not differentiable %d times") % n)
    ValueError: The spline has internal repeated knots and is not differentiable 2 times
##### Python 2.7.5
    ERROR: test_fitpack.TestSplder.test_kink
    ----------------------------------------------------------------------
    Traceback (most recent call last):
      File "/usr/lib/python2.7/site-packages/nose/case.py", line 197, in runTest
        self.test(*self.arg)
      File "/builddir/build/BUILDROOT/scipy-0.13.0-1.fc21.arm/usr/lib/python2.7/site-packages/scipy/interpolate/tests/test_fitpack.py", line 329, in test_kink
        splder(spl2, 2)  # Should work
      File "/builddir/build/BUILDROOT/scipy-0.13.0-1.fc21.arm/usr/lib/python2.7/site-packages/scipy/interpolate/fitpack.py", line 1186, in splder
        "and is not differentiable %d times") % n)
    ValueError: The spline has internal repeated knots and is not differentiable 2 times
#### Setup
numpy 1.8.0  
atlas 3.10.1  
blas 3.4.2  
lapack 3.4.2
#### Build logs:
http://kojipkgs.fedoraproject.org/packages/scipy/0.13.0/1.fc21/data/logs/armv7hl/build.log  
http://kojipkgs.fedoraproject.org/packages/scipy/0.13.0/1.fc21/data/logs/i686/build.log  
http://kojipkgs.fedoraproject.org/packages/scipy/0.13.0/1.fc21/data/logs/x86_64/build.log