Just updated to 1.4.1 through Anaconda in OS X Mavericks
Running the test suite yields 1 error and 2 failures:
    Python 2.7.8 |Continuum Analytics, Inc.| (default, Aug 21 2014, 15:21:46)
    Type "copyright", "credits" or "license" for more information.
    IPython 2.3.0 -- An enhanced Interactive Python.
    Anaconda is brought to you by Continuum Analytics.
    Please check out: http://continuum.io/thanks and https://binstar.org
    ?         -> Introduction and overview of IPython's features.
    %quickref -> Quick reference.
    help      -> Python's own help system.
    object?   -> Details about 'object', use 'object??' for extra details.
    In [1]: import matplotlib as mpl
    In [2]: mpl.test()
    ...KKKKKK...K..K.....K....K..K..K..K..K..K..K.............................K..K..K..K....K..K..K..K..K..K..K...K..K..K..K..K..K....K..K..K..K..K..K..K..K..K..K.....K.........K..K..K......K..K..K..K..K..K..K..K..K..K...K........K..K..K..K..K..K..K..K..K..K....K..K..K..K..............K..K..K..K..K..K..K....K.....................................K..........................K..K...K...K..K..K..K......................K..K..K..K..K..K..K..K..K..K..K..K..K..................................../Users/zhangxiaowei/anaconda/lib/python2.7/site-packages/matplotlib/colors.py:1535: RuntimeWarning: invalid value encountered in true_divide
      (intensity.max() - intensity.min())
    /Users/zhangxiaowei/anaconda/lib/python2.7/site-packages/matplotlib/colors.py:1543: RuntimeWarning: invalid value encountered in greater
      intensity > 0),
    /Users/zhangxiaowei/anaconda/lib/python2.7/site-packages/matplotlib/colors.py:1548: RuntimeWarning: invalid value encountered in greater
      hsv[:, :, 2] = np.where(intensity > 0,
    /Users/zhangxiaowei/anaconda/lib/python2.7/site-packages/matplotlib/colors.py:1554: RuntimeWarning: invalid value encountered in less
      intensity 
    ----------------------------------------------------------------------
    Traceback (most recent call last):
      File "/Users/zhangxiaowei/anaconda/lib/python2.7/site-packages/nose/suite.py", line 209, in run
        self.setUp()
      File "/Users/zhangxiaowei/anaconda/lib/python2.7/site-packages/nose/suite.py", line 292, in setUp
        self.setupContext(ancestor)
      File "/Users/zhangxiaowei/anaconda/lib/python2.7/site-packages/nose/suite.py", line 315, in setupContext
        try_run(context, names)
      File "/Users/zhangxiaowei/anaconda/lib/python2.7/site-packages/nose/util.py", line 470, in try_run
        return func()
      File "/Users/zhangxiaowei/anaconda/lib/python2.7/site-packages/matplotlib/testing/decorators.py", line 134, in setup_class
        cls._func()
      File "/Users/zhangxiaowei/anaconda/lib/python2.7/site-packages/matplotlib/tests/test_text.py", line 45, in test_font_styles
        size=14,
      File "/Users/zhangxiaowei/anaconda/lib/python2.7/site-packages/matplotlib/tests/test_text.py", line 21, in find_matplotlib_font
        path = findfont(prop, directory=data_path)
      File "/Users/zhangxiaowei/anaconda/lib/python2.7/site-packages/matplotlib/font_manager.py", line 1418, in findfont
        font = fontManager.findfont(prop, **kw)
      File "/Users/zhangxiaowei/anaconda/lib/python2.7/site-packages/matplotlib/font_manager.py", line 1258, in findfont
        os.path.commonprefix([font.fname, directory]) != directory):
      File "/Users/zhangxiaowei/anaconda/lib/python2.7/genericpath.py", line 71, in commonprefix
        s1 = min(m)
    UnicodeDecodeError: 'ascii' codec can't decode byte 0xe9 in position 15: ordinal not in range(128)
    ======================================================================
    FAIL: matplotlib.tests.test_text.test_multiline.test
    ----------------------------------------------------------------------
    Traceback (most recent call last):
      File "/Users/zhangxiaowei/anaconda/lib/python2.7/site-packages/nose/case.py", line 197, in runTest
        self.test(*self.arg)
      File "/Users/zhangxiaowei/anaconda/lib/python2.7/site-packages/matplotlib/testing/decorators.py", line 51, in failer
        result = f(*args, **kwargs)
      File "/Users/zhangxiaowei/anaconda/lib/python2.7/site-packages/matplotlib/testing/decorators.py", line 196, in do_test
        '(RMS %(rms).3f)'%err)
    ImageComparisonFailure: images not close: /Users/zhangxiaowei/Downloads/result_images/test_text/multiline.png vs. /Users/zhangxiaowei/Downloads/result_images/test_text/multiline-expected.png (RMS 27.663)
    ======================================================================
    FAIL: matplotlib.tests.test_text.test_multiline.test
    ----------------------------------------------------------------------
    Traceback (most recent call last):
      File "/Users/zhangxiaowei/anaconda/lib/python2.7/site-packages/nose/case.py", line 197, in runTest
        self.test(*self.arg)
      File "/Users/zhangxiaowei/anaconda/lib/python2.7/site-packages/matplotlib/testing/decorators.py", line 51, in failer
        result = f(*args, **kwargs)
      File "/Users/zhangxiaowei/anaconda/lib/python2.7/site-packages/matplotlib/testing/decorators.py", line 196, in do_test
        '(RMS %(rms).3f)'%err)
    ImageComparisonFailure: images not close: /Users/zhangxiaowei/Downloads/result_images/test_text/multiline_pdf.png vs. /Users/zhangxiaowei/Downloads/result_images/test_text/multiline-expected_pdf.png (RMS 35.875)
    ----------------------------------------------------------------------
    Ran 4745 tests in 449.966s
    FAILED (KNOWNFAIL=382, errors=1, failures=2)
    /Users/zhangxiaowei/anaconda/lib/python2.7/site-packages/matplotlib/__init__.py:1312: UserWarning:  This call to matplotlib.use() has no effect
    because the backend has already been chosen;
    matplotlib.use() must be called *before* pylab, matplotlib.pyplot,
    or matplotlib.backends is imported for the first time.
      warnings.warn(_use_error_msg)
    Out[2]: False