> 'exc_value' in '_ts'; did you mean 'curexc_value'?  
>  tstate->exc_value = value;  
>  ^~~~~~~~~  
>  curexc_value  
>
> /usr/local/Cellar/python/3.7.0/Frameworks/Python.framework/Versions/3.7/include/python3.7m/pystate.h:237:15:
> note: 'curexc_value' declared here  
>  PyObject *curexc_value;  
>  ^  
>  sklearn/cluster/_dbscan_inner.cpp:5974:13: error: no member named
> 'exc_traceback' in '_ts'; did you mean 'curexc_traceback'?  
>  tstate->exc_traceback = tb;  
>  ^~~~~~~~~~~~~  
>  curexc_traceback  
>
> /usr/local/Cellar/python/3.7.0/Frameworks/Python.framework/Versions/3.7/include/python3.7m/pystate.h:238:15:
> note: 'curexc_traceback' declared here  
>  PyObject *curexc_traceback;  
>  ^  
>  sklearn/cluster/_dbscan_inner.cpp:6029:24: error: no member named
> 'exc_type' in '_ts'  
>  tmp_type = tstate->exc_type;  
>  ~~~~~~ ^  
>  sklearn/cluster/_dbscan_inner.cpp:6030:25: error: no member named
> 'exc_value' in '_ts'; did you mean 'curexc_value'?  
>  tmp_value = tstate->exc_value;  
>  ^~~~~~~~~  
>  curexc_value  
>
> /usr/local/Cellar/python/3.7.0/Frameworks/Python.framework/Versions/3.7/include/python3.7m/pystate.h:237:15:
> note: 'curexc_value' declared here  
>  PyObject *curexc_value;  
>  ^  
>  sklearn/cluster/_dbscan_inner.cpp:6031:22: error: no member named
> 'exc_traceback' in '_ts'; did you mean 'curexc_traceback'?  
>  tmp_tb = tstate->exc_traceback;  
>  ^~~~~~~~~~~~~  
>  curexc_traceback  
>
> /usr/local/Cellar/python/3.7.0/Frameworks/Python.framework/Versions/3.7/include/python3.7m/pystate.h:238:15:
> note: 'curexc_traceback' declared here  
>  PyObject *curexc_traceback;  
>  ^  
>  sklearn/cluster/_dbscan_inner.cpp:6032:13: error: no member named
> 'exc_type' in '_ts'  
>  tstate->exc_type = local_type;  
>  ~~~~~~ ^  
>  sklearn/cluster/_dbscan_inner.cpp:6033:13: error: no member named
> 'exc_value' in '_ts'; did you mean 'curexc_value'?  
>  tstate->exc_value = local_value;  
>  ^~~~~~~~~  
>  curexc_value  
>
> /usr/local/Cellar/python/3.7.0/Frameworks/Python.framework/Versions/3.7/include/python3.7m/pystate.h:237:15:
> note: 'curexc_value' declared here  
>  PyObject *curexc_value;  
>  ^  
>  sklearn/cluster/_dbscan_inner.cpp:6034:13: error: no member named
> 'exc_traceback' in '_ts'; did you mean 'curexc_traceback'?  
>  tstate->exc_traceback = local_tb;  
>  ^~~~~~~~~~~~~  
>  curexc_traceback  
>
> /usr/local/Cellar/python/3.7.0/Frameworks/Python.framework/Versions/3.7/include/python3.7m/pystate.h:238:15:
> note: 'curexc_traceback' declared here  
>  PyObject *curexc_traceback;  
>  ^  
>  1 warning and 15 errors generated.  
>  In file included from sklearn/cluster/_dbscan_inner.cpp:514:  
>  In file included from /usr/local/lib/python3.7/site-
> packages/numpy/core/include/numpy/arrayobject.h:4:  
>  In file included from /usr/local/lib/python3.7/site-
> packages/numpy/core/include/numpy/ndarrayobject.h:18:  
>  In file included from /usr/local/lib/python3.7/site-
> packages/numpy/core/include/numpy/ndarraytypes.h:1816:  
>  /usr/local/lib/python3.7/site-
> packages/numpy/core/include/numpy/npy_1_7_deprecated_api.h:15:2: warning:
> "Using deprecated NumPy API, disable it by " "#defining
> NPY_NO_DEPRECATED_API NPY_1_7_API_VERSION" [-W#warnings]  
>  #warning "Using deprecated NumPy API, disable it by "  
>  ^  
>  sklearn/cluster/_dbscan_inner.cpp:5960:21: error: no member named
> 'exc_type' in '_ts'  
>  *type = tstate->exc_type;  
>  ~~~~~~ ^  
>  sklearn/cluster/_dbscan_inner.cpp:5961:22: error: no member named
> 'exc_value' in '_ts'; did you mean 'curexc_value'?  
>  *value = tstate->exc_value;  
>  ^~~~~~~~~  
>  curexc_value  
>
> /usr/local/Cellar/python/3.7.0/Frameworks/Python.framework/Versions/3.7/include/python3.7m/pystate.h:237:15:
> note: 'curexc_value' declared here  
>  PyObject *curexc_value;  
>  ^  
>  sklearn/cluster/_dbscan_inner.cpp:5962:19: error: no member named
> 'exc_traceback' in '_ts'; did you mean 'curexc_traceback'?  
>  *tb = tstate->exc_traceback;  
>  ^~~~~~~~~~~~~  
>  curexc_traceback  
>
> /usr/local/Cellar/python/3.7.0/Frameworks/Python.framework/Versions/3.7/include/python3.7m/pystate.h:238:15:
> note: 'curexc_traceback' declared here  
>  PyObject *curexc_traceback;  
>  ^  
>  sklearn/cluster/_dbscan_inner.cpp:5969:24: error: no member named
> 'exc_type' in '_ts'  
>  tmp_type = tstate->exc_type;  
>  ~~~~~~ ^  
>  sklearn/cluster/_dbscan_inner.cpp:5970:25: error: no member named
> 'exc_value' in '_ts'; did you mean 'curexc_value'?  
>  tmp_value = tstate->exc_value;  
>  ^~~~~~~~~  
>  curexc_value  
>
> /usr/local/Cellar/python/3.7.0/Frameworks/Python.framework/Versions/3.7/include/python3.7m/pystate.h:237:15:
> note: 'curexc_value' declared here  
>  PyObject *curexc_value;  
>  ^  
>  sklearn/cluster/_dbscan_inner.cpp:5971:22: error: no member named
> 'exc_traceback' in '_ts'; did you mean 'curexc_traceback'?  
>  tmp_tb = tstate->exc_traceback;  
>  ^~~~~~~~~~~~~  
>  curexc_traceback  
>
> /usr/local/Cellar/python/3.7.0/Frameworks/Python.framework/Versions/3.7/include/python3.7m/pystate.h:238:15:
> note: 'curexc_traceback' declared here  
>  PyObject *curexc_traceback;  
>  ^  
>  sklearn/cluster/_dbscan_inner.cpp:5972:13: error: no member named
> 'exc_type' in '_ts'  
>  tstate->exc_type = type;  
>  ~~~~~~ ^  
>  sklearn/cluster/_dbscan_inner.cpp:5973:13: error: no member named
> 'exc_value' in '_ts'; did you mean 'curexc_value'?  
>  tstate->exc_value = value;  
>  ^~~~~~~~~  
>  curexc_value  
>
> /usr/local/Cellar/python/3.7.0/Frameworks/Python.framework/Versions/3.7/include/python3.7m/pystate.h:237:15:
> note: 'curexc_value' declared here  
>  PyObject *curexc_value;  
>  ^  
>  sklearn/cluster/_dbscan_inner.cpp:5974:13: error: no member named
> 'exc_traceback' in '_ts'; did you mean 'curexc_traceback'?  
>  tstate->exc_traceback = tb;  
>  ^~~~~~~~~~~~~  
>  curexc_traceback  
>
> /usr/local/Cellar/python/3.7.0/Frameworks/Python.framework/Versions/3.7/include/python3.7m/pystate.h:238:15:
> note: 'curexc_traceback' declared here  
>  PyObject *curexc_traceback;  
>  ^  
>  sklearn/cluster/_dbscan_inner.cpp:6029:24: error: no member named
> 'exc_type' in '_ts'  
>  tmp_type = tstate->exc_type;  
>  ~~~~~~ ^  
>  sklearn/cluster/_dbscan_inner.cpp:6030:25: error: no member named
> 'exc_value' in '_ts'; did you mean 'curexc_value'?  
>  tmp_value = tstate->exc_value;  
>  ^~~~~~~~~  
>  curexc_value  
>
> /usr/local/Cellar/python/3.7.0/Frameworks/Python.framework/Versions/3.7/include/python3.7m/pystate.h:237:15:
> note: 'curexc_value' declared here  
>  PyObject *curexc_value;  
>  ^  
>  sklearn/cluster/_dbscan_inner.cpp:6031:22: error: no member named
> 'exc_traceback' in '_ts'; did you mean 'curexc_traceback'?  
>  tmp_tb = tstate->exc_traceback;  
>  ^~~~~~~~~~~~~  
>  curexc_traceback  
>
> /usr/local/Cellar/python/3.7.0/Frameworks/Python.framework/Versions/3.7/include/python3.7m/pystate.h:238:15:
> note: 'curexc_traceback' declared here  
>  PyObject *curexc_traceback;  
>  ^  
>  sklearn/cluster/_dbscan_inner.cpp:6032:13: error: no member named
> 'exc_type' in '_ts'  
>  tstate->exc_type = local_type;  
>  ~~~~~~ ^  
>  sklearn/cluster/_dbscan_inner.cpp:6033:13: error: no member named
> 'exc_value' in '_ts'; did you mean 'curexc_value'?  
>  tstate->exc_value = local_value;  
>  ^~~~~~~~~  
>  curexc_value  
>
> /usr/local/Cellar/python/3.7.0/Frameworks/Python.framework/Versions/3.7/include/python3.7m/pystate.h:237:15:
> note: 'curexc_value' declared here  
>  PyObject *curexc_value;  
>  ^  
>  sklearn/cluster/_dbscan_inner.cpp:6034:13: error: no member named
> 'exc_traceback' in '_ts'; did you mean 'curexc_traceback'?  
>  tstate->exc_traceback = local_tb;  
>  ^~~~~~~~~~~~~  
>  curexc_traceback  
>
> /usr/local/Cellar/python/3.7.0/Frameworks/Python.framework/Versions/3.7/include/python3.7m/pystate.h:238:15:
> note: 'curexc_traceback' declared here  
>  PyObject *curexc_traceback;  
>  ^  
>  1 warning and 15 errors generated.  
>  error: Command "clang++ -Wno-unused-result -Wsign-compare -Wunreachable-
> code -fno-common -dynamic -DNDEBUG -g -fwrapv -O3 -Wall
> -I/usr/local/lib/python3.7/site-packages/numpy/core/include
> -I/usr/local/lib/python3.7/site-packages/numpy/core/include
> -I/usr/local/include -I/usr/local/opt/openssl/include
> -I/usr/local/opt/sqlite/include
> -I/usr/local/Cellar/python/3.7.0/Frameworks/Python.framework/Versions/3.7/include/python3.7m
> -c sklearn/cluster/_dbscan_inner.cpp -o
> build/temp.macosx-10.13-x86_64-3.7/sklearn/cluster/_dbscan_inner.o -MMD -MF
> build/temp.macosx-10.13-x86_64-3.7/sklearn/cluster/_dbscan_inner.o.d" failed
> with exit status 1
>
> * * *
>
> Failed building wheel for scikit-learn  
>  Running setup.py clean for scikit-learn  
>  Failed to build scikit-learn  
>  Installing collected packages: scikit-learn  
>  Running setup.py install for scikit-learn ... error  
>  Complete output from command /usr/local/opt/python/bin/python3.7 -u -c
> "import setuptools, tokenize; **file**
> ='/private/var/folders/qn/3vfg7p391r34rx_frld05sw40000gn/T/pip-
> install-2nbtn27s/scikit-learn/setup.py';f=getattr(tokenize, 'open', open)(