以下是经过优化后的文本，使其更加清晰、连贯和专业：

---

### 错误报告

在运行测试时遇到了多个 `ImportError` 异常。这些异常都指向同一个问题：无法导入 `check_arrays` 函数。以下是详细的错误信息和调用栈跟踪。

#### 错误 1
**文件路径**:
- `//anaconda/lib/python2.7/site-packages/nose/loader.py`
- `//anaconda/lib/python2.7/site-packages/nose/importer.py`
- `//anaconda/lib/python2.7/site-packages/sklearn/utils/tests/test_testing.py`
- `//anaconda/lib/python2.7/site-packages/sklearn/tree/__init__.py`
- `//anaconda/lib/python2.7/site-packages/sklearn/tree/tree.py`
- `//anaconda/lib/python2.7/site-packages/sklearn/feature_selection/__init__.py`
- `//anaconda/lib/python2.7/site-packages/sklearn/feature_selection/rfe.py`
- `//anaconda/lib/python2.7/site-packages/sklearn/cross_validation.py`
- `//anaconda/lib/python2.7/site-packages/sklearn/metrics/__init__.py`
- `//anaconda/lib/python2.7/site-packages/sklearn/metrics/cluster/__init__.py`
- `//anaconda/lib/python2.7/site-packages/sklearn/metrics/cluster/bicluster/__init__.py`
- `//anaconda/lib/python2.7/site-packages/sklearn/metrics/cluster/bicluster/bicluster_metrics.py`

**错误信息**:
```
ImportError: cannot import name check_arrays
```

**调用栈**:
```python
Traceback (most recent call last):
  File "//anaconda/lib/python2.7/site-packages/nose/loader.py", line 414, in loadTestsFromName
    addr.filename, addr.module)
  File "//anaconda/lib/python2.7/site-packages/nose/importer.py", line 47, in importFromPath
    return self.importFromDir(dir_path, fqname)
  File "//anaconda/lib/python2.7/site-packages/nose/importer.py", line 94, in importFromDir
    mod = load_module(part_fqname, fh, filename, desc)
  File "//anaconda/lib/python2.7/site-packages/sklearn/utils/tests/test_testing.py", line 18, in <module>
    from sklearn.tree import DecisionTreeClassifier
  ...
  File "//anaconda/lib/python2.7/site-packages/sklearn/metrics/cluster/bicluster/bicluster_metrics.py", line 6, in <module>
    from sklearn.utils.validation import check_arrays
ImportError: cannot import name check_arrays
```

#### 错误 2
**文件路径**:
- `//anaconda/lib/python2.7/site-packages/nose/loader.py`
- `//anaconda/lib/python2.7/site-packages/nose/importer.py`
- `//anaconda/lib/python2.7/site-packages/sklearn/utils/tests/test_validation.py`
- `//anaconda/lib/python2.7/site-packages/sklearn/utils/estimator_checks.py`
- `//anaconda/lib/python2.7/site-packages/sklearn/metrics/__init__.py`
- `//anaconda/lib/python2.7/site-packages/sklearn/metrics/cluster/__init__.py`
- `//anaconda/lib/python2.7/site-packages/sklearn/metrics/cluster/bicluster/__init__.py`
- `//anaconda/lib/python2.7/site-packages/sklearn/metrics/cluster/bicluster/bicluster_metrics.py`

**错误信息**:
```
ImportError: cannot import name check_arrays
```

**调用栈**:
```python
Traceback (most recent call last):
  File "//anaconda/lib/python2.7/site-packages/nose/loader.py", line 414, in loadTestsFromName
    addr.filename, addr.module)
  File "//anaconda/lib/python2.7/site-packages/nose/importer.py", line 47, in importFromPath
    return self.importFromDir(dir_path, fqname)
  File "//anaconda/lib/python2.7/site-packages/nose/importer.py", line 94, in importFromDir
    mod = load_module(part_fqname, fh, filename, desc)
  File "//anaconda/lib/python2.7/site-packages/sklearn/utils/tests/test_validation.py", line 16, in <module>
    from sklearn.utils.estimator_checks import NotAnArray
  ...
  File "//anaconda/lib/python2.7/site-packages/sklearn/metrics/cluster/bicluster/bicluster_metrics.py", line 6, in <module>
    from sklearn.utils.validation import check_arrays
ImportError: cannot import name check_arrays
```

#### 其他类似的错误
其他类似的错误也出现在以下模块中：
- `sklearn.tests.test_base.py`
- `sklearn.tests.test_calibration.py`
- `sklearn.tests.test_common.py`
- `sklearn.tests.test_cross_validation.py`
- `sklearn.tests.test_dummy.py`
- `sklearn.tests.test_grid_search.py`
- `sklearn.tests.test_hmm.py`
- `sklearn.tests.test_kernel_approximation.py`

所有这些错误都指向同一个问题：无法从 `sklearn.utils.validation` 模块中导入 `check_arrays` 函数。

### 解决方案
`check_arrays` 函数可能已被移除或重命名。建议检查 `sklearn` 的最新文档，以确认是否有替代函数或更新的导入路径。如果 `check_arrays` 确实已被移除，请更新相关代码以使用新的验证函数。

希望这能帮助您解决问题。如果有进一步的问题，请随时联系。