https://k8s-gubernator.appspot.com/build/kubernetes-
jenkins/logs/kubernetes-e2e-gke/11648/
Failed: [k8s.io] Kubectl client [k8s.io] Update Demo should create and stop a
replication controller [Conformance] {Kubernetes e2e suite}
    /go/src/k8s.io/kubernetes/_output/dockerized/go/src/k8s.io/kubernetes/test/e2e/kubectl.go:209
    Expected error:
        : {
            s: "Error running &{/workspace/kubernetes/platforms/linux/amd64/kubectl [kubectl --server=https://104.198.30.15 --kubeconfig=/workspace/.kube/config get rc,svc -l name=update-demo --no-headers --namespace=e2e-tests-kubectl-5z9m9] []    failed to find client for version v1: error: google: could not find default credentials. See https://developers.google.com/accounts/docs/application-default-credentials for more information.\n []  0xc820c8ba40 exit status 1  true [0xc820542440 0xc820542458 0xc820542470] [0xc820542440 0xc820542458 0xc820542470] [0xc820542450 0xc820542468] [0xab1c70 0xab1c70] 0xc820be0cc0}:\nCommand stdout:\n\nstderr:\nfailed to find client for version v1: error: google: could not find default credentials. See https://developers.google.com/accounts/docs/application-default-credentials for more information.\n\nerror:\nexit status 1\n",
        }
        Error running &{/workspace/kubernetes/platforms/linux/amd64/kubectl [kubectl --server=https://104.198.30.15 --kubeconfig=/workspace/.kube/config get rc,svc -l name=update-demo --no-headers --namespace=e2e-tests-kubectl-5z9m9] []    failed to find client for version v1: error: google: could not find default credentials. See https://developers.google.com/accounts/docs/application-default-credentials for more information.
         []  0xc820c8ba40 exit status 1  true [0xc820542440 0xc820542458 0xc820542470] [0xc820542440 0xc820542458 0xc820542470] [0xc820542450 0xc820542468] [0xab1c70 0xab1c70] 0xc820be0cc0}:
        Command stdout:
        stderr:
        failed to find client for version v1: error: google: could not find default credentials. See https://developers.google.com/accounts/docs/application-default-credentials for more information.
        error:
        exit status 1
    not to have occurred
Previous issues for this test: #28565 #29072