When running `nosetests pandas`, I encountered the following two errors:

### 1. **Error in `test_fred_multi` (pandas.io.tests.test_data.TestFred)**
**Traceback:**
```
Traceback (most recent call last):
  File "/Users/hbi16088/python-virtual-env/basic/lib/python2.7/site-packages/pandas/util/testing.py", line 1135, in wrapper
    return t(*args, **kwargs)
  File "/Users/hbi16088/python-virtual-env/basic/lib/python2.7/site-packages/pandas/io/tests/test_data.py", line 455, in test_fred_multi
    assert_frame_equal(received, expected, check_less_precise=True)
  File "/Users/hbi16088/python-virtual-env/basic/lib/python2.7/site-packages/pandas/util/testing.py", line 509, in assert_frame_equal
    check_less_precise=check_less_precise)
  File "/Users/hbi16088/python-virtual-env/basic/lib/python2.7/site-packages/pandas/util/testing.py", line 458, in assert_series_equal
    assert_almost_equal(left.values, right.values, check_less_precise)
  File "testing.pyx", line 58, in pandas._testing.assert_almost_equal (pandas/src/testing.c:2464)
  File "testing.pyx", line 93, in pandas._testing.assert_almost_equal (pandas/src/testing.c:1716)
  File "testing.pyx", line 140, in pandas._testing.assert_almost_equal (pandas/src/testing.c:2300)

AssertionError: Expected value: 217.47800, but received: 217.46600
```

### 2. **Error in `test_fred_parts` (pandas.io.tests.test_data.TestFred)**
**Traceback:**
```
Traceback (most recent call last):
  File "/Users/hbi16088/python-virtual-env/basic/lib/python2.7/site-packages/pandas/util/testing.py", line 1135, in wrapper
    return t(*args, **kwargs)
  File "/Users/hbi16088/python-virtual-env/basic/lib/python2.7/site-packages/pandas/io/tests/test_data.py", line 424, in test_fred_parts
    self.assertEqual(df.ix['2010-05-01'][0], 217.23)
AssertionError: 217.29900000000001 != 217.23
```

### Summary:
- **`test_fred_multi`**: The test failed due to a discrepancy between the expected and actual values. The expected value was `217.47800`, but the received value was `217.46600`.
- **`test_fred_parts`**: The test failed because the value at `df.ix['2010-05-01'][0]` was `217.29900000000001`, which does not match the expected value of `217.23`.

These discrepancies suggest that there may be precision issues or data inconsistencies in the tests. Further investigation is needed to determine the root cause and resolve these failures.