third_party/protobuf/cmake/CMakeFiles/libprotobuf.dir/__/src/google/protobuf/util/json_util.cc.o  
nvcc fatal : The version ('8.0') of the host compiler ('clang') is not
supported  
CMake Error at gloo_cuda_generated_nccl.cu.o.Release.cmake:215 (message):  
Error generating  
/home/user/zkself/pytorch/build/third_party/gloo/gloo/CMakeFiles/gloo_cuda.dir/nccl/./gloo_cuda_generated_nccl.cu.o
third_party/gloo/gloo/CMakeFiles/gloo_cuda.dir/build.make:77: recipe for
target
'third_party/gloo/gloo/CMakeFiles/gloo_cuda.dir/nccl/gloo_cuda_generated_nccl.cu.o'
failed  
make[2]: ***
[third_party/gloo/gloo/CMakeFiles/gloo_cuda.dir/nccl/gloo_cuda_generated_nccl.cu.o]
Error 1  
CMakeFiles/Makefile2:1214: recipe for target
'third_party/gloo/gloo/CMakeFiles/gloo_cuda.dir/all' failed  
make[1]: *** [third_party/gloo/gloo/CMakeFiles/gloo_cuda.dir/all] Error 2  
make[1]: *** Waiting for unfinished jobs....  
[ 37%] Building C object confu-
deps/QNNPACK/CMakeFiles/qnnpack.dir/src/u8lut32norm/scalar.c.o  
[ 37%] Building C object confu-
deps/QNNPACK/CMakeFiles/qnnpack.dir/src/x8lut/scalar.c.o  
[ 37%] Building CXX object
third_party/protobuf/cmake/CMakeFiles/libprotobuf.dir/
**/src/google/protobuf/util/message_differencer.cc.o  
[ 37%] Building CXX object
third_party/protobuf/cmake/CMakeFiles/libprotobuf.dir/**/src/google/protobuf/util/time_util.cc.o  
[ 37%] Building CXX object
third_party/protobuf/cmake/CMakeFiles/libprotobuf.dir/
**/src/google/protobuf/util/type_resolver_util.cc.o  
[ 38%] Building C object confu-
deps/QNNPACK/CMakeFiles/qnnpack.dir/src/sgemm/6x8-psimd.c.o  
[ 38%] Building CXX object third_party/ideep/mkl-
dnn/src/CMakeFiles/mkldnn.dir/cpu/jit_avx512_core_x8s8s32x_convolution.cpp.o  
[ 38%] Building C object confu-
deps/QNNPACK/CMakeFiles/qnnpack.dir/src/q8avgpool/mp8x9p8q-sse2.c.o  
[ 38%] Linking CXX static library ../../../lib/libgtest_main.a  
[ 38%] Built target gtest_main  
[ 38%] Building C object confu-
deps/QNNPACK/CMakeFiles/qnnpack.dir/src/q8avgpool/up8x9-sse2.c.o  
[ 38%] Building CXX object third_party/ideep/mkl-
dnn/src/CMakeFiles/mkldnn.dir/cpu/jit_sse42_1x1_conv_kernel_f32.cpp.o  
[ 38%] Linking CXX static library ../../../lib/libbenchmark_main.a  
[ 38%] Building C object confu-
deps/QNNPACK/CMakeFiles/qnnpack.dir/src/q8avgpool/up8xm-sse2.c.o  
In file included from
/home/user/zkself/pytorch/third_party/protobuf/src/google/protobuf/util/internal/proto_writer.cc:31:  
/home/user/zkself/pytorch/third_party/protobuf/src/google/protobuf/util/internal/proto_writer.h:113:24:
warning: 'RenderBytes' overrides a member function but is not marked
'override'  
[-Winconsistent-missing-override]  
virtual ProtoWriter* RenderBytes(StringPiece name, StringPiece value) {  
^  
/home/user/zkself/pytorch/third_party/protobuf/src/google/protobuf/util/internal/object_writer.h:99:25:
note: overridden virtual function is here  
virtual ObjectWriter* RenderBytes(StringPiece name, StringPiece value) = 0;  
^  
[ 38%] Built target benchmark_main  
[ 38%] Building C object confu-
deps/QNNPACK/CMakeFiles/qnnpack.dir/src/q8conv/4x4c2-sse2.c.o  
[ 38%] Building C object confu-
deps/QNNPACK/CMakeFiles/qnnpack.dir/src/q8dwconv/mp8x25-sse2.c.o  
[ 38%] Building C object confu-
deps/QNNPACK/CMakeFiles/qnnpack.dir/src/q8dwconv/up8x9-sse2.c.o  
[ 38%] Building C object confu-
deps/QNNPACK/CMakeFiles/qnnpack.dir/src/q8gavgpool/mp8x7p7q-sse2.c.o  
[ 38%] Building CXX object
third_party/protobuf/cmake/CMakeFiles/libprotobuf.dir/**/src/google/protobuf/wire_format.cc.o  
[ 38%] Built target sleefsse2  
[ 38%] Building CXX object
third_party/protobuf/cmake/CMakeFiles/libprotobuf.dir/__/src/google/protobuf/wrappers.pb.cc.o  
[ 38%] Building C object confu-
deps/QNNPACK/CMakeFiles/qnnpack.dir/src/q8gavgpool/up8x7-sse2.c.o  
[ 38%] Building C object confu-
deps/QNNPACK/CMakeFiles/qnnpack.dir/src/q8gavgpool/up8xm-sse2.c.o  
[ 39%] Building CXX object third_party/ideep/mkl-
dnn/src/CMakeFiles/mkldnn.dir/cpu/jit_sse42_1x1_convolution.cpp.o  
[ 39%] Building C object confu-
deps/QNNPACK/CMakeFiles/qnnpack.dir/src/q8gemm/2x4c8-sse2.c.o  
[ 39%] Building CXX object third_party/ideep/mkl-
dnn/src/CMakeFiles/mkldnn.dir/cpu/jit_sse42_conv_kernel_f32.cpp.o  
[ 39%] Building C object confu-
deps/QNNPACK/CMakeFiles/qnnpack.dir/src/q8gemm/4x4c2-sse2.c.o  
In file included from
/home/user/zkself/pytorch/third_party/protobuf/src/google/protobuf/util/internal/protostream_objectwriter.cc:31:  
In file included from
/home/user/zkself/pytorch/third_party/protobuf/src/google/protobuf/util/internal/protostream_objectwriter.h:45:  
/home/user/zkself/pytorch/third_party/protobuf/src/google/protobuf/util/internal/proto_writer.h:113:24:
warning: 'RenderBytes' overrides a member function but is not marked
'override'  
[-Winconsistent-missing-override]  
virtual ProtoWriter* RenderBytes(StringPiece name, StringPiece value) {  
^  
/home/user/zkself/pytorch/third_party/protobuf/src/google/protobuf/util/internal/object_writer.h:99:25:
note: overridden virtual function is here  
virtual ObjectWriter* RenderBytes(StringPiece name, StringPiece value) = 0;  
^  
[ 39%] Building C object confu-
deps/QNNPACK/CMakeFiles/qnnpack.dir/src/q8vadd/sse2.c.o  
In file included from
/home/user/zkself/pytorch/third_party/protobuf/src/google/protobuf/util/internal/type_info_test_helper.cc:31:  
In file included from
/home/user/zkself/pytorch/third_party/protobuf/src/google/protobuf/util/internal/type_info_test_helper.h:42:  
In file included from
/home/user/zkself/pytorch/third_party/protobuf/src/google/protobuf/util/internal/protostream_objectwriter.h:45:  
/home/user/zkself/pytorch/third_party/protobuf/src/google/protobuf/util/internal/proto_writer.h:113:24:
warning: 'RenderBytes' overrides a member function but is not marked
'override'  
[-Winconsistent-missing-override]  
virtual ProtoWriter* RenderBytes(StringPiece name, StringPiece value) {  
^  
/home/user/zkself/pytorch/third_party/protobuf/src/google/protobuf/util/internal/object_writer.h:99:25:
note: overridden virtual function is here  
virtual ObjectWriter* RenderBytes(StringPiece name, StringPiece value) = 0;  
^  
[ 39%] Building C object confu-
deps/QNNPACK/CMakeFiles/qnnpack.dir/src/u8clamp/sse2.c.o  
[ 39%] Building C object confu-
deps/QNNPACK/CMakeFiles/qnnpack.dir/src/u8maxpool/16x9p8q-sse2.c.o  
In file included from
/home/user/zkself/pytorch/third_party/protobuf/src/google/protobuf/util/json_util.cc:41:  
In file included from
/home/user/zkself/pytorch/third_party/protobuf/src/google/protobuf/util/internal/protostream_objectwriter.h:45:  
/home/user/zkself/pytorch/third_party/protobuf/src/google/protobuf/util/internal/proto_writer.h:113:24:
warning: 'RenderBytes' overrides a member function but is not marked
'override'  
[-Winconsistent-missing-override]  
virtual ProtoWriter* RenderBytes(StringPiece name, StringPiece value) {  
^  
/home/user/zkself/pytorch/third_party/protobuf/src/google/protobuf/util/internal/object_writer.h:99:25:
note: overridden virtual function is here  
virtual ObjectWriter* RenderBytes(StringPiece name, StringPiece value) = 0;  
^  
[ 39%] Building C object confu-
deps/QNNPACK/CMakeFiles/qnnpack.dir/src/u8maxpool/sub16-sse2.c.o  
[ 39%] Building CXX object third_party/ideep/mkl-
dnn/src/CMakeFiles/mkldnn.dir/cpu/jit_sse42_convolution.cpp.o  
[ 39%] Building C object confu-
deps/QNNPACK/CMakeFiles/qnnpack.dir/src/u8rmax/sse2.c.o  
[ 39%] Building C object confu-
deps/QNNPACK/CMakeFiles/qnnpack.dir/src/x8zip/x2-sse2.c.o  
[ 39%] Building C object confu-
deps/QNNPACK/CMakeFiles/qnnpack.dir/src/x8zip/x3-sse2.c.o  
[ 39%] Building C object confu-
deps/QNNPACK/CMakeFiles/qnnpack.dir/src/x8zip/x4-sse2.c.o  
1 warning generated.  
[ 39%] Building C object confu-
deps/QNNPACK/CMakeFiles/qnnpack.dir/src/x8zip/xm-sse2.c.o  
[ 39%] Building CXX object third_party/ideep/mkl-
dnn/src/CMakeFiles/mkldnn.dir/cpu/jit_transpose_src_utils.cpp.o  
[ 39%] Building CXX object third_party/ideep/mkl-
dnn/src/CMakeFiles/mkldnn.dir/cpu/jit_uni_batch_normalization.cpp.o  
[ 39%] Building CXX object third_party/ideep/mkl-
dnn/src/CMakeFiles/mkldnn.dir/cpu/jit_uni_dw_conv_kernel_f32.cpp.o  
1 warning generated.  
[ 39%] Building CXX object third_party/ideep/mkl-
dnn/src/CMakeFiles/mkldnn.dir/cpu/jit_uni_dw_convolution.cpp.o  
[ 39%] Building CXX object third_party/ideep/mkl-
dnn/src/CMakeFiles/mkldnn.dir/cpu/jit_uni_eltwise.cpp.o  
[ 39%] Building CXX object third_party/ideep/mkl-
dnn/src/CMakeFiles/mkldnn.dir/cpu/jit_uni_lrn.cpp.o  
[ 39%] Linking C static library ../../lib/libqnnpack.a  
[ 39%] Built target qnnpack  
[ 39%] Building CXX object third_party/ideep/mkl-
dnn/src/CMakeFiles/mkldnn.dir/cpu/jit_uni_lrn_kernel_f32.cpp.o  
[ 39%] Building CXX object third_party/ideep/mkl-
dnn/src/CMakeFiles/mkldnn.dir/cpu/jit_uni_pool_kernel_f32.cpp.o  
1 warning generated.  
[ 39%] Building CXX object third_party/ideep/mkl-
dnn/src/CMakeFiles/mkldnn.dir/cpu/jit_uni_pooling.cpp.o  
[ 39%] Building CXX object third_party/ideep/mkl-
dnn/src/CMakeFiles/mkldnn.dir/cpu/jit_uni_reorder.cpp.o  
[ 39%] Building CXX object third_party/ideep/mkl-
dnn/src/CMakeFiles/mkldnn.dir/cpu/jit_uni_reorder_utils.cpp.o  
[ 39%] Building CXX object third_party/ideep/mkl-
dnn/src/CMakeFiles/mkldnn.dir/cpu/nchw_pooling.cpp.o  
[ 39%] Building CXX object third_party/ideep/mkl-
dnn/src/CMakeFiles/mkldnn.dir/cpu/ncsp_batch_normalization.cpp.o  
[ 39%] Building CXX object third_party/ideep/mkl-
dnn/src/CMakeFiles/mkldnn.dir/cpu/nhwc_pooling.cpp.o  
[ 39%] Building CXX object third_party/ideep/mkl-
dnn/src/CMakeFiles/mkldnn.dir/cpu/nspc_batch_normalization.cpp.o  
[ 39%] Building CXX object third_party/ideep/mkl-
dnn/src/CMakeFiles/mkldnn.dir/cpu/ref_batch_normalization.cpp.o  
[ 39%] Building CXX object third_party/ideep/mkl-
dnn/src/CMakeFiles/mkldnn.dir/cpu/ref_convolution.cpp.o  
[ 39%] Building CXX object third_party/ideep/mkl-
dnn/src/CMakeFiles/mkldnn.dir/cpu/ref_deconvolution.cpp.o  
1 warning generated.  
[ 39%] Building CXX object third_party/ideep/mkl-
dnn/src/CMakeFiles/mkldnn.dir/cpu/ref_eltwise.cpp.o  
[ 39%] Building CXX object third_party/ideep/mkl-
dnn/src/CMakeFiles/mkldnn.dir/cpu/ref_inner_product.cpp.o  
[ 39%] Building CXX object third_party/ideep/mkl-
dnn/src/CMakeFiles/mkldnn.dir/cpu/ref_lrn.cpp.o  
[ 39%] Building CXX object third_party/ideep/mkl-
dnn/src/CMakeFiles/mkldnn.dir/cpu/ref_pooling.cpp.o  
[ 39%] Building CXX object third_party/ideep/mkl-
dnn/src/CMakeFiles/mkldnn.dir/cpu/ref_shuffle.cpp.o  
[ 39%] Building CXX object third_party/ideep/mkl-
dnn/src/CMakeFiles/mkldnn.dir/cpu/ref_rnn.cpp.o  
[ 39%] Building CXX object third_party/ideep/mkl-
dnn/src/CMakeFiles/mkldnn.dir/cpu/ref_softmax.cpp.o  
[ 39%] Building CXX object third_party/ideep/mkl-
dnn/src/CMakeFiles/mkldnn.dir/cpu/simple_concat.cpp.o  
[ 39%] Building CXX object third_party/ideep/mkl-
dnn/src/CMakeFiles/mkldnn.dir/cpu/simple_sum.cpp.o  
[ 39%] Generating src/x86_64-fma/2d-fourier-16x16.py.o  
[ 39%] Linking CXX static library ../../../lib/libprotobuf.a  
[ 39%] Built target libprotobuf  
[ 39%] Generating src/x86_64-fma/2d-winograd-8x8-3x3.py.o  
[ 40%] Generating src/x86_64-fma/blas/s8gemm.py.o  
[ 40%] Generating src/x86_64-fma/blas/c8gemm.py.o  
[ 40%] Generating src/x86_64-fma/blas/s4c6gemm.py.o  
[ 40%] Generating src/x86_64-fma/blas/conv1x1.py.o  
[ 40%] Generating src/x86_64-fma/blas/sgemm.py.o  
[ 40%] Generating src/x86_64-fma/max-pooling.py.o  
[ 40%] Generating src/x86_64-fma/relu.py.o  
[ 40%] Generating src/x86_64-fma/softmax.py.o  
[ 40%] Generating src/x86_64-fma/blas/sdotxf.py.o  
[ 40%] Generating src/x86_64-fma/blas/shdotxf.py.o  
[ 41%] Linking CXX static library ../../../../lib/libmkldnn.a  
[ 41%] Built target mkldnn  
Scanning dependencies of target nnpack  
[ 41%] Building C object confu-deps/NNPACK/CMakeFiles/nnpack.dir/src/init.c.o  
[ 41%] Building C object confu-deps/NNPACK/CMakeFiles/nnpack.dir/src/relu-
output.c.o  
[ 41%] Building C object confu-
deps/NNPACK/CMakeFiles/nnpack.dir/src/convolution-output.c.o  
[ 41%] Building C object confu-deps/NNPACK/CMakeFiles/nnpack.dir/src/fully-
connected-inference.c.o  
[ 41%] Building C object confu-
deps/NNPACK/CMakeFiles/nnpack.dir/src/convolution-input-gradient.c.o  
[ 41%] Building C object confu-deps/NNPACK/CMakeFiles/nnpack.dir/src/pooling-
output.c.o  
[ 41%] Building C object confu-deps/NNPACK/CMakeFiles/nnpack.dir/src/softmax-
output.c.o  
[ 41%] Building C object confu-deps/NNPACK/CMakeFiles/nnpack.dir/src/fully-
connected-output.c.o  
[ 41%] Building C object confu-
deps/NNPACK/CMakeFiles/nnpack.dir/src/convolution-kernel-gradient.c.o  
[ 41%] Building C object confu-
deps/NNPACK/CMakeFiles/nnpack.dir/src/convolution-inference.c.o  
[ 41%] Building C object confu-
deps/NNPACK/CMakeFiles/nnpack.dir/src/x86_64-fma/softmax.c.o  
[ 41%] Building C object confu-deps/NNPACK/CMakeFiles/nnpack.dir/src/relu-
input-gradient.c.o  
[ 41%] Linking C static library ../../lib/libnnpack.a  
[ 41%] Built target nnpack  
Makefile:140: recipe for target 'all' failed  
make: *** [all] Error 2  
Traceback (most recent call last):  
File "setup.py", line 720, in  
build_deps()  
File "setup.py", line 279, in build_deps  
build_dir='build')  
File "/home/user/zkself/pytorch/tools/build_pytorch_libs.py", line 227, in
build_caffe2  
check_call(['make', '-j', str(max_jobs), 'install'], cwd=build_dir)  
File "/home/user/anaconda2/envs/zk_py2.7caffe2/lib/python2.7/subprocess.py",
line 190, in check_call  
raise CalledProcessError(retcode, cmd)  
subprocess.CalledProcessError: Command '['make', '-j', '40', 'install']'
returned non-zero exit status 2
env:  
ubuntu16.04  
py2.7(anaconda)  
cuda10 ,cudnn7.4.2  
rtx2080ti  
gcc 6/7
i have no idea why the nnpack could not be built.  
somebody helpâ€¦