With scipy 0.13.0.dev-7c6d92e, I get the following failing tests. It looks
like we have different definitions of connect components. I haven't had time
to investigate whether this is trivial or an actual problem.
    ======================================================================
    FAIL: sklearn.feature_extraction.tests.test_image.test_connect_regions
    ----------------------------------------------------------------------
    Traceback (most recent call last):
      File "/usr/lib/python2.7/dist-packages/nose/case.py", line 197, in runTest
        self.test(*self.arg)
      File "/volatile/varoquau/dev/scikit-learn/sklearn/feature_extraction/tests/test_image.py", line 63, in test_connect_regions
        assert_equal(ndimage.label(mask)[1], connected_components(graph)[0])
    AssertionError: 777 != 767
        '777 != 767' = '%s != %s' % (safe_repr(777), safe_repr(767))
        '777 != 767' = self._formatMessage('777 != 767', '777 != 767')
    >>  raise self.failureException('777 != 767')
    ======================================================================
    FAIL: sklearn.feature_extraction.tests.test_image.test_connect_regions_with_grid
    ----------------------------------------------------------------------
    Traceback (most recent call last):
      File "/usr/lib/python2.7/dist-packages/nose/case.py", line 197, in runTest
        self.test(*self.arg)
      File "/volatile/varoquau/dev/scikit-learn/sklearn/feature_extraction/tests/test_image.py", line 70, in test_connect_regions_with_grid
        assert_equal(ndimage.label(mask)[1], connected_components(graph)[0])
    AssertionError: 777 != 767
        '777 != 767' = '%s != %s' % (safe_repr(777), safe_repr(767))
        '777 != 767' = self._formatMessage('777 != 767', '777 != 767')
    >>  raise self.failureException('777 != 767')