Certainly! Here is a more polished and professional version of your text:

---

During the OpenCV installation process on Ubuntu 16.04, an error occurred after running the `make` command. The error report is as follows:

```
/home/kangyun/Software/opencv/opencv_contrib-master/modules/xfeatures2d/test/test_features2d.cpp:51:10: fatal error: features2d/test/test_detectors_regression.impl.hpp: No such file or directory
 #include "features2d/test/test_detectors_regression.impl.hpp"
          ^~~~~~~~~~~~~~~~~~~~~~~~~~~~~~~~~~~~~~~~~~~~~~~~~~~~
compilation terminated.
modules/xfeatures2d/CMakeFiles/opencv_test_xfeatures2d.dir/build.make:75: recipe for target 'modules/xfeatures2d/CMakeFiles/opencv_test_xfeatures2d.dir/test/test_features2d.cpp.o' failed
make[2]: *** [modules/xfeatures2d/CMakeFiles/opencv_test_xfeatures2d.dir/test/test_features2d.cpp.o] Error 1
CMakeFiles/Makefile2:5806: recipe for target 'modules/xfeatures2d/CMakeFiles/opencv_test_xfeatures2d.dir/all' failed
make[1]: *** [modules/xfeatures2d/CMakeFiles/opencv_test_xfeatures2d.dir/all] Error 2
Makefile:162: recipe for target 'all' failed
make: *** [all] Error 2
```

Could you please assist me in resolving this issue? Thank you very much!

---

This version maintains the technical details while improving readability and professionalism.