  * I tried using the `@types/requirejs` package and had problems.
**package.json**  
`  
"devDependencies": {  
"@syncfusion/ej2-build": "*",  
"@types/chai": "^3.4.28",  
"@types/jasmine": "2.8.9",  
"@types/jasmine-ajax": "^3.1.27",  
"@types/requirejs": "^2.1.31"  
}
`  
**When i try compile my application it throws below error:**
> [11:47:10] Starting 'scripts-gen'...  
>  D:/workspace/components/ej2-button-
> components/node_modules/@types/requirejs/index.d.ts(396,13): error TS2403:
> **Subsequent variable declarations must have the same type. Variable
> 'require' must be of type 'NodeRequire', but here has type 'Require'.**  
>  [11:47:23] 'scripts-gen' errored after 12 s  
>  [11:47:23] TypeScript error: D:/workspace/components/ej2-button-
> components/node_modules/@types/requirejs/index.d.ts(396,13): error TS2403:
> Subsequent variable declarations must have the same type. Variable 'require'
> must be of type 'NodeRequire', but here has type 'Require'.  
>  at Object.getError (D:\workspace\components\ej2-button-
> components\node_modules\gulp-typescript\release\utils.js:53:15)
**versions:**  
node - v8.11.3  
npm - 5.6.0  
typescript -3.0.3
Please check this and provide any solution for this ASAP