Hi ,  
I used the VideoCapture function to call the camera, but something went wrong.
Is this a bug? My CV version is 4.5.3 .  
import cv2  
cap = cv2.VideoCapture(0)  
while True:  
ret,frame=cap.read()  
gray=cv2.cvtColor(frame,cv2.COLOR_BGR2GRAY)  
cv2.imshow('WindowName',gray)  
if cv2.waitKey(1)&0xFF==ord('q'):  
break  
cap.release()  
cv2.destroyAllWindows()
cv2.error: OpenCV(4.5.3) /Users/runner/miniforge3/conda-
bld/libopencv_1633800950233/work/modules/videoio/src/cap.cpp:239: error:
(-215:Assertion failed) !info.backendFactory.empty() in function 'open'
The above exception was the direct cause of the following exception:
Traceback (most recent call last):  
File "/Users/master/python/cv2video.py", line 2, in  
cap = cv2.VideoCapture(0)  
SystemError:  returned a result with an error set
The above exception was the direct cause of the following exception:
Traceback (most recent call last):  
File "/Users/master/python/cv2video.py", line 2, in  
cap = cv2.VideoCapture(1)  
SystemError:  returned a result with an error set