    .build/node_modules/rx/ts/core/notification.ts(69,16): error TS2403: Subsequent variable declarations must have the same type.  Variable 'Notification' must be of type 'NotificationStatic', but here has type 'NotificationStatic'.
    .build/node_modules/rx/ts/core/subjects/anonymoussubject.ts(17,16): error TS2403: Subsequent variable declarations must have the same type.  Variable 'AnonymousSubject' must be of type 'AnonymousSubjectStatic', but here has type 'AnonymousSubjectStatic'.
    .build/node_modules/rx/ts/core/subjects/asyncsubject.ts(18,16): error TS2403: Subsequent variable declarations must have the same type.  Variable 'AsyncSubject' must be of type 'AsyncSubjectStatic', but here has type 'AsyncSubjectStatic'.
    .build/node_modules/rx/ts/core/subjects/behaviorsubject.ts(27,16): error TS2403: Subsequent variable declarations must have the same type.  Variable 'BehaviorSubject' must be of type 'BehaviorSubjectStatic', but here has type 'BehaviorSubjectStatic'.
    .build/node_modules/rx/ts/core/subjects/replaysubject.ts(20,16): error TS2403: Subsequent variable declarations must have the same type.  Variable 'ReplaySubject' must be of type 'ReplaySubjectStatic', but here has type 'ReplaySubjectStatic'.
    .build/node_modules/rx/ts/core/subjects/subject.ts(17,9): error TS2300: Duplicate identifier 'isDisposed'.
    .build/node_modules/rx/ts/core/subjects/subject.ts(39,16): error TS2403: Subsequent variable declarations must have the same type.  Variable 'Subject' must be of type 'SubjectStatic', but here has type 'SubjectStatic'.
    .build/node_modules/rx/ts/core/testing/mockobserver.ts(7,9): error TS2300: Duplicate identifier 'messages'.
    .build/node_modules/rx/ts/core/testing/mockobserver.ts(14,16): error TS2403: Subsequent variable declarations must have the same type.  Variable 'MockObserver' must be of type 'MockObserverStatic', but here has type 'MockObserverStatic'.
    .build/node_modules/rx/ts/core/testing/recorded.ts(16,9): error TS2300: Duplicate identifier 'time'.
    .build/node_modules/rx/ts/core/testing/recorded.ts(17,9): error TS2300: Duplicate identifier 'value'.
    .build/node_modules/rx/ts/core/testing/recorded.ts(32,16): error TS2403: Subsequent variable declarations must have the same type.  Variable 'Recorded' must be of type 'RecordedStatic', but here has type 'RecordedStatic'.
    .build/node_modules/rx/ts/core/testing/subscription.ts(27,16): error TS2403: Subsequent variable declarations must have the same type.  Variable 'Subscription' must be of type 'SubscriptionStatic', but here has type 'SubscriptionStatic'.
    .build/node_modules/rx/ts/es6-promise.es6.d.ts(34,5): error TS2300: Duplicate identifier '[Symbol.toStringTag]'.
    .build/node_modules/rx/ts/es6-promise.es6.d.ts(41,5): error TS2300: Duplicate identifier 'prototype'.
    .build/node_modules/rx/ts/es6-promise.es6.d.ts(94,5): error TS2300: Duplicate identifier '[Symbol.species]'.
    .build/node_modules/rx/ts/iterable.es6.d.ts(8,5): error TS2300: Duplicate identifier '[Symbol.toStringTag]'.
    .build/node_modules/rx/ts/iterable.es6.d.ts(15,5): error TS2300: Duplicate identifier 'prototype'.
    .build/node_modules/rx/ts/iterable.es6.d.ts(43,5): error TS2300: Duplicate identifier 'hasInstance'.
    .build/node_modules/rx/ts/iterable.es6.d.ts(49,5): error TS2300: Duplicate identifier 'isConcatSpreadable'.
    .build/node_modules/rx/ts/iterable.es6.d.ts(55,5): error TS2300: Duplicate identifier 'iterator'.
    .build/node_modules/rx/ts/iterable.es6.d.ts(61,5): error TS2300: Duplicate identifier 'match'.
    .build/node_modules/rx/ts/iterable.es6.d.ts(67,5): error TS2300: Duplicate identifier 'replace'.
    .build/node_modules/rx/ts/iterable.es6.d.ts(73,5): error TS2300: Duplicate identifier 'search'.
    .build/node_modules/rx/ts/iterable.es6.d.ts(79,5): error TS2300: Duplicate identifier 'species'.
    .build/node_modules/rx/ts/iterable.es6.d.ts(85,5): error TS2300: Duplicate identifier 'split'.
    .build/node_modules/rx/ts/iterable.es6.d.ts(91,5): error TS2300: Duplicate identifier 'toPrimitive'.
    .build/node_modules/rx/ts/iterable.es6.d.ts(97,5): error TS2300: Duplicate identifier 'toStringTag'.
    .build/node_modules/rx/ts/iterable.es6.d.ts(103,5): error TS2300: Duplicate identifier 'unscopables'.
    .build/node_modules/rx/ts/iterable.es6.d.ts(108,5): error TS2300: Duplicate identifier 'done'.
    .build/node_modules/rx/ts/iterable.es6.d.ts(109,5): error TS2300: Duplicate identifier 'value'.
    .build/node_modules/rx/ts/iterable.es6.d.ts(136,5): error TS2300: Duplicate identifier 'prototype'.
    .build/node_modules/rx/ts/iterable.es6.d.ts(150,5): error TS2300: Duplicate identifier 'size'.
    .build/node_modules/rx/ts/iterable.es6.d.ts(153,5): error TS2300: Duplicate identifier '[Symbol.toStringTag]'.
    .build/node_modules/rx/ts/iterable.es6.d.ts(159,5): error TS2300: Duplicate identifier 'prototype'.
    .build/node_modules/rx/ts/iterable.es6.d.ts(171,5): error TS2300: Duplicate identifier 'size'.
    .build/node_modules/rx/ts/iterable.es6.d.ts(174,5): error TS2300: Duplicate identifier '[Symbol.toStringTag]'.
    .build/node_modules/rx/ts/iterable.es6.d.ts(180,5): error TS2300: Duplicate identifier 'prototype'.
    .build/node_modules/rx/ts/iterable.es6.d.ts(189,5): error TS2300: Duplicate identifier '[Symbol.toStringTag]'.
    .build/node_modules/rx/ts/iterable.es6.d.ts(195,5): error TS2300: Duplicate identifier 'prototype'.
    .build/node_modules/rx/ts/rx.aggregates.d.ts(259,34): error TS2300: Duplicate identifier 'export='.
    .build/node_modules/rx/ts/rx.aggregates.es6.d.ts(284,34): error TS2300: Duplicate identifier 'export='.
    .build/node_modules/rx/ts/rx.all.d.ts(22,22): error TS2320: Interface 'IPromise' cannot simultaneously extend types 'Promise' and 'PromiseLike'.
      Named property 'then' of types 'Promise' and 'PromiseLike' are not identical.
    .build/node_modules/rx/ts/rx.all.d.ts(35,53): error TS2300: Duplicate identifier 'message'.
    .build/node_modules/rx/ts/rx.all.d.ts(38,62): error TS2300: Duplicate identifier 'message'.
    .build/node_modules/rx/ts/rx.all.d.ts(41,66): error TS2300: Duplicate identifier 'message'.
    .build/node_modules/rx/ts/rx.all.d.ts(44,60): error TS2300: Duplicate identifier 'message'.
    .build/node_modules/rx/ts/rx.all.d.ts(47,62): error TS2300: Duplicate identifier 'message'.
    .build/node_modules/rx/ts/rx.all.d.ts(70,9): error TS2300: Duplicate identifier 'isDisposed'.
    .build/node_modules/rx/ts/rx.all.d.ts(90,9): error TS2300: Duplicate identifier 'empty'.
    .build/node_modules/rx/ts/rx.all.d.ts(232,13): error TS2300: Duplicate identifier 'scheduler'.
    .build/node_modules/rx/ts/rx.all.d.ts(233,13): error TS2300: Duplicate identifier 'state'.
    .build/node_modules/rx/ts/rx.all.d.ts(234,13): error TS2300: Duplicate identifier 'action'.
    .build/node_modules/rx/ts/rx.all.d.ts(235,13): error TS2300: Duplicate identifier 'dueTime'.
    .build/node_modules/rx/ts/rx.all.d.ts(236,13): error TS2300: Duplicate identifier 'comparer'.
    .build/node_modules/rx/ts/rx.all.d.ts(237,13): error TS2300: Duplicate identifier 'disposable'.
    .build/node_modules/rx/ts/rx.all.d.ts(255,13): error TS2300: Duplicate identifier 'length'.
    .build/node_modules/rx/ts/rx.all.d.ts(269,17): error TS2300: Duplicate identifier 'count'.
    .build/node_modules/rx/ts/rx.all.d.ts(314,9): error TS2300: Duplicate identifier 'isDisposed'.
    .build/node_modules/rx/ts/rx.all.d.ts(332,9): error TS2300: Duplicate identifier 'isDisposed'.
    .build/node_modules/rx/ts/rx.all.d.ts(354,9): error TS2300: Duplicate identifier 'isDisposed'.
    .build/node_modules/rx/ts/rx.all.d.ts(433,9): error TS2300: Duplicate identifier 'now'.
    .build/node_modules/rx/ts/rx.all.d.ts(545,9): error TS2300: Duplicate identifier 'immediate'.
    .build/node_modules/rx/ts/rx.all.d.ts(553,9): error TS2300: Duplicate identifier 'currentThread'.
    .build/node_modules/rx/ts/rx.all.d.ts(557,9): error TS2300: Duplicate identifier 'timeout'.
    .build/node_modules/rx/ts/rx.all.d.ts(558,9): error TS2300: Duplicate identifier 'default'.
    .build/node_modules/rx/ts/rx.all.d.ts(648,9): error TS2300: Duplicate identifier 'hasValue'.
    .build/node_modules/rx/ts/rx.all.d.ts(650,9): error TS2300: Duplicate identifier 'kind'.
    .build/node_modules/rx/ts/rx.all.d.ts(651,9): error TS2300: Duplicate identifier 'value'.
    .build/node_modules/rx/ts/rx.all.d.ts(652,9): error TS2300: Duplicate identifier 'exception'.
    .build/node_modules/rx/ts/rx.all.d.ts(704,13): error TS2300: Duplicate identifier 'isStopped'.
    .build/node_modules/rx/ts/rx.all.d.ts(939,9): error TS2300: Duplicate identifier 'type'.
    .build/node_modules/rx/ts/rx.all.d.ts(940,9): error TS2300: Duplicate identifier 'object'.
    .build/node_modules/rx/ts/rx.all.d.ts(941,9): error TS2300: Duplicate identifier 'name'.
    .build/node_modules/rx/ts/rx.all.d.ts(942,9): error TS2300: Duplicate identifier 'oldValue'.
    .build/node_modules/rx/ts/rx.all.d.ts(943,9): error TS2300: Duplicate identifier 'index'.
    .build/node_modules/rx/ts/rx.all.d.ts(944,9): error TS2300: Duplicate identifier 'removed'.
    .build/node_modules/rx/ts/rx.all.d.ts(945,9): error TS2300: Duplicate identifier 'added'.
    .build/node_modules/rx/ts/rx.all.d.ts(958,9): error TS2300: Duplicate identifier 'type'.
    .build/node_modules/rx/ts/rx.all.d.ts(959,9): error TS2300: Duplicate identifier 'object'.
    .build/node_modules/rx/ts/rx.all.d.ts(960,9): error TS2300: Duplicate identifier 'name'.
    .build/node_modules/rx/ts/rx.all.d.ts(961,9): error TS2300: Duplicate identifier 'oldValue'.
    .build/node_modules/rx/ts/rx.all.d.ts(3221,9): error TS2300: Duplicate identifier 'isDisposed'.
    .build/node_modules/rx/ts/rx.all.d.ts(3771,18): error TS2300: Duplicate identifier 'Plan'.
    .build/node_modules/rx/ts/rx.all.d.ts(4081,3): error TS2300: Duplicate identifier 'value'.
    .build/node_modules/rx/ts/rx.all.d.ts(4082,3): error TS2300: Duplicate identifier 'interval'.
    .build/node_modules/rx/ts/rx.all.d.ts(4100,9): error TS2300: Duplicate identifier 'value'.
    .build/node_modules/rx/ts/rx.all.d.ts(4101,9): error TS2300: Duplicate identifier 'timestamp'.
    .build/node_modules/rx/ts/rx.all.d.ts(4762,9): error TS2300: Duplicate identifier 'isEnabled'.
    .build/node_modules/rx/ts/rx.all.d.ts(4787,9): error TS2300: Duplicate identifier 'key'.
    .build/node_modules/rx/ts/rx.all.d.ts(4788,9): error TS2300: Duplicate identifier 'underlyingObservable'.
    .build/node_modules/rx/ts/rx.all.d.ts(4840,23): error TS2300: Duplicate identifier 'export='.
    .build/node_modules/rx/ts/rx.all.d.ts(4841,27): error TS2300: Duplicate identifier 'export='.
    .build/node_modules/rx/ts/rx.all.es6.d.ts(32,53): error TS2300: Duplicate identifier 'message'.
    .build/node_modules/rx/ts/rx.all.es6.d.ts(35,62): error TS2300: Duplicate identifier 'message'.
    .build/node_modules/rx/ts/rx.all.es6.d.ts(38,66): error TS2300: Duplicate identifier 'message'.
    .build/node_modules/rx/ts/rx.all.es6.d.ts(41,60): error TS2300: Duplicate identifier 'message'.
    .build/node_modules/rx/ts/rx.all.es6.d.ts(44,62): error TS2300: Duplicate identifier 'message'.
    .build/node_modules/rx/ts/rx.all.es6.d.ts(67,9): error TS2300: Duplicate identifier 'isDisposed'.
    .build/node_modules/rx/ts/rx.all.es6.d.ts(87,9): error TS2300: Duplicate identifier 'empty'.
    .build/node_modules/rx/ts/rx.all.es6.d.ts(229,13): error TS2300: Duplicate identifier 'scheduler'.
    .build/node_modules/rx/ts/rx.all.es6.d.ts(230,13): error TS2300: Duplicate identifier 'state'.
    .build/node_modules/rx/ts/rx.all.es6.d.ts(231,13): error TS2300: Duplicate identifier 'action'.
    .build/node_modules/rx/ts/rx.all.es6.d.ts(232,13): error TS2300: Duplicate identifier 'dueTime'.
    .build/node_modules/rx/ts/rx.all.es6.d.ts(233,13): error TS2300: Duplicate identifier 'comparer'.
    .build/node_modules/rx/ts/rx.all.es6.d.ts(234,13): error TS2300: Duplicate identifier 'disposable'.
    .build/node_modules/rx/ts/rx.all.es6.d.ts(252,13): error TS2300: Duplicate identifier 'length'.
    .build/node_modules/rx/ts/rx.all.es6.d.ts(266,17): error TS2300: Duplicate identifier 'count'.
    .build/node_modules/rx/ts/rx.all.es6.d.ts(311,9): error TS2300: Duplicate identifier 'isDisposed'.
    .build/node_modules/rx/ts/rx.all.es6.d.ts(329,9): error TS2300: Duplicate identifier 'isDisposed'.
    .build/node_modules/rx/ts/rx.all.es6.d.ts(351,9): error TS2300: Duplicate identifier 'isDisposed'.
    .build/node_modules/rx/ts/rx.all.es6.d.ts(430,9): error TS2300: Duplicate identifier 'now'.
    .build/node_modules/rx/ts/rx.all.es6.d.ts(542,9): error TS2300: Duplicate identifier 'immediate'.
    .build/node_modules/rx/ts/rx.all.es6.d.ts(550,9): error TS2300: Duplicate identifier 'currentThread'.
    .build/node_modules/rx/ts/rx.all.es6.d.ts(554,9): error TS2300: Duplicate identifier 'timeout'.
    .build/node_modules/rx/ts/rx.all.es6.d.ts(555,9): error TS2300: Duplicate identifier 'default'.
    .build/node_modules/rx/ts/rx.all.es6.d.ts(645,9): error TS2300: Duplicate identifier 'hasValue'.
    .build/node_modules/rx/ts/rx.all.es6.d.ts(647,9): error TS2300: Duplicate identifier 'kind'.
    .build/node_modules/rx/ts/rx.all.es6.d.ts(648,9): error TS2300: Duplicate identifier 'value'.
    .build/node_modules/rx/ts/rx.all.es6.d.ts(649,9): error TS2300: Duplicate identifier 'exception'.