I have encountered this issue multiple times with various installation methods. This time, I used Homebrew to install SciPy. Here are the steps I followed:

```bash
brew tap homebrew/science
brew tap samueljohn/python
brew update
brew install python
pip install nose
brew install scipy
```

After running the tests, the following errors occurred: [Link to Gist](https://gist.github.com/joernhees/5733199)

A shortened version of the error output is provided below:

```bash
$ ipython
Python 2.7.5 (default, Jun 8 2013, 00:27:06)
Type "copyright", "credits" or "license" for more information.
IPython 0.13.2 -- An enhanced Interactive Python.
? -> Introduction and overview of IPython's features.
%quickref -> Quick reference.
help -> Python's own help system.
object? -> Details about 'object', use 'object??' for extra details.

In [1]: import scipy

In [2]: scipy.test()
Running unit tests for scipy
NumPy version 1.7.1
NumPy is installed in /usr/local/lib/python2.7/site-packages/numpy
SciPy version 0.12.0
SciPy is installed in /usr/local/lib/python2.7/site-packages/scipy
Python version 2.7.5 (default, Jun 8 2013, 00:27:06) [GCC 4.2.1 Compatible Apple LLVM 4.2 (clang-425.0.28)]
nose version 1.3.0

/usr/local/lib/python2.7/site-packages/numpy/lib/utils.py:139: DeprecationWarning: `scipy.lib.blas` is deprecated, use `scipy.linalg.blas` instead!
  warnings.warn(depdoc, DeprecationWarning)
/usr/local/lib/python2.7/site-packages/numpy/lib/utils.py:139: DeprecationWarning: `scipy.lib.lapack` is deprecated, use `scipy.linalg.lapack` instead!
  warnings.warn(depdoc, DeprecationWarning)

...............................................................................

======================================================================
FAIL: test_arpack.test_symmetric_modes(True, , 'f', 2, 'LM', None, 0.5, , None, 'normal')
----------------------------------------------------------------------
Traceback (most recent call last):
  File "/usr/local/lib/python2.7/site-packages/nose/case.py", line 197, in runTest
    self.test(*self.arg)
  File "/usr/local/lib/python2.7/site-packages/scipy/sparse/linalg/eigen/arpack/tests/test_arpack.py", line 259, in eval_evec
    assert_allclose(LHS, RHS, rtol=rtol, atol=atol, err_msg=err)
  File "/usr/local/lib/python2.7/site-packages/numpy/testing/utils.py", line 1179, in assert_allclose
    verbose=verbose, header=header)
  File "/usr/local/lib/python2.7/site-packages/numpy/testing/utils.py", line 645, in assert_array_compare
    raise AssertionError(msg)
AssertionError:
Not equal to tolerance rtol=0.00178814, atol=0.000357628
error for eigsh:standard, typ=f, which=LM, sigma=0.5, mattype=csr_matrix, OPpart=None, mode=normal
(mismatch 100.0%)
x: array([[ 2.38156418e-01, -6.75444982e+09],
         [ -1.07853470e-01, -8.01245676e+09],
         [ 1.24683023e-01, -5.19757686e+09],...
y: array([[ 2.38156418e-01, -5.70949789e+08],
         [ -1.07853470e-01, -4.05829392e+08],
         [ 1.24683023e-01, 6.25800146e+07],...

======================================================================
FAIL: test_arpack.test_symmetric_modes(True, , 'f', 2, 'LM', None, 0.5, , None, 'buckling')
----------------------------------------------------------------------
Traceback (most recent call last):
  File "/usr/local/lib/python2.7/site-packages/nose/case.py", line 197, in runTest
    self.test(*self.arg)
  File "/usr/local/lib/python2.7/site-packages/scipy/sparse/linalg/eigen/arpack/tests/test_arpack.py", line 259, in eval_evec
    assert_allclose(LHS, RHS, rtol=rtol, atol=atol, err_msg=err)
  File "/usr/local/lib/python2.7/site-packages/numpy/testing/utils.py", line 1179, in assert_allclose
    verbose=verbose, header=header)
  File "/usr/local/lib/python2.7/site-packages/numpy/testing/utils.py", line 645, in assert_array_compare
    raise AssertionError(msg)
AssertionError:
Not equal to tolerance rtol=0.00178814, atol=0.000357628
error for eigsh:standard, typ=f, which=LM, sigma=0.5, mattype=csr_matrix, OPpart=None, mode=buckling
(mismatch 100.0%)
x: array([[ 3.53755447e-01, -2.29114355e+04],
         [ -1.60204595e-01, -6.65625445e+04],
         [ 1.85203065e-01, -2.69012500e+04],...
y: array([[ 3.53755447e-01, -8.88255444e+05],
         [ -1.60204595e-01, -2.39343354e+06],
         [ 1.85203065e-01, -3.96842525e+04],...

======================================================================
FAIL: test_arpack.test_symmetric_modes(True, , 'f', 2, 'LM', None, 0.5, , None, 'cayley')
----------------------------------------------------------------------
Traceback (most recent call last):
  File "/usr/local/lib/python2.7/site-packages/nose/case.py", line 197, in runTest
    self.test(*self.arg)
  File "/usr/local/lib/python2.7/site-packages/scipy/sparse/linalg/eigen/arpack/tests/test_arpack.py", line 259, in eval_evec
    assert_allclose(LHS, RHS, rtol=rtol, atol=atol, err_msg=err)
  File "/usr/local/lib/python2.7/site-packages/numpy/testing/utils.py", line 1179, in assert_allclose
    verbose=verbose, header=header)
  File "/usr/local/lib/python2.7/site-packages/numpy/testing/utils.py", line 645, in assert_array_compare
    raise AssertionError(msg)
AssertionError:
Not equal to tolerance rtol=0.00178814, atol=0.000357628
error for eigsh:standard, typ=f, which=LM, sigma=0.5, mattype=csr_matrix, OPpart=None, mode=cayley
(mismatch 100.0%)
x: array([[ -2.38156418e-01, 1.04661597e+09],
         [ 1.07853470e-01, 1.39930271e+09],
         [ -1.24683023e-01, 9.56906461e+08],...
y: array([[ -2.38156418e-01, 7.63721281e+07],
         [ 1.07853470e-01, 1.25169905e+08],
         [ -1.24683023e-01, 2.91283130e+07],...

======================================================================
...
======================================================================
FAIL: test_arpack.test_symmetric_modes(True, , 'd', 2, 'SA', None, 0.5, , None, 'cayley')
----------------------------------------------------------------------
Traceback (most recent call last):
  File "/usr/local/lib/python2.7/site-packages/nose/case.py", line 197, in runTest
    self.test(*self.arg)
  File "/usr/local/lib/python2.7/site-packages/scipy/sparse/linalg/eigen/arpack/tests/test_arpack.py", line 259, in eval_evec
    assert_allclose(LHS, RHS, rtol=rtol, atol=atol, err_msg=err)
  File "/usr/local/lib/python2.7/site-packages/numpy/testing/utils.py", line 1179, in assert_allclose
    verbose=verbose, header=header)
  File "/usr/local/lib/python2.7/site-packages/numpy/testing/utils.py", line 645, in assert_array_compare
    raise AssertionError(msg)
AssertionError:
Not equal to tolerance rtol=4.44089e-13, atol=4.44089e-13
error for eigsh:general, typ=d, which=SA, sigma=0.5, mattype=asarray, OPpart=None, mode=cayley
(mismatch 100.0%)
x: array([[-0.36892684, -0.01935691],
         [-0.26850996, -0.11053158],
         [-0.40976156, -0.13223572],...
y: array([[-0.43633077, -0.01935691],
         [-0.25161386, -0.11053158],
         [-0.36756684, -0.13223572],...

----------------------------------------------------------------------
Ran 4831 tests in 54.169s
FAILED (KNOWNFAIL=11, SKIP=14, failures=63)
```

The tests indicate that there are several failing cases, primarily related to the `arpack` module. The specific errors include assertions failing due to mismatches in expected and actual values.