# Checklist
  * I have read the relevant section in the  
contribution guide  
on reporting bugs.
  * I have checked the issues list  
for similar or identical bug reports.
  * I have checked the pull requests list  
for existing proposed fixes.
  * I have checked the commit log  
to find out if the bug was already fixed in the master branch.
  * I have included all related issues and possible duplicate issues  
in this issue (If there are none, check this box anyway).
## Mandatory Debugging Information
  * I have included the output of `celery -A proj report` in the issue.  
(if you are not able to do this, then at least specify the Celery  
version affected).
  * I have verified that the issue exists against the `master` branch of Celery.
  * I have included the contents of `pip freeze` in the issue.
  * I have included all the versions of all the external dependencies required  
to reproduce this bug.
## Optional Debugging Information
  * I have tried reproducing the issue on more than one Python version  
and/or implementation.
  * I have tried reproducing the issue on more than one message broker and/or  
result backend.
  * I have tried reproducing the issue on more than one version of the message  
broker and/or result backend.
  * I have tried reproducing the issue on more than one operating system.
  * I have tried reproducing the issue on more than one workers pool.
  * I have tried reproducing the issue with autoscaling, retries,  
ETA/Countdown & rate limits disabled.
  * I have tried reproducing the issue after downgrading  
and/or upgrading Celery and its dependencies.
## Related Issues and Possible Duplicates
#### Related Issues
  * None
#### Possible Duplicates
  * None
## Environment & Settings
**Celery version** : 4.2.1 (windowlicker)
**`celery report` Output:**
    ... traceback removed ...
    KeyError: 'test'
# Steps to Reproduce
## Required Dependencies
  * **Minimal Python Version** : N/A or Unknown
  * **Minimal Celery Version** : N/A or Unknown
  * **Minimal Kombu Version** : N/A or Unknown
  * **Minimal Broker Version** : N/A or Unknown
  * **Minimal Result Backend Version** : N/A or Unknown
  * **Minimal OS and/or Kernel Version** : N/A or Unknown
  * **Minimal Broker Client Version** : N/A or Unknown
  * **Minimal Result Backend Client Version** : N/A or Unknown
### Python Packages
**`pip freeze` Output:**
### Other Dependencies
N/A
## Minimally Reproducible Test Case
    # settings.py
    raise KeyError('test')
# Expected Behavior
Traceback with `KeyError: 'test'`
# Actual Behavior
Actual traceback when running `celery -A proj beat -l DEBUG`:
    Traceback (most recent call last):
     File "/usr/local/lib/python3.6/dist-packages/celery/utils/collections.py", line 134, in __getattr__
       return self[k]
     File "/usr/local/lib/python3.6/dist-packages/celery/utils/collections.py", line 442, in __getitem__
       return self.__missing__(key)
     File "/usr/local/lib/python3.6/dist-packages/celery/utils/collections.py", line 275, in __missing__
       raise KeyError(key)
    KeyError: 'beat_schedule_filename'
    During handling of the above exception, another exception occurred:
    Traceback (most recent call last):
     File "/usr/local/bin/celery", line 11, in 
       sys.exit(main())
     File "/usr/local/lib/python3.6/dist-packages/celery/__main__.py", line 16, in main
       _main()
     File "/usr/local/lib/python3.6/dist-packages/celery/bin/celery.py", line 322, in main
       cmd.execute_from_commandline(argv)
     File "/usr/local/lib/python3.6/dist-packages/celery/bin/celery.py", line 496, in execute_from_commandline
       super(CeleryCommand, self).execute_from_commandline(argv)))
     File "/usr/local/lib/python3.6/dist-packages/celery/bin/base.py", line 298, in execute_from_commandline
       return self.handle_argv(self.prog_name, argv[1:])
     File "/usr/local/lib/python3.6/dist-packages/celery/bin/celery.py", line 488, in handle_argv
       return self.execute(command, argv)
     File "/usr/local/lib/python3.6/dist-packages/celery/bin/celery.py", line 420, in execute
       ).run_from_argv(self.prog_name, argv[1:], command=argv[0])
     File "/usr/local/lib/python3.6/dist-packages/celery/bin/base.py", line 302, in run_from_argv
       sys.argv if argv is None else argv, command)
     File "/usr/local/lib/python3.6/dist-packages/celery/bin/base.py", line 385, in handle_argv
       *self.parse_options(prog_name, argv, command))
     File "/usr/local/lib/python3.6/dist-packages/celery/bin/base.py", line 421, in parse_options
       self.parser = self.create_parser(prog_name, command)
     File "/usr/local/lib/python3.6/dist-packages/celery/bin/base.py", line 437, in create_parser
       self.add_arguments(parser)
     File "/usr/local/lib/python3.6/dist-packages/celery/bin/beat.py", line 116, in add_arguments
       '-s', '--schedule', default=c.beat_schedule_filename)
     File "/usr/local/lib/python3.6/dist-packages/celery/utils/collections.py", line 138, in __getattr__
       type(self).__name__, k))
    AttributeError: 'Settings' object has no attribute 'beat_schedule_filename'