### 问题描述

我在 Windows 7 64 位系统上使用 Anaconda 安装了 TensorFlow，但在尝试导入时遇到了错误。以下是详细信息：

- **操作系统**: Windows 7 64 位
- **处理器**: Intel
- **显卡**: Intel HD Graphics
- **Python 版本**: 3.6.4
- **是否编写了自定义代码**: 否
- **Bazel 版本**: 无
- **CUDA/cuDNN 版本**: 无
- **GPU 型号和内存**: 不适用
- **重现命令**: `import tensorflow as tf` 在 Jupyter Notebook 中执行

### 安装过程

在 Anaconda 环境中，我使用以下命令安装了 TensorFlow：

```sh
(base) C:\Users\david>pip install tensorflow
```

### 安装日志

```sh
Collecting tensorflow
  Downloading https://files.pythonhosted.org/packages/f4/88/980d7032b7408fcca5b0b8d420fcd97919197a9e7acf280ab74fc7db6993/tensorflow-1.8.0-cp36-cp36m-win_amd64.whl (34.4MB)
    100% |¦¦¦¦¦¦¦¦¦¦¦¦¦¦¦¦¦¦¦¦¦¦¦¦¦¦¦¦¦¦¦¦| 34.4MB 13kB/s
Collecting astor>=0.6.0 (from tensorflow)
  Downloading https://files.pythonhosted.org/packages/b2/91/cc9805f1ff7b49f620136b3a7ca26f6a1be2ed424606804b0fbcf499f712/astor-0.6.2-py2.py3-none-any.whl
Collecting gast>=0.2.0 (from tensorflow)
  Downloading https://files.pythonhosted.org/packages/5c/78/ff794fcae2ce8aa6323e789d1f8b3b7765f601e7702726f430e814822b96/gast-0.2.0.tar.gz
Requirement already satisfied: six>=1.10.0 in c:\programdata\anaconda3\lib\site-packages (from tensorflow)
Collecting tensorboard=1.8.0 (from tensorflow)
  Downloading https://files.pythonhosted.org/packages/59/a6/0ae6092b7542cfedba6b2a1c9b8dceaf278238c39484f3ba03b03f07803c/tensorboard-1.8.0-py3-none-any.whl (3.1MB)
    100% |¦¦¦¦¦¦¦¦¦¦¦¦¦¦¦¦¦¦¦¦¦¦¦¦¦¦¦¦¦¦¦¦| 3.1MB 682kB/s
Requirement already satisfied: numpy>=1.13.3 in c:\programdata\anaconda3\lib\site-packages (from tensorflow)
Collecting termcolor>=1.1.0 (from tensorflow)
  Downloading https://files.pythonhosted.org/packages/8a/48/a76be51647d0eb9f10e2a4511bf3ffb8cc1e6b14e9e4fab46173aa79f981/termcolor-1.1.0.tar.gz
Requirement already satisfied: wheel>=0.26 in c:\programdata\anaconda3\lib\site-packages (from tensorflow)
Collecting grpcio>=1.8.6 (from tensorflow)
  Downloading https://files.pythonhosted.org/packages/80/7e/d5ee3ef92822b01e3a274230200baf2454faae64e3d7f436b093ff771a17/grpcio-1.11.0-cp36-cp36m-win_amd64.whl (1.4MB)
    100% |¦¦¦¦¦¦¦¦¦¦¦¦¦¦¦¦¦¦¦¦¦¦¦¦¦¦¦¦¦¦¦¦| 1.4MB 787kB/s
Collecting protobuf>=3.4.0 (from tensorflow)
  Downloading https://files.pythonhosted.org/packages/32/cf/6945106da76db9b62d11b429aa4e062817523bb587018374c77f4b63200e/protobuf-3.5.2.post1-cp36-cp36m-win_amd64.whl (958kB)
    100% |¦¦¦¦¦¦¦¦¦¦¦¦¦¦¦¦¦¦¦¦¦¦¦¦¦¦¦¦¦¦¦¦| 962kB 787kB/s
Collecting absl-py>=0.1.6 (from tensorflow)
  Downloading https://files.pythonhosted.org/packages/90/6b/ba04a9fe6aefa56adafa6b9e0557b959e423c49950527139cb8651b0480b/absl-py-0.2.0.tar.gz (82kB)
    100% |¦¦¦¦¦¦¦¦¦¦¦¦¦¦¦¦¦¦¦¦¦¦¦¦¦¦¦¦¦¦¦¦| 92kB 708kB/s
Collecting bleach==1.5.0 (from tensorboard=1.8.0->tensorflow)
  Downloading https://files.pythonhosted.org/packages/33/70/86c5fec937ea4964184d4d6c4f0b9551564f821e1c3575907639036d9b90/bleach-1.5.0-py2.py3-none-any.whl
Requirement already satisfied: werkzeug>=0.11.10 in c:\programdata\anaconda3\lib\site-packages (from tensorboard=1.8.0->tensorflow)
Collecting markdown>=2.6.8 (from tensorboard=1.8.0->tensorflow)
  Downloading https://files.pythonhosted.org/packages/6d/7d/488b90f470b96531a3f5788cf12a93332f543dbab13c423a5e7ce96a0493/Markdown-2.6.11-py2.py3-none-any.whl (78kB)
    100% |¦¦¦¦¦¦¦¦¦¦¦¦¦¦¦¦¦¦¦¦¦¦¦¦¦¦¦¦¦¦¦¦| 81kB 682kB/s
Collecting html5lib==0.9999999 (from tensorboard=1.8.0->tensorflow)
  Downloading https://files.pythonhosted.org/packages/ae/ae/bcb60402c60932b32dfaf19bb53870b29eda2cd17551ba5639219fb5ebf9/html5lib-0.9999999.tar.gz (889kB)
    100% |¦¦¦¦¦¦¦¦¦¦¦¦¦¦¦¦¦¦¦¦¦¦¦¦¦¦¦¦¦¦¦¦| 890kB 787kB/s
Requirement already satisfied: setuptools in c:\programdata\anaconda3\lib\site-packages (from protobuf>=3.4.0->tensorflow)
Building wheels for collected packages: gast, termcolor, absl-py, html5lib
  Running setup.py bdist_wheel for gast ... done
  Stored in directory: C:\Users\david\AppData\Local\pip\Cache\wheels\9a\1f\0e\3cde98113222b853e98fc0a8e9924480a3e25f1b4008cedb4f
  Running setup.py bdist_wheel for termcolor ... done
  Stored in directory: C:\Users\david\AppData\Local\pip\Cache\wheels\7c\06\54\bc84598ba1daf8f970247f550b175aaaee85f68b4b0c5ab2c6
  Running setup.py bdist_wheel for absl-py ... done
  Stored in directory: C:\Users\david\AppData\Local\pip\Cache\wheels\23\35\1d\48c0a173ca38690dd8dfccfa47ffc750db48f8989ed898455c
  Running setup.py bdist_wheel for html5lib ... done
  Stored in directory: C:\Users\david\AppData\Local\pip\Cache\wheels\50\ae\f9\d2b189788efcf61d1ee0e36045476735c838898eef1cad6e29
Successfully built gast termcolor absl-py html5lib
Installing collected packages: astor, gast, html5lib, bleach, markdown, protobuf, tensorboard, termcolor, grpcio, absl-py, tensorflow
  Found existing installation: html5lib 1.0.1
    Uninstalling html5lib-1.0.1:
      Successfully uninstalled html5lib-1.0.1
  Found existing installation: bleach 2.1.2
    Uninstalling bleach-2.1.2:
      Successfully uninstalled bleach-2.1.2
Successfully installed absl-py-0.2.0 astor-0.6.2 bleach-1.5.0 gast-0.2.0 grpcio-1.11.0 html5lib-0.9999999 markdown-2.6.11 protobuf-3.5.2.post1 tensorboard-1.8.0 tensorflow-1.8.0 termcolor-1.1.0
You are using pip version 9.0.1, however version 10.0.1 is available.
You should consider upgrading via the 'python -m pip install --upgrade pip' command.
```

### 错误信息

在尝试导入 TensorFlow 时，出现以下错误：

```python
---------------------------------------------------------------------------
ImportError                               Traceback (most recent call last)
C:\ProgramData\Anaconda3\lib\site-packages\tensorflow\python\pywrap_tensorflow_internal.py in swig_import_helper()
     13         try:
---> 14             return importlib.import_module(mname)
     15         except ImportError:

C:\ProgramData\Anaconda3\lib\importlib\__init__.py in import_module(name, package)
    125             level += 1
--> 126     return _bootstrap._gcd_import(name[level:], package, level)
    127 

C:\ProgramData\Anaconda3\lib\importlib\_bootstrap.py in _gcd_import(name, package, level)

C:\ProgramData\Anaconda3\lib\importlib\_bootstrap.py in _find_and_load(name, import_)

C:\ProgramData\Anaconda3\lib\importlib\_bootstrap.py in _find_and_load_unlocked(name, import_)

C:\ProgramData\Anaconda3\lib\importlib\_bootstrap.py in _load_unlocked(spec)

C:\ProgramData\Anaconda3\lib\importlib\_bootstrap.py in module_from_spec(spec)

C:\ProgramData\Anaconda3\lib\importlib\_bootstrap_external.py in create_module(self, spec)

C:\ProgramData\Anaconda3\lib\importlib\_bootstrap.py in _call_with_frames_removed(f, *args, **kwds)
ImportError: DLL load failed with error code -1073741795

During handling of the above exception, another exception occurred:

ModuleNotFoundError                       Traceback (most recent call last)
C:\ProgramData\Anaconda3\lib\site-packages\tensorflow\python\pywrap_tensorflow.py in <module>()
     57 
---> 58   from tensorflow.python.pywrap_tensorflow_internal import *
     59   from tensorflow.python.pywrap_tensorflow_internal import __version__

C:\ProgramData\Anaconda3\lib\site-packages\tensorflow\python\pywrap_tensorflow_internal.py in <module>()
     16             return importlib.import_module('_pywrap_tensorflow_internal')
---> 17     _pywrap_tensorflow_internal = swig_import_helper()
     18     del swig_import_helper

C:\ProgramData\Anaconda3\lib\site-packages\tensorflow\python\pywrap_tensorflow_internal.py in swig_import_helper()
     15         except ImportError:
---> 16             return importlib.import_module('_pywrap_tensorflow_internal')
     17     _pywrap_tensorflow_internal = swig_import_helper()

C:\ProgramData\Anaconda3\lib\importlib\__init__.py in import_module(name, package)
    125             level += 1
--> 126     return _bootstrap._gcd_import(name[level:], package, level)
    127 

ModuleNotFoundError: No module named '_pywrap_tensorflow_internal'

During handling of the above exception, another exception occurred:

ImportError                               Traceback (most recent call last)
<ipython-input-1-7a7a7a7a7a7a> in <module>()
----> 1 import tensorflow as tf

C:\ProgramData\Anaconda3\lib\site-packages\tensorflow\__init__.py in <module>()
     22 
     23 # pylint: disable=g-bad-import-order
---> 24 from tensorflow.python import pywrap_tensorflow  # pylint: disable=unused-import
     25 # pylint: disable=wildcard-import
     26 from tensorflow.tools.api.generator.api import *  # pylint: disable=redefined-builtin

C:\ProgramData\Anaconda3\lib\site-packages\tensorflow\python\__init__.py in <module>()
     47 import numpy as np
     48 
---> 49 from tensorflow.python import pywrap_tensorflow
     50 
     51 # Protocol buffers

C:\ProgramData\Anaconda3\lib\site-packages\tensorflow\python\pywrap_tensorflow.py in <module>()
     72 for some common reasons and solutions.  Include the entire stack trace
     73 above this error message when asking for help.""" % traceback.format_exc()
---> 74   raise ImportError(msg)
     75 
     76 # pylint: enable=wildcard-import,g-import-not-at-top,unused-import,line-too-long

ImportError: Traceback (most recent call last):
  File "C:\ProgramData\Anaconda3\lib\site-packages\tensorflow\python\pywrap_tensorflow_internal.py", line 14, in swig_import_helper
    return importlib.import_module(mname)
  File "C:\ProgramData\Anaconda3\lib\importlib\__init__.py", line 126, in import_module
    return _bootstrap._gcd_import(name[level:], package, level)
  File "<frozen importlib._bootstrap>", line 994, in _gcd_import
  File "<frozen importlib._bootstrap>", line 971, in _find_and_load
  File "<frozen importlib._bootstrap>", line 955, in _find_and_load_unlocked
  File "<frozen importlib._bootstrap>", line 658, in _load_unlocked
  File "<frozen importlib._bootstrap>", line 571, in module_from_spec
  File "<frozen importlib._bootstrap_external>", line 922, in create_module
  File "<frozen importlib._bootstrap>", line 219, in _call_with_frames_removed
ImportError: DLL load failed with error code -1073741795

During handling of the above exception, another exception occurred:

Traceback (most recent call last):
  File "C:\ProgramData\Anaconda3\lib\site-packages\tensorflow\python\pywrap_tensorflow.py", line 58, in <module>
    from tensorflow.python.pywrap_tensorflow_internal import *
  File "C:\ProgramData\Anaconda3\lib\site-packages\tensorflow\python\pywrap_tensorflow_internal.py", line 17, in <module>
    _pywrap_tensorflow_internal = swig_import_helper()
  File "C:\ProgramData\Anaconda3\lib\site-packages\tensorflow\python\pywrap_tensorflow_internal.py", line 16, in swig_import_helper
    return importlib.import_module('_pywrap_tensorflow_internal')
  File "C:\ProgramData\Anaconda3\lib\importlib\__init__.py", line 126, in import_module
    return _bootstrap._gcd_import(name[level:], package, level)
ModuleNotFoundError: No module named '_pywrap_tensorflow_internal'

Failed to load the native TensorFlow runtime.
See https://www.tensorflow.org/install/install_sources#common_installation_problems
for some common reasons and solutions.  Include the entire stack trace
above this error message when asking for help.
```

### 问题分析

从错误信息来看，主要问题是 `DLL load failed` 和 `No module named '_pywrap_tensorflow_internal'`。这通常是由于缺少必要的依赖项或不兼容的库版本导致的。

### 解决建议

1. **升级 Python 和 pip**：
   ```sh
   python -m pip install --upgrade pip
   ```

2. **安装 Visual C++ Redistributable for Visual Studio 2015, 2017 and 2019**：
   下载并安装 [Visual C++ Redistributable](https://support.microsoft.com/en-us/help/2977003/the-latest-supported-visual-c-downloads)。

3. **检查 TensorFlow 版本兼容性**：
   确保你安装的 TensorFlow 版本与你的操作系统和 Python 版本兼容。对于 Windows 7 和 Python 3.6.4，建议安装 TensorFlow 1.15 或更早的版本。

4. **重新安装 TensorFlow**：
   卸载并重新安装 TensorFlow：
   ```sh
   pip uninstall tensorflow
   pip install tensorflow==1.15
   ```

5. **检查环境变量**：
   确保所有必要的路径（如 Python 和相关库的路径）已添加到系统的环境变量中。

如果以上步骤仍然无法解决问题，请参考 [TensorFlow 官方文档](https://www.tensorflow.org/install/source_windows) 中的常见安装问题及解决方案。