I have been attempting to integrate NumPy with Intel's Math Kernel Library (MKL) but have encountered several issues.

### Issue 1: Build Process
The first problem was getting NumPy's build process to use MKL, even though OpenBLAS is installed on my system. The issue lies in the `distutils/system_info.py` file, where it checks for the presence of OpenBLAS before checking if MKL is configured. By modifying the script to check for MKL first, I was able to resolve this issue. I can submit a patch if you are interested.

### Issue 2: Test Failures
When NumPy is linked with MKL, several tests fail. Specifically, the following errors and failures occur:

#### Errors:
1. **TestComplexFunctions.test_loss_of_precision**
   - **Error Message:**
     ```
     ======================================================================
     ERROR: test_umath.TestComplexFunctions.test_loss_of_precision
     ----------------------------------------------------------------------
     Traceback (most recent call last):
       File "/home/malouf/python/lib/python3.5/site-packages/nose/case.py", line 198, in runTest
         self.test(*self.arg)
       File "/home/malouf/python/lib/python3.5/site-packages/numpy/core/tests/test_umath.py", line 1634, in check_loss_of_precision
         check(x_series, 2.1*eps)
       File "/home/malouf/python/lib/python3.5/site-packages/numpy/core/tests/test_umath.py", line 1603, in check
         d = np.absolute(np.arcsinh(x)/np.arcsinh(z).real - 1)
     RuntimeWarning: divide by zero encountered in true_divide
     ```

2. **TestComplexFunctions.test_loss_of_precision_longcomplex**
   - **Error Message:**
     ```
     ======================================================================
     ERROR: test_umath.TestComplexFunctions.test_loss_of_precision_longcomplex
     ----------------------------------------------------------------------
     Traceback (most recent call last):
       File "/home/malouf/python/lib/python3.5/site-packages/nose/case.py", line 198, in runTest
         self.test(*self.arg)
       File "/home/malouf/python/lib/python3.5/site-packages/numpy/testing/decorators.py", line 216, in knownfailer
         return f(*args, **kwargs)
       File "/home/malouf/python/lib/python3.5/site-packages/numpy/core/tests/test_umath.py", line 1681, in test_loss_of_precision_longcomplex
         self.check_loss_of_precision(np.longcomplex)
       File "/home/malouf/python/lib/python3.5/site-packages/numpy/core/tests/test_umath.py", line 1632, in check_loss_of_precision
         check(x_series, 50*eps)
       File "/home/malouf/python/lib/python3.5/site-packages/numpy/core/tests/test_umath.py", line 1603, in check
         d = np.absolute(np.arcsinh(x)/np.arcsinh(z).real - 1)
     RuntimeWarning: divide by zero encountered in true_divide
     ```

3. **test_scripts.test_f2py**
   - **Error Message:**
     ```
     ======================================================================
     ERROR: test_scripts.test_f2py
     ----------------------------------------------------------------------
     Traceback (most recent call last):
       File "/home/malouf/python/lib/python3.5/site-packages/nose/case.py", line 198, in runTest
         self.test(*self.arg)
       File "/home/malouf/python/lib/python3.5/site-packages/numpy/testing/decorators.py", line 146, in skipper_func
         return f(*args, **kwargs)
       File "/home/malouf/python/lib/python3.5/site-packages/numpy/tests/test_scripts.py", line 68, in test_f2py
         code, stdout, stderr = run_command([f2py_cmd, '-v'])
       File "/home/malouf/python/lib/python3.5/site-packages/numpy/tests/test_scripts.py", line 48, in run_command
         proc = Popen(cmd, stdout=PIPE, stderr=PIPE)
       File "/home/malouf/python/lib/python3.5/subprocess.py", line 950, in __init__
         restore_signals, start_new_session)
       File "/home/malouf/python/lib/python3.5/subprocess.py", line 1540, in _execute_child
         raise child_exception_type(errno_num, err_msg)
     FileNotFoundError: [Errno 2] No such file or directory: 'f2py3.5'
     ```

#### Failures:
1. **test_accelerate_framework_sgemv_fix (test_multiarray.TestDot)**
   - **Failure Message:**
     ```
     ======================================================================
     FAIL: test_accelerate_framework_sgemv_fix (test_multiarray.TestDot)
     ----------------------------------------------------------------------
     Traceback (most recent call last):
       File "/home/malouf/python/lib/python3.5/site-packages/numpy/core/tests/test_multiarray.py", line 4275, in test_accelerate_framework_sgemv_fix
         assert_dot_close(A_f, X_f, desired)
       File "/home/malouf/python/lib/python3.5/site-packages/numpy/core/tests/test_multiarray.py", line 4260, in assert_dot_close
         assert_allclose(np.dot(A, X), desired, rtol=1e-5, atol=1e-7)
       File "/home/malouf/python/lib/python3.5/site-packages/numpy/testing/utils.py", line 1347, in assert_allclose
         verbose=verbose, header=header)
       File "/home/malouf/python/lib/python3.5/site-packages/numpy/testing/utils.py", line 708, in assert_array_compare
         raise AssertionError(msg)
     AssertionError: 
     Not equal to tolerance rtol=1e-05, atol=1e-07
     (mismatch 62.68%)
      x: array([ 163.433014,  144.792694,  145.528854, ...,  103.144707,
              94.63633 ,   98.819527], dtype=float32)
      y: array([  54.477672,   48.264233,   48.50962 , ...,  103.144708,
              94.636337,  148.229279])
     ```

2. **test_dot_3args (test_multiarray.TestDot)**
   - **Failure Message:**
     ```
     ======================================================================
     FAIL: test_dot_3args (test_multiarray.TestDot)
     ----------------------------------------------------------------------
     Traceback (most recent call last):
       File "/home/malouf/python/lib/python3.5/site-packages/numpy/core/tests/test_multiarray.py", line 4171, in test_dot_3args
         assert_array_equal(r2, r)
       File "/home/malouf/python/lib/python3.5/site-packages/numpy/testing/utils.py", line 782, in assert_array_equal
         verbose=verbose, header='Arrays are not equal')
       File "/home/malouf/python/lib/python3.5/site-packages/numpy/testing/utils.py", line 708, in assert_array_compare
         raise AssertionError(msg)
     AssertionError: 
     Arrays are not equal
     (mismatch 39.74609375%)
      x: array([  7.675112,  11.017172,   5.982513, ...,  14.025107,  14.226657,
             20.369611])
      y: array([ 11.512668,  16.525758,   8.973769, ...,  14.025107,  14.226657,
             20.369611])
     ```

3. **test_polyfit_build (test_regression.TestRegression)**
   - **Failure Message:**
     ```
     ======================================================================
     FAIL: test_polyfit_build (test_regression.TestRegression)
     ----------------------------------------------------------------------
     Traceback (most recent call last):
       File "/home/malouf/python/lib/python3.5/site-packages/numpy/lib/tests/test_regression.py", line 111, in test_polyfit_build
         assert_array_almost_equal(ref, tested)
       File "/home/malouf/python/lib/python3.5/site-packages/numpy/testing/utils.py", line 886, in assert_array_almost_equal
         precision=decimal)
       File "/home/malouf/python/lib/python3.5/site-packages/numpy/testing/utils.py", line 708, in assert_array_compare
         raise AssertionError(msg)
     AssertionError: 
     Arrays are not almost equal to 6 decimals
     (mismatch 100.0%)
      x: array([ -1.061238e-06,   5.708869e-04,  -1.138220e-01,   9.953682e+00,
             -3.145265e+02])
      y: array([ 0.003459, -0.012066,  0.046189, -0.349192,  0.086812])
     ```

### Environment Details
- **NumPy Version:** 1.10.1
- **Python Version:** 3.5.0
- **GCC Version:** 4.8.3
- **MKL Version:** 11.3

### Questions
- Has anyone else reported similar issues?
- What additional information would be helpful for diagnosing these problems?

Thank you for your assistance.