### System Information
System: macOS Monterery 12.6(21G115) mac Mini  
opencv branch master  
cmake version 3.25.0-rc2  
Python 3.9.7  
![截屏2022-10-26 00 06 28](https://user-
images.githubusercontent.com/7733842/197825150-746dff49-067e-4e9a-8d31-0a682ca111fe.png)
### Detailed description
**I want to cross build opencv for ios. in my Mac mini use following command:  
python opencv/platforms/ios/build_framework.py ios --contrib opencv_contrib
--iphoneos_archs arm64 --iphonesimulator_archs x86_64
but i alway report error as follows:
    /Users/linxiaohai/source/opencv/ios/build/build-arm64-iphoneos/modules/objc/framework_build/opencv2.xcodeproj: warning: The iOS deployment target 'IPHONEOS_DEPLOYMENT_TARGET' is set to 9.0, but the range of supported deployment target versions is 11.0 to 16.0.99. (in target 'ALL_BUILD' from project 'opencv2')
    note: Run script build phase 'Generate CMakeFiles/ALL_BUILD' will be run during every build because the option to run the script phase "Based on dependency analysis" is unchecked. (in target 'ALL_BUILD' from project 'opencv2')
    /Users/linxiaohai/source/opencv/ios/build/build-arm64-iphoneos/modules/objc/framework_build/opencv2.xcodeproj: warning: The iOS deployment target 'IPHONEOS_DEPLOYMENT_TARGET' is set to 9.0, but the range of supported deployment target versions is 11.0 to 16.0.99. (in target 'ZERO_CHECK' from project 'opencv2')
    note: Run script build phase 'Generate CMakeFiles/ZERO_CHECK' will be run during every build because the option to run the script phase "Based on dependency analysis" is unchecked. (in target 'ZERO_CHECK' from project 'opencv2')
    BUILD FAILED 
    The following build commands failed:
    SwiftCompile normal arm64 Compiling\ ImgcodecsExt.swift,\ ImgprocExt.swift,\ MlExt.swift /Users/linxiaohai/source/opencv/ios/build/build-arm64-iphoneos/modules/objc_bindings_generator/ios/gen/objc/imgcodecs/ImgcodecsExt.swift /Users/linxiaohai/source/opencv/ios/build/build-arm64-iphoneos/modules/objc_bindings_generator/ios/gen/objc/imgproc/ImgprocExt.swift /Users/linxiaohai/source/opencv/ios/build/build-arm64-iphoneos/modules/objc_bindings_generator/ios/gen/objc/ml/MlExt.swift (in target 'opencv2' from project 'opencv2')
    	CompileSwift normal arm64 /Users/linxiaohai/source/opencv/ios/build/build-arm64-iphoneos/modules/objc_bindings_generator/ios/gen/objc/imgcodecs/ImgcodecsExt.swift (in target 'opencv2' from project 'opencv2')
    	CompileSwift normal arm64 /Users/linxiaohai/source/opencv/ios/build/build-arm64-iphoneos/modules/objc_bindings_generator/ios/gen/objc/imgproc/ImgprocExt.swift (in target 'opencv2' from project 'opencv2')
    	CompileSwift normal arm64 /Users/linxiaohai/source/opencv/ios/build/build-arm64-iphoneos/modules/objc_bindings_generator/ios/gen/objc/ml/MlExt.swift (in target 'opencv2' from project 'opencv2')
    	SwiftCompile normal arm64 Compiling\ ObjdetectExt.swift,\ PhotoExt.swift,\ Structured_lightExt.swift /Users/linxiaohai/source/opencv/ios/build/build-arm64-iphoneos/modules/objc_bindings_generator/ios/gen/objc/objdetect/ObjdetectExt.swift /Users/linxiaohai/source/opencv/ios/build/build-arm64-iphoneos/modules/objc_bindings_generator/ios/gen/objc/photo/PhotoExt.swift /Users/linxiaohai/source/opencv/ios/build/build-arm64-iphoneos/modules/objc_bindings_generator/ios/gen/objc/structured_light/Structured_lightExt.swift (in target 'opencv2' from project 'opencv2')
    (5 failures)
    ============================================================
    ERROR: Command '['xcodebuild', 'BITCODE_GENERATION_MODE=bitcode', 'IPHONEOS_DEPLOYMENT_TARGET=9.0', 'ARCHS=arm64', '-sdk', 'iphoneos', '-configuration', 'Release', '-parallelizeTargets', '-jobs', '8', '-target', 'ALL_BUILD', 'build']' returned non-zero exit status 65.
    ============================================================
    Traceback (most recent call last):
      File "/Users/linxiaohai/source/opencv/opencv/platforms/ios/build_framework.py", line 181, in build
        self._build(outdir)
      File "/Users/linxiaohai/source/opencv/opencv/platforms/ios/build_framework.py", line 139, in _build
        self.buildOne(target[0], target[1], main_build_dir, cmake_flags)
      File "/Users/linxiaohai/source/opencv/opencv/platforms/ios/build_framework.py", line 329, in buildOne
        execute(buildcmd + ["-target", "ALL_BUILD", "build"], cwd = builddir + "/modules/objc/framework_build")
      File "/Users/linxiaohai/source/opencv/opencv/platforms/apple/cv_build_utils.py", line 13, in execute
        retcode = check_call(cmd, cwd = cwd)
      File "/Users/linxiaohai/.pyenv/versions/3.9.7/lib/python3.9/subprocess.py", line 373, in check_call
        raise CalledProcessError(retcode, cmd)
    subprocess.CalledProcessError: Command '['xcodebuild', 'BITCODE_GENERATION_MODE=bitcode', 'IPHONEOS_DEPLOYMENT_TARGET=9.0', 'ARCHS=arm64', '-sdk', 'iphoneos', '-configuration', 'Release', '-parallelizeTargets', '-jobs', '8', '-target', 'ALL_BUILD', 'build']' returned non-zero exit status 65.
### Steps to reproduce
  1. run python opencv/platforms/ios/build_framework.py ios --contrib opencv_contrib --iphoneos_archs arm64 --iphonesimulator_archs x86_64 >> buildlog.log
  2. i will report build error as menthon above.
  3. 
### Issue submission checklist
  * I report the issue, it's not a question
  * I checked the problem with documentation, FAQ, open issues, forum.opencv.org, Stack Overflow, etc and have not found any solution
  * I updated to the latest OpenCV version and the issue is still there
  * There is reproducer code and related data files (videos, images, onnx, etc)