    [ 72%] Building CXX object caffe2/CMakeFiles/caffe2.dir/perfkernels/adagrad.cc.o
    [ 72%] Building CXX object caffe2/CMakeFiles/caffe2.dir/perfkernels/embedding_lookup.cc.o
    [ 72%] Building CXX object caffe2/CMakeFiles/caffe2.dir/perfkernels/fused_8bit_rowwise_embedding_lookup.cc.o
    [ 72%] Building CXX object caffe2/CMakeFiles/caffe2.dir/perfkernels/math_cpu_base.cc.o
    [ 72%] Building CXX object caffe2/CMakeFiles/caffe2.dir/perfkernels/typed_axpy.cc.o
    [ 72%] Building CXX object caffe2/CMakeFiles/caffe2.dir/queue/blobs_queue.cc.o
    [ 72%] Building CXX object caffe2/CMakeFiles/caffe2.dir/queue/blobs_queue_db.cc.o
    [ 72%] Building CXX object caffe2/CMakeFiles/caffe2.dir/queue/queue_ops.cc.o
    [ 72%] Building CXX object caffe2/CMakeFiles/caffe2.dir/queue/rebatching_queue.cc.o
    [ 73%] Building CXX object caffe2/CMakeFiles/caffe2.dir/queue/rebatching_queue_ops.cc.o
    [ 73%] Building CXX object caffe2/CMakeFiles/caffe2.dir/sgd/adadelta_op.cc.o
    [ 73%] Building CXX object caffe2/CMakeFiles/caffe2.dir/sgd/adagrad_op.cc.o
    [ 73%] Building CXX object caffe2/CMakeFiles/caffe2.dir/sgd/adam_op.cc.o
    [ 73%] Building CXX object caffe2/CMakeFiles/caffe2.dir/sgd/clip_tensor_op.cc.o
    [ 73%] Building CXX object caffe2/CMakeFiles/caffe2.dir/sgd/ftrl_op.cc.o
    [ 73%] Building CXX object caffe2/CMakeFiles/caffe2.dir/sgd/gftrl_op.cc.o
    [ 73%] Building CXX object caffe2/CMakeFiles/caffe2.dir/sgd/iter_op.cc.o
    [ 73%] Building CXX object caffe2/CMakeFiles/caffe2.dir/sgd/lars_op.cc.o
    [ 73%] Building CXX object caffe2/CMakeFiles/caffe2.dir/sgd/learning_rate_adaption_op.cc.o
    [ 73%] Building CXX object caffe2/CMakeFiles/caffe2.dir/sgd/learning_rate_op.cc.o
    [ 73%] Building CXX object caffe2/CMakeFiles/caffe2.dir/sgd/momentum_sgd_op.cc.o
    [ 73%] Building CXX object caffe2/CMakeFiles/caffe2.dir/sgd/rmsprop_op.cc.o
    [ 73%] Building CXX object caffe2/CMakeFiles/caffe2.dir/sgd/wngrad_op.cc.o
    [ 73%] Building CXX object caffe2/CMakeFiles/caffe2.dir/sgd/yellowfin_op.cc.o
    [ 73%] Building CXX object caffe2/CMakeFiles/caffe2.dir/share/contrib/nnpack/conv_op.cc.o
    [ 74%] Building CXX object caffe2/CMakeFiles/caffe2.dir/share/contrib/depthwise/depthwise3x3_conv_op.cc.o
    [ 74%] Building CXX object caffe2/CMakeFiles/caffe2.dir/transforms/common_subexpression_elimination.cc.o
    [ 74%] Building CXX object caffe2/CMakeFiles/caffe2.dir/transforms/conv_to_nnpack_transform.cc.o
    [ 74%] Building CXX object caffe2/CMakeFiles/caffe2.dir/transforms/pattern_net_transform.cc.o
    [ 74%] Building CXX object caffe2/CMakeFiles/caffe2.dir/transforms/single_op_transform.cc.o
    [ 74%] Linking CXX shared library ../lib/libcaffe2.so
    [ 74%] Built target caffe2
    Scanning dependencies of target distributed_test
    Scanning dependencies of target dead_code_elim_test
    Scanning dependencies of target depthwise3x3_conv_op_test
    Scanning dependencies of target device_test
    Scanning dependencies of target conv_to_nnpack_transform_test
    Scanning dependencies of target common_subexpression_elimination_test
    Scanning dependencies of target pattern_net_transform_test
    Scanning dependencies of target nnpack_test
    [ 75%] Building CXX object caffe2/CMakeFiles/distributed_test.dir/opt/distributed_test.cc.o
    [ 75%] Building CXX object caffe2/CMakeFiles/depthwise3x3_conv_op_test.dir/share/contrib/depthwise/depthwise3x3_conv_op_test.cc.o
    [ 75%] Building CXX object caffe2/CMakeFiles/device_test.dir/opt/device_test.cc.o
    [ 75%] Building CXX object caffe2/CMakeFiles/dead_code_elim_test.dir/opt/dead_code_elim_test.cc.o
    [ 75%] Building CXX object caffe2/CMakeFiles/common_subexpression_elimination_test.dir/transforms/common_subexpression_elimination_test.cc.o
    [ 75%] Building CXX object caffe2/CMakeFiles/conv_to_nnpack_transform_test.dir/transforms/conv_to_nnpack_transform_test.cc.o
    [ 75%] Building CXX object caffe2/CMakeFiles/pattern_net_transform_test.dir/transforms/pattern_net_transform_test.cc.o
    [ 75%] Building CXX object caffe2/CMakeFiles/nnpack_test.dir/share/contrib/nnpack/nnpack_test.cc.o
    [ 75%] Linking CXX executable ../bin/device_test
    [ 75%] Built target device_test
    [ 75%] Linking CXX executable ../bin/distributed_test
    Scanning dependencies of target converter_nomigraph_test
    [ 75%] Building CXX object caffe2/CMakeFiles/converter_nomigraph_test.dir/opt/converter_nomigraph_test.cc.o
    [ 75%] Built target distributed_test
    Scanning dependencies of target net_dag_utils_test
    [ 75%] Building CXX object caffe2/CMakeFiles/net_dag_utils_test.dir/core/net_dag_utils_test.cc.o
    [ 75%] Linking CXX executable ../bin/conv_to_nnpack_transform_test
    [ 75%] Linking CXX executable ../bin/dead_code_elim_test
    [ 75%] Built target conv_to_nnpack_transform_test
    Scanning dependencies of target string_ops_test
    [ 75%] Building CXX object caffe2/CMakeFiles/string_ops_test.dir/operators/string_ops_test.cc.o
    [ 75%] Built target dead_code_elim_test
    Scanning dependencies of target net_async_tracing_test
    [ 75%] Building CXX object caffe2/CMakeFiles/net_async_tracing_test.dir/core/net_async_tracing_test.cc.o
    [ 75%] Linking CXX executable ../bin/common_subexpression_elimination_test
    [ 75%] Built target common_subexpression_elimination_test
    [ 75%] Linking CXX executable ../bin/depthwise3x3_conv_op_test
    Scanning dependencies of target graph_test
    [ 75%] Linking CXX executable ../bin/nnpack_test
    [ 75%] Building CXX object caffe2/CMakeFiles/graph_test.dir/core/graph_test.cc.o
    [ 75%] Built target depthwise3x3_conv_op_test
    [ 75%] Built target nnpack_test
    Scanning dependencies of target profile_observer_test
    Scanning dependencies of target weakref_test
    [ 75%] Building CXX object caffe2/CMakeFiles/profile_observer_test.dir/observers/profile_observer_test.cc.o
    [ 75%] Building CXX object caffe2/CMakeFiles/weakref_test.dir/__/aten/src/ATen/test/weakref_test.cpp.o
    [ 75%] Linking CXX executable ../bin/pattern_net_transform_test
    [ 75%] Built target pattern_net_transform_test
    [91mIn file included from /opt/pytorch/caffe2/core/context_gpu.h:8,
                     from /opt/pytorch/caffe2/observers/profile_observer.h:22,
                     from /opt/pytorch/caffe2/observers/profile_observer_test.cc:5:
    /opt/pytorch/caffe2/core/common_gpu.h:5:10: fatal error: cuda.h: No such file or directory
     #include 
              ^~~~~~~~
    [0m[91mcompilation terminated.
    [0m[91mmake[2]: *** [caffe2/CMakeFiles/profile_observer_test.dir/observers/profile_observer_test.cc.o] Error 1
    [0mcaffe2/CMakeFiles/profile_observer_test.dir/build.make:62: recipe for target 'caffe2/CMakeFiles/profile_observer_test.dir/observers/profile_observer_test.cc.o' failed
    [91mmake[1]: *** [caffe2/CMakeFiles/profile_observer_test.dir/all] Error 2
    [0mCMakeFiles/Makefile2:3033: recipe for target 'caffe2/CMakeFiles/profile_observer_test.dir/all' failed
    [91mmake[1]: *** Waiting for unfinished jobs....
    [0mScanning dependencies of target event_test
    [ 75%] Building CXX object caffe2/CMakeFiles/event_test.dir/core/event_test.cc.o
    [ 75%] Linking CXX executable ../bin/converter_nomigraph_test
    [ 75%] Built target converter_nomigraph_test
    [ 75%] Linking CXX executable ../bin/weakref_test
    [ 75%] Linking CXX executable ../bin/event_test
    [ 75%] Linking CXX executable ../bin/net_async_tracing_test
    [ 75%] Linking CXX executable ../bin/net_dag_utils_test
    [ 75%] Built target weakref_test
    [ 75%] Built target event_test
    [ 75%] Built target net_async_tracing_test
    [ 75%] Built target net_dag_utils_test
    [ 75%] Linking CXX executable ../bin/string_ops_test
    [ 75%] Built target string_ops_test
    [ 75%] Linking CXX executable ../bin/graph_test
    [ 75%] Built target graph_test
    Makefile:138: recipe for target 'all' failed
    [91mmake: *** [all] Error 2
    [0msetup.py::build_deps::run()
    Failed to run 'bash ../tools/build_pytorch_libs.sh --use-nnpack --use-mkldnn --use-qnnpack caffe2'
## To Reproduce
    [ 75%] Built target pattern_net_transform_test
    [91mIn file included from /opt/pytorch/caffe2/core/context_gpu.h:8,
                     from /opt/pytorch/caffe2/observers/profile_observer.h:22,
                     from /opt/pytorch/caffe2/observers/profile_observer_test.cc:5:
    /opt/pytorch/caffe2/core/common_gpu.h:5:10: fatal error: cuda.h: No such file or directory
     #include 
              ^~~~~~~~
    [0m[91mcompilation terminated.
    [0m[91mmake[2]: *** [caffe2/CMakeFiles/profile_observer_test.dir/observers/profile_observer_test.cc.o] Error 1
    [0mcaffe2/CMakeFiles/profile_observer_test.dir/build.make:62: recipe for target 'caffe2/CMakeFiles/profile_observer_test.dir/observers/profile_observer_test.cc.o' failed
    [91mmake[1]: *** [caffe2/CMakeFiles/profile_observer_test.dir/all] Error 2
    [0mCMakeFiles/Makefile2:3033: recipe for target 'caffe2/CMakeFiles/profile_observer_test.dir/all' failed
    [91mmake[1]: *** Waiting for unfinished jobs....
    [0mScanning dependencies of target event_test
    [ 75%] Building CXX object caffe2/CMakeFiles/event_test.dir/core/event_test.cc.o
## Environment
  * PyTorch Version (e.g., 1.0): Master branch (1.0)
  * OS (e.g., Linux): Debian:Stretch
  * How you installed PyTorch (conda, pip, source): source
  * Build command you used (if compiling from source): see above
  * Python version: 3.6
  * CUDA/cuDNN version: N/A
  * GPU models and configuration: N/A
  * Any other relevant information: N/A