### ç¯å¢ƒé…ç½®
1. æ“ä½œç³»ç»Ÿï¼šWindows 10
2. Anaconda ç‰ˆæœ¬ï¼š5.1.0ï¼ˆPython 3.6.4ï¼‰
3. **æ—  GPU æ”¯æŒ**ï¼ˆæˆ‘çš„ç¬”è®°æœ¬ç”µè„‘æ²¡æœ‰ GPU... ğŸ˜¢ï¼‰
4. **MSVCP140.DLL** å·²å®‰è£…å¹¶å·²æ·»åŠ åˆ° PATH ä¸­ã€‚

### é”™è¯¯ä¿¡æ¯
åœ¨å°è¯•å¯¼å…¥ TensorFlow æ—¶ï¼Œå‡ºç°äº†ä»¥ä¸‹é”™è¯¯ï¼š

```python
>>> import tensorflow as tf
Traceback (most recent call last):
  File "C:\Anaconda3\envs\tensorflow\lib\site-packages\tensorflow\python\pywrap_tensorflow_internal.py", line 14, in swig_import_helper
    return importlib.import_module(mname)
  File "C:\Anaconda3\envs\tensorflow\lib\importlib\__init__.py", line 126, in import_module
    return _bootstrap._gcd_import(name[level:], package, level)
  File "<frozen importlib._bootstrap>", line 994, in _gcd_import
  File "<frozen importlib._bootstrap>", line 971, in _find_and_load
  File "<frozen importlib._bootstrap>", line 955, in _find_and_load_unlocked
  File "<frozen importlib._bootstrap>", line 658, in _load_unlocked
  File "<frozen importlib._bootstrap>", line 571, in module_from_spec
  File "<frozen importlib._bootstrap_external>", line 922, in create_module
  File "<frozen importlib._bootstrap>", line 219, in _call_with_frames_removed
ImportError: DLL load failed: åŠ¨æ€é“¾æ¥åº“(DLL)åˆå§‹åŒ–ä¾‹ç¨‹å¤±è´¥ã€‚
```

åœ¨å¤„ç†ä¸Šè¿°å¼‚å¸¸æ—¶ï¼Œåˆå‡ºç°äº†å¦ä¸€ä¸ªå¼‚å¸¸ï¼š

```python
Traceback (most recent call last):
  File "C:\Anaconda3\envs\tensorflow\lib\site-packages\tensorflow\python\pywrap_tensorflow.py", line 58, in <module>
    from tensorflow.python.pywrap_tensorflow_internal import *
  File "C:\Anaconda3\envs\tensorflow\lib\site-packages\tensorflow\python\pywrap_tensorflow_internal.py", line 17, in <module>
    _pywrap_tensorflow_internal = swig_import_helper()
  File "C:\Anaconda3\envs\tensorflow\lib\site-packages\tensorflow\python\pywrap_tensorflow_internal.py", line 16, in swig_import_helper
    return importlib.import_module('_pywrap_tensorflow_internal')
  File "C:\Anaconda3\envs\tensorflow\lib\importlib\__init__.py", line 126, in import_module
    return _bootstrap._gcd_import(name[level:], package, level)
ModuleNotFoundError: No module named '_pywrap_tensorflow_internal'
```

æœ€ç»ˆå¯¼è‡´äº†ä»¥ä¸‹é”™è¯¯ï¼š

```python
Traceback (most recent call last):
  File "<stdin>", line 1, in <module>
  File "C:\Anaconda3\envs\tensorflow\lib\site-packages\tensorflow\__init__.py", line 24, in <module>
    from tensorflow.python import *  # pylint: disable=redefined-builtin
  File "C:\Anaconda3\envs\tensorflow\lib\site-packages\tensorflow\python\__init__.py", line 49, in <module>
    from tensorflow.python import pywrap_tensorflow
  File "C:\Anaconda3\envs\tensorflow\lib\site-packages\tensorflow\python\pywrap_tensorflow.py", line 74, in <module>
    raise ImportError(msg)
ImportError: Traceback (most recent call last):
  File "C:\Anaconda3\envs\tensorflow\lib\site-packages\tensorflow\python\pywrap_tensorflow_internal.py", line 14, in swig_import_helper
    return importlib.import_module(mname)
  File "C:\Anaconda3\envs\tensorflow\lib\importlib\__init__.py", line 126, in import_module
    return _bootstrap._gcd_import(name[level:], package, level)
  File "<frozen importlib._bootstrap>", line 994, in _gcd_import
  File "<frozen importlib._bootstrap>", line 971, in _find_and_load
  File "<frozen importlib._bootstrap>", line 955, in _find_and_load_unlocked
  File "<frozen importlib._bootstrap>", line 658, in _load_unlocked
  File "<frozen importlib._bootstrap>", line 571, in module_from_spec
  File "<frozen importlib._bootstrap_external>", line 922, in create_module
  File "<frozen importlib._bootstrap>", line 219, in _call_with_frames_removed
ImportError: DLL load failed: åŠ¨æ€é“¾æ¥åº“(DLL)åˆå§‹åŒ–ä¾‹ç¨‹å¤±è´¥ã€‚

During handling of the above exception, another exception occurred:

Traceback (most recent call last):
  File "C:\Anaconda3\envs\tensorflow\lib\site-packages\tensorflow\python\pywrap_tensorflow.py", line 58, in <module>
    from tensorflow.python.pywrap_tensorflow_internal import *
  File "C:\Anaconda3\envs\tensorflow\lib\site-packages\tensorflow\python\pywrap_tensorflow_internal.py", line 17, in <module>
    _pywrap_tensorflow_internal = swig_import_helper()
  File "C:\Anaconda3\envs\tensorflow\lib\site-packages\tensorflow\python\pywrap_tensorflow_internal.py", line 16, in swig_import_helper
    return importlib.import_module('_pywrap_tensorflow_internal')
  File "C:\Anaconda3\envs\tensorflow\lib\importlib\__init__.py", line 126, in import_module
    return _bootstrap._gcd_import(name[level:], package, level)
ModuleNotFoundError: No module named '_pywrap_tensorflow_internal'

Failed to load the native TensorFlow runtime.
See https://www.tensorflow.org/install/install_sources#common_installation_problems for some common reasons and solutions. Include the entire stack trace above this error message when asking for help.
```

### è§£å†³å»ºè®®
è¯·å‚è€ƒ [TensorFlow å®‰è£…å¸¸è§é—®é¢˜](https://www.tensorflow.org/install/install_sources#common_installation_problems) é¡µé¢ï¼Œäº†è§£ä¸€äº›å¸¸è§çš„åŸå› å’Œè§£å†³æ–¹æ¡ˆã€‚åœ¨å¯»æ±‚å¸®åŠ©æ—¶ï¼Œè¯·é™„ä¸Šå®Œæ•´çš„å †æ ˆè·Ÿè¸ªä¿¡æ¯ã€‚