# Checklist
- [x] I have verified that the issue exists against the `master` branch of Celery.
- [x] I have checked the following issues for similar or identical bug reports:
  - Celery Issue #3932
  - Kombu Issue #931
- [x] I have included all related issues and possible duplicate issues in this report (if there are none, this box is still checked).

## Mandatory Debugging Information
- [x] I have included the output of `celery -A proj report` in the issue. If you are unable to do this, please specify the Celery version affected.
- [x] I have verified that the issue exists against the `master` branch of Celery.
- [x] I have included the contents of `pip freeze` in the issue.
- [x] I have included all the versions of all external dependencies required to reproduce this bug.

## Related Issues and Possible Duplicates
### Related Issues
- #3932
- celery/kombu#931

### Possible Duplicates
- None

## Environment & Settings
**Celery Version**: 4.4.2 (cliffs)  
**Kombu Version**: 4.6.11  
**Python Version**: 3.7.6  
**Platform**: Linux (64-bit)  
**Kernel Version**: 4.15.0-1065-aws  
**Implementation**: CPython  
**Loader**: `celery.loaders.default.Loader`  
**Settings**:
  - **Transport**: amqp
  - **Results**: disabled

### `celery report` Output
```
software -> celery:4.4.2 (cliffs) kombu:4.6.11 py:3.7.6
            billiard:3.6.3.0 py-amqp:2.6.0
platform -> system:Linux arch:64bit
            kernel version:4.15.0-1065-aws imp:CPython
loader   -> celery.loaders.default.Loader
settings -> transport:amqp results:disabled
```

## Steps to Reproduce
### Required Dependencies
- **Minimal Python Version**: 3.7.6 (CPython)
- **Minimal Celery Version**: 4.4.2
- **Minimal Kombu Version**: 4.6.11
- **Minimal Broker Version**: N/A or Unknown
- **Minimal Result Backend Version**: N/A or Unknown
- **Minimal OS and/or Kernel Version**: GNU/Linux Ubuntu x86_64 18.04
- **Minimal Broker Client Version**: N/A or Unknown
- **Minimal Result Backend Client Version**: N/A or Unknown

### Python Packages
**`pip freeze` Output:**
```
aiohttp==3.6.2
amqp==2.6.0
argh==0.26.2
asgiref==3.2.10
async-timeout==3.0.1
attrs==19.3.0
billiard==3.6.3.0
boto3==1.12.39
botocore==1.15.49
celery==4.4.2
certifi==2020.6.20
chardet==3.0.4
ddtrace==0.37.0
Django==3.0.4
docutils==0.15.2
future==0.18.2
gunicorn==20.0.4
idna==2.10
jmespath==0.10.0
kombu==4.6.11
msgpack==1.0.0
multidict==4.7.6
pathtools==0.1.2
psycopg2-binary==2.8.4
python-dateutil==2.8.1
python-dotenv==0.12.0
pytz==2020.1
PyYAML==5.3.1
requests==2.23.0
s3transfer==0.3.3
setproctitle==1.1.10
six==1.15.0
slackclient==2.5.0
sqlparse==0.3.1
urllib3==1.25.9
vine==1.3.0
yarl==1.4.2
```

### Other Dependencies
- N/A

### Minimally Reproducible Test Case
The issue occurs when a connection lost error is encountered. The exact steps to reproduce may depend on the specific environment and configuration.

```python
# Example code to trigger the issue
```

## Expected Behavior
The consumer should be able to reconnect to the broker without any issues and continue processing messages.

## Actual Behavior
The logs show the following error:
```
[2020-06-03 01:36:35,499: WARNING/MainProcess] consumer: Connection to broker lost. Trying to re-establish the connection...
Traceback (most recent call last):
  File "/home/$USER/.local/share/virtualenvs/$PROJECT_NAME-zlr2NI-5/lib/python3.7/site-packages/urllib3/connection.py", line 160, in _new_conn
    (self._dns_host, self.port), self.timeout, **extra_kw
  File "/home/$USER/.local/share/virtualenvs/$PROJECT_NAME-zlr2NI-5/lib/python3.7/site-packages/urllib3/util/connection.py", line 61, in create_connection
    for res in socket.getaddrinfo(host, port, family, socket.SOCK_STREAM):
  File "/opt/pyenv/versions/3.7.6/lib/python3.7/socket.py", line 752, in getaddrinfo
    for res in _socket.getaddrinfo(host, port, family, type, proto, flags):
socket.gaierror: [Errno -3] Temporary failure in name resolution
During handling of the above exception, another exception occurred:
...
botocore.exceptions.EndpointConnectionError: Could not connect to the endpoint URL: "https://queue.amazonaws.com/"
[2020-06-03 01:36:47,080: ERROR/MainProcess] consumer: Cannot connect to sqs://localhost//: Could not connect to the endpoint URL: "https://queue.amazonaws.com/".
Trying again in 2.00 seconds... (1/100)
[2020-06-03 01:36:57,674: INFO/MainProcess] Connected to sqs://localhost//
```
After the last log entry, Celery stops handling any messages.