Traceback (most recent call last):  
File "C:\Users\zuha\AppData\Local\Programs\Python\Python36\lib\site-
packages\tensorflow\python\pywrap_tensorflow_internal.py", line 14, in
swig_import_helper  
return importlib.import_module(mname)  
File "C:\Users\zuha\AppData\Local\Programs\Python\Python36\lib\importlib_
_init_ _.py", line 126, in import_module  
return _bootstrap._gcd_import(name[level:], package, level)  
File "", line 994, in _gcd_import  
File "", line 971, in _find_and_load  
File "", line 955, in _find_and_load_unlocked  
File "", line 658, in _load_unlocked  
File "", line 571, in module_from_spec  
File "", line 922, in create_module  
File "", line 219, in _call_with_frames_removed  
ImportError: DLL load failed: The specified module could not be found.
During handling of the above exception, another exception occurred:
Traceback (most recent call last):  
File "C:\Users\zuha\AppData\Local\Programs\Python\Python36\lib\site-
packages\tensorflow\python\pywrap_tensorflow.py", line 58, in  
from tensorflow.python.pywrap_tensorflow_internal import *  
File "C:\Users\zuha\AppData\Local\Programs\Python\Python36\lib\site-
packages\tensorflow\python\pywrap_tensorflow_internal.py", line 17, in  
_pywrap_tensorflow_internal = swig_import_helper()  
File "C:\Users\zuha\AppData\Local\Programs\Python\Python36\lib\site-
packages\tensorflow\python\pywrap_tensorflow_internal.py", line 16, in
swig_import_helper  
return importlib.import_module(' _pywrap_tensorflow_internal')  
File "C:\Users\zuha\AppData\Local\Programs\Python\Python36\lib\importlib_
_init__.py", line 126, in import_module  
return _bootstrap._gcd_import(name[level:], package, level)  
ModuleNotFoundError: No module named '_pywrap_tensorflow_internal'
During handling of the above exception, another exception occurred:
Traceback (most recent call last):  
File "", line 1, in  
File "C:\Users\zuha\AppData\Local\Programs\Python\Python36\lib\site-
packages\tensorflow_ _init_ _.py", line 22, in  
from tensorflow.python import pywrap_tensorflow # pylint: disable=unused-
import  
File "C:\Users\zuha\AppData\Local\Programs\Python\Python36\lib\site-
packages\tensorflow\python_ _init_ _.py", line 49, in  
from tensorflow.python import pywrap_tensorflow  
File "C:\Users\zuha\AppData\Local\Programs\Python\Python36\lib\site-
packages\tensorflow\python\pywrap_tensorflow.py", line 74, in  
raise ImportError(msg)  
ImportError: Traceback (most recent call last):  
File "C:\Users\zuha\AppData\Local\Programs\Python\Python36\lib\site-
packages\tensorflow\python\pywrap_tensorflow_internal.py", line 14, in
swig_import_helper  
return importlib.import_module(mname)  
File "C:\Users\zuha\AppData\Local\Programs\Python\Python36\lib\importlib_
_init_ _.py", line 126, in import_module  
return _bootstrap._gcd_import(name[level:], package, level)  
File "", line 994, in _gcd_import  
File "", line 971, in _find_and_load  
File "", line 955, in _find_and_load_unlocked  
File "", line 658, in _load_unlocked  
File "", line 571, in module_from_spec  
File "", line 922, in create_module  
File "", line 219, in _call_with_frames_removed  
ImportError: DLL load failed: The specified module could not be found.
During handling of the above exception, another exception occurred:
Traceback (most recent call last):  
File "C:\Users\zuha\AppData\Local\Programs\Python\Python36\lib\site-
packages\tensorflow\python\pywrap_tensorflow.py", line 58, in  
from tensorflow.python.pywrap_tensorflow_internal import *  
File "C:\Users\zuha\AppData\Local\Programs\Python\Python36\lib\site-
packages\tensorflow\python\pywrap_tensorflow_internal.py", line 17, in  
_pywrap_tensorflow_internal = swig_import_helper()  
File "C:\Users\zuha\AppData\Local\Programs\Python\Python36\lib\site-
packages\tensorflow\python\pywrap_tensorflow_internal.py", line 16, in
swig_import_helper  
return importlib.import_module(' _pywrap_tensorflow_internal')  
File "C:\Users\zuha\AppData\Local\Programs\Python\Python36\lib\importlib_
_init__.py", line 126, in import_module  
return _bootstrap._gcd_import(name[level:], package, level)  
ModuleNotFoundError: No module named '_pywrap_tensorflow_internal'
Failed to load the native TensorFlow runtime.
See
https://www.tensorflow.org/install/install_sources#common_installation_problems
for some common reasons and solutions. Include the entire stack trace  
above this error message when asking for help.