modules/imgproc/CMakeFiles/opencv_imgproc.dir/src/geometry.cpp.o  
[ 21%] Building CXX object
modules/imgproc/CMakeFiles/opencv_imgproc.dir/opencl_kernels_imgproc.cpp.o  
[ 21%] Building CXX object
modules/imgproc/CMakeFiles/opencv_imgproc.dir/src/resize.sse4_1.cpp.o  
[ 21%] Building CXX object
modules/imgproc/CMakeFiles/opencv_imgproc.dir/src/imgwarp.sse4_1.cpp.o  
[ 21%] Building CXX object
modules/imgproc/CMakeFiles/opencv_imgproc.dir/src/corner.avx.cpp.o  
[ 21%] Building CXX object
modules/imgproc/CMakeFiles/opencv_imgproc.dir/accum.avx.cpp.o  
[ 21%] Building CXX object
modules/imgproc/CMakeFiles/opencv_imgproc.dir/src/resize.avx2.cpp.o  
[ 21%] Building CXX object
modules/imgproc/CMakeFiles/opencv_imgproc.dir/src/undistort.avx2.cpp.o  
[ 21%] Building CXX object
modules/imgproc/CMakeFiles/opencv_imgproc.dir/src/filter.avx2.cpp.o  
[ 21%] Building CXX object
modules/imgproc/CMakeFiles/opencv_imgproc.dir/src/imgwarp.avx2.cpp.o  
[ 21%] Linking CXX shared library ../../lib/libopencv_imgproc.so  
[ 21%] Built target opencv_imgproc  
Scanning dependencies of target opencv_imgcodecs_pch_dephelp  
[ 21%] Building CXX object
modules/imgcodecs/CMakeFiles/opencv_imgcodecs_pch_dephelp.dir/opencv_imgcodecs_pch_dephelp.cxx.o  
[ 21%] Linking CXX static library ../../lib/libopencv_imgcodecs_pch_dephelp.a  
[ 21%] Built target opencv_imgcodecs_pch_dephelp  
Scanning dependencies of target pch_Generate_opencv_imgcodecs  
[ 21%] Generating precomp.hpp  
[ 21%] Generating precomp.hpp.gch/opencv_imgcodecs_Release.gch  
[ 21%] Built target pch_Generate_opencv_imgcodecs  
Scanning dependencies of target opencv_imgcodecs  
[ 21%] Building CXX object
modules/imgcodecs/CMakeFiles/opencv_imgcodecs.dir/src/loadsave.cpp.o  
[ 21%] Building CXX object
modules/imgcodecs/CMakeFiles/opencv_imgcodecs.dir/src/utils.cpp.o  
[ 21%] Building CXX object
modules/imgcodecs/CMakeFiles/opencv_imgcodecs.dir/src/grfmt_jpeg2000.cpp.o  
[ 21%] Building CXX object
modules/imgcodecs/CMakeFiles/opencv_imgcodecs.dir/src/grfmt_sunras.cpp.o  
[ 21%] Building CXX object
modules/imgcodecs/CMakeFiles/opencv_imgcodecs.dir/src/grfmt_bmp.cpp.o  
[ 21%] Building CXX object
modules/imgcodecs/CMakeFiles/opencv_imgcodecs.dir/src/grfmt_base.cpp.o  
[ 21%] Building CXX object
modules/imgcodecs/CMakeFiles/opencv_imgcodecs.dir/src/grfmt_pxm.cpp.o  
[ 21%] Building CXX object
modules/imgcodecs/CMakeFiles/opencv_imgcodecs.dir/src/grfmt_exr.cpp.o  
[ 21%] Building CXX object
modules/imgcodecs/CMakeFiles/opencv_imgcodecs.dir/src/grfmt_hdr.cpp.o  
[ 21%] Building CXX object
modules/imgcodecs/CMakeFiles/opencv_imgcodecs.dir/src/grfmt_pam.cpp.o  
[ 21%] Building CXX object
modules/imgcodecs/CMakeFiles/opencv_imgcodecs.dir/src/grfmt_tiff.cpp.o  
[ 21%] Building CXX object
modules/imgcodecs/CMakeFiles/opencv_imgcodecs.dir/src/grfmt_gdal.cpp.o  
[ 21%] Building CXX object
modules/imgcodecs/CMakeFiles/opencv_imgcodecs.dir/src/grfmt_png.cpp.o  
[ 22%] Building CXX object
modules/imgcodecs/CMakeFiles/opencv_imgcodecs.dir/src/grfmt_gdcm.cpp.o  
[ 22%] Building CXX object
modules/imgcodecs/CMakeFiles/opencv_imgcodecs.dir/src/grfmt_webp.cpp.o  
[ 22%] Building CXX object
modules/imgcodecs/CMakeFiles/opencv_imgcodecs.dir/src/grfmt_jpeg.cpp.o  
[ 22%] Building CXX object
modules/imgcodecs/CMakeFiles/opencv_imgcodecs.dir/src/bitstrm.cpp.o  
[ 22%] Building CXX object
modules/imgcodecs/CMakeFiles/opencv_imgcodecs.dir/src/rgbe.cpp.o  
[ 22%] Building CXX object
modules/imgcodecs/CMakeFiles/opencv_imgcodecs.dir/src/exif.cpp.o  
[ 22%] Linking CXX shared library ../../lib/libopencv_imgcodecs.so  
[ 22%] Built target opencv_imgcodecs  
Scanning dependencies of target opencv_videoio_pch_dephelp  
[ 22%] Building CXX object
modules/videoio/CMakeFiles/opencv_videoio_pch_dephelp.dir/opencv_videoio_pch_dephelp.cxx.o  
[ 23%] Linking CXX static library ../../lib/libopencv_videoio_pch_dephelp.a  
[ 23%] Built target opencv_videoio_pch_dephelp  
Scanning dependencies of target pch_Generate_opencv_videoio  
[ 23%] Generating precomp.hpp  
[ 23%] Generating precomp.hpp.gch/opencv_videoio_Release.gch  
[ 23%] Built target pch_Generate_opencv_videoio  
Scanning dependencies of target opencv_videoio  
[ 23%] Building CXX object
modules/videoio/CMakeFiles/opencv_videoio.dir/src/videoio_registry.cpp.o  
[ 23%] Building CXX object
modules/videoio/CMakeFiles/opencv_videoio.dir/src/videoio_c.cpp.o  
[ 23%] Building CXX object
modules/videoio/CMakeFiles/opencv_videoio.dir/src/cap.cpp.o  
[ 23%] Building CXX object
modules/videoio/CMakeFiles/opencv_videoio.dir/src/cap_images.cpp.o  
[ 23%] Building CXX object
modules/videoio/CMakeFiles/opencv_videoio.dir/src/cap_mjpeg_encoder.cpp.o  
[ 23%] Building CXX object
modules/videoio/CMakeFiles/opencv_videoio.dir/src/cap_mjpeg_decoder.cpp.o  
[ 23%] Building CXX object
modules/videoio/CMakeFiles/opencv_videoio.dir/src/container_avi.cpp.o  
[ 23%] Building CXX object
modules/videoio/CMakeFiles/opencv_videoio.dir/src/cap_dc1394_v2.cpp.o  
[ 23%] Building CXX object
modules/videoio/CMakeFiles/opencv_videoio.dir/src/cap_v4l.cpp.o  
[ 23%] Building CXX object
modules/videoio/CMakeFiles/opencv_videoio.dir/src/cap_ffmpeg.cpp.o  
[ 23%] Linking CXX shared library ../../lib/libopencv_videoio.so  
[ 23%] Built target opencv_videoio  
Scanning dependencies of target opencv_highgui_pch_dephelp  
[ 23%] Building CXX object
modules/highgui/CMakeFiles/opencv_highgui_pch_dephelp.dir/opencv_highgui_pch_dephelp.cxx.o  
[ 23%] Linking CXX static library ../../lib/libopencv_highgui_pch_dephelp.a  
[ 23%] Built target opencv_highgui_pch_dephelp  
Scanning dependencies of target pch_Generate_opencv_highgui  
[ 23%] Generating precomp.hpp  
[ 23%] Generating precomp.hpp.gch/opencv_highgui_Release.gch  
[ 23%] Built target pch_Generate_opencv_highgui  
Scanning dependencies of target opencv_highgui  
[ 23%] Building CXX object
modules/highgui/CMakeFiles/opencv_highgui.dir/src/window.cpp.o  
[ 23%] Building CXX object
modules/highgui/CMakeFiles/opencv_highgui.dir/src/roiSelector.cpp.o  
[ 23%] Building CXX object
modules/highgui/CMakeFiles/opencv_highgui.dir/src/window_gtk.cpp.o  
[ 23%] Linking CXX shared library ../../lib/libopencv_highgui.so  
[ 23%] Built target opencv_highgui  
Scanning dependencies of target opencv_ts  
[ 24%] Building CXX object
modules/ts/CMakeFiles/opencv_ts.dir/src/cuda_test.cpp.o  
[ 24%] Building CXX object modules/ts/CMakeFiles/opencv_ts.dir/src/ts.cpp.o  
[ 24%] Building CXX object
modules/ts/CMakeFiles/opencv_ts.dir/src/cuda_perf.cpp.o  
[ 24%] Building CXX object
modules/ts/CMakeFiles/opencv_ts.dir/src/ocl_test.cpp.o  
[ 24%] Building CXX object
modules/ts/CMakeFiles/opencv_ts.dir/src/ts_arrtest.cpp.o  
[ 24%] Building CXX object
modules/ts/CMakeFiles/opencv_ts.dir/src/ocl_perf.cpp.o  
[ 24%] Building CXX object
modules/ts/CMakeFiles/opencv_ts.dir/src/ts_perf.cpp.o  
[ 24%] Building CXX object
modules/ts/CMakeFiles/opencv_ts.dir/src/ts_func.cpp.o  
[ 24%] Building CXX object
modules/ts/CMakeFiles/opencv_ts.dir/src/ts_gtest.cpp.o  
[ 24%] Linking CXX static library ../../lib/libopencv_ts.a  
[ 24%] Built target opencv_ts  
Scanning dependencies of target pch_Generate_opencv_test_core  
[ 24%] Generating test_precomp.hpp  
[ 24%] Generating test_precomp.hpp.gch/opencv_test_core_Release.gch  
[ 24%] Built target pch_Generate_opencv_test_core  
Scanning dependencies of target opencv_test_core  
[ 24%] Building CXX object
modules/core/CMakeFiles/opencv_test_core.dir/test/test_intrin.cpp.o  
[ 24%] Building CXX object
modules/core/CMakeFiles/opencv_test_core.dir/test/test_io.cpp.o  
[ 24%] Building CXX object
modules/core/CMakeFiles/opencv_test_core.dir/test/test_arithm.cpp.o  
[ 24%] Building CXX object
modules/core/CMakeFiles/opencv_test_core.dir/test/test_dxt.cpp.o  
[ 24%] Building CXX object
modules/core/CMakeFiles/opencv_test_core.dir/test/test_main.cpp.o  
[ 24%] Building CXX object
modules/core/CMakeFiles/opencv_test_core.dir/test/test_hal_core.cpp.o  
[ 24%] Building CXX object
modules/core/CMakeFiles/opencv_test_core.dir/test/test_downhill_simplex.cpp.o  
[ 24%] Building CXX object
modules/core/CMakeFiles/opencv_test_core.dir/test/test_conjugate_gradient.cpp.o  
[ 24%] Building CXX object
modules/core/CMakeFiles/opencv_test_core.dir/test/test_operations.cpp.o  
[ 24%] Building CXX object
modules/core/CMakeFiles/opencv_test_core.dir/test/test_eigen.cpp.o  
[ 24%] Building CXX object
modules/core/CMakeFiles/opencv_test_core.dir/test/test_countnonzero.cpp.o  
[ 25%] Building CXX object
modules/core/CMakeFiles/opencv_test_core.dir/test/test_math.cpp.o  
[ 25%] Building CXX object
modules/core/CMakeFiles/opencv_test_core.dir/test/test_mat.cpp.o  
[ 25%] Building CXX object
modules/core/CMakeFiles/opencv_test_core.dir/test/test_concatenation.cpp.o  
[ 25%] Building CXX object
modules/core/CMakeFiles/opencv_test_core.dir/test/test_rand.cpp.o  
[ 25%] Building CXX object
modules/core/CMakeFiles/opencv_test_core.dir/test/test_rotatedrect.cpp.o  
[ 25%] Building CXX object
modules/core/CMakeFiles/opencv_test_core.dir/test/ocl/test_arithm.cpp.o  
[ 25%] Building CXX object
modules/core/CMakeFiles/opencv_test_core.dir/test/ocl/test_matrix_operation.cpp.o  
[ 25%] Building CXX object
modules/core/CMakeFiles/opencv_test_core.dir/test/ocl/test_matrix_expr.cpp.o  
[ 25%] Building CXX object
modules/core/CMakeFiles/opencv_test_core.dir/test/ocl/test_dft.cpp.o  
[ 25%] Building CXX object
modules/core/CMakeFiles/opencv_test_core.dir/test/ocl/test_image2d.cpp.o  
[ 25%] Building CXX object
modules/core/CMakeFiles/opencv_test_core.dir/test/ocl/test_gemm.cpp.o  
[ 25%] Building CXX object
modules/core/CMakeFiles/opencv_test_core.dir/test/ocl/test_opencl.cpp.o  
[ 25%] Building CXX object
modules/core/CMakeFiles/opencv_test_core.dir/test/ocl/test_channels.cpp.o  
[ 25%] Building CXX object
modules/core/CMakeFiles/opencv_test_core.dir/test/test_ds.cpp.o  
[ 25%] Building CXX object
modules/core/CMakeFiles/opencv_test_core.dir/test/test_misc.cpp.o  
[ 25%] Building CXX object
modules/core/CMakeFiles/opencv_test_core.dir/test/test_umat.cpp.o  
[ 25%] Building CXX object
modules/core/CMakeFiles/opencv_test_core.dir/test/test_lpsolver.cpp.o  
[ 25%] Building CXX object
modules/core/CMakeFiles/opencv_test_core.dir/test/test_ippasync.cpp.o  
[ 25%] Building CXX object
modules/core/CMakeFiles/opencv_test_core.dir/test/test_utils.cpp.o  
[ 25%] Building CXX object
modules/core/CMakeFiles/opencv_test_core.dir/test/test_ptr.cpp.o  
[ 25%] Building CXX object
modules/core/CMakeFiles/opencv_test_core.dir/test/test_intrin128.sse2.cpp.o  
[ 26%] Building CXX object
modules/core/CMakeFiles/opencv_test_core.dir/test/test_intrin128.sse3.cpp.o  
[ 26%] Building CXX object
modules/core/CMakeFiles/opencv_test_core.dir/test/test_intrin128.ssse3.cpp.o  
[ 26%] Building CXX object
modules/core/CMakeFiles/opencv_test_core.dir/test/test_intrin128.sse4_1.cpp.o  
[ 26%] Building CXX object
modules/core/CMakeFiles/opencv_test_core.dir/test/test_intrin128.sse4_2.cpp.o  
[ 26%] Building CXX object
modules/core/CMakeFiles/opencv_test_core.dir/test/test_intrin128.fp16.cpp.o  
[ 26%] Building CXX object
modules/core/CMakeFiles/opencv_test_core.dir/test/test_intrin128.avx.cpp.o  
[ 26%] Building CXX object
modules/core/CMakeFiles/opencv_test_core.dir/test/test_intrin128.avx2.cpp.o  
[ 26%] Building CXX object
modules/core/CMakeFiles/opencv_test_core.dir/test/test_intrin256.avx2.cpp.o  
[ 26%] Linking CXX executable ../../bin/opencv_test_core  
/usr/bin/ld: warning: libzstd.so.1.3.7, needed by
//home/lirui/anaconda3/lib/libtiff.so.5, not found (try using -rpath or
-rpath-link)  
//home/lirui/anaconda3/lib/libtiff.so.5：对‘ZSTD_initCStream’未定义的引用  
//home/lirui/anaconda3/lib/libtiff.so.5：对‘ZSTD_freeCStream’未定义的引用  
//home/lirui/anaconda3/lib/libtiff.so.5：对‘ZSTD_maxCLevel’未定义的引用  
//home/lirui/anaconda3/lib/libtiff.so.5：对‘ZSTD_createCStream’未定义的引用  
//home/lirui/anaconda3/lib/libtiff.so.5：对‘ZSTD_isError’未定义的引用  
//home/lirui/anaconda3/lib/libtiff.so.5：对‘ZSTD_getErrorName’未定义的引用  
//home/lirui/anaconda3/lib/libtiff.so.5：对‘ZSTD_endStream’未定义的引用  
//home/lirui/anaconda3/lib/libtiff.so.5：对‘ZSTD_createDStream’未定义的引用  
//home/lirui/anaconda3/lib/libtiff.so.5：对‘ZSTD_initDStream’未定义的引用  
//home/lirui/anaconda3/lib/libtiff.so.5：对‘ZSTD_freeDStream’未定义的引用  
//home/lirui/anaconda3/lib/libtiff.so.5：对‘ZSTD_compressStream’未定义的引用  
//home/lirui/anaconda3/lib/libtiff.so.5：对‘ZSTD_decompressStream’未定义的引用  
collect2: error: ld returned 1 exit status  
modules/core/CMakeFiles/opencv_test_core.dir/build.make:1116: recipe for
target 'bin/opencv_test_core' failed  
make[2]: *** [bin/opencv_test_core] Error 1  
CMakeFiles/Makefile2:2607: recipe for target
'modules/core/CMakeFiles/opencv_test_core.dir/all' failed  
make[1]: *** [modules/core/CMakeFiles/opencv_test_core.dir/all] Error 2  
Makefile:160: recipe for target 'all' failed  
make: *** [all] Error 2