bool>::type = ]’  
/home/zjy/program/pytorch/torch/lib/build/aten/src/ATen/ATen/Functions.h:1416:61:
required from here  
/usr/include/c++/6/tuple:495:244: error: wrong number of template arguments
(4, should be 2)  
return _ _and_ ,  
^  
/usr/include/c++/6/type_traits:1558:8: note: provided for ‘template struct std::is_convertible’  
struct is_convertible  
^~~~~~~~~~~~~~  
/usr/include/c++/6/tuple:502:1: error: body of constexpr function ‘static
constexpr bool std::_TC::_NonNestedTuple() [with _SrcTuple =
const std::tuple&; bool = true;
_Elements = {at::Tensor&, at::Tensor&, at::Tensor&}]’ not a return-statement  
}  
^  
/usr/include/c++/6/tuple: In instantiation of ‘static constexpr bool
std::_TC::_NonNestedTuple() [with _SrcTuple =
std::tuple&&; bool = true; _Elements =
{at::Tensor&, at::Tensor&, at::Tensor&}]’:  
/usr/include/c++/6/tuple:686:422: required by substitution of ‘template::_MoveConstructibleTuple() && std::_TC::_ImplicitlyMoveConvertibleTuple()) &&
std::_TC::value && (1ul == 1)), at::Tensor&,
at::Tensor&, at::Tensor&>::_NonNestedTuple&&>()),
bool>::type > constexpr std::tuple::tuple(std::tuple&&) [with
_UElements = {at::Tensor&, at::Tensor&, at::Tensor&}; _Dummy = void; typename
std::enable_if::_MoveConstructibleTuple() &&
std::_TC::_ImplicitlyMoveConvertibleTuple()) &&
std::_TC::value && (1ul == 1)), at::Tensor&,
at::Tensor&, at::Tensor&>::_NonNestedTuple&&>()),
bool>::type = ]’  
/home/zjy/program/pytorch/torch/lib/build/aten/src/ATen/ATen/Functions.h:1416:61:
required from here  
/usr/include/c++/6/tuple:495:244: error: wrong number of template arguments
(4, should be 2)  
return _ _and_ ,  
^  
/usr/include/c++/6/type_traits:1558:8: note: provided for ‘template struct std::is_convertible’  
struct is_convertible  
^~~~~~~~~~~~~~  
/usr/include/c++/6/tuple:502:1: error: body of constexpr function ‘static
constexpr bool std::_TC::_NonNestedTuple() [with _SrcTuple =
std::tuple&&; bool = true; _Elements =
{at::Tensor&, at::Tensor&, at::Tensor&}]’ not a return-statement  
}  
^  
/usr/include/c++/6/tuple: In instantiation of ‘static constexpr bool
std::_TC::_MoveConstructibleTuple() [with _UElements =
{std::tuple}; bool = true; _Elements =
{at::Tensor, at::Tensor, at::Tensor}]’:  
/usr/include/c++/6/tuple:626:248: required by substitution of ‘template::_NotSameTuple() &&
std::_TC::_MoveConstructibleTuple()) && std::_TC::_ImplicitlyMoveConvertibleTuple()) && (3ul >=
1)), bool>::type > constexpr std::tuple::tuple(_UElements&& ...) [with
_UElements = {std::tuple}; typename
std::enable_if::_NotSameTuple() && std::_TC::_MoveConstructibleTuple()) && std::_TC::_ImplicitlyMoveConvertibleTuple()) && (3ul >=
1)), bool>::type = ]’  
/home/zjy/program/pytorch/torch/lib/build/aten/src/ATen/ATen/Functions.h:1419:39:
required from here  
/usr/include/c++/6/tuple:483:67: error: mismatched argument pack lengths while
expanding ‘std::is_constructible’  
return _ _and_ ...>::value;  
^~~~~  
/usr/include/c++/6/tuple:484:1: error: body of constexpr function ‘static
constexpr bool std::_TC::_MoveConstructibleTuple() [with
_UElements = {std::tuple}; bool = true;
_Elements = {at::Tensor, at::Tensor, at::Tensor}]’ not a return-statement  
}  
^  
/usr/include/c++/6/tuple: In instantiation of ‘static constexpr bool
std::_TC::_ImplicitlyMoveConvertibleTuple() [with _UElements =
{std::tuple}; bool = true; _Elements =
{at::Tensor, at::Tensor, at::Tensor}]’:  
/usr/include/c++/6/tuple:626:362: required by substitution of ‘template::_NotSameTuple() &&
std::_TC::_MoveConstructibleTuple()) && std::_TC::_ImplicitlyMoveConvertibleTuple()) && (3ul >=
1)), bool>::type > constexpr std::tuple::tuple(_UElements&& ...) [with
_UElements = {std::tuple}; typename
std::enable_if::_NotSameTuple() && std::_TC::_MoveConstructibleTuple()) && std::_TC::_ImplicitlyMoveConvertibleTuple()) && (3ul >=
1)), bool>::type = ]’  
/home/zjy/program/pytorch/torch/lib/build/aten/src/ATen/ATen/Functions.h:1419:39:
required from here  
/usr/include/c++/6/tuple:489:65: error: mismatched argument pack lengths while
expanding ‘std::is_convertible’  
return _ _and_ ...>::value;  
^~~~~  
/usr/include/c++/6/tuple:490:1: error: body of constexpr function ‘static
constexpr bool std::_TC::_ImplicitlyMoveConvertibleTuple() [with
_UElements = {std::tuple}; bool = true;
_Elements = {at::Tensor, at::Tensor, at::Tensor}]’ not a return-statement  
}  
^  
/usr/include/c++/6/tuple: In instantiation of ‘static constexpr bool
std::_TC::_NonNestedTuple() [with _SrcTuple = const
std::tuple&; bool = true; _Elements =
{at::Tensor, at::Tensor, at::Tensor}]’:  
/usr/include/c++/6/tuple:662:419: required by substitution of ‘template::_ConstructibleTuple() && std::_TC::_ImplicitlyConvertibleTuple()) &&
std::_TC::value && (1ul == 1)), at::Tensor,
at::Tensor, at::Tensor>::_NonNestedTuple&>()),
bool>::type > constexpr std::tuple::tuple(const std::tuple&)
[with _UElements = {at::Tensor, at::Tensor, at::Tensor}; _Dummy = void;
typename std::enable_if::_ConstructibleTuple() &&
std::_TC::_ImplicitlyConvertibleTuple()) &&
std::_TC::value && (1ul == 1)), at::Tensor,
at::Tensor, at::Tensor>::_NonNestedTuple&>()),
bool>::type = ]’  
/home/zjy/program/pytorch/torch/lib/build/aten/src/ATen/ATen/Functions.h:1419:39:
required from here  
/usr/include/c++/6/tuple:495:244: error: wrong number of template arguments
(4, should be 2)  
return _ _and_ ,  
^  
/usr/include/c++/6/type_traits:1558:8: note: provided for ‘template struct std::is_convertible’  
struct is_convertible  
^~~~~~~~~~~~~~  
/usr/include/c++/6/tuple:502:1: error: body of constexpr function ‘static
constexpr bool std::_TC::_NonNestedTuple() [with _SrcTuple =
const std::tuple&; bool = true; _Elements
= {at::Tensor, at::Tensor, at::Tensor}]’ not a return-statement  
}  
^  
/usr/include/c++/6/tuple: In instantiation of ‘static constexpr bool
std::_TC::_NonNestedTuple() [with _SrcTuple =
std::tuple&&; bool = true; _Elements =
{at::Tensor, at::Tensor, at::Tensor}]’:  
/usr/include/c++/6/tuple:686:422: required by substitution of ‘template::_MoveConstructibleTuple() && std::_TC::_ImplicitlyMoveConvertibleTuple()) &&
std::_TC::value && (1ul == 1)), at::Tensor,
at::Tensor, at::Tensor>::_NonNestedTuple&&>()),
bool>::type > constexpr std::tuple::tuple(std::tuple&&) [with
_UElements = {at::Tensor, at::Tensor, at::Tensor}; _Dummy = void; typename
std::enable_if::_MoveConstructibleTuple() &&
std::_TC::_ImplicitlyMoveConvertibleTuple()) &&
std::_TC::value && (1ul == 1)), at::Tensor,
at::Tensor, at::Tensor>::_NonNestedTuple&&>()),
bool>::type = ]’  
/home/zjy/program/pytorch/torch/lib/build/aten/src/ATen/ATen/Functions.h:1419:39:
required from here  
/usr/include/c++/6/tuple:495:244: error: wrong number of template arguments
(4, should be 2)  
return _ _and_ ,  
^  
/usr/include/c++/6/type_traits:1558:8: note: provided for ‘template struct std::is_convertible’  
struct is_convertible  
^~~~~~~~~~~~~~  
/usr/include/c++/6/tuple:502:1: error: body of constexpr function ‘static
constexpr bool std::_TC::_NonNestedTuple() [with _SrcTuple =
std::tuple&&; bool = true; _Elements =
{at::Tensor, at::Tensor, at::Tensor}]’ not a return-statement  
}  
^  
CMake Error at ATen_generated_NativeFunctionsCuda.cu.o.cmake:267 (message):  
Error generating file  
/home/zjy/program/pytorch/torch/lib/build/aten/src/ATen/CMakeFiles/ATen.dir/native/cuda/./ATen_generated_NativeFunctionsCuda.cu.o
src/ATen/CMakeFiles/ATen.dir/build.make:1120: recipe for target
'src/ATen/CMakeFiles/ATen.dir/native/cuda/ATen_generated_NativeFunctionsCuda.cu.o'
failed  
make[2]: ***
[src/ATen/CMakeFiles/ATen.dir/native/cuda/ATen_generated_NativeFunctionsCuda.cu.o]
Error 1  
make[2]: *** Waiting for unfinished jobs....  
CMakeFiles/Makefile2:193: recipe for target 'src/ATen/CMakeFiles/ATen.dir/all'
failed  
make[1]: *** [src/ATen/CMakeFiles/ATen.dir/all] Error 2  
Makefile:129: recipe for target 'all' failed  
make: *** [all] Error 2