### Attempt to Compile Rust on Windows 7 x64 (MSYS2)

I attempted to compile the Rust compiler (`rustc`) at commit `9b9833299245cc1eac68b52169e9152d0f412d6b` on a Windows 7 x64 system using MSYS2. The compilation process failed, even after running `make clean`.

#### Environment
- **Operating System:** Windows 7 x64
- **Build Environment:** MSYS2
- **Rust Version:** `9b9833299245cc1eac68b52169e9152d0f412d6b`
- **Compiler Flags:** `RUSTFLAGS='-C codegen-units=8'`

#### Compilation Steps
1. Set the `RUSTFLAGS` environment variable:
   ```sh
   export RUSTFLAGS='-C codegen-units=8'
   ```

2. Run the build with backtrace enabled:
   ```sh
   make RUST_BACKTRACE=1
   ```

#### Configuration Output
- **Build Triple:** `i686-w64-mingw32`
- **Host Triples:** `i686-w64-mingw32`
- **Target Triples:** `i686-w64-mingw32`
- **Host for i686-w64-mingw32:** `i386`
- **OS for i686-w64-mingw32:** `w64-mingw32`
- **CC (C Compiler):** `gcc (CFG_CC)`
- **Valgrind:** Disabled due to unreliability on this platform
- **llnextgen:** Not found, omitting grammar-verification
- **Documentation Build:** Disabled (CFG_DISABLE_DOCS)

#### Error Details
The compilation failed with multiple definition errors in the `rand` library:

```plaintext
i686-w64-mingw32\stage0\bin\rustlib\i686-w64-mingw32\lib\rand-4e7c5e5c.1.o:(.rdata+0x2b0): multiple definition of `isaac::IsaacRng.Rng::next_u32::_MSG_FILE_LINE::h3a06d40217e7486bdMb'
i686-w64-mingw32\stage0\bin\rustlib\i686-w64-mingw32\lib\rand-4e7c5e5c.0.o:(.rdata+0x3f0): first defined here
...
i686-w64-mingw32\stage0\bin\rustlib\i686-w64-mingw32\lib\rand-4e7c5e5c.7.o:(.rdata+0xc0): multiple definition of `isaac::Isaac64Rng.Rng::next_u64::_MSG_FILE_LINE::h3a06d40217e7486bwgc'
i686-w64-mingw32\stage0\bin\rustlib\i686-w64-mingw32\lib\rand-4e7c5e5c.0.o:(.rdata+0x440): first defined here
collect2.exe: error: ld returned 1 exit status
```

#### Internal Compiler Error
The compiler encountered an unexpected failure, which is considered a bug. The specific error message is as follows:

```plaintext
error: internal compiler error: unexpected failure
note: the compiler hit an unexpected failure path. this is a bug.
note: we would appreciate a bug report: http://doc.rust-lang.org/complement-bugreport.html
note: run with `RUST_BACKTRACE=1` for a backtrace
task 'rustc' failed at 'called `Result::unwrap()` on an `Err` value: couldn't rename path (file not found (OS Error 2: Das System kann die angegebene Datei nicht finden.); from=i686-w64-mingw32\stage0\bin\rustlib\i686-w64-mingw32\lib\rand-4e7c5e5c.o.exe; to=i686-w64-mingw32\stage0\bin\rustlib\i686-w64-mingw32\lib\rand-4e7c5e5c.o)', C:\bot\slave\snap3-win-32\build\src\libcore\result.rs:808
```

#### Stack Backtrace
```plaintext
stack backtrace:
   1:  0x1e64dca - main
   2:  0x1e7be1c - main
   3:  0x1e7bbad - main
   4:  0x1e7b9c5 - main
   5:  0x1ecb31f - main
   6:   0x432cd2 - main
   7:   0x42fc69 - main
   8:   0xd04e86 - main
   9:   0x421d49 - main
  10:   0xcb3de1 - main
  11:   0xcaccfc - main
  12:   0xd2df45 - main
  13:   0xd2bea4 - main
  14:   0x439e7e - main
  15:   0x439dc6 - main
  16:  0x1abe123 - main
  17:  0x1e7b81c - main
  18:  0x1e79dfe - main
  19:  0x1abdf91 - main
  20:  0x1e7b507 - main
  21: 0x777e9f72 - RtlInitializeExceptionChain
```

#### Makefile Error
The makefile reported the following error:
```plaintext
/f/Dokumente/Coding/rust/rust-lang/mk/target.mk:166: recipe for target 'i686-w64-mingw32/stage0/bin/rustlib/i686-w64-mingw32/lib/stamp.rand' failed
make: *** [i686-w64-mingw32/stage0/bin/rustlib/i686-w64-mingw32/lib/stamp.rand] Error 101
```

### Conclusion
The compilation of `rustc` at commit `9b9833299245cc1eac68b52169e9152d0f412d6b` on Windows 7 x64 (MSYS2) failed due to multiple definition errors and an internal compiler error. A bug report should be filed with the provided backtrace and error details.