_Please make sure that this is a build/installation issue. As per ourGitHub
Policy, we only address code/doc bugs, performance issues, feature requests
and build/installation issues on GitHub. tag:build_template_
**System information**
  * OS Platform and Distribution (e.g., Linux Ubuntu 16.04): CentOS 7.4
  * Mobile device (e.g. iPhone 8, Pixel 2, Samsung Galaxy) if the issue happens on mobile device: NA
  * TensorFlow installed from (source or binary): source
  * TensorFlow version: v1.13.1
  * Python version: 3.6
  * Installed using virtualenv? pip? conda?: NA
  * Bazel version (if compiling from source): 0.25 NA
  * GCC/Compiler version (if compiling from source): gcc/4.8.5
  * CUDA/cuDNN version: 10.0.130, 7.4.2.24
  * GPU model and memory: GTX 1060 6Gb
**Describe the problem**
CMake build doesnt complete
    [ 18%] Building CXX object CMakeFiles/tf_core_profiler.dir/home/kognat/dev/tensorflow-v1.13.1-static-gpu-centos6/tensorflow/tensorflow/core/profiler/internal/tfprof_scope.cc.o
    [ 18%] Building CXX object CMakeFiles/tf_core_profiler.dir/home/kognat/dev/tensorflow-v1.13.1-static-gpu-centos6/tensorflow/tensorflow/core/profiler/internal/tfprof_op.cc.o
    [ 18%] Building CXX object CMakeFiles/tf_core_profiler.dir/home/kognat/dev/tensorflow-v1.13.1-static-gpu-centos6/tensorflow/tensorflow/core/profiler/internal/tfprof_show_multi.cc.o
    [ 18%] Building CXX object CMakeFiles/tf_core_profiler.dir/home/kognat/dev/tensorflow-v1.13.1-static-gpu-centos6/tensorflow/tensorflow/core/profiler/internal/tfprof_show.cc.o
    [ 18%] Building CXX object CMakeFiles/tf_stream_executor.dir/home/kognat/dev/tensorflow-v1.13.1-static-gpu-centos6/tensorflow/tensorflow/stream_executor/blas.cc.o
    [ 18%] Building CXX object CMakeFiles/tf_stream_executor.dir/home/kognat/dev/tensorflow-v1.13.1-static-gpu-centos6/tensorflow/tensorflow/stream_executor/device_description.cc.o
    [ 18%] Building CXX object CMakeFiles/tf_core_profiler.dir/home/kognat/dev/tensorflow-v1.13.1-static-gpu-centos6/tensorflow/tensorflow/core/profiler/internal/tfprof_stats.cc.o
    [ 18%] Building CXX object CMakeFiles/tf_stream_executor.dir/home/kognat/dev/tensorflow-v1.13.1-static-gpu-centos6/tensorflow/tensorflow/stream_executor/dnn.cc.o
    [ 18%] Linking CXX executable proto_text
    In file included from /home/kognat/dev/tensorflow-v1.13.1-static-gpu-centos6/tensorflow/tensorflow/stream_executor/dnn.cc:16:0:
    /home/kognat/dev/tensorflow-v1.13.1-static-gpu-centos6/tensorflow/tensorflow/stream_executor/dnn.h:34:47: fatal error: tensorflow/stream_executor/dnn.pb.h: No such file or directory
     #include "tensorflow/stream_executor/dnn.pb.h"
                                                   ^
    compilation terminated.
    [ 18%] Built target proto_text
    [ 18%] Building CXX object CMakeFiles/tf_stream_executor.dir/home/kognat/dev/tensorflow-v1.13.1-static-gpu-centos6/tensorflow/tensorflow/stream_executor/dso_loader.cc.o
    make[2]: *** [CMakeFiles/tf_stream_executor.dir/home/kognat/dev/tensorflow-v1.13.1-static-gpu-centos6/tensorflow/tensorflow/stream_executor/dnn.cc.o] Error 1
    make[2]: *** Waiting for unfinished jobs....
    [ 18%] Building CXX object CMakeFiles/tf_core_profiler.dir/home/kognat/dev/tensorflow-v1.13.1-static-gpu-centos6/tensorflow/tensorflow/core/profiler/internal/tfprof_tensor.cc.o
    [ 18%] Building CXX object CMakeFiles/tf_core_profiler.dir/home/kognat/dev/tensorflow-v1.13.1-static-gpu-centos6/tensorflow/tensorflow/core/profiler/internal/tfprof_timeline.cc.o
    make[1]: *** [CMakeFiles/tf_stream_executor.dir/all] Error 2
    make[1]: *** Waiting for unfinished jobs....
    [ 18%] Building CXX object CMakeFiles/tf_core_profiler.dir/home/kognat/dev/tensorflow-v1.13.1-static-gpu-centos6/tensorflow/tensorflow/core/profiler/internal/tfprof_utils.cc.o
    [ 19%] Building CXX object CMakeFiles/tf_core_profiler.dir/home/kognat/dev/tensorflow-v1.13.1-static-gpu-centos6/tensorflow/tensorflow/core/profiler/tfprof_options.cc.o
    [ 19%] Built target tf_core_profiler
    make: *** [all] Error 2
**Provide the exact sequence of commands / steps that you executed before
running into the problem**
git checkout https://github.com/tensorflow/tensorflow.git  
cd tensorflow/tensorflow/contrib/cmake  
mkdir build && cd build  
CUDA_HOME=/usr/local/cuda-10.0 cmake3 ..
-DCMAKE_PREFIX_PATH=/usr/local/cuda-10.0:/usr/local/cudnn-7.4.2.24/cuda
-DCMAKE_INSTALL_PREFIX=/home/samh/opt/tensorflow-v1.13.1-static-gpu
-Dtensorflow_BUILD_PYTHON_BINDING=off -Dtensorflow_ENABLE_GPU=on
-Dtensorflow_ENABLE_GRPC_SUPPORT=on
-Dtensorflow_ENABLE_POSITION_INDEPENDENT_CODE=on
-Dtensorflow_ENABLE_SNAPPY_SUPPORT=on -Dtensorflow_OPTIMIZE_FOR_NATIVE_ARCH=on
-Dtensorflow_PATH_CUDA_LIB=/usr/local/cuda-10.0/lib
-Dtensorflow_PATH_CUDNN_LIB=/usr/local/cudnn-7.4.2.24/cuda/lib
-Dtensorflow_CUDNN_INCLUDE=/usr/local/cudnn-7.4.2.24/cuda/include
-Dtensorflow_BUILD_SHARED_LIB=on
-Dtensorflow_NCCL_INCLUDE=/usr/local/nccl-2.4.7/include
-Dtensorflow_PATH_NCCL_LIB=/usr/local/nccl-2.4.7/lib
-DCUDA_TOOLKIT_ROOT_DIR=/usr/local/cuda-10.0
-DCUDA_cupti_LIBRARY=/usr/local/cuda-10.0/extras/CUPTI/lib -DOPENSSL_NO_ASM=1  
make -j12
**Any other info / logs**  
Include any logs or source code that would be helpful to diagnose the problem.
If including tracebacks, please include the full traceback. Large logs and
files should be attached.
I need a static build with GPU support, any process to do this would be
considered an alternative.
Sam