    -- Building shared libs : OFF
    -- MPFR : /usr/local/lib/libmpfr.dylib
    -- MPFR header file in /usr/local/include
    -- GMP : /usr/local/lib/libgmp.dylib
    -- RUNNING_ON_TRAVIS : 0
    -- COMPILER_SUPPORTS_OPENMP :
    -- Using python found in /Library/Frameworks/Python.framework/Versions/3.6/bin/python3
    -- Could NOT find OpenMP_C (missing: OpenMP_C_FLAGS OpenMP_C_LIB_NAMES) (found version "1.0")
    -- Could NOT find OpenMP_CXX (missing: OpenMP_CXX_FLAGS OpenMP_CXX_LIB_NAMES) (found version "1.0")
    -- NCCL operators skipped due to no CUDA support
    -- Excluding ideep operators as we are not using ideep
    -- Excluding image processing operators due to no opencv
    -- Excluding video processing operators due to no opencv
    -- Excluding mkl operators as we are not using mkl
    -- MPI operators skipped due to no MPI support
    -- Include Observer library
    -- Using lib/python3.6/site-packages as python relative installation path
    -- Automatically generating missing __init__.py files.
    -- A previous caffe2 cmake run already created the __init__.py files.
    CMake Warning at CMakeLists.txt:363 (message):
      Generated cmake files are only fully tested if one builds with system glog,
      gflags, and protobuf.  Other settings may generate files that are not well
      tested.
    --
    -- ******** Summary ********
    -- General:
    --   CMake version         : 3.9.0-rc5
    --   CMake command         : /usr/local/bin/cmake
    --   System                : Darwin
    --   C++ compiler          : /Applications/Xcode.app/Contents/Developer/Toolchains/XcodeDefault.xctoolchain/usr/bin/c++
    --   C++ compiler version  : 9.1.0.9020039
    --   BLAS                  : MKL
    --   CXX flags             :     -msse4.2   --std=c++11  -Wno-deprecated -fvisibility-inlines-hidden -Wno-deprecated-declarations -O2 -fPIC -Wno-narrowing -Wall -Wextra -Wno-missing-field-initializers -Wno-type-limits -Wno-array-bounds -Wno-unknown-pragmas -Wno-sign-compare -Wno-unused-parameter -Wno-unused-variable -Wno-unused-function -Wno-unused-result -Wno-strict-overflow -Wno-strict-aliasing -Wno-error=deprecated-declarations -Wno-error=pedantic -Wno-error=redundant-decls -Wno-error=old-style-cast -Wno-invalid-partial-specialization -Wno-typedef-redefinition -Wno-unknown-warning-option -Wno-unused-private-field -Wno-inconsistent-missing-override -Wno-aligned-allocation-unavailable -Wno-c++14-extensions -Wno-constexpr-not-const -Wno-missing-braces -Qunused-arguments -faligned-new -Wno-unused-private-field -Wno-missing-braces -Wno-c++14-extensions -Wno-constexpr-not-const
    --   Build type            : Release
    --   Compile definitions   : ONNX_NAMESPACE=onnx_torch;USE_GCC_ATOMICS=1;HAVE_MMAP=1;_FILE_OFFSET_BITS=64;HAVE_SHM_OPEN=1;HAVE_SHM_UNLINK=1
    --   CMAKE_PREFIX_PATH     : /Library/Frameworks/Python.framework/Versions/3.6/lib/python3.6/site-packages
    --   CMAKE_INSTALL_PREFIX  : /Users/micheleenharris/Documents/bin/github/pytorch-mask-rcnn-samples/pytorch/torch/lib/tmp_install
    --
    --   TORCH_VERSION         : 1.0.0
    --   CAFFE2_VERSION        : 1.0.0
    --   BUILD_ATEN_MOBILE     : OFF
    --   BUILD_BINARY          : OFF
    --   BUILD_CUSTOM_PROTOBUF : ON
    --     Link local protobuf : ON
    --   BUILD_DOCS            : OFF
    --   BUILD_PYTHON          : ON
    --     Python version      : 3.6.6
    --     Python executable   : /Library/Frameworks/Python.framework/Versions/3.6/bin/python3
    --     Pythonlibs version  : 3.6.6
    --     Python library      : /Library/Frameworks/Python.framework/Versions/3.6/lib/python3.6
    --     Python includes     : /Library/Frameworks/Python.framework/Versions/3.6/include/python3.6m
    --     Python site-packages: lib/python3.6/site-packages
    --   BUILD_CAFFE2_OPS      : ON
    --   BUILD_SHARED_LIBS     : ON
    --   BUILD_TEST            : ON
    --   USE_ASAN              : OFF
    --   USE_CUDA              : 0
    --   USE_ROCM              : OFF
    --   USE_EIGEN_FOR_BLAS    : ON
    --   USE_FFMPEG            : OFF
    --   USE_GFLAGS            : OFF
    --   USE_GLOG              : OFF
    --   USE_LEVELDB           : OFF
    --   USE_LITE_PROTO        : OFF
    --   USE_LMDB              : OFF
    --   USE_METAL             : OFF
    --   USE_MKL               :
    --   USE_MOBILE_OPENGL     : OFF
    --   USE_NCCL              : OFF
    --   USE_NERVANA_GPU       : OFF
    --   USE_NNPACK            : 1
    --   USE_OBSERVERS         : ON
    --   USE_OPENCL            : OFF
    --   USE_OPENCV            : OFF
    --   USE_OPENMP            : OFF
    --   USE_PROF              : OFF
    --   USE_REDIS             : OFF
    --   USE_ROCKSDB           : OFF
    --   USE_ZMQ               : OFF
    --   USE_DISTRIBUTED       : ON
    --     USE_MPI             : OFF
    --     USE_GLOO            : OFF
    --     USE_GLOO_IBVERBS    : OFF
    --   Public Dependencies  : Threads::Threads
    --   Private Dependencies : nnpack;cpuinfo;aten_op_header_gen;onnxifi_loader
    -- Configuring done
    -- Generating done
    CMake Warning:
      Manually-specified variables were not used by the project:
        CUDNN_LIB_DIR
    -- Build files have been written to: /Users/micheleenharris/Documents/bin/github/pytorch-mask-rcnn-samples/pytorch/build
    + '[' -f /Users/micheleenharris/Documents/bin/github/pytorch-mask-rcnn-samples/pytorch/torch/lib/tmp_install/lib/libnccl.so ']'
    + make install -j8
    [  0%] Built target js_embed
    [  0%] Built target pthreadpool
    [  0%] Built target onnxifi_loader
    [  1%] Built target gtest
    [  1%] Built target clog
    [  3%] Built target benchmark
    [  5%] Built target libprotobuf-lite
    [  5%] Built target onnxifi_dummy
    [  5%] Built target mkrename
    [  5%] Built target common
    [  6%] Built target c10
    [  7%] Built target mkdisp
    [  7%] Built target mkalias
    [  7%] Built target ATEN_CPU_FILES_GEN_TARGET
    [  7%] Built target mkmasked_gnuabi
    [  7%] Built target arraymap
    [  7%] Built target mkrename_gnuabi
    [ 11%] Built target c10_utils_hip
    [ 13%] Built target libprotobuf
    [ 13%] Built target c10_utils_gpu
    [ 13%] Built target c10_utils_cpu
    [ 14%] Built target nnpack_reference_layers
    [ 14%] Built target benchmark_main
    [ 14%] Built target gtest_main
    [ 15%] Built target onnxifi_wrapper
    [ 17%] Built target cpuinfo
    [ 18%] Built target renamedsp256.h_generated
    [ 18%] Built target dispavx.c_generated
    [ 18%] Built target renameSSE2.h_generated
    [ 18%] Built target renameAVX.h_generated
    [ 18%] Built target renameFMA4.h_generated
    [ 19%] Built target headers
    [ 19%] Built target renameSSE4.h_generated
    [ 19%] Built target renameAVX2128.h_generated
    [ 19%] Built target renameAVX2.h_generated
    [ 19%] Built target dispsse.c_generated
    [ 19%] Built target renamedsp128.h_generated
    [ 19%] Built target renameAVX512F.h_generated
    [ 19%] Generating alias_avx512f.h
    [ 20%] Built target __aten_op_header_gen
    [ 20%] Built target c10_utils_gpu_test
    [ 20%] Built target c10_utils_hip_test
    [ 21%] Built target c10_utils_cpu_test
    [ 21%] Built target alias_avx512f.h_generated
    [ 23%] Built target nnpack
    [ 23%] Built target c10_registry_test
    [ 23%] Built target dispavx_obj
    [ 23%] Built target sleefsse2
    [ 24%] Built target sleefavx
    [ 25%] Built target sleeffma4
    [ 25%] Built target sleefsse4
    [ 25%] Built target sleefavx2128
    [ 25%] Built target sleefavx2
    [ 25%] Built target dispsse_obj
    [ 25%] Built target sleefavx512f
    [ 25%] Built target sleef
    [ 33%] Built target libprotoc
    [ 33%] Built target protoc
    [ 33%] Built target gen_onnx_proto
    [ 34%] Built target Caffe2_PROTO
    [ 34%] Built target onnx_proto
    [ 35%] Built target caffe2_protos
    [ 35%] Built target Caffe2_perfkernels_avx
    [ 36%] Built target dispatch
    [ 37%] Built target Caffe2_perfkernels_avx2
    [ 37%] Built target dispatch_test
    [ 40%] Built target onnx
    [ 40%] Linking CXX shared library ../lib/libcaffe2.dylib
    ld: warning: directory not found for option '-L/Users/micheleenharris/Documents/bin/github/pytorch-mask-rcnn-samples/pytorch/torch/lib/tmp_install/lib'
    duplicate symbol __ZN2at6native13pixel_shuffleERKNS_6TensorEx in:
        CMakeFiles/caffe2.dir/__/aten/src/ATen/native/PixelShuffle_2.cpp.o
        CMakeFiles/caffe2.dir/__/aten/src/ATen/native/PixelShuffle.cpp.o
    ld: 1 duplicate symbol for architecture x86_64
    clang: error: linker command failed with exit code 1 (use -v to see invocation)
    make[2]: *** [lib/libcaffe2.dylib] Error 1
    make[1]: *** [caffe2/CMakeFiles/caffe2.dir/all] Error 2
    make[1]: *** Waiting for unfinished jobs....
    [ 40%] Built target python_copy_files
    make: *** [all] Error 2
    Failed to run 'bash ../tools/build_pytorch_libs.sh --use-nnpack caffe2 libshm THD'