### Issue with OpenCV 4.5.5 Python Bindings

After successfully installing OpenCV 4.5.5 from source, the Python3 bindings are not working as expected. Here is a detailed description of the issue and the steps to reproduce it.

#### System Information
- **OpenCV Version:** 4.5.5 (Nightly build)
- **Operating System/Platform:** Ubuntu 20.04.3 LTS
- **Compiler:** gcc (Ubuntu 9.3.0-17ubuntu1~20.04) 9.3.0

#### Detailed Description
When attempting to import `cv2` in Python after installing OpenCV 4.5.5, the following error occurs:

```bash
$ python3 -c "import cv2; print(cv2.__version__)"
Traceback (most recent call last):
  File "<string>", line 1, in <module>
ModuleNotFoundError: No module named 'cv2'
```

However, when using version 4.5.4, the Python bindings work as expected:

```bash
$ git checkout 4.5.4
$ python3 -c "import cv2; print(cv2.__version__)"
4.5.4
```

#### Steps to Reproduce

1. **Update the system:**
    ```bash
    $ sudo apt update
    $ sudo apt upgrade
    ```

2. **Install dependencies:**
    ```bash
    $ sudo apt install build-essential cmake git pkg-config libgtk-3-dev \
        libavcodec-dev libavformat-dev libswscale-dev libv4l-dev \
        libxvidcore-dev libx264-dev libjpeg-dev libpng-dev libtiff-dev \
        gfortran openexr libatlas-base-dev python3-dev python3-numpy \
        libtbb2 libtbb-dev libdc1394-22-dev v4l-utils
    ```

3. **Clone the repositories:**
    ```bash
    $ mkdir ~/opencv_build && cd ~/opencv_build
    $ git clone https://github.com/opencv/opencv_contrib.git
    $ cd opencv_contrib
    $ cd ..
    $ git clone https://github.com/opencv/opencv.git
    $ cd opencv
    ```

4. **Check the latest commit:**
    ```bash
    $ git log -1
    commit 7f6dcc27458757f36491842b2e3cc5770d526b25 (HEAD -> 4.x, origin/master, origin/HEAD, origin/4.x)
    Merge: f2d5d6d24e 5ba9a089e1
    Author: Alexander Alekhin 
    Date:   Tue Jan 18 09:55:13 2022 +0000
        Merge pull request #21467 from alalek:issue_21448
    ```

5. **Build and install OpenCV:**
    ```bash
    $ mkdir build && cd build
    $ cmake -D CMAKE_BUILD_TYPE=RELEASE \
        -D CMAKE_INSTALL_PREFIX=/usr/local \
        -D INSTALL_C_EXAMPLES=OFF \
        -D INSTALL_PYTHON_EXAMPLES=OFF \
        -D BUILD_TESTS=OFF -D BUILD_PERF_TESTS=OFF \
        -D OPENCV_GENERATE_PKGCONFIG=ON \
        -D OPENCV_EXTRA_MODULES_PATH=~/opencv_build/opencv_contrib/modules \
        -D BUILD_EXAMPLES=OFF ..
    $ make -j4
    $ sudo make install
    ```

6. **Verify the installation:**
    ```bash
    $ pkg-config --modversion opencv4
    4.5.5
    $ python3 -c "import cv2; print(cv2.__version__)"
    Traceback (most recent call last):
      File "<string>", line 1, in <module>
    ModuleNotFoundError: No module named 'cv2'
    ```

#### CMake Output
The output of the `cmake` command shows several missing dependencies and libraries. Notably, it could not find `PythonInterp` and some other required packages:

```bash
$ cmake -D CMAKE_BUILD_TYPE=RELEASE \
    -D CMAKE_INSTALL_PREFIX=/usr/local \
    -D INSTALL_C_EXAMPLES=OFF \
    -D INSTALL_PYTHON_EXAMPLES=OFF \
    -D BUILD_TESTS=OFF -D BUILD_PERF_TESTS=OFF \
    -D OPENCV_GENERATE_PKGCONFIG=ON \
    -D OPENCV_EXTRA_MODULES_PATH=~/opencv_build/opencv_contrib/modules \
    -D BUILD_EXAMPLES=OFF ..

-- Detected processor: x86_64
-- Could NOT find PythonInterp (missing: PYTHON_EXECUTABLE) (Required is at least version "2.7")
-- Looking for ccache - not found
-- Found ZLIB: /usr/lib/x86_64-linux-gnu/libz.so (found suitable version "1.2.11", minimum required is "1.2.3") 
...
-- Could NOT find OpenBLAS include. Turning OpenBLAS_FOUND off
-- Could NOT find Atlas (missing: Atlas_CLAPACK_INCLUDE_DIR) 
-- A library with LAPACK API found.
-- Could NOT find JNI (missing: JAVA_AWT_LIBRARY JAVA_JVM_LIBRARY JAVA_INCLUDE_PATH JAVA_INCLUDE_PATH2 JAVA_AWT_INCLUDE_PATH) 
-- VTK is not found. Please set -DVTK_DIR in CMake to VTK build directory, or to VTK install subdirectory with VTKConfig.cmake file
-- Checking for module 'gtk+-2.0'
--   No package 'gtk+-2.0' found
-- Checking for module 'libavresample'
--   No package 'libavresample' found
-- Checking for module 'gstreamer-base-1.0'
--   No package 'gstreamer-base-1.0' found
...
-- freetype2:   YES (ver 23.1.17)
-- harfbuzz:    YES (ver 2.6.4)
```

This output indicates that some dependencies are missing, which might be causing the issue with the Python bindings.

#### Conclusion
The problem appears to be related to missing dependencies and possibly an issue with the Python environment during the build process. To resolve this, ensure all required dependencies are installed, and verify the Python environment configuration.