### System Information
- **Operating System and Distribution**: Windows 10 Pro, Build 17134
- **TensorFlow Installation Source**: Package (pip install tensorflow-gpu)
- **TensorFlow Version**: 1.12.0
- **Python Version**: 3.6.7
- **Installation Method**: pip
- **CUDA/cuDNN Version**: CUDA 9.0, cuDNN 7.4.1.5
- **GPU Model and Memory**: GTX 1070 Ti, 416.34

### Problem Description
I have been working with Keras code that runs successfully using the CPU version of TensorFlow (installed via `pip install tensorflow`). However, each epoch takes approximately one minute to complete. To improve performance, I decided to use my GTX 1070 Ti GPU. 

I installed the GPU version of TensorFlow (`pip install tensorflow-gpu`) along with the required CUDA and cuDNN libraries. After a system restart, I attempted to run my code again, but it did not utilize the GPU version of TensorFlow. I then uninstalled the CPU version of TensorFlow (`pip uninstall tensorflow`), restarted the system, and encountered an error related to a DLL load failure.

Reinstalling the CPU version of TensorFlow resolved the issue, but the code now only runs on the CPU. I have reviewed some past issues, but the solutions provided seem to address the CPU package not importing. I may have missed something obvious, so any assistance would be greatly appreciated.

### Steps to Reproduce the Problem
1. Install the CPU version of TensorFlow:
   ```bash
   pip install tensorflow
   ```
2. Run Keras code successfully on the CPU.
3. Install the GPU version of TensorFlow:
   ```bash
   pip install tensorflow-gpu
   ```
4. Install CUDA 9.0 and cuDNN 7.4.1.5.
5. Restart the system.
6. Attempt to run the Keras code again, but it does not use the GPU version of TensorFlow.
7. Uninstall the CPU version of TensorFlow:
   ```bash
   pip uninstall tensorflow
   ```
8. Restart the system.
9. Encounter the following error when trying to import TensorFlow:

```python
>>> import tensorflow as tf
Traceback (most recent call last):
  File "C:\Users\natha\AppData\Local\Programs\Python\Python36\lib\site-packages\tensorflow\python\pywrap_tensorflow.py", line 58, in <module>
    from tensorflow.python.pywrap_tensorflow_internal import *
  File "C:\Users\natha\AppData\Local\Programs\Python\Python36\lib\site-packages\tensorflow\python\pywrap_tensorflow_internal.py", line 28, in <module>
    _pywrap_tensorflow_internal = swig_import_helper()
  File "C:\Users\natha\AppData\Local\Programs\Python\Python36\lib\site-packages\tensorflow\python\pywrap_tensorflow_internal.py", line 24, in swig_import_helper
    _mod = imp.load_module('_pywrap_tensorflow_internal', fp, pathname, description)
  File "C:\Users\natha\AppData\Local\Programs\Python\Python36\lib\imp.py", line 243, in load_module
    return load_dynamic(name, filename, file)
  File "C:\Users\natha\AppData\Local\Programs\Python\Python36\lib\imp.py", line 343, in load_dynamic
    return _load(spec)
ImportError: DLL load failed: The specified module could not be found.

During handling of the above exception, another exception occurred:

Traceback (most recent call last):
  File "<stdin>", line 1, in <module>
  File "C:\Users\natha\AppData\Local\Programs\Python\Python36\lib\site-packages\tensorflow\__init__.py", line 24, in <module>
    from tensorflow.python import pywrap_tensorflow  # pylint: disable=unused-import
  File "C:\Users\natha\AppData\Local\Programs\Python\Python36\lib\site-packages\tensorflow\python\__init__.py", line 49, in <module>
    from tensorflow.python import pywrap_tensorflow
  File "C:\Users\natha\AppData\Local\Programs\Python\Python36\lib\site-packages\tensorflow\python\pywrap_tensorflow.py", line 74, in <module>
    raise ImportError(msg)
ImportError: Traceback (most recent call last):
  File "C:\Users\natha\AppData\Local\Programs\Python\Python36\lib\site-packages\tensorflow\python\pywrap_tensorflow.py", line 58, in <module>
    from tensorflow.python.pywrap_tensorflow_internal import *
  File "C:\Users\natha\AppData\Local\Programs\Python\Python36\lib\site-packages\tensorflow\python\pywrap_tensorflow_internal.py", line 28, in <module>
    _pywrap_tensorflow_internal = swig_import_helper()
  File "C:\Users\natha\AppData\Local\Programs\Python\Python36\lib\site-packages\tensorflow\python\pywrap_tensorflow_internal.py", line 24, in swig_import_helper
    _mod = imp.load_module('_pywrap_tensorflow_internal', fp, pathname, description)
  File "C:\Users\natha\AppData\Local\Programs\Python\Python36\lib\imp.py", line 243, in load_module
    return load_dynamic(name, filename, file)
  File "C:\Users\natha\AppData\Local\Programs\Python\Python36\lib\imp.py", line 343, in load_dynamic
    return _load(spec)
ImportError: DLL load failed: The specified module could not be found.

Failed to load the native TensorFlow runtime.
See https://www.tensorflow.org/install/errors for some common reasons and solutions. Include the entire stack trace above this error message when asking for help.
```

### Additional Information
- I have checked the TensorFlow installation guide and verified that all necessary dependencies are installed.
- I have also ensured that the environment variables for CUDA and cuDNN are correctly set.
- Any suggestions or pointers to resolve this issue would be highly appreciated.