### System Information
- **OS Platform and Distribution**: Ubuntu 16.04 (ppc64le)
- **TensorFlow Installation Method**: Installed from source (v1.0.1)
- **TensorFlow Version**: v1.0.1-0-ge895d5c-dirty
- **Bazel Version**: Bazel release 0.4.4-2017-04-10 (@80a07b5)
- **CUDA/cuDNN Version**: Disabled

### Problem Description
I successfully built TensorFlow, but I encountered an "Items are not equal" error when running the `cast_op_test`. To verify the test results, I ran the same test on an X86 virtual machine, where it passed without issues. The test is failing only on the ppc64le platform. I would appreciate any suggestions or comments to resolve this issue.

### Command to Reproduce
```bash
bazel test //tensorflow/python/kernel_tests:cast_op_test
```

### Source Code / Logs
```plaintext
$ bazel test //tensorflow/python/kernel_tests:cast_op_test
exec ${PAGER:-/usr/bin/less} "$0" || exit 1
-----------------------------------------------------------------------------
I tensorflow/compiler/xla/service/platform_util.cc:58] platform Host present with 16 visible devices
I tensorflow/compiler/xla/service/service.cc:180] XLA service executing computations on platform Host. Devices:
I tensorflow/compiler/xla/service/service.cc:187]   StreamExecutor device (0): , 
/root/.cache/bazel/_bazel_root/68a62076e91007a7908bc42a32e4cff9/execroot/tensorflow/bazel-out/local-opt/bin/tensorflow/python/kernel_tests/cast_op_test.runfiles/org_tensorflow/tensorflow/python/kernel_tests/cast_op_test.py:62: ComplexWarning: Casting complex values to real discards the imaginary part
  np_ans = x.astype(dtype)
....F.W tensorflow/core/framework/op_kernel.cc:983] Unimplemented: Cast int64 to string is not supported
E tensorflow/core/common_runtime/executor.cc:594] Executor failed to create kernel. Unimplemented: Cast int64 to string is not supported
         [[Node: Cast = Cast[DstT=DT_STRING, SrcT=DT_INT64, _device="/job:localhost/replica:0/task:0/cpu:0"](Cast/x)]]
........
======================================================================
FAIL: testInfNan (__main__.CastOpTest)
----------------------------------------------------------------------
Traceback (most recent call last):
  File "/root/.cache/bazel/_bazel_root/68a62076e91007a7908bc42a32e4cff9/execroot/tensorflow/bazel-out/local-opt/bin/tensorflow/python/kernel_tests/cast_op_test.runfiles/org_tensorflow/tensorflow/python/kernel_tests/cast_op_test.py", line 150, in testInfNan
    self._compare(np.inf, np.int32, i4.min, False)
  File "/root/.cache/bazel/_bazel_root/68a62076e91007a7908bc42a32e4cff9/execroot/tensorflow/bazel-out/local-opt/bin/tensorflow/python/kernel_tests/cast_op_test.runfiles/org_tensorflow/tensorflow/python/kernel_tests/cast_op_test.py", line 124, in _compare
    x, dst_dtype, use_gpu=use_gpu), dst_dtype(expected))
  File "/usr/lib64/python2.7/site-packages/numpy/testing/utils.py", line 425, in assert_equal
    raise AssertionError(msg)
AssertionError:
Items are not equal:
 ACTUAL: 2147483647
 DESIRED: -2147483648
----------------------------------------------------------------------
Ran 14 tests in 2.485s
FAILED (failures=1)
```

If you have any insights or suggestions, please let me know. Thank you!