Subject: Compilation Errors and Warnings Encountered

---

Hello,

I am encountering the following errors and warnings when compiling my project. I would appreciate any assistance in resolving these issues.

### Compilation Warnings
When compiling `external/png_archive/libpng-1.2.53/pngerror.c`, I received the following warning multiple times:
```
external/protobuf/src/google/protobuf/util/internal/field_mask_utility.cc:47:14: 
warning: 'google::protobuf::util::Status google::protobuf::util::converter::{anonymous}::CreatePublicError(google::protobuf::util::error::Code, const string&)' defined but not used [-Wunused-function]
util::Status CreatePublicError(util::error::Code code,
```

### Compilation Errors
The compilation of `//tensorflow/stream_executor:stream_executor` failed with the following errors:
```
tensorflow/stream_executor/cuda/cuda_dnn.cc:266:10: error: 'CUDNN_CONVOLUTION_FWD_ALGO_FFT_TILING' was not declared in this scope
tensorflow/stream_executor/cuda/cuda_dnn.cc:284:10: error: 'CUDNN_CONVOLUTION_BWD_DATA_ALGO_FFT_TILING' was not declared in this scope
tensorflow/stream_executor/cuda/cuda_dnn.cc:942:7: error: 'CUDNN_CONVOLUTION_FWD_ALGO_FFT_TILING' was not declared in this scope
tensorflow/stream_executor/cuda/cuda_dnn.cc:947:4: error: no matching function for call to 'std::vector::assign()'
tensorflow/stream_executor/cuda/cuda_dnn.cc:958:7: error: 'CUDNN_CONVOLUTION_BWD_DATA_ALGO_FFT_TILING' was not declared in this scope
tensorflow/stream_executor/cuda/cuda_dnn.cc:963:4: error: no matching function for call to 'std::vector::assign()'
tensorflow/stream_executor/cuda/cuda_dnn.cc:166:39: error: too many arguments to function
```

### Build Log
A complete log of the build can be found [here](http://pastebin.com/NzpiwmGm).

### Compilation Command
The command I am using to compile is:
```sh
bazel build --verbose_failures --genrule_strategy=standalone --spawn_strategy=standalone -c opt --config=cuda //tensorflow/cc:tutorials_example_trainer >& build.log &
```

### System Information
- **Operating System**: Ubuntu 16.04.1 LTS (Xenial)
- **CUDA and cuDNN**:
  - CUDA: `/usr/lib/x86_64-linux-gnu/libcudart.so.7.5.18`
  - cuDNN: `/usr/lib/x86_64-linux-gnu/libcudnn.so.7.0`

### Installation Details
- **Source Commit Hash**: `bf31051`
- **Bazel Version**:
  - Build time: Thu Jan 01 00:00:00 1970 (0)
  - Build timestamp: Thu Jan 01 00:00:00 1970 (0)
  - Build timestamp as int: 0

### CUDA and cuDNN Installation
I installed the CUDA toolkit and cuDNN by following these instructions:
```sh
sudo apt-get install nvidia-cuda-toolkit
sudo apt-get install nvidia-cuda-361-updates
sudo apt-get install nvidia-nsight
sudo apt-get install nvidia-profiler
sudo apt-get install libcupti-dev zlib1g-dev

# Put symlinks in /usr/local/cuda
sudo mkdir /usr/local/cuda
cd /usr/local/cuda
sudo ln -s /usr/lib/x86_64-linux-gnu/ lib64
sudo ln -s /usr/include/ include
sudo ln -s /usr/bin/ bin
sudo ln -s /usr/lib/x86_64-linux-gnu/ nvvm
sudo mkdir -p extras/CUPTI
cd extras/CUPTI
sudo ln -s /usr/lib/x86_64-linux-gnu/ lib64
sudo ln -s /usr/include/ include

# Install cuDNN
cd ~/Downloads/cuda
sudo cp include/cudnn.h /usr/include
sudo cp lib64/libcudnn* /usr/lib/x86_64-linux-gnu/
sudo chmod a+r /usr/lib/x86_64-linux-gnu/libcudnn*
```

### Known Issues and Solutions
- **Issue #1066**: Resolved by applying the patch described by @chrisburr.
- **Issue #698**: Resolved by using the `--genrule_strategy=standalone --spawn_strategy=standalone` flags during compilation, as suggested by @damienmg.

Thank you for your help.

Best regards,  
[Your Name]