    /opt/rocm/include/thrust/system/hip/detail/util.h:55:33: note: 'hip_rocprim::stream' declared here
    __host__ __device__ hipStream_t stream(execution_policy& policy)
                                    ^
    In file included from /home/luke/Builds/pytorch/aten/src/THH/THHTensorMath.hip:21:
    In file included from /opt/rocm/include/thrust/system/cuda/execution_policy.h:39:
    In file included from /opt/rocm/include/thrust/system/cuda/detail/copy.h:99:
    /opt/rocm/include/thrust/system/cuda/detail/internal/copy_cross_system.h:65:5: error: no member named 'throw_on_error' in namespace 'thrust::cuda_cub'; did you mean 'hip_rocprim::throw_on_error'?
        cuda_cub::throw_on_error(status, "__copy::trivial_device_copy H->D: failed");
        ^~~~~~~~~~
    /opt/rocm/include/thrust/system/hip/detail/util.h:113:33: note: 'hip_rocprim::throw_on_error' declared here
    static void __host__ __device__ throw_on_error(hipError_t status, char const* msg)
                                    ^
    fatal error: too many errors emitted, stopping now [-ferror-limit=]
    20 errors generated.
    In file included from /home/luke/Builds/pytorch/aten/src/THH/THHTensorMath.hip:21:
    In file included from /opt/rocm/include/thrust/system/cuda/execution_policy.h:34:
    /opt/rocm/include/thrust/system/cuda/detail/par.h:37:28: error: unknown type name 'cudaStream_t'
    __host__ __device__ inline cudaStream_t default_stream()
                               ^
    /opt/rocm/include/thrust/system/cuda/detail/par.h:39:10: error: use of undeclared identifier 'cudaStreamLegacy'
      return cudaStreamLegacy;
             ^
    /opt/rocm/include/thrust/system/cuda/detail/par.h:43:1: error: unknown type name 'cudaStream_t'
    cudaStream_t __host__ __device__ 
    ^
    /opt/rocm/include/thrust/system/cuda/detail/par.h:50:1: error: unknown type name 'cudaError_t'
    cudaError_t THRUST_RUNTIME_FUNCTION
    ^
    /opt/rocm/include/thrust/system/cuda/detail/par.h:53:3: error: use of undeclared identifier 'cudaDeviceSynchronize'; did you mean 'hipDeviceSynchronize'?
      cudaDeviceSynchronize();
      ^
    /opt/rocm/hip/include/hip/hcc_detail/hip_runtime_api.h:334:12: note: 'hipDeviceSynchronize' declared here
    hipError_t hipDeviceSynchronize(void);
               ^
    In file included from /home/luke/Builds/pytorch/aten/src/THH/THHTensorMath.hip:21:
    In file included from /opt/rocm/include/thrust/system/cuda/execution_policy.h:34:
    /opt/rocm/include/thrust/system/cuda/detail/par.h:54:10: error: use of undeclared identifier 'cudaGetLastError'; did you mean 'hipGetLastError'?
      return cudaGetLastError();
             ^
    /opt/rocm/hip/include/hip/hcc_detail/hip_runtime_api.h:592:12: note: 'hipGetLastError' declared here
    hipError_t hipGetLastError(void);
               ^
    In file included from /home/luke/Builds/pytorch/aten/src/THH/THHTensorMath.hip:21:
    In file included from /opt/rocm/include/thrust/system/cuda/execution_policy.h:34:
    /opt/rocm/include/thrust/system/cuda/detail/par.h:62:3: error: unknown type name 'cudaStream_t'
      cudaStream_t stream;
      ^
    /opt/rocm/include/thrust/system/cuda/detail/par.h:66:26: error: unknown type name 'cudaStream_t'
      execute_on_stream_base(cudaStream_t stream_ = default_stream())
                             ^
    /opt/rocm/include/thrust/system/cuda/detail/par.h:71:10: error: unknown type name 'cudaStream_t'
          on(cudaStream_t const &s) const
             ^
    /opt/rocm/include/thrust/system/cuda/detail/par.h:79:10: error: unknown type name 'cudaStream_t'
      friend cudaStream_t __host__ __device__
             ^
    /opt/rocm/include/thrust/system/cuda/detail/par.h:85:10: error: unknown type name 'cudaError_t'
      friend cudaError_t THRUST_RUNTIME_FUNCTION
             ^
    /opt/rocm/include/thrust/system/cuda/detail/par.h:96:12: error: use of undeclared identifier 'cudaGetLastError'; did you mean 'hipGetLastError'?
        return cudaGetLastError();
               ^
    /opt/rocm/hip/include/hip/hcc_detail/hip_runtime_api.h:592:12: note: 'hipGetLastError' declared here
    hipError_t hipGetLastError(void);
               ^
    In file included from /home/luke/Builds/pytorch/aten/src/THH/THHTensorMath.hip:21:
    In file included from /opt/rocm/include/thrust/system/cuda/execution_policy.h:34:
    /opt/rocm/include/thrust/system/cuda/detail/par.h:107:21: error: unknown type name 'cudaStream_t'
      execute_on_stream(cudaStream_t stream) : base_t(stream){};
                        ^
    /opt/rocm/include/thrust/system/cuda/detail/par.h:105:25: error: type 'thrust::cuda_cub::execute_on_stream::base_t' (aka 'execute_on_stream_base') is not a direct or virtual base of 'thrust::cuda_cub::execute_on_stream'
      execute_on_stream() : base_t(){};
                            ^~~~~~
    /opt/rocm/include/thrust/system/cuda/detail/par.h:138:6: error: unknown type name 'cudaStream_t'
      on(cudaStream_t const &stream) const
         ^
    In file included from /home/luke/Builds/pytorch/aten/src/THH/THHTensorMath.hip:21:
    In file included from /opt/rocm/include/thrust/system/cuda/execution_policy.h:39:
    In file included from /opt/rocm/include/thrust/system/cuda/detail/copy.h:99:
    /opt/rocm/include/thrust/system/cuda/detail/internal/copy_cross_system.h:60:5: error: unknown type name 'cudaError'
        cudaError status;
        ^
    /opt/rocm/include/thrust/system/cuda/detail/internal/copy_cross_system.h:61:14: error: no member named 'trivial_copy_to_device' in namespace 'thrust::cuda_cub'; did you mean 'hip_rocprim::trivial_copy_from_device'?
        status = cuda_cub::trivial_copy_to_device(dst,
                 ^~~~~~~~~~
    /opt/rocm/include/thrust/system/hip/detail/util.h:62:1: note: 'hip_rocprim::trivial_copy_from_device' declared here
    trivial_copy_from_device(Type* dst, Type const* src, size_t count, hipStream_t stream)
    ^
    In file included from /home/luke/Builds/pytorch/aten/src/THH/THHTensorMath.hip:21:
    In file included from /opt/rocm/include/thrust/system/cuda/execution_policy.h:39:
    In file included from /opt/rocm/include/thrust/system/cuda/detail/copy.h:99:
    /opt/rocm/include/thrust/system/cuda/detail/internal/copy_cross_system.h:64:47: error: no member named 'stream' in namespace 'thrust::cuda_cub'; did you mean 'hip_rocprim::stream'?
                                                  cuda_cub::stream(device_s));
                                                  ^~~~~~~~~~
    /opt/rocm/include/thrust/system/hip/detail/util.h:55:33: note: 'hip_rocprim::stream' declared here
    __host__ __device__ hipStream_t stream(execution_policy& policy)
                                    ^
    In file included from /home/luke/Builds/pytorch/aten/src/THH/THHTensorMath.hip:21:
    In file included from /opt/rocm/include/thrust/system/cuda/execution_policy.h:39:
    In file included from /opt/rocm/include/thrust/system/cuda/detail/copy.h:99:
    /opt/rocm/include/thrust/system/cuda/detail/internal/copy_cross_system.h:65:5: error: no member named 'throw_on_error' in namespace 'thrust::cuda_cub'; did you mean 'hip_rocprim::throw_on_error'?
        cuda_cub::throw_on_error(status, "__copy::trivial_device_copy H->D: failed");
        ^~~~~~~~~~
    /opt/rocm/include/thrust/system/hip/detail/util.h:113:33: note: 'hip_rocprim::throw_on_error' declared here
    static void __host__ __device__ throw_on_error(hipError_t status, char const* msg)
                                    ^
    fatal error: too many errors emitted, stopping now [-ferror-limit=]
    20 errors generated.
    CMake Error at torch_generated_THHTensorMath.hip.o.cmake:174 (message):
      Error generating file
      /home/luke/Builds/pytorch/build/caffe2/CMakeFiles/torch.dir/__/aten/src/THH/./torch_generated_THHTensorMath.hip.o
    make[2]: *** [caffe2/CMakeFiles/torch.dir/build.make:114: caffe2/CMakeFiles/torch.dir/__/aten/src/THH/torch_generated_THHTensorMath.hip.o] Error 1
    make[1]: *** [CMakeFiles/Makefile2:4459: caffe2/CMakeFiles/torch.dir/all] Error 2
    make: *** [Makefile:141: all] Error 2
    Traceback (most recent call last):
      File "setup.py", line 759, in 
        build_deps()
      File "setup.py", line 321, in build_deps
        cmake=cmake)
      File "/home/luke/Builds/pytorch/tools/build_pytorch_libs.py", line 63, in build_caffe2
        cmake.build(my_env)
      File "/home/luke/Builds/pytorch/tools/setup_helpers/cmake.py", line 330, in build
        self.run(build_args, my_env)
      File "/home/luke/Builds/pytorch/tools/setup_helpers/cmake.py", line 143, in run
        check_call(command, cwd=self.build_dir, env=env)
      File "/usr/lib/python3.7/subprocess.py", line 347, in check_call
        raise CalledProcessError(retcode, cmd)
    subprocess.CalledProcessError: Command '['cmake', '--build', '.', '--target', 'install', '--config', 'Release', '--', '-j', '8']' returned non-zero exit status 2.
I'm not sure if this belongs here or the ROCm fork of this repository, but I
see the same errors on each.
## To Reproduce
Steps to reproduce the behavior:
  1. Have a supported AMD card and install ROCm.
  2. "hipify" the source with `python3 tools/amd_build/build_amd.py`
  3. Try to build with `USE_ROCM=1 USE_LMDB=1 USE_OPENCV=1 MAX_JOBS=8 python3 setup.py install --user`
## Expected behavior
I expect it to build.
## Environment
PyTorch version: N/A  
Is debug build: N/A  
CUDA used to build PyTorch: N/A
OS: Ubuntu 19.04  
GCC version: (Ubuntu 8.3.0-6ubuntu1) 8.3.0  
CMake version: version 3.15.2
Python version: 3.7  
Is CUDA available: N/A  
CUDA runtime version: Could not collect  
GPU models and configuration: Could not collect  
Nvidia driver version: Could not collect  
cuDNN version: Could not collect
Versions of relevant libraries:  
[pip3] numpy==1.17.0  
[conda] Could not collect
  * PyTorch Version: master
  * OS: Ubuntu 19.04
  * How you installed PyTorch: source
  * Build command you used: `USE_ROCM=1 USE_LMDB=1 USE_OPENCV=1 MAX_JOBS=8 python3 setup.py install --user`
  * Python version: 3.7.3
  * CUDA/cuDNN version: ROCm 2.7.22
  * GPU models and configuration: Radeon VII