### Original Ticket
- **Ticket URL:** http://projects.scipy.org/scipy/ticket/1408
- **Date:** 2011-03-11
- **Reporter:** @rgommers
- **Assignee:** Unknown

### Issue Description
The issue was reported by Christoph Gohlke on the mailing list, using Python 3.2 on a 64-bit Windows system. The specific failure is in the `test_minimum_position07` function of the `scipy.ndimage.tests.test_measurements` module.

### Failure Details
#### Test Case: `minimum position 7`
- **Expected Result:** The output should be `(0, 1)`.
- **Actual Result:** The actual output contains a `nan` (Not a Number) value, which does not match the expected result.

#### Traceback
```python
======================================================================
FAIL: minimum position 7
----------------------------------------------------------------------
Traceback (most recent call last):
  File "X:\Python32\lib\site-packages\nose\case.py", line 188, in runTest
    self.test(*self.arg)
  File "X:\Python32\lib\site-packages\scipy\ndimage\tests\test_measurements.py", line 701, in test_minimum_position07
    assert_equal(output[0], (0, 1))
  File "X:\Python32\lib\site-packages\numpy\testing\utils.py", line 251, in assert_equal
    assert_equal(actual[k], desired[k], 'item=%r\n%s' % (k, err_msg), verbose)
  File "X:\Python32\lib\site-packages\numpy\testing\utils.py", line 300, in assert_equal
    raise AssertionError(msg)
AssertionError:
Items are not equal:
item=0
 ACTUAL: nan
 DESIRED: 0
```

### Summary
The test case `test_minimum_position07` in the `scipy.ndimage.tests.test_measurements` module fails because the actual output contains a `nan` value, which does not match the expected result of `(0, 1)`. This issue needs to be investigated and resolved.