Code:
    trait MyIterator: Iterator {}
    impl + 'static> MyIterator for T {}
    struct TestStruct {
        data: Box,
    }
    fn new_struct(string: &'static str) -> TestStruct {
        TestStruct {
            data: Box::new(string.chars()) as Box,
            //also does not compile
            //data: Box::new(string.chars()) as Box + 'static>,
        }
    }
    fn main() {}
Error:
    :11:15: 11:39 error: the value of the associated type `Item` (from the trait `core::iter::Iterator`) must be specified [E0191]
    :11         data: Box::new(string.chars()) as Box,
                            ^~~~~~~~~~~~~~~~~~~~~~~~
playpen
I expect this code to compile without errors.
### EDIT
This is the error on the current version:
       Compiling playground v0.0.1 (file:///playground)
    error[E0191]: the value of the associated type `Item` (from the trait `std::iter::Iterator`) must be specified
     --> src/main.rs:6:15
      |
    6 |     data: Box,
      |               ^^^^^^^^^^^^^^^^^^^^ missing associated type `Item` value
    error: aborting due to previous error
    error: Could not compile `playground`.
    To learn more, run the command again with --verbose.
Changing line 6 to `data: Box + 'static>,` moves the
error to line 11:
       Compiling playground v0.0.1 (file:///playground)
    error[E0191]: the value of the associated type `Item` (from the trait `std::iter::Iterator`) must be specified
      --> src/main.rs:11:47
       |
    11 |         data: Box::new(string.chars()) as Box,
       |                                               ^^^^^^^^^^^^^^^^^^^^ missing associated type `Item` value
    error[E0308]: mismatched types
      --> src/main.rs:11:15
       |
    11 |         data: Box::new(string.chars()) as Box,
       |               ^^^^^^^^^^^^^^^^^^^^^^^^^^^^^^^^^^^^^^^^^^^^^^^^^^^^^ expected trait `MyIterator`, found trait `MyIterator`
       |
       = note: expected type `std::boxed::Box + 'static>`
                  found type `std::boxed::Box`
       = help: here are some functions which might fulfill your needs:
               - .collect()
               - .product()
               - .sum()
    error: aborting due to 2 previous errors
    error: Could not compile `playground`.
    To learn more, run the command again with --verbose.
However, commenting line 11 and uncommenting line 13 makes the code compile
fine.