##### System information (version)
  * OpenCV => 4.1
  * Operating System / Platform => Ubuntu 18.04.2 LTS
  * Compiler => g++ (Ubuntu 7.3.0-27ubuntu1~18.04) 7.3.0
##### Detailed description
    Build output check failed:
    Regex: 'unrecognized .*option'
        Output line: 'cc1: warning: unrecognized command line option ‘-Wno-shorten-64-to-32’'
    Compilation failed:
        source file: '~/opencv-master/build/CMakeFiles/CMakeTmp/src.c'
        check option: ' -Wno-shorten-64-to-32'
    ===== BUILD LOG =====
    Change Dir: ~/opencv-master/build/CMakeFiles/CMakeTmp
    Run Build Command:"/usr/bin/make" "cmTC_b6735/fast"
    /usr/bin/make -f CMakeFiles/cmTC_b6735.dir/build.make CMakeFiles/cmTC_b6735.dir/build
    make[1]: Entering directory '~/opencv-master/build/CMakeFiles/CMakeTmp'
    Building C object CMakeFiles/cmTC_b6735.dir/src.c.o
    /usr/bin/gcc   -fsigned-char -W -Wall -Werror=return-type -Werror=non-virtual-dtor -Werror=address -Werror=sequence-point -Wformat -Werror=format-security -Wmissing-declarations -Wundef -Winit-self -Wpointer-arith -Wshadow -Wuninitialized -Winit-self -Wno-comment -Wimplicit-fallthrough=3 -Wno-strict-overflow -fdiagnostics-show-option -Wno-long-long -pthread -fomit-frame-pointer -ffast-math -ffunction-sections -fdata-sections  -msse -msse2 -msse3 -fvisibility=hidden -Wno-unused-parameter -Wno-sign-compare  -O3 -DNDEBUG -fPIE   -Wno-shorten-64-to-32 -o CMakeFiles/cmTC_b6735.dir/src.c.o   -c ~/opencv-master/build/CMakeFiles/CMakeTmp/src.c
    ~/opencv-master/build/CMakeFiles/CMakeTmp/src.c:1:0: warning: ignoring #pragma   [-Wunknown-pragmas]
     #pragma
    cc1: warning: unrecognized command line option ‘-Wno-shorten-64-to-32’
    Linking C executable cmTC_b6735
    /usr/bin/cmake -E cmake_link_script CMakeFiles/cmTC_b6735.dir/link.txt --verbose=1
    /usr/bin/gcc    -fsigned-char -W -Wall -Werror=return-type -Werror=non-virtual-dtor -Werror=address -Werror=sequence-point -Wformat -Werror=format-security -Wmissing-declarations -Wundef -Winit-self -Wpointer-arith -Wshadow -Wuninitialized -Winit-self -Wno-comment -Wimplicit-fallthrough=3 -Wno-strict-overflow -fdiagnostics-show-option -Wno-long-long -pthread -fomit-frame-pointer -ffast-math -ffunction-sections -fdata-sections  -msse -msse2 -msse3 -fvisibility=hidden -Wno-unused-parameter -Wno-sign-compare  -O3 -DNDEBUG    -Wl,--gc-sections  CMakeFiles/cmTC_b6735.dir/src.c.o  -o cmTC_b6735 
    make[1]: Leaving directory '~/opencv-master/build/CMakeFiles/CMakeTmp'
    ===== END =====
    Determining if the include file io.h exists failed with the following output:
    Change Dir: ~/opencv-master/build/CMakeFiles/CMakeTmp
    Run Build Command:"/usr/bin/make" "cmTC_9bfa5/fast"
    /usr/bin/make -f CMakeFiles/cmTC_9bfa5.dir/build.make CMakeFiles/cmTC_9bfa5.dir/build
    make[1]: Entering directory '~/opencv-master/build/CMakeFiles/CMakeTmp'
    Building C object CMakeFiles/cmTC_9bfa5.dir/CheckIncludeFile.c.o
    /usr/bin/gcc   -fsigned-char -W -Wall -Werror=return-type -Werror=non-virtual-dtor -Werror=address -Werror=sequence-point -Wformat -Werror=format-security -Wmissing-declarations -Wundef -Winit-self -Wpointer-arith -Wshadow -Wuninitialized -Winit-self -Wno-comment -Wimplicit-fallthrough=3 -Wno-strict-overflow -fdiagnostics-show-option -Wno-long-long -pthread -fomit-frame-pointer -ffast-math -ffunction-sections -fdata-sections  -msse -msse2 -msse3 -fvisibility=hidden  -O3 -DNDEBUG -fPIE   -o CMakeFiles/cmTC_9bfa5.dir/CheckIncludeFile.c.o   -c ~/opencv-master/build/CMakeFiles/CMakeTmp/CheckIncludeFile.c
    ~/opencv-master/build/CMakeFiles/CMakeTmp/CheckIncludeFile.c:1:10: fatal error: io.h: No such file or directory
     #include 
              ^~~~~~
    compilation terminated.
    CMakeFiles/cmTC_9bfa5.dir/build.make:65: recipe for target 'CMakeFiles/cmTC_9bfa5.dir/CheckIncludeFile.c.o' failed
    make[1]: *** [CMakeFiles/cmTC_9bfa5.dir/CheckIncludeFile.c.o] Error 1
    make[1]: Leaving directory '~/opencv-master/build/CMakeFiles/CMakeTmp'
    Makefile:126: recipe for target 'cmTC_9bfa5/fast' failed
    make: *** [cmTC_9bfa5/fast] Error 2
    Determining size of INT8 failed with the following output:
    Change Dir: ~/opencv-master/build/CMakeFiles/CMakeTmp
    Run Build Command:"/usr/bin/make" "cmTC_c5d39/fast"
    /usr/bin/make -f CMakeFiles/cmTC_c5d39.dir/build.make CMakeFiles/cmTC_c5d39.dir/build
    make[1]: Entering directory '~/opencv-master/build/CMakeFiles/CMakeTmp'
    Building C object CMakeFiles/cmTC_c5d39.dir/int8.c.o
    /usr/bin/gcc   -fsigned-char -W -Wall -Werror=return-type -Werror=non-virtual-dtor -Werror=address -Werror=sequence-point -Wformat -Werror=format-security -Wmissing-declarations -Wundef -Winit-self -Wpointer-arith -Wshadow -Wuninitialized -Winit-self -Wno-comment -Wimplicit-fallthrough=3 -Wno-strict-overflow -fdiagnostics-show-option -Wno-long-long -pthread -fomit-frame-pointer -ffast-math -ffunction-sections -fdata-sections  -msse -msse2 -msse3 -fvisibility=hidden  -O3 -DNDEBUG -fPIE   -o CMakeFiles/cmTC_c5d39.dir/int8.c.o   -c ~/opencv-master/build/CMakeFiles/CheckTypeSize/int8.c
    ~/opencv-master/build/CMakeFiles/CheckTypeSize/int8.c:23:22: error: ‘INT8’ undeclared here (not in a function); did you mean ‘INT8_C’?
     #define SIZE (sizeof(INT8))
                          ^
    ~/opencv-master/build/CMakeFiles/CheckTypeSize/int8.c:25:12: note: in expansion of macro ‘SIZE’
       ('0' + ((SIZE / 10000)%10)),
                ^~~~
    CMakeFiles/cmTC_c5d39.dir/build.make:65: recipe for target 'CMakeFiles/cmTC_c5d39.dir/int8.c.o' failed
    make[1]: *** [CMakeFiles/cmTC_c5d39.dir/int8.c.o] Error 1
    make[1]: Leaving directory '~/opencv-master/build/CMakeFiles/CMakeTmp'
    Makefile:126: recipe for target 'cmTC_c5d39/fast' failed
    make: *** [cmTC_c5d39/fast] Error 2
    ~/opencv-master/build/CMakeFiles/CheckTypeSize/int8.c:
    #include 
    #include 
    #include 
    #undef KEY
    #if defined(__i386)
    # define KEY '_','_','i','3','8','6'
    #elif defined(__x86_64)
    # define KEY '_','_','x','8','6','_','6','4'
    #elif defined(__ppc__)
    # define KEY '_','_','p','p','c','_','_'
    #elif defined(__ppc64__)
    # define KEY '_','_','p','p','c','6','4','_','_'
    #elif defined(__aarch64__)
    # define KEY '_','_','a','a','r','c','h','6','4','_','_'
    #elif defined(__ARM_ARCH_7A__)
    # define KEY '_','_','A','R','M','_','A','R','C','H','_','7','A','_','_'
    #elif defined(__ARM_ARCH_7S__)
    # define KEY '_','_','A','R','M','_','A','R','C','H','_','7','S','_','_'
    #endif
    #define SIZE (sizeof(INT8))
    char info_size[] =  {'I', 'N', 'F', 'O', ':', 's','i','z','e','[',
      ('0' + ((SIZE / 10000)%10)),
      ('0' + ((SIZE / 1000)%10)),
      ('0' + ((SIZE / 100)%10)),
      ('0' + ((SIZE / 10)%10)),
      ('0' +  (SIZE    % 10)),
      ']',
    #ifdef KEY
      ' ','k','e','y','[', KEY, ']',
    #endif
      '\0'};
    #ifdef __CLASSIC_C__
    int main(argc, argv) int argc; char *argv[];
    #else
    int main(int argc, char *argv[])
    #endif
    {
      int require = 0;
      require += info_size[argc];
      (void)argv;
      return require;
    }
    Determining size of INT16 failed with the following output:
    Change Dir: ~/opencv-master/build/CMakeFiles/CMakeTmp
    Run Build Command:"/usr/bin/make" "cmTC_a4877/fast"
    /usr/bin/make -f CMakeFiles/cmTC_a4877.dir/build.make CMakeFiles/cmTC_a4877.dir/build
    make[1]: Entering directory '~/opencv-master/build/CMakeFiles/CMakeTmp'
    Building C object CMakeFiles/cmTC_a4877.dir/int16.c.o
    /usr/bin/gcc   -fsigned-char -W -Wall -Werror=return-type -Werror=non-virtual-dtor -Werror=address -Werror=sequence-point -Wformat -Werror=format-security -Wmissing-declarations -Wundef -Winit-self -Wpointer-arith -Wshadow -Wuninitialized -Winit-self -Wno-comment -Wimplicit-fallthrough=3 -Wno-strict-overflow -fdiagnostics-show-option -Wno-long-long -pthread -fomit-frame-pointer -ffast-math -ffunction-sections -fdata-sections  -msse -msse2 -msse3 -fvisibility=hidden  -O3 -DNDEBUG -fPIE   -o CMakeFiles/cmTC_a4877.dir/int16.c.o   -c ~/opencv-master/build/CMakeFiles/CheckTypeSize/int16.c
    ~/opencv-master/build/CMakeFiles/CheckTypeSize/int16.c:23:22: error: ‘INT16’ undeclared here (not in a function); did you mean ‘INT16_C’?
     #define SIZE (sizeof(INT16))
                          ^
    ~/opencv-master/build/CMakeFiles/CheckTypeSize/int16.c:25:12: note: in expansion of macro ‘SIZE’
       ('0' + ((SIZE / 10000)%10)),
                ^~~~
    CMakeFiles/cmTC_a4877.dir/build.make:65: recipe for target 'CMakeFiles/cmTC_a4877.dir/int16.c.o' failed
    make[1]: *** [CMakeFiles/cmTC_a4877.dir/int16.c.o] Error 1
    make[1]: Leaving directory '~/opencv-master/build/CMakeFiles/CMakeTmp'
    Makefile:126: recipe for target 'cmTC_a4877/fast' failed
    make: *** [cmTC_a4877/fast] Error 2
    ~/opencv-master/build/CMakeFiles/CheckTypeSize/int16.c:
    #include 
    #include 
    #include 
    #undef KEY
    #if defined(__i386)
    # define KEY '_','_','i','3','8','6'
    #elif defined(__x86_64)
    # define KEY '_','_','x','8','6','_','6','4'
    #elif defined(__ppc__)
    # define KEY '_','_','p','p','c','_','_'
    #elif defined(__ppc64__)
    # define KEY '_','_','p','p','c','6','4','_','_'
    #elif defined(__aarch64__)
    # define KEY '_','_','a','a','r','c','h','6','4','_','_'
    #elif defined(__ARM_ARCH_7A__)
    # define KEY '_','_','A','R','M','_','A','R','C','H','_','7','A','_','_'
    #elif defined(__ARM_ARCH_7S__)
    # define KEY '_','_','A','R','M','_','A','R','C','H','_','7','S','_','_'
    #endif
    #define SIZE (sizeof(INT16))
    char info_size[] =  {'I', 'N', 'F', 'O', ':', 's','i','z','e','[',
      ('0' + ((SIZE / 10000)%10)),
      ('0' + ((SIZE / 1000)%10)),
      ('0' + ((SIZE / 100)%10)),
      ('0' + ((SIZE / 10)%10)),
      ('0' +  (SIZE    % 10)),
      ']',
    #ifdef KEY
      ' ','k','e','y','[', KEY, ']',
    #endif
      '\0'};
    #ifdef __CLASSIC_C__
    int main(argc, argv) int argc; char *argv[];
    #else
    int main(int argc, char *argv[])
    #endif
    {
      int require = 0;
      require += info_size[argc];
      (void)argv;
      return require;
    }