In
    versioninfo()
    Julia Version 0.5.0-dev+2913
    Commit 7199602* (2016-02-28 08:14 UTC)
    Platform Info:
      System: Linux (x86_64-suse-linux)
      CPU: Intel(R) Core(TM) i5-4460  CPU @ 3.20GHz
      WORD_SIZE: 64
      BLAS: libopenblas (USE64BITINT DYNAMIC_ARCH NO_AFFINITY Haswell)
      LAPACK: libopenblas64_
      LIBM: libopenlibm
      LLVM: libLLVM-3.7.1
make testall fails with unusual output from subarray (long printing of
contents of an array A) and finally:
        From worker 4:       * parallel              in  48.01 seconds, maxrss  773.58 MB
        From worker 5:       * examples              in  17.36 seconds, maxrss  867.44 MB
    Exception running test subarray :
    On worker 3:
    LoadError: Mismatch
     in test_cartesian at /home/colin/Downloads/julia/test/subarray.jl:104
     in runtests at /home/colin/Downloads/julia/test/subarray.jl:228
     in runviews at /home/colin/Downloads/julia/test/subarray.jl:249
     [inlined code] from /home/colin/Downloads/julia/test/subarray.jl:326
     in anonymous at ./no file:4294967295
     [inlined code] from ./essentials.jl:78
     in include_string at ./loading.jl:371
     in include_from_node1 at ./loading.jl:420
     [inlined code] from ./util.jl:179
     in runtests at /home/colin/Downloads/julia/test/testdefs.jl:7
     in #16 at /home/colin/Downloads/julia/test/runtests.jl:36
     in run_work_thunk at ./multi.jl:714
     [inlined code] from ./multi.jl:1010
     in #253 at ./task.jl:59
    while loading /home/colin/Downloads/julia/test/subarray.jl, in expression starting on line 308
    ERROR: LoadError: Some tests exited with errors.
     in (::##11#19)() at /home/colin/Downloads/julia/test/runtests.jl:64
     in cd(::##11#19, ::ASCIIString) at ./file.jl:48
     in include(::ASCIIString) at ./boot.jl:264
     in include_from_node1(::UTF8String) at ./loading.jl:417
     in process_options(::Base.JLOptions) at ./client.jl:262
     in _start() at ./client.jl:318
    while loading /home/colin/Downloads/julia/test/runtests.jl, in expression starting on line 13
    Makefile:12: recipe for target 'all' failed
    make[1]: *** [all] Error 1
    Makefile:573: recipe for target 'testall' failed
    make: *** [testall] Error 2