I have identified an error related to the `cgohlke wheels` when running unit tests for SciPy. Here is a detailed report of the issue:

### Environment Details
- **Python Version**: 3.4.4 (v3.4.4:737efcadf5a6, Dec 20 2015, 19:28:18) [MSC v.1600 32 bit (Intel)] on win32
- **NumPy Version**: 1.10.2
- **NumPy Installation Path**: `D:\WinPython\basedir34\buildQt5\winpython-3.4.4\python-3.4.4\lib\site-packages\numpy`
- **SciPy Version**: 0.17.0rc1
- **SciPy Installation Path**: `D:\WinPython\basedir34\buildQt5\winpython-3.4.4\python-3.4.4\lib\site-packages\scipy`
- **nose Version**: 1.3.7

### Error Details
- **Test Name**: `test_improvement` in `test_quadpack.TestMultivariateCtypesQuad`
- **Error Type**: AssertionError
- **Traceback**:
  ```python
  Traceback (most recent call last):
    File "D:\WinPython\basedir34\buildQt5\winpython-3.4.4\python-3.4.4\lib\site-packages\numpy\testing\decorators.py", line 146, in skipper_func
      return f(*args, **kwargs)
    File "D:\WinPython\basedir34\buildQt5\winpython-3.4.4\python-3.4.4\lib\site-packages\scipy\integrate\tests\test_quadpack.py", line 134, in test_improvement
      assert_(fast < 0.5*slow, (fast, slow))
    File "D:\WinPython\basedir34\buildQt5\winpython-3.4.4\python-3.4.4\lib\site-packages\numpy\testing\utils.py", line 53, in assert_
      raise AssertionError(smsg)
  AssertionError: (0.015599966049194336, 0.031199932098388672)
  ```

### Test Summary
- **Total Tests Run**: 20177
- **Total Time**: 982.734 seconds
- **Results**:
  - **Failures**: 1
  - **Known Failures**: 98
  - **Skipped**: 1675

### Additional Information
This failure seems to be a follow-up of issue #4152.

If you have any further questions or need additional details, please let me know.