    ======================================================================
    FAIL: sklearn.feature_extraction.tests.test_image.test_connect_regions
    ----------------------------------------------------------------------
    Traceback (most recent call last):
      File "/Library/Python/2.7/site-packages/nose/case.py", line 197, in runTest
        self.test(*self.arg)
      File "/Library/Python/2.7/site-packages/sklearn/feature_extraction/tests/test_image.py", line 63, in test_connect_regions
        assert_equal(ndimage.label(mask)[1], connected_components(graph)[0])
    AssertionError: 777 != 767
    ======================================================================
    FAIL: sklearn.feature_extraction.tests.test_image.test_connect_regions_with_grid
    ----------------------------------------------------------------------
    Traceback (most recent call last):
      File "/Library/Python/2.7/site-packages/nose/case.py", line 197, in runTest
        self.test(*self.arg)
      File "/Library/Python/2.7/site-packages/sklearn/feature_extraction/tests/test_image.py", line 70, in test_connect_regions_with_grid
        assert_equal(ndimage.label(mask)[1], connected_components(graph)[0])
    AssertionError: 777 != 767
    ----------------------------------------------------------------------
    Ran 3342 tests in 148.698s
    FAILED (SKIP=20, failures=2)