## ðŸ› Bug
I'm trying to build PyTorch 1.2.0 from source. The CMake phase passes
successfully, but building fails.
## To Reproduce
Steps to reproduce the behavior:
    $ python setup.py build
    In file included from nt/c/scratch/sciteam/stewart1/spack-stage/spack-stage-faGxK3/spack-src/c10/util/typeid.h:24:0^[[K,
                     from nt/c/scratch/sciteam/stewart1/spack-stage/spack-stage-faGxK3/spack-src/c10/core/DefaultDtype.cpp:1^[[K:
    nt/c/scratch/sciteam/stewart1/spack-stage/spack-stage-faGxK3/spack-src/c10/util/Half.h:^[[K':
    nt/c/scratch/sciteam/stewart1/spack-stage/spack-stage-faGxK3/spack-src/c10/util/Half.h:106:56:^[[K' was not declared in this scope
               const uint32_t sign = w & UINT32_C(0x80000000);
    ^[[K
    nt/c/scratch/sciteam/stewart1/spack-stage/spack-stage-faGxK3/spack-src/c10/util/Half.h:138:72:^[[K' was not declared in this scope
                 ((int32_t)(nonsign + 0x04000000) >> 8) & INT32_C(0x7F800000);
    ^[[K
    nt/c/scratch/sciteam/stewart1/spack-stage/spack-stage-faGxK3/spack-src/c10/util/Half.h:^[[K':
    nt/c/scratch/sciteam/stewart1/spack-stage/spack-stage-faGxK3/spack-src/c10/util/Half.h:197:56:^[[K' was not declared in this scope
               const uint32_t sign = w & UINT32_C(0x80000000);
    ^[[K
    In file included from nt/c/scratch/sciteam/stewart1/spack-stage/spack-stage-faGxK3/spack-src/c10/util/typeid.h:24:0^[[K,
                     from nt/c/scratch/sciteam/stewart1/spack-stage/spack-stage-faGxK3/spack-src/c10/core/DefaultDtype.cpp:1^[[K:
    nt/c/scratch/sciteam/stewart1/spack-stage/spack-stage-faGxK3/spack-src/c10/util/Half.h:_fp32_value(float)^[[K':
    nt/c/scratch/sciteam/stewart1/spack-stage/spack-stage-faGxK3/spack-src/c10/util/Half.h:308:56:^[[K' was not declared in this scope
               const uint32_t sign = w & UINT32_C(0x80000000);
    ^[[K
    nt/c/scratch/sciteam/stewart1/spack-stage/spack-stage-faGxK3/spack-src/c10/util/Half.h:319:81:^[[K' was not declared in this scope
               return (sign >> 16) | (shl1_w > UINT32_C(0xFF000000) ? UINT16_C(0x7E00) : nonsign);
    ^[[K
    [  4%] Generating python/data_parallel_model.py
    gmake[2]: *** [c10/CMakeFiles/c10.dir/core/DefaultDtype.cpp.o] Error 1
    gmake[1]: *** [c10/CMakeFiles/c10.dir/all] Error 2
    gmake[1]: *** Waiting for unfinished jobs....
## Expected behavior
Should build fine.
## Environment
  * PyTorch Version (e.g., 1.0): 1.2.0
  * OS (e.g., Linux): Cray CNL5
  * How you installed PyTorch (`conda`, `pip`, source): source
  * Build command you used (if compiling from source): python setup.py build
  * Python version: 3.7.4
  * CUDA/cuDNN version: 9.1.85