        adding license file 'LICENSE/LICENSE_STIX'
        adding license file 'LICENSE/LICENSE_YORICK'
        writing manifest file 'lib/matplotlib.egg-info/SOURCES.txt'
        running build_ext
        clang -Wno-unused-result -Wsign-compare -Wunreachable-code -DNDEBUG -fwrapv -O2 -Wall -fPIC -O2 -isystem /Users/ikeda/miniconda3/envs/matplotlib-dev/include -arch arm64 -I/Users/ikeda/miniconda3/envs/matplotlib-dev/include -fPIC -O2 -isystem /Users/ikeda/miniconda3/envs/matplotlib-dev/include -arch arm64 -I/Users/ikeda/miniconda3/envs/matplotlib-dev/include/python3.9 -c /var/folders/t5/tgnxd1t14qzcl85h5c9w8v2r0000gn/T/tmpguoklkpy.cpp -o var/folders/t5/tgnxd1t14qzcl85h5c9w8v2r0000gn/T/tmpguoklkpy.o -fvisibility=hidden
        clang -Wno-unused-result -Wsign-compare -Wunreachable-code -DNDEBUG -fwrapv -O2 -Wall -fPIC -O2 -isystem /Users/ikeda/miniconda3/envs/matplotlib-dev/include -arch arm64 -I/Users/ikeda/miniconda3/envs/matplotlib-dev/include -fPIC -O2 -isystem /Users/ikeda/miniconda3/envs/matplotlib-dev/include -arch arm64 -I/Users/ikeda/miniconda3/envs/matplotlib-dev/include/python3.9 -c /var/folders/t5/tgnxd1t14qzcl85h5c9w8v2r0000gn/T/tmpr8z1i6kz.cpp -o var/folders/t5/tgnxd1t14qzcl85h5c9w8v2r0000gn/T/tmpr8z1i6kz.o -fvisibility-inlines-hidden
        clang -Wno-unused-result -Wsign-compare -Wunreachable-code -DNDEBUG -fwrapv -O2 -Wall -fPIC -O2 -isystem /Users/ikeda/miniconda3/envs/matplotlib-dev/include -arch arm64 -I/Users/ikeda/miniconda3/envs/matplotlib-dev/include -fPIC -O2 -isystem /Users/ikeda/miniconda3/envs/matplotlib-dev/include -arch arm64 -I/Users/ikeda/miniconda3/envs/matplotlib-dev/include/python3.9 -c /var/folders/t5/tgnxd1t14qzcl85h5c9w8v2r0000gn/T/tmpi980u469.cpp -o var/folders/t5/tgnxd1t14qzcl85h5c9w8v2r0000gn/T/tmpi980u469.o -flto
        FreeType build system -- automatic system detection
        The following settings are used:
          platform                    unix
          compiler                    clang
          configuration directory     ./builds/unix
          configuration rules         ./builds/unix/unix.mk
        If this does not correspond to your system or settings please remove the file
        `config.mk' from this directory then read the INSTALL file for help.
        Otherwise, simply type `/Applications/Xcode.app/Contents/Developer/usr/bin/make' again to build the library,
        or `/Applications/Xcode.app/Contents/Developer/usr/bin/make refdoc' to build the API reference (this needs python >= 2.6).
        cd builds/unix; \
        	        ./configure  '--with-zlib=no' '--with-bzip2=no' '--with-png=no' '--with-harfbuzz=no' '--enable-static' '--disable-shared' '--host=arm64-apple-darwin20.0.0'
        checking build system type... arm-apple-darwin22.2.0
        checking host system type... Invalid configuration `arm64-apple-darwin20.0.0': machine `arm64-apple' not recognized
        configure: error: /bin/sh ./config.sub arm64-apple-darwin20.0.0 failed
        make: *** [setup] Error 1
        Traceback (most recent call last):
          File "", line 1, in 
          File "/Users/ikeda/codes/matplotlib/setup.py", line 270, in 
            setup(  # Finally, pass this all along to setuptools to do the heavy lifting.
          File "/private/var/folders/t5/tgnxd1t14qzcl85h5c9w8v2r0000gn/T/pip-build-env-1ros0004/overlay/lib/python3.9/site-packages/setuptools/__init__.py", line 108, in setup
            return distutils.core.setup(**attrs)
          File "/private/var/folders/t5/tgnxd1t14qzcl85h5c9w8v2r0000gn/T/pip-build-env-1ros0004/overlay/lib/python3.9/site-packages/setuptools/_distutils/core.py", line 185, in setup
            return run_commands(dist)
          File "/private/var/folders/t5/tgnxd1t14qzcl85h5c9w8v2r0000gn/T/pip-build-env-1ros0004/overlay/lib/python3.9/site-packages/setuptools/_distutils/core.py", line 201, in run_commands
            dist.run_commands()
          File "/private/var/folders/t5/tgnxd1t14qzcl85h5c9w8v2r0000gn/T/pip-build-env-1ros0004/overlay/lib/python3.9/site-packages/setuptools/_distutils/dist.py", line 969, in run_commands
            self.run_command(cmd)
          File "/private/var/folders/t5/tgnxd1t14qzcl85h5c9w8v2r0000gn/T/pip-build-env-1ros0004/overlay/lib/python3.9/site-packages/setuptools/dist.py", line 1213, in run_command
            super().run_command(command)
          File "/private/var/folders/t5/tgnxd1t14qzcl85h5c9w8v2r0000gn/T/pip-build-env-1ros0004/overlay/lib/python3.9/site-packages/setuptools/_distutils/dist.py", line 988, in run_command
            cmd_obj.run()
          File "/private/var/folders/t5/tgnxd1t14qzcl85h5c9w8v2r0000gn/T/pip-build-env-1ros0004/overlay/lib/python3.9/site-packages/setuptools/command/develop.py", line 34, in run
            self.install_for_development()
          File "/private/var/folders/t5/tgnxd1t14qzcl85h5c9w8v2r0000gn/T/pip-build-env-1ros0004/overlay/lib/python3.9/site-packages/setuptools/command/develop.py", line 114, in install_for_development
            self.run_command('build_ext')
          File "/private/var/folders/t5/tgnxd1t14qzcl85h5c9w8v2r0000gn/T/pip-build-env-1ros0004/overlay/lib/python3.9/site-packages/setuptools/_distutils/cmd.py", line 318, in run_command
            self.distribution.run_command(command)
          File "/private/var/folders/t5/tgnxd1t14qzcl85h5c9w8v2r0000gn/T/pip-build-env-1ros0004/overlay/lib/python3.9/site-packages/setuptools/dist.py", line 1213, in run_command
            super().run_command(command)
          File "/private/var/folders/t5/tgnxd1t14qzcl85h5c9w8v2r0000gn/T/pip-build-env-1ros0004/overlay/lib/python3.9/site-packages/setuptools/_distutils/dist.py", line 988, in run_command
            cmd_obj.run()
          File "/private/var/folders/t5/tgnxd1t14qzcl85h5c9w8v2r0000gn/T/pip-build-env-1ros0004/overlay/lib/python3.9/site-packages/setuptools/command/build_ext.py", line 84, in run
            _build_ext.run(self)
          File "/private/var/folders/t5/tgnxd1t14qzcl85h5c9w8v2r0000gn/T/pip-build-env-1ros0004/overlay/lib/python3.9/site-packages/setuptools/_distutils/command/build_ext.py", line 346, in run
            self.build_extensions()
          File "/Users/ikeda/codes/matplotlib/setup.py", line 183, in build_extensions
            package.do_custom_build(env)
          File "/Users/ikeda/codes/matplotlib/setupext.py", line 654, in do_custom_build
            subprocess.check_call(configure, env=env, cwd=src_path)
          File "/Users/ikeda/miniconda3/envs/matplotlib-dev/lib/python3.9/subprocess.py", line 373, in check_call
            raise CalledProcessError(retcode, cmd)
        subprocess.CalledProcessError: Command '['./configure', '--with-zlib=no', '--with-bzip2=no', '--with-png=no', '--with-harfbuzz=no', '--enable-static', '--disable-shared', '--host=arm64-apple-darwin20.0.0']' returned non-zero exit status 2.
        Building freetype in build/freetype-2.6.1
        ----------------------------------------
    ERROR: Command errored out with exit status 1: /Users/ikeda/miniconda3/envs/matplotlib-dev/bin/python -c 'import io, os, sys, setuptools, tokenize; sys.argv[0] = '"'"'/Users/ikeda/codes/matplotlib/setup.py'"'"'; __file__='"'"'/Users/ikeda/codes/matplotlib/setup.py'"'"';f = getattr(tokenize, '"'"'open'"'"', open)(__file__) if os.path.exists(__file__) else io.StringIO('"'"'from setuptools import setup; setup()'"'"');code = f.read().replace('"'"'\r\n'"'"', '"'"'\n'"'"');f.close();exec(compile(code, __file__, '"'"'exec'"'"'))' develop --no-deps Check the logs for full command output.
### Expected outcome
Hopefully, Matplotlib should be able to be installed also in the lastest MacOS
Ventura.
### Additional information
macOS Ventura 13.1 Apple M1 Pro Darwin 22.2.0 arm
### Operating system
OS/X
### Matplotlib Version
commit `2403d74`
### Matplotlib Backend
_No response_
### Python version
Python 3.9.12
### Jupyter version
_No response_
### Installation
git checkout