    [ 96%] Building CXX object modules/tracking/CMakeFiles/opencv_test_tracking.dir/test/test_ukf.cpp.o
    [ 96%] Building CXX object modules/optflow/CMakeFiles/opencv_optflow.dir/src/sparse_matching_gpc.cpp.o
    [ 96%] Building CXX object modules/stitching/CMakeFiles/opencv_perf_stitching.dir/perf/perf_estimators.cpp.o
    [ 96%] Building CXX object modules/ximgproc/CMakeFiles/opencv_test_ximgproc.dir/test/test_fast_hough_transform.cpp.o
    [ 96%] Linking CXX shared library ../../lib/libopencv_face.so
    [ 96%] Building CXX object modules/ximgproc/CMakeFiles/opencv_perf_ximgproc.dir/perf/perf_disparity_wls_filter.cpp.o
    [ 96%] Built target opencv_face
    [ 96%] Building CXX object apps/interactive-calibration/CMakeFiles/opencv_interactive-calibration.dir/frameProcessor.cpp.o
    Scanning dependencies of target opencv_perf_tracking
    [ 96%] Building CXX object modules/tracking/CMakeFiles/opencv_perf_tracking.dir/perf/perf_Tracker.cpp.o
    [ 96%] Building CXX object modules/ximgproc/CMakeFiles/opencv_test_ximgproc.dir/test/test_l0_smooth.cpp.o
    [ 96%] Building CXX object modules/optflow/CMakeFiles/opencv_optflow.dir/src/pcaflow.cpp.o
    [ 96%] Building CXX object modules/tracking/CMakeFiles/opencv_test_tracking.dir/test/test_trackers.cpp.o
    [ 96%] Building CXX object modules/ximgproc/CMakeFiles/opencv_test_ximgproc.dir/test/test_guided_filter.cpp.o
    [ 96%] Building CXX object modules/stitching/CMakeFiles/opencv_perf_stitching.dir/perf/perf_main.cpp.o
    [ 96%] Linking CXX executable ../../bin/opencv_perf_stitching
    [ 96%] Building CXX object modules/ximgproc/CMakeFiles/opencv_perf_ximgproc.dir/perf/perf_rolling_guidance_filter.cpp.o
    [ 96%] Building CXX object apps/interactive-calibration/CMakeFiles/opencv_interactive-calibration.dir/parametersController.cpp.o
    [ 96%] Built target opencv_perf_stitching
    Scanning dependencies of target opencv_test_face
    [ 96%] Building CXX object modules/optflow/CMakeFiles/opencv_optflow.dir/src/simpleflow.cpp.o
    [ 96%] Building CXX object modules/face/CMakeFiles/opencv_test_face.dir/test/test_bif.cpp.o
    [ 96%] Building CXX object modules/face/CMakeFiles/opencv_test_face.dir/test/test_facemark.cpp.o
    [ 96%] Building CXX object modules/tracking/CMakeFiles/opencv_perf_tracking.dir/perf/perf_main.cpp.o
    [ 96%] Building CXX object apps/interactive-calibration/CMakeFiles/opencv_interactive-calibration.dir/rotationConverters.cpp.o
    [ 96%] Building CXX object modules/ximgproc/CMakeFiles/opencv_test_ximgproc.dir/test/test_anisodiff.cpp.o
    [ 96%] Building CXX object modules/face/CMakeFiles/opencv_test_face.dir/test/test_face_align.cpp.o
    [ 96%] Linking CXX executable ../../bin/opencv_perf_tracking
    [ 96%] Built target opencv_perf_tracking
    [ 96%] Building CXX object modules/face/CMakeFiles/opencv_test_face.dir/test/test_mace.cpp.o
    [ 96%] Building CXX object modules/ximgproc/CMakeFiles/opencv_test_ximgproc.dir/test/test_adaptive_manifold.cpp.o
    [ 96%] Linking CXX executable ../../bin/opencv_interactive-calibration
    [ 96%] Building CXX object modules/optflow/CMakeFiles/opencv_optflow.dir/src/motempl.cpp.o
    [ 96%] Building CXX object modules/tracking/CMakeFiles/opencv_test_tracking.dir/test/test_main.cpp.o
    [ 96%] Building CXX object modules/ximgproc/CMakeFiles/opencv_test_ximgproc.dir/test/test_adaptive_manifold_ref_impl.cpp.o
    [ 96%] Built target opencv_interactive-calibration
    [ 96%] Building CXX object modules/ximgproc/CMakeFiles/opencv_test_ximgproc.dir/test/test_main.cpp.o
    [ 96%] Building CXX object modules/tracking/CMakeFiles/opencv_test_tracking.dir/test/test_aukf.cpp.o
    [ 96%] Building CXX object modules/ximgproc/CMakeFiles/opencv_perf_ximgproc.dir/perf/perf_adaptive_manifold.cpp.o
    [ 96%] Building CXX object modules/face/CMakeFiles/opencv_test_face.dir/test/test_facemark_aam.cpp.o
    [ 97%] Building CXX object modules/ximgproc/CMakeFiles/opencv_test_ximgproc.dir/test/test_bilateral_texture_filter.cpp.o
    [ 97%] Building CXX object modules/optflow/CMakeFiles/opencv_optflow.dir/src/sparsetodenseflow.cpp.o
    [ 97%] Building CXX object modules/optflow/CMakeFiles/opencv_optflow.dir/opencl_kernels_optflow.cpp.o
    [ 97%] Linking CXX shared library ../../lib/libopencv_optflow.so
    [ 97%] Built target opencv_optflow
    Scanning dependencies of target opencv_test_optflow
    [ 97%] Building CXX object modules/face/CMakeFiles/opencv_test_face.dir/test/test_loadsave.cpp.o
    [ 97%] Building CXX object modules/optflow/CMakeFiles/opencv_test_optflow.dir/test/test_OF_reproducibility.cpp.o
    [ 98%] Building CXX object modules/face/CMakeFiles/opencv_test_face.dir/test/test_main.cpp.o
    [ 98%] Building CXX object modules/face/CMakeFiles/opencv_test_face.dir/test/test_facemark_lbf.cpp.o
    [ 98%] Building CXX object modules/ximgproc/CMakeFiles/opencv_test_ximgproc.dir/test/test_deriche_filter.cpp.o
    [ 98%] Building CXX object modules/ximgproc/CMakeFiles/opencv_test_ximgproc.dir/test/test_disparity_wls_filter.cpp.o
    [ 98%] Building CXX object modules/tracking/CMakeFiles/opencv_test_tracking.dir/test/test_trackerParametersIO.cpp.o
    [ 98%] Building CXX object modules/ximgproc/CMakeFiles/opencv_perf_ximgproc.dir/perf/perf_ridge_detection_filter.cpp.o
    [ 98%] Linking CXX executable ../../bin/opencv_test_face
    [ 98%] Building CXX object modules/ximgproc/CMakeFiles/opencv_perf_ximgproc.dir/perf/perf_fgs_filter.cpp.o
    Scanning dependencies of target opencv_perf_optflow
    [ 98%] Building CXX object modules/optflow/CMakeFiles/opencv_perf_optflow.dir/perf/perf_deepflow.cpp.o
    [ 98%] Built target opencv_test_face
    Scanning dependencies of target opencv_python2
    [ 98%] Building CXX object modules/python2/CMakeFiles/opencv_python2.dir/__/src2/cv2.cpp.o
    [ 98%] Building CXX object modules/optflow/CMakeFiles/opencv_test_optflow.dir/test/test_OF_accuracy.cpp.o
    [ 98%] Linking CXX executable ../../bin/opencv_test_tracking
    [ 98%] Building CXX object modules/optflow/CMakeFiles/opencv_perf_optflow.dir/perf/opencl/perf_dis_optflow.cpp.o
    [ 98%] Built target opencv_test_tracking
    Scanning dependencies of target opencv_python3
    [ 98%] Building CXX object modules/python3/CMakeFiles/opencv_python3.dir/__/src2/cv2.cpp.o
    [ 98%] Building CXX object modules/ximgproc/CMakeFiles/opencv_perf_ximgproc.dir/perf/perf_guided_filter.cpp.o
    [ 98%] Linking CXX executable ../../bin/opencv_test_ximgproc
    [ 98%] Building CXX object modules/ximgproc/CMakeFiles/opencv_perf_ximgproc.dir/perf/perf_main.cpp.o
    [ 98%] Building CXX object modules/ximgproc/CMakeFiles/opencv_perf_ximgproc.dir/perf/perf_l0_smooth.cpp.o
    [ 98%] Building CXX object modules/ximgproc/CMakeFiles/opencv_perf_ximgproc.dir/perf/perf_bilateral_texture_filter.cpp.o
    [ 98%] Built target opencv_test_ximgproc
    [ 98%] Building CXX object modules/optflow/CMakeFiles/opencv_test_optflow.dir/test/ocl/test_motempl.cpp.o
    [ 98%] Building CXX object modules/optflow/CMakeFiles/opencv_test_optflow.dir/test/ocl/test_dis.cpp.o
    [ 98%] Building CXX object modules/optflow/CMakeFiles/opencv_perf_optflow.dir/perf/perf_disflow.cpp.o
    [ 98%] Building CXX object modules/optflow/CMakeFiles/opencv_perf_optflow.dir/perf/perf_variational_refinement.cpp.o
    In file included from /home/liuyujia/opencv-3.4.4/modules/python/src2/cv2.cpp:1819:0:
    /home/liuyujia/opencv-3.4.4/build/modules/python_bindings_generator/pyopencv_generated_funcs.h: In function ‘PyObject* pyopencv_cv_xphoto_createTonemapDurand(PyObject*, PyObject*, PyObject*)’:
    /home/liuyujia/opencv-3.4.4/build/modules/python_bindings_generator/pyopencv_generated_funcs.h:28228:22: error: template argument 1 is invalid
         Ptr retval;
                          ^
    /home/liuyujia/opencv-3.4.4/build/modules/python_bindings_generator/pyopencv_generated_funcs.h:28233:58: error: invalid user-defined conversion from ‘cv::Ptr’ to ‘int’ [-fpermissive]
             ERRWRAP2(retval = cv::xphoto::createTonemapDurand(gamma, contrast, saturation, sigma_space, sigma_color));
                                                              ^
    /home/liuyujia/opencv-3.4.4/modules/python/src2/cv2.cpp:97:5: note: in definition of macro ‘ERRWRAP2’
         expr; \
         ^
    In file included from /home/liuyujia/opencv-3.4.4/modules/core/include/opencv2/core/cvstd.hpp:1038:0,
                     from /home/liuyujia/opencv-3.4.4/modules/core/include/opencv2/core/base.hpp:58,
                     from /home/liuyujia/opencv-3.4.4/modules/core/include/opencv2/core.hpp:54,
                     from /home/liuyujia/opencv-3.4.4/build/modules/python_bindings_generator/pyopencv_generated_include.h:1,
                     from /home/liuyujia/opencv-3.4.4/modules/python/src2/cv2.cpp:31:
    /home/liuyujia/opencv-3.4.4/modules/core/include/opencv2/core/ptr.inl.hpp:222:1: note: candidate is: cv::Ptr::operator T*() const [with T = cv::xphoto::TonemapDurand] 
     Ptr::operator T* () const
     ^
    /home/liuyujia/opencv-3.4.4/modules/core/include/opencv2/core/ptr.inl.hpp:222:1: note:   no known conversion from ‘cv::xphoto::TonemapDurand*’ to ‘int’
    [ 98%] Building CXX object modules/optflow/CMakeFiles/opencv_test_optflow.dir/test/test_main.cpp.o
    [ 98%] Building CXX object modules/optflow/CMakeFiles/opencv_test_optflow.dir/test/test_motiontemplates.cpp.o
    [ 98%] Building CXX object modules/optflow/CMakeFiles/opencv_perf_optflow.dir/perf/perf_main.cpp.o
    [ 99%] Linking CXX executable ../../bin/opencv_perf_ximgproc
    In file included from /home/liuyujia/opencv-3.4.4/modules/python/src2/cv2.cpp:1819:0:
    /home/liuyujia/opencv-3.4.4/build/modules/python_bindings_generator/pyopencv_generated_funcs.h: In function ‘PyObject* pyopencv_cv_xphoto_createTonemapDurand(PyObject*, PyObject*, PyObject*)’:
    /home/liuyujia/opencv-3.4.4/build/modules/python_bindings_generator/pyopencv_generated_funcs.h:28228:22: error: template argument 1 is invalid
         Ptr retval;
                          ^
    /home/liuyujia/opencv-3.4.4/build/modules/python_bindings_generator/pyopencv_generated_funcs.h:28233:58: error: invalid user-defined conversion from ‘cv::Ptr’ to ‘int’ [-fpermissive]
             ERRWRAP2(retval = cv::xphoto::createTonemapDurand(gamma, contrast, saturation, sigma_space, sigma_color));
                                                              ^
    /home/liuyujia/opencv-3.4.4/modules/python/src2/cv2.cpp:97:5: note: in definition of macro ‘ERRWRAP2’
         expr; \
         ^
    In file included from /home/liuyujia/opencv-3.4.4/modules/core/include/opencv2/core/cvstd.hpp:1038:0,
                     from /home/liuyujia/opencv-3.4.4/modules/core/include/opencv2/core/base.hpp:58,
                     from /home/liuyujia/opencv-3.4.4/modules/core/include/opencv2/core.hpp:54,
                     from /home/liuyujia/opencv-3.4.4/build/modules/python_bindings_generator/pyopencv_generated_include.h:1,
                     from /home/liuyujia/opencv-3.4.4/modules/python/src2/cv2.cpp:31:
    /home/liuyujia/opencv-3.4.4/modules/core/include/opencv2/core/ptr.inl.hpp:222:1: note: candidate is: cv::Ptr::operator T*() const [with T = cv::xphoto::TonemapDurand] 
     Ptr::operator T* () const
     ^
    /home/liuyujia/opencv-3.4.4/modules/core/include/opencv2/core/ptr.inl.hpp:222:1: note:   no known conversion from ‘cv::xphoto::TonemapDurand*’ to ‘int’
    [ 99%] Linking CXX executable ../../bin/opencv_test_optflow
    [ 99%] Built target opencv_perf_ximgproc
    [ 99%] Built target opencv_test_optflow
    [ 99%] Linking CXX executable ../../bin/opencv_perf_optflow
    modules/python2/CMakeFiles/opencv_python2.dir/build.make:62: recipe for target 'modules/python2/CMakeFiles/opencv_python2.dir/__/src2/cv2.cpp.o' failed
    make[2]: *** [modules/python2/CMakeFiles/opencv_python2.dir/__/src2/cv2.cpp.o] Error 1
    CMakeFiles/Makefile2:15476: recipe for target 'modules/python2/CMakeFiles/opencv_python2.dir/all' failed
    make[1]: *** [modules/python2/CMakeFiles/opencv_python2.dir/all] Error 2
    make[1]: *** Waiting for unfinished jobs....
    [ 99%] Built target opencv_perf_optflow
    modules/python3/CMakeFiles/opencv_python3.dir/build.make:62: recipe for target 'modules/python3/CMakeFiles/opencv_python3.dir/__/src2/cv2.cpp.o' failed
    make[2]: *** [modules/python3/CMakeFiles/opencv_python3.dir/__/src2/cv2.cpp.o] Error 1
    CMakeFiles/Makefile2:15575: recipe for target 'modules/python3/CMakeFiles/opencv_python3.dir/all' failed
    make[1]: *** [modules/python3/CMakeFiles/opencv_python3.dir/all] Error 2
    Makefile:160: recipe for target 'all' failed
    make: *** [all] Error 2
    liuyujia@liuyujia-MRC-WX0:~/opencv-3.4.4/build$ sudo apt-get install python-opencv
    [sudo] password for liuyujia: 
    Reading package lists... Done
    Building dependency tree       
    Reading state information... Done
    The following NEW packages will be installed:
      python-opencv
    0 upgraded, 1 newly installed, 0 to remove and 68 not upgraded.
    Need to get 310 kB of archives.
    After this operation, 1,383 kB of additional disk space will be used.
    Get:1 http://mirrors.tuna.tsinghua.edu.cn/ubuntu xenial-updates/universe amd64 python-opencv amd64 2.4.9.1+dfsg-1.5ubuntu1.1 [310 kB]
    Fetched 310 kB in 0s (2,415 kB/s) 
    Selecting previously unselected package python-opencv.
    (Reading database ... 262117 files and directories currently installed.)
    Preparing to unpack .../python-opencv_2.4.9.1+dfsg-1.5ubuntu1.1_amd64.deb ...
    Unpacking python-opencv (2.4.9.1+dfsg-1.5ubuntu1.1) ...
    Setting up python-opencv (2.4.9.1+dfsg-1.5ubuntu1.1) ...
##### Steps to reproduce