After installing `Firestore`, Android app won't compile.
Error says like these
    D8: Program type already present: android.arch.core.util.Function
    FAILURE: Build failed with an exception.
    * What went wrong:
    Execution failed for task ':app:transformDexArchiveWithExternalLibsDexMergerForDebug'.
    > com.android.builder.dexing.DexArchiveMergerException: Error while merging dex archives: /Users/kotin/Desktop/flutter/nandebu/build/app/intermediates/transforms/dexBuilder/debug/2.jar, /Users/kotin/Desktop/flutter/nandebu/build/app/intermediates/transforms/dexBuilder/debug/3.jar, /Users/kotin/Desktop/flutter/nandebu/build/app/intermediates/transforms/dexBuilder/debug/4.jar, /Users/kotin/Desktop/flutter/nandebu/build/app/intermediates/transforms/dexBuilder/debug/5.jar, /Users/kotin/Desktop/flutter/nandebu/build/app/intermediates/transforms/dexBuilder/debug/6.jar, /Users/kotin/Desktop/flutter/nandebu/build/app/intermediates/transforms/dexBuilder/debug/7.jar, /Users/kotin/Desktop/flutter/nandebu/build/app/intermediates/transforms/dexBuilder/debug/8.jar, /Users/kotin/Desktop/flutter/nandebu/build/app/intermediates/transforms/dexBuilder/debug/9.jar, /Users/kotin/Desktop/flutter/nandebu/build/app/intermediates/transforms/dexBuilder/debug/10.jar, /Users/kotin/Desktop/flutter/nandebu/build/app/intermediates/transforms/dexBuilder/debug/11.jar, /Users/kotin/Desktop/flutter/nandebu/build/app/intermediates/transforms/dexBuilder/debug/12.jar, /Users/kotin/Desktop/flutter/nandebu/build/app/intermediates/transforms/dexBuilder/debug/13.jar, /Users/kotin/Desktop/flutter/nandebu/build/app/intermediates/transforms/dexBuilder/debug/14.jar, /Users/kotin/Desktop/flutter/nandebu/build/app/intermediates/transforms/dexBuilder/debug/15.jar, /Users/kotin/Desktop/flutter/nandebu/build/app/intermediates/transforms/dexBuilder/debug/16.jar, /Users/kotin/Desktop/flutter/nandebu/build/app/intermediates/transforms/dexBuilder/debug/17.jar, /Users/kotin/Desktop/flutter/nandebu/build/app/intermediates/transforms/dexBuilder/debug/18.jar, /Users/kotin/Desktop/flutter/nandebu/build/app/intermediates/transforms/dexBuilder/debug/19.jar, /Users/kotin/Desktop/flutter/nandebu/build/app/intermediates/transforms/dexBuilder/debug/20.jar, /Users/kotin/Desktop/flutter/nandebu/build/app/intermediates/transforms/dexBuilder/debug/21.jar, /Users/kotin/Desktop/flutter/nandebu/build/app/intermediates/transforms/dexBuilder/debug/22.jar, /Users/kotin/Desktop/flutter/nandebu/build/app/intermediates/transforms/dexBuilder/debug/23.jar, /Users/kotin/Desktop/flutter/nandebu/build/app/intermediates/transforms/dexBuilder/debug/24.jar, /Users/kotin/Desktop/flutter/nandebu/build/app/intermediates/transforms/dexBuilder/debug/25.jar, /Users/kotin/Desktop/flutter/nandebu/build/app/intermediates/transforms/dexBuilder/debug/26.jar, /Users/kotin/Desktop/flutter/nandebu/build/app/intermediates/transforms/dexBuilder/debug/27.jar, /Users/kotin/Desktop/flutter/nandebu/build/app/intermediates/transforms/dexBuilder/debug/28.jar, /Users/kotin/Desktop/flutter/nandebu/build/app/intermediates/transforms/dexBuilder/debug/29.jar, /Users/kotin/Desktop/flutter/nandebu/build/app/intermediates/transforms/dexBuilder/debug/30.jar, /Users/kotin/Desktop/flutter/nandebu/build/app/intermediates/transforms/dexBuilder/debug/31.jar, /Users/kotin/Desktop/flutter/nandebu/build/app/intermediates/transforms/dexBuilder/debug/32.jar, /Users/kotin/Desktop/flutter/nandebu/build/app/intermediates/transforms/dexBuilder/debug/33.jar, /Users/kotin/Desktop/flutter/nandebu/build/app/intermediates/transforms/dexBuilder/debug/34.jar, /Users/kotin/Desktop/flutter/nandebu/build/app/intermediates/transforms/dexBuilder/debug/35.jar, /Users/kotin/Desktop/flutter/nandebu/build/app/intermediates/transforms/dexBuilder/debug/36.jar, /Users/kotin/Desktop/flutter/nandebu/build/app/intermediates/transforms/dexBuilder/debug/37.jar, /Users/kotin/Desktop/flutter/nandebu/build/app/intermediates/transforms/dexBuilder/debug/38.jar, /Users/kotin/Desktop/flutter/nandebu/build/app/intermediates/transforms/dexBuilder/debug/39.jar, /Users/kotin/Desktop/flutter/nandebu/build/app/intermediates/transforms/dexBuilder/debug/40.jar, /Users/kotin/Desktop/flutter/nandebu/build/app/intermediates/transforms/dexBuilder/debug/41.jar, /Users/kotin/Desktop/flutter/nandebu/build/app/intermediates/transforms/dexBuilder/debug/42.jar, /Users/kotin/Desktop/flutter/nandebu/build/app/intermediates/transforms/dexBuilder/debug/43.jar, /Users/kotin/Desktop/flutter/nandebu/build/app/intermediates/transforms/dexBuilder/debug/44.jar, /Users/kotin/Desktop/flutter/nandebu/build/app/intermediates/transforms/dexBuilder/debug/45.jar, /Users/kotin/Desktop/flutter/nandebu/build/app/intermediates/transforms/dexBuilder/debug/46.jar, /Users/kotin/Desktop/flutter/nandebu/build/app/intermediates/transforms/dexBuilder/debug/47.jar, /Users/kotin/Desktop/flutter/nandebu/build/app/intermediates/transforms/dexBuilder/debug/48.jar, /Users/kotin/Desktop/flutter/nandebu/build/app/intermediates/transforms/dexBuilder/debug/49.jar
      Learn how to resolve the issue at https://developer.android.com/studio/build/dependencies#duplicate_classes.
      Program type already present: android.arch.core.util.Function
    * Try:
    Run with --stacktrace option to get the stack trace. Run with --info or --debug option to get more log output. Run with --scan to get full insights.
    * Get more help at https://help.gradle.org
    BUILD FAILED in 33s
    Gradle task assembleDebug failed with exit code 1
    Exited (sigterm)
**flutter doctor**
    [flutter] flutter doctor
    Doctor summary (to see all details, run flutter doctor -v):
    [✓] Flutter (Channel beta, v0.11.13, on Mac OS X 10.13.6 17G3025, locale pt-BR)
    [✓] Android toolchain - develop for Android devices (Android SDK 28.0.3)
    [✓] iOS toolchain - develop for iOS devices (Xcode 10.1)
    [✓] Android Studio (version 3.2)
    [✓] VS Code (version 1.29.1)
    [✓] Connected device (2 available)
    • No issues found!