            weibull    = 
            zipf       = 
On AppVeyor:
    C:\Users\appveyor\AppData\Local\Temp\1\pip-req-build-ev3j_zdy\build\temp.win-amd64-3.7\scipy\integrate\quadpack\dqwgtc.o C:\Use
    rs\appveyor\AppData\Local\Temp\1\pip-req-build-ev3j_zdy\build\temp.win-amd64-3.7\scipy\integrate\quadpack\dqwgtf.o 
    C:\Users\appveyor\AppData\Local\Temp\1\pip-req-build-ev3j_zdy\build\temp.win-amd64-3.7\scipy\integrate\quadpack\dqwgts.o -LC:\mingw-w64\x86_64-6.3.0-posix-seh-rt_v5-rev1\mingw64\lib\gcc\x86_64-w64-mingw32\6.3.0 
    -Lc:\python37-x64\libs -Lc:\python37-x64\PCbuild\amd64 -Lbuild\temp.win-amd64-3.7 -o build\temp.win-amd64-3.7\Release\.libs\libdqag.QD7OX7SDRWGIZYWWAF2SE2SG6JDJXW3B.gfortran-win_amd64.dll 
    build\temp.win-amd64-3.7\Release\.libs\libopenblas.3HBPCJB5BPQGKWVZAVEBXNNJ2Q2G3TUP.gfortran-win_amd64.dll -Wl,--allow-multiple-definition 
    -Wl,--output-def,build\temp.win-amd64-3.7\Release\libdqag.QD7OX7SDRWGIZYWWAF2SE2SG6JDJXW3B.gfortran-win_amd64.def -Wl,--export-all-symbols -Wl,--enable-auto-import -static -mlong-double-64" failed with exit status 1
      Building wheel for scipy (PEP 517): finished with status 'error'
      ERROR: Failed building wheel for scipy
    Failed to build scipy
    ERROR: Failed to build one or more wheels
    Exception information:
    Traceback (most recent call last):
      File "c:\python37-x64\lib\site-packages\pip\_internal\cli\base_command.py", line 189, in _main
        status = self.run(options, args)
      File "c:\python37-x64\lib\site-packages\pip\_internal\cli\req_command.py", line 178, in wrapper
        return func(self, options, args)
      File "c:\python37-x64\lib\site-packages\pip\_internal\commands\wheel.py", line 191, in run
        "Failed to build one or more wheels"
    pip._internal.exceptions.CommandError: Failed to build one or more wheels
I am also seeing this in macOS tests, but that might be unrelated, as I've
seen it intermittently before today:
    gcc: /var/folders/24/8k48jl6d249_n_qfxwsl6xvm0000gn/T/tmp76pay1ja/source.c
    gcc /var/folders/24/8k48jl6d249_n_qfxwsl6xvm0000gn/T/tmp76pay1ja/var/folders/24/8k48jl6d249_n_qfxwsl6xvm0000gn/T/tmp76pay1ja/source.o -L/usr/local/lib -lopenblas -o /var/folders/24/8k48jl6d249_n_qfxwsl6xvm0000gn/T/tmp76pay1ja/a.out
      FOUND:
        libraries = ['openblas', 'openblas']
        library_dirs = ['/usr/local/lib']
        language = c
        define_macros = [('HAVE_CBLAS', None)]
        runtime_library_dirs = ['/usr/local/lib']
      FOUND:
        libraries = ['openblas', 'openblas']
        library_dirs = ['/usr/local/lib']
        language = c
        define_macros = [('HAVE_CBLAS', None)]
        runtime_library_dirs = ['/usr/local/lib']
    /Users/runner/hostedtoolcache/Python/3.9.1/x64/lib/python3.9/site-packages/numpy/distutils/system_info.py:936: UserWarning: Specified path /usr/local/include/python3.9 is invalid.
      return self.get_paths(self.section, key)
    blas_opt_info:
    blas_mkl_info:
      libraries mkl_rt not found in ['/Users/runner/hostedtoolcache/Python/3.9.1/x64/lib', '/usr/local/lib', '/usr/lib']
      NOT AVAILABLE
    blis_info:
      libraries blis not found in ['/Users/runner/hostedtoolcache/Python/3.9.1/x64/lib', '/usr/local/lib', '/usr/lib']
      NOT AVAILABLE
    openblas_info:
    C compiler: gcc -Wno-unused-result -Wsign-compare -Wunreachable-code -DNDEBUG -g -fwrapv -O3 -Wall -I/usr/local/opt/sqlite/include -I/usr/local/opt/sqlite/include
    creating /var/folders/24/8k48jl6d249_n_qfxwsl6xvm0000gn/T/tmpayy_ek6b/var
    creating /var/folders/24/8k48jl6d249_n_qfxwsl6xvm0000gn/T/tmpayy_ek6b/var/folders
    creating /var/folders/24/8k48jl6d249_n_qfxwsl6xvm0000gn/T/tmpayy_ek6b/var/folders/24
    creating /var/folders/24/8k48jl6d249_n_qfxwsl6xvm0000gn/T/tmpayy_ek6b/var/folders/24/8k48jl6d249_n_qfxwsl6xvm0000gn
    creating /var/folders/24/8k48jl6d249_n_qfxwsl6xvm0000gn/T/tmpayy_ek6b/var/folders/24/8k48jl6d249_n_qfxwsl6xvm0000gn/T
    creating /var/folders/24/8k48jl6d249_n_qfxwsl6xvm0000gn/T/tmpayy_ek6b/var/folders/24/8k48jl6d249_n_qfxwsl6xvm0000gn/T/tmpayy_ek6b
    compile options: '-c'
    gcc: /var/folders/24/8k48jl6d249_n_qfxwsl6xvm0000gn/T/tmpayy_ek6b/source.c
    gcc /var/folders/24/8k48jl6d249_n_qfxwsl6xvm0000gn/T/tmpayy_ek6b/var/folders/24/8k48jl6d249_n_qfxwsl6xvm0000gn/T/tmpayy_ek6b/source.o -L/usr/local/lib -lopenblas -o /var/folders/24/8k48jl6d249_n_qfxwsl6xvm0000gn/T/tmpayy_ek6b/a.out
      FOUND:
        libraries = ['openblas', 'openblas']
        library_dirs = ['/usr/local/lib']
        language = c
        define_macros = [('HAVE_CBLAS', None)]
        runtime_library_dirs = ['/usr/local/lib']
      FOUND:
        libraries = ['openblas', 'openblas']
        library_dirs = ['/usr/local/lib']
        language = c
        define_macros = [('HAVE_CBLAS', None)]
        runtime_library_dirs = ['/usr/local/lib']
    blas_info:
    Traceback (most recent call last):
      File "/Users/runner/work/scipy/scipy/setup.py", line 605, in 
        setup_package()
      File "/Users/runner/work/scipy/scipy/setup.py", line 601, in setup_package
        setup(**metadata)
      File "/Users/runner/hostedtoolcache/Python/3.9.1/x64/lib/python3.9/site-packages/numpy/distutils/core.py", line 135, in setup
        config = configuration()
      File "/Users/runner/work/scipy/scipy/setup.py", line 524, in configuration
        config.add_subpackage('scipy')
      File "/Users/runner/hostedtoolcache/Python/3.9.1/x64/lib/python3.9/site-packages/numpy/distutils/misc_util.py", line 1019, in add_subpackage
        config_list = self.get_subpackage(subpackage_name, subpackage_path,
      File "/Users/runner/hostedtoolcache/Python/3.9.1/x64/lib/python3.9/site-packages/numpy/distutils/misc_util.py", line 985, in get_subpackage
        config = self._get_configuration_from_setup_py(
      File "/Users/runner/hostedtoolcache/Python/3.9.1/x64/lib/python3.9/site-packages/numpy/distutils/misc_util.py", line 927, in _get_configuration_from_setup_py
        config = setup_module.configuration(*args)
      File "scipy/setup.py", line 18, in configuration
        config.add_subpackage('optimize')
      File "/Users/runner/hostedtoolcache/Python/3.9.1/x64/lib/python3.9/site-packages/numpy/distutils/misc_util.py", line 1019, in add_subpackage
        config_list = self.get_subpackage(subpackage_name, subpackage_path,
      File "/Users/runner/hostedtoolcache/Python/3.9.1/x64/lib/python3.9/site-packages/numpy/distutils/misc_util.py", line 985, in get_subpackage
        config = self._get_configuration_from_setup_py(
      File "/Users/runner/hostedtoolcache/Python/3.9.1/x64/lib/python3.9/site-packages/numpy/distutils/misc_util.py", line 927, in _get_configuration_from_setup_py
        config = setup_module.configuration(*args)
      File "scipy/optimize/setup.py", line 102, in configuration
        ext = pythran.dist.PythranExtension(
      File "/Users/runner/hostedtoolcache/Python/3.9.1/x64/lib/python3.9/site-packages/pythran/dist.py", line 131, in __init__
        cfg_ext = cfg.make_extension(python=True, **kwargs)
      File "/Users/runner/hostedtoolcache/Python/3.9.1/x64/lib/python3.9/site-packages/pythran/config.py", line 220, in make_extension
        numpy_blas = numpy_sys.get_info(user_blas)
      File "/Users/runner/hostedtoolcache/Python/3.9.1/x64/lib/python3.9/site-packages/numpy/distutils/system_info.py", line 584, in get_info
        return cl().get_info(notfound_action)
      File "/Users/runner/hostedtoolcache/Python/3.9.1/x64/lib/python3.9/site-packages/numpy/distutils/system_info.py", line 844, in get_info
        self.calc_info()
      File "/Users/runner/hostedtoolcache/Python/3.9.1/x64/lib/python3.9/site-packages/numpy/distutils/system_info.py", line 2040, in calc_info
        info = self.check_libs(lib_dirs, blas_libs, [])
      File "/Users/runner/hostedtoolcache/Python/3.9.1/x64/lib/python3.9/site-packages/numpy/distutils/system_info.py", line 986, in check_libs
        info = self._check_libs(lib_dirs, libs, opt_libs, [ext])
      File "/Users/runner/hostedtoolcache/Python/3.9.1/x64/lib/python3.9/site-packages/numpy/distutils/system_info.py", line 1057, in _check_libs
        found_dirs, found_libs = self._find_libs(lib_dirs, libs, exts)
      File "/Users/runner/hostedtoolcache/Python/3.9.1/x64/lib/python3.9/site-packages/numpy/distutils/system_info.py", line 1041, in _find_libs
        found_lib = self._find_lib(lib_dir, lib, exts)
      File "/Users/runner/hostedtoolcache/Python/3.9.1/x64/lib/python3.9/site-packages/numpy/distutils/system_info.py", line 1022, in _find_lib
        raise RuntimeError(_accel_msg.format(filename=p[0]))
    RuntimeError: Found /usr/lib/libblas.dylib, but that file is a symbolic link to the MacOS Accelerate framework, which is not supported by NumPy. You must configure the build to use a different optimized library, or disable the use of optimized BLAS and LAPACK by setting the environment variables NPY_BLAS_ORDER="" and NPY_LAPACK_ORDER="" before building NumPy.
    Build failed! (0:01:47.617718 elapsed)
    Error: Process completed with exit code 1.