        warnings.warn(msg)
      running bdist_wheel
      running build
      running config_cc
      unifing config_cc, config, build_clib, build_ext, build commands --compiler options
      running config_fc
      unifing config_fc, config, build_clib, build_ext, build commands --fcompiler options
      running build_src
      build_src
      building py_modules sources
      creating build
      creating build/src.linux-x86_64-2.7
      creating build/src.linux-x86_64-2.7/numpy
      creating build/src.linux-x86_64-2.7/numpy/distutils
      building library "npymath" sources
      get_default_fcompiler: matching types: '['gnu95', 'intel', 'lahey', 'pg', 'absoft', 'nag', 'vast', 'compaq', 'intele', 'intelem', 'gnu', 'g95', 'pathf95', 'nagfor']'
      customize Gnu95FCompiler
      Found executable /usr/bin/gfortran
      customize Gnu95FCompiler
      customize Gnu95FCompiler using config
      C compiler: gcc -fno-strict-aliasing -g -O2 -DNDEBUG -g -fwrapv -O3 -Wall -Wstrict-prototypes -DTHREAD_STACK_SIZE=0x100000 -fPIC
      compile options: '-Inumpy/core/src/private -Inumpy/core/src -Inumpy/core -Inumpy/core/src/npymath -Inumpy/core/src/multiarray -Inumpy/core/src/umath -Inumpy/core/src/npysort -I/usr/local/include/python2.7 -c'
      gcc: _configtest.c
      gcc _configtest.o -o _configtest
      success!
      removing: _configtest.c _configtest.o _configtest
      C compiler: gcc -fno-strict-aliasing -g -O2 -DNDEBUG -g -fwrapv -O3 -Wall -Wstrict-prototypes -DTHREAD_STACK_SIZE=0x100000 -fPIC
      compile options: '-Inumpy/core/src/private -Inumpy/core/src -Inumpy/core -Inumpy/core/src/npymath -Inumpy/core/src/multiarray -Inumpy/core/src/umath -Inumpy/core/src/npysort -I/usr/local/include/python2.7 -c'
      gcc: _configtest.c
      _configtest.c:1:5: warning: conflicting types for built-in function 'exp'
       int exp (void);
           ^~~
      gcc _configtest.o -o _configtest
      success!
      removing: _configtest.c _configtest.o _configtest
      creating build/src.linux-x86_64-2.7/numpy/core
      creating build/src.linux-x86_64-2.7/numpy/core/src
      creating build/src.linux-x86_64-2.7/numpy/core/src/npymath
      conv_template:> build/src.linux-x86_64-2.7/numpy/core/src/npymath/npy_math_internal.h
        adding 'build/src.linux-x86_64-2.7/numpy/core/src/npymath' to include_dirs.
      conv_template:> build/src.linux-x86_64-2.7/numpy/core/src/npymath/ieee754.c
      conv_template:> build/src.linux-x86_64-2.7/numpy/core/src/npymath/npy_math_complex.c
      None - nothing done with h_files = ['build/src.linux-x86_64-2.7/numpy/core/src/npymath/npy_math_internal.h']
      building library "npysort" sources
      creating build/src.linux-x86_64-2.7/numpy/core/src/npysort
      conv_template:> build/src.linux-x86_64-2.7/numpy/core/src/npysort/quicksort.c
      conv_template:> build/src.linux-x86_64-2.7/numpy/core/src/npysort/mergesort.c
      conv_template:> build/src.linux-x86_64-2.7/numpy/core/src/npysort/heapsort.c
      creating build/src.linux-x86_64-2.7/numpy/core/src/private
      conv_template:> build/src.linux-x86_64-2.7/numpy/core/src/private/npy_partition.h
        adding 'build/src.linux-x86_64-2.7/numpy/core/src/private' to include_dirs.
      conv_template:> build/src.linux-x86_64-2.7/numpy/core/src/npysort/selection.c
      conv_template:> build/src.linux-x86_64-2.7/numpy/core/src/private/npy_binsearch.h
      conv_template:> build/src.linux-x86_64-2.7/numpy/core/src/npysort/binsearch.c
      None - nothing done with h_files = ['build/src.linux-x86_64-2.7/numpy/core/src/private/npy_partition.h', 'build/src.linux-x86_64-2.7/numpy/core/src/private/npy_binsearch.h']
      building extension "numpy.core._dummy" sources
      Generating build/src.linux-x86_64-2.7/numpy/core/include/numpy/config.h
      C compiler: gcc -fno-strict-aliasing -g -O2 -DNDEBUG -g -fwrapv -O3 -Wall -Wstrict-prototypes -DTHREAD_STACK_SIZE=0x100000 -fPIC
      compile options: '-Inumpy/core/src/private -Inumpy/core/src -Inumpy/core -Inumpy/core/src/npymath -Inumpy/core/src/multiarray -Inumpy/core/src/umath -Inumpy/core/src/npysort -I/usr/local/include/python2.7 -c'
      gcc: _configtest.c
      success!
      removing: _configtest.c _configtest.o
      C compiler: gcc -fno-strict-aliasing -g -O2 -DNDEBUG -g -fwrapv -O3 -Wall -Wstrict-prototypes -DTHREAD_STACK_SIZE=0x100000 -fPIC
      compile options: '-Inumpy/core/src/private -Inumpy/core/src -Inumpy/core -Inumpy/core/src/npymath -Inumpy/core/src/multiarray -Inumpy/core/src/umath -Inumpy/core/src/npysort -I/usr/local/include/python2.7 -c'
      gcc: _configtest.c
      success!
      removing: _configtest.c _configtest.o
      C compiler: gcc -fno-strict-aliasing -g -O2 -DNDEBUG -g -fwrapv -O3 -Wall -Wstrict-prototypes -DTHREAD_STACK_SIZE=0x100000 -fPIC
      compile options: '-Inumpy/core/src/private -Inumpy/core/src -Inumpy/core -Inumpy/core/src/npymath -Inumpy/core/src/multiarray -Inumpy/core/src/umath -Inumpy/core/src/npysort -I/usr/local/include/python2.7 -c'
      gcc: _configtest.c
      _configtest.c:1:24: fatal error: sys/endian.h: No such file or directory
       #include 
                              ^
      compilation terminated.
      _configtest.c:1:24: fatal error: sys/endian.h: No such file or directory
       #include 
                              ^
      compilation terminated.
      failure.
      removing: _configtest.c _configtest.o
      C compiler: gcc -fno-strict-aliasing -g -O2 -DNDEBUG -g -fwrapv -O3 -Wall -Wstrict-prototypes -DTHREAD_STACK_SIZE=0x100000 -fPIC
      compile options: '-Inumpy/core/src/private -Inumpy/core/src -Inumpy/core -Inumpy/core/src/npymath -Inumpy/core/src/multiarray -Inumpy/core/src/umath -Inumpy/core/src/npysort -I/usr/local/include/python2.7 -c'
      gcc: _configtest.c
      success!
      removing: _configtest.c _configtest.o
      C compiler: gcc -fno-strict-aliasing -g -O2 -DNDEBUG -g -fwrapv -O3 -Wall -Wstrict-prototypes -DTHREAD_STACK_SIZE=0x100000 -fPIC
      compile options: '-Inumpy/core/src/private -Inumpy/core/src -Inumpy/core -Inumpy/core/src/npymath -Inumpy/core/src/multiarray -Inumpy/core/src/umath -Inumpy/core/src/npysort -I/usr/local/include/python2.7 -c'
      gcc: _configtest.c
      success!
      removing: _configtest.c _configtest.o
      C compiler: gcc -fno-strict-aliasing -g -O2 -DNDEBUG -g -fwrapv -O3 -Wall -Wstrict-prototypes -DTHREAD_STACK_SIZE=0x100000 -fPIC
      compile options: '-Inumpy/core/src/private -Inumpy/core/src -Inumpy/core -Inumpy/core/src/npymath -Inumpy/core/src/multiarray -Inumpy/core/src/umath -Inumpy/core/src/npysort -I/usr/local/include/python2.7 -c'
      gcc: _configtest.c
      success!
      removing: _configtest.c _configtest.o
      C compiler: gcc -fno-strict-aliasing -g -O2 -DNDEBUG -g -fwrapv -O3 -Wall -Wstrict-prototypes -DTHREAD_STACK_SIZE=0x100000 -fPIC
      compile options: '-Inumpy/core/src/private -Inumpy/core/src -Inumpy/core -Inumpy/core/src/npymath -Inumpy/core/src/multiarray -Inumpy/core/src/umath -Inumpy/core/src/npysort -I/usr/local/include/python2.7 -c'
      gcc: _configtest.c
      success!
      removing: _configtest.c _configtest.o
      C compiler: gcc -fno-strict-aliasing -g -O2 -DNDEBUG -g -fwrapv -O3 -Wall -Wstrict-prototypes -DTHREAD_STACK_SIZE=0x100000 -fPIC
      compile options: '-Inumpy/core/src/private -Inumpy/core/src -Inumpy/core -Inumpy/core/src/npymath -Inumpy/core/src/multiarray -Inumpy/core/src/umath -Inumpy/core/src/npysort -I/usr/local/include/python2.7 -c'
      gcc: _configtest.c
      _configtest.c: In function 'main':
      _configtest.c:5:16: warning: variable 'test_array' set but not used [-Wunused-but-set-variable]
           static int test_array [1 - 2 * !(((long) (sizeof (npy_check_sizeof_type))) >= 0)];
                      ^~~~~~~~~~
      removing: _configtest.c _configtest.o
      C compiler: gcc -fno-strict-aliasing -g -O2 -DNDEBUG -g -fwrapv -O3 -Wall -Wstrict-prototypes -DTHREAD_STACK_SIZE=0x100000 -fPIC
      compile options: '-Inumpy/core/src/private -Inumpy/core/src -Inumpy/core -Inumpy/core/src/npymath -Inumpy/core/src/multiarray -Inumpy/core/src/umath -Inumpy/core/src/npysort -I/usr/local/include/python2.7 -c'
      gcc: _configtest.c
      _configtest.c: In function 'main':
      _configtest.c:5:16: warning: variable 'test_array' set but not used [-Wunused-but-set-variable]
           static int test_array [1 - 2 * !(((long) (sizeof (npy_check_sizeof_type))) == 4)];
                      ^~~~~~~~~~
      removing: _configtest.c _configtest.o
      C compiler: gcc -fno-strict-aliasing -g -O2 -DNDEBUG -g -fwrapv -O3 -Wall -Wstrict-prototypes -DTHREAD_STACK_SIZE=0x100000 -fPIC
      compile options: '-Inumpy/core/src/private -Inumpy/core/src -Inumpy/core -Inumpy/core/src/npymath -Inumpy/core/src/multiarray -Inumpy/core/src/umath -Inumpy/core/src/npysort -I/usr/local/include/python2.7 -c'
      gcc: _configtest.c
      _configtest.c: In function 'main':
      _configtest.c:5:16: warning: variable 'test_array' set but not used [-Wunused-but-set-variable]
           static int test_array [1 - 2 * !(((long) (sizeof (npy_check_sizeof_type))) >= 0)];
                      ^~~~~~~~~~
      removing: _configtest.c _configtest.o
      C compiler: gcc -fno-strict-aliasing -g -O2 -DNDEBUG -g -fwrapv -O3 -Wall -Wstrict-prototypes -DTHREAD_STACK_SIZE=0x100000 -fPIC
      compile options: '-Inumpy/core/src/private -Inumpy/core/src -Inumpy/core -Inumpy/core/src/npymath -Inumpy/core/src/multiarray -Inumpy/core/src/umath -Inumpy/core/src/npysort -I/usr/local/include/python2.7 -c'
      gcc: _configtest.c
      _configtest.c: In function 'main':
      _configtest.c:5:16: warning: variable 'test_array' set but not used [-Wunused-but-set-variable]
           static int test_array [1 - 2 * !(((long) (sizeof (npy_check_sizeof_type))) == 8)];
                      ^~~~~~~~~~
      removing: _configtest.c _configtest.o
      C compiler: gcc -fno-strict-aliasing -g -O2 -DNDEBUG -g -fwrapv -O3 -Wall -Wstrict-prototypes -DTHREAD_STACK_SIZE=0x100000 -fPIC
      compile options: '-Inumpy/core/src/private -Inumpy/core/src -Inumpy/core -Inumpy/core/src/npymath -Inumpy/core/src/multiarray -Inumpy/core/src/umath -Inumpy/core/src/npysort -I/usr/local/include/python2.7 -c'
      gcc: _configtest.c
      success!
      removing: _configtest.c _configtest.o
      C compiler: gcc -fno-strict-aliasing -g -O2 -DNDEBUG -g -fwrapv -O3 -Wall -Wstrict-prototypes -DTHREAD_STACK_SIZE=0x100000 -fPIC
      compile options: '-Inumpy/core/src/private -Inumpy/core/src -Inumpy/core -Inumpy/core/src/npymath -Inumpy/core/src/multiarray -Inumpy/core/src/umath -Inumpy/core/src/npysort -I/usr/local/include/python2.7 -c'
      gcc: _configtest.c
      _configtest.c: In function 'main':
      _configtest.c:5:16: warning: variable 'test_array' set but not used [-Wunused-but-set-variable]
           static int test_array [1 - 2 * !(((long) (sizeof (npy_check_sizeof_type))) >= 0)];
                      ^~~~~~~~~~
      removing: _configtest.c _configtest.o
      C compiler: gcc -fno-strict-aliasing -g -O2 -DNDEBUG -g -fwrapv -O3 -Wall -Wstrict-prototypes -DTHREAD_STACK_SIZE=0x100000 -fPIC
      compile options: '-Inumpy/core/src/private -Inumpy/core/src -Inumpy/core -Inumpy/core/src/npymath -Inumpy/core/src/multiarray -Inumpy/core/src/umath -Inumpy/core/src/npysort -I/usr/local/include/python2.7 -c'
      gcc: _configtest.c
      _configtest.c: In function 'main':
      _configtest.c:5:16: warning: variable 'test_array' set but not used [-Wunused-but-set-variable]
           static int test_array [1 - 2 * !(((long) (sizeof (npy_check_sizeof_type))) == 8)];
                      ^~~~~~~~~~
      removing: _configtest.c _configtest.o
      C compiler: gcc -fno-strict-aliasing -g -O2 -DNDEBUG -g -fwrapv -O3 -Wall -Wstrict-prototypes -DTHREAD_STACK_SIZE=0x100000 -fPIC
      compile options: '-Inumpy/core/src/private -Inumpy/core/src -Inumpy/core -Inumpy/core/src/npymath -Inumpy/core/src/multiarray -Inumpy/core/src/umath -Inumpy/core/src/npysort -I/usr/local/include/python2.7 -c'
      gcc: _configtest.c
      _configtest.c: In function 'main':
      _configtest.c:5:16: warning: variable 'test_array' set but not used [-Wunused-but-set-variable]
           static int test_array [1 - 2 * !(((long) (sizeof (npy_check_sizeof_type))) >= 0)];
                      ^~~~~~~~~~
      removing: _configtest.c _configtest.o
      C compiler: gcc -fno-strict-aliasing -g -O2 -DNDEBUG -g -fwrapv -O3 -Wall -Wstrict-prototypes -DTHREAD_STACK_SIZE=0x100000 -fPIC
      compile options: '-Inumpy/core/src/private -Inumpy/core/src -Inumpy/core -Inumpy/core/src/npymath -Inumpy/core/src/multiarray -Inumpy/core/src/umath -Inumpy/core/src/npysort -I/usr/local/include/python2.7 -c'
      gcc: _configtest.c
      _configtest.c: In function 'main':
      _configtest.c:5:16: warning: variable 'test_array' set but not used [-Wunused-but-set-variable]
           static int test_array [1 - 2 * !(((long) (sizeof (npy_check_sizeof_type))) == 16)];
                      ^~~~~~~~~~
      removing: _configtest.c _configtest.o
      C compiler: gcc -fno-strict-aliasing -g -O2 -DNDEBUG -g -fwrapv -O3 -Wall -Wstrict-prototypes -DTHREAD_STACK_SIZE=0x100000 -fPIC
      compile options: '-Inumpy/core/src/private -Inumpy/core/src -Inumpy/core -Inumpy/core/src/npymath -Inumpy/core/src/multiarray -Inumpy/core/src/umath -Inumpy/core/src/npysort -I/usr/local/include/python2.7 -c'
      gcc: _configtest.c
      _configtest.c: In function 'main':
      _configtest.c:7:12: error: 'SIZEOF_LONGDOUBLE' undeclared (first use in this function)
           (void) SIZEOF_LONGDOUBLE;
                  ^~~~~~~~~~~~~~~~~
      _configtest.c:7:12: note: each undeclared identifier is reported only once for each function it appears in
      _configtest.c: In function 'main':
      _configtest.c:7:12: error: 'SIZEOF_LONGDOUBLE' undeclared (first use in this function)
           (void) SIZEOF_LONGDOUBLE;
                  ^~~~~~~~~~~~~~~~~
      _configtest.c:7:12: note: each undeclared identifier is reported only once for each function it appears in
      failure.
      removing: _configtest.c _configtest.o
      C compiler: gcc -fno-strict-aliasing -g -O2 -DNDEBUG -g -fwrapv -O3 -Wall -Wstrict-prototypes -DTHREAD_STACK_SIZE=0x100000 -fPIC
      compile options: '-Inumpy/core/src/private -Inumpy/core/src -Inumpy/core -Inumpy/core/src/npymath -Inumpy/core/src/multiarray -Inumpy/core/src/umath -Inumpy/core/src/npysort -I/usr/local/include/python2.7 -c'
      gcc: _configtest.c
      _configtest.c: In function 'main':
      _configtest.c:5:16: warning: variable 'test_array' set but not used [-Wunused-but-set-variable]
           static int test_array [1 - 2 * !(((long) (sizeof (npy_check_sizeof_type))) >= 0)];
                      ^~~~~~~~~~
      removing: _configtest.c _configtest.o
      C compiler: gcc -fno-strict-aliasing -g -O2 -DNDEBUG -g -fwrapv -O3 -Wall -Wstrict-prototypes -DTHREAD_STACK_SIZE=0x100000 -fPIC
      compile options: '-Inumpy/core/src/private -Inumpy/core/src -Inumpy/core -Inumpy/core/src/npymath -Inumpy/core/src/multiarray -Inumpy/core/src/umath -Inumpy/core/src/npysort -I/usr/local/include/python2.7 -c'
      gcc: _configtest.c
      _configtest.c: In function 'main':
      _configtest.c:5:16: warning: variable 'test_array' set but not used [-Wunused-but-set-variable]
           static int test_array [1 - 2 * !(((long) (sizeof (npy_check_sizeof_type))) == 16)];
                      ^~~~~~~~~~
      removing: _configtest.c _configtest.o