    $ make check-notidy TESTNAME='sepcomp-lib-lto'
    cfg: version 1.1.0-dev (3906edf41 2015-05-09) (built 2015-05-10)
    cfg: build triple x86_64-pc-windows-gnu
    cfg: host triples x86_64-pc-windows-gnu
    cfg: target triples x86_64-pc-windows-gnu
    cfg: enabling debug assertions (CFG_ENABLE_DEBUG_ASSERTIONS)
    cfg: enabling debuginfo (CFG_ENABLE_DEBUGINFO)
    cfg: host for x86_64-pc-windows-gnu is x86_64
    cfg: os for x86_64-pc-windows-gnu is pc-windows-gnu
    cfg: good valgrind for x86_64-pc-windows-gnu is
    cfg: using CC=gcc (CFG_CC)
    cfg: disabling valgrind run-pass tests
    cfg: no xelatex found, disabling LaTeX docs
    cfg: no pandoc found, omitting PDF and EPUB docs
    cfg: including test rules
    cfg: javac not available, skipping lexer test...
    run rpass [x86_64-pc-windows-gnu]: x86_64-pc-windows-gnu/stage2/bin/compiletest.exe
    running 1 test
    test [run-pass] run-pass/sepcomp-lib-lto.rs ... FAILED
    failures:
    ---- [run-pass] run-pass/sepcomp-lib-lto.rs stdout ----
    error: compilation failed!
    status: exit code: 3
    command: PATH="x86_64-pc-windows-gnu/stage2/bin;C:\msys64\home\rust\x86_64-pc-windows-gnu\stage2\bin;C:\msys64\mingw64\bin;C:\msys64\usr\local\bin;C:\msys64\usr\bin;C:\msys64\usr\bin" x86_64-pc-windows-gnu/stage2/bin/rustc.exe C:/msys64/home/rust/src/test/run-pass/sepcomp-lib-lto.rs -L x86_64-pc-windows-gnu/test/run-pass/ --target=x86_64-pc-windows-gnu -L x86_64-pc-windows-gnu/test/run-pass\sepcomp-lib-lto.stage2-x86_64-pc-windows-gnu.run-pass.libaux -o x86_64-pc-windows-gnu/test/run-pass\sepcomp-lib-lto.stage2-x86_64-pc-windows-gnu.exe --cfg rtopt --cfg debug -O -L x86_64-pc-windows-gnu/rt -C lto
    stdout:
    ------------------------------------------
    ------------------------------------------
    stderr:
    ------------------------------------------
    This application has requested the Runtime to terminate it in an unusual way.
    Please contact the application's support team for more information.
    Assertion failed!
    Program: C:\msys64\home\rust\x86_64-pc-windows-gnu\stage2\bin\rustc.exe
    File: C:/msys64/home/rust/src/llvm/lib/CodeGen/LexicalScopes.cpp, Line 179
    Expression: DISubprogram(Scope).describes(MF->getFunction())
    ------------------------------------------
    thread '[run-pass] run-pass/sepcomp-lib-lto.rs' panicked at 'explicit panic', C:/msys64/home/rust/src/compiletest\runtest.rs:1525
    failures:
        [run-pass] run-pass/sepcomp-lib-lto.rs
    test result: FAILED. 0 passed; 1 failed; 0 ignored; 0 measured
I'm using msys2 x64 on Windows 7 and a fresh clone of Rust.
cc #23566