### Ticket Information
- **Original Ticket:** [http://projects.scipy.org/scipy/ticket/827](http://projects.scipy.org/scipy/ticket/827)
- **Date:** 2008-12-28
- **Reporter:** @nilswagner01
- **Assigned To:** Unknown

### Environment
- **Scipy Version:** 0.7.0.dev5294
- **Numpy Version:** 1.3.0.dev6221
- **Python Version:** 2.6

### Issue Description
When running `scipy.test()`, several errors occur in the `test_vq.py` module, specifically related to the `kmeans2` function. The errors are all due to a `ValueError` indicating that the total size of the new array must remain unchanged.

### Error Details

#### 1. Testing `kmeans2` Init Methods
- **Test Function:** `test_kmeans2_init`
- **File Path:** `/home/nwagner/local/lib64/python2.6/site-packages/scipy/cluster/tests/test_vq.py`
- **Line Number:** 147
- **Traceback:**
  ```python
  Traceback (most recent call last):
    File "/home/nwagner/local/lib64/python2.6/site-packages/scipy/cluster/tests/test_vq.py", line 147, in test_kmeans2_init
      data = data.reshape((200, 2))
  ValueError: total size of new array must be unchanged
  ```

#### 2. Testing Simple Call to `kmeans2` with Rank 1 Data
- **Test Function:** `test_kmeans2_rank1`
- **File Path:** `/home/nwagner/local/lib64/python2.6/site-packages/scipy/cluster/tests/test_vq.py`
- **Line Number:** 127
- **Traceback:**
  ```python
  Traceback (most recent call last):
    File "/home/nwagner/local/lib64/python2.6/site-packages/scipy/cluster/tests/test_vq.py", line 127, in test_kmeans2_rank1
      data = data.reshape((200, 2))
  ValueError: total size of new array must be unchanged
  ```

#### 3. Testing Simple Call to `kmeans2` with Rank 1 Data (Second Occurrence)
- **Test Function:** `test_kmeans2_rank1_2`
- **File Path:** `/home/nwagner/local/lib64/python2.6/site-packages/scipy/cluster/tests/test_vq.py`
- **Line Number:** 139
- **Traceback:**
  ```python
  Traceback (most recent call last):
    File "/home/nwagner/local/lib64/python2.6/site-packages/scipy/cluster/tests/test_vq.py", line 139, in test_kmeans2_rank1_2
      data = data.reshape((200, 2))
  ValueError: total size of new array must be unchanged
  ```

#### 4. Testing `kmeans` with a Cluster Having No Points
- **Test Function:** `test_kmeans_lost_cluster`
- **File Path:** `/home/nwagner/local/lib64/python2.6/site-packages/scipy/cluster/tests/test_vq.py`
- **Line Number:** 96
- **Traceback:**
  ```python
  Traceback (most recent call last):
    File "/home/nwagner/local/lib64/python2.6/site-packages/scipy/cluster/tests/test_vq.py", line 96, in test_kmeans_lost_cluster
      data = data.reshape((200, 2))
  ValueError: total size of new array must be unchanged
  ```

### Summary
The `kmeans2` function in the `scipy.cluster.vq` module is failing tests due to an attempt to reshape the data array to a shape that does not match the total number of elements. This issue needs to be addressed to ensure the `kmeans2` function works correctly with the specified data shapes.