### Bug Report: TensorFlow Import Failure on Fresh Windows 10 Installation

#### Description
I am submitting this as a bug report because I encountered an error when attempting to import TensorFlow after a clean installation of the operating system. The error occurs even with the most basic `import tensorflow as tf` command, without any custom code.

#### System Information
- **Custom Code**: No, the error occurs with the basic `import tensorflow as tf` command.
- **OS Platform and Distribution**: Windows 10 Home, version 1703, fresh install (the only other software installed is Chrome and Anaconda distribution of Python 3.6).
- **TensorFlow Installation Method**: Binary. Followed the official instructions, using `pip` instead of `pip3`:
  ```sh
  pip install --upgrade tensorflow-gpu
  ```
- **TensorFlow Version**: 1.3 (latest from the repository at the time of writing)
- **Python Version**: Python 3.6.1 :: Anaconda custom (64-bit)
- **CUDA/cuDNN Version**:
  ```sh
  nvcc --version
  nvcc: NVIDIA (R) Cuda compiler driver
  Copyright (c) 2005-2016 NVIDIA Corporation
  Built on Mon_Jan__9_17:32:33_CST_2017
  Cuda compilation tools, release 8.0, V8.0.60
  ```
- **GPU Model and Memory**: NVIDIA GeForce GTX 960M, Approx. Total Memory: 18313 MB
- **Exact Command to Reproduce**:
  ```python
  import tensorflow as tf
  ```

#### Problem Description
After re-imaging my Windows 10 laptop, I installed Chrome, the latest Anaconda Python 3.6, and followed the official TensorFlow installation instructions. I installed CUDA and cuDNN from NVIDIA's website as required by TensorFlow. 

When I attempted to import TensorFlow, I encountered an exception related to a missing setuptools file. I upgraded setuptools and reinstalled TensorFlow with the `--force-reinstall` flag, which claimed to have installed TensorFlow without errors. However, the `import tensorflow as tf` command still fails with the following traceback:

#### Source Code / Logs
```python
(C:\Users\someuser\Anaconda3) C:\Users\someuser>python
Python 3.6.1 |Anaconda custom (64-bit)| (default, May 11 2017, 13:25:24) [MSC v.1900 64 bit (AMD64)] on win32
Type "help", "copyright", "credits" or "license" for more information.
>>> import tensorflow as tf
Traceback (most recent call last):
  File "C:\Users\someuser\Anaconda3\lib\site-packages\tensorflow\python\pywrap_tensorflow_internal.py", line 18, in swig_import_helper
    return importlib.import_module(mname)
  File "C:\Users\someuser\Anaconda3\lib\importlib\__init__.py", line 126, in import_module
    return _bootstrap._gcd_import(name[level:], package, level)
  File "", line 978, in _gcd_import
  File "", line 961, in _find_and_load
  File "", line 950, in _find_and_load_unlocked
  File "", line 648, in _load_unlocked
  File "", line 560, in module_from_spec
  File "", line 922, in create_module
  File "", line 205, in _call_with_frames_removed
ImportError: DLL load failed: The specified module could not be found.
During handling of the above exception, another exception occurred:
Traceback (most recent call last):
  File "C:\Users\someuser\Anaconda3\lib\site-packages\tensorflow\python\pywrap_tensorflow.py", line 41, in 
    from tensorflow.python.pywrap_tensorflow_internal import *
  File "C:\Users\someuser\Anaconda3\lib\site-packages\tensorflow\python\pywrap_tensorflow_internal.py", line 21, in 
    _pywrap_tensorflow_internal = swig_import_helper()
  File "C:\Users\someuser\Anaconda3\lib\site-packages\tensorflow\python\pywrap_tensorflow_internal.py", line 20, in swig_import_helper
    return importlib.import_module('_pywrap_tensorflow_internal')
  File "C:\Users\someuser\Anaconda3\lib\importlib\__init__.py", line 126, in import_module
    return _bootstrap._gcd_import(name[level:], package, level)
ModuleNotFoundError: No module named '_pywrap_tensorflow_internal'
During handling of the above exception, another exception occurred:
Traceback (most recent call last):
  File "", line 1, in 
  File "C:\Users\someuser\Anaconda3\lib\site-packages\tensorflow\__init__.py", line 24, in 
    from tensorflow.python import *
  File "C:\Users\someuser\Anaconda3\lib\site-packages\tensorflow\python\__init__.py", line 49, in 
    from tensorflow.python import pywrap_tensorflow
  File "C:\Users\someuser\Anaconda3\lib\site-packages\tensorflow\python\pywrap_tensorflow.py", line 52, in 
    raise ImportError(msg)
ImportError: Traceback (most recent call last):
  File "C:\Users\someuser\Anaconda3\lib\site-packages\tensorflow\python\pywrap_tensorflow_internal.py", line 18, in swig_import_helper
    return importlib.import_module(mname)
  File "C:\Users\someuser\Anaconda3\lib\importlib\__init__.py", line 126, in import_module
    return _bootstrap._gcd_import(name[level:], package, level)
  File "", line 978, in _gcd_import
  File "", line 961, in _find_and_load
  File "", line 950, in _find_and_load_unlocked
  File "", line 648, in _load_unlocked
  File "", line 560, in module_from_spec
  File "", line 922, in create_module
  File "", line 205, in _call_with_frames_removed
ImportError: DLL load failed: The specified module could not be found.
During handling of the above exception, another exception occurred:
Traceback (most recent call last):
  File "C:\Users\someuser\Anaconda3\lib\site-packages\tensorflow\python\pywrap_tensorflow.py", line 41, in 
    from tensorflow.python.pywrap_tensorflow_internal import *
  File "C:\Users\someuser\Anaconda3\lib\site-packages\tensorflow\python\pywrap_tensorflow_internal.py", line 21, in 
    _pywrap_tensorflow_internal = swig_import_helper()
  File "C:\Users\someuser\Anaconda3\lib\site-packages\tensorflow\python\pywrap_tensorflow_internal.py", line 20, in swig_import_helper
    return importlib.import_module('_pywrap_tensorflow_internal')
  File "C:\Users\someuser\Anaconda3\lib\importlib\__init__.py", line 126, in import_module
    return _bootstrap._gcd_import(name[level:], package, level)
ModuleNotFoundError: No module named '_pywrap_tensorflow_internal'
Failed to load the native TensorFlow runtime.
See https://www.tensorflow.org/install/install_sources#common_installation_problems
for some common reasons and solutions. Include the entire stack trace
above this error message when asking for help.
```

#### Additional Notes
- I initially saw an exception related to a missing setuptools file, but I did not record the exact error message.
- After upgrading setuptools and reinstalling TensorFlow, the installation completed without errors, but the import still fails.

Thank you for your assistance in resolving this issue.