##### System information (version)
  * OpenCV => 4.0.0
  * Operating System / Platform => Ubuntu 18.04
  * Compiler => gcc 7.3.0
##### Detailed description
Hi all,
I am trying to compile OpenCV 4.0.0 release version on Ubuntu 18.04 but got
this
    [ 72%] Building CXX object modules/world/CMakeFiles/opencv_perf_gapi.dir/__/gapi/perf/internal/gapi_compiler_perf_tests.cpp.o
    /home/owen/Downloads/opencv-4.0.0/modules/gapi/perf/internal/gapi_compiler_perf_tests.cpp: In member function ‘virtual void opencv_test::CompilerPerfTest_TestPerformance_Test::PerfTestBody()’:
    /home/owen/Downloads/opencv-4.0.0/modules/gapi/perf/internal/gapi_compiler_perf_tests.cpp:26:29: error: ‘split3’ is not a member of ‘cv::gapi’
       auto splitted = cv::gapi::split3(in);
                                 ^~~~~~
    /home/owen/Downloads/opencv-4.0.0/modules/gapi/perf/internal/gapi_compiler_perf_tests.cpp:27:25: error: ‘addC’ is not a member of ‘cv::gapi’
       auto add1 = cv::gapi::addC({1}, std::get(splitted));
                             ^~~~
    /home/owen/Downloads/opencv-4.0.0/modules/gapi/perf/internal/gapi_compiler_perf_tests.cpp:28:25: error: ‘addC’ is not a member of ‘cv::gapi’
       auto add2 = cv::gapi::addC({2}, std::get(splitted));
                             ^~~~
    /home/owen/Downloads/opencv-4.0.0/modules/gapi/perf/internal/gapi_compiler_perf_tests.cpp:29:25: error: ‘addC’ is not a member of ‘cv::gapi’
       auto add3 = cv::gapi::addC({3}, std::get(splitted));
                             ^~~~
    /home/owen/Downloads/opencv-4.0.0/modules/gapi/perf/internal/gapi_compiler_perf_tests.cpp:30:24: error: ‘merge3’ is not a member of ‘cv::gapi’
       auto out = cv::gapi::merge3(add1, add2, add3);
                            ^~~~~~
    /home/owen/Downloads/opencv-4.0.0/modules/gapi/perf/internal/gapi_compiler_perf_tests.cpp:35:65: error: ‘cv::gapi::core’ has not been declared
           c.apply(in_mat1, out_mat_gapi, cv::compile_args(cv::gapi::core::fluid::kernels()));
                                                                     ^~~~
    modules/world/CMakeFiles/opencv_perf_gapi.dir/build.make:230: recipe for target 'modules/world/CMakeFiles/opencv_perf_gapi.dir/__/gapi/perf/internal/gapi_compiler_perf_tests.cpp.o' failed
    make[2]: *** [modules/world/CMakeFiles/opencv_perf_gapi.dir/__/gapi/perf/internal/gapi_compiler_perf_tests.cpp.o] Error 1
    CMakeFiles/Makefile2:8188: recipe for target 'modules/world/CMakeFiles/opencv_perf_gapi.dir/all' failed
    make[1]: *** [modules/world/CMakeFiles/opencv_perf_gapi.dir/all] Error 2
    Makefile:162: recipe for target 'all' failed
    make: *** [all] Error 2
Any idea? Thanks!