### 测试结果概览

以下是测试结果的详细列表，展示了每个模块及其对应的测试用例数量。其中部分测试未能通过，并附有具体的错误信息。

| 模块名称                          | 测试用例数 |
|---------------------------------|----------|
| MozillaCACerts_jll              | 1        |
| reducedim                       | 841      |
| DelimitedFiles                  | 89       |
| Logging                         | 39       |
| ArgTools                        | 180      |
| FileWatching                    | 556      |
| SuiteSparse_jll                 | 1        |
| LinearAlgebra/bunchkaufman      | 5285     |
| Dates/periods                   | 946      |
| Mmap                            | 139      |
| Markdown                        | 251      |
| UUIDs                           | 1029     |
| Zlib_jll                        | 1        |
| dSFMT_jll                       | 1        |
| libLLVM_jll                     | 1        |
| nghttp2_jll                     | 1        |
| p7zip_jll                       | 1        |
| Sockets                         | 165      |
| ranges                          | 12109758 |
| Downloads                       | 202      |
| Unicode                         | 764      |
| Serialization                   | 119      |
| LinearAlgebra/tridiag           | 1416     |
| InteractiveUtils                | 259      |
| Profile                         | 24       |
| Dates/ranges                    | 350637   |
| TOML                            | 408      |
| show                            | 1525     |
| SHA                             | 1        |
| LinearAlgebra/hessenberg        | 403      |
| LinearAlgebra/svd               | 540      |
| LinearAlgebra/lq                | 3005     |
| numbers                         | 1578563  |
| Tar                             | 2597     |
| Test                            | 375      |
| sorting                         | 12562    |
| Random                          | 203266   |
| abstractarray                   | 54974    |
| broadcast                       | 478      |
| Printf                          | 974      |
| LinearAlgebra/qr                | 4531     |
| arrayops                        | 1989     |
| iterators                       | 10067    |
| Statistics                      | 752      |
| LinearAlgebra/special           | 3159     |
| LinearAlgebra/lu                | 1287     |
| LibGit2/libgit2                 | 752      |
| LinearAlgebra/cholesky          | 2416     |
| SparseArrays/higherorderfns     | 7120     |
| SuiteSparse                     | 878      |
| cmdlineargs                     | 244      |
| bitarray                        | 912631   |
| LinearAlgebra/matmul            | 1026     |
| LinearAlgebra/dense             | 7881     |
| LinearAlgebra/bidiag            | 3597     |
| subarray                        | 318298   |
| LinearAlgebra/symmetric         | 2744     |
| REPL                            | 11       |
| floatfuncs                      | 221      |
| LinearAlgebra/diagonal          | 2628     |
| SparseArrays/sparsevector       | 10297    |
| SparseArrays/sparse             | 3681     |
| LinearAlgebra/triangular        | 37696    |
| LinearAlgebra/addmul            | 10368    |
| precompile                      | 116      |
| SharedArrays                    | 116      |
| threads                         | 3        |
| Distributed                     | 12       |
| stress                          | 118      |

### 测试失败详情

#### 下载模块 (Downloads)
在 `Downloads` 模块中，多个测试用例未能通过：

- **测试文件**: `/data/jw/julia/usr/share/julia/stdlib/v1.7/Downloads/test/runtests.jl`
- **行号**: 224, 225, 230, 231
- **错误描述**:
  - 表达式 `startswith(err.message, "Could not resolve host")` 期望返回 `true`，但实际返回 `false`。
  - 表达式 `err.response.proto === nothing` 期望返回 `true`，但实际返回 `false`。

#### 交互式编程环境 (REPL)
在 `REPL` 模块中，以下测试用例未能通过：

- **测试文件**: `/data/jw/julia/usr/share/julia/stdlib/v1.7/REPL/test/repl.jl`
- **行号**: 280
- **错误描述**:
  - 表达式 `s == "\r\r\n"` 期望返回 `true`，但实际返回 `false`。

此外，在 `REPL` 模块中还遇到了一个异常：
- **异常类型**: `LoadError`
- **异常消息**: `"hard kill repl test"`
- **堆栈跟踪**:
  ```julia
  [1] try_yieldto(undo::typeof(Base.ensure_rescheduled))
    @ Base ./task.jl:705
  [2] wait
    @ ./task.jl:764 [inlined]
  [3] wait(c::Base.GenericCondition{Base.Threads.SpinLock})
    @ Base ./condition.jl:113
  [4] readuntil(x::Base.PipeEndpoint, c::UInt8; keep::Bool)
    @ Base ./stream.jl:958
  [5] readuntil_string
    @ ./io.jl:771 [inlined]
  [6] readuntil(io::Base.PipeEndpoint, target::String; keep::Bool)
    @ Base ./io.jl:891
  [7] (::Main.Test59Main_REPL.REPLTests.var"#18#24")(stdin_write::Base.PipeEndpoint, stdout_read::Base.PipeEndpoint, repl::REPL.LineEditREPL)
    @ Main.Test59Main_REPL.REPLTests /data/jw/julia/usr/share/julia/stdlib/v1.7/REPL/test/repl.jl:284
  [8] fake_repl(f::Any; options::REPL.Options)
    @ Main.Test59Main_REPL.REPLTests /data/jw/julia/usr/share/julia/stdlib/v1.7/REPL/test/repl.jl:54
  [9] top-level scope
    @ /data/jw/julia/usr/share/julia/stdlib/v1.7/REPL/test/repl.jl:93
  [10] include(mod::Module, _path::String)
    @ Base ./Base.jl:386
  [11] include(x::String)
    @ Main.Test59Main_REPL.REPLTests /data/jw/julia/usr/share/julia/stdlib/v1.7/REPL/test/runtests.jl:3
  [12] top-level scope
    @ /data/jw/julia/usr/share/julia/stdlib/v1.7/REPL/test/runtests.jl:4
  [13] include
    @ ./Base.jl:386 [inlined]
  [14] macro expansion
    @ /data/jw/julia/test/testdefs.jl:24 [inlined]
  [15] macro expansion
    @ /data/jw/julia/usr/share/julia/stdlib/v1.7/Test/src/Test.jl:1152 [inlined]
  [16] macro expansion
    @ /data/jw/julia/test/testdefs.jl:23 [inlined]
  [17] macro expansion
    @ ./timing.jl:356 [inlined]
  [18] runtests(name::String, path::String, isolate::Bool; seed::UInt128)
    @ Main /data/jw/julia/test/testdefs.jl:21
  [19] (::Distributed.var"#106#108"{Distributed.CallMsg{:call_fetch}})()
    @ Distributed /data/jw/julia/usr/share/julia/stdlib/v1.7/Distributed/src/process_messages.jl:278
  [20] run_work_thunk(thunk::Distributed.var"#106#108"{Distributed.CallMsg{:call_fetch}}, print_error::Bool)
    @ Distributed /data/jw/julia/usr/share/julia/stdlib/v1.7/Distributed/src/process_messages.jl:63
  [21] macro expansion
    @ /data/jw/julia/usr/share/julia/stdlib/v1.7/Distributed/src/process_messages.jl:278 [inlined]
  [22] (::Distributed.var"#105#107"{Distributed.CallMsg{:call_fetch}, Distributed.MsgHeader, Sockets.TCPSocket})()
    @ Distributed ./task.jl:406
  ```

### 其他信息
- **全局随机数生成器种子**: `0xe61a3dd16fb9dc0d13edd37bd3d1eb45`
- **构建命令**: `make[1]: *** [Makefile:25: all] Error 1`
- **最终错误代码**: `make: *** [Makefile:536: testall] Error 2`

请检查上述失败的测试用例和异常信息，以确定问题的具体原因并进行修复。