### System information
  * **Have I written custom code (as opposed to using a stock example script provided in TensorFlow)** : only import tensorflow
  * **OS Platform and Distribution (e.g., Linux Ubuntu 16.04)** : windows 10
  * **Mobile device (e.g. iPhone 8, Pixel 2, Samsung Galaxy) if the issue happens on mobile device** : no
  * **TensorFlow installed from (source or binary)** : pip
  * **TensorFlow version (use command below)** :
  * **Python version** : 3.7.3
  * **Bazel version (if compiling from source)** :
  * **GCC/Compiler version (if compiling from source)** :
  * **CUDA/cuDNN version** : cuda 10.1, cudnn v.7.5
  * **GPU model and memory** : gtx 1070
  * **Exact command to reproduce** :
You can collect some of this information using our environment capture script:
https://github.com/tensorflow/tensorflow/tree/master/tools/tf_env_collect.sh
You can obtain the TensorFlow version with:
    python -c "import tensorflow as tf; print(tf.GIT_VERSION, tf.VERSION)"
## and this is the error
Traceback (most recent call last):  
File "C:\Users\kevol\Anaconda3\envs\tensorflow\lib\site-
packages\tensorflow\python\pywrap_tensorflow.py", line 58, in  
from tensorflow.python.pywrap_tensorflow_internal import *  
File "C:\Users\kevol\Anaconda3\envs\tensorflow\lib\site-
packages\tensorflow\python\pywrap_tensorflow_internal.py", line 28, in  
_pywrap_tensorflow_internal = swig_import_helper()  
File "C:\Users\kevol\Anaconda3\envs\tensorflow\lib\site-
packages\tensorflow\python\pywrap_tensorflow_internal.py", line 24, in
swig_import_helper  
_mod = imp.load_module('_pywrap_tensorflow_internal', fp, pathname,
description)  
File "C:\Users\kevol\Anaconda3\envs\tensorflow\lib\imp.py", line 242, in
load_module  
return load_dynamic(name, filename, file)  
File "C:\Users\kevol\Anaconda3\envs\tensorflow\lib\imp.py", line 342, in
load_dynamic  
return _load(spec)  
ImportError: DLL load failed: The specified module could not be found.
During handling of the above exception, another exception occurred:
Traceback (most recent call last):  
File "", line 1, in  
File "C:\Users\kevol\Anaconda3\envs\tensorflow\lib\site-packages\tensorflow_
_init_ _.py", line 24, in  
from tensorflow.python import pywrap_tensorflow # pylint: disable=unused-
import  
File "C:\Users\kevol\Anaconda3\envs\tensorflow\lib\site-
packages\tensorflow\python_ _init_ _.py", line 49, in  
from tensorflow.python import pywrap_tensorflow  
File "C:\Users\kevol\Anaconda3\envs\tensorflow\lib\site-
packages\tensorflow\python\pywrap_tensorflow.py", line 74, in  
raise ImportError(msg)  
ImportError: Traceback (most recent call last):  
File "C:\Users\kevol\Anaconda3\envs\tensorflow\lib\site-
packages\tensorflow\python\pywrap_tensorflow.py", line 58, in  
from tensorflow.python.pywrap_tensorflow_internal import *  
File "C:\Users\kevol\Anaconda3\envs\tensorflow\lib\site-
packages\tensorflow\python\pywrap_tensorflow_internal.py", line 28, in  
_pywrap_tensorflow_internal = swig_import_helper()  
File "C:\Users\kevol\Anaconda3\envs\tensorflow\lib\site-
packages\tensorflow\python\pywrap_tensorflow_internal.py", line 24, in
swig_import_helper  
_mod = imp.load_module('_pywrap_tensorflow_internal', fp, pathname,
description)  
File "C:\Users\kevol\Anaconda3\envs\tensorflow\lib\imp.py", line 242, in
load_module  
return load_dynamic(name, filename, file)  
File "C:\Users\kevol\Anaconda3\envs\tensorflow\lib\imp.py", line 342, in
load_dynamic  
return _load(spec)  
ImportError: DLL load failed: The specified module could not be found.
Failed to load the native TensorFlow runtime.
See https://www.tensorflow.org/install/errors
for some common reasons and solutions. Include the entire stack trace  
above this error message when asking for help.