With  
bazel 0.26.1  
gcc 7.4  
cuda 10.1 update 2
and the latest git clone of tensorflow, I hit the following error at the bazel
build command
    ERROR: /home/mh.naderan/.cache/bazel/_bazel_mh.naderan/dacf7a124fc721f30ac789c201b3b139/external/llvm/BUILD.bazel:201:1: C++ compilation of rule '@llvm//:llvm-tblgen' failed (Exit 1)
    In file included from external/llvm/include/llvm/TableGen/Record.h:27:0,
                     from external/llvm/utils/TableGen/SubtargetFeatureInfo.h:13,
                     from external/llvm/utils/TableGen/SubtargetFeatureInfo.cpp:9:
    external/llvm/include/llvm/Support/TrailingObjects.h: In static member function 'static void llvm::TrailingObjects::verifyTrailingObjectsAssertions()':
    external/llvm/include/llvm/Support/TrailingObjects.h:252:24: error: 'is_final' is not a member of 'std'
         static_assert(std::is_final(), "BaseTy must be final.");
                            ^~~~~~~~
    external/llvm/include/llvm/Support/TrailingObjects.h:252:24: note: suggested alternative: 'is_heap'
         static_assert(std::is_final(), "BaseTy must be final.");
                            ^~~~~~~~
                            is_heap
    external/llvm/include/llvm/Support/TrailingObjects.h:252:39: error: expected primary-expression before '>' token
         static_assert(std::is_final(), "BaseTy must be final.");
                                           ^
    external/llvm/include/llvm/Support/TrailingObjects.h:252:41: error: expected primary-expression before ')' token
         static_assert(std::is_final(), "BaseTy must be final.");
                                             ^
    Target //tensorflow/tools/pip_package:build_pip_package failed to build
    Use --verbose_failures to see the command lines of failed build steps.
    INFO: Elapsed time: 442.171s, Critical Path: 25.05s
    INFO: 1254 processes: 1254 local.
    FAILED: Build did NOT complete successfully