Hello everyone,

I have encountered a series of bugs in the latest version of Julia. My application relies heavily on tasks and dynamically generated Julia code, which is executed within these tasks. After running the application for approximately 3-20 minutes, I experience crashes in a seemingly random order. I have tested this with both the debug and release versions of Julia.

Here is the version information:
```julia
julia> versioninfo()
Julia Version 0.4.3
Commit a2f713d (2016-01-12 21:37 UTC)
Platform Info:
  System: Windows (x86_64-w64-mingw32)
  CPU: Intel(R) Core(TM) i7-4700HQ CPU @ 2.40GHz
  WORD_SIZE: 64
  BLAS: libopenblas (USE64BITINT DYNAMIC_ARCH NO_AFFINITY Haswell)
  LAPACK: libopenblas64_
  LIBM: libopenlibm
  LLVM: libLLVM-3.3
```

### Error Messages

#### First Error
```
Assertion failed!
Program: c:\Users\User\AppData\Local\Julia-0.4.3\bin\julia-debug.exe
File: toplevel.c, Line 839
Expression: jl_is_function(f)
This application has requested the Runtime to terminate it in an unusual way.
Please contact the application's support team for more information.
```

#### Second Error
```
Please submit a bug report with steps to reproduce this fault, and any error messages that follow (in their entirety). Thanks.
Exception: EXCEPTION_ACCESS_VIOLATION at 0x70116290 -- utf8proc_NFKC at c:\Users\User\AppData\Local\Julia-0.4.3\bin\libjulia-debug.dll (unknown line)
utf8proc_NFKC at c:\Users\User\AppData\Local\Julia-0.4.3\bin\libjulia-debug.dll (unknown line)
jl_static_eval at c:\Users\User\AppData\Local\Julia-0.4.3\bin\libjulia-debug.dll (unknown line)
jl_static_eval at c:\Users\User\AppData\Local\Julia-0.4.3\bin\libjulia-debug.dll (unknown line)
jl_static_eval at c:\Users\User\AppData\Local\Julia-0.4.3\bin\libjulia-debug.dll (unknown line)
jl_static_eval at c:\Users\User\AppData\Local\Julia-0.4.3\bin\libjulia-debug.dll (unknown line)
julia_type_to_llvm at c:\Users\User\AppData\Local\Julia-0.4.3\bin\libjulia-debug.dll (unknown line)
jl_compile at c:\Users\User\AppData\Local\Julia-0.4.3\bin\libjulia-debug.dll (unknown line)
jl_trampoline_compile_function at c:\Users\User\AppData\Local\Julia-0.4.3\bin\libjulia-debug.dll (unknown line)
jl_trampoline at c:\Users\User\AppData\Local\Julia-0.4.3\bin\libjulia-debug.dll (unknown line)
anonymous at G:\my\projects\jevo\src\Creature.jl:247
jl_get_system_hooks at c:\Users\User\AppData\Local\Julia-0.4.3\bin\libjulia-debug.dll (unknown line)
jl_get_system_hooks at c:\Users\User\AppData\Local\Julia-0.4.3\bin\libjulia-debug.dll (unknown line)
```

#### Third Error
```
Please submit a bug report with steps to reproduce this fault, and any error messages that follow (in their entirety). Thanks.
Exception: EXCEPTION_ACCESS_VIOLATION at 0x64f417e8 -- jl_write_malloc_log at c:\Users\User\AppData\Local\Julia-0.4.3\bin\libjulia.dll (unknown line)
jl_write_malloc_log at c:\Users\User\AppData\Local\Julia-0.4.3\bin\libjulia.dll (unknown line)
jl_extern_c at c:\Users\User\AppData\Local\Julia-0.4.3\bin\libjulia.dll (unknown line)
jl_extern_c at c:\Users\User\AppData\Local\Julia-0.4.3\bin\libjulia.dll (unknown line)
jl_load_and_lookup at c:\Users\User\AppData\Local\Julia-0.4.3\bin\libjulia.dll (unknown line)
jl_compile at c:\Users\User\AppData\Local\Julia-0.4.3\bin\libjulia.dll (unknown line)
jl_trampoline at c:\Users\User\AppData\Local\Julia-0.4.3\bin\libjulia.dll (unknown line)
anonymous at g:\my\projects\jevo\src\Creature.jl:247
jl_unprotect_stack at c:\Users\User\AppData\Local\Julia-0.4.3\bin\libjulia.dll (unknown line)
```

#### Fourth Error
```
Please submit a bug report with steps to reproduce this fault, and any error messages that follow (in their entirety). Thanks.
Exception: EXCEPTION_ACCESS_VIOLATION at 0x64f1732d -- jl_add_method at c:\Users\User\AppData\Local\Julia-0.4.3\bin\libjulia.dll (unknown line)
jl_add_method at c:\Users\User\AppData\Local\Julia-0.4.3\bin\libjulia.dll (unknown line)
jl_method_def at c:\Users\User\AppData\Local\Julia-0.4.3\bin\libjulia.dll (unknown line)
anonymous at no file:0
anonymous at g:\my\projects\jevo\src\Creature.jl:247
jl_unprotect_stack at c:\Users\User\AppData\Local\Julia-0.4.3\bin\libjulia.dll (unknown line)
```

### High-Level Code Example

Due to the complexity and size of the application, it is challenging to provide a minimal reproducible example. However, here is a high-level representation of the relevant code:

```julia
module Test
  type Organism
    code::Expr
    codeFn::Function
  end

  type OrganismTask
    task::Task
    organism::Organism
  end

  tasks = OrganismTask[]

  function born(o::Organism)
    return function ()
      while true
        produce()
        try
          o.codeFn(o)
        catch
          # Handle exceptions
        end
      end
    end
  end

  function run()
    for i in 1:500
      org = Organism(:(function (o) return 1 end), function (o) return 1 end)
      task = Task(born(org))
      push!(tasks, OrganismTask(task, org))
    end

    while true
      for i in 1:500
        consume(tasks[i].task)
        # Modify the organism's code
        tasks[i].organism.codeFn = eval(tasks[i].organism.code)
      end
      # Remove and add tasks from/to the tasks variable
    end
  end
end
```

If it is difficult to identify the errors using this sample, you can run my project on your machine to reproduce the issues. The project does not require any special environment to run, and I can provide detailed steps to reproduce the errors.

Thank you very much. Julia is a great language!

Best regards,
[Your Name]