在尝试使用 `requests` 库访问 URL `https://r8---sn-q4f7snss.googlevideo.com` 时，遇到了以下错误：

```python
>>> import requests
>>> response = requests.get("https://r8---sn-q4f7snss.googlevideo.com")
Traceback (most recent call last):
  File "/usr/local/lib/python3.4/dist-packages/requests/models.py", line 370, in prepare_url
    host = idna.encode(host, uts46=True).decode('utf-8')
  File "/usr/local/lib/python3.4/dist-packages/requests/packages/idna/core.py", line 355, in encode
    result.append(alabel(label))
  File "/usr/local/lib/python3.4/dist-packages/requests/packages/idna/core.py", line 276, in alabel
    check_label(label)
  File "/usr/local/lib/python3.4/dist-packages/requests/packages/idna/core.py", line 253, in check_label
    raise InvalidCodepoint('Codepoint {0} at position {1} of {2} not allowed'.format(_unot(cp_value), pos+1, repr(label)))
requests.packages.idna.core.InvalidCodepoint: Codepoint U+0027 at position 2 of "b'r8---sn-q4f7snss'" not allowed
During handling of the above exception, another exception occurred:
Traceback (most recent call last):
  File "", line 1, in 
  File "/usr/local/lib/python3.4/dist-packages/requests/api.py", line 70, in get
    return request('get', url, params=params, **kwargs)
  File "/usr/local/lib/python3.4/dist-packages/requests/api.py", line 56, in request
    return session.request(method=method, url=url, **kwargs)
  File "/usr/local/lib/python3.4/dist-packages/requests/sessions.py", line 474, in request
    prep = self.prepare_request(req)
  File "/usr/local/lib/python3.4/dist-packages/requests/sessions.py", line 407, in prepare_request
    hooks=merge_hooks(request.hooks, self.hooks),
  File "/usr/local/lib/python3.4/dist-packages/requests/models.py", line 302, in prepare
    self.prepare_url(url, params)
  File "/usr/local/lib/python3.4/dist-packages/requests/models.py", line 372, in prepare_url
    raise InvalidURL('URL has an invalid label.')
requests.exceptions.InvalidURL: URL has an invalid label.
```

### 错误分析
从错误信息来看，问题出在 URL 的域名部分。具体来说，IDNA 编码过程中检测到一个无效的代码点（Codepoint U+0027），这导致了 `InvalidCodepoint` 异常。进一步地，这个异常被处理后引发了 `InvalidURL` 异常。

### 解决方案
1. **检查 URL 格式**：确保 URL 是有效的，并且没有包含任何非法字符。
2. **更新 `requests` 库**：您当前使用的 `requests` 版本是 2.12.0，建议升级到最新版本，因为新版本可能已经修复了这个问题。
   ```sh
   pip install --upgrade requests
   ```

3. **使用正确的 URL**：如果 URL 是从其他地方获取的，请确保它没有被错误地编码或修改。

如果您确定 URL 是正确的，并且仍然遇到问题，可以考虑使用其他方法来处理 IDNA 编码问题，或者直接联系服务器管理员确认 URL 的正确性。