    ImportError: The Python Imaging Library (PIL) is required to load data from jpeg files. Please refer to https://pillow.readthedocs.io/en/stable/installation.html for installing PIL.
    /home/sik/code/scikit-learn/sklearn/feature_extraction/image.py:343: UnexpectedException
    ___________________________ test_lda_predict ___________________________
        def test_lda_predict():
            # Test LDA classification.
            # This checks that LDA implements fit and predict and returns correct
            # values for simple toy data.
            for test_case in solver_shrinkage:
                solver, shrinkage = test_case
                clf = LinearDiscriminantAnalysis(solver=solver, shrinkage=shrinkage)
                y_pred = clf.fit(X, y).predict(X)
                assert_array_equal(y_pred, y, 'solver %s' % solver)
                # Assert that it works with 1D data
                y_pred1 = clf.fit(X1, y).predict(X1)
                assert_array_equal(y_pred1, y, 'solver %s' % solver)
                # Test probability estimates
                y_proba_pred1 = clf.predict_proba(X1)
                assert_array_equal((y_proba_pred1[:, 1] > 0.5) + 1, y,
                                   'solver %s' % solver)
                y_log_proba_pred1 = clf.predict_log_proba(X1)
                assert_array_almost_equal(np.exp(y_log_proba_pred1), y_proba_pred1,
    >                                     8, 'solver %s' % solver)
    E           AssertionError: 
    E           Arrays are not almost equal to 8 decimals
    E           solver svd
    E           Mismatch: 16.7%
    E           Max absolute difference: 5.9604645e-08
    E           Max relative difference: 4.7683716e-07
    E            x: array([[9.9999994e-01, 1.1253517e-07],
    E                  [9.9966466e-01, 3.3535002e-04],
    E                  [9.9966466e-01, 3.3535002e-04],...
    E            y: array([[9.99999881e-01, 1.12535155e-07],
    E                  [9.99664664e-01, 3.35350138e-04],
    E                  [9.99664664e-01, 3.35350138e-04],...
    sklearn/tests/test_discriminant_analysis.py:80: AssertionError
    ======================= short test summary info ========================
    SKIPPED [3] /home/sik/code/scikit-learn/sklearn/ensemble/_hist_gradient_boosting/tests/test_compare_lightgbm.py:17: could not import 'lightgbm': No module named 'lightgbm'
    SKIPPED [1] /home/sik/miniconda3/envs/test-sklearn/lib/python3.7/site-packages/_pytest/unittest.py:238: This test is failing on the buildbot, but cannot reproduce. Temporarily disabling it until it can be reproduced and  fixed.
    SKIPPED [1] /home/sik/code/scikit-learn/sklearn/compose/tests/test_column_transformer.py:132: could not import 'pandas': No module named 'pandas'
    SKIPPED [2] /home/sik/code/scikit-learn/sklearn/compose/tests/test_column_transformer.py:263: could not import 'pandas': No module named 'pandas'
    SKIPPED [1] /home/sik/code/scikit-learn/sklearn/compose/tests/test_column_transformer.py:467: could not import 'pandas': No module named 'pandas'
    SKIPPED [1] /home/sik/code/scikit-learn/sklearn/compose/tests/test_column_transformer.py:538: could not import 'pandas': No module named 'pandas'
    SKIPPED [9] /home/sik/code/scikit-learn/sklearn/compose/tests/test_column_transformer.py:812: could not import 'pandas': No module named 'pandas'
    SKIPPED [1] /home/sik/code/scikit-learn/sklearn/compose/tests/test_column_transformer.py:1054: could not import 'pandas': No module named 'pandas'
    SKIPPED [2] /home/sik/code/scikit-learn/sklearn/compose/tests/test_column_transformer.py:1091: could not import 'pandas': No module named 'pandas'
    SKIPPED [1] /home/sik/code/scikit-learn/sklearn/compose/tests/test_column_transformer.py:1125: could not import 'pandas': No module named 'pandas'
    SKIPPED [3] /home/sik/miniconda3/envs/test-sklearn/lib/python3.7/site-packages/_pytest/unittest.py:238: Download 20 newsgroups to run this test
    SKIPPED [1] /home/sik/miniconda3/envs/test-sklearn/lib/python3.7/site-packages/_pytest/unittest.py:238: Covertype dataset can not be loaded.
    SKIPPED [2] /home/sik/miniconda3/envs/test-sklearn/lib/python3.7/site-packages/_pytest/unittest.py:238: kddcup99 dataset can not be loaded.
    SKIPPED [5] /home/sik/miniconda3/envs/test-sklearn/lib/python3.7/site-packages/_pytest/unittest.py:238: PIL not installed.
    SKIPPED [1] sklearn/datasets/tests/test_olivetti_faces.py:20: Download Olivetti faces dataset to run this test
    SKIPPED [1] /home/sik/code/scikit-learn/sklearn/datasets/tests/test_openml.py:289: could not import 'pandas': No module named 'pandas'
    SKIPPED [1] /home/sik/code/scikit-learn/sklearn/datasets/tests/test_openml.py:329: could not import 'pandas': No module named 'pandas'
    SKIPPED [1] /home/sik/code/scikit-learn/sklearn/datasets/tests/test_openml.py:348: could not import 'pandas': No module named 'pandas'
    SKIPPED [1] /home/sik/code/scikit-learn/sklearn/datasets/tests/test_openml.py:389: could not import 'pandas': No module named 'pandas'
    SKIPPED [1] /home/sik/code/scikit-learn/sklearn/datasets/tests/test_openml.py:426: could not import 'pandas': No module named 'pandas'
    SKIPPED [1] /home/sik/code/scikit-learn/sklearn/datasets/tests/test_openml.py:478: could not import 'pandas': No module named 'pandas'
    SKIPPED [1] /home/sik/code/scikit-learn/sklearn/datasets/tests/test_openml.py:490: could not import 'pandas': No module named 'pandas'
    SKIPPED [1] /home/sik/code/scikit-learn/sklearn/datasets/tests/test_openml.py:518: could not import 'pandas': No module named 'pandas'
    SKIPPED [1] /home/sik/code/scikit-learn/sklearn/datasets/tests/test_openml.py:557: could not import 'pandas': No module named 'pandas'
    SKIPPED [1] /home/sik/code/scikit-learn/sklearn/datasets/tests/test_openml.py:595: could not import 'pandas': No module named 'pandas'
    SKIPPED [1] /home/sik/code/scikit-learn/sklearn/datasets/tests/test_openml.py:633: could not import 'pandas': No module named 'pandas'
    SKIPPED [1] /home/sik/miniconda3/envs/test-sklearn/lib/python3.7/site-packages/_pytest/unittest.py:238: Download RCV1 dataset to run this test.
    SKIPPED [1] sklearn/datasets/tests/test_svmlight_format.py:188: testing the overflow of 32 bit sparse indexing requires a large amount of memory
    SKIPPED [1] sklearn/decomposition/tests/test_sparse_pca.py:134: skipping mini_batch_fit_transform.
    SKIPPED [34] /home/sik/code/scikit-learn/sklearn/conftest.py:18: could not import 'matplotlib': No module named 'matplotlib'
    SKIPPED [2] /home/sik/code/scikit-learn/sklearn/impute/tests/test_impute.py:315: could not import 'pandas': No module named 'pandas'
    SKIPPED [2] /home/sik/code/scikit-learn/sklearn/impute/tests/test_impute.py:428: could not import 'pandas': No module named 'pandas'
    SKIPPED [2] /home/sik/code/scikit-learn/sklearn/inspection/tests/test_permutation_importance.py:52: could not import 'pandas': No module named 'pandas'
    SKIPPED [1] /home/sik/code/scikit-learn/sklearn/inspection/tests/test_permutation_importance.py:114: could not import 'pandas': No module named 'pandas'
    SKIPPED [2] /home/sik/code/scikit-learn/sklearn/linear_model/tests/test_logistic.py:1306: liblinear does not support multinomial logistic
    SKIPPED [1] /home/sik/code/scikit-learn/sklearn/manifold/tests/test_spectral_embedding.py:166: could not import 'pyamg': No module named 'pyamg'
    SKIPPED [1] /home/sik/code/scikit-learn/sklearn/manifold/tests/test_spectral_embedding.py:196: could not import 'pyamg': No module named 'pyamg'
    SKIPPED [1] /home/sik/miniconda3/envs/test-sklearn/lib/python3.7/site-packages/_pytest/doctest.py:351: all tests skipped by +SKIP option
    SKIPPED [4] /home/sik/code/scikit-learn/sklearn/preprocessing/tests/test_data.py:866: 'with_mean=True' cannot be used with sparse matrix.
    SKIPPED [2] /home/sik/code/scikit-learn/sklearn/preprocessing/tests/test_data.py:1077: RobustScaler cannot center sparse matrix
    SKIPPED [3] /home/sik/code/scikit-learn/sklearn/preprocessing/tests/test_encoders.py:127: could not import 'pandas': No module named 'pandas'
    SKIPPED [2] /home/sik/code/scikit-learn/sklearn/preprocessing/tests/test_encoders.py:283: could not import 'pandas': No module named 'pandas'
    SKIPPED [1] /home/sik/code/scikit-learn/sklearn/preprocessing/tests/test_encoders.py:378: could not import 'pandas': No module named 'pandas'
    SKIPPED [4] /home/sik/code/scikit-learn/sklearn/preprocessing/tests/test_encoders.py:450: could not import 'pandas': No module named 'pandas'
    SKIPPED [1] /home/sik/code/scikit-learn/sklearn/preprocessing/tests/test_encoders.py:584: could not import 'pandas': No module named 'pandas'
    SKIPPED [1] /home/sik/code/scikit-learn/sklearn/preprocessing/tests/test_function_transformer.py:157: could not import 'pandas': No module named 'pandas'
    SKIPPED [1] /home/sik/miniconda3/envs/test-sklearn/lib/python3.7/site-packages/_pytest/unittest.py:238: Can't instantiate estimator ColumnTransformer which requires parameters ['transformers']
    SKIPPED [1] /home/sik/miniconda3/envs/test-sklearn/lib/python3.7/site-packages/_pytest/unittest.py:238: Can't instantiate estimator FeatureUnion which requires parameters ['transformer_list']
    SKIPPED [1] /home/sik/miniconda3/envs/test-sklearn/lib/python3.7/site-packages/_pytest/unittest.py:238: Can't instantiate estimator GridSearchCV which requires parameters ['estimator', 'param_grid']
    SKIPPED [1] /home/sik/miniconda3/envs/test-sklearn/lib/python3.7/site-packages/_pytest/unittest.py:238: Can't instantiate estimator Pipeline which requires parameters ['steps']
    SKIPPED [1] /home/sik/miniconda3/envs/test-sklearn/lib/python3.7/site-packages/_pytest/unittest.py:238: Can't instantiate estimator RandomizedSearchCV which requires parameters ['estimator', 'param_distributions']
    SKIPPED [1] /home/sik/miniconda3/envs/test-sklearn/lib/python3.7/site-packages/_pytest/unittest.py:238: Can't instantiate estimator SparseCoder which requires parameters ['dictionary']
    SKIPPED [1] /home/sik/miniconda3/envs/test-sklearn/lib/python3.7/site-packages/_pytest/unittest.py:238: Can't instantiate estimator VotingClassifier which requires parameters ['estimators']
    SKIPPED [1] /home/sik/miniconda3/envs/test-sklearn/lib/python3.7/site-packages/_pytest/unittest.py:238: Can't instantiate estimator VotingRegressor which requires parameters ['estimators']
    SKIPPED [50] /home/sik/miniconda3/envs/test-sklearn/lib/python3.7/site-packages/_pytest/unittest.py:238: pandas is not installed: not testing for input of type pandas.Series to class weight.
    SKIPPED [1] /home/sik/miniconda3/envs/test-sklearn/lib/python3.7/site-packages/_pytest/unittest.py:238: score_samples of BernoulliRBM is not invariant when applied to a subset.
    SKIPPED [3] /home/sik/miniconda3/envs/test-sklearn/lib/python3.7/site-packages/_pytest/unittest.py:238: Skipping check_estimators_data_not_an_array for cross decomposition module as estimators are not deterministic.
    SKIPPED [1] /home/sik/miniconda3/envs/test-sklearn/lib/python3.7/site-packages/_pytest/unittest.py:238: predict of DummyClassifier is not invariant when applied to a subset.
    SKIPPED [1] /home/sik/miniconda3/envs/test-sklearn/lib/python3.7/site-packages/_pytest/unittest.py:238: transform of MiniBatchSparsePCA is not invariant when applied to a subset.
    SKIPPED [1] /home/sik/miniconda3/envs/test-sklearn/lib/python3.7/site-packages/_pytest/unittest.py:238: Not testing NuSVC class weight as it is ignored.
    SKIPPED [1] /home/sik/miniconda3/envs/test-sklearn/lib/python3.7/site-packages/_pytest/unittest.py:238: decision_function of NuSVC is not invariant when applied to a subset.
    SKIPPED [1] /home/sik/miniconda3/envs/test-sklearn/lib/python3.7/site-packages/_pytest/unittest.py:238: transform of SparsePCA is not invariant when applied to a subset.
    SKIPPED [2] /home/sik/miniconda3/envs/test-sklearn/lib/python3.7/site-packages/_pytest/unittest.py:238: numpydoc is required to test the docstrings
    SKIPPED [1] /home/sik/code/scikit-learn/sklearn/utils/tests/test_multiclass.py:299: could not import 'pandas': No module named 'pandas'
    SKIPPED [37] /home/sik/code/scikit-learn/sklearn/utils/tests/test_utils.py:239: could not import 'pandas': No module named 'pandas'
    SKIPPED [39] /home/sik/code/scikit-learn/sklearn/utils/tests/test_utils.py:242: could not import 'pandas': No module named 'pandas'
    SKIPPED [1] /home/sik/code/scikit-learn/sklearn/utils/tests/test_utils.py:423: could not import 'pandas': No module named 'pandas'
    SKIPPED [1] /home/sik/code/scikit-learn/sklearn/utils/tests/test_utils.py:444: could not import 'pandas': No module named 'pandas'
    SKIPPED [2] /home/sik/code/scikit-learn/sklearn/utils/tests/test_utils.py:466: could not import 'pandas': No module named 'pandas'
    SKIPPED [1] /home/sik/miniconda3/envs/test-sklearn/lib/python3.7/site-packages/_pytest/unittest.py:238: Pandas not found
    SKIPPED [1] /home/sik/code/scikit-learn/sklearn/utils/tests/test_validation.py:719: could not import 'pandas': No module named 'pandas'
    SKIPPED [1] /home/sik/code/scikit-learn/sklearn/utils/tests/test_validation.py:732: could not import 'pandas': No module named 'pandas'
    = 3 failed, 13147 passed, 265 skipped, 6 xfailed, 1572 warnings in 409.77s (0:06:49) =
     This problem is unconstrained.
    RUNNING THE L-BFGS-B CODE
               * * *
    Machine precision = 2.220D-16
     N =            3     M =           10
    At X0         0 variables are exactly at the bounds
    At iterate    0    f=  1.38629D+02    |proj g|=  6.27865D+01
               * * *
    Tit   = total number of iterations
    Tnf   = total number of function evaluations
    Tnint = total number of segments explored during Cauchy searches
    Skip  = number of BFGS updates skipped
    Nact  = number of active bounds at final generalized Cauchy point
    Projg = norm of the final projected gradient
    F     = final function value
               * * *
       N    Tit     Tnf  Tnint  Skip  Nact     Projg        F
        3      1      2      1     0     0   2.422D+01   9.713D+01
      F =   97.133816163368223     
    STOP: TOTAL NO. of ITERATIONS REACHED LIMIT                 
     Cauchy                time 0.000E+00 seconds.
     Subspace minimization time 0.000E+00 seconds.
     Line search           time 0.000E+00 seconds.
     Total User time 0.000E+00 seconds.
Here is the output of `conda list`
    # packages in environment at /home/sik/miniconda3/envs/test-sklearn:
    #
    # Name                    Version                   Build  Channel
    _libgcc_mutex             0.1                        main  
    atomicwrites              1.3.0                      py_0    conda-forge
    attrs                     19.1.0                     py_0    conda-forge
    bzip2                     1.0.8                h516909a_0    conda-forge
    ca-certificates           2019.6.16            hecc5488_0    conda-forge
    certifi                   2019.6.16                py37_1    conda-forge
    cython                    0.29.13          py37he1b5a44_0    conda-forge
    importlib_metadata        0.20                     py37_0    conda-forge
    joblib                    0.13.2                   pypi_0    pypi
    libblas                   3.8.0               12_openblas    conda-forge
    libcblas                  3.8.0               12_openblas    conda-forge
    libffi                    3.2.1             he1b5a44_1006    conda-forge
    libgcc-ng                 9.1.0                hdf63c60_0  
    libgfortran-ng            7.3.0                hdf63c60_0  
    liblapack                 3.8.0               12_openblas    conda-forge
    libopenblas               0.3.7                h6e990d7_1    conda-forge
    libstdcxx-ng              9.1.0                hdf63c60_0  
    more-itertools            7.2.0                      py_0    conda-forge
    ncurses                   6.1               hf484d3e_1002    conda-forge
    numpy                     1.17.1           py37h95a1406_0    conda-forge
    openssl                   1.1.1c               h516909a_0    conda-forge
    packaging                 19.0                       py_0    conda-forge
    pip                       19.2.3                   py37_0    conda-forge
    pluggy                    0.12.0                     py_0    conda-forge
    py                        1.8.0                      py_0    conda-forge
    pyparsing                 2.4.2                      py_0    conda-forge
    pytest                    5.1.2                    py37_0    conda-forge
    python                    3.7.3                h33d41f4_1    conda-forge
    readline                  8.0                  hf8c457e_0    conda-forge
    scikit-learn              0.22.dev0                 dev_0    
    scipy                     1.3.1            py37h921218d_2    conda-forge
    setuptools                41.2.0                   py37_0    conda-forge
    six                       1.12.0                py37_1000    conda-forge
    sqlite                    3.29.0               hcee41ef_1    conda-forge
    tk                        8.6.9             hed695b0_1002    conda-forge
    wcwidth                   0.1.7                      py_1    conda-forge
    wheel                     0.33.6                   py37_0    conda-forge
    xz                        5.2.4             h14c3975_1001    conda-forge
    zipp                      0.6.0                      py_0    conda-forge
    zlib                      1.2.11            h516909a_1005    conda-forge