    sklearn.utils.tests.test_utils.test_safe_indexing_mock_pandas ... ok
    sklearn.utils.tests.test_utils.test_shuffle_on_ndim_equals_three ... ok
    Failure: ImportError (cannot import name check_arrays) ... ERROR
    Failure: ImportError (cannot import name check_arrays) ... ERROR
    Failure: ImportError (cannot import name check_arrays) ... ERROR
    sklearn.tests.test_check_build.test_raise_build_error ... ok
    Failure: ImportError (cannot import name check_arrays) ... ERROR
    Failure: ImportError (cannot import name check_arrays) ... ERROR
    Failure: ImportError (cannot import name random_choice_csc) ... ERROR
    Failure: ImportError (cannot import name check_arrays) ... ERROR
    Failure: ImportError (cannot import name check_arrays) ... ERROR
    sklearn.tests.test_init.test_import_skl ... FAIL
    sklearn.tests.test_isotonic.test_permutation_invariance ... ok
    sklearn.tests.test_isotonic.test_check_increasing_up ... ok
    sklearn.tests.test_isotonic.test_check_increasing_up_extreme ... ok
    sklearn.tests.test_isotonic.test_check_increasing_down ... ok
    sklearn.tests.test_isotonic.test_check_increasing_down_extreme ... ok
    sklearn.tests.test_isotonic.test_check_ci_warn ... ok
    sklearn.tests.test_isotonic.test_isotonic_regression ... ok
    sklearn.tests.test_isotonic.test_isotonic_regression_ties_min ... ok
    sklearn.tests.test_isotonic.test_isotonic_regression_ties_max ... ok
    Test isotonic regression fit, transform  and fit_transform ... ok
    sklearn.tests.test_isotonic.test_isotonic_regression_reversed ... ok
    sklearn.tests.test_isotonic.test_isotonic_regression_auto_decreasing ... ok
    sklearn.tests.test_isotonic.test_isotonic_regression_auto_increasing ... ok
    sklearn.tests.test_isotonic.test_assert_raises_exceptions ... ok
    sklearn.tests.test_isotonic.test_isotonic_sample_weight_parameter_default_value ... ok
    sklearn.tests.test_isotonic.test_isotonic_min_max_boundaries ... ok
    sklearn.tests.test_isotonic.test_isotonic_sample_weight ... ok
    sklearn.tests.test_isotonic.test_isotonic_regression_oob_raise ... ok
    sklearn.tests.test_isotonic.test_isotonic_regression_oob_clip ... ok
    sklearn.tests.test_isotonic.test_isotonic_regression_oob_nan ... ok
    sklearn.tests.test_isotonic.test_isotonic_regression_oob_bad ... ok
    sklearn.tests.test_isotonic.test_isotonic_regression_oob_bad_after ... ok
    sklearn.tests.test_isotonic.test_isotonic_regression_pickle ... ok
    sklearn.tests.test_isotonic.test_isotonic_duplicate_min_entry ... ok
    sklearn.tests.test_isotonic.test_isotonic_zero_weight_loop ... ok
    Failure: ImportError (cannot import name check_arrays) ... ERROR
    Failure: ImportError (cannot import name check_arrays) ... ERROR
    Failure: ImportError (cannot import name check_arrays) ... ERROR
    Failure: ImportError (cannot import name check_arrays) ... ERROR
    Failure: ImportError (cannot import name check_arrays) ... ERROR
    Failure: ImportError (cannot import name check_arrays) ... ERROR
    Failure: ImportError (cannot import name check_arrays) ... ERROR
    Failure: ImportError (cannot import name check_arrays) ... ERROR
    sklearn.tests.test_qda.test_qda ... ok
    sklearn.tests.test_qda.test_qda_priors ... ok
    sklearn.tests.test_qda.test_qda_store_covariances ... ok
    sklearn.tests.test_qda.test_qda_regularization ... ok
    Failure: ImportError (cannot import name check_arrays) ... ERROR
    ======================================================================
    ERROR: Failure: ImportError (cannot import name check_arrays)
    ----------------------------------------------------------------------
    Traceback (most recent call last):
      File "//anaconda/lib/python2.7/site-packages/nose/loader.py", line 414, in loadTestsFromName
        addr.filename, addr.module)
      File "//anaconda/lib/python2.7/site-packages/nose/importer.py", line 47, in importFromPath
        return self.importFromDir(dir_path, fqname)
      File "//anaconda/lib/python2.7/site-packages/nose/importer.py", line 94, in importFromDir
        mod = load_module(part_fqname, fh, filename, desc)
      File "//anaconda/lib/python2.7/site-packages/sklearn/cluster/__init__.py", line 6, in 
        from .spectral import spectral_clustering, SpectralClustering
      File "//anaconda/lib/python2.7/site-packages/sklearn/cluster/spectral.py", line 16, in 
        from ..metrics.pairwise import pairwise_kernels
      File "//anaconda/lib/python2.7/site-packages/sklearn/metrics/__init__.py", line 31, in 
        from . import cluster
      File "//anaconda/lib/python2.7/site-packages/sklearn/metrics/cluster/__init__.py", line 21, in 
        from .bicluster import consensus_score
      File "//anaconda/lib/python2.7/site-packages/sklearn/metrics/cluster/bicluster/__init__.py", line 1, in 
        from .bicluster_metrics import consensus_score
      File "//anaconda/lib/python2.7/site-packages/sklearn/metrics/cluster/bicluster/bicluster_metrics.py", line 6, in 
        from sklearn.utils.validation import check_arrays
    ImportError: cannot import name check_arrays
    ======================================================================
    ERROR: Failure: ImportError (cannot import name check_arrays)
    ----------------------------------------------------------------------
    Traceback (most recent call last):
      File "//anaconda/lib/python2.7/site-packages/nose/loader.py", line 414, in loadTestsFromName
        addr.filename, addr.module)
      File "//anaconda/lib/python2.7/site-packages/nose/importer.py", line 47, in importFromPath
        return self.importFromDir(dir_path, fqname)
      File "//anaconda/lib/python2.7/site-packages/nose/importer.py", line 94, in importFromDir
        mod = load_module(part_fqname, fh, filename, desc)
      File "//anaconda/lib/python2.7/site-packages/sklearn/covariance/__init__.py", line 15, in 
        from .graph_lasso_ import graph_lasso, GraphLasso, GraphLassoCV
      File "//anaconda/lib/python2.7/site-packages/sklearn/covariance/graph_lasso_.py", line 22, in 
        from ..linear_model import lars_path
      File "//anaconda/lib/python2.7/site-packages/sklearn/linear_model/__init__.py", line 15, in 
        from .least_angle import (Lars, LassoLars, lars_path, LarsCV, LassoLarsCV,
      File "//anaconda/lib/python2.7/site-packages/sklearn/linear_model/least_angle.py", line 25, in 
        from ..cross_validation import _check_cv as check_cv
      File "//anaconda/lib/python2.7/site-packages/sklearn/cross_validation.py", line 32, in 
        from .metrics.scorer import check_scoring
      File "//anaconda/lib/python2.7/site-packages/sklearn/metrics/__init__.py", line 31, in 
        from . import cluster
      File "//anaconda/lib/python2.7/site-packages/sklearn/metrics/cluster/__init__.py", line 21, in 
        from .bicluster import consensus_score
      File "//anaconda/lib/python2.7/site-packages/sklearn/metrics/cluster/bicluster/__init__.py", line 1, in 
        from .bicluster_metrics import consensus_score
      File "//anaconda/lib/python2.7/site-packages/sklearn/metrics/cluster/bicluster/bicluster_metrics.py", line 6, in 
        from sklearn.utils.validation import check_arrays
    ImportError: cannot import name check_arrays
    ======================================================================
    ERROR: Failure: ImportError (cannot import name check_arrays)
    ----------------------------------------------------------------------
    Traceback (most recent call last):
      File "//anaconda/lib/python2.7/site-packages/nose/loader.py", line 414, in loadTestsFromName
        addr.filename, addr.module)
      File "//anaconda/lib/python2.7/site-packages/nose/importer.py", line 47, in importFromPath
        return self.importFromDir(dir_path, fqname)
      File "//anaconda/lib/python2.7/site-packages/nose/importer.py", line 94, in importFromDir
        mod = load_module(part_fqname, fh, filename, desc)
      File "//anaconda/lib/python2.7/site-packages/sklearn/decomposition/__init__.py", line 10, in 
        from .kernel_pca import KernelPCA
      File "//anaconda/lib/python2.7/site-packages/sklearn/decomposition/kernel_pca.py", line 13, in 
        from ..metrics.pairwise import pairwise_kernels
      File "//anaconda/lib/python2.7/site-packages/sklearn/metrics/__init__.py", line 31, in 
        from . import cluster
      File "//anaconda/lib/python2.7/site-packages/sklearn/metrics/cluster/__init__.py", line 21, in 
        from .bicluster import consensus_score
      File "//anaconda/lib/python2.7/site-packages/sklearn/metrics/cluster/bicluster/__init__.py", line 1, in 
        from .bicluster_metrics import consensus_score
      File "//anaconda/lib/python2.7/site-packages/sklearn/metrics/cluster/bicluster/bicluster_metrics.py", line 6, in 
        from sklearn.utils.validation import check_arrays
    ImportError: cannot import name check_arrays
    ======================================================================
    ERROR: Failure: ImportError (cannot import name check_arrays)
    ----------------------------------------------------------------------
    Traceback (most recent call last):
      File "//anaconda/lib/python2.7/site-packages/nose/loader.py", line 414, in loadTestsFromName
        addr.filename, addr.module)
      File "//anaconda/lib/python2.7/site-packages/nose/importer.py", line 47, in importFromPath
        return self.importFromDir(dir_path, fqname)
      File "//anaconda/lib/python2.7/site-packages/nose/importer.py", line 94, in importFromDir
        mod = load_module(part_fqname, fh, filename, desc)
      File "//anaconda/lib/python2.7/site-packages/sklearn/ensemble/__init__.py", line 7, in 
        from .forest import RandomForestClassifier
      File "//anaconda/lib/python2.7/site-packages/sklearn/ensemble/forest.py", line 53, in 
        from ..feature_selection.from_model import _LearntSelectorMixin
      File "//anaconda/lib/python2.7/site-packages/sklearn/feature_selection/__init__.py", line 20, in 
        from .rfe import RFE
      File "//anaconda/lib/python2.7/site-packages/sklearn/feature_selection/rfe.py", line 17, in 
        from ..cross_validation import _check_cv as check_cv
      File "//anaconda/lib/python2.7/site-packages/sklearn/cross_validation.py", line 32, in 
        from .metrics.scorer import check_scoring
      File "//anaconda/lib/python2.7/site-packages/sklearn/metrics/__init__.py", line 31, in 
        from . import cluster
      File "//anaconda/lib/python2.7/site-packages/sklearn/metrics/cluster/__init__.py", line 21, in 
        from .bicluster import consensus_score
      File "//anaconda/lib/python2.7/site-packages/sklearn/metrics/cluster/bicluster/__init__.py", line 1, in 
        from .bicluster_metrics import consensus_score
      File "//anaconda/lib/python2.7/site-packages/sklearn/metrics/cluster/bicluster/bicluster_metrics.py", line 6, in 
        from sklearn.utils.validation import check_arrays
    ImportError: cannot import name check_arrays
    ======================================================================
    ERROR: Failure: ImportError (cannot import name multiprocessing)
    ----------------------------------------------------------------------
    Traceback (most recent call last):
      File "//anaconda/lib/python2.7/site-packages/nose/loader.py", line 414, in loadTestsFromName
        addr.filename, addr.module)
      File "//anaconda/lib/python2.7/site-packages/nose/importer.py", line 47, in importFromPath
        return self.importFromDir(dir_path, fqname)
      File "//anaconda/lib/python2.7/site-packages/nose/importer.py", line 94, in importFromDir
        mod = load_module(part_fqname, fh, filename, desc)
      File "//anaconda/lib/python2.7/site-packages/sklearn/externals/joblib/test/test_parallel.py", line 31, in 
        from ..parallel import Parallel, delayed, SafeFunction, WorkerInterrupt, \
    ImportError: cannot import name multiprocessing
    ======================================================================
    ERROR: Failure: ImportError (cannot import name check_arrays)
    ----------------------------------------------------------------------
    Traceback (most recent call last):
      File "//anaconda/lib/python2.7/site-packages/nose/loader.py", line 414, in loadTestsFromName
        addr.filename, addr.module)
      File "//anaconda/lib/python2.7/site-packages/nose/importer.py", line 47, in importFromPath
        return self.importFromDir(dir_path, fqname)
      File "//anaconda/lib/python2.7/site-packages/nose/importer.py", line 94, in importFromDir
        mod = load_module(part_fqname, fh, filename, desc)
      File "//anaconda/lib/python2.7/site-packages/sklearn/feature_extraction/tests/test_dict_vectorizer.py", line 14, in 
        from sklearn.feature_selection import SelectKBest, chi2
      File "//anaconda/lib/python2.7/site-packages/sklearn/feature_selection/__init__.py", line 20, in 
        from .rfe import RFE
      File "//anaconda/lib/python2.7/site-packages/sklearn/feature_selection/rfe.py", line 17, in 
        from ..cross_validation import _check_cv as check_cv
      File "//anaconda/lib/python2.7/site-packages/sklearn/cross_validation.py", line 32, in 
        from .metrics.scorer import check_scoring
      File "//anaconda/lib/python2.7/site-packages/sklearn/metrics/__init__.py", line 31, in 
        from . import cluster
      File "//anaconda/lib/python2.7/site-packages/sklearn/metrics/cluster/__init__.py", line 21, in 
        from .bicluster import consensus_score
      File "//anaconda/lib/python2.7/site-packages/sklearn/metrics/cluster/bicluster/__init__.py", line 1, in 
        from .bicluster_metrics import consensus_score
      File "//anaconda/lib/python2.7/site-packages/sklearn/metrics/cluster/bicluster/bicluster_metrics.py", line 6, in 
        from sklearn.utils.validation import check_arrays
    ImportError: cannot import name check_arrays
    ======================================================================
    ERROR: Failure: ImportError (cannot import name check_arrays)
    ----------------------------------------------------------------------
    Traceback (most recent call last):
      File "//anaconda/lib/python2.7/site-packages/nose/loader.py", line 414, in loadTestsFromName
        addr.filename, addr.module)
      File "//anaconda/lib/python2.7/site-packages/nose/importer.py", line 47, in importFromPath
        return self.importFromDir(dir_path, fqname)
      File "//anaconda/lib/python2.7/site-packages/nose/importer.py", line 94, in importFromDir
        mod = load_module(part_fqname, fh, filename, desc)
      File "//anaconda/lib/python2.7/site-packages/sklearn/feature_extraction/tests/test_text.py", line 15, in 
        from sklearn.cross_validation import train_test_split
      File "//anaconda/lib/python2.7/site-packages/sklearn/cross_validation.py", line 32, in 
        from .metrics.scorer import check_scoring
      File "//anaconda/lib/python2.7/site-packages/sklearn/metrics/__init__.py", line 31, in 
        from . import cluster
      File "//anaconda/lib/python2.7/site-packages/sklearn/metrics/cluster/__init__.py", line 21, in 
        from .bicluster import consensus_score
      File "//anaconda/lib/python2.7/site-packages/sklearn/metrics/cluster/bicluster/__init__.py", line 1, in 
        from .bicluster_metrics import consensus_score
      File "//anaconda/lib/python2.7/site-packages/sklearn/metrics/cluster/bicluster/bicluster_metrics.py", line 6, in 
        from sklearn.utils.validation import check_arrays
    ImportError: cannot import name check_arrays
    ======================================================================
    ERROR: Failure: ImportError (cannot import name check_arrays)
    ----------------------------------------------------------------------
    Traceback (most recent call last):
      File "//anaconda/lib/python2.7/site-packages/nose/loader.py", line 414, in loadTestsFromName
        addr.filename, addr.module)
      File "//anaconda/lib/python2.7/site-packages/nose/importer.py", line 47, in importFromPath
        return self.importFromDir(dir_path, fqname)
      File "//anaconda/lib/python2.7/site-packages/nose/importer.py", line 94, in importFromDir
        mod = load_module(part_fqname, fh, filename, desc)
      File "//anaconda/lib/python2.7/site-packages/sklearn/feature_selection/__init__.py", line 20, in 
        from .rfe import RFE
      File "//anaconda/lib/python2.7/site-packages/sklearn/feature_selection/rfe.py", line 17, in 
        from ..cross_validation import _check_cv as check_cv
      File "//anaconda/lib/python2.7/site-packages/sklearn/cross_validation.py", line 32, in 
        from .metrics.scorer import check_scoring
      File "//anaconda/lib/python2.7/site-packages/sklearn/metrics/__init__.py", line 31, in 
        from . import cluster
      File "//anaconda/lib/python2.7/site-packages/sklearn/metrics/cluster/__init__.py", line 21, in 
        from .bicluster import consensus_score
      File "//anaconda/lib/python2.7/site-packages/sklearn/metrics/cluster/bicluster/__init__.py", line 1, in 
        from .bicluster_metrics import consensus_score
      File "//anaconda/lib/python2.7/site-packages/sklearn/metrics/cluster/bicluster/bicluster_metrics.py", line 6, in 
        from sklearn.utils.validation import check_arrays
    ImportError: cannot import name check_arrays
    ======================================================================
    ERROR: Failure: ImportError (cannot import name check_arrays)
    ----------------------------------------------------------------------