Please go to Stack Overflow for help and support:
https://stackoverflow.com/questions/tagged/tensorflow
If you open a GitHub issue, here is our policy:
  1. It must be a bug, a feature request, or a significant problem with documentation (for small docs fixes please send a PR instead).
  2. The form below must be filled out.
  3. It shouldn't be a TensorBoard issue. Those go here.
**Here's why we have that policy** : TensorFlow developers respond to issues.
We want to focus on work that benefits the whole community, e.g., fixing bugs
and adding features. Support only helps individuals. GitHub also notifies
thousands of people when issues are filed. We want them to see you
communicating an interesting problem, rather than being redirected to Stack
Overflow.
* * *
### System information
  * **Have I written custom code (as opposed to using a stock example script provided in TensorFlow)** :
  * **OS Platform and Distribution (e.g., Linux Ubuntu 16.04)** :  
windows 7 ultimate 64 bit.
  * **TensorFlow installed from (source or binary)** :  
conda
  * **TensorFlow version (use command below)** :  
1.8.0
  * **Python version** :  
3.6.5
  * **Bazel version (if compiling from source)** :
  * **GCC/Compiler version (if compiling from source)** :
  * **CUDA/cuDNN version** :
  * **GPU model and memory** :
  * **Exact command to reproduce** :  
1 . conda create -n tensorflow pip python=3.5  
2 . activate tensorflow  
3 . pip install --ignore-installed --upgrade tensorflow  
You can collect some of this information using our environment capture script:
https://github.com/tensorflow/tensorflow/tree/master/tools/tf_env_collect.sh
Log from tf_env_collect.sh
Collecting system information...  
cat: /proc/1/cgroup: No such file or directory  
Traceback (most recent call last):  
File "C:\Users\SridharKannan\AppData\Local\Programs\Python\Python36\lib\site-
packages\tensorflow\python\pywrap_tensorflow_internal.py", line 14, in
swig_import_helper  
return importlib.import_module(mname)  
File
"C:\Users\SridharKannan\AppData\Local\Programs\Python\Python36\lib\importlib_
_init_ _.py", line 126, in import_module  
return _bootstrap._gcd_import(name[level:], package, level)  
File "", line 994, in _gcd_import  
File "", line 971, in _find_and_load  
File "", line 955, in _find_and_load_unlocked  
File "", line 658, in _load_unlocked  
File "", line 571, in module_from_spec  
File "", line 922, in create_module  
File "", line 219, in _call_with_frames_removed  
ImportError: DLL load failed with error code -1073741795
During handling of the above exception, another exception occurred:
Traceback (most recent call last):  
File "C:\Users\SridharKannan\AppData\Local\Programs\Python\Python36\lib\site-
packages\tensorflow\python\pywrap_tensorflow.py", line 58, in  
from tensorflow.python.pywrap_tensorflow_internal import *  
File "C:\Users\SridharKannan\AppData\Local\Programs\Python\Python36\lib\site-
packages\tensorflow\python\pywrap_tensorflow_internal.py", line 17, in  
_pywrap_tensorflow_internal = swig_import_helper()  
File "C:\Users\SridharKannan\AppData\Local\Programs\Python\Python36\lib\site-
packages\tensorflow\python\pywrap_tensorflow_internal.py", line 16, in
swig_import_helper  
return importlib.import_module(' _pywrap_tensorflow_internal')  
File
"C:\Users\SridharKannan\AppData\Local\Programs\Python\Python36\lib\importlib_
_init__.py", line 126, in import_module  
return _bootstrap._gcd_import(name[level:], package, level)  
ModuleNotFoundError: No module named '_pywrap_tensorflow_internal'
During handling of the above exception, another exception occurred:
Traceback (most recent call last):  
File "C:/Users/SRIDHA~1/AppData/Local/Temp/check_tf.py", line 1, in  
import tensorflow as tf;  
File "C:\Users\SridharKannan\AppData\Local\Programs\Python\Python36\lib\site-
packages\tensorflow_ _init_ _.py", line 24, in  
from tensorflow.python import pywrap_tensorflow # pylint: disable=unused-
import  
File "C:\Users\SridharKannan\AppData\Local\Programs\Python\Python36\lib\site-
packages\tensorflow\python_ _init_ _.py", line 49, in  
from tensorflow.python import pywrap_tensorflow  
File "C:\Users\SridharKannan\AppData\Local\Programs\Python\Python36\lib\site-
packages\tensorflow\python\pywrap_tensorflow.py", line 74, in  
raise ImportError(msg)  
ImportError: Traceback (most recent call last):  
File "C:\Users\SridharKannan\AppData\Local\Programs\Python\Python36\lib\site-
packages\tensorflow\python\pywrap_tensorflow_internal.py", line 14, in
swig_import_helper  
return importlib.import_module(mname)  
File
"C:\Users\SridharKannan\AppData\Local\Programs\Python\Python36\lib\importlib_
_init_ _.py", line 126, in import_module  
return _bootstrap._gcd_import(name[level:], package, level)  
File "", line 994, in _gcd_import  
File "", line 971, in _find_and_load  
File "", line 955, in _find_and_load_unlocked  
File "", line 658, in _load_unlocked  
File "", line 571, in module_from_spec  
File "", line 922, in create_module  
File "", line 219, in _call_with_frames_removed  
ImportError: DLL load failed with error code -1073741795
During handling of the above exception, another exception occurred:
Traceback (most recent call last):  
File "C:\Users\SridharKannan\AppData\Local\Programs\Python\Python36\lib\site-
packages\tensorflow\python\pywrap_tensorflow.py", line 58, in  
from tensorflow.python.pywrap_tensorflow_internal import *  
File "C:\Users\SridharKannan\AppData\Local\Programs\Python\Python36\lib\site-
packages\tensorflow\python\pywrap_tensorflow_internal.py", line 17, in  
_pywrap_tensorflow_internal = swig_import_helper()  
File "C:\Users\SridharKannan\AppData\Local\Programs\Python\Python36\lib\site-
packages\tensorflow\python\pywrap_tensorflow_internal.py", line 16, in
swig_import_helper  
return importlib.import_module(' _pywrap_tensorflow_internal')  
File
"C:\Users\SridharKannan\AppData\Local\Programs\Python\Python36\lib\importlib_
_init__.py", line 126, in import_module  
return _bootstrap._gcd_import(name[level:], package, level)  
ModuleNotFoundError: No module named '_pywrap_tensorflow_internal'
Failed to load the native TensorFlow runtime.
See
https://www.tensorflow.org/install/install_sources#common_installation_problems
for some common reasons and solutions. Include the entire stack trace  
above this error message when asking for help.  
Wrote environment to tf_env.txt. You can review the contents of that file.  
and use it to populate the fields in the github issue template.
cat tf_env.txt
### Describe the problem
I tried to install tensorflow in my laptop.The installation went smoothly ,
but I'm getting error while importing tensorflow .
### Source code / logs
> > > import tensorflow  
>  Traceback (most recent call last):  
>  File "C:\Users\SridharKannan\Miniconda3\envs\tensorflow\lib\site-
> packages\tensorflow\python\pywrap_tensorflow_internal.py", line 14, in
> swig_import_helper  
>  return importlib.import_module(mname)  
>  File "C:\Users\SridharKannan\Miniconda3\envs\tensorflow\lib\importlib_
> _init_ _.py", line 126, in import_module  
>  return _bootstrap._gcd_import(name[level:], package, level)  
>  File "", line 985, in _gcd_import  
>  File "", line 968, in _find_and_load  
>  File "", line 957, in _find_and_load_unlocked  
>  File "", line 666, in _load_unlocked  
>  File "", line 577, in module_from_spec  
>  File "", line 938, in create_module  
>  File "", line 222, in _call_with_frames_removed  
>  ImportError: DLL load failed with error code -1073741795
During handling of the above exception, another exception occurred:
Traceback (most recent call last):  
File "C:\Users\SridharKannan\Miniconda3\envs\tensorflow\lib\site-
packages\tensorflow\python\pywrap_tensorflow.py", line 58, in  
from tensorflow.python.pywrap_tensorflow_internal import *  
File "C:\Users\SridharKannan\Miniconda3\envs\tensorflow\lib\site-
packages\tensorflow\python\pywrap_tensorflow_internal.py", line 17, in  
_pywrap_tensorflow_internal = swig_import_helper()  
File "C:\Users\SridharKannan\Miniconda3\envs\tensorflow\lib\site-
packages\tensorflow\python\pywrap_tensorflow_internal.py", line 16, in
swig_import_helper  
return importlib.import_module(' _pywrap_tensorflow_internal')  
File "C:\Users\SridharKannan\Miniconda3\envs\tensorflow\lib\importlib_
_init__.py", line 126, in import_module  
return _bootstrap._gcd_import(name[level:], package, level)  
ImportError: No module named '_pywrap_tensorflow_internal'
During handling of the above exception, another exception occurred:
Traceback (most recent call last):  
File "", line 1, in  
File "C:\Users\SridharKannan\Miniconda3\envs\tensorflow\lib\site-
packages\tensorflow_ _init_ _.py", line 24, in  
from tensorflow.python import pywrap_tensorflow # pylint: disable=unused-
import  
File "C:\Users\SridharKannan\Miniconda3\envs\tensorflow\lib\site-
packages\tensorflow\python_ _init_ _.py", line 49, in  
from tensorflow.python import pywrap_tensorflow  
File "C:\Users\SridharKannan\Miniconda3\envs\tensorflow\lib\site-
packages\tensorflow\python\pywrap_tensorflow.py", line 74, in  
raise ImportError(msg)  
ImportError: Traceback (most recent call last):  
File "C:\Users\SridharKannan\Miniconda3\envs\tensorflow\lib\site-
packages\tensorflow\python\pywrap_tensorflow_internal.py", line 14, in
swig_import_helper  
return importlib.import_module(mname)  
File "C:\Users\SridharKannan\Miniconda3\envs\tensorflow\lib\importlib_ _init_
_.py", line 126, in import_module  
return _bootstrap._gcd_import(name[level:], package, level)  
File "", line 985, in _gcd_import  
File "", line 968, in _find_and_load  
File "", line 957, in _find_and_load_unlocked  
File "", line 666, in _load_unlocked  
File "", line 577, in module_from_spec  
File "", line 938, in create_module  
File "", line 222, in _call_with_frames_removed  
ImportError: DLL load failed with error code -1073741795
During handling of the above exception, another exception occurred:
Traceback (most recent call last):  
File "C:\Users\SridharKannan\Miniconda3\envs\tensorflow\lib\site-
packages\tensorflow\python\pywrap_tensorflow.py", line 58, in  
from tensorflow.python.pywrap_tensorflow_internal import *  
File "C:\Users\SridharKannan\Miniconda3\envs\tensorflow\lib\site-
packages\tensorflow\python\pywrap_tensorflow_internal.py", line 17, in  
_pywrap_tensorflow_internal = swig_import_helper()  
File "C:\Users\SridharKannan\Miniconda3\envs\tensorflow\lib\site-
packages\tensorflow\python\pywrap_tensorflow_internal.py", line 16, in
swig_import_helper  
return importlib.import_module(' _pywrap_tensorflow_internal')  
File "C:\Users\SridharKannan\Miniconda3\envs\tensorflow\lib\importlib_
_init__.py", line 126, in import_module  
return _bootstrap._gcd_import(name[level:], package, level)  
ImportError: No module named '_pywrap_tensorflow_internal'
Failed to load the native TensorFlow runtime.
See
https://www.tensorflow.org/install/install_sources#common_installation_problems
for some common reasons and solutions. Include the entire stack trace  
above this error message when asking for help.