                testargs = {}
                for arg in pyfuncitem._fixtureinfo.argnames:
                    testargs[arg] = funcargs[arg]
    >           testfunction(**testargs)
    /usr/lib/python2.7/dist-packages/_pytest/python.py:147: 
    _ _ _ _ _ _ _ _ _ _ _ _ _ _ _ _ _ _ _ _ _ _ _ _ _ _ _ _ _ _ _ _ _ _ _ _ _ _ _ _ 
    func = 
    kwargs = {'baseline_images': ['simple'], 'extensions': ['png', 'png', 'png']}
    errors = []
    failures = [(, 'images not close'), (, 'images not close'), (, 'images not close')]
    dots = 'FFF'
    monkeypatch = 
        @pytest.mark.parametrize(
            'func, kwargs, errors, failures, dots',
            [
                (nosetest_empty, {'baseline_images': []}, [], [], ''),
                (nosetest_empty, {'baseline_images': ['foo']},
                 [(AssertionError,
                   'Test generated 0 images but there are 1 baseline images')],
                 [],
                 'E'),
                (nosetest_simple_figure,
                 {'baseline_images': ['basn3p02'], 'extensions': ['png'],
                  'remove_text': True},
                 [],
                 [(ImageComparisonFailure, 'Image sizes do not match expected size:')],
                 'F'),
                (nosetest_simple_figure,
                 {'baseline_images': ['simple']},
                 [],
                 [(ImageComparisonFailure, 'images not close')] * 3,
                 'FFF'),
                (nosetest_simple_figure,
                 {'baseline_images': ['simple'], 'remove_text': True},
                 [],
                 [],
                 '...'),
                (nosetest_manual_text_removal,
                 {'baseline_images': ['simple']},
                 [],
                 [],
                 '...'),
            ],
            ids=[
                'empty',
                'extra baselines',
                'incorrect shape',
                'failing figure',
                'passing figure',
                'manual text removal',
            ])
        def test_nose_image_comparison(func, kwargs, errors, failures, dots,
                                       monkeypatch):
            nose = pytest.importorskip('nose')
            monkeypatch.setattr('matplotlib._called_from_pytest', False)
            class TestResultVerifier(nose.result.TextTestResult):
                def __init__(self, *args, **kwargs):
                    super(TestResultVerifier, self).__init__(*args, **kwargs)
                    self.error_count = 0
                    self.failure_count = 0
                def addError(self, test, err):
                    super(TestResultVerifier, self).addError(test, err)
                    if self.error_count        assert output.getvalue() == dots
    E       AssertionError: assert '...' == 'FFF'
    E         - ...
    E         + FFF
    build/lib.linux-x86_64-2.7-pydebug/matplotlib/tests/test_compare_images.py:199: AssertionError
    ----------------------------- Captured stdout call -----------------------------
    images not close (RMS 12.955):
    	result_images/test_compare_images/simple.png
    	result_images/test_compare_images/simple-expected.png 
    images not close (RMS 12.955):
    	result_images/test_compare_images/simple.png
    	result_images/test_compare_images/simple-expected.png 
    images not close (RMS 12.955):
    	result_images/test_compare_images/simple.png
    	result_images/test_compare_images/simple-expected.png 
    ------------------------------ Captured log call -------------------------------
    importer.py                143 DEBUG    Add path /build/matplotlib-2.2.2
    suite.py                   418 DEBUG    Create suite for 
    suite.py                   420 DEBUG    tests  context 
    suite.py                   148 DEBUG    Context suite for  () (139980834420128)
    suite.py                   481 DEBUG    suite  has context nosetest_simple_figure
    suite.py                   435 DEBUG    get ancestry 
    suite.py                   452 DEBUG      ancestors ['matplotlib', 'tests', 'test_compare_images']
    util.py                    311 DEBUG    __import__ matplotlib.tests.test_compare_images
    util.py                    320 DEBUG    resolve: ['tests', 'test_compare_images'], matplotlib.tests.test_compare_images, , 
    suite.py                   485 DEBUG    suite  has ancestor matplotlib.tests.test_compare_images
    suite.py                   452 DEBUG      ancestors ['matplotlib', 'tests']
    util.py                    311 DEBUG    __import__ matplotlib.tests
    util.py                    320 DEBUG    resolve: ['tests'], matplotlib.tests, , 
    suite.py                   485 DEBUG    suite  has ancestor matplotlib.tests
    suite.py                   452 DEBUG      ancestors ['matplotlib']
    util.py                    311 DEBUG    __import__ matplotlib
    util.py                    320 DEBUG    resolve: [], matplotlib, , 
    suite.py                   485 DEBUG    suite  has ancestor matplotlib
    suite.py                   201 DEBUG    suite 139980834420128 () run called, tests: 
    suite.py                   269 DEBUG    suite 139980834420128 setUp called, tests: 
    suite.py                    79 DEBUG    tests in 139980834420128?
    suite.py                   288 DEBUG    ancestor  may need setup
    suite.py                   291 DEBUG    ancestor  does need setup
    suite.py                   302 DEBUG     setup context 
    suite.py                   288 DEBUG    ancestor  may need setup
    suite.py                   291 DEBUG    ancestor  does need setup
    suite.py                   302 DEBUG     setup context 
    util.py                    470 DEBUG    call fixture .setup
    suite.py                   288 DEBUG    ancestor  may need setup
    suite.py                   291 DEBUG    ancestor  does need setup
    suite.py                   302 DEBUG     setup context 
    suite.py                   288 DEBUG    ancestor  may need setup
    suite.py                   291 DEBUG    ancestor  does need setup
    suite.py                   302 DEBUG     setup context 
    util.py                    470 DEBUG    call fixture .setup
    suite.py                   298 DEBUG    completed suite setup
    suite.py                    94 DEBUG    precache is [matplotlib.tests.test_compare_images.nosetest_simple_figure(0, 'simple', 'png')]
    suite.py                   323 DEBUG    context teardown
    suite.py                   341 DEBUG    ancestor  may need teardown
    suite.py                   349 DEBUG     setup ancestor 
    suite.py                   356 DEBUG     teardown context 
    util.py                    470 DEBUG    call fixture .teardown
    suite.py                   341 DEBUG    ancestor  may need teardown
    suite.py                   349 DEBUG     setup ancestor 
    suite.py                   356 DEBUG     teardown context 
    suite.py                   341 DEBUG    ancestor  may need teardown
    suite.py                   349 DEBUG     setup ancestor 
    suite.py                   356 DEBUG     teardown context 
    suite.py                   341 DEBUG    ancestor  may need teardown
    suite.py                   349 DEBUG     setup ancestor 
    suite.py                   356 DEBUG     teardown context 
    suite.py                   341 DEBUG    ancestor  may need teardown
    suite.py                   346 DEBUG    ancestor  already torn down
    =============================== warnings summary ===============================
    build/lib.linux-x86_64-2.7-pydebug/matplotlib/tests/test_axes.py::test_fill_units[png]
      /build/matplotlib-2.2.2/build/lib.linux-x86_64-2.7-pydebug/matplotlib/axes/_base.py:2504: RuntimeWarning: invalid value encountered in double_scalars
        delta = (x1t - x0t) * margin
    build/lib.linux-x86_64-2.7-pydebug/matplotlib/tests/test_axes.py::test_pyplot_axes
      /build/matplotlib-2.2.2/build/lib.linux-x86_64-2.7-pydebug/matplotlib/cbook/deprecation.py:107: MatplotlibDeprecationWarning: Using pyplot.axes(ax) with ax an Axes argument is deprecated. Please use pyplot.sca(ax) instead.
        warnings.warn(message, mplDeprecation, stacklevel=1)
    build/lib.linux-x86_64-2.7-pydebug/matplotlib/tests/test_image.py::test_empty_imshow[make_norm2]
      /build/matplotlib-2.2.2/build/lib.linux-x86_64-2.7-pydebug/matplotlib/colors.py:1133: RuntimeWarning: invalid value encountered in greater
        masked = np.abs(a) > self.linthresh
    build/lib.linux-x86_64-2.7-pydebug/matplotlib/tests/test_image.py::test_full_invalid
      /build/matplotlib-2.2.2/build/lib.linux-x86_64-2.7-pydebug/matplotlib/image.py:405: UserWarning: Warning: converting a masked element to nan.
        dv = (np.float64(self.norm.vmax) -
      /build/matplotlib-2.2.2/build/lib.linux-x86_64-2.7-pydebug/matplotlib/image.py:406: UserWarning: Warning: converting a masked element to nan.
        np.float64(self.norm.vmin))
      /build/matplotlib-2.2.2/build/lib.linux-x86_64-2.7-pydebug/matplotlib/image.py:412: UserWarning: Warning: converting a masked element to nan.
        a_min = np.float64(newmin)
      /build/matplotlib-2.2.2/build/lib.linux-x86_64-2.7-pydebug/matplotlib/image.py:417: UserWarning: Warning: converting a masked element to nan.
        a_max = np.float64(newmax)
      /build/matplotlib-2.2.2/build/lib.linux-x86_64-2.7-pydebug/matplotlib/colors.py:916: UserWarning: Warning: converting a masked element to nan.
        dtype = np.min_scalar_type(value)
      /usr/lib/python2.7/dist-packages/numpy/ma/core.py:716: UserWarning: Warning: converting a masked element to nan.
        data = np.array(a, copy=False, subok=subok)
    -- Docs: http://doc.pytest.org/en/latest/warnings.html
python 3.6.5
     ERROR collecting build/lib.linux-x86_64-3.6/mpl_toolkits/tests/test_axisartist_angle_helper.py 
    /usr/lib/python3/dist-packages/_pytest/python.py:403: in _importtestmodule
        mod = self.fspath.pyimport(ensuresyspath=importmode)
    /usr/lib/python3/dist-packages/py/_path/local.py:668: in pyimport
        __import__(modname)
    :971: in _find_and_load
        ???
    :955: in _find_and_load_unlocked
        ???
    :656: in _load_unlocked
        ???
    :626: in _load_backward_compatible
        ???
    /usr/lib/python3/dist-packages/_pytest/assertion/rewrite.py:213: in load_module
        py.builtin.exec_(co, mod.__dict__)
    build/lib.linux-x86_64-3.6/mpl_toolkits/tests/test_axisartist_angle_helper.py:9: in 
        from mpl_toolkits.axisartist.angle_helper import (
    E     File "/build/matplotlib-2.2.2/build/lib.linux-x86_64-3.6/mpl_toolkits/axisartist/angle_helper.py", line 212
    E       deg_mark = "^{\circ}"
    E                 ^
    E   SyntaxError: invalid escape sequence \c
     ERROR collecting build/lib.linux-x86_64-3.6/mpl_toolkits/tests/test_axisartist_floating_axes.py 
    /usr/lib/python3/dist-packages/_pytest/python.py:403: in _importtestmodule
        mod = self.fspath.pyimport(ensuresyspath=importmode)
    /usr/lib/python3/dist-packages/py/_path/local.py:668: in pyimport
        __import__(modname)
    :971: in _find_and_load
        ???
    :955: in _find_and_load_unlocked
        ???
    :656: in _load_unlocked
        ???
    :626: in _load_backward_compatible
        ???
    /usr/lib/python3/dist-packages/_pytest/assertion/rewrite.py:213: in load_module
        py.builtin.exec_(co, mod.__dict__)
    build/lib.linux-x86_64-3.6/mpl_toolkits/tests/test_axisartist_floating_axes.py:15: in 
        from mpl_toolkits.axisartist import angle_helper
    E     File "/build/matplotlib-2.2.2/build/lib.linux-x86_64-3.6/mpl_toolkits/axisartist/angle_helper.py", line 212
    E       deg_mark = "^{\circ}"
    E                 ^
    E   SyntaxError: invalid escape sequence \c
     ERROR collecting build/lib.linux-x86_64-3.6/mpl_toolkits/tests/test_axisartist_grid_helper_curvelinear.py 
    /usr/lib/python3/dist-packages/_pytest/python.py:403: in _importtestmodule
        mod = self.fspath.pyimport(ensuresyspath=importmode)
    /usr/lib/python3/dist-packages/py/_path/local.py:668: in pyimport
        __import__(modname)
    :971: in _find_and_load
        ???
    :955: in _find_and_load_unlocked
        ???
    :656: in _load_unlocked
        ???
    :626: in _load_backward_compatible
        ???
    /usr/lib/python3/dist-packages/_pytest/assertion/rewrite.py:213: in load_module
        py.builtin.exec_(co, mod.__dict__)
    build/lib.linux-x86_64-3.6/mpl_toolkits/tests/test_axisartist_grid_helper_curvelinear.py:15: in 
        from mpl_toolkits.axisartist import angle_helper
    E     File "/build/matplotlib-2.2.2/build/lib.linux-x86_64-3.6/mpl_toolkits/axisartist/angle_helper.py", line 212
    E       deg_mark = "^{\circ}"
    E                 ^
    E   SyntaxError: invalid escape sequence \c
    ------------------------------- Captured stderr --------------------------------
    /build/matplotlib-2.2.2/build/lib.linux-x86_64-3.6/matplotlib/cbook/deprecation.py:107: MatplotlibDeprecationWarning: The mpl_toolkits.axes_grid module was deprecated in version 2.1. Use mpl_toolkits.axes_grid1 and mpl_toolkits.axisartist provies the same functionality instead.
      warnings.warn(message, mplDeprecation, stacklevel=1)
    !!!!!!!!!!!!!!!!!!! Interrupted: 3 errors during collection !!!!!!!!!!!!!!!!!!!!