>     copying sklearn/utils/tests/test_bench.py ->
> build/lib.macosx-10.13-x86_64-3.7/sklearn/utils/tests
>     copying sklearn/utils/tests/test_utils.py ->
> build/lib.macosx-10.13-x86_64-3.7/sklearn/utils/tests
>     copying sklearn/utils/tests/test_metaestimators.py ->
> build/lib.macosx-10.13-x86_64-3.7/sklearn/utils/tests
>     copying sklearn/utils/tests/test_seq_dataset.py ->
> build/lib.macosx-10.13-x86_64-3.7/sklearn/utils/tests
>     copying sklearn/utils/tests/test_stats.py ->
> build/lib.macosx-10.13-x86_64-3.7/sklearn/utils/tests
>     copying sklearn/utils/tests/test_validation.py ->
> build/lib.macosx-10.13-x86_64-3.7/sklearn/utils/tests
>     copying sklearn/utils/tests/test_optimize.py ->
> build/lib.macosx-10.13-x86_64-3.7/sklearn/utils/tests
>     copying sklearn/utils/tests/test_shortest_path.py ->
> build/lib.macosx-10.13-x86_64-3.7/sklearn/utils/tests
>     copying sklearn/utils/tests/test_fast_dict.py ->
> build/lib.macosx-10.13-x86_64-3.7/sklearn/utils/tests
>     copying sklearn/utils/tests/__init__.py ->
> build/lib.macosx-10.13-x86_64-3.7/sklearn/utils/tests
>     copying sklearn/utils/tests/test_class_weight.py ->
> build/lib.macosx-10.13-x86_64-3.7/sklearn/utils/tests
>     copying sklearn/utils/tests/test_estimator_checks.py ->
> build/lib.macosx-10.13-x86_64-3.7/sklearn/utils/tests
>     copying sklearn/utils/tests/test_multiclass.py ->
> build/lib.macosx-10.13-x86_64-3.7/sklearn/utils/tests
>     copying sklearn/utils/tests/test_fixes.py ->
> build/lib.macosx-10.13-x86_64-3.7/sklearn/utils/tests
>     copying sklearn/utils/tests/test_sparsefuncs.py ->
> build/lib.macosx-10.13-x86_64-3.7/sklearn/utils/tests
>     copying sklearn/utils/tests/test_murmurhash.py ->
> build/lib.macosx-10.13-x86_64-3.7/sklearn/utils/tests
>     copying sklearn/utils/tests/test_linear_assignment.py ->
> build/lib.macosx-10.13-x86_64-3.7/sklearn/utils/tests
>     copying sklearn/utils/tests/test_graph.py ->
> build/lib.macosx-10.13-x86_64-3.7/sklearn/utils/tests
>     copying sklearn/utils/tests/test_extmath.py ->
> build/lib.macosx-10.13-x86_64-3.7/sklearn/utils/tests
>     copying sklearn/utils/tests/test_random.py ->
> build/lib.macosx-10.13-x86_64-3.7/sklearn/utils/tests
>     copying sklearn/utils/tests/test_testing.py ->
> build/lib.macosx-10.13-x86_64-3.7/sklearn/utils/tests
>     creating build/lib.macosx-10.13-x86_64-3.7/sklearn/tests
>     copying sklearn/tests/test_metaestimators.py ->
> build/lib.macosx-10.13-x86_64-3.7/sklearn/tests
>     copying sklearn/tests/test_common.py ->
> build/lib.macosx-10.13-x86_64-3.7/sklearn/tests
>     copying sklearn/tests/test_multioutput.py ->
> build/lib.macosx-10.13-x86_64-3.7/sklearn/tests
>     copying sklearn/tests/test_isotonic.py ->
> build/lib.macosx-10.13-x86_64-3.7/sklearn/tests
>     copying sklearn/tests/test_cross_validation.py ->
> build/lib.macosx-10.13-x86_64-3.7/sklearn/tests
>     copying sklearn/tests/test_docstring_parameters.py ->
> build/lib.macosx-10.13-x86_64-3.7/sklearn/tests
>     copying sklearn/tests/__init__.py ->
> build/lib.macosx-10.13-x86_64-3.7/sklearn/tests
>     copying sklearn/tests/test_dummy.py ->
> build/lib.macosx-10.13-x86_64-3.7/sklearn/tests
>     copying sklearn/tests/test_check_build.py ->
> build/lib.macosx-10.13-x86_64-3.7/sklearn/tests
>     copying sklearn/tests/test_discriminant_analysis.py ->
> build/lib.macosx-10.13-x86_64-3.7/sklearn/tests
>     copying sklearn/tests/test_multiclass.py ->
> build/lib.macosx-10.13-x86_64-3.7/sklearn/tests
>     copying sklearn/tests/test_config.py ->
> build/lib.macosx-10.13-x86_64-3.7/sklearn/tests
>     copying sklearn/tests/test_kernel_ridge.py ->
> build/lib.macosx-10.13-x86_64-3.7/sklearn/tests
>     copying sklearn/tests/test_calibration.py ->
> build/lib.macosx-10.13-x86_64-3.7/sklearn/tests
>     copying sklearn/tests/test_naive_bayes.py ->
> build/lib.macosx-10.13-x86_64-3.7/sklearn/tests
>     copying sklearn/tests/test_learning_curve.py ->
> build/lib.macosx-10.13-x86_64-3.7/sklearn/tests
>     copying sklearn/tests/test_base.py ->
> build/lib.macosx-10.13-x86_64-3.7/sklearn/tests
>     copying sklearn/tests/test_init.py ->
> build/lib.macosx-10.13-x86_64-3.7/sklearn/tests
>     copying sklearn/tests/test_grid_search.py ->
> build/lib.macosx-10.13-x86_64-3.7/sklearn/tests
>     copying sklearn/tests/test_pipeline.py ->
> build/lib.macosx-10.13-x86_64-3.7/sklearn/tests
>     copying sklearn/tests/test_random_projection.py ->
> build/lib.macosx-10.13-x86_64-3.7/sklearn/tests
>     copying sklearn/tests/test_kernel_approximation.py ->
> build/lib.macosx-10.13-x86_64-3.7/sklearn/tests
>     running build_clib
>     customize UnixCCompiler
>     #### ['clang', '-Wno-unused-result', '-Wsign-compare', '-Wunreachable-
> code', '-fno-common', '-dynamic', '-DNDEBUG', '-g', '-fwrapv', '-O3',
> '-Wall'] #######
>     customize UnixCCompiler using build_clib
>     building 'libsvm-skl' library
>     compiling C++ sources
>     C compiler: clang++ -Wno-unused-result -Wsign-compare -Wunreachable-code
> -fno-common -dynamic -DNDEBUG -g -fwrapv -O3 -Wall
>  
>     creating build/temp.macosx-10.13-x86_64-3.7
>     creating build/temp.macosx-10.13-x86_64-3.7/sklearn
>     creating build/temp.macosx-10.13-x86_64-3.7/sklearn/svm
>     creating build/temp.macosx-10.13-x86_64-3.7/sklearn/svm/src
>     creating build/temp.macosx-10.13-x86_64-3.7/sklearn/svm/src/libsvm
>     compile options: '-I/usr/local/lib/python3.7/site-
> packages/numpy/core/include -c'
>     clang++: sklearn/svm/src/libsvm/libsvm_template.cpp
>     ar: adding 1 object files to
> build/temp.macosx-10.13-x86_64-3.7/liblibsvm-skl.a
>     ranlib:@ build/temp.macosx-10.13-x86_64-3.7/liblibsvm-skl.a
>     running build_ext
>     customize UnixCCompiler
>     customize UnixCCompiler using build_ext
>     customize UnixCCompiler
>     #### ['clang', '-Wno-unused-result', '-Wsign-compare', '-Wunreachable-
> code', '-fno-common', '-dynamic', '-DNDEBUG', '-g', '-fwrapv', '-O3',
> '-Wall'] #######
>     customize UnixCCompiler using build_ext
>     building 'sklearn.__check_build._check_build' extension
>     compiling C sources
>     C compiler: clang -Wno-unused-result -Wsign-compare -Wunreachable-code
> -fno-common -dynamic -DNDEBUG -g -fwrapv -O3 -Wall
>  
>     creating build/temp.macosx-10.13-x86_64-3.7/sklearn/__check_build
>     compile options: '-I/usr/local/lib/python3.7/site-
> packages/numpy/core/include -I/usr/local/lib/python3.7/site-
> packages/numpy/core/include -I/usr/local/include
> -I/usr/local/opt/openssl/include -I/usr/local/opt/sqlite/include
> -I/usr/local/Cellar/python/3.7.0/Frameworks/Python.framework/Versions/3.7/include/python3.7m
> -c'
>     clang: sklearn/__check_build/_check_build.c
>     clang -bundle -undefined dynamic_lookup
> build/temp.macosx-10.13-x86_64-3.7/sklearn/__check_build/_check_build.o
> -L/usr/local/lib -L/usr/local/opt/openssl/lib -L/usr/local/opt/sqlite/lib
> -Lbuild/temp.macosx-10.13-x86_64-3.7 -o
> build/lib.macosx-10.13-x86_64-3.7/sklearn/__check_build/_check_build.cpython-37m-darwin.so
>     building 'sklearn.cluster._dbscan_inner' extension
>     compiling C++ sources
>     C compiler: clang++ -Wno-unused-result -Wsign-compare -Wunreachable-code
> -fno-common -dynamic -DNDEBUG -g -fwrapv -O3 -Wall
>  
>     creating build/temp.macosx-10.13-x86_64-3.7/sklearn/cluster
>     compile options: '-I/usr/local/lib/python3.7/site-
> packages/numpy/core/include -I/usr/local/lib/python3.7/site-
> packages/numpy/core/include -I/usr/local/include
> -I/usr/local/opt/openssl/include -I/usr/local/opt/sqlite/include
> -I/usr/local/Cellar/python/3.7.0/Frameworks/Python.framework/Versions/3.7/include/python3.7m
> -c'
>     clang++: sklearn/cluster/_dbscan_inner.cpp
>     In file included from sklearn/cluster/_dbscan_inner.cpp:514:
>     In file included from /usr/local/lib/python3.7/site-
> packages/numpy/core/include/numpy/arrayobject.h:4:
>     In file included from /usr/local/lib/python3.7/site-
> packages/numpy/core/include/numpy/ndarrayobject.h:18:
>     In file included from /usr/local/lib/python3.7/site-
> packages/numpy/core/include/numpy/ndarraytypes.h:1816:
>     /usr/local/lib/python3.7/site-
> packages/numpy/core/include/numpy/npy_1_7_deprecated_api.h:15:2: warning:
> "Using deprecated NumPy API, disable it by "          "#defining
> NPY_NO_DEPRECATED_API NPY_1_7_API_VERSION" [-W#warnings]
>     #warning "Using deprecated NumPy API, disable it by " \
>      ^
>     sklearn/cluster/_dbscan_inner.cpp:5960:21: error: no member named
> 'exc_type' in '_ts'
>         *type = tstate->exc_type;
>                 ~~~~~~  ^
>     sklearn/cluster/_dbscan_inner.cpp:5961:22: error: no member named
> 'exc_value' in '_ts'; did you mean 'curexc_value'?
>         *value = tstate->exc_value;
>                          ^~~~~~~~~
>                          curexc_value
>
> /usr/local/Cellar/python/3.7.0/Frameworks/Python.framework/Versions/3.7/include/python3.7m/pystate.h:237:15:
> note: 'curexc_value' declared here
>         PyObject *curexc_value;
>                   ^
>     sklearn/cluster/_dbscan_inner.cpp:5962:19: error: no member named
> 'exc_traceback' in '_ts'; did you mean 'curexc_traceback'?
>         *tb = tstate->exc_traceback;
>                       ^~~~~~~~~~~~~
>                       curexc_traceback
>
> /usr/local/Cellar/python/3.7.0/Frameworks/Python.framework/Versions/3.7/include/python3.7m/pystate.h:238:15:
> note: 'curexc_traceback' declared here
>         PyObject *curexc_traceback;
>                   ^
>     sklearn/cluster/_dbscan_inner.cpp:5969:24: error: no member named
> 'exc_type' in '_ts'
>         tmp_type = tstate->exc_type;
>                    ~~~~~~  ^
>     sklearn/cluster/_dbscan_inner.cpp:5970:25: error: no member named
> 'exc_value' in '_ts'; did you mean 'curexc_value'?
>         tmp_value = tstate->exc_value;
>                             ^~~~~~~~~
>                             curexc_value
>
> /usr/local/Cellar/python/3.7.0/Frameworks/Python.framework/Versions/3.7/include/python3.7m/pystate.h:237:15:
> note: 'curexc_value' declared here
>         PyObject *curexc_value;
>                   ^
>     sklearn/cluster/_dbscan_inner.cpp:5971:22: error: no member named
> 'exc_traceback' in '_ts'; did you mean 'curexc_traceback'?
>         tmp_tb = tstate->exc_traceback;
>                          ^~~~~~~~~~~~~
>                          curexc_traceback
>
> /usr/local/Cellar/python/3.7.0/Frameworks/Python.framework/Versions/3.7/include/python3.7m/pystate.h:238:15:
> note: 'curexc_traceback' declared here
>         PyObject *curexc_traceback;
>                   ^
>     sklearn/cluster/_dbscan_inner.cpp:5972:13: error: no member named
> 'exc_type' in '_ts'
>         tstate->exc_type = type;
>         ~~~~~~  ^
>     sklearn/cluster/_dbscan_inner.cpp:5973:13: error: no member named
> 'exc_value' in '_ts'; did you mean 'curexc_value'?
>         tstate->exc_value = value;
>                 ^~~~~~~~~
>                 curexc_value
>
> /usr/local/Cellar/python/3.7.0/Frameworks/Python.framework/Versions/3.7/include/python3.7m/pystate.h:237:15:
> note: 'curexc_value' declared here
>         PyObject *curexc_value;
>                   ^
>     sklearn/cluster/_dbscan_inner.cpp:5974:13: error: no member named
> 'exc_traceback' in '_ts'; did you mean 'curexc_traceback'?