# Checklist
  * I have verified that the issue exists against the `master` branch of Celery.
  * This has already been asked to the discussions forum first.
  * I have read the relevant section in the  
contribution guide  
on reporting bugs.
  * I have checked the issues list  
for similar or identical bug reports.
  * I have checked the pull requests list  
for existing proposed fixes.
  * I have checked the commit log  
to find out if the bug was already fixed in the master branch.
  * I have included all related issues and possible duplicate issues  
in this issue (If there are none, check this box anyway).
## Mandatory Debugging Information
  * I have included the output of `celery -A proj report` in the issue.  
(if you are not able to do this, then at least specify the Celery  
version affected).
  * I have verified that the issue exists against the `master` branch of Celery.
  * I have included the contents of `pip freeze` in the issue.
  * I have included all the versions of all the external dependencies required  
to reproduce this bug.
## Optional Debugging Information
  * I have tried reproducing the issue on more than one Python version  
and/or implementation.
  * I have tried reproducing the issue on more than one message broker and/or  
result backend.
  * I have tried reproducing the issue on more than one version of the message  
broker and/or result backend.
  * I have tried reproducing the issue on more than one operating system.
  * I have tried reproducing the issue on more than one workers pool.
  * I have tried reproducing the issue with autoscaling, retries,  
ETA/Countdown & rate limits disabled.
  * I have tried reproducing the issue after downgrading  
and/or upgrading Celery and its dependencies.
## Related Issues and Possible Duplicates
#### Related Issues
Little bit related -  
#6672  
#5890
#### Possible Duplicates
  * None
## Environment & Settings
**Celery version** : 5.2.7 (dawn-chorus)
**`celery report` Output:**
    $ celery report
    software -> celery:5.2.7 (dawn-chorus) kombu:5.2.4 py:3.9.9
                billiard:3.6.4.0 py-amqp:5.1.1
    platform -> system:Darwin arch:64bit
                kernel version:21.4.0 imp:CPython
    loader   -> celery.loaders.default.Loader
    settings -> transport:amqp results:disabled
    deprecated_settings: None
# Steps to Reproduce
  1. Here the global serializer is `json` which is the default setting in celery. Now we will declare a task with serialization set to `pickle`.
    # In tasks.py
    from celery import shared_task
    @serial_task(serializer='pickle')
    def pickle_seriliazable_args_task(nice_set):
        print('Starting Task')
        # This delay would indicate a long running task
        # So that we have enough time to request the task stats from shell
        sleep(200)
        print('Task Finished')
  2. Open a django-manage shell and run
    In [1]: from myapp.apps.niceapp.tasks import pickle_serialized_task
    In [2]: task = pickle_serialized_task.delay(set([1, 2, 3]))
    In [3]: celery_hostname = 'celery@work' # update hostname as per your config
    In [4]: celery_inspect = task.app.control.inspect([celery_hostname])
    In [5]: celery_inspect.active()
On running `celery_inspect.active()` following error is thrown.
    2022-07-01 15:07:50,791: INFO/MainProcess] Task myapp.apps.niceapp.tasks.pickle_serialized_task[e61f2103-1e19-4593-b2bd-6d69bd273a3c] received
    [2022-07-01 15:07:50,815: WARNING/ForkPoolWorker-6] Starting Task
    [2022-07-01 15:09:09,906: ERROR/MainProcess] Control command error: EncodeError(TypeError('Object of type set is not JSON serializable'))
    Traceback (most recent call last):
      File "/Users/amitphulera/.pyenv/versions/3.9.9/envs/hq_celery/lib/python3.9/site-packages/kombu/serialization.py", line 39, in _reraise_errors
        yield
      File "/Users/amitphulera/.pyenv/versions/3.9.9/envs/hq_celery/lib/python3.9/site-packages/kombu/serialization.py", line 210, in dumps
        payload = encoder(data)
      File "/Users/amitphulera/.pyenv/versions/3.9.9/envs/hq_celery/lib/python3.9/site-packages/kombu/utils/json.py", line 68, in dumps
        return _dumps(s, cls=cls or _default_encoder,
      File "/Users/amitphulera/.pyenv/versions/3.9.9/lib/python3.9/json/__init__.py", line 234, in dumps
        return cls(
      File "/Users/amitphulera/.pyenv/versions/3.9.9/lib/python3.9/json/encoder.py", line 199, in encode
        chunks = self.iterencode(o, _one_shot=True)
      File "/Users/amitphulera/.pyenv/versions/3.9.9/lib/python3.9/json/encoder.py", line 257, in iterencode
        return _iterencode(o, 0)
      File "/Users/amitphulera/.pyenv/versions/3.9.9/envs/hq_celery/lib/python3.9/site-packages/kombu/utils/json.py", line 58, in default
        return super().default(o)
      File "/Users/amitphulera/.pyenv/versions/3.9.9/lib/python3.9/json/encoder.py", line 179, in default
        raise TypeError(f'Object of type {o.__class__.__name__} '
    TypeError: Object of type set is not JSON serializable
    During handling of the above exception, another exception occurred:
    Traceback (most recent call last):
      File "/Users/amitphulera/.pyenv/versions/3.9.9/envs/hq_celery/lib/python3.9/site-packages/celery/worker/pidbox.py", line 44, in on_message
        self.node.handle_message(body, message)
      File "/Users/amitphulera/.pyenv/versions/3.9.9/envs/hq_celery/lib/python3.9/site-packages/kombu/pidbox.py", line 141, in handle_message
        return self.dispatch(**body)
      File "/Users/amitphulera/.pyenv/versions/3.9.9/envs/hq_celery/lib/python3.9/site-packages/kombu/pidbox.py", line 108, in dispatch
        self.reply({self.hostname: reply},
      File "/Users/amitphulera/.pyenv/versions/3.9.9/envs/hq_celery/lib/python3.9/site-packages/kombu/pidbox.py", line 145, in reply
        self.mailbox._publish_reply(data, exchange, routing_key, ticket,
      File "/Users/amitphulera/.pyenv/versions/3.9.9/envs/hq_celery/lib/python3.9/site-packages/kombu/pidbox.py", line 275, in _publish_reply
        producer.publish(
      File "/Users/amitphulera/.pyenv/versions/3.9.9/envs/hq_celery/lib/python3.9/site-packages/kombu/messaging.py", line 166, in publish
        body, content_type, content_encoding = self._prepare(
      File "/Users/amitphulera/.pyenv/versions/3.9.9/envs/hq_celery/lib/python3.9/site-packages/kombu/messaging.py", line 254, in _prepare
        body) = dumps(body, serializer=serializer)
      File "/Users/amitphulera/.pyenv/versions/3.9.9/envs/hq_celery/lib/python3.9/site-packages/kombu/serialization.py", line 210, in dumps
        payload = encoder(data)
      File "/Users/amitphulera/.pyenv/versions/3.9.9/lib/python3.9/contextlib.py", line 137, in __exit__
        self.gen.throw(typ, value, traceback)
      File "/Users/amitphulera/.pyenv/versions/3.9.9/envs/hq_celery/lib/python3.9/site-packages/kombu/serialization.py", line 43, in _reraise_errors
        reraise(wrapper, wrapper(exc), sys.exc_info()[2])
      File "/Users/amitphulera/.pyenv/versions/3.9.9/envs/hq_celery/lib/python3.9/site-packages/kombu/exceptions.py", line 21, in reraise
        raise value.with_traceback(tb)
      File "/Users/amitphulera/.pyenv/versions/3.9.9/envs/hq_celery/lib/python3.9/site-packages/kombu/serialization.py", line 39, in _reraise_errors
        yield
      File "/Users/amitphulera/.pyenv/versions/3.9.9/envs/hq_celery/lib/python3.9/site-packages/kombu/serialization.py", line 210, in dumps
        payload = encoder(data)
      File "/Users/amitphulera/.pyenv/versions/3.9.9/envs/hq_celery/lib/python3.9/site-packages/kombu/utils/json.py", line 68, in dumps
        return _dumps(s, cls=cls or _default_encoder,
      File "/Users/amitphulera/.pyenv/versions/3.9.9/lib/python3.9/json/__init__.py", line 234, in dumps
        return cls(
      File "/Users/amitphulera/.pyenv/versions/3.9.9/lib/python3.9/json/encoder.py", line 199, in encode
        chunks = self.iterencode(o, _one_shot=True)
      File "/Users/amitphulera/.pyenv/versions/3.9.9/lib/python3.9/json/encoder.py", line 257, in iterencode
        return _iterencode(o, 0)
      File "/Users/amitphulera/.pyenv/versions/3.9.9/envs/hq_celery/lib/python3.9/site-packages/kombu/utils/json.py", line 58, in default
        return super().default(o)
      File "/Users/amitphulera/.pyenv/versions/3.9.9/lib/python3.9/json/encoder.py", line 179, in default
        raise TypeError(f'Object of type {o.__class__.__name__} '
    kombu.exceptions.EncodeError: Object of type set is not JSON serializable
## Required Dependencies
  * **Minimal Python Version** : N/A or Unknown
  * **Minimal Celery Version** : N/A or Unknown
  * **Minimal Kombu Version** : N/A or Unknown
  * **Minimal Broker Version** : N/A or Unknown
  * **Minimal Result Backend Version** : N/A or Unknown
  * **Minimal OS and/or Kernel Version** : N/A or Unknown
  * **Minimal Broker Client Version** : N/A or Unknown
  * **Minimal Result Backend Client Version** : N/A or Unknown
### Python Packages
**`pip freeze` Output:**
    alabaster==0.7.12
    alembic==1.7.7
    amqp==5.1.1
    appnope==0.1.3
    architect==0.6.0
    asgiref==3.5.0
    asttokens==2.0.5
    attrs==21.4.0
    Babel==2.9.1
    backcall==0.2.0
    Beaker==1.11.0
    beautifulsoup4==4.10.0
    billiard==3.6.4.0
    black==22.1.0
    boto3==1.17.85
    botocore==1.20.85
    cachetools==5.0.0
    case==1.5.3
    celery==5.2.7
    certifi==2020.6.20
    cffi==1.14.3
    chardet==3.0.4
    click==8.1.3
    click-didyoumean==0.3.0
    click-plugins==1.1.1
    click-repl==0.2.0
    cloudant==2.14.0
    colorama==0.4.3
    contextlib2==21.6.0
    coverage==5.5
    cryptography==3.4.8
    csiphash==0.0.5
    datadog==0.39.0
    ddtrace==0.44.0
    debugpy==1.6.0
    decorator==4.0.11
    defusedxml==0.7.1
    Deprecated==1.2.10
    diff-match-patch==20200713
    dimagi-memoized==1.1.3
    Django==3.2.13
    django-appconf==1.0.5
    django-autoslug==1.9.8
    django-braces==1.14.0
    django-bulk-update==2.2.0
    django-celery-results==2.4.0