So my box in uni got upgraded and now I have this test failure:
    ======================================================================
    FAIL: sklearn.manifold.tests.test_locally_linear.test_lle_simple_grid
    ----------------------------------------------------------------------
    Traceback (most recent call last):
      File "/usr/lib/python2.7/dist-packages/nose/case.py", line 197, in runTest
        self.test(*self.arg)
      File "/home/local/lamueller/checkout/scikit-learn/sklearn/manifold/tests/test_locally_linear.py", line 68, in test_lle_simple_grid
        assert_less(np.linalg.norm(X_reembedded - clf.embedding_), tol)
    AssertionError: 0.12820616722921346 not less than 0.1
        """Fail immediately, with the given message."""
    >>  raise self.failureException('0.12820616722921346 not less than 0.1')
scipy 0.10.1, 32bit.