    {
      (void)argv;
    #ifndef Q_WS_WIN
      return ((int*)(&Q_WS_WIN))[argc];
    #else
      (void)argc;
      return 0;
    #endif
    }
    Determining if the Q_WS_QWS exist failed with the following output:
    Change Dir: ~/opencv-master/build/CMakeFiles/CMakeTmp
    Run Build Command:"/usr/bin/make" "cmTC_f1e16/fast"
    /usr/bin/make -f CMakeFiles/cmTC_f1e16.dir/build.make CMakeFiles/cmTC_f1e16.dir/build
    make[1]: Entering directory '~/opencv-master/build/CMakeFiles/CMakeTmp'
    Building CXX object CMakeFiles/cmTC_f1e16.dir/CheckSymbolExists.cxx.o
    /usr/bin/g++   -I/usr/include/qt4  -fsigned-char -W -Wall -Werror=return-type -Werror=non-virtual-dtor -Werror=address -Werror=sequence-point -Wformat -Werror=format-security -Wmissing-declarations -Wundef -Winit-self -Wpointer-arith -Wshadow -Wuninitialized -Winit-self -Wno-comment -Wimplicit-fallthrough=3 -Wno-strict-overflow -fdiagnostics-show-option -Wno-long-long -pthread -fomit-frame-pointer -ffast-math -ffunction-sections -fdata-sections  -msse -msse2 -msse3 -fvisibility=hidden  -O3 -DNDEBUG -fPIE   -std=c++11 -o CMakeFiles/cmTC_f1e16.dir/CheckSymbolExists.cxx.o -c ~/opencv-master/build/CMakeFiles/CMakeTmp/CheckSymbolExists.cxx
    ~/opencv-master/build/CMakeFiles/CMakeTmp/CheckSymbolExists.cxx: In function ‘int main(int, char**)’:
    ~/opencv-master/build/CMakeFiles/CMakeTmp/CheckSymbolExists.cxx:8:19: error: ‘Q_WS_QWS’ was not declared in this scope
       return ((int*)(&Q_WS_QWS))[argc];
                       ^~~~~~~~
    ~/opencv-master/build/CMakeFiles/CMakeTmp/CheckSymbolExists.cxx:8:19: note: suggested alternative: ‘Q_WS_X11’
       return ((int*)(&Q_WS_QWS))[argc];
                       ^~~~~~~~
                       Q_WS_X11
    CMakeFiles/cmTC_f1e16.dir/build.make:65: recipe for target 'CMakeFiles/cmTC_f1e16.dir/CheckSymbolExists.cxx.o' failed
    make[1]: *** [CMakeFiles/cmTC_f1e16.dir/CheckSymbolExists.cxx.o] Error 1
    make[1]: Leaving directory '~/opencv-master/build/CMakeFiles/CMakeTmp'
    Makefile:126: recipe for target 'cmTC_f1e16/fast' failed
    make: *** [cmTC_f1e16/fast] Error 2
    File ~/opencv-master/build/CMakeFiles/CMakeTmp/CheckSymbolExists.cxx:
    /* */
    #include 
    int main(int argc, char** argv)
    {
      (void)argv;
    #ifndef Q_WS_QWS
      return ((int*)(&Q_WS_QWS))[argc];
    #else
      (void)argc;
      return 0;
    #endif
    }
    Determining if the Q_WS_MAC exist failed with the following output:
    Change Dir: ~/opencv-master/build/CMakeFiles/CMakeTmp
    Run Build Command:"/usr/bin/make" "cmTC_0328e/fast"
    /usr/bin/make -f CMakeFiles/cmTC_0328e.dir/build.make CMakeFiles/cmTC_0328e.dir/build
    make[1]: Entering directory '~/opencv-master/build/CMakeFiles/CMakeTmp'
    Building CXX object CMakeFiles/cmTC_0328e.dir/CheckSymbolExists.cxx.o
    /usr/bin/g++   -I/usr/include/qt4  -fsigned-char -W -Wall -Werror=return-type -Werror=non-virtual-dtor -Werror=address -Werror=sequence-point -Wformat -Werror=format-security -Wmissing-declarations -Wundef -Winit-self -Wpointer-arith -Wshadow -Wuninitialized -Winit-self -Wno-comment -Wimplicit-fallthrough=3 -Wno-strict-overflow -fdiagnostics-show-option -Wno-long-long -pthread -fomit-frame-pointer -ffast-math -ffunction-sections -fdata-sections  -msse -msse2 -msse3 -fvisibility=hidden  -O3 -DNDEBUG -fPIE   -std=c++11 -o CMakeFiles/cmTC_0328e.dir/CheckSymbolExists.cxx.o -c ~/opencv-master/build/CMakeFiles/CMakeTmp/CheckSymbolExists.cxx
    ~/opencv-master/build/CMakeFiles/CMakeTmp/CheckSymbolExists.cxx: In function ‘int main(int, char**)’:
    ~/opencv-master/build/CMakeFiles/CMakeTmp/CheckSymbolExists.cxx:8:19: error: ‘Q_WS_MAC’ was not declared in this scope
       return ((int*)(&Q_WS_MAC))[argc];
                       ^~~~~~~~
    ~/opencv-master/build/CMakeFiles/CMakeTmp/CheckSymbolExists.cxx:8:19: note: suggested alternative: ‘Q_WS_X11’
       return ((int*)(&Q_WS_MAC))[argc];
                       ^~~~~~~~
                       Q_WS_X11
    CMakeFiles/cmTC_0328e.dir/build.make:65: recipe for target 'CMakeFiles/cmTC_0328e.dir/CheckSymbolExists.cxx.o' failed
    make[1]: *** [CMakeFiles/cmTC_0328e.dir/CheckSymbolExists.cxx.o] Error 1
    make[1]: Leaving directory '~/opencv-master/build/CMakeFiles/CMakeTmp'
    Makefile:126: recipe for target 'cmTC_0328e/fast' failed
    make: *** [cmTC_0328e/fast] Error 2
    File ~/opencv-master/build/CMakeFiles/CMakeTmp/CheckSymbolExists.cxx:
    /* */
    #include 
    int main(int argc, char** argv)
    {
      (void)argv;
    #ifndef Q_WS_MAC
      return ((int*)(&Q_WS_MAC))[argc];
    #else
      (void)argc;
      return 0;
    #endif
    }
    Determining if the pthread_create exist failed with the following output:
    Change Dir: ~/opencv-master/build/CMakeFiles/CMakeTmp
    Run Build Command:"/usr/bin/make" "cmTC_32b5a/fast"
    /usr/bin/make -f CMakeFiles/cmTC_32b5a.dir/build.make CMakeFiles/cmTC_32b5a.dir/build
    make[1]: Entering directory '~/opencv-master/build/CMakeFiles/CMakeTmp'
    Building C object CMakeFiles/cmTC_32b5a.dir/CheckSymbolExists.c.o
    /usr/bin/gcc   -fPIC  -O3 -DNDEBUG -fPIE   -o CMakeFiles/cmTC_32b5a.dir/CheckSymbolExists.c.o   -c ~/opencv-master/build/CMakeFiles/CMakeTmp/CheckSymbolExists.c
    Linking C executable cmTC_32b5a
    /usr/bin/cmake -E cmake_link_script CMakeFiles/cmTC_32b5a.dir/link.txt --verbose=1
    /usr/bin/gcc -fPIC  -O3 -DNDEBUG    -Wl,--gc-sections  CMakeFiles/cmTC_32b5a.dir/CheckSymbolExists.c.o  -o cmTC_32b5a 
    CMakeFiles/cmTC_32b5a.dir/CheckSymbolExists.c.o: In function `main':
    CheckSymbolExists.c:(.text.startup+0x3): undefined reference to `pthread_create'
    collect2: error: ld returned 1 exit status
    CMakeFiles/cmTC_32b5a.dir/build.make:97: recipe for target 'cmTC_32b5a' failed
    make[1]: *** [cmTC_32b5a] Error 1
    make[1]: Leaving directory '~/opencv-master/build/CMakeFiles/CMakeTmp'
    Makefile:126: recipe for target 'cmTC_32b5a/fast' failed
    make: *** [cmTC_32b5a/fast] Error 2
    File ~/opencv-master/build/CMakeFiles/CMakeTmp/CheckSymbolExists.c:
    /* */
    #include 
    int main(int argc, char** argv)
    {
      (void)argv;
    #ifndef pthread_create
      return ((int*)(&pthread_create))[argc];
    #else
      (void)argc;
      return 0;
    #endif
    }
    Determining if the function pthread_create exists in the pthreads failed with the following output:
    Change Dir: ~/opencv-master/build/CMakeFiles/CMakeTmp
    Run Build Command:"/usr/bin/make" "cmTC_31869/fast"
    /usr/bin/make -f CMakeFiles/cmTC_31869.dir/build.make CMakeFiles/cmTC_31869.dir/build
    make[1]: Entering directory '~/opencv-master/build/CMakeFiles/CMakeTmp'
    Building C object CMakeFiles/cmTC_31869.dir/CheckFunctionExists.c.o
    /usr/bin/gcc   -fPIC -DCHECK_FUNCTION_EXISTS=pthread_create -O3 -DNDEBUG -fPIE   -o CMakeFiles/cmTC_31869.dir/CheckFunctionExists.c.o   -c /usr/share/cmake-3.10/Modules/CheckFunctionExists.c
    Linking C executable cmTC_31869
    /usr/bin/cmake -E cmake_link_script CMakeFiles/cmTC_31869.dir/link.txt --verbose=1
    /usr/bin/gcc -fPIC -DCHECK_FUNCTION_EXISTS=pthread_create -O3 -DNDEBUG    -Wl,--gc-sections  CMakeFiles/cmTC_31869.dir/CheckFunctionExists.c.o  -o cmTC_31869 -lpthreads 
    /usr/bin/ld: cannot find -lpthreads
    collect2: error: ld returned 1 exit status
    CMakeFiles/cmTC_31869.dir/build.make:97: recipe for target 'cmTC_31869' failed
    make[1]: *** [cmTC_31869] Error 1
    make[1]: Leaving directory '~/opencv-master/build/CMakeFiles/CMakeTmp'
    Makefile:126: recipe for target 'cmTC_31869/fast' failed
    make: *** [cmTC_31869/fast] Error 2
    Determining if the include file sys/videoio.h exists failed with the following output:
    Change Dir: ~/opencv-master/build/CMakeFiles/CMakeTmp
    Run Build Command:"/usr/bin/make" "cmTC_70175/fast"
    /usr/bin/make -f CMakeFiles/cmTC_70175.dir/build.make CMakeFiles/cmTC_70175.dir/build
    make[1]: Entering directory '~/opencv-master/build/CMakeFiles/CMakeTmp'
    Building C object CMakeFiles/cmTC_70175.dir/CheckIncludeFile.c.o
    /usr/bin/gcc   -fsigned-char -W -Wall -Werror=return-type -Werror=non-virtual-dtor -Werror=address -Werror=sequence-point -Wformat -Werror=format-security -Wmissing-declarations -Wundef -Winit-self -Wpointer-arith -Wshadow -Wuninitialized -Winit-self -Wno-comment -Wimplicit-fallthrough=3 -Wno-strict-overflow -fdiagnostics-show-option -Wno-long-long -pthread -fomit-frame-pointer -ffast-math -ffunction-sections -fdata-sections  -msse -msse2 -msse3 -fvisibility=hidden  -O3 -DNDEBUG -fPIE   -o CMakeFiles/cmTC_70175.dir/CheckIncludeFile.c.o   -c ~/opencv-master/build/CMakeFiles/CMakeTmp/CheckIncludeFile.c
    ~/opencv-master/build/CMakeFiles/CMakeTmp/CheckIncludeFile.c:1:10: fatal error: sys/videoio.h: No such file or directory
     #include 
              ^~~~~~~~~~~~~~~
    compilation terminated.
    CMakeFiles/cmTC_70175.dir/build.make:65: recipe for target 'CMakeFiles/cmTC_70175.dir/CheckIncludeFile.c.o' failed
    make[1]: *** [CMakeFiles/cmTC_70175.dir/CheckIncludeFile.c.o] Error 1
    make[1]: Leaving directory '~/opencv-master/build/CMakeFiles/CMakeTmp'
    Makefile:126: recipe for target 'cmTC_70175/fast' failed
    make: *** [cmTC_70175/fast] Error 2
    Build output check failed:
        Regex: 'unrecognized .*option'
        Output line: 'cc1plus: warning: unrecognized command line option ‘-Wno-unused-private-field’'
    Compilation failed:
        source file: '~/opencv-master/build/CMakeFiles/CMakeTmp/src.cxx'
        check option: ' -Wno-unused-private-field'
    ===== BUILD LOG =====
    Change Dir: ~/opencv-master/build/CMakeFiles/CMakeTmp
    Run Build Command:"/usr/bin/make" "cmTC_6bce1/fast"
    /usr/bin/make -f CMakeFiles/cmTC_6bce1.dir/build.make CMakeFiles/cmTC_6bce1.dir/build
    make[1]: Entering directory '~/opencv-master/build/CMakeFiles/CMakeTmp'
    Building CXX object CMakeFiles/cmTC_6bce1.dir/src.cxx.o
    /usr/bin/g++    -fsigned-char -W -Wall -Werror=return-type -Werror=non-virtual-dtor -Werror=address -Werror=sequence-point -Wformat -Werror=format-security -Wmissing-declarations -Wundef -Winit-self -Wpointer-arith -Wshadow -Wuninitialized -Winit-self -Wno-comment -Wimplicit-fallthrough=3 -Wno-strict-overflow -fdiagnostics-show-option -Wno-long-long -pthread -fomit-frame-pointer -ffast-math -ffunction-sections -fdata-sections  -msse -msse2 -msse3 -fvisibility=hidden -Wno-unused-function -Wno-deprecated-declarations -Wno-overloaded-virtual  -O3 -DNDEBUG -fPIE   -Wno-unused-private-field -std=c++11 -o CMakeFiles/cmTC_6bce1.dir/src.cxx.o -c ~/opencv-master/build/CMakeFiles/CMakeTmp/src.cxx
    ~/opencv-master/build/CMakeFiles/CMakeTmp/src.cxx:1:0: warning: ignoring #pragma   [-Wunknown-pragmas]
     #pragma
    cc1plus: warning: unrecognized command line option ‘-Wno-unused-private-field’
    Linking CXX executable cmTC_6bce1
    /usr/bin/cmake -E cmake_link_script CMakeFiles/cmTC_6bce1.dir/link.txt --verbose=1
    /usr/bin/g++     -fsigned-char -W -Wall -Werror=return-type -Werror=non-virtual-dtor -Werror=address -Werror=sequence-point -Wformat -Werror=format-security -Wmissing-declarations -Wundef -Winit-self -Wpointer-arith -Wshadow -Wuninitialized -Winit-self -Wno-comment -Wimplicit-fallthrough=3 -Wno-strict-overflow -fdiagnostics-show-option -Wno-long-long -pthread -fomit-frame-pointer -ffast-math -ffunction-sections -fdata-sections  -msse -msse2 -msse3 -fvisibility=hidden -Wno-unused-function -Wno-deprecated-declarations -Wno-overloaded-virtual  -O3 -DNDEBUG    -Wl,--gc-sections  CMakeFiles/cmTC_6bce1.dir/src.cxx.o  -o cmTC_6bce1 
    make[1]: Leaving directory '~/opencv-master/build/CMakeFiles/CMakeTmp'
    ===== END =====
##### Steps to reproduce
     cmake -D CMAKE_BUILD_TYPE=RELEASE -D CMAKE_INSTALL_PREFIX=/usr/local -D WITH_CUDA=ON -D WITH_CUBLAS=ON -D ENABLE_FAST_MATH=ON -D CUDA_FAST_MATH=ON -D ENABLE_NEON=ON -D WITH_LIBV4L=ON -D BUILD_TESTS=OFF -D BUILD_PERF_TESTS=OFF -D BUILD_EXAMPLES=ON -D WITH_QT=ON -D WITH_OPENGL=ON -D WITH_GSTREAMER=ON -D WITH_PROTOBUF=OFF -D INSTALL_PYTHON_EXAMPLES=ON -D WITH_GSTREAMER_0_10=OFF -D WITH_OPENCL=ON -D BUILD_opencv_python2=ON -D BUILD_opencv_python3=ON -D WITH_FFMPEG=ON -D WITH_CUFFT=ON -D WITH_V4L=ON -D WITH_V4L2=ON -D WITH_LIBV4L2=ON -D WITH_LIBV4L=ON -D OPENCV_ENABLE_NONFREE=ON -D CMAKE_CXX_COMPILER=g++ -D CMAKE_C_COMPILER=gcc -D OPENCV_EXTRA_MODULES_PATH=../opencv_contrib-master/modules ..