After upgrading Caravel to version `1313727`, I encountered the following error when attempting to use a Sunburst slice:

```
Traceback (most recent call last):
  File "/home/rm/caraveltest/venv/lib/python3.4/site-packages/pandas/core/internals.py", line 3600, in set
    loc = self.items.get_loc(item)
  File "/home/rm/caraveltest/venv/lib/python3.4/site-packages/pandas/indexes/base.py", line 1985, in get_loc
    return self._engine.get_loc(self._maybe_cast_indexer(key))
  File "pandas/index.pyx", line 137, in pandas.index.IndexEngine.get_loc (pandas/index.c:4154)
  File "pandas/index.pyx", line 159, in pandas.index.IndexEngine.get_loc (pandas/index.c:4018)
  File "pandas/hashtable.pyx", line 675, in pandas.hashtable.PyObjectHashTable.get_item (pandas/hashtable.c:12368)
  File "pandas/hashtable.pyx", line 683, in pandas.hashtable.PyObjectHashTable.get_item (pandas/hashtable.c:12322)
KeyError: 'm1'

During handling of the above exception, another exception occurred:

Traceback (most recent call last):
  File "/home/rm/caraveltest/venv/lib/python3.4/site-packages/caravel/views.py", line 799, in explore
    payload = obj.get_json()
  File "/home/rm/caraveltest/venv/lib/python3.4/site-packages/caravel/viz.py", line 275, in get_json
    'data': self.get_data(),
  File "/home/rm/caraveltest/venv/lib/python3.4/site-packages/caravel/viz.py", line 1288, in get_data
    ndf['m1'] = df[metric]
  File "/home/rm/caraveltest/venv/lib/python3.4/site-packages/pandas/core/frame.py", line 2357, in __setitem__
    self._set_item(key, value)
  File "/home/rm/caraveltest/venv/lib/python3.4/site-packages/pandas/core/frame.py", line 2424, in _set_item
    NDFrame._set_item(self, key, value)
  File "/home/rm/caraveltest/venv/lib/python3.4/site-packages/pandas/core/generic.py", line 1465, in _set_item
    self._data.set(key, value)
  File "/home/rm/caraveltest/venv/lib/python3.4/site-packages/pandas/core/internals.py", line 3603, in set
    self.insert(len(self.items), item, value)
  File "/home/rm/caraveltest/venv/lib/python3.4/site-packages/pandas/core/internals.py", line 3704, in insert
    placement=slice(loc, loc + 1))
  File "/home/rm/caraveltest/venv/lib/python3.4/site-packages/pandas/core/internals.py", line 2619, in make_block
    return klass(values, ndim=ndim, fastpath=fastpath, placement=placement)
  File "/home/rm/caraveltest/venv/lib/python3.4/site-packages/pandas/core/internals.py", line 90, in __init__
    len(self.mgr_locs)))
ValueError: Wrong number of items passed 2, placement implies 1
```

### Summary:
- **Issue:** After upgrading Caravel to version `1313727`, a `KeyError` and subsequent `ValueError` are raised when trying to use a Sunburst slice.
- **Error Details:**
  - The initial `KeyError` indicates that the key `'m1'` is not found in the DataFrame.
  - The `ValueError` suggests that there is a mismatch in the number of items being inserted into the DataFrame, with 2 items being passed but only 1 expected.

### Steps to Reproduce:
1. Upgrade Caravel to version `1313727`.
2. Attempt to use a Sunburst slice.

### Environment:
- Caravel version: `1313727`
- Python version: `3.4`
- Pandas version: (not explicitly mentioned, but likely a version compatible with Python 3.4)

If you have any additional information or context, please let me know so I can assist further.