    Determining size of INT32 failed with the following output:
    Change Dir: ~/opencv-master/build/CMakeFiles/CMakeTmp
    Run Build Command:"/usr/bin/make" "cmTC_20741/fast"
    /usr/bin/make -f CMakeFiles/cmTC_20741.dir/build.make CMakeFiles/cmTC_20741.dir/build
    make[1]: Entering directory '~/opencv-master/build/CMakeFiles/CMakeTmp'
    Building C object CMakeFiles/cmTC_20741.dir/int32.c.o
    /usr/bin/gcc   -fsigned-char -W -Wall -Werror=return-type -Werror=non-virtual-dtor -Werror=address -Werror=sequence-point -Wformat -Werror=format-security -Wmissing-declarations -Wundef -Winit-self -Wpointer-arith -Wshadow -Wuninitialized -Winit-self -Wno-comment -Wimplicit-fallthrough=3 -Wno-strict-overflow -fdiagnostics-show-option -Wno-long-long -pthread -fomit-frame-pointer -ffast-math -ffunction-sections -fdata-sections  -msse -msse2 -msse3 -fvisibility=hidden  -O3 -DNDEBUG -fPIE   -o CMakeFiles/cmTC_20741.dir/int32.c.o   -c ~/opencv-master/build/CMakeFiles/CheckTypeSize/int32.c
    ~/opencv-master/build/CMakeFiles/CheckTypeSize/int32.c:23:22: error: ‘INT32’ undeclared here (not in a function); did you mean ‘INT32_C’?
     #define SIZE (sizeof(INT32))
                          ^
    ~/opencv-master/build/CMakeFiles/CheckTypeSize/int32.c:25:12: note: in expansion of macro ‘SIZE’
       ('0' + ((SIZE / 10000)%10)),
                ^~~~
    CMakeFiles/cmTC_20741.dir/build.make:65: recipe for target 'CMakeFiles/cmTC_20741.dir/int32.c.o' failed
    make[1]: *** [CMakeFiles/cmTC_20741.dir/int32.c.o] Error 1
    make[1]: Leaving directory '~/opencv-master/build/CMakeFiles/CMakeTmp'
    Makefile:126: recipe for target 'cmTC_20741/fast' failed
    make: *** [cmTC_20741/fast] Error 2
    ~/opencv-master/build/CMakeFiles/CheckTypeSize/int32.c:
    #include 
    #include 
    #include 
    #undef KEY
    #if defined(__i386)
    # define KEY '_','_','i','3','8','6'
    #elif defined(__x86_64)
    # define KEY '_','_','x','8','6','_','6','4'
    #elif defined(__ppc__)
    # define KEY '_','_','p','p','c','_','_'
    #elif defined(__ppc64__)
    # define KEY '_','_','p','p','c','6','4','_','_'
    #elif defined(__aarch64__)
    # define KEY '_','_','a','a','r','c','h','6','4','_','_'
    #elif defined(__ARM_ARCH_7A__)
    # define KEY '_','_','A','R','M','_','A','R','C','H','_','7','A','_','_'
    #elif defined(__ARM_ARCH_7S__)
    # define KEY '_','_','A','R','M','_','A','R','C','H','_','7','S','_','_'
    #endif
    #define SIZE (sizeof(INT32))
    char info_size[] =  {'I', 'N', 'F', 'O', ':', 's','i','z','e','[',
      ('0' + ((SIZE / 10000)%10)),
      ('0' + ((SIZE / 1000)%10)),
      ('0' + ((SIZE / 100)%10)),
      ('0' + ((SIZE / 10)%10)),
      ('0' +  (SIZE    % 10)),
      ']',
    #ifdef KEY
      ' ','k','e','y','[', KEY, ']',
    #endif
      '\0'};
    #ifdef __CLASSIC_C__
    int main(argc, argv) int argc; char *argv[];
    #else
    int main(int argc, char *argv[])
    #endif
    {
      int require = 0;
      require += info_size[argc];
      (void)argv;
      return require;
    }
    Determining if the function setmode exists failed with the following output:
    Change Dir: ~/opencv-master/build/CMakeFiles/CMakeTmp
    Run Build Command:"/usr/bin/make" "cmTC_fd91a/fast"
    /usr/bin/make -f CMakeFiles/cmTC_fd91a.dir/build.make CMakeFiles/cmTC_fd91a.dir/build
    make[1]: Entering directory '~/opencv-master/build/CMakeFiles/CMakeTmp'
    Building C object CMakeFiles/cmTC_fd91a.dir/CheckFunctionExists.c.o
    /usr/bin/gcc   -fsigned-char -W -Wall -Werror=return-type -Werror=non-virtual-dtor -Werror=address -Werror=sequence-point -Wformat -Werror=format-security -Wmissing-declarations -Wundef -Winit-self -Wpointer-arith -Wshadow -Wuninitialized -Winit-self -Wno-comment -Wimplicit-fallthrough=3 -Wno-strict-overflow -fdiagnostics-show-option -Wno-long-long -pthread -fomit-frame-pointer -ffast-math -ffunction-sections -fdata-sections  -msse -msse2 -msse3 -fvisibility=hidden -DCHECK_FUNCTION_EXISTS=setmode -O3 -DNDEBUG -fPIE   -o CMakeFiles/cmTC_fd91a.dir/CheckFunctionExists.c.o   -c /usr/share/cmake-3.10/Modules/CheckFunctionExists.c
    Linking C executable cmTC_fd91a
    /usr/bin/cmake -E cmake_link_script CMakeFiles/cmTC_fd91a.dir/link.txt --verbose=1
    /usr/bin/gcc    -fsigned-char -W -Wall -Werror=return-type -Werror=non-virtual-dtor -Werror=address -Werror=sequence-point -Wformat -Werror=format-security -Wmissing-declarations -Wundef -Winit-self -Wpointer-arith -Wshadow -Wuninitialized -Winit-self -Wno-comment -Wimplicit-fallthrough=3 -Wno-strict-overflow -fdiagnostics-show-option -Wno-long-long -pthread -fomit-frame-pointer -ffast-math -ffunction-sections -fdata-sections  -msse -msse2 -msse3 -fvisibility=hidden -DCHECK_FUNCTION_EXISTS=setmode -O3 -DNDEBUG    -Wl,--gc-sections  CMakeFiles/cmTC_fd91a.dir/CheckFunctionExists.c.o  -o cmTC_fd91a 
    CMakeFiles/cmTC_fd91a.dir/CheckFunctionExists.c.o: In function `main':
    CheckFunctionExists.c:(.text.startup.main+0xc): undefined reference to `setmode'
    collect2: error: ld returned 1 exit status
    CMakeFiles/cmTC_fd91a.dir/build.make:97: recipe for target 'cmTC_fd91a' failed
    make[1]: *** [cmTC_fd91a] Error 1
    make[1]: Leaving directory '~/opencv-master/build/CMakeFiles/CMakeTmp'
    Makefile:126: recipe for target 'cmTC_fd91a/fast' failed
    make: *** [cmTC_fd91a/fast] Error 2
    Build output check failed:
        Regex: 'command line option .* is valid for .* but not for C\+\+'
        Output line: 'cc1plus: warning: command line option ‘-Wno-missing-prototypes’ is valid for C/ObjC but not for C++'
    Compilation failed:
        source file: '~/opencv-master/build/CMakeFiles/CMakeTmp/src.cxx'
        check option: ' -Wno-missing-prototypes'
    ===== BUILD LOG =====
    Change Dir: ~/opencv-master/build/CMakeFiles/CMakeTmp
    Run Build Command:"/usr/bin/make" "cmTC_fc97d/fast"
    /usr/bin/make -f CMakeFiles/cmTC_fc97d.dir/build.make CMakeFiles/cmTC_fc97d.dir/build
    make[1]: Entering directory '~/opencv-master/build/CMakeFiles/CMakeTmp'
    Building CXX object CMakeFiles/cmTC_fc97d.dir/src.cxx.o
    /usr/bin/g++    -fsigned-char -W -Wall -Werror=return-type -Werror=non-virtual-dtor -Werror=address -Werror=sequence-point -Wformat -Werror=format-security -Wundef -Winit-self -Wpointer-arith -Wshadow -Wuninitialized -Winit-self -Wno-comment -Wimplicit-fallthrough=3 -Wno-strict-overflow -fdiagnostics-show-option -Wno-long-long -pthread -fomit-frame-pointer -ffast-math -ffunction-sections -fdata-sections  -msse -msse2 -msse3 -fvisibility=hidden -Wno-missing-declarations -Wno-unused-parameter  -O3 -DNDEBUG -fPIE   -Wno-missing-prototypes -std=c++11 -o CMakeFiles/cmTC_fc97d.dir/src.cxx.o -c ~/opencv-master/build/CMakeFiles/CMakeTmp/src.cxx
    cc1plus: warning: command line option ‘-Wno-missing-prototypes’ is valid for C/ObjC but not for C++
    ~/opencv-master/build/CMakeFiles/CMakeTmp/src.cxx:1:0: warning: ignoring #pragma   [-Wunknown-pragmas]
     #pragma
    Linking CXX executable cmTC_fc97d
    /usr/bin/cmake -E cmake_link_script CMakeFiles/cmTC_fc97d.dir/link.txt --verbose=1
    /usr/bin/g++     -fsigned-char -W -Wall -Werror=return-type -Werror=non-virtual-dtor -Werror=address -Werror=sequence-point -Wformat -Werror=format-security -Wundef -Winit-self -Wpointer-arith -Wshadow -Wuninitialized -Winit-self -Wno-comment -Wimplicit-fallthrough=3 -Wno-strict-overflow -fdiagnostics-show-option -Wno-long-long -pthread -fomit-frame-pointer -ffast-math -ffunction-sections -fdata-sections  -msse -msse2 -msse3 -fvisibility=hidden -Wno-missing-declarations -Wno-unused-parameter  -O3 -DNDEBUG    -Wl,--gc-sections  CMakeFiles/cmTC_fc97d.dir/src.cxx.o  -o cmTC_fc97d 
    make[1]: Leaving directory '~/opencv-master/build/CMakeFiles/CMakeTmp'
    ===== END =====
    Build output check failed:
        Regex: 'unrecognized .*option'
        Output line: 'cc1: warning: unrecognized command line option ‘-Wno-absolute-value’'
    Compilation failed:
        source file: '~/opencv-master/build/CMakeFiles/CMakeTmp/src.c'
        check option: ' -Wno-absolute-value'
    ===== BUILD LOG =====
    Change Dir: ~/opencv-master/build/CMakeFiles/CMakeTmp
    Run Build Command:"/usr/bin/make" "cmTC_576bd/fast"
    /usr/bin/make -f CMakeFiles/cmTC_576bd.dir/build.make CMakeFiles/cmTC_576bd.dir/build
    make[1]: Entering directory '~/opencv-master/build/CMakeFiles/CMakeTmp'
    Building C object CMakeFiles/cmTC_576bd.dir/src.c.o
    /usr/bin/gcc   -fsigned-char -W -Wall -Werror=return-type -Werror=non-virtual-dtor -Werror=address -Werror=sequence-point -Wformat -Werror=format-security -Wundef -Winit-self -Wpointer-arith -Wuninitialized -Winit-self -Wno-comment -Wimplicit-fallthrough=3 -Wno-strict-overflow -fdiagnostics-show-option -Wno-long-long -pthread -fomit-frame-pointer -ffast-math -ffunction-sections -fdata-sections  -msse -msse2 -msse3 -fvisibility=hidden -Wno-implicit-function-declaration -Wno-uninitialized -Wno-missing-prototypes -Wno-unused-but-set-parameter -Wno-missing-declarations -Wno-unused -Wno-shadow -Wno-sign-compare -Wno-strict-overflow -Wno-pointer-compare  -O3 -DNDEBUG -fPIE   -Wno-absolute-value -o CMakeFiles/cmTC_576bd.dir/src.c.o   -c ~/opencv-master/build/CMakeFiles/CMakeTmp/src.c
    ~/opencv-master/build/CMakeFiles/CMakeTmp/src.c:1:0: warning: ignoring #pragma   [-Wunknown-pragmas]
     #pragma
    cc1: warning: unrecognized command line option ‘-Wno-absolute-value’
    Linking C executable cmTC_576bd
    /usr/bin/cmake -E cmake_link_script CMakeFiles/cmTC_576bd.dir/link.txt --verbose=1
    /usr/bin/gcc    -fsigned-char -W -Wall -Werror=return-type -Werror=non-virtual-dtor -Werror=address -Werror=sequence-point -Wformat -Werror=format-security -Wundef -Winit-self -Wpointer-arith -Wuninitialized -Winit-self -Wno-comment -Wimplicit-fallthrough=3 -Wno-strict-overflow -fdiagnostics-show-option -Wno-long-long -pthread -fomit-frame-pointer -ffast-math -ffunction-sections -fdata-sections  -msse -msse2 -msse3 -fvisibility=hidden -Wno-implicit-function-declaration -Wno-uninitialized -Wno-missing-prototypes -Wno-unused-but-set-parameter -Wno-missing-declarations -Wno-unused -Wno-shadow -Wno-sign-compare -Wno-strict-overflow -Wno-pointer-compare  -O3 -DNDEBUG    -Wl,--gc-sections  CMakeFiles/cmTC_576bd.dir/src.c.o  -o cmTC_576bd 
    make[1]: Leaving directory '~/opencv-master/build/CMakeFiles/CMakeTmp'
    ===== END =====
    Build output check failed:
        Regex: 'unrecognized .*option'
        Output line: 'cc1plus: warning: unrecognized command line option ‘-Wno-inconsistent-missing-override’'
    Compilation failed:
        source file: '~/opencv-master/build/CMakeFiles/CMakeTmp/src.cxx'
        check option: ' -Wno-inconsistent-missing-override'
    ===== BUILD LOG =====
    Change Dir: ~/opencv-master/build/CMakeFiles/CMakeTmp
    Run Build Command:"/usr/bin/make" "cmTC_ca285/fast"
    /usr/bin/make -f CMakeFiles/cmTC_ca285.dir/build.make CMakeFiles/cmTC_ca285.dir/build
    make[1]: Entering directory '~/opencv-master/build/CMakeFiles/CMakeTmp'
    Building CXX object CMakeFiles/cmTC_ca285.dir/src.cxx.o
    /usr/bin/g++    -fsigned-char -W -Wall -Werror=return-type -Werror=non-virtual-dtor -Werror=address -Werror=sequence-point -Wformat -Werror=format-security -Winit-self -Wpointer-arith -Winit-self -Wno-comment -Wimplicit-fallthrough=3 -Wno-strict-overflow -fdiagnostics-show-option -Wno-long-long -pthread -fomit-frame-pointer -ffast-math -ffunction-sections -fdata-sections  -msse -msse2 -msse3 -fvisibility=hidden -Wno-shadow -Wno-unused -Wno-sign-compare -Wno-undef -Wno-missing-declarations -Wno-uninitialized -Wno-switch -Wno-parentheses -Wno-array-bounds -Wno-extra -Wno-deprecated-declarations -Wno-misleading-indentation -Wno-deprecated -Wno-suggest-override  -O3 -DNDEBUG -fPIE   -Wno-inconsistent-missing-override -std=c++11 -o CMakeFiles/cmTC_ca285.dir/src.cxx.o -c ~/opencv-master/build/CMakeFiles/CMakeTmp/src.cxx
    ~/opencv-master/build/CMakeFiles/CMakeTmp/src.cxx:1:0: warning: ignoring #pragma   [-Wunknown-pragmas]
     #pragma
    cc1plus: warning: unrecognized command line option ‘-Wno-inconsistent-missing-override’
    Linking CXX executable cmTC_ca285
    /usr/bin/cmake -E cmake_link_script CMakeFiles/cmTC_ca285.dir/link.txt --verbose=1
    /usr/bin/g++     -fsigned-char -W -Wall -Werror=return-type -Werror=non-virtual-dtor -Werror=address -Werror=sequence-point -Wformat -Werror=format-security -Winit-self -Wpointer-arith -Winit-self -Wno-comment -Wimplicit-fallthrough=3 -Wno-strict-overflow -fdiagnostics-show-option -Wno-long-long -pthread -fomit-frame-pointer -ffast-math -ffunction-sections -fdata-sections  -msse -msse2 -msse3 -fvisibility=hidden -Wno-shadow -Wno-unused -Wno-sign-compare -Wno-undef -Wno-missing-declarations -Wno-uninitialized -Wno-switch -Wno-parentheses -Wno-array-bounds -Wno-extra -Wno-deprecated-declarations -Wno-misleading-indentation -Wno-deprecated -Wno-suggest-override  -O3 -DNDEBUG    -Wl,--gc-sections  CMakeFiles/cmTC_ca285.dir/src.cxx.o  -o cmTC_ca285 
    make[1]: Leaving directory '~/opencv-master/build/CMakeFiles/CMakeTmp'
    ===== END =====
    Determining if the Q_WS_WIN exist failed with the following output:
    Change Dir: ~/opencv-master/build/CMakeFiles/CMakeTmp
    Run Build Command:"/usr/bin/make" "cmTC_47b2b/fast"
    /usr/bin/make -f CMakeFiles/cmTC_47b2b.dir/build.make CMakeFiles/cmTC_47b2b.dir/build
    make[1]: Entering directory '~/opencv-master/build/CMakeFiles/CMakeTmp'
    Building CXX object CMakeFiles/cmTC_47b2b.dir/CheckSymbolExists.cxx.o
    /usr/bin/g++   -I/usr/include/qt4  -fsigned-char -W -Wall -Werror=return-type -Werror=non-virtual-dtor -Werror=address -Werror=sequence-point -Wformat -Werror=format-security -Wmissing-declarations -Wundef -Winit-self -Wpointer-arith -Wshadow -Wuninitialized -Winit-self -Wno-comment -Wimplicit-fallthrough=3 -Wno-strict-overflow -fdiagnostics-show-option -Wno-long-long -pthread -fomit-frame-pointer -ffast-math -ffunction-sections -fdata-sections  -msse -msse2 -msse3 -fvisibility=hidden  -O3 -DNDEBUG -fPIE   -std=c++11 -o CMakeFiles/cmTC_47b2b.dir/CheckSymbolExists.cxx.o -c ~/opencv-master/build/CMakeFiles/CMakeTmp/CheckSymbolExists.cxx
    ~/opencv-master/build/CMakeFiles/CMakeTmp/CheckSymbolExists.cxx: In function ‘int main(int, char**)’:
    ~/opencv-master/build/CMakeFiles/CMakeTmp/CheckSymbolExists.cxx:8:19: error: ‘Q_WS_WIN’ was not declared in this scope
       return ((int*)(&Q_WS_WIN))[argc];
                       ^~~~~~~~
    ~/opencv-master/build/CMakeFiles/CMakeTmp/CheckSymbolExists.cxx:8:19: note: suggested alternative: ‘Q_WS_X11’
       return ((int*)(&Q_WS_WIN))[argc];
                       ^~~~~~~~
                       Q_WS_X11
    CMakeFiles/cmTC_47b2b.dir/build.make:65: recipe for target 'CMakeFiles/cmTC_47b2b.dir/CheckSymbolExists.cxx.o' failed
    make[1]: *** [CMakeFiles/cmTC_47b2b.dir/CheckSymbolExists.cxx.o] Error 1
    make[1]: Leaving directory '~/opencv-master/build/CMakeFiles/CMakeTmp'
    Makefile:126: recipe for target 'cmTC_47b2b/fast' failed
    make: *** [cmTC_47b2b/fast] Error 2
    File ~/opencv-master/build/CMakeFiles/CMakeTmp/CheckSymbolExists.cxx:
    /* */
    #include 
    int main(int argc, char** argv)