If we add 'numpy==1.20.2' requirements.txt, it resolves the following issue
2021-05-10 20:35:16,558 | Final missing wheels: {numpy==1.20.3(wheel)}  
2021-05-10 20:35:19,015 | PythonPipBuilder:ResolveDependencies failed  
Traceback (most recent call last):  
File "/usr/local/Cellar/aws-sam-cli/1.21.1/libexec/lib/python3.8/site-
packages/aws_lambda_builders/workflows/python_pip/actions.py", line 39, in
execute  
package_builder.build_dependencies(  
File "/usr/local/Cellar/aws-sam-cli/1.21.1/libexec/lib/python3.8/site-
packages/aws_lambda_builders/workflows/python_pip/packager.py", line 137, in
build_dependencies  
self._dependency_builder.build_site_packages(requirements_path,
artifacts_dir_path, scratch_dir_path)  
File "/usr/local/Cellar/aws-sam-cli/1.21.1/libexec/lib/python3.8/site-
packages/aws_lambda_builders/workflows/python_pip/packager.py", line 207, in
build_site_packages  
raise MissingDependencyError(packages_without_wheels)  
aws_lambda_builders.workflows.python_pip.packager.MissingDependencyError:
{numpy==1.20.3(wheel)}
During handling of the above exception, another exception occurred:
Traceback (most recent call last):  
File "/usr/local/Cellar/aws-sam-cli/1.21.1/libexec/lib/python3.8/site-
packages/aws_lambda_builders/workflow.py", line 269, in run  
action.execute()  
File "/usr/local/Cellar/aws-sam-cli/1.21.1/libexec/lib/python3.8/site-
packages/aws_lambda_builders/workflows/python_pip/actions.py", line 45, in
execute  
raise ActionFailedError(str(ex))  
aws_lambda_builders.actions.ActionFailedError: {numpy==1.20.3(wheel)}
Build Failed