Hi,
As described in this issue, when I run `cargo test` I receive this output:
    FAILED (errors=1)
    ', cli/tests/util/mod.rs:34:5
    stack backtrace:
       0: backtrace::backtrace::libunwind::trace
                 at /Users/vsts/.cargo/registry/src/github.com-1ecc6299db9ec823/backtrace-0.3.34/src/backtrace/libunwind.rs:88
       1: backtrace::backtrace::trace_unsynchronized
                 at /Users/vsts/.cargo/registry/src/github.com-1ecc6299db9ec823/backtrace-0.3.34/src/backtrace/mod.rs:66
       2: std::sys_common::backtrace::_print
                 at src/libstd/sys_common/backtrace.rs:47
       3: std::sys_common::backtrace::print
                 at src/libstd/sys_common/backtrace.rs:36
       4: std::panicking::default_hook::{{closure}}
                 at src/libstd/panicking.rs:200
       5: std::panicking::default_hook
                 at src/libstd/panicking.rs:211
       6: std::panicking::rust_panic_with_hook
                 at src/libstd/panicking.rs:477
       7: std::panicking::continue_panic_fmt
                 at src/libstd/panicking.rs:384
       8: std::thread::local::fast::Key::try_initialize
       9: integration_tests::util::run_python_script
                 at cli/tests/util/mod.rs:34
      10: integration_tests::fmt_test
                 at cli/tests/integration_tests.rs:32
      11: integration_tests::fmt_test::{{closure}}
                 at cli/tests/integration_tests.rs:30
      12: core::ops::function::FnOnce::call_once
                 at /rustc/625451e376bb2e5283fc4741caa0a3e8a2ca4d54/src/libcore/ops/function.rs:235
      13:  as core::ops::function::FnOnce>::call_once
                 at /rustc/625451e376bb2e5283fc4741caa0a3e8a2ca4d54/src/liballoc/boxed.rs:787
      14: __rust_maybe_catch_panic
                 at src/libpanic_unwind/lib.rs:80
      15: std::panicking::try
                 at /rustc/625451e376bb2e5283fc4741caa0a3e8a2ca4d54/src/libstd/panicking.rs:275
      16: std::panic::catch_unwind
                 at /rustc/625451e376bb2e5283fc4741caa0a3e8a2ca4d54/src/libstd/panic.rs:394
      17: test::run_test::run_test_inner::{{closure}}
                 at src/libtest/lib.rs:1408
    note: Some details are omitted, run with `RUST_BACKTRACE=full` for a verbose backtrace.
    ---- js_unit_tests stdout ----
    thread 'js_unit_tests' panicked at 'called `Result::unwrap()` on an `Err` value: "PoisonError { inner: .. }"', src/libcore/result.rs:1084:5
    stack backtrace:
       0: backtrace::backtrace::libunwind::trace
                 at /Users/vsts/.cargo/registry/src/github.com-1ecc6299db9ec823/backtrace-0.3.34/src/backtrace/libunwind.rs:88
       1: backtrace::backtrace::trace_unsynchronized
                 at /Users/vsts/.cargo/registry/src/github.com-1ecc6299db9ec823/backtrace-0.3.34/src/backtrace/mod.rs:66
       2: std::sys_common::backtrace::_print
                 at src/libstd/sys_common/backtrace.rs:47
       3: std::sys_common::backtrace::print
                 at src/libstd/sys_common/backtrace.rs:36
       4: std::panicking::default_hook::{{closure}}
                 at src/libstd/panicking.rs:200
       5: std::panicking::default_hook
                 at src/libstd/panicking.rs:211
       6: std::panicking::rust_panic_with_hook
                 at src/libstd/panicking.rs:477
       7: std::panicking::continue_panic_fmt
                 at src/libstd/panicking.rs:384
       8: rust_begin_unwind
                 at src/libstd/panicking.rs:311
       9: std::panicking::begin_panic
      10: std::panicking::begin_panic
      11: core::result::Result::unwrap
                 at /rustc/625451e376bb2e5283fc4741caa0a3e8a2ca4d54/src/libcore/result.rs:852
      12: deno_cli::test_util::http_server
                 at cli/test_util.rs:62
      13: integration_tests::js_unit_tests
                 at cli/tests/integration_tests.rs:38
      14: integration_tests::js_unit_tests::{{closure}}
                 at cli/tests/integration_tests.rs:37
      15: core::ops::function::FnOnce::call_once
                 at /rustc/625451e376bb2e5283fc4741caa0a3e8a2ca4d54/src/libcore/ops/function.rs:235
      16:  as core::ops::function::FnOnce>::call_once
                 at /rustc/625451e376bb2e5283fc4741caa0a3e8a2ca4d54/src/liballoc/boxed.rs:787
      17: __rust_maybe_catch_panic
                 at src/libpanic_unwind/lib.rs:80
      18: std::panicking::try
                 at /rustc/625451e376bb2e5283fc4741caa0a3e8a2ca4d54/src/libstd/panicking.rs:275
      19: std::panic::catch_unwind
                 at /rustc/625451e376bb2e5283fc4741caa0a3e8a2ca4d54/src/libstd/panic.rs:394
      20: test::run_test::run_test_inner::{{closure}}
                 at src/libtest/lib.rs:1408
    note: Some details are omitted, run with `RUST_BACKTRACE=full` for a verbose backtrace.
My `cargo --version` is `cargo 1.38.0 (23ef9a4ef 2019-08-20)` & `rustc
--version` is `rustc 1.38.0 (625451e37 2019-09-23)`.
I also get this error earlier in the format test (`python2 tools/format.py`
passes) and that is where the panic occurs:
    Traceback (most recent call last):
      File "tools/fmt_test.py", line 31, in test_fmt
        quiet=True)
      File "/Users/usrname/Documents/deno/tools/util.py", line 99, in run_output
        sys.exit(retcode)
    SystemExit: -4
I don't know enough about the logic of `util.py` to know why this is being
thrown from L99 but it's in the `run_output` function.