### 优化后的文本

在运行 `nosetests sklearn --exe` 命令时，遇到了一些警告和一个测试失败。以下是详细的输出信息：

```
...............................................................
/usr/local/lib/python2.7/site-packages/scikit_learn-0.13.1-py2.7-linux-x86_64.egg/sklearn/manifold/spectral_embedding.py:225: UserWarning: Graph is not fully connected, spectral embedding may not work as expected.
  warnings.warn("Graph is not fully connected, spectral embedding may not work as expected.")
...........SS.....
/usr/local/lib/python2.7/site-packages/scikit_learn-0.13.1-py2.7-linux-x86_64.egg/sklearn/datasets/tests/test_base.py:124: UserWarning: Could not load sample images, PIL is not available.
  warnings.warn("Could not load sample images, PIL is not available.")
.../usr/local/lib/python2.7/site-packages/scikit_learn-0.13.1-py2.7-linux-x86_64.egg/sklearn/datasets/tests/test_base.py:145: UserWarning: Could not load sample images, PIL is not available.
  warnings.warn("Could not load sample images, PIL is not available.")
./usr/local/lib/python2.7/site-packages/scikit_learn-0.13.1-py2.7-linux-x86_64.egg/sklearn/datasets/tests/test_base.py:161: UserWarning: Could not load sample images, PIL is not available.
  warnings.warn("Could not load sample images, PIL is not available.")
.....SS................................................S.........................................................S.........................................SSS....................../usr/local/lib/python2.7/site-packages/scikit_learn-0.13.1-py2.7-linux-x86_64.egg/sklearn/externals/joblib/test/test_func_inspect.py:122: UserWarning: Cannot inspect object, ignore list will not work.
  nose.tools.assert_equal(filter_args(ff, ['y'], (1, )),
............................................................................................................................................................................................................................................................................................................................................................................................................................................................................................................................................................................................................................................................S...........................................................................................................................................................................................................................................................................................................................................................................................................................................................................................F............................................................................SSS....S....S...................................................................................................................................

======================================================================
FAIL: sklearn.tests.test_common.test_regressors_train
----------------------------------------------------------------------
Traceback (most recent call last):
  File "/usr/local/lib/python2.7/site-packages/nose-1.2.1-py2.7.egg/nose/case.py", line 197, in runTest
    self.test(*self.arg)
  File "/usr/local/lib/python2.7/site-packages/scikit_learn-0.13.1-py2.7-linux-x86_64.egg/sklearn/tests/test_common.py", line 655, in test_regressors_train
    assert_true(succeeded)
AssertionError: False is not true
-------------------- >> begin captured stdout << ----------------------
----------------------------------------------------------------------
Ran 1598 tests in 81.829s
FAILED (SKIP=15, failures=1)
```

### 问题
这些失败是否严重？我是否可以继续使用 `sklearn` 进行逻辑回归？

### 分析
1. **警告信息**：
   - `spectral_embedding.py` 中的警告提示图不是完全连通的，这可能会影响谱嵌入的效果。
   - `test_base.py` 中的警告提示无法加载示例图像，因为 PIL（Python Imaging Library）不可用。
   - `test_func_inspect.py` 中的警告提示无法检查对象，忽略列表将不起作用。

2. **测试失败**：
   - `test_regressors_train` 测试失败，具体原因是 `assert_true(succeeded)` 断言失败。

### 结论
- **警告信息**：这些警告主要与特定功能有关，并不会影响你使用 `sklearn` 进行逻辑回归。你可以忽略这些警告，除非你需要使用受影响的功能。
- **测试失败**：虽然有一个测试失败，但这并不一定意味着 `sklearn` 的所有功能都不可用。对于逻辑回归，这个失败可能不会直接影响你的使用。

### 建议
- 如果你只需要进行逻辑回归，可以尝试直接运行相关的代码，看看是否能够正常工作。
- 如果你仍然担心，可以考虑升级 `sklearn` 到最新版本，或者查看相关文档以获取更多信息。

希望这些建议对你有帮助！如果你有任何其他问题，请随时告诉我。