### Issue Details
  * **Electron Version:**
    * 9.0.0-beta.24
  * **Operating System:**
    * macOS Mojave 10.14.6
  * **Last Known Working Electron version:**
    * 7.1.11
### Expected Behavior
Application builds without issues
### Actual Behavior
Errors in console and build fails
### Additional Information
Only electron version was changed from **7.1.11** to **9.0.0-beta.24**. This
leads to failing in build process
Console build error:  
signing file=dist/mac/App.app identityName=Apple Development: PI:EMAIL
(111111) identityHash=222222 provisioningProfile=none  
Command failed: codesign --sign 22222222 --force --timestamp --options runtime
--entitlements /Users/user//entitlements.mac.inherit.plist
/Users/user//mac/App.app/Contents/Frameworks/Electron
Framework.framework/Versions/A/Electron Framework  
/Users/user//mac/App.app/Contents/Frameworks/Electron
Framework.framework/Versions/A/Electron Framework: code object is not signed
at all  
In subcomponent: /Users/user//mac/App.app/Contents/Frameworks/Electron
Framework.framework/Versions/A/Helpers/chrome_crashpad_handler  
stackTrace= Error: Command failed: codesign --sign 2222222 --force --timestamp
--options runtime --entitlements /Users/user//entitlements.mac.inherit.plist
/Users/user//mac/App.app/Contents/Frameworks/Electron
Framework.framework/Versions/A/Electron Framework  
/Users/user//mac/App.app/Contents/Frameworks/Electron
Framework.framework/Versions/A/Electron Framework: code object is not signed
at all  
In subcomponent: /Users/user//mac/App.app/Contents/Frameworks/Electron
Framework.framework/Versions/A/Helpers/chrome_crashpad_handler  
at ChildProcess.exithandler (child_process.js:289:12)  
at ChildProcess.emit (events.js:182:13)  
at maybeClose (internal/child_process.js:961:16)  
at Process.ChildProcess._handle.onexit (internal/child_process.js:250:5)  
From previous event:  
at runCallback (timers.js:693:18)  
at tryOnImmediate (timers.js:664:5)  
at processImmediate (timers.js:646:5)  
From previous event:  
at MacPackager.signApp (/Users/user//node_modules/app-builder-
lib/src/macPackager.ts:329:27)  
at MacPackager.doPack (/Users/user//node_modules/app-builder-
lib/src/platformPackager.ts:244:16)  
npm ERR! code ELIFECYCLE  
npm ERR! errno 1