以下是优化后的文本，使其更加清晰、连贯和专业：

---

### 环境变量设置

```sh
export TEMP_FILES_DIR=/Users/shareclarity/Library/Developer/Xcode/DerivedData/Runner-dwqazvqegcuikadhubvglsmwdhfn/Build/Intermediates.noindex/Runner.build/Debug-iphonesimulator/Runner.build
export TEMP_FILE_DIR=/Users/shareclarity/Library/Developer/Xcode/DerivedData/Runner-dwqazvqegcuikadhubvglsmwdhfn/Build/Intermediates.noindex/Runner.build/Debug-iphonesimulator/Runner.build
export TEMP_ROOT=/Users/shareclarity/Library/Developer/Xcode/DerivedData/Runner-dwqazvqegcuikadhubvglsmwdhfn/Build/Intermediates.noindex
export TOOLCHAINS=com.apple.dt.toolchain.XcodeDefault
export TOOLCHAIN_DIR=/Applications/Xcode.app/Contents/Developer/Toolchains/XcodeDefault.xctoolchain
export TREAT_MISSING_BASELINES_AS_TEST_FAILURES=NO
export UID=502
export UNLOCALIZED_RESOURCES_FOLDER_PATH=Runner.app
export UNSTRIPPED_PRODUCT=NO
export USER=shareclarity
export USER_APPS_DIR=/Users/shareclarity/Applications
export USER_LIBRARY_DIR=/Users/shareclarity/Library
export USE_DYNAMIC_NO_PIC=YES
export USE_HEADERMAP=YES
export USE_HEADER_SYMLINKS=NO
export VALIDATE_PRODUCT=NO
export VALID_ARCHS="i386 x86_64"
export VERBOSE_PBXCP=NO
export VERBOSE_SCRIPT_LOGGING=YES
export VERSIONING_SYSTEM=apple-generic
export VERSIONPLIST_PATH=Runner.app/version.plist
export VERSION_INFO_BUILDER=shareclarity
export VERSION_INFO_FILE=Runner_vers.c
export VERSION_INFO_STRING="\"@(#)PROGRAM:Runner  PROJECT:Runner-1\""
export WRAPPER_EXTENSION=app
export WRAPPER_NAME=Runner.app
export WRAPPER_SUFFIX=.app
export WRAP_ASSET_PACKS_IN_SEPARATE_DIRECTORIES=NO
export XCODE_APP_SUPPORT_DIR=/Applications/Xcode.app/Contents/Developer/Library/Xcode
export XCODE_PRODUCT_BUILD_VERSION=10A255
export XCODE_VERSION_ACTUAL=1000
export XCODE_VERSION_MAJOR=1000
export XCODE_VERSION_MINOR=1000
export XPCSERVICES_FOLDER_PATH=Runner.app/XPCServices
export YACC=yacc
export arch=x86_64
export variant=normal
```

### 脚本执行

```sh
/bin/sh -c /Users/shareclarity/Library/Developer/Xcode/DerivedData/Runner-dwqazvqegcuikadhubvglsmwdhfn/Build/Intermediates.noindex/Runner.build/Debug-iphonesimulator/Runner.build/Script-9740EEB61CF901F6004384FC.sh
```

### 目录操作

```sh
mkdir -p -- /Users/shareclarity/Developer/flutter_project/test_app/ios/Flutter
rm -rf -- /Users/shareclarity/Developer/flutter_project/test_app/ios/Flutter/App.framework
rm -rf -- /Users/shareclarity/Developer/flutter_project/test_app/ios/Flutter/Flutter.framework
cp -r -- /Users/Shareclarity/Developer/flutter/bin/cache/artifacts/engine/ios/Flutter.framework /Users/shareclarity/Developer/flutter_project/test_app/ios/Flutter
```

### 复制错误

```sh
cp: /Users/Shareclarity/Developer/flutter/bin/cache/artifacts/engine/ios/Flutter.framework/Headers/FlutterChannels.h: Too many levels of symbolic links
cp: /Users/Shareclarity/Developer/flutter/bin/cache/artifacts/engine/ios/Flutter.framework/Headers/FlutterPlugin.h: Too many levels of symbolic links
cp: /Users/Shareclarity/Developer/flutter/bin/cache/artifacts/engine/ios/Flutter.framework/Headers/FlutterAppDelegate.h: Too many levels of symbolic links
cp: /Users/Shareclarity/Developer/flutter/bin/cache/artifacts/engine/ios/Flutter.framework/Headers/FlutterNavigationController.h: Too many levels of symbolic links
cp: /Users/Shareclarity/Developer/flutter/bin/cache/artifacts/engine/ios/Flutter.framework/Headers/FlutterTexture.h: Too many levels of symbolic links
cp: /Users/Shareclarity/Developer/flutter/bin/cache/artifacts/engine/ios/Flutter.framework/Headers/FlutterHeadlessDartRunner.h: Too many levels of symbolic links
cp: /Users/Shareclarity/Developer/flutter/bin/cache/artifacts/engine/ios/Flutter.framework/Headers/FlutterCodecs.h: Too many levels of symbolic links
cp: /Users/Shareclarity/Developer/flutter/bin/cache/artifacts/engine/ios/Flutter.framework/Headers/Flutter.h: Too many levels of symbolic links
cp: /Users/Shareclarity/Developer/flutter/bin/cache/artifacts/engine/ios/Flutter.framework/Headers/FlutterViewController.h: Too many levels of symbolic links
cp: /Users/Shareclarity/Developer/flutter/bin/cache/artifacts/engine/ios/Flutter.framework/Headers/FlutterMacros.h: Too many levels of symbolic links
cp: /Users/Shareclarity/Developer/flutter/bin/cache/artifacts/engine/ios/Flutter.framework/Headers/FlutterDartProject.h: Too many levels of symbolic links
cp: /Users/Shareclarity/Developer/flutter/bin/cache/artifacts/engine/ios/Flutter.framework/Headers/FlutterPluginAppLifeCycleDelegate.h: Too many levels of symbolic links
cp: /Users/Shareclarity/Developer/flutter/bin/cache/artifacts/engine/ios/Flutter.framework/Headers/FlutterBinaryMessenger.h: Too many levels of symbolic links
cp: /Users/Shareclarity/Developer/flutter/bin/cache/artifacts/engine/ios/Flutter.framework/Headers/FlutterCallbackCache.h: Too many levels of symbolic links
```

### 文件权限设置

```sh
find /Users/shareclarity/Developer/flutter_project/test_app/ios/Flutter/Flutter.framework -type f -exec chmod a-w {} ;
```

### 创建目录并复制文件

```sh
mkdir -p -- /Users/shareclarity/Developer/flutter_project/test_app/ios/Flutter/App.framework
cp -- /Users/shareclarity/Developer/flutter_project/test_app/ios/Flutter/AppFrameworkInfo.plist /Users/shareclarity/Developer/flutter_project/test_app/ios/Flutter/App.framework/Info.plist
```

### 构建 Flutter 应用

```sh
/Users/Shareclarity/Developer/flutter/bin/flutter --suppress-analytics --verbose build bundle --target-platform=ios --target=/Users/shareclarity/Developer/flutter_project/test_app/lib/main.dart --debug --depfile=build/snapshot_blob.bin.d --asset-dir=/Users/shareclarity/Developer/flutter_project/test_app/ios/Flutter/flutter_assets
```

### Git 信息

```sh
[   +8 ms] executing: [/Users/Shareclarity/Developer/flutter/] git rev-parse --abbrev-ref --symbolic @{u}
[  +36 ms] Exit code 0 from: git rev-parse --abbrev-ref --symbolic @{u}
[        ] origin/master
[        ] executing: [/Users/Shareclarity/Developer/flutter/] git rev-parse --abbrev-ref HEAD
[   +7 ms] Exit code 0 from: git rev-parse --abbrev-ref HEAD
[        ] master
[        ] executing: [/Users/Shareclarity/Developer/flutter/] git ls-remote --get-url origin
[   +6 ms] Exit code 0 from: git ls-remote --get-url origin
[        ] https://github.com/flutter/flutter.git
[        ] executing: [/Users/Shareclarity/Developer/flutter/] git log -n 1 --pretty=format:%H
[   +7 ms] Exit code 0 from: git log -n 1 --pretty=format:%H
[        ] a0010d391c04a488999ec11bc36654751f70be3e
[        ] executing: [/Users/Shareclarity/Developer/flutter/] git log -n 1 --pretty=format:%ar
[   +9 ms] Exit code 0 from: git log -n 1 --pretty=format:%ar
[        ] 2 hours ago
[        ] executing: [/Users/Shareclarity/Developer/flutter/] git describe --match v*.*.* --first-parent --long --tags
[  +33 ms] Exit code 0 from: git describe --match v*.*.* --first-parent --long --tags
[        ] v0.10.0-64-ga0010d391
[ +658 ms] Skipping kernel compilation. Fingerprint match.
[ +207 ms] Building bundle
[        ] Writing asset files to /Users/shareclarity/Developer/flutter_project/test_app/ios/Flutter/flutter_assets
[ +120 ms] Wrote /Users/shareclarity/Developer/flutter_project/test_app/ios/Flutter/flutter_assets
[  +10 ms] "flutter bundle" took 871ms.
Project /Users/shareclarity/Developer/flutter_project/test_app built and packaged successfully.
```

### 编译错误

```sh
CompileC /Users/shareclarity/Library/Developer/Xcode/DerivedData/Runner-dwqazvqegcuikadhubvglsmwdhfn/Build/Intermediates.noindex/Runner.build/Debug-iphonesimulator/Runner.build/Objects-normal/x86_64/main.o Runner/main.m normal x86_64 objective-c com.apple.compilers.llvm.clang.1_0.compiler
cd /Users/shareclarity/Developer/flutter_project/test_app/ios
export LANG=en_US.US-ASCII
export PATH="/Applications/Xcode.app/Contents/Developer/Platforms/iPhoneSimulator.platform/Developer/usr/bin:/Applications/Xcode.app/Contents/Developer/usr/bin:/Users/Shareclarity/Developer/flutter/bin:/usr/local/sbin:/Users/shareclarity/.nvm/versions/node/v9.10.1/bin:/usr/local/bin:/usr/bin:/bin:/usr/sbin:/sbin:/usr/local/share/dotnet:/opt/X11/bin:~/.dotnet/tools:/Library/Frameworks/Mono.framework/Versions/Current/Commands"
/Applications/Xcode.app/Contents/Developer/Toolchains/XcodeDefault.xctoolchain/usr/bin/clang -x objective-c -arch x86_64 -fmessage-length=0 -fdiagnostics-show-note-include-stack -fmacro-backtrace-limit=0 -std=gnu99 -fobjc-arc -fmodules -gmodules -fmodules-cache-path=/Users/shareclarity/Library/Developer/Xcode/DerivedData/ModuleCache.noindex -fmodules-prune-interval=86400 -fmodules-prune-after=345600 -fbuild-session-file=/Users/shareclarity/Library/Developer/Xcode/DerivedData/ModuleCache.noindex/Session.modulevalidation -fmodules-validate-once-per-build-session -Wnon-modular-include-in-framework-module -Werror=non-modular-include-in-framework-module -Wno-trigraphs -fpascal-strings -O0 -fno-common -Wno-missing-field-initializers -Wno-missing-prototypes -Werror=return-type -Wunreachable-code -Wno-implicit-atomic-properties -Werror=deprecated-objc-isa-usage -Wno-objc-interface-ivars -Werror=objc-root-class -Wno-arc-repeated-use-of-weak -Wduplicate-method-match -Wno-missing-braces -Wparentheses -Wswitch -Wunused-function -Wno-unused-label -Wno-unused-parameter -Wunused-variable -Wunused-value -Wempty-body -Wuninitialized -Wconditional-uninitialized -Wno-unknown-pragmas -Wno-shadow -Wno-four-char-constants -Wno-conversion -Wconstant-conversion -Wint-conversion -Wbool-conversion -Wenum-conversion -Wno-float-conversion -Wnon-literal-null-conversion -Wobjc-literal-conversion -Wshorten-64-to-32 -Wpointer-sign -Wno-newline-eof -Wno-selector -Wno-strict-selector-match -Wundeclared-selector -Wno-deprecated-implementations -DDEBUG=1 -DOBJC_OLD_DISPATCH_PROTOTYPES=0 -isysroot /Applications/Xcode.app/Contents/Developer/Platforms/iPhoneSimulator.platform/Developer/SDKs/iPhoneSimulator12.0.sdk -fasm-blocks -fstrict-aliasing -Wprotocol -Wdeprecated-declarations -mios-simulator-version-min=8.0 -g -Wno-sign-conversion -Winfinite-recursion -Wcomma -Wblock-capture-autoreleasing -Wstrict-prototypes -Wno-semicolon-before-method-body -fobjc-abi-version=2 -fobjc-legacy-dispatch -index-store-path /Users/shareclarity/Library/Developer/Xcode/DerivedData/Runner-dwqazvqegcuikadhubvglsmwdhfn/Index/DataStore -iquote /Users/shareclarity/Library/Developer/Xcode/DerivedData/Runner-dwqazvqegcuikadhubvglsmwdhfn/Build/Intermediates.noindex/Runner.build/Debug-iphonesimulator/Runner.build/Runner-generated-files.hmap -I/Users/shareclarity/Library/Developer/Xcode/DerivedData/Runner-dwqazvqegcuikadhubvglsmwdhfn/Build/Intermediates.noindex/Runner.build/Debug-iphonesimulator/Runner.build/Runner-own-target-headers.hmap -I/Users/shareclarity/Library/Developer/Xcode/DerivedData/Runner-dwqazvqegcuikadhubvglsmwdhfn/Build/Intermediates.noindex/Runner.build/Debug-iphonesimulator/Runner.build/Runner-all-target-headers.hmap -iquote /Users/shareclarity/Library/Developer/Xcode/DerivedData/Runner-dwqazvqegcuikadhubvglsmwdhfn/Build/Intermediates.noindex/Runner.build/Debug-iphonesimulator/Runner.build/Runner-project-headers.hmap -I/Users/shareclarity/Developer/flutter_project/test_app/build/ios/Debug-iphonesimulator/include -I/Users/shareclarity/Library/Developer/Xcode/DerivedData/Runner-dwqazvqegcuikadhubvglsmwdhfn/Build/Intermediates.noindex/Runner.build/Debug-iphonesimulator/Runner.build/DerivedSources/x86_64 -I/Users/shareclarity/Library/Developer/Xcode/DerivedData/Runner-dwqazvqegcuikadhubvglsmwdhfn/Build/Intermediates.noindex/Runner.build/Debug-iphonesimulator/Runner.build/DerivedSources -F/Users/shareclarity/Developer/flutter_project/test_app/build/ios/Debug-iphonesimulator -F/Users/shareclarity/Developer/flutter_project/test_app/ios/Flutter -MMD -MT dependencies -MF /Users/shareclarity/Library/Developer/Xcode/DerivedData/Runner-dwqazvqegcuikadhubvglsmwdhfn/Build/Intermediates.noindex/Runner.build/Debug-iphonesimulator/Runner.build/Objects-normal/x86_64/main.d --serialize-diagnostics /Users/shareclarity/Library/Developer/Xcode/DerivedData/Runner-dwqazvqegcuikadhubvglsmwdhfn/Build/Intermediates.noindex/Runner.build/Debug-iphonesimulator/Runner.build/Objects-normal/x86_64/main.dia -c /Users/shareclarity/Developer/flutter_project/test_app/ios/Runner/main.m -o /Users/shareclarity/Library/Developer/Xcode/DerivedData/Runner-dwqazvqegcuikadhubvglsmwdhfn/Build/Intermediates.noindex/Runner.build/Debug-iphonesimulator/Runner.build/Objects-normal/x86_64/main.o
/Users/shareclarity/Developer/flutter_project/test_app/ios/Runner/main.m:1:9: fatal error: 'Flutter/Flutter.h' file not found
#import 
       ^~~~~~~~~~~~~~~~~~~
```

### 其他编译错误

```sh
CompileC /Users/shareclarity/Library/Developer/Xcode/DerivedData/Runner-dwqazvqegcuikadhubvglsmwdhfn/Build/Intermediates.noindex/Runner.build/Debug-iphonesimulator/Runner.build/Objects-normal/x86_64/AppDelegate.o Runner/AppDelegate.m normal x86_64 objective-c com.apple.compilers.llvm.clang.1_0.compiler
cd /Users/shareclarity/Developer/flutter_project/test_app/ios
export LANG=en_US.US-ASCII
export PATH="/Applications/Xcode.app/Contents/Developer/Platforms/iPhoneSimulator.platform/Developer/usr/bin:/Applications/Xcode.app/Contents/Developer/usr/bin:/Users/Shareclarity/Developer/flutter/bin:/usr/local/sbin:/Users/shareclarity/.nvm/versions/node/v9.10.1/bin:/usr/local/bin:/usr/bin:/bin:/usr/sbin:/sbin:/usr/local/share/dotnet:/opt/X11/bin:~/.dotnet/tools:/Library/Frameworks/Mono.framework/Versions/Current/Commands"
/Applications/Xcode.app/Contents/Developer/Toolchains/XcodeDefault.xctoolchain/usr/bin/clang -x objective-c -arch x86_64 -fmessage-length=0 -fdiagnostics-show-note-include-stack -fmacro-backtrace-limit=0 -std=gnu99 -fobjc-arc -fmodules -gmodules -fmodules-cache-path=/Users/shareclarity/Library/Developer/Xcode/DerivedData/ModuleCache.noindex -fmodules-prune-interval=86400 -fmodules-prune-after=345600 -fbuild-session-file=/Users/shareclarity/Library/Developer/Xcode/DerivedData/ModuleCache.noindex/Session.modulevalidation -fmodules-validate-once-per-build-session -Wnon-modular-include-in-framework-module -Werror=non-modular-include-in-framework-module -Wno-trigraphs -fpascal-strings -O0 -fno-common -Wno-missing-field-initializers -Wno-missing-prototypes -Werror=return-type -Wunreachable-code -Wno-implicit-atomic-properties -Werror=deprecated-objc-isa-usage -Wno-objc-interface-ivars -Werror=objc-root-class -Wno-arc-repeated-use-of-weak -Wduplicate-method-match -Wno-missing-braces -Wparentheses -Wswitch -Wunused-function -Wno-unused-label -Wno-unused-parameter -Wunused-variable -Wunused-value -Wempty-body -Wuninitialized -Wconditional-uninitialized -Wno-unknown-pragmas -Wno-shadow -Wno-four-char-constants -Wno-conversion -Wconstant-conversion -Wint-conversion -Wbool-conversion -Wenum-conversion -Wno-float-conversion -Wnon-literal-null-conversion -Wobjc-literal-conversion -Wshorten-64-to-32 -Wpointer-sign -Wno-newline-eof -Wno-selector -Wno-strict-selector-match -Wundeclared-selector -Wno-deprecated-implementations -DDEBUG=1 -DOBJC_OLD_DISPATCH_PROTOTYPES=0 -isysroot /Applications/Xcode.app/Contents/Developer/Platforms/iPhoneSimulator.platform/Developer/SDKs/iPhoneSimulator12.0.sdk -fasm-blocks -fstrict-aliasing -Wprotocol -Wdeprecated-declarations -mios-simulator-version-min=8.0 -g -Wno-sign-conversion -Winfinite-recursion -Wcomma -Wblock-capture-autoreleasing -Wstrict-prototypes -Wno-semicolon-before-method-body -fobjc-abi-version=2 -fobjc-legacy-dispatch -index-store-path /Users/shareclarity/Library/Developer/Xcode/DerivedData/Runner-dwqazvqegcuikadhubvglsmwdhfn/Index/DataStore -iquote /Users/shareclarity/Library/Developer/Xcode/DerivedData/Runner-dwqazvqegcuikadhubvglsmwdhfn/Build/Intermediates.noindex/Runner.build/Debug-iphonesimulator/Runner.build/Runner-generated-files.hmap -I/Users/shareclarity/Library/Developer/Xcode/DerivedData/Runner-dwqazvqegcuikadhubvglsmwdhfn/Build/Intermediates.noindex/Runner.build/Debug-iphonesimulator/Runner.build/Runner-own-target-headers.hmap -I/Users/shareclarity/Library/Developer/Xcode/DerivedData/Runner-dwqazvqegcuikadhubvglsmwdhfn/Build/Intermediates.noindex/Runner.build/Debug-iphonesimulator/Runner.build/Runner-all-target-headers.hmap -iquote /Users/shareclarity/Library/Developer/Xcode/DerivedData/Runner-dwqazvqegcuikadhubvglsmwdhfn/Build/Intermediates.noindex/Runner.build/Debug-iphonesimulator/Runner.build/Runner-project-headers.hmap -I/Users/shareclarity/Developer/flutter_project/test_app/build/ios/Debug-iphonesimulator/include -I/Users/shareclarity/Library/Developer/Xcode/DerivedData/Runner-dwqazvqegcuikadhubvglsmwdhfn/Build/Intermediates.noindex/Runner.build/Debug-iphonesimulator/Runner.build/DerivedSources/x86_64 -I/Users/shareclarity/Library/Developer/Xcode/DerivedData/Runner-dwqazvqegcuikadhubvglsmwdhfn/Build/Intermediates.noindex/Runner.build/Debug-iphonesimulator/Runner.build/DerivedSources -F/Users/shareclarity/Developer/flutter_project/test_app/build/ios/Debug-iphonesimulator -F/Users/shareclarity/Developer/flutter_project/test_app/ios/Flutter -MMD -MT dependencies -MF /Users/shareclarity/Library/Developer/Xcode/DerivedData/Runner-dwqazvqegcuikadhubvglsmwdhfn/Build/Intermediates.noindex/Runner.build/Debug-iphonesimulator/Runner.build/Objects-normal/x86_64/AppDelegate.d --serialize-diagnostics /Users/shareclarity/Library/Developer/Xcode/DerivedData/Runner-dwqazvqegcuikadhubvglsmwdhfn/Build/Intermediates.noindex/Runner.build/Debug-iphonesimulator/Runner.build/Objects-normal/x86_64/AppDelegate.dia -c /Users/shareclarity/Developer/flutter_project/test_app/ios/Runner/AppDelegate.m -o /Users/shareclarity/Library/Developer/Xcode/DerivedData/Runner-dwqazvqegcuikadhubvglsmwdhfn/Build/Intermediates.noindex/Runner.build/Debug-iphonesimulator/Runner.build/Objects-normal/x86_64/AppDelegate.o
In file included from /Users/shareclarity/Developer/flutter_project/test_app/ios/Runner/AppDelegate.m:1:
/Users/shareclarity/Developer/flutter_project/test_app/ios/Runner/AppDelegate.h:1:9: fatal error: 'Flutter/Flutter.h' file not found
#import 
       ^~~~~~~~~~~~~~~~~~~
```

### 生成插件注册器编译错误

```sh
CompileC /Users/shareclarity/Library/Developer/Xcode/DerivedData/Runner-dwqazvqegcuikadhubvglsmwdhfn/Build/Intermediates.noindex/Runner.build/Debug-iphonesimulator/Runner.build/Objects-normal/x86_64/GeneratedPluginRegistrant.o Runner/GeneratedPluginRegistrant.m normal x86_64 objective-c com.apple.compilers.llvm.clang.1_0.compiler
cd /Users/shareclarity/Developer/flutter_project/test_app/ios
export LANG=en_US.US-ASCII
export PATH="/Applications/Xcode.app/Contents/Developer/Platforms/iPhoneSimulator.platform/Developer/usr/bin:/Applications/Xcode.app/Contents/Developer/usr/bin:/Users/Shareclarity/Developer/flutter/bin:/usr/local/sbin:/Users/shareclarity/.nvm/versions/node/v9.10.1/bin:/usr/local/bin:/usr/bin:/bin:/usr/sbin:/sbin:/usr/local/share/dotnet:/opt/X11/bin:~/.dotnet/tools:/Library/Frameworks/Mono.framework/Versions/Current/Commands"
/Applications/Xcode.app/Contents/Developer/Toolchains/XcodeDefault.xctoolchain/usr/bin/clang -x objective-c -arch x86_64 -fmessage-length=0 -fdiagnostics-show-note-include-stack -fmacro-backtrace-limit=0 -std=gnu99 -fobjc-arc -fmodules -gmodules -fmodules-cache-path=/Users/shareclarity/Library/Developer/Xcode/DerivedData/ModuleCache.noindex -fmodules-prune-interval=86400 -fmodules-prune-after=345600 -fbuild-session-file=/Users/shareclarity/Library/Developer/Xcode/DerivedData/ModuleCache.noindex/Session.modulevalidation -fmodules-validate-once-per-build-session -Wnon-modular-include-in-framework-module -Werror=non-modular-include-in-framework-module -Wno-trigraphs -fpascal-strings -O0 -fno-common -Wno-missing-field-initializers -Wno-missing-prototypes -Werror=return-type -Wunreachable-code -Wno-implicit-atomic-properties -Werror=deprecated-objc-isa-usage -Wno-objc-interface-ivars -Werror=objc-root-class -Wno-arc-repeated-use-of-weak -Wduplicate-method-match -Wno-missing-braces -Wparentheses -Wswitch -Wunused-function -Wno-unused-label -Wno-unused-parameter -Wunused-variable -Wunused-value -Wempty-body -Wuninitialized -Wconditional-uninitialized -Wno-unknown-pragmas -Wno-shadow -Wno-four-char-constants -Wno-conversion -Wconstant-conversion -Wint-conversion -Wbool-conversion -Wenum-conversion -Wno-float-conversion -Wnon-literal-null-conversion -Wobjc-literal-conversion -Wshorten-64-to-32 -Wpointer-sign -Wno-newline-eof -Wno-selector -Wno-strict-selector-match -Wundeclared-selector -Wno-deprecated-implementations -DDEBUG=1 -DOBJC_OLD_DISPATCH_PROTOTYPES=0 -isysroot /Applications/Xcode.app/Contents/Developer/Platforms/iPhoneSimulator.platform/Developer/SDKs/iPhoneSimulator12.0.sdk -fasm-blocks -fstrict-aliasing -Wprotocol -Wdeprecated-declarations -mios-simulator-version-min=8.0 -g -Wno-sign-conversion -Winfinite-recursion -Wcomma -Wblock-capture-autoreleasing -Wstrict-prototypes -Wno-semicolon-before-method-body -fobjc-abi-version=2 -fobjc-legacy-dispatch -index-store-path /Users/shareclarity/Library/Developer/Xcode/DerivedData/Runner-dwqazvqegcuikadhubvglsmwdhfn/Index/DataStore -iquote /Users/shareclarity/Library/Developer/Xcode/DerivedData/Runner-dwqazvqegcuikadhubvglsmwdhfn/Build/Intermediates.noindex/Runner.build/Debug-iphonesimulator/Runner.build/Runner-generated-files.hmap -I/Users/shareclarity/Library/Developer/Xcode/DerivedData/Runner-dwqazvqegcuikadhubvglsmwdhfn/Build/Intermediates.noindex/Runner.build/Debug-iphonesimulator/Runner.build/Runner-own-target-headers.hmap -I/Users/shareclarity/Library/Developer/Xcode/DerivedData/Runner-dwqazvqegcuikadhubvglsmwdhfn/Build/Intermediates.noindex/Runner.build/Debug-iphonesimulator/Runner.build/Runner-all-target-headers.hmap -iquote /Users/shareclarity/Library/Developer/Xcode/DerivedData/Runner-dwqazvqegcuikadhubvglsmwdhfn/Build/Intermediates.noindex/Runner.build/Debug-iphonesimulator/Runner.build/Runner-project-headers.hmap -I/Users/shareclarity/Developer/flutter_project/test_app/build/ios/Debug-iphonesimulator/include -I/Users/shareclarity/Library/Developer/Xcode/DerivedData/Runner-dwqazvqegcuikadhubvglsmwdhfn/Build/Intermediates.noindex/Runner.build/Debug-iphonesimulator/Runner.build/DerivedSources/x86_64 -I/Users/shareclarity/Library/Developer/Xcode/DerivedData/Runner-dwqazvqegcuikadhubvglsmwdhfn/Build/Intermediates.noindex/Runner.build/Debug-iphonesimulator/Runner.build/DerivedSources -F/Users/shareclarity/Developer/flutter_project/test_app/build/ios/Debug-iphonesimulator -F/Users/shareclarity/Developer/flutter_project/test_app/ios/Flutter -MMD -MT dependencies -MF /Users/shareclarity/Library/Developer/Xcode/DerivedData/Runner-dwqazvqegcuikadhubvglsmwdhfn/Build/Intermediates.noindex/Runner.build/Debug-iphonesimulator/Runner.build/Objects-normal/x86_64/GeneratedPluginRegistrant.d --serialize-diagnostics /Users/shareclarity/Library/Developer/Xcode/DerivedData/Runner-dwqazvqegcuikadhubvglsmwdhfn/Build/Intermediates.noindex/Runner.build/Debug-iphonesimulator/Runner.build/Objects-normal/x86_64/GeneratedPluginRegistrant.dia -c /Users/shareclarity/Developer/flutter_project/test_app/ios/Runner/GeneratedPluginRegistrant.m -o /Users/shareclarity/Library/Developer/Xcode/DerivedData/Runner-dwqazvqegcuikadhubvglsmwdhfn/Build/Intermediates.noindex/Runner.build/Debug-iphonesimulator/Runner.build/Objects-normal/x86_64/GeneratedPluginRegistrant.o
In file included from /Users/shareclarity/Developer/flutter_project/test_app/ios/Runner/GeneratedPluginRegistrant.m:5:
/Users/shareclarity/Developer/flutter_project/test_app/ios/Runner/GeneratedPluginRegistrant.h:8:9: fatal error: 'Flutter/Flutter.h' file not found
#import 
       ^~~~~~~~~~~~~~~~~~~
1 error generated.
```

### 总结

```sh
[   +5 ms] "flutter run" took 9,047ms.
Analyzing test_app...
No issues found! (ran in 7.9s)
[✓] Flutter (Channel master, v0.10.1-pre.64, on Mac OS X 10.14 18A391, locale en-NZ)
    • Flutter version 0.10.1-pre.64 at /Users/Shareclarity/Developer/flutter
    • Framework revision a0010d391c (2 hours ago), 2018-10-17 00:54:26 +0100
    • Engine revision 08272ee6aa
    • Dart version 2.1.0-dev.7.1.flutter-b99bcfd309
[✓] Android toolchain - develop for Android devices (Android SDK 28.0.2)
    • Android SDK at /Users/shareclarity/Library/Android/sdk
    • Android NDK location not configured (optional; useful for native profiling support)
    • Platform android-28, build-tools 28.0.2
    • Java binary at: /Applications/Android Studio.app/Contents/jre/jdk/Contents/Home/bin/java
    • Java version OpenJDK Runtime Environment (build 1.8.0_152-release-1136-b06)
    • All Android licenses accepted.
[✓] iOS toolchain - develop for iOS devices (Xcode 10.0)
    • Xcode at /Applications/Xcode.app/Contents/Developer
    • Xcode 10.0, Build version 10A255
    • ios-deploy 2.0.0
    • CocoaPods version 1.5.0
[✓] Android Studio (version 3.2)
    • Android Studio at /Applications/Android Studio.app/Contents
    ✗ Flutter plugin not installed; this adds Flutter specific functionality.
    ✗ Dart plugin not installed; this adds Dart specific functionality.
    • Java version OpenJDK Runtime Environment (build 1.8.0_152-release-1136-b06)
[✓] VS Code (version 1.28.1)
    • VS Code at /Applications/Visual Studio Code.app/Contents
    • Flutter extension version 2.19.0
[✓] Connected device (3 available)
    • Android SDK built for x86 • emulator-5554                            • android-x86 • Android 8.1.0 (API 27) (emulator)
    • iPhone XS Max             • EB99DFB4-9C87-445D-95DB-494EFB0A50E8     • ios         • iOS 12.0 (simulator)
```

---

这样组织后，文本更易于阅读和理解。每个部分都有明确的标题，并且代码块和输出信息都进行了适当的格式化。