    13:00:56 ----------------------------------------------------------------------
    13:00:56 Traceback (most recent call last):
    13:00:56   File "\\?\C:\tmp\Bazel.runfiles_5lnmqasq\runfiles\org_tensorflow\py_test_dir\tensorflow\python\lib\core\bfloat16_test.py", line 146, in testGreater
    13:00:56     self.assertEqual(v > w, bfloat16(v) > bfloat16(w))
    13:00:56 AssertionError: True != False
    13:00:56 
    13:00:56 ======================================================================
    13:00:56 FAIL: testGreaterEqual (__main__.Bfloat16Test)
    13:00:56 ----------------------------------------------------------------------
    13:00:56 Traceback (most recent call last):
    13:00:56   File "\\?\C:\tmp\Bazel.runfiles_5lnmqasq\runfiles\org_tensorflow\py_test_dir\tensorflow\python\lib\core\bfloat16_test.py", line 151, in testGreaterEqual
    13:00:56     self.assertEqual(v >= w, bfloat16(v) >= bfloat16(w))
    13:00:56 AssertionError: False != True
    13:00:56 
    13:00:56 ======================================================================
    13:00:56 FAIL: testHash (__main__.Bfloat16Test)
    13:00:56 ----------------------------------------------------------------------
    13:00:56 Traceback (most recent call last):
    13:00:56   File "\\?\C:\tmp\Bazel.runfiles_5lnmqasq\runfiles\org_tensorflow\py_test_dir\tensorflow\python\lib\core\bfloat16_test.py", line 79, in testHash
    13:00:56     self.assertEqual(0x3f80, hash(bfloat16(1.0)))
    13:00:56 AssertionError: 16256 != 0
    13:00:56 
    13:00:56 ======================================================================
    13:00:56 FAIL: testLess (__main__.Bfloat16Test)
    13:00:56 ----------------------------------------------------------------------
    13:00:56 Traceback (most recent call last):
    13:00:56   File "\\?\C:\tmp\Bazel.runfiles_5lnmqasq\runfiles\org_tensorflow\py_test_dir\tensorflow\python\lib\core\bfloat16_test.py", line 136, in testLess
    13:00:56     self.assertEqual(v < w, bfloat16(v) < bfloat16(w))
    13:00:56 AssertionError: True != False
    13:00:56 
    13:00:56 ======================================================================
    13:00:56 FAIL: testLessEqual (__main__.Bfloat16Test)
    13:00:56 ----------------------------------------------------------------------
    13:00:56 Traceback (most recent call last):
    13:00:56   File "\\?\C:\tmp\Bazel.runfiles_5lnmqasq\runfiles\org_tensorflow\py_test_dir\tensorflow\python\lib\core\bfloat16_test.py", line 141, in testLessEqual
    13:00:56     self.assertEqual(v <= w, bfloat16(v) <= bfloat16(w))
    13:00:56 AssertionError: False != True
    13:00:56 
    13:00:56 ======================================================================
    13:00:56 FAIL: testMul (__main__.Bfloat16Test)
    13:00:56 ----------------------------------------------------------------------
    13:00:56 Traceback (most recent call last):
    13:00:56   File "\\?\C:\tmp\Bazel.runfiles_5lnmqasq\runfiles\org_tensorflow\py_test_dir\tensorflow\python\lib\core\bfloat16_test.py", line 114, in testMul
    13:00:56     self._assertFloatIdentical(-1, float(bfloat16(1) * bfloat16(-1)))
    13:00:56   File "\\?\C:\tmp\Bazel.runfiles_5lnmqasq\runfiles\org_tensorflow\py_test_dir\tensorflow\python\lib\core\bfloat16_test.py", line 48, in _assertFloatIdentical
    13:00:56     self.assertEqual(v, w)
    13:00:56 AssertionError: -1 != 0.0
    13:00:56 
    13:00:56 ======================================================================
    13:00:56 FAIL: testNegate (__main__.Bfloat16Test)
    13:00:56 ----------------------------------------------------------------------
    13:00:56 Traceback (most recent call last):
    13:00:56   File "\\?\C:\tmp\Bazel.runfiles_5lnmqasq\runfiles\org_tensorflow\py_test_dir\tensorflow\python\lib\core\bfloat16_test.py", line 85, in testNegate
    13:00:56     self._assertFloatIdentical(-v, float(-bfloat16(v)))
    13:00:56   File "\\?\C:\tmp\Bazel.runfiles_5lnmqasq\runfiles\org_tensorflow\py_test_dir\tensorflow\python\lib\core\bfloat16_test.py", line 48, in _assertFloatIdentical
    13:00:56     self.assertEqual(v, w)
    13:00:56 AssertionError: -0.0 != 4.591774807899561e-41
    13:00:56 
    13:00:56 ======================================================================
    13:00:56 FAIL: testNotEqual (__main__.Bfloat16Test)
    13:00:56 ----------------------------------------------------------------------
    13:00:56 Traceback (most recent call last):
    13:00:56   File "\\?\C:\tmp\Bazel.runfiles_5lnmqasq\runfiles\org_tensorflow\py_test_dir\tensorflow\python\lib\core\bfloat16_test.py", line 161, in testNotEqual
    13:00:56     self.assertEqual(v != w, bfloat16(v) != bfloat16(w))
    13:00:56 AssertionError: True != False
    13:00:56 
    13:00:56 ======================================================================
    13:00:56 FAIL: testRepr (__main__.Bfloat16Test)
    13:00:56 ----------------------------------------------------------------------
    13:00:56 Traceback (most recent call last):
    13:00:56   File "\\?\C:\tmp\Bazel.runfiles_5lnmqasq\runfiles\org_tensorflow\py_test_dir\tensorflow\python\lib\core\bfloat16_test.py", line 69, in testRepr
    13:00:56     self.assertEqual("bfloat16(1)", repr(bfloat16(1)))
    13:00:56 AssertionError: 'bfloat16(1)' != 'bfloat16(0)'
    13:00:56 - bfloat16(1)
    13:00:56 ?          ^
    13:00:56 + bfloat16(0)
    13:00:56 ?          ^
    13:00:56 
    13:00:56 
    13:00:56 ======================================================================
    13:00:56 FAIL: testRoundTripToFloat (__main__.Bfloat16Test)
    13:00:56 ----------------------------------------------------------------------
    13:00:56 Traceback (most recent call last):
    13:00:56   File "\\?\C:\tmp\Bazel.runfiles_5lnmqasq\runfiles\org_tensorflow\py_test_dir\tensorflow\python\lib\core\bfloat16_test.py", line 52, in testRoundTripToFloat
    13:00:56     self._assertFloatIdentical(v, float(bfloat16(v)))
    13:00:56   File "\\?\C:\tmp\Bazel.runfiles_5lnmqasq\runfiles\org_tensorflow\py_test_dir\tensorflow\python\lib\core\bfloat16_test.py", line 48, in _assertFloatIdentical
    13:00:56     self.assertEqual(v, w)
    13:00:56 AssertionError: 1.0 != 0.0
    13:00:56 
    13:00:56 ======================================================================
    13:00:56 FAIL: testRoundTripToInt (__main__.Bfloat16Test)
    13:00:56 ----------------------------------------------------------------------
    13:00:56 Traceback (most recent call last):
    13:00:56   File "\\?\C:\tmp\Bazel.runfiles_5lnmqasq\runfiles\org_tensorflow\py_test_dir\tensorflow\python\lib\core\bfloat16_test.py", line 56, in testRoundTripToInt
    13:00:56     self.assertEqual(v, int(bfloat16(v)))
    13:00:56 AssertionError: -256 != 0
    13:00:56 
    13:00:56 ======================================================================
    13:00:56 FAIL: testStr (__main__.Bfloat16Test)
    13:00:56 ----------------------------------------------------------------------
    13:00:56 Traceback (most recent call last):
    13:00:56   File "\\?\C:\tmp\Bazel.runfiles_5lnmqasq\runfiles\org_tensorflow\py_test_dir\tensorflow\python\lib\core\bfloat16_test.py", line 60, in testStr
    13:00:56     self.assertEqual("1", str(bfloat16(1.0)))
    13:00:56 AssertionError: '1' != '0'
    13:00:56 - 1
    13:00:56 + 0
    13:00:56 
    13:00:56 
    13:00:56 ======================================================================
    13:00:56 FAIL: testSub (__main__.Bfloat16Test)
    13:00:56 ----------------------------------------------------------------------
    13:00:56 Traceback (most recent call last):
    13:00:56   File "\\?\C:\tmp\Bazel.runfiles_5lnmqasq\runfiles\org_tensorflow\py_test_dir\tensorflow\python\lib\core\bfloat16_test.py", line 101, in testSub
    13:00:56     self._assertFloatIdentical(1, float(bfloat16(1) - bfloat16(0)))
    13:00:56   File "\\?\C:\tmp\Bazel.runfiles_5lnmqasq\runfiles\org_tensorflow\py_test_dir\tensorflow\python\lib\core\bfloat16_test.py", line 48, in _assertFloatIdentical
    13:00:56     self.assertEqual(v, w)
    13:00:56 AssertionError: 1 != 0.0
    13:00:56 
    13:00:56 ----------------------------------------------------------------------
    13:00:56 Ran 23 tests in 0.014s
    13:00:56 
    13:00:56 FAILED (failures=20)
    13:00:56 not close where =  (array([0, 0, 0], dtype=int64), array([0, 1, 2], dtype=int64))
    13:00:56 not close lhs =  [5 7 9]
    13:00:56 not close rhs =  [ 0.  0.  0.]
    13:00:56 not close dif =  [ 5.  7.  9.]
    13:00:56 not close tol =  [  1.01327896e-06   1.01327896e-06   1.01327896e-06]
    13:00:56 dtype = int32, shape = (1, 3)
    13:00:56 not close where =  (array([0, 0, 0], dtype=int64), array([0, 1, 2], dtype=int64))
    13:00:56 not close lhs =  [ 4.04858732  5.04858732  6.04858732]
    13:00:56 not close rhs =  [ 0.69335938  0.69335938  0.69335938]
    13:00:56 not close dif =  [ 3.35522795  4.35522795  5.35522795]
    13:00:56 not close tol =  [ 0.02000427  0.02000427  0.02000427]
    13:00:56 dtype = float32, shape = (1, 3)
    13:00:56 ================================================================================
@gunan