### System Information

- **Custom Code**: No
- **Operating System**:
  - `uname -a`:
    ```
    Linux precision 4.15.0-34-generic #37~16.04.1-Ubuntu SMP Tue Aug 28 10:44:06 UTC 2018 x86_64 x86_64 x86_64 GNU/Linux
    ```
  - `cat /etc/lsb-release`:
    ```
    DISTRIB_ID=LinuxMint
    DISTRIB_RELEASE=18.2
    DISTRIB_CODENAME=sonya
    DISTRIB_DESCRIPTION="Linux Mint 18.2 Sonya"
    ```
- **Hardware**:
  - CPU: Intel(R) Xeon(R) CPU E3-1505M v6 @ 3.00GHz
  - Memory: 32GB
  - Storage: 500GB
- **Mobile Device**: N/A
- **TensorFlow Installation**: Building from source
- **TensorFlow Version**:
  - Issue occurs on both the latest 1.11.0 release branch and on the latest master (`573985c` currently)
- **Python Version**:
  - `/usr/bin/python3 -V`:
    ```
    Python 3.5.2
    ```
- **Bazel Version**:
  - `bazel version`:
    ```
    Build label: 0.17.2
    Build target: bazel-out/k8-opt/bin/src/main/java/com/google/devtools/build/lib/bazel/BazelServer_deploy.jar
    Build time: Fri Sep 21 10:31:42 2018 (1537525902)
    Build timestamp: 1537525902
    Build timestamp as int: 1537525902
    ```
- **GCC/Compiler Version**:
  - `gcc -v`:
    ```
    Using built-in specs.
    COLLECT_GCC=gcc
    COLLECT_LTO_WRAPPER=/usr/lib/gcc/x86_64-linux-gnu/5/lto-wrapper
    Target: x86_64-linux-gnu
    Configured with: ../src/configure -v --with-pkgversion='Ubuntu 5.4.0-6ubuntu1~16.04.10' --with-bugurl=file:///usr/share/doc/gcc-5/README.Bugs --enable-languages=c,ada,c++,java,go,d,fortran,objc,obj-c++ --prefix=/usr --program-suffix=-5 --enable-shared --enable-linker-build-id --libexecdir=/usr/lib --without-included-gettext --enable-threads=posix --libdir=/usr/lib --enable-nls --with-sysroot=/ --enable-clocale=gnu --enable-libstdcxx-debug --enable-libstdcxx-time=yes --with-default-libstdcxx-abi=new --enable-gnu-unique-object --disable-vtable-verify --enable-libmpx --enable-plugin --with-system-zlib --disable-browser-plugin --enable-java-awt=gtk --enable-gtk-cairo --with-java-home=/usr/lib/jvm/java-1.5.0-gcj-5-amd64/jre --enable-java-home --with-jvm-root-dir=/usr/lib/jvm/java-1.5.0-gcj-5-amd64 --with-jvm-jar-dir=/usr/lib/jvm-exports/java-1.5.0-gcj-5-amd64 --with-arch-directory=amd64 --with-ecj-jar=/usr/share/java/eclipse-ecj.jar --enable-objc-gc --enable-multiarch --disable-werror --with-arch-32=i686 --with-abi=m64 --with-multilib-list=m32,m64,mx32 --enable-multilib --with-tune=generic --enable-checking=release --build=x86_64-linux-gnu --host=x86_64-linux-gnu --target=x86_64-linux-gnu
    Thread model: posix
    gcc version 5.4.0 20160609 (Ubuntu 5.4.0-6ubuntu1~16.04.10)
    ```
- **CUDA/cuDNN Version**: N/A
- **GPU Model and Memory**:
  - `lspci | grep -iP '(vga|3d)'`:
    ```
    00:02.0 VGA compatible controller: Intel Corporation Device 591d (rev 04)
    01:00.0 3D controller: NVIDIA Corporation Device 13b6 (rev a2)
    ```
  - Quadro M1200, 4GB (3D acceleration)
  - Intel HD Graphics 630 (primary VGA)

### Problem Description

The only test that fails when building TensorFlow from source is `data_utils_test`. This test seems to have a history of timeout issues, as indicated by a commit by @jlebar (`7a60167`).

### Commands to Reproduce

To reproduce the issue, run the following commands:

```sh
bazel test -c opt --action_env PATH="$PATH" -- //tensorflow/... -//tensorflow/compiler/... -//tensorflow/contrib/lite/...
```

or

```sh
bazel test --test_verbose_timeout_warnings -c opt --action_env PATH="$PATH" -- //tensorflow/python/keras:data_utils_test
```

Note: I added `--action_env` because Bazel was having trouble finding the installed Python 3.

### Source Code / Logs

```sh
$ bazel test --test_verbose_timeout_warnings -c opt --action_env PATH="$PATH" -- //tensorflow/python/keras:data_utils_test
...
TIMEOUT: //tensorflow/python/keras:data_utils_test (Summary)
/home/calid/.cache/bazel/_bazel_calid/d95f42fa008125d605be7949a2399f3e/execroot/org_tensorflow/bazel-out/k8-opt/testlogs/tensorflow/python/keras/data_utils_test/test.log
[1 / 2] 1 / 1 tests, 1 failed; 1 action; last test: .../python/keras:data_utils_test
Target //tensorflow/python/keras:data_utils_test up-to-date:
[2 / 2] 1 / 1 tests, 1 failed; no action; last test: .../python/keras:data_utils_test
INFO: Elapsed time: 915.423s, Critical Path: 915.01s
INFO: 1 process: 1 local.
INFO: Build completed, 1 test FAILED, 2 total actions
//tensorflow/python/keras:data_utils_test                               TIMEOUT in 915.0s
/home/calid/.cache/bazel/_bazel_calid/d95f42fa008125d605be7949a2399f3e/execroot/org_tensorflow/bazel-out/k8-opt/testlogs/tensorflow/python/keras/data_utils_test/test.log
INFO: Build completed, 1 test FAILED, 2 total actions
$ cat /home/calid/.cache/bazel/_bazel_calid/d95f42fa008125d605be7949a2399f3e/execroot/org_tensorflow/bazel-out/k8-opt/testlogs/tensorflow/python/keras/data_utils_test/test.log
exec ${PAGER:-/usr/bin/less} "$0" || exit 1
Executing tests from //tensorflow/python/keras:data_utils_test
------------------------------------------------------------------------------
Terminated
```