### System Information
- **Custom Code Written**: No
- **OS Platform and Distribution**: Windows 10 x64
- **TensorFlow Installation Method**: `pip install --upgrade tensorflow`
- **TensorFlow Version**: 1.6.0
- **Python Version**: 3.6.4
- **Bazel Version (if compiling from source)**: N/A
- **GCC/Compiler Version (if compiling from source)**: N/A
- **CUDA/cuDNN Version**: N/A
- **GPU Model and Memory**: N/A
- **Exact Command to Reproduce**: N/A

### Problem Description
I am attempting to install the CPU version of TensorFlow on Windows 10, but I encounter an error when trying to import TensorFlow. I have reviewed common installation issues and tried multiple solutions found on GitHub and Stack Overflow. I have installed Visual Studio 2015, Visual Studio 2017, and Microsoft Visual C++ 2015 Redistributable Update 3 (both 32-bit and 64-bit). The `msvcp140.dll` file is present in both the `System32` and `SysWow64` folders, but I still cannot import TensorFlow. Is there something I might be missing?

### Source Code / Logs
```python
import tensorflow as tf
```

**Error Output:**
```
Python 3.6.4 (v3.6.4:d48eceb, Dec 19 2017, 06:54:40) [MSC v.1900 64 bit (AMD64)] on win32
Type "help", "copyright", "credits" or "license" for more information.
>>> import tensorflow as tf
Traceback (most recent call last):
  File "C:\Users\sss\AppData\Local\Programs\Python\Python36\lib\site-packages\tensorflow\python\pywrap_tensorflow_internal.py", line 18, in swig_import_helper
    return importlib.import_module(mname)
  File "C:\Users\sss\AppData\Local\Programs\Python\Python36\lib\importlib\__init__.py", line 126, in import_module
    return _bootstrap._gcd_import(name[level:], package, level)
  File "", line 994, in _gcd_import
  File "", line 971, in _find_and_load
  File "", line 955, in _find_and_load_unlocked
  File "", line 658, in _load_unlocked
  File "", line 571, in module_from_spec
  File "", line 922, in create_module
  File "", line 219, in _call_with_frames_removed
ImportError: DLL load failed: 动态链接库(DLL)初始化例程失败。

During handling of the above exception, another exception occurred:
Traceback (most recent call last):
  File "C:\Users\sss\AppData\Local\Programs\Python\Python36\lib\site-packages\tensorflow\python\pywrap_tensorflow.py", line 58, in 
    from tensorflow.python.pywrap_tensorflow_internal import *
  File "C:\Users\sss\AppData\Local\Programs\Python\Python36\lib\site-packages\tensorflow\python\pywrap_tensorflow_internal.py", line 21, in 
    _pywrap_tensorflow_internal = swig_import_helper()
  File "C:\Users\sss\AppData\Local\Programs\Python\Python36\lib\site-packages\tensorflow\python\pywrap_tensorflow_internal.py", line 20, in swig_import_helper
    return importlib.import_module('_pywrap_tensorflow_internal')
  File "C:\Users\sss\AppData\Local\Programs\Python\Python36\lib\importlib\__init__.py", line 126, in import_module
    return _bootstrap._gcd_import(name[level:], package, level)
ModuleNotFoundError: No module named '_pywrap_tensorflow_internal'

During handling of the above exception, another exception occurred:
Traceback (most recent call last):
  File "", line 1, in 
  File "C:\Users\sss\AppData\Local\Programs\Python\Python36\lib\site-packages\tensorflow\__init__.py", line 24, in 
    from tensorflow.python import *
  File "C:\Users\sss\AppData\Local\Programs\Python\Python36\lib\site-packages\tensorflow\python\__init__.py", line 49, in 
    from tensorflow.python import pywrap_tensorflow
  File "C:\Users\sss\AppData\Local\Programs\Python\Python36\lib\site-packages\tensorflow\python\pywrap_tensorflow.py", line 74, in 
    raise ImportError(msg)
ImportError: Traceback (most recent call last):
  File "C:\Users\sss\AppData\Local\Programs\Python\Python36\lib\site-packages\tensorflow\python\pywrap_tensorflow_internal.py", line 18, in swig_import_helper
    return importlib.import_module(mname)
  File "C:\Users\sss\AppData\Local\Programs\Python\Python36\lib\importlib\__init__.py", line 126, in import_module
    return _bootstrap._gcd_import(name[level:], package, level)
  File "", line 994, in _gcd_import
  File "", line 971, in _find_and_load
  File "", line 955, in _find_and_load_unlocked
  File "", line 658, in _load_unlocked
  File "", line 571, in module_from_spec
  File "", line 922, in create_module
  File "", line 219, in _call_with_frames_removed
ImportError: DLL load failed: 动态链接库(DLL)初始化例程失败。

During handling of the above exception, another exception occurred:
Traceback (most recent call last):
  File "C:\Users\sss\AppData\Local\Programs\Python\Python36\lib\site-packages\tensorflow\python\pywrap_tensorflow.py", line 58, in 
    from tensorflow.python.pywrap_tensorflow_internal import *
  File "C:\Users\sss\AppData\Local\Programs\Python\Python36\lib\site-packages\tensorflow\python\pywrap_tensorflow_internal.py", line 21, in 
    _pywrap_tensorflow_internal = swig_import_helper()
  File "C:\Users\sss\AppData\Local\Programs\Python\Python36\lib\site-packages\tensorflow\python\pywrap_tensorflow_internal.py", line 20, in swig_import_helper
    return importlib.import_module('_pywrap_tensorflow_internal')
  File "C:\Users\sss\AppData\Local\Programs\Python\Python36\lib\importlib\__init__.py", line 126, in import_module
    return _bootstrap._gcd_import(name[level:], package, level)
ModuleNotFoundError: No module named '_pywrap_tensorflow_internal'
Failed to load the native TensorFlow runtime.
See https://www.tensorflow.org/install/install_sources#common_installation_problems
for some common reasons and solutions. Include the entire stack trace
above this error message when asking for help.
```

**Output of `tensorflow_self_check.py`:**
```
ERROR: Failed to import the TensorFlow module.
- Python version is 3.6.
- TensorFlow is installed at: C:\Users\sss\AppData\Local\Programs\Python\Python36\lib\site-packages\tensorflow
- Could not load 'cudart64_80.dll'. The GPU version of TensorFlow
  requires that this DLL be installed in a directory that is named in
  your %PATH% environment variable. Download and install CUDA 8.0 from
  this URL: https://developer.nvidia.com/cuda-toolkit
- Could not load 'nvcuda.dll'. The GPU version of TensorFlow requires that
  this DLL be installed in a directory that is named in your %PATH%
  environment variable. Typically it is installed in 'C:\Windows\System32'.
  If it is not present, ensure that you have a CUDA-capable GPU with the
  correct driver installed.
- Could not load 'cudnn64_5.dll'. The GPU version of TensorFlow
  requires that this DLL be installed in a directory that is named in
  your %PATH% environment variable. Note that installing cuDNN is a
  separate step from installing CUDA, and it is often found in a
  different directory from the CUDA DLLs. You may install the
  necessary DLL by downloading cuDNN 5.1 from this URL:
  https://developer.nvidia.com/cudnn
- Could not find cuDNN.
```

### Additional Notes
- I am specifically trying to install the CPU version of TensorFlow.
- The error messages suggest issues with missing or incompatible DLLs, even though I am not using a GPU.