Certainly! Here is a more polished and professional version of your text:

---

I am currently using TypeScript 1.6 and have targeted ES5. I expected the `*.es6.d.ts` files to be ignored by the compiler, but this does not seem to be the case. Initially, I thought I could use the `exclude` option in `tsconfig.json`, but it appears that it does not support glob patterns, which prevents me from filtering out these files.

It seems that the issue is not limited to just the `*.d.ts` files; there are other files that need to be ignored as well. Is there a way to resolve this without deleting the files?

Here is the `tsconfig.json` I am using:

```json
{
    "compilerOptions": {
        "noImplicitAny": false,
        "noEmitOnError": true,
        "removeComments": false,
        "inlineSourceMap": true,
        "experimentalDecorators": true,
        "target": "es5",
        "module": "commonjs",
        "outDir": "./.out"
    }
}
```

Below are the errors I am encountering:

- `.build/node_modules/rx/ts/core/abstractobserver.ts(25,13): error TS2300: Duplicate identifier 'isStopped'.`
- `.build/node_modules/rx/ts/core/abstractobserver.ts(44,20): error TS2403: Subsequent variable declarations must have the same type. Variable 'AbstractObserver' must be of type 'AbstractObserverStatic', but here has type 'AbstractObserverStatic'.`
- `.build/node_modules/rx/ts/core/anonymousobserver.ts(33,16): error TS2403: Subsequent variable declarations must have the same type. Variable 'AnonymousObserver' must be of type 'AnonymousObserverStatic', but here has type 'AnonymousObserverStatic'.`
- `.build/node_modules/rx/ts/core/concurrency/currentthreadscheduler.ts(8,9): error TS2300: Duplicate identifier 'currentThread'.`
- `.build/node_modules/rx/ts/core/concurrency/defaultscheduler.ts(4,9): error TS2300: Duplicate identifier 'timeout'.`
- `.build/node_modules/rx/ts/core/concurrency/defaultscheduler.ts(5,9): error TS2300: Duplicate identifier 'default'.`
- `.build/node_modules/rx/ts/core/concurrency/immediatescheduler.ts(4,9): error TS2300: Duplicate identifier 'immediate'.`
- `.build/node_modules/rx/ts/core/concurrency/scheduleditem.ts(6,13): error TS2300: Duplicate identifier 'scheduler'.`
- `.build/node_modules/rx/ts/core/concurrency/scheduleditem.ts(7,13): error TS2300: Duplicate identifier 'state'.`
- `.build/node_modules/rx/ts/core/concurrency/scheduleditem.ts(8,13): error TS2300: Duplicate identifier 'action'.`
- `.build/node_modules/rx/ts/core/concurrency/scheduleditem.ts(9,13): error TS2300: Duplicate identifier 'dueTime'.`
- `.build/node_modules/rx/ts/core/concurrency/scheduleditem.ts(10,13): error TS2300: Duplicate identifier 'comparer'.`
- `.build/node_modules/rx/ts/core/concurrency/scheduleditem.ts(11,13): error TS2300: Duplicate identifier 'disposable'.`
- `.build/node_modules/rx/ts/core/concurrency/scheduleditem.ts(23,20): error TS2403: Subsequent variable declarations must have the same type. Variable 'ScheduledItem' must be of type 'ScheduledItemStatic', but here has type 'ScheduledItemStatic'.`
- `.build/node_modules/rx/ts/core/concurrency/scheduleperiodicrecursive.ts(12,20): error TS2403: Subsequent variable declarations must have the same type. Variable 'SchedulePeriodicRecursive' must be of type 'SchedulePeriodicRecursiveStatic', but here has type 'SchedulePeriodicRecursiveStatic'.`
- `.build/node_modules/rx/ts/core/concurrency/scheduler.ts(62,9): error TS2300: Duplicate identifier 'now'.`
- `.build/node_modules/rx/ts/core/concurrency/virtualtimescheduler.ts(56,9): error TS2300: Duplicate identifier 'isEnabled'.`
- `.build/node_modules/rx/ts/core/disposables/booleandisposable.ts(8,9): error TS2300: Duplicate identifier 'isDisposed'.`
- `.build/node_modules/rx/ts/core/disposables/booleandisposable.ts(19,16): error TS2403: Subsequent variable declarations must have the same type. Variable 'SingleAssignmentDisposable' must be of type 'SingleAssignmentDisposableStatic', but here has type 'SingleAssignmentDisposableStatic'.`
- `.build/node_modules/rx/ts/core/disposables/booleandisposable.ts(26,9): error TS2300: Duplicate identifier 'isDisposed'.`
- `.build/node_modules/rx/ts/core/disposables/booleandisposable.ts(37,16): error TS2403: Subsequent variable declarations must have the same type. Variable 'SerialDisposable' must be of type 'SerialDisposableStatic', but here has type 'SerialDisposableStatic'.`
- `.build/node_modules/rx/ts/core/disposables/compositedisposable.ts(35,16): error TS2403: Subsequent variable declarations must have the same type. Variable 'CompositeDisposable' must be of type 'CompositeDisposableStatic', but here has type 'CompositeDisposableStatic'.`
- `.build/node_modules/rx/ts/core/disposables/disposable.ts(8,9): error TS2300: Duplicate identifier 'isDisposed'.`
- `.build/node_modules/rx/ts/core/disposables/disposable.ts(42,16): error TS2403: Subsequent variable declarations must have the same type. Variable 'Disposable' must be of type 'DisposableStatic', but here has type 'DisposableStatic'.`
- `.build/node_modules/rx/ts/core/disposables/refcountdisposable.ts(12,9): error TS2300: Duplicate identifier 'isDisposed'.`
- `.build/node_modules/rx/ts/core/disposables/refcountdisposable.ts(30,16): error TS2403: Subsequent variable declarations must have the same type. Variable 'RefCountDisposable' must be of type 'RefCountDisposableStatic', but here has type 'RefCountDisposableStatic'.`
- `.build/node_modules/rx/ts/core/es5.ts(3,17): error TS2300: Duplicate identifier 'ObservableOrPromise'.`
- `.build/node_modules/rx/ts/core/es5.ts(5,17): error TS2300: Duplicate identifier 'ArrayLike'.`
- `.build/node_modules/rx/ts/core/es5.ts(8,17): error TS2300: Duplicate identifier 'ArrayOrIterable'.`
- `.build/node_modules/rx/ts/core/es6-iterable.d.ts(8,5): error TS2300: Duplicate identifier '[Symbol.toStringTag]'.`
- `.build/node_modules/rx/ts/core/es6-iterable.d.ts(15,5): error TS2300: Duplicate identifier 'prototype'.`
- `.build/node_modules/rx/ts/core/es6-iterable.d.ts(43,5): error TS2300: Duplicate identifier 'hasInstance'.`
- `.build/node_modules/rx/ts/core/es6-iterable.d.ts(49,5): error TS2300: Duplicate identifier 'isConcatSpreadable'.`
- `.build/node_modules/rx/ts/core/es6-iterable.d.ts(55,5): error TS2300: Duplicate identifier 'iterator'.`
- `.build/node_modules/rx/ts/core/es6-iterable.d.ts(61,5): error TS2300: Duplicate identifier 'match'.`
- `.build/node_modules/rx/ts/core/es6-iterable.d.ts(67,5): error TS2300: Duplicate identifier 'replace'.`
- `.build/node_modules/rx/ts/core/es6-iterable.d.ts(73,5): error TS2300: Duplicate identifier 'search'.`
- `.build/node_modules/rx/ts/core/es6-iterable.d.ts(79,5): error TS2300: Duplicate identifier 'species'.`
- `.build/node_modules/rx/ts/core/es6-iterable.d.ts(85,5): error TS2300: Duplicate identifier 'split'.`
- `.build/node_modules/rx/ts/core/es6-iterable.d.ts(91,5): error TS2300: Duplicate identifier 'toPrimitive'.`
- `.build/node_modules/rx/ts/core/es6-iterable.d.ts(97,5): error TS2300: Duplicate identifier 'toStringTag'.`
- `.build/node_modules/rx/ts/core/es6-iterable.d.ts(103,5): error TS2300: Duplicate identifier 'unscopables'.`
- `.build/node_modules/rx/ts/core/es6-iterable.d.ts(108,5): error TS2300: Duplicate identifier 'done'.`
- `.build/node_modules/rx/ts/core/es6-iterable.d.ts(109,5): error TS2300: Duplicate identifier 'value'.`
- `.build/node_modules/rx/ts/core/es6-iterable.d.ts(136,5): error TS2300: Duplicate identifier 'prototype'.`
- `.build/node_modules/rx/ts/core/es6-iterable.d.ts(150,5): error TS2300: Duplicate identifier 'size'.`
- `.build/node_modules/rx/ts/core/es6-iterable.d.ts(153,5): error TS2300: Duplicate identifier '[Symbol.toStringTag]'.`
- `.build/node_modules/rx/ts/core/es6-iterable.d.ts(159,5): error TS2300: Duplicate identifier 'prototype'.`
- `.build/node_modules/rx/ts/core/es6-iterable.d.ts(171,5): error TS2300: Duplicate identifier 'size'.`
- `.build/node_modules/rx/ts/core/es6-iterable.d.ts(174,5): error TS2300: Duplicate identifier '[Symbol.toStringTag]'.`
- `.build/node_modules/rx/ts/core/es6-iterable.d.ts(180,5): error TS2300: Duplicate identifier 'prototype'.`
- `.build/node_modules/rx/ts/core/es6-iterable.d.ts(189,5): error TS2300: Duplicate identifier '[Symbol.toStringTag]'.`
- `.build/node_modules/rx/ts/core/es6-iterable.d.ts(195,5): error TS2300: Duplicate identifier 'prototype'.`
- `.build/node_modules/rx/ts/core/es6-promise.d.ts(34,5): error TS2300: Duplicate identifier '[Symbol.toStringTag]'.`
- `.build/node_modules/rx/ts/core/es6-promise.d.ts(41,5): error TS2300: Duplicate identifier 'prototype'.`
- `.build/node_modules/rx/ts/core/es6-promise.d.ts(94,5): error TS2300: Duplicate identifier '[Symbol.species]'.`
- `.build/node_modules/rx/ts/core/es6.ts(5,17): error TS2300: Duplicate identifier 'ObservableOrPromise'.`
- `.build/node_modules/rx/ts/core/es6.ts(7,17): error TS2300: Duplicate identifier 'ArrayLike'.`
- `.build/node_modules/rx/ts/core/es6.ts(10,17): error TS2300: Duplicate identifier 'ArrayOrIterable'.`
- `.build/node_modules/rx/ts/core/internal/errors.ts(3,53): error TS2300: Duplicate identifier 'message'.`
- `.build/node_modules/rx/ts/core/internal/errors.ts(6,62): error TS2300: Duplicate identifier 'message'.`
- `.build/node_modules/rx/ts/core/internal/errors.ts(9,66): error TS2300: Duplicate identifier 'message'.`
- `.build/node_modules/rx/ts/core/internal/errors.ts(12,60): error TS2300: Duplicate identifier 'message'.`
- `.build/node_modules/rx/ts/core/internal/errors.ts(15,62): error TS2300: Duplicate identifier 'message'.`
- `.build/node_modules/rx/ts/core/internal/priorityqueue.ts(6,13): error TS2300: Duplicate identifier 'length'.`
- `.build/node_modules/rx/ts/core/internal/priorityqueue.ts(23,20): error TS2403: Subsequent variable declarations must have the same type. Variable 'PriorityQueue' must be of type 'PriorityQueueStatic', but here has type 'PriorityQueueStatic'.`
- `.build/node_modules/rx/ts/core/joins/plan.ts(2,18): error TS2300: Duplicate identifier 'Plan'.`
- `.build/node_modules/rx/ts/core/linq/groupedobservable.ts(4,9): error TS2300: Duplicate identifier 'key'.`
- `.build/node_modules/rx/ts/core/linq/groupedobservable.ts(5,9): error TS2300: Duplicate identifier 'underlyingObservable'.`
- `.build/node_modules/rx/ts/core/linq/observable/ofarraychanges.ts(4,9): error TS2300: Duplicate identifier 'type'.`
- `.build/node_modules/rx/ts/core/linq/observable/ofarraychanges.ts(5,9): error TS2300: Duplicate identifier 'object'.`
- `.build/node_modules/rx/ts/core/linq/observable/ofarraychanges.ts(6,9): error TS2300: Duplicate identifier 'name'.`
- `.build/node_modules/rx/ts/core/linq/observable/ofarraychanges.ts(7,9): error TS2300: Duplicate identifier 'oldValue'.`
- `.build/node_modules/rx/ts/core/linq/observable/ofarraychanges.ts(8,9): error TS2300: Duplicate identifier 'index'.`
- `.build/node_modules/rx/ts/core/linq/observable/ofarraychanges.ts(9,9): error TS2300: Duplicate identifier 'removed'.`
- `.build/node_modules/rx/ts/core/linq/observable/ofarraychanges.ts(10,9): error TS2300: Duplicate identifier 'added'.`
- `.build/node_modules/rx/ts/core/linq/observable/ofobjectchanges.ts(4,9): error TS2300: Duplicate identifier 'type'.`
- `.build/node_modules/rx/ts/core/linq/observable/ofobjectchanges.ts(5,9): error TS2300: Duplicate identifier 'object'.`
- `.build/node_modules/rx/ts/core/linq/observable/ofobjectchanges.ts(6,9): error TS2300: Duplicate identifier 'name'.`
- `.build/node_modules/rx/ts/core/linq/observable/ofobjectchanges.ts(7,9): error TS2300: Duplicate identifier 'oldValue'.`
- `.build/node_modules/rx/ts/core/linq/observable/timeinterval.ts(5,3): error TS2300: Duplicate identifier 'value'.`
- `.build/node_modules/rx/ts/core/linq/observable/timeinterval.ts(6,3): error TS2300: Duplicate identifier 'interval'.`
- `.build/node_modules/rx/ts/core/linq/observable/timestamp.ts(5,9): error TS2300: Duplicate identifier 'value'.`
- `.build/node_modules/rx/ts/core/linq/observable/timestamp.ts(6,9): error TS2300: Duplicate identifier 'timestamp'.`
- `.build/node_modules/rx/ts/core/notification.ts(40,9): error TS2300: Duplicate identifier 'hasValue'.`
- `.build/node_modules/rx/ts/core/notification.ts(42,9): error TS2300: Duplicate identifier 'kind'.`
- `.build/node_modules/rx/ts/core/notification.ts(43,9): error TS2300: Duplicate identifier 'value'.`
- `.build/node_modules/rx/ts/core/notification.ts(44,9): error TS2300: Duplicate identifier 'exception'.`

---

If you have any additional information or context, please let me know.