### 构建过程及错误信息

在构建 `example_phase_unwrapping_unwrap` 可执行文件时，遇到了链接错误。以下是详细的构建日志和错误信息：

#### 构建命令
```sh
cd /home/khurram/LIBRARIES/OPENCV34/opencv/build/modules/phase_unwrapping && /home/khurram/miniconda3/bin/cmake -E cmake_link_script CMakeFiles/example_phase_unwrapping_unwrap.dir/link.txt --verbose=1
```

#### 编译器命令
```sh
/usr/bin/c++  -g -H   -fsigned-char -W -Wall -Werror=return-type -Werror=non-virtual-dtor -Werror=address -Werror=sequence-point -Wformat -Werror=format-security -Wmissing-declarations -Wundef -Winit-self -Wpointer-arith -Wshadow -Wsign-promo -Wuninitialized -Winit-self -Wno-narrowing -Wno-delete-non-virtual-dtor -Wno-comment -fdiagnostics-show-option -Wno-long-long -pthread -fomit-frame-pointer -ffunction-sections -fdata-sections  -msse -msse2 -msse3 -fvisibility=hidden -fvisibility-inlines-hidden -O3 -DNDEBUG  -DNDEBUG    -Wl,--gc-sections   CMakeFiles/example_phase_unwrapping_unwrap.dir/samples/unwrap.cpp.o  -o ../../bin/example_phase_unwrapping_unwrap  -L/usr/local/cuda-9.0/lib64 -Wl,-rpath,/usr/local/cuda-9.0/lib64:/home/khurram/LIBRARIES/OPENCV34/opencv/build/lib ../../lib/libopencv_phase_unwrapping.so.4.0.0 ../../lib/libopencv_highgui.so.4.0.0 ../../lib/libopencv_videoio.so.4.0.0 ../../lib/libopencv_imgcodecs.so.4.0.0 ../../lib/libopencv_imgproc.so.4.0.0 ../../lib/libopencv_core.so.4.0.0 ../../lib/libopencv_cudev.so.4.0.0 
```

#### 链接错误
```sh
../../lib/libopencv_core.so.4.0.0: undefined reference to `cv::String::allocate(unsigned long)'
../../lib/libopencv_core.so.4.0.0: undefined reference to `cv::_OutputArray::create(cv::Size_, int, int, bool, int) const'
../../lib/libopencv_core.so.4.0.0: undefined reference to `cv::error(int, cv::String const&, char const*, char const*, int)'
../../lib/libopencv_core.so.4.0.0: undefined reference to `cv::String::deallocate()'
collect2: error: ld returned 1 exit status
```

#### 构建失败
```sh
modules/phase_unwrapping/CMakeFiles/example_phase_unwrapping_unwrap.dir/build.make:90: recipe for target 'bin/example_phase_unwrapping_unwrap' failed
make[2]: *** [bin/example_phase_unwrapping_unwrap] Error 1
make[2]: Leaving directory '/home/khurram/LIBRARIES/OPENCV34/opencv/build'
CMakeFiles/Makefile2:3110: recipe for target 'modules/phase_unwrapping/CMakeFiles/example_phase_unwrapping_unwrap.dir/all' failed
make[1]: *** [modules/phase_unwrapping/CMakeFiles/example_phase_unwrapping_unwrap.dir/all] Error 2
make[1]: Leaving directory '/home/khurram/LIBRARIES/OPENCV34/opencv/build'
Makefile:162: recipe for target 'all' failed
make: *** [all] Error 2
```

### 系统信息
- **OpenCV 版本**: 4.0.0-rc
- **操作系统**: Linux GT72S 4.15.0-32-generic #35~16.04.1-Ubuntu SMP Fri Aug 10 21:54:34 UTC 2018 x86_64 x86_64 x86_64 GNU/Linux
- **编译器**:
  ```sh
  $ g++ -v
  Using built-in specs.
  COLLECT_GCC=g++
  COLLECT_LTO_WRAPPER=/usr/lib/gcc/x86_64-linux-gnu/5/lto-wrapper
  Target: x86_64-linux-gnu
  Configured with: ../src/configure -v --with-pkgversion='Ubuntu 5.4.0-6ubuntu1~16.04.10' --with-bugurl=file:///usr/share/doc/gcc-5/README.Bugs --enable-languages=c,ada,c++,java,go,d,fortran,objc,obj-c++ --prefix=/usr --program-suffix=-5 --enable-shared --enable-linker-build-id --libexecdir=/usr/lib --without-included-gettext --enable-threads=posix --libdir=/usr/lib --enable-nls --with-sysroot=/ --enable-clocale=gnu --enable-libstdcxx-debug --enable-libstdcxx-time=yes --with-default-libstdcxx-abi=new --enable-gnu-unique-object --disable-vtable-verify --enable-libmpx --enable-plugin --with-system-zlib --disable-browser-plugin --enable-java-awt=gtk --enable-gtk-cairo --with-java-home=/usr/lib/jvm/java-1.5.0-gcj-5-amd64/jre --enable-java-home --with-jvm-root-dir=/usr/lib/jvm/java-1.5.0-gcj-5-amd64 --with-jvm-jar-dir=/usr/lib/jvm-exports/java-1.5.0-gcj-5-amd64 --with-arch-directory=amd64 --with-ecj-jar=/usr/share/java/eclipse-ecj.jar --enable-objc-gc --enable-multiarch --disable-werror --with-arch-32=i686 --with-abi=m64 --with-multilib-list=m32,m64,mx32 --enable-multilib --with-tune=generic --enable-checking=release --build=x86_64-linux-gnu --host=x86_64-linux-gnu --target=x86_64-linux-gnu
  Thread model: posix
  gcc version 5.4.0 20160609 (Ubuntu 5.4.0-6ubuntu1~16.04.10)
  ```

  ```sh
  $ nvcc -V
  nvcc: NVIDIA (R) Cuda compiler driver
  Copyright (c) 2005-2017 NVIDIA Corporation
  Built on Fri_Sep__1_21:08:03_CDT_2017
  Cuda compilation tools, release 9.0, V9.0.176
  ```

### CMake 输出
```sh
/home/khurram/miniconda3/bin/cmake -H/home/khurram/LIBRARIES/OPENCV34/opencv -B/home/khurram/LIBRARIES/OPENCV34/opencv/build --check-build-system CMakeFiles/Makefile.cmake 0
Re-run cmake file: Makefile older than: modules/cudaarithm/CMakeFiles/cuda_compile_1.dir/src/cuda/cuda_compile_1_generated_threshold.cu.o.depend
-- Looking for ccache - not found
-- Found ZLIB: /home/khurram/miniconda3/lib/libz.so.1.2.11 (found suitable version "1.2.11", minimum required is "1.2.3") 
-- Found ZLIB: /home/khurram/miniconda3/lib/libz.so.1.2.11 (found version "1.2.11") 
-- Found OpenEXR: /usr/lib/x86_64-linux-gnu/libIlmImf.so
-- Checking for module 'gtk+-3.0'
--   No package 'gtk+-3.0' found
-- Checking for module 'gstreamer-base-1.0'
--   No package 'gstreamer-base-1.0' found
-- Checking for module 'gstreamer-video-1.0'
--   No package 'gstreamer-video-1.0' found
-- Checking for module 'gstreamer-app-1.0'
--   No package 'gstreamer-app-1.0' found
-- Checking for module 'gstreamer-riff-1.0'
--   No package 'gstreamer-riff-1.0' found
-- Checking for module 'gstreamer-pbutils-1.0'
--   No package 'gstreamer-pbutils-1.0' found
-- Looking for linux/videodev2.h
-- Looking for linux/videodev2.h - found
-- Looking for sys/videoio.h
-- Looking for sys/videoio.h - not found
-- Checking for module 'libavresample'
--   No package 'libavresample' found
-- found Intel IPP (ICV version): 2019.0.0 [2019.0.0 Gold]
-- at: /home/khurram/LIBRARIES/OPENCV34/opencv/build/3rdparty/ippicv/ippicv_lnx/icv
-- found Intel IPP Integration Wrappers sources: 2019.0.0
-- at: /home/khurram/LIBRARIES/OPENCV34/opencv/build/3rdparty/ippicv/ippicv_lnx/iw
-- CUDA detected: 9.0
-- CUDA NVCC target flags: -gencode;arch=compute_30,code=sm_30;-gencode;arch=compute_35,code=sm_35;-gencode;arch=compute_37,code=sm_37;-gencode;arch=compute_50,code=sm_50;-gencode;arch=compute_52,code=sm_52;-gencode;arch=compute_60,code=sm_60;-gencode;arch=compute_61,code=sm_61;-gencode;arch=compute_70,code=sm_70;-D_FORCE_INLINES
-- LAPACK(MKL): LAPACK_LIBRARIES: /home/khurram/miniconda3/lib/libmkl_intel_lp64.so;/home/khurram/miniconda3/lib/libmkl_sequential.so;/home/khurram/miniconda3/lib/libmkl_core.so;/home/khurram/miniconda3/lib/libmkl_intel_lp64.so;/home/khurram/miniconda3/lib/libmkl_sequential.so;/home/khurram/miniconda3/lib/libmkl_core.so;/home/khurram/miniconda3/lib/libmkl_intel_lp64.so;/home/khurram/miniconda3/lib/libmkl_sequential.so;/home/khurram/miniconda3/lib/libmkl_core.so;-lpthread;-lm;-ldl
-- LAPACK(MKL): Support is enabled.
-- Could NOT find JNI (missing: JAVA_INCLUDE_PATH JAVA_INCLUDE_PATH2 JAVA_AWT_INCLUDE_PATH) 
-- Could NOT find Pylint (missing: PYLINT_EXECUTABLE) 
-- Could NOT find Flake8 (missing: FLAKE8_EXECUTABLE) 
-- VTK is not found. Please set -DVTK_DIR in CMake to VTK build directory, or to VTK install subdirectory with VTKConfig.cmake file
-- Caffe:   NO
CMake Warning at /home/khurram/miniconda3/share/cmake-3.12/Modules/FindProtobuf.cmake:455 (message):
  Protobuf compiler version 3.6.0 doesn't match library version 3.6.1
Call Stack (most recent call first):
  /home/khurram/LIBRARIES/OPENCV34/opencv_contrib/modules/cnn_3dobj/CMakeLists.txt:14 (find_package)
-- Protobuf:   YES
-- Glog:   YES
-- freetype2:   YES
-- harfbuzz:    YES
-- HDF5: Using hdf5 compiler wrapper to determine C configuration
-- Module opencv_ovis disabled because OGRE3D was not found
-- No preference for use of exported gflags CMake configuration set, and no hints for include/library directories provided. Defaulting to preferring an installed/exported gflags CMake configuration if available.
-- Failed to find installed gflags CMake configuration, searching for gflags build directories exported with CMake.
-- Failed to find gflags - Failed to find an installed/exported CMake configuration for gflags, will perform search for installed gflags components.
-- Checking SFM deps... TRUE
-- CERES support is disabled. Ceres Solver for reconstruction API is required.
-- Module opencv_dnn_objdetect disabled because opencv_dnn dependency can't be resolved!
-- Module opencv_text disabled because opencv_dnn dependency can't be resolved!
-- freetype2:   YES
-- harfbuzz:    YES
-- No preference for use of exported gflags CMake configuration set, and no hints for include/library directories provided. Defaulting to preferring an installed/exported gflags CMake configuration if available.
-- Failed to find installed gflags CMake configuration, searching for gflags build directories exported with CMake.
-- Failed to find gflags - Failed to find an installed/exported CMake configuration for gflags, will perform search for installed gflags components.
-- Checking SFM deps... TRUE
-- CERES support is disabled. Ceres Solver for reconstruction API is required.
-- OpenCL samples are skipped: OpenCL SDK is required
-- 
-- General configuration for OpenCV 4.0.0-rc =====================================
--   Version control:               4.0.0-rc
-- 
--   Extra modules:
--     Location (extra):            /home/khurram/LIBRARIES/OPENCV34/opencv_contrib/modules
--     Version control (extra):     4.0.0-rc
-- 
--   Platform:
--     Timestamp:                   2018-11-16T15:59:03Z
--     Host:                        Linux 4.15.0-32-generic x86_64
--     CMake:                       3.12.2
--     CMake generator:             Unix Makefiles
--     CMake build tool:            /usr/bin/make
```

### 分析与建议
从错误信息来看，`libopencv_core.so.4.0.0` 中的某些符号未定义，这通常是由于库版本不匹配或依赖库未正确链接导致的。以下是一些可能的解决方案：

1. **检查 OpenCV 的安装**：确保所有 OpenCV 库文件都是同一版本，并且没有遗漏。
2. **重新构建 OpenCV**：尝试从源代码重新构建 OpenCV，确保所有依赖项都已正确安装。
3. **检查编译器和链接器标志**：确保编译器和链接器使用了正确的标志，并且所有必要的库路径都已添加。
4. **更新 CMake 配置**：运行 `cmake` 命令时，确保所有依赖项都已正确配置。

如果问题仍然存在，请提供更多关于构建环境的详细信息，以便进一步诊断。