以下是优化后的文本，使其更加清晰、连贯和专业：

---

在编译 PyTorch 时遇到了以下错误：

```
[  0%] Built target pthreadpool
[  2%] Built target libprotobuf-lite
[  2%] Built target gtest
[  3%] Built target benchmark
[  3%] Built target onnxifi_loader
[  8%] Built target libprotobuf
[  8%] Built target onnxifi_dummy
[  8%] Built target common
[ 11%] Built target c10
[ 11%] Built target mkalias
[ 11%] Built target mkrename
[ 11%] Built target ATEN_CPU_FILES_GEN_TARGET
[ 11%] Built target mkmasked_gnuabi
[ 12%] Built target mkrename_gnuabi
[ 12%] Built target mkdisp
[ 12%] Built target arraymap
[ 13%] Built target torch_shm_manager
[ 13%] Built target c10_utils_gpu
[ 13%] Built target c10_utils_cpu
[ 13%] Built target c10_utils_hip
[ 15%] Built target cpuinfo
[ 16%] Built target cpuinfo_internals
[ 16%] Built target nnpack_reference_layers
[ 16%] Built target gtest_main
[ 16%] Built target benchmark_main
[ 22%] Built target libprotoc
[ 22%] Built target onnxifi_wrapper
[ 22%] Built target c10_TypeList_test
[ 22%] Built target c10_InlineDeviceGuard_test
[ 22%] Built target c10_TensorTypeId_test
[ 22%] Built target c10_DeviceGuard_test
[ 22%] Built target c10_TypeTraits_test
[ 22%] Built target c10_OpSchema_test
[ 22%] Built target c10_StreamGuard_test
[ 22%] Built target c10_logging_test
[ 23%] Built target c10_InlineStreamGuard_test
[ 23%] Built target c10_registry_test
[ 23%] Built target c10_Half_test
[ 23%] Built target c10_Array_test
[ 23%] Built target c10_Metaprogramming_test
[ 24%] Built target c10_intrusive_ptr_test
[ 24%] Built target c10_flags_test
[ 24%] Built target c10_typeid_test
[ 24%] Built target alias_neon32.h_generated
[ 24%] Built target renameNEON32.h_generated
[ 24%] Built target __aten_op_header_gen
[ 24%] Built target headers
[ 24%] Built target c10_utils_cpu_test
[ 25%] Built target c10_utils_hip_test
[ 25%] Built target c10_utils_gpu_test
[ 25%] Linking CXX executable ../../../bin/protoc
[ 28%] Built target nnpack
[ 32%] Built target qnnpack
[ 32%] Built target sleefneon32
[ 32%] Built target sleef
/usr/bin/ld: ../../../lib/libprotobuf.a(arena.cc.o): in function `google::protobuf::internal::ArenaImpl::Init()':
arena.cc:(.text+0x24): undefined reference to `__atomic_fetch_add_8'
collect2: error: ld returned 1 exit status
make[2]: *** [third_party/protobuf/cmake/CMakeFiles/protoc.dir/build.make:87: bin/protoc] Error 1
make[1]: *** [CMakeFiles/Makefile2:241: third_party/protobuf/cmake/CMakeFiles/protoc.dir/all] Error 2
make[1]: *** Waiting for unfinished jobs....
[ 32%] Built target python_copy_files
make: *** [Makefile:141: all] Error 2
Failed to run 'bash ../tools/build_pytorch_libs.sh --use-nnpack --use-qnnpack caffe2'
```

当尝试使用以下命令编译 PyTorch 时，错误信息如下：

```sh
sudo python3 setup.py build
```

完整的错误信息如下：

```
Building wheel torch-1.0.0a0+8322165
running build
running build_deps
setup.py::build_deps::run()
+ SYNC_COMMAND=cp
++ command -v rsync
+ '[' -x /usr/bin/rsync ']'
+ SYNC_COMMAND='rsync -lptgoD'
+ CMAKE_COMMAND=cmake
++ command -v cmake3
+ [[ -x '' ]]
+ USE_CUDA=0
+ USE_FBGEMM=0
+ USE_ROCM=0
+ USE_NNPACK=0
+ USE_MKLDNN=0
+ USE_QNNPACK=0
+ USE_GLOO_IBVERBS=0
+ CAFFE2_STATIC_LINK_CUDA=0
+ RERUN_CMAKE=1
+ [[ 4 -gt 0 ]]
+ case "$1" in
+ USE_NNPACK=1
+ shift
+ [[ 3 -gt 0 ]]
+ case "$1" in
+ USE_MKLDNN=1
+ shift
+ [[ 2 -gt 0 ]]
+ case "$1" in
+ USE_QNNPACK=1
+ shift
+ [[ 1 -gt 0 ]]
+ case "$1" in
+ break
+ CMAKE_INSTALL='make install'
+ BUILD_SHARED_LIBS=ON
+ USER_CFLAGS=
+ USER_LDFLAGS=
+ [[ -n '' ]]
+ [[ -n '' ]]
+ [[ -n '' ]]
++ uname
+ '[' Linux == Darwin ']'
+++ dirname ../tools/build_pytorch_libs.sh
++ cd ../tools/..
+++ pwd
++ printf '%q\n' /home/pi/Downloads/pytorch_install/pytorch
+ BASE_DIR=/home/pi/Downloads/pytorch_install/pytorch
+ TORCH_LIB_DIR=/home/pi/Downloads/pytorch_install/pytorch/torch/lib
+ INSTALL_DIR=/home/pi/Downloads/pytorch_install/pytorch/torch/lib/tmp_install
+ THIRD_PARTY_DIR=/home/pi/Downloads/pytorch_install/pytorch/third_party
+ C_FLAGS=
+ C_FLAGS=' -DOMPI_SKIP_MPICXX=1'
+ LDFLAGS=
+ LD_POSTFIX=.so
++ uname
+ [[ Linux == \D\a\r\w\i\n ]]
+ [[ 0 -eq 1 ]]
+ LDFLAGS=' -Wl,-rpath,$ORIGIN'
+ CPP_FLAGS=' -std=c++11 '
+ THD_FLAGS=
+ [[ 0 -eq 1 ]]
+ CUDA_NVCC_FLAGS=' -DOMPI_SKIP_MPICXX=1'
+ [[ -z '' ]]
+ CUDA_DEVICE_DEBUG=0
+ '[' -z '' ']'
++ getconf _NPROCESSORS_ONLN
+ MAX_JOBS=4
+ BUILD_TYPE=Release
+ [[ -n '' ]]
+ [[ -n '' ]]
+ echo 'Building in Release mode'
Building in Release mode
+ mkdir -p /home/pi/Downloads/pytorch_install/pytorch/torch/lib/tmp_install
+ for arg in "$@"
+ [[ caffe2 == \c\a\f\f\e\2 ]]
+ build_caffe2
+ [[ -z '' ]]
+ EXTRA_CAFFE2_CMAKE_FLAGS=()
+ [[ -n '' ]]
+ [[ -n /usr/lib/python3/dist-packages ]]
+ EXTRA_CAFFE2_CMAKE_FLAGS+=("-DCMAKE_PREFIX_PATH=$CMAKE_PREFIX_PATH")
+ [[ 1 -eq 1 ]]
+ cmake /home/pi/Downloads/pytorch_install/pytorch -DPYTHON_EXECUTABLE=/usr/bin/python3 -DPYTH                                  ON_LIBRARY=/usr/lib/libpython3.7m.so.1.0 -DPYTHON_INCLUDE_DIR=/usr/include/python3.7m -DBUILDI                                  NG_WITH_TORCH_LIBS=ON -DTORCH_BUILD_VERSION=1.0.0a0+8322165 -DCMAKE_BUILD_TYPE=Release -DBUILD                                  _TORCH=ON -DBUILD_PYTHON=ON -DBUILD_SHARED_LIBS=ON -DBUILD_BINARY=OFF -DBUILD_TEST=ON -DINSTAL                                  L_TEST=ON -DBUILD_CAFFE2_OPS=ON -DONNX_NAMESPACE=onnx_torch -DUSE_CUDA=0 -DUSE_DISTRIBUTED=ON                                   -DUSE_FBGEMM=0 -DUSE_NUMPY= -DNUMPY_INCLUDE_DIR=/usr/lib/python3/dist-packages/numpy/core/incl                                  ude -DUSE_SYSTEM_NCCL=OFF -DNCCL_INCLUDE_DIR= -DNCCL_ROOT_DIR= -DNCCL_SYSTEM_LIB= -DCAFFE2_STA                                  TIC_LINK_CUDA=0 -DUSE_ROCM=0 -DUSE_NNPACK=1 -DUSE_LEVELDB=OFF -DUSE_LMDB=OFF -DUSE_OPENCV=OFF                                   -DUSE_QNNPACK=1 -DUSE_FFMPEG=OFF -DUSE_GLOG=OFF -DUSE_GFLAGS=OFF -DUSE_SYSTEM_EIGEN_INSTALL=OF                                  F -DCUDNN_INCLUDE_DIR= -DCUDNN_LIB_DIR= -DCUDNN_LIBRARY= -DUSE_MKLDNN=1 -DNCCL_EXTERNAL=0 -DCM                                  AKE_INSTALL_PREFIX=/home/pi/Downloads/pytorch_install/pytorch/torch/lib/tmp_install -DCMAKE_C_                                  FLAGS= -DCMAKE_CXX_FLAGS= '-DCMAKE_EXE_LINKER_FLAGS= -Wl,-rpath,$ORIGIN ' '-DCMAKE_SHARED_LINK                                  ER_FLAGS= -Wl,-rpath,$ORIGIN ' -DTHD_SO_VERSION=1 -DCMAKE_PREFIX_PATH=/usr/lib/python3/dist-pa                                  ckages
-- std::exception_ptr is supported.
-- NUMA is disabled
-- Turning off deprecation warning due to glog.
-- Building using own protobuf under third_party per request.
-- Use custom protobuf build.
-- Caffe2 protobuf include directory: $$
-- The BLAS backend of choice:MKL
-- Checking for [mkl_intel - mkl_gnu_thread - mkl_core - gomp - pthread - m - dl]
--   Library mkl_intel: not found
-- Checking for [mkl_intel - mkl_intel_thread - mkl_core - gomp - pthread - m - dl]
--   Library mkl_intel: not found
-- Checking for [mkl_gf - mkl_gnu_thread - mkl_core - gomp - pthread - m - dl]
--   Library mkl_gf: not found
-- Checking for [mkl_gf - mkl_intel_thread - mkl_core - gomp - pthread - m - dl]
--   Library mkl_gf: not found
-- Checking for [mkl_intel - mkl_gnu_thread - mkl_core - iomp5 - pthread - m - dl]
--   Library mkl_intel: not found
-- Checking for [mkl_intel - mkl_intel_thread - mkl_core - iomp5 - pthread - m - dl]
--   Library mkl_intel: not found
-- Checking for [mkl_gf - mkl_gnu_thread - mkl_core - iomp5 - pthread - m - dl]
--   Library mkl_gf: not found
-- Checking for [mkl_gf - mkl_intel_thread - mkl_core - iomp5 - pthread - m - dl]
--   Library mkl_gf: not found
-- Checking for [mkl_intel - mkl_gnu_thread - mkl_core - pthread - m - dl]
--   Library mkl_intel: not found
-- Checking for [mkl_intel - mkl_intel_thread - mkl_core - pthread - m - dl]
--   Library mkl_intel: not found
-- Checking for [mkl_gf - mkl_gnu_thread - mkl_core - pthread - m - dl]
--   Library mkl_gf: not found
-- Checking for [mkl_gf - mkl_intel_thread - mkl_core - pthread - m - dl]
--   Library mkl_gf: not found
-- Checking for [mkl_intel - mkl_sequential - mkl_core - m - dl]
--   Library mkl_intel: not found
-- Checking for [mkl_gf - mkl_sequential - mkl_core - m - dl]
--   Library mkl_gf: not found
-- Checking for [mkl_intel - mkl_sequential - mkl_core - m - dl]
--   Library mkl_intel: not found
-- Checking for [mkl_gf - mkl_sequential - mkl_core - m - dl]
--   Library mkl_gf: not found
-- Checking for [mkl_intel - mkl_sequential - mkl_core - m - dl]
--   Library mkl_intel: not found
-- Checking for [mkl_gf - mkl_sequential - mkl_core - m - dl]
--   Library mkl_gf: not found
-- Checking for [mkl_intel - mkl_gnu_thread - mkl_core - gomp - pthread - m - dl]
--   Library mkl_intel: not found
-- Checking for [mkl_intel - mkl_intel_thread - mkl_core - gomp - pthread - m - dl]
--   Library mkl_intel: not found
-- Checking for [mkl_gf - mkl_gnu_thread - mkl_core - gomp - pthread - m - dl]
--   Library mkl_gf: not found
-- Checking for [mkl_gf - mkl_intel_thread - mkl_core - gomp - pthread - m - dl]
--   Library mkl_gf: not found
-- Checking for [mkl_intel - mkl_gnu_thread - mkl_core - iomp5 - pthread - m - dl]
--   Library mkl_intel: not found
-- Checking for [mkl_intel - mkl_intel_thread - mkl_core - iomp5 - pthread - m - dl]
--   Library mkl_intel: not found
-- Checking for [mkl_gf - mkl_gnu_thread - mkl_core - iomp5 - pthread - m - dl]
--   Library mkl_gf: not found
-- Checking for [mkl_gf - mkl_intel_thread - mkl_core - iomp5 - pthread - m - dl]
--   Library mkl_gf: not found
-- Checking for [mkl_intel - mkl_gnu_thread - mkl_core - pthread - m - dl]
--   Library mkl_intel: not found
-- Checking for [mkl_intel - mkl_intel_thread - mkl_core - pthread - m - dl]
--   Library mkl_intel: not found
-- Checking for [mkl_gf - mkl_gnu_thread - mkl_core - pthread - m - dl]
--   Library mkl_gf: not found
-- Checking for [mkl_gf - mkl_intel_thread - mkl_core - pthread - m - dl]
--   Library mkl_gf: not found
-- Checking for [mkl - guide - pthread - m]
--   Library mkl: not found
-- Checking for [mkl_intel - mkl_gnu_thread - mkl_core - gomp - pthread - m - dl]
--   Library mkl_intel: not found
-- Checking for [mkl_intel - mkl_intel_thread - mkl_core - gomp - pthread - m - dl]
--   Library mkl_intel: not found
-- Checking for [mkl_gf - mkl_gnu_thread - mkl_core - gomp - pthread - m - dl]
--   Library mkl_gf: not found
-- Checking for [mkl_gf - mkl_intel_thread - mkl_core - gomp - pthread - m - dl]
--   Library mkl_gf: not found
-- Checking for [mkl_intel - mkl_gnu_thread - mkl_core - iomp5 - pthread - m - dl]
--   Library mkl_intel: not found
```

从错误信息来看，主要问题在于找不到 MKL 库。请确保已安装 MKL 库，并正确配置环境变量。如果不需要 MKL，可以尝试禁用它并重新编译。

---