Certainly! Here is a more polished and professional version of your text:

---

**Reproduction Steps:**

Please visit the following uploaded project to reproduce the issue:
- **Project URL:** [https://github.com/nhhockeyplayer/build-beta](https://github.com/nhhockeyplayer/build-beta)

**TSC Output:**

Below are the TypeScript (TSC) compilation errors encountered. Thank you for taking the time to review them.

```plaintext
C:\apache-tomcat-8.0.23\webapps\ROOT\new\gulp.connect>tsc

Errors:
- node_modules/angular2/src/core/change_detection/parser/locals.d.ts(3,14): error TS2304: Cannot find name 'Map'.
- node_modules/angular2/src/core/change_detection/parser/locals.d.ts(4,42): error TS2304: Cannot find name 'Map'.
- node_modules/angular2/src/core/debug/debug_node.d.ts(14,13): error TS2304: Cannot find name 'Map'.
- node_modules/angular2/src/core/debug/debug_node.d.ts(24,17): error TS2304: Cannot find name 'Map'.
- node_modules/angular2/src/core/debug/debug_node.d.ts(25,17): error TS2304: Cannot find name 'Map'.
- node_modules/angular2/src/core/di/provider.d.ts(436,103): error TS2304: Cannot find name 'Map'.
- node_modules/angular2/src/core/di/provider.d.ts(436,135): error TS2304: Cannot find name 'Map'.
- node_modules/angular2/src/core/render/api.d.ts(13,13): error TS2304: Cannot find name 'Map'.
- node_modules/angular2/src/core/render/api.d.ts(14,84): error TS2304: Cannot find name 'Map'.
- node_modules/angular2/src/facade/collection.d.ts(1,25): error TS2304: Cannot find name 'MapConstructor'.
- node_modules/angular2/src/facade/collection.d.ts(2,25): error TS2304: Cannot find name 'SetConstructor'.
- node_modules/angular2/src/facade/collection.d.ts(4,27): error TS2304: Cannot find name 'Map'.
- node_modules/angular2/src/facade/collection.d.ts(4,39): error TS2304: Cannot find name 'Map'.
- node_modules/angular2/src/facade/collection.d.ts(7,9): error TS2304: Cannot find name 'Map'.
- node_modules/angular2/src/facade/collection.d.ts(8,30): error TS2304: Cannot find name 'Map'.
- node_modules/angular2/src/facade/collection.d.ts(11,43): error TS2304: Cannot find name 'Map'.
- node_modules/angular2/src/facade/collection.d.ts(12,27): error TS2304: Cannot find name 'Map'.
- node_modules/angular2/src/facade/collection.d.ts(14,23): error TS2304: Cannot find name 'Map'.
- node_modules/angular2/src/facade/collection.d.ts(15,25): error TS2304: Cannot find name 'Map'.
- node_modules/angular2/src/facade/collection.d.ts(95,41): error TS2304: Cannot find name 'Set'.
- node_modules/angular2/src/facade/collection.d.ts(96,22): error TS2304: Cannot find name 'Set'.
- node_modules/angular2/src/facade/collection.d.ts(97,25): error TS2304: Cannot find name 'Set'.
- node_modules/angular2/src/facade/lang.d.ts(13,17): error TS2304: Cannot find name 'Map'.
- node_modules/angular2/src/facade/lang.d.ts(14,17): error TS2304: Cannot find name 'Set'.
- node_modules/angular2/src/facade/lang.d.ts(78,59): error TS2304: Cannot find name 'Map'.
- node_modules/angular2/src/facade/promise.d.ts(1,10): error TS2304: Cannot find name 'Promise'.
- node_modules/angular2/src/facade/promise.d.ts(3,14): error TS2304: Cannot find name 'Promise'.
- node_modules/angular2/src/facade/promise.d.ts(8,32): error TS2304: Cannot find name 'Promise'.
- node_modules/angular2/src/facade/promise.d.ts(9,38): error TS2304: Cannot find name 'Promise'.
- node_modules/angular2/src/facade/promise.d.ts(10,35): error TS2304: Cannot find name 'Promise'.
- node_modules/angular2/src/facade/promise.d.ts(10,93): error TS2304: Cannot find name 'Promise'.
- node_modules/angular2/src/facade/promise.d.ts(11,34): error TS2304: Cannot find name 'Promise'.
- node_modules/angular2/src/facade/promise.d.ts(12,32): error TS2304: Cannot find name 'Promise'.
- node_modules/angular2/src/facade/promise.d.ts(12,149): error TS2304: Cannot find name 'Promise'.
- node_modules/angular2/src/facade/promise.d.ts(13,43): error TS2304: Cannot find name 'Promise'.
- node_modules/angular2/src/http/headers.d.ts(43,59): error TS2304: Cannot find name 'Map'.
- node_modules/angular2/src/http/url_search_params.d.ts(11,16): error TS2304: Cannot find name 'Map'.
- node_modules/angular2/src/platform/browser/browser_adapter.d.ts(75,33): error TS2304: Cannot find name 'Map'.
- node_modules/angular2/src/platform/dom/dom_adapter.d.ts(85,42): error TS2304: Cannot find name 'Map'.
- node_modules/rxjs/CoreOperators.d.ts(35,67): error TS2304: Cannot find name 'Promise'.
- node_modules/rxjs/CoreOperators.d.ts(50,66): error TS2304: Cannot find name 'Promise'.
- node_modules/rxjs/CoreOperators.d.ts(89,67): error TS2304: Cannot find name 'Promise'.
- node_modules/rxjs/CoreOperators.d.ts(94,38): error TS2304: Cannot find name 'Promise'.
- node_modules/rxjs/CoreOperators.d.ts(94,50): error TS2304: Cannot find name 'Promise'.
- node_modules/rxjs/Observable.d.ts(46,62): error TS2304: Cannot find name 'Promise'.
- node_modules/rxjs/Observable.d.ts(47,42): error TS2304: Cannot find name 'Iterator'.
- node_modules/rxjs/Observable.d.ts(103,74): error TS2304: Cannot find name 'Promise'.
- node_modules/rxjs/Observable.d.ts(103,84): error TS2304: Cannot find name 'Promise'.
- node_modules/rxjs/Observable.d.ts(143,66): error TS2304: Cannot find name 'Promise'.
- node_modules/rxjs/Observable.d.ts(158,65): error TS2304: Cannot find name 'Promise'.
- node_modules/rxjs/Observable.d.ts(201,66): error TS2304: Cannot find name 'Promise'.
- node_modules/rxjs/Observable.d.ts(206,38): error TS2304: Cannot find name 'Promise'.
- node_modules/rxjs/Observable.d.ts(206,50): error TS2304: Cannot find name 'Promise'.
- node_modules/rxjs/observable/ForkJoinObservable.d.ts(6,50): error TS2304: Cannot find name 'Promise'.
- node_modules/rxjs/observable/ForkJoinObservable.d.ts(7,58): error TS2304: Cannot find name 'Promise'.
- node_modules/rxjs/observable/FromObservable.d.ts(7,38): error TS2304: Cannot find name 'Promise'.
- node_modules/rxjs/observable/FromObservable.d.ts(7,51): error TS2304: Cannot find name 'Iterator'.
- node_modules/rxjs/observable/PromiseObservable.d.ts(9,31): error TS2304: Cannot find name 'Promise'.
- node_modules/rxjs/observable/PromiseObservable.d.ts(10,26): error TS2304: Cannot find name 'Promise'.
```

---

This version is more structured and easier to read, with clear sections and a professional tone.