### System Information
- **Custom Code**: No
- **OS Platform and Distribution**: Windows 10
- **Mobile Device**: N/A
- **TensorFlow Installation Source**: Source
- **TensorFlow Version**: 1.10
- **Python Version**: 3.6.2
- **TensorFlow Configuration**: CPU

### Problem Description
I am encountering an `ImportError` when attempting to import TensorFlow in my Python environment. The error message is as follows:

```python
>>> import tensorflow as tf
Traceback (most recent call last):
  File "C:\Users\Cesar\AppData\Local\Programs\Python\Python36\lib\site-packages\tensorflow\python\pywrap_tensorflow_internal.py", line 14, in swig_import_helper
    return importlib.import_module(mname)
  File "C:\Users\Cesar\AppData\Local\Programs\Python\Python36\lib\importlib\__init__.py", line 126, in import_module
    return _bootstrap._gcd_import(name[level:], package, level)
  File "", line 978, in _gcd_import
  File "", line 961, in _find_and_load
  File "", line 950, in _find_and_load_unlocked
  File "", line 648, in _load_unlocked
  File "", line 560, in module_from_spec
  File "", line 922, in create_module
  File "", line 205, in _call_with_frames_removed
ImportError: DLL load failed: A dynamic link library (DLL) initialization routine failed.
During handling of the above exception, another exception occurred:
Traceback (most recent call last):
  File "C:\Users\Cesar\AppData\Local\Programs\Python\Python36\lib\site-packages\tensorflow\python\pywrap_tensorflow.py", line 58, in 
    from tensorflow.python.pywrap_tensorflow_internal import *
  File "C:\Users\Cesar\AppData\Local\Programs\Python\Python36\lib\site-packages\tensorflow\python\pywrap_tensorflow_internal.py", line 17, in 
    _pywrap_tensorflow_internal = swig_import_helper()
  File "C:\Users\Cesar\AppData\Local\Programs\Python\Python36\lib\site-packages\tensorflow\python\pywrap_tensorflow_internal.py", line 16, in swig_import_helper
    return importlib.import_module('_pywrap_tensorflow_internal')
  File "C:\Users\Cesar\AppData\Local\Programs\Python\Python36\lib\importlib\__init__.py", line 126, in import_module
    return _bootstrap._gcd_import(name[level:], package, level)
ModuleNotFoundError: No module named '_pywrap_tensorflow_internal'
During handling of the above exception, another exception occurred:
Traceback (most recent call last):
  File "", line 1, in 
  File "C:\Users\Cesar\AppData\Local\Programs\Python\Python36\lib\site-packages\tensorflow\__init__.py", line 22, in 
    from tensorflow.python import pywrap_tensorflow  # pylint: disable=unused-import
  File "C:\Users\Cesar\AppData\Local\Programs\Python\Python36\lib\site-packages\tensorflow\python\__init__.py", line 49, in 
    from tensorflow.python import pywrap_tensorflow
  File "C:\Users\Cesar\AppData\Local\Programs\Python\Python36\lib\site-packages\tensorflow\python\pywrap_tensorflow.py", line 74, in 
    raise ImportError(msg)
ImportError: Traceback (most recent call last):
  File "C:\Users\Cesar\AppData\Local\Programs\Python\Python36\lib\site-packages\tensorflow\python\pywrap_tensorflow_internal.py", line 14, in swig_import_helper
    return importlib.import_module(mname)
  File "C:\Users\Cesar\AppData\Local\Programs\Python\Python36\lib\importlib\__init__.py", line 126, in import_module
    return _bootstrap._gcd_import(name[level:], package, level)
  File "", line 978, in _gcd_import
  File "", line 961, in _find_and_load
  File "", line 950, in _find_and_load_unlocked
  File "", line 648, in _load_unlocked
  File "", line 560, in module_from_spec
  File "", line 922, in create_module
  File "", line 205, in _call_with_frames_removed
ImportError: DLL load failed: A dynamic link library (DLL) initialization routine failed.
During handling of the above exception, another exception occurred:
Traceback (most recent call last):
  File "C:\Users\Cesar\AppData\Local\Programs\Python\Python36\lib\site-packages\tensorflow\python\pywrap_tensorflow.py", line 58, in 
    from tensorflow.python.pywrap_tensorflow_internal import *
  File "C:\Users\Cesar\AppData\Local\Programs\Python\Python36\lib\site-packages\tensorflow\python\pywrap_tensorflow_internal.py", line 17, in 
    _pywrap_tensorflow_internal = swig_import_helper()
  File "C:\Users\Cesar\AppData\Local\Programs\Python\Python36\lib\site-packages\tensorflow\python\pywrap_tensorflow_internal.py", line 16, in swig_import_helper
    return importlib.import_module('_pywrap_tensorflow_internal')
  File "C:\Users\Cesar\AppData\Local\Programs\Python\Python36\lib\importlib\__init__.py", line 126, in import_module
    return _bootstrap._gcd_import(name[level:], package, level)
ModuleNotFoundError: No module named '_pywrap_tensorflow_internal'
Failed to load the native TensorFlow runtime.
See https://www.tensorflow.org/install/install_sources#common_installation_problems
```

### Additional Context
I believe this issue is related to the Windows installation, possibly involving a problem with the Visual C++ Compiler 2015 Update 3. I have already installed the necessary components, but the issue persists.

I have tried the following approaches:
1. Using an Anaconda environment and installing TensorFlow via `pip3 install --upgrade tensorflow`.
2. Installing TensorFlow using `conda install tensorflow`.

The only method that worked was installing TensorFlow using the Conda installer (`conda install tensorflow`). This suggests that the problem may be related to paths or some other configuration in my native environment. However, I am unsure of how to resolve this issue.